2025-02-03 07:57:54;UPDATE `pe_langues` SET `actif` = 1 WHERE `iso` = "FR"
2025-02-03 07:57:54;UPDATE `pe_consommables` SET `id_precedent` = 0, `date_upd` = null WHERE `date_upd` < CURDATE()
2025-02-03 07:58:01;UPDATE `pe_langues` SET `actif` = 1 WHERE `iso` = "FR"
2025-02-03 07:58:02;UPDATE `pe_langues` SET `actif` = 1 WHERE `iso` = "FR"
2025-02-03 07:58:03;UPDATE `pe_langues` SET `actif` = 1 WHERE `iso` = "FR"
2025-02-03 07:58:06;UPDATE `pe_langues` SET `actif` = 1 WHERE `iso` = "FR"
2025-02-03 07:58:07;UPDATE `pe_langues` SET `actif` = 1 WHERE `iso` = "FR"
2025-02-03 07:58:07;UPDATE `pe_langues` SET `actif` = 1 WHERE `iso` = "FR"
2025-02-03 07:59:08;INSERT INTO `pe_pvisu_avant` (`commentaires`,`date`) VALUES ("" ,"2025-02-03" )
2025-02-03 07:59:08;DELETE FROM `pe_pvisu_avant_points` WHERE `id_pvisu_avant` = 1147
2025-02-03 07:59:08;INSERT IGNORE INTO `pe_pvisu_avant_points` (`id_pvisu_avant`, `id_point_controle`, `etat`, `id_user`, `date`) VALUES (1147, 4, 1, 1, NOW()),(1147, 5, 1, 1, NOW()),(1147, 36, 1, 1, NOW()),(1147, 58, 1, 1, NOW()),(1147, 7, 1, 1, NOW()),(1147, 11, 1, 1, NOW()),(1147, 12, 1, 1, NOW()),(1147, 13, 1, 1, NOW()),(1147, 14, 1, 1, NOW()),(1147, 15, 1, 1, NOW()),(1147, 17, 1, 1, NOW()),(1147, 18, 1, 1, NOW()),(1147, 19, 1, 1, NOW()),(1147, 20, 1, 1, NOW()),(1147, 21, 1, 1, NOW()),(1147, 37, 1, 1, NOW()),(1147, 39, 1, 1, NOW()),(1147, 41, 1, 1, NOW()),(1147, 59, 1, 1, NOW()),(1147, 23, 1, 1, NOW()),(1147, 40, 1, 1, NOW()),(1147, 43, 1, 1, NOW()),(1147, 44, 1, 1, NOW()),(1147, 45, 1, 1, NOW()),(1147, 46, 1, 1, NOW()),(1147, 47, 1, 1, NOW()),(1147, 48, 1, 1, NOW()),(1147, 49, 1, 1, NOW()),(1147, 50, 1, 1, NOW()),(1147, 51, 1, 1, NOW()),(1147, 52, 1, 1, NOW()),(1147, 53, 1, 1, NOW()),(1147, 54, 1, 1, NOW()),(1147, 55, 1, 1, NOW())
2025-02-03 07:59:08;UPDATE `pe_pvisu_avant` SET `commentaires` = "" ,`date` = "2025-02-03" ,`id_user` = 1  WHERE `id` = 1147
2025-02-03 07:59:11;UPDATE `pe_langues` SET `actif` = 1 WHERE `iso` = "FR"
2025-02-03 07:59:12;UPDATE `pe_langues` SET `actif` = 1 WHERE `iso` = "FR"
2025-02-03 07:59:13;UPDATE `pe_langues` SET `actif` = 1 WHERE `iso` = "FR"
2025-02-03 07:59:29;UPDATE `pe_langues` SET `actif` = 1 WHERE `iso` = "FR"
2025-02-03 08:08:50;UPDATE `pe_langues` SET `actif` = 1 WHERE `iso` = "FR"
2025-02-03 08:08:51;UPDATE `pe_langues` SET `actif` = 1 WHERE `iso` = "FR"
2025-02-03 08:08:53;UPDATE `pe_langues` SET `actif` = 1 WHERE `iso` = "FR"
2025-02-03 08:08:54;UPDATE `pe_langues` SET `actif` = 1 WHERE `iso` = "FR"
2025-02-03 08:08:56;UPDATE `pe_langues` SET `actif` = 1 WHERE `iso` = "FR"
2025-02-03 08:09:02;UPDATE `pe_langues` SET `actif` = 1 WHERE `iso` = "FR"
2025-02-03 08:21:35;UPDATE `pe_langues` SET `actif` = 1 WHERE `iso` = "FR"
2025-02-03 08:21:35;UPDATE `pe_consommables` SET `id_precedent` = 0, `date_upd` = null WHERE `date_upd` < CURDATE()
2025-02-03 08:21:36;UPDATE `pe_langues` SET `actif` = 1 WHERE `iso` = "FR"
2025-02-03 08:21:37;UPDATE `pe_langues` SET `actif` = 1 WHERE `iso` = "FR"
2025-02-03 08:21:39;UPDATE `pe_langues` SET `actif` = 1 WHERE `iso` = "FR"
2025-02-03 08:21:41;UPDATE `pe_langues` SET `actif` = 1 WHERE `iso` = "FR"
2025-02-03 08:21:43;UPDATE `pe_langues` SET `actif` = 1 WHERE `iso` = "FR"
2025-02-03 08:21:45;UPDATE `pe_langues` SET `actif` = 1 WHERE `iso` = "FR"
2025-02-03 08:21:46;UPDATE `pe_langues` SET `actif` = 1 WHERE `iso` = "FR"
2025-02-03 08:21:47;UPDATE `pe_langues` SET `actif` = 1 WHERE `iso` = "FR"
2025-02-03 08:22:09;UPDATE `pe_langues` SET `actif` = 1 WHERE `iso` = "FR"
2025-02-03 08:22:11;UPDATE `pe_langues` SET `actif` = 1 WHERE `iso` = "FR"
2025-02-03 08:25:15;UPDATE `pe_langues` SET `actif` = 1 WHERE `iso` = "FR"
2025-02-03 08:28:00;UPDATE `pe_langues` SET `actif` = 1 WHERE `iso` = "FR"
2025-02-03 08:28:12;UPDATE `pe_langues` SET `actif` = 1 WHERE `iso` = "FR"
2025-02-03 08:39:22;UPDATE `pe_langues` SET `actif` = 1 WHERE `iso` = "FR"
2025-02-03 08:39:47;UPDATE `pe_langues` SET `actif` = 1 WHERE `iso` = "FR"
2025-02-03 10:39:25;UPDATE `pe_langues` SET `actif` = 1 WHERE `iso` = "FR"
2025-02-03 10:39:25;UPDATE `pe_consommables` SET `id_precedent` = 0, `date_upd` = null WHERE `date_upd` < CURDATE()
2025-02-03 10:39:27;UPDATE `pe_langues` SET `actif` = 1 WHERE `iso` = "FR"
2025-02-03 10:40:10;UPDATE `pe_langues` SET `actif` = 1 WHERE `iso` = "FR"
2025-02-03 10:40:12;UPDATE `pe_langues` SET `actif` = 1 WHERE `iso` = "FR"
2025-02-03 10:40:13;UPDATE `pe_langues` SET `actif` = 1 WHERE `iso` = "FR"
2025-02-03 10:40:13;UPDATE `pe_langues` SET `actif` = 1 WHERE `iso` = "FR"
2025-02-03 10:40:14;UPDATE `pe_langues` SET `actif` = 1 WHERE `iso` = "FR"
2025-02-03 10:40:15;UPDATE `pe_langues` SET `actif` = 1 WHERE `iso` = "FR"
2025-02-03 10:40:15;UPDATE `pe_langues` SET `actif` = 1 WHERE `iso` = "FR"
2025-02-03 10:47:27;UPDATE `pe_langues` SET `actif` = 1 WHERE `iso` = "FR"
2025-02-03 10:47:29;UPDATE `pe_langues` SET `actif` = 1 WHERE `iso` = "FR"
2025-02-03 10:47:30;UPDATE `pe_langues` SET `actif` = 1 WHERE `iso` = "FR"
2025-02-03 10:47:31;UPDATE `pe_langues` SET `actif` = 1 WHERE `iso` = "FR"
2025-02-03 10:47:37;UPDATE `pe_langues` SET `actif` = 1 WHERE `iso` = "FR"
2025-02-03 10:47:42;UPDATE `pe_langues` SET `actif` = 1 WHERE `iso` = "FR"
2025-02-03 10:47:44;UPDATE `pe_langues` SET `actif` = 1 WHERE `iso` = "FR"
2025-02-03 10:47:47;UPDATE `pe_langues` SET `actif` = 1 WHERE `iso` = "FR"
2025-02-03 10:48:37;UPDATE `pe_langues` SET `actif` = 1 WHERE `iso` = "FR"
2025-02-03 10:49:40;UPDATE `pe_langues` SET `actif` = 1 WHERE `iso` = "FR"
2025-02-03 10:50:03;UPDATE `pe_langues` SET `actif` = 1 WHERE `iso` = "FR"
2025-02-03 10:57:56;UPDATE `pe_langues` SET `actif` = 1 WHERE `iso` = "FR"
2025-02-03 10:58:26;UPDATE `pe_langues` SET `actif` = 1 WHERE `iso` = "FR"
2025-02-03 11:00:38;UPDATE `pe_langues` SET `actif` = 1 WHERE `iso` = "FR"
2025-02-03 11:00:59;UPDATE `pe_langues` SET `actif` = 1 WHERE `iso` = "FR"
2025-02-03 11:01:06;UPDATE `pe_langues` SET `actif` = 1 WHERE `iso` = "FR"
2025-02-03 11:01:29;UPDATE `pe_langues` SET `actif` = 1 WHERE `iso` = "FR"
2025-02-03 11:21:20;UPDATE `pe_langues` SET `actif` = 1 WHERE `iso` = "FR"
2025-02-03 11:25:28;UPDATE `pe_langues` SET `actif` = 1 WHERE `iso` = "FR"
2025-02-03 11:49:36;UPDATE `pe_langues` SET `actif` = 1 WHERE `iso` = "FR"
2025-02-03 11:49:38;UPDATE `pe_langues` SET `actif` = 1 WHERE `iso` = "FR"
2025-02-03 11:52:21;UPDATE `pe_langues` SET `actif` = 1 WHERE `iso` = "FR"
2025-02-03 11:55:36;UPDATE `pe_langues` SET `actif` = 1 WHERE `iso` = "FR"
2025-02-03 12:00:51;UPDATE `pe_langues` SET `actif` = 1 WHERE `iso` = "FR"
2025-02-03 13:05:32;UPDATE `pe_langues` SET `actif` = 1 WHERE `iso` = "FR"
2025-02-03 13:05:32;UPDATE `pe_consommables` SET `id_precedent` = 0, `date_upd` = null WHERE `date_upd` < CURDATE()
2025-02-03 13:05:35;UPDATE `pe_langues` SET `actif` = 1 WHERE `iso` = "FR"
2025-02-03 13:12:40;UPDATE `pe_langues` SET `actif` = 1 WHERE `iso` = "FR"
2025-02-03 13:33:10;UPDATE `pe_bl` SET `supprime` = 1 WHERE `id` IN (4,42,112,203,308,310,411,717,1814,1881,2223,2230,2318,3271,3464,3615,4473,4530,5295,6608,6780,6799,7749,7849,8387,8396,65,88,195,285,380,1040,2132,2687,2714,4526,5376,5481,5874,6926,7369,8361,8377,199,641,1101,2201,2210,2238,2304,3273,3360,3635,3653,4531,5083,5941,8356,8359,8392,111,287,731,957,1514,2713,4439,5554,6004,6322,7575,8344,8353,8390,72,176,274,336,403,1571,2039,2146,3526,3983,4308,4737,5095,5411,5948,8061,8092,8347,8395,8404,8407,3,40,85,248,282,298,307,718,719,720,1378,2145,3098,3204,3707,3794,4209,4223,4703,4720,5415,6121,8349,8397,191,236,237,275,402,512,1125,2195,2585,2588,3042,3062,4233,5413,5631,8028,8043,8257,8345,8375,8401,9,10,139,140,160,202,211,722,797,1038,1343,1533,2004,2354,2694,2911,4232,4472,4713,6570,7713,8352,8371,8394,108,147,196,379,510,521,568,1642,1929,2041,2133,2584,3155,3215,5150,5423,5689,6163,7641,7747,8046,8351,8380,8391,96,174,502,856,1143,1565,1943,2184,2216,2508,2681,3643,3711,4307,4463,4514,4976,5492,7004,8035,8337,93,150,247,251,252,1144,1771,1860,3804,3982,4336,5054,5253,5486,5914,6464,8041,8254,8341,8355,8365,8370,8400,51,80,366,401,569,716,1110,1243,2106,2646,2692,3007,3267,3449,3965,4711,5669,6160,6506,6712,8026,8259,8388,8405,173,343,404,407,691,721,1087,1142,1676,2042,2529,3706,4679,6379,6800,8363,182,284,409,527,715,730,2197,2275,2706,3479,3688,3888,4112,4557,5632,6118,8343,8346,8348,8360,8389,86,301,534,1062,1832,1992,2040,2205,3003,3080,3081,5124,5812,6260,7256,7610,8339,8342,8350,8362,8364,8402,8409,1,53,81,84,168,276,311,367,692,1041,2290,4474,4568,4816,5334,5714,6068,7856,8181,8340,8393,8408)
2025-02-03 14:24:18;UPDATE `pe_langues` SET `actif` = 1 WHERE `iso` = "FR"
2025-02-03 14:37:49;UPDATE `pe_langues` SET `actif` = 1 WHERE `iso` = "FR"
2025-02-03 14:45:24;UPDATE `pe_loma` SET `id_lot_pdt_froid` = 30690 ,`test_pdt` = 0 ,`commentaire` = "" ,`date_test` = "2025-02-03 14:45:24" ,`id_user_visa` = 1  WHERE `id` = 2821
2025-02-03 14:45:24;INSERT IGNORE INTO `pe_lot_quantieme` (`id_lot`, `quantieme`) VALUES(5693, "034")
2025-02-03 14:46:25;UPDATE `pe_langues` SET `actif` = 1 WHERE `iso` = "FR"
2025-02-03 14:47:15;UPDATE `pe_langues` SET `actif` = 1 WHERE `iso` = "FR"
2025-02-03 14:50:27;UPDATE `pe_langues` SET `actif` = 1 WHERE `iso` = "FR"
2025-02-03 14:50:28;UPDATE `pe_langues` SET `actif` = 1 WHERE `iso` = "FR"
2025-02-03 14:50:30;UPDATE `pe_langues` SET `actif` = 1 WHERE `iso` = "FR"
2025-02-03 14:50:31;UPDATE `pe_langues` SET `actif` = 1 WHERE `iso` = "FR"
2025-02-03 14:50:32;UPDATE `pe_langues` SET `actif` = 1 WHERE `iso` = "FR"
2025-02-03 14:50:33;UPDATE `pe_langues` SET `actif` = 1 WHERE `iso` = "FR"
2025-02-03 14:50:34;UPDATE `pe_langues` SET `actif` = 1 WHERE `iso` = "FR"
2025-02-03 14:50:35;UPDATE `pe_langues` SET `actif` = 1 WHERE `iso` = "FR"
2025-02-03 14:50:36;UPDATE `pe_langues` SET `actif` = 1 WHERE `iso` = "FR"
2025-02-03 14:50:37;UPDATE `pe_langues` SET `actif` = 1 WHERE `iso` = "FR"
2025-02-03 14:50:38;UPDATE `pe_langues` SET `actif` = 1 WHERE `iso` = "FR"
2025-02-03 14:50:39;UPDATE `pe_langues` SET `actif` = 1 WHERE `iso` = "FR"
2025-02-03 14:50:39;UPDATE `pe_palette_composition` SET `supprime` = 1 WHERE `id_lot_hors_stock` > 0 AND `id` NOT IN
                        ( SELECT `id_compo` FROM `pe_bl_lignes`) 
                        AND  `id_lot_hors_stock` NOT IN (SELECT `id` FROM `pe_lots`)
2025-02-03 14:50:42;UPDATE `pe_langues` SET `actif` = 1 WHERE `iso` = "FR"
2025-02-03 14:50:44;UPDATE `pe_langues` SET `actif` = 1 WHERE `iso` = "FR"
2025-02-03 14:50:48;UPDATE `pe_langues` SET `actif` = 1 WHERE `iso` = "FR"
2025-02-03 15:08:17;UPDATE `pe_langues` SET `actif` = 1 WHERE `iso` = "FR"
2025-02-03 15:08:17;UPDATE `pe_consommables` SET `id_precedent` = 0, `date_upd` = null WHERE `date_upd` < CURDATE()
2025-02-03 15:08:19;UPDATE `pe_langues` SET `actif` = 1 WHERE `iso` = "FR"
2025-02-03 15:08:20;UPDATE `pe_langues` SET `actif` = 1 WHERE `iso` = "FR"
2025-02-03 15:47:21;UPDATE `pe_langues` SET `actif` = 1 WHERE `iso` = "FR"
2025-02-03 15:47:56;UPDATE `pe_langues` SET `actif` = 1 WHERE `iso` = "FR"
2025-02-03 15:48:17;UPDATE `pe_langues` SET `actif` = 1 WHERE `iso` = "FR"
2025-02-03 15:48:27;UPDATE `pe_langues` SET `actif` = 1 WHERE `iso` = "FR"
2025-02-03 15:48:57;UPDATE `pe_langues` SET `actif` = 1 WHERE `iso` = "FR"
2025-02-03 15:49:29;UPDATE `pe_langues` SET `actif` = 1 WHERE `iso` = "FR"
2025-02-03 15:50:03;UPDATE `pe_langues` SET `actif` = 1 WHERE `iso` = "FR"
2025-02-03 15:50:45;UPDATE `pe_langues` SET `actif` = 1 WHERE `iso` = "FR"
2025-02-03 15:52:39;UPDATE `pe_langues` SET `actif` = 1 WHERE `iso` = "FR"
2025-02-03 15:52:46;UPDATE `pe_langues` SET `actif` = 1 WHERE `iso` = "FR"
2025-02-03 15:53:20;UPDATE `pe_langues` SET `actif` = 1 WHERE `iso` = "FR"
2025-02-03 15:53:22;UPDATE `pe_langues` SET `actif` = 1 WHERE `iso` = "FR"
2025-02-03 15:54:14;UPDATE `pe_langues` SET `actif` = 1 WHERE `iso` = "FR"
2025-02-03 15:54:30;UPDATE `pe_langues` SET `actif` = 1 WHERE `iso` = "FR"
2025-02-03 15:54:36;UPDATE `pe_langues` SET `actif` = 1 WHERE `iso` = "FR"
2025-02-03 15:54:39;UPDATE `pe_langues` SET `actif` = 1 WHERE `iso` = "FR"
2025-02-03 15:55:45;UPDATE `pe_langues` SET `actif` = 1 WHERE `iso` = "FR"
2025-02-03 16:00:59;UPDATE `pe_langues` SET `actif` = 1 WHERE `iso` = "FR"
2025-02-03 16:02:10;UPDATE `pe_langues` SET `actif` = 1 WHERE `iso` = "FR"
2025-02-03 16:02:34;UPDATE `pe_langues` SET `actif` = 1 WHERE `iso` = "FR"
2025-02-03 16:03:41;UPDATE `pe_langues` SET `actif` = 1 WHERE `iso` = "FR"
2025-02-03 16:05:16;UPDATE `pe_langues` SET `actif` = 1 WHERE `iso` = "FR"
2025-02-03 16:07:59;UPDATE `pe_langues` SET `actif` = 1 WHERE `iso` = "FR"
2025-02-03 16:14:32;UPDATE `pe_langues` SET `actif` = 1 WHERE `iso` = "FR"
2025-02-03 16:14:35;UPDATE `pe_langues` SET `actif` = 1 WHERE `iso` = "FR"
2025-02-03 16:14:52;UPDATE `pe_langues` SET `actif` = 1 WHERE `iso` = "FR"
2025-02-03 16:22:52;UPDATE `pe_langues` SET `actif` = 1 WHERE `iso` = "FR"
2025-02-03 16:23:05;UPDATE `pe_langues` SET `actif` = 1 WHERE `iso` = "FR"
2025-02-03 16:23:07;UPDATE `pe_langues` SET `actif` = 1 WHERE `iso` = "FR"
2025-02-03 16:24:29;UPDATE `pe_langues` SET `actif` = 1 WHERE `iso` = "FR"
2025-02-03 16:24:39;UPDATE `pe_langues` SET `actif` = 1 WHERE `iso` = "FR"
2025-02-03 16:24:55;UPDATE `pe_langues` SET `actif` = 1 WHERE `iso` = "FR"
2025-02-03 16:25:05;UPDATE `pe_langues` SET `actif` = 1 WHERE `iso` = "FR"
2025-02-03 16:25:16;UPDATE `pe_langues` SET `actif` = 1 WHERE `iso` = "FR"
2025-02-03 16:25:18;UPDATE `pe_langues` SET `actif` = 1 WHERE `iso` = "FR"
2025-02-03 16:25:18;UPDATE `pe_consommables` SET `id_precedent` = 0, `date_upd` = null WHERE `date_upd` < CURDATE()
2025-02-03 16:25:57;UPDATE `pe_langues` SET `actif` = 1 WHERE `iso` = "FR"
2025-02-03 16:25:57;UPDATE `pe_consommables` SET `id_precedent` = 0, `date_upd` = null WHERE `date_upd` < CURDATE()
2025-02-03 16:26:17;UPDATE `pe_langues` SET `actif` = 1 WHERE `iso` = "FR"
2025-02-03 16:26:17;UPDATE `pe_consommables` SET `id_precedent` = 0, `date_upd` = null WHERE `date_upd` < CURDATE()
2025-02-03 16:26:24;UPDATE `pe_langues` SET `actif` = 1 WHERE `iso` = "FR"
2025-02-03 16:35:46;UPDATE `pe_froid` SET `test_apres_fe` = 1 ,`test_apres_nfe` = 1 ,`test_apres_inox` = 1  WHERE `id` = 6414
2025-02-03 16:35:46;UPDATE `pe_loma` SET `test_pdt` = 0 ,`commentaire` = "" ,`date_test` = "2025-02-03 16:35:46" ,`id_user_visa` = 1  WHERE `id` = 2819
2025-02-03 16:44:54;UPDATE `pe_langues` SET `actif` = 1 WHERE `iso` = "FR"
2025-02-03 16:44:54;UPDATE `pe_consommables` SET `id_precedent` = 0, `date_upd` = null WHERE `date_upd` < CURDATE()
2025-02-03 16:44:58;UPDATE `pe_langues` SET `actif` = 1 WHERE `iso` = "FR"
2025-02-03 16:45:13;UPDATE `pe_langues` SET `actif` = 1 WHERE `iso` = "FR"
2025-02-03 16:47:02;UPDATE `pe_langues` SET `actif` = 1 WHERE `iso` = "FR"
2025-02-03 16:49:20;UPDATE `pe_langues` SET `actif` = 1 WHERE `iso` = "FR"
2025-02-03 16:58:22;UPDATE `pe_langues` SET `actif` = 1 WHERE `iso` = "FR"
