2024-11-12 07:28:10;UPDATE `pe_langues` SET `actif` = 1 WHERE `iso` = "FR"
2024-11-12 07:28:10;UPDATE `pe_consommables` SET `id_precedent` = 0, `date_upd` = null WHERE `date_upd` < CURDATE()
2024-11-12 07:28:37;UPDATE `pe_langues` SET `actif` = 1 WHERE `iso` = "FR"
2024-11-12 07:28:41;UPDATE `pe_langues` SET `actif` = 1 WHERE `iso` = "FR"
2024-11-12 07:28:58;INSERT INTO `pe_pvisu_avant` (`commentaires`,`date`) VALUES ("" ,"2024-11-12" )
2024-11-12 07:28:58;DELETE FROM `pe_pvisu_avant_points` WHERE `id_pvisu_avant` = 1129
2024-11-12 07:28:58;INSERT IGNORE INTO `pe_pvisu_avant_points` (`id_pvisu_avant`, `id_point_controle`, `etat`, `id_user`, `date`) VALUES (1129, 4, 1, 1, NOW()),(1129, 5, 1, 1, NOW()),(1129, 36, 1, 1, NOW()),(1129, 58, 1, 1, NOW()),(1129, 7, 1, 1, NOW()),(1129, 11, 1, 1, NOW()),(1129, 12, 1, 1, NOW()),(1129, 13, 1, 1, NOW()),(1129, 14, 1, 1, NOW()),(1129, 15, 1, 1, NOW()),(1129, 17, 1, 1, NOW()),(1129, 18, 1, 1, NOW()),(1129, 19, 1, 1, NOW()),(1129, 20, 1, 1, NOW()),(1129, 21, 1, 1, NOW()),(1129, 37, 1, 1, NOW()),(1129, 39, 1, 1, NOW()),(1129, 41, 1, 1, NOW()),(1129, 59, 1, 1, NOW()),(1129, 23, 1, 1, NOW()),(1129, 40, 1, 1, NOW()),(1129, 43, 1, 1, NOW()),(1129, 44, 1, 1, NOW()),(1129, 45, 1, 1, NOW()),(1129, 46, 1, 1, NOW()),(1129, 47, 1, 1, NOW()),(1129, 48, 1, 1, NOW()),(1129, 49, 1, 1, NOW()),(1129, 50, 1, 1, NOW()),(1129, 51, 1, 1, NOW()),(1129, 52, 1, 1, NOW()),(1129, 53, 1, 1, NOW()),(1129, 54, 1, 1, NOW()),(1129, 55, 1, 1, NOW())
2024-11-12 07:28:58;UPDATE `pe_pvisu_avant` SET `commentaires` = "AUJOURDHUI" ,`date` = "2024-11-12" ,`id_user` = 1  WHERE `id` = 1129
2024-11-12 07:29:01;UPDATE `pe_langues` SET `actif` = 1 WHERE `iso` = "FR"
2024-11-12 07:29:15;UPDATE `pe_langues` SET `actif` = 1 WHERE `iso` = "FR"
2024-11-12 07:29:34;UPDATE `pe_langues` SET `actif` = 1 WHERE `iso` = "FR"
2024-11-12 07:29:40;UPDATE `pe_langues` SET `actif` = 1 WHERE `iso` = "FR"
2024-11-12 07:29:59;UPDATE `pe_langues` SET `actif` = 1 WHERE `iso` = "FR"
2024-11-12 07:32:20;UPDATE `pe_langues` SET `actif` = 1 WHERE `iso` = "FR"
2024-11-12 07:33:06;UPDATE `pe_langues` SET `actif` = 1 WHERE `iso` = "FR"
2024-11-12 07:34:24;UPDATE `pe_langues` SET `actif` = 1 WHERE `iso` = "FR"
2024-11-12 07:57:52;UPDATE `pe_langues` SET `actif` = 1 WHERE `iso` = "FR"
2024-11-12 07:58:41;UPDATE `pe_langues` SET `actif` = 1 WHERE `iso` = "FR"
2024-11-12 07:59:09;UPDATE `pe_langues` SET `actif` = 1 WHERE `iso` = "FR"
2024-11-12 07:59:16;UPDATE `pe_langues` SET `actif` = 1 WHERE `iso` = "FR"
2024-11-12 08:01:00;UPDATE `pe_langues` SET `actif` = 1 WHERE `iso` = "FR"
2024-11-12 08:01:05;UPDATE `pe_langues` SET `actif` = 1 WHERE `iso` = "FR"
2024-11-12 08:01:44;UPDATE `pe_langues` SET `actif` = 1 WHERE `iso` = "FR"
2024-11-12 08:02:50;UPDATE `pe_langues` SET `actif` = 1 WHERE `iso` = "FR"
2024-11-12 08:04:13;UPDATE `pe_langues` SET `actif` = 1 WHERE `iso` = "FR"
2024-11-12 08:04:35;UPDATE `pe_langues` SET `actif` = 1 WHERE `iso` = "FR"
2024-11-12 08:06:49;UPDATE `pe_langues` SET `actif` = 1 WHERE `iso` = "FR"
2024-11-12 08:06:53;UPDATE `pe_langues` SET `actif` = 1 WHERE `iso` = "FR"
2024-11-12 08:08:22;UPDATE `pe_langues` SET `actif` = 1 WHERE `iso` = "FR"
2024-11-12 08:08:32;UPDATE `pe_langues` SET `actif` = 1 WHERE `iso` = "FR"
2024-11-12 08:09:52;UPDATE `pe_langues` SET `actif` = 1 WHERE `iso` = "FR"
2024-11-12 08:09:57;UPDATE `pe_langues` SET `actif` = 1 WHERE `iso` = "FR"
2024-11-12 08:11:43;UPDATE `pe_langues` SET `actif` = 1 WHERE `iso` = "FR"
2024-11-12 08:11:50;UPDATE `pe_langues` SET `actif` = 1 WHERE `iso` = "FR"
2024-11-12 08:18:46;UPDATE `pe_langues` SET `actif` = 1 WHERE `iso` = "FR"
2024-11-12 08:18:53;UPDATE `pe_langues` SET `actif` = 1 WHERE `iso` = "FR"
2024-11-12 08:19:47;UPDATE `pe_langues` SET `actif` = 1 WHERE `iso` = "FR"
2024-11-12 08:19:54;UPDATE `pe_langues` SET `actif` = 1 WHERE `iso` = "FR"
2024-11-12 08:20:43;UPDATE `pe_langues` SET `actif` = 1 WHERE `iso` = "FR"
2024-11-12 08:27:06;UPDATE `pe_langues` SET `actif` = 1 WHERE `iso` = "FR"
2024-11-12 08:27:53;UPDATE `pe_langues` SET `actif` = 1 WHERE `iso` = "FR"
2024-11-12 08:32:17;UPDATE `pe_langues` SET `actif` = 1 WHERE `iso` = "FR"
2024-11-12 08:32:22;UPDATE `pe_langues` SET `actif` = 1 WHERE `iso` = "FR"
2024-11-12 08:34:50;UPDATE `pe_langues` SET `actif` = 1 WHERE `iso` = "FR"
2024-11-12 08:35:45;UPDATE `pe_langues` SET `actif` = 1 WHERE `iso` = "FR"
2024-11-12 08:35:52;UPDATE `pe_langues` SET `actif` = 1 WHERE `iso` = "FR"
2024-11-12 08:36:07;UPDATE `pe_langues` SET `actif` = 1 WHERE `iso` = "FR"
2024-11-12 08:36:17;UPDATE `pe_langues` SET `actif` = 1 WHERE `iso` = "FR"
2024-11-12 08:41:28;UPDATE `pe_langues` SET `actif` = 1 WHERE `iso` = "FR"
2024-11-12 08:46:55;UPDATE `pe_langues` SET `actif` = 1 WHERE `iso` = "FR"
2024-11-12 08:47:41;UPDATE `pe_froid` SET `statut` = 2 ,`conformite` = 1 ,`date_controle` = "2024-11-12 08:47:41" ,`id_visa_controleur` = 1  WHERE `id` = 6676
2024-11-12 08:47:41;INSERT INTO `pe_validations` (`type`,`id_vue`,`id_liaison`) VALUES (2 ,17 ,6676 )
2024-11-12 08:47:41;INSERT IGNORE INTO `pe_validations_lots` (`id_validation`, `id_lot`, `negoce`) VALUES  (11401, 5728, 0)
2024-11-12 08:49:01;UPDATE `pe_langues` SET `actif` = 1 WHERE `iso` = "FR"
2024-11-12 08:50:12;UPDATE `pe_langues` SET `actif` = 1 WHERE `iso` = "FR"
2024-11-12 08:53:44;UPDATE `pe_langues` SET `actif` = 1 WHERE `iso` = "FR"
2024-11-12 08:54:24;UPDATE `pe_langues` SET `actif` = 1 WHERE `iso` = "FR"
2024-11-12 08:54:38;UPDATE `pe_langues` SET `actif` = 1 WHERE `iso` = "FR"
2024-11-12 08:56:33;UPDATE `pe_langues` SET `actif` = 1 WHERE `iso` = "FR"
2024-11-12 08:56:45;UPDATE `pe_langues` SET `actif` = 1 WHERE `iso` = "FR"
2024-11-12 08:57:03;UPDATE `pe_langues` SET `actif` = 1 WHERE `iso` = "FR"
2024-11-12 08:57:25;UPDATE `pe_langues` SET `actif` = 1 WHERE `iso` = "FR"
2024-11-12 08:57:49;UPDATE `pe_langues` SET `actif` = 1 WHERE `iso` = "FR"
2024-11-12 08:58:12;INSERT INTO `pe_loma` (`id_lot_pdt_froid`,`test_pdt`,`commentaire`,`date_test`,`id_user_visa`) VALUES (31281 ,0 ,"" ,"2024-11-12 08:58:12" ,1 )
2024-11-12 08:58:12;INSERT INTO `pe_validations` (`type`,`id_vue`,`id_liaison`) VALUES (3 ,17 ,2948 )
2024-11-12 08:58:12;INSERT IGNORE INTO `pe_validations_lots` (`id_validation`, `id_lot`, `negoce`) VALUES  (11402, 5677, 0)
2024-11-12 08:58:43;UPDATE `pe_froid` SET `test_apres_fe` = 1 ,`test_apres_nfe` = 1 ,`test_apres_inox` = 1  WHERE `id` = 6678
2024-11-12 08:58:52;UPDATE `pe_langues` SET `actif` = 1 WHERE `iso` = "FR"
2024-11-12 09:40:36;INSERT INTO `pe_loma` (`id_lot_pdt_froid`,`test_pdt`,`commentaire`,`date_test`,`id_user_visa`) VALUES (31291 ,0 ,"" ,"2024-11-12 09:40:36" ,1 )
2024-11-12 09:40:36;INSERT INTO `pe_validations` (`type`,`id_vue`,`id_liaison`) VALUES (3 ,17 ,2949 )
2024-11-12 09:40:36;INSERT IGNORE INTO `pe_validations_lots` (`id_validation`, `id_lot`, `negoce`) VALUES  (11403, 5694, 0)
2024-11-12 09:52:14;UPDATE `pe_langues` SET `actif` = 1 WHERE `iso` = "FR"
2024-11-12 09:52:20;UPDATE `pe_langues` SET `actif` = 1 WHERE `iso` = "FR"
2024-11-12 09:56:18;UPDATE `pe_langues` SET `actif` = 1 WHERE `iso` = "FR"
2024-11-12 09:56:24;UPDATE `pe_langues` SET `actif` = 1 WHERE `iso` = "FR"
2024-11-12 09:57:13;UPDATE `pe_langues` SET `actif` = 1 WHERE `iso` = "FR"
2024-11-12 09:58:31;UPDATE `pe_langues` SET `actif` = 1 WHERE `iso` = "FR"
2024-11-12 10:00:55;UPDATE `pe_langues` SET `actif` = 1 WHERE `iso` = "FR"
2024-11-12 10:01:01;UPDATE `pe_langues` SET `actif` = 1 WHERE `iso` = "FR"
2024-11-12 10:06:25;UPDATE `pe_langues` SET `actif` = 1 WHERE `iso` = "FR"
2024-11-12 10:07:26;UPDATE `pe_langues` SET `actif` = 1 WHERE `iso` = "FR"
2024-11-12 10:07:47;UPDATE `pe_langues` SET `actif` = 1 WHERE `iso` = "FR"
2024-11-12 10:08:19;UPDATE `pe_langues` SET `actif` = 1 WHERE `iso` = "FR"
2024-11-12 10:08:34;UPDATE `pe_langues` SET `actif` = 1 WHERE `iso` = "FR"
2024-11-12 10:09:09;UPDATE `pe_langues` SET `actif` = 1 WHERE `iso` = "FR"
2024-11-12 10:09:34;UPDATE `pe_langues` SET `actif` = 1 WHERE `iso` = "FR"
2024-11-12 10:13:59;UPDATE `pe_langues` SET `actif` = 1 WHERE `iso` = "FR"
2024-11-12 10:14:08;UPDATE `pe_langues` SET `actif` = 1 WHERE `iso` = "FR"
2024-11-12 10:14:26;UPDATE `pe_langues` SET `actif` = 1 WHERE `iso` = "FR"
2024-11-12 10:17:07;UPDATE `pe_langues` SET `actif` = 1 WHERE `iso` = "FR"
2024-11-12 10:17:25;UPDATE `pe_langues` SET `actif` = 1 WHERE `iso` = "FR"
2024-11-12 10:18:26;UPDATE `pe_langues` SET `actif` = 1 WHERE `iso` = "FR"
2024-11-12 10:19:46;UPDATE `pe_langues` SET `actif` = 1 WHERE `iso` = "FR"
2024-11-12 10:19:53;UPDATE `pe_langues` SET `actif` = 1 WHERE `iso` = "FR"
2024-11-12 10:21:39;UPDATE `pe_langues` SET `actif` = 1 WHERE `iso` = "FR"
2024-11-12 10:21:45;UPDATE `pe_langues` SET `actif` = 1 WHERE `iso` = "FR"
2024-11-12 10:22:09;UPDATE `pe_langues` SET `actif` = 1 WHERE `iso` = "FR"
2024-11-12 10:23:18;UPDATE `pe_langues` SET `actif` = 1 WHERE `iso` = "FR"
2024-11-12 10:23:24;UPDATE `pe_langues` SET `actif` = 1 WHERE `iso` = "FR"
2024-11-12 10:23:57;UPDATE `pe_langues` SET `actif` = 1 WHERE `iso` = "FR"
2024-11-12 10:24:04;UPDATE `pe_langues` SET `actif` = 1 WHERE `iso` = "FR"
2024-11-12 10:24:43;UPDATE `pe_langues` SET `actif` = 1 WHERE `iso` = "FR"
2024-11-12 10:25:09;INSERT INTO `pe_loma` (`id_lot_pdt_froid`,`test_pdt`,`commentaire`,`date_test`,`id_user_visa`) VALUES (31271 ,0 ,"" ,"2024-11-12 10:25:09" ,1 )
2024-11-12 10:25:09;INSERT INTO `pe_validations` (`type`,`id_vue`,`id_liaison`) VALUES (3 ,17 ,2950 )
2024-11-12 10:25:09;INSERT IGNORE INTO `pe_validations_lots` (`id_validation`, `id_lot`, `negoce`) VALUES  (11404, 5811, 0)
2024-11-12 10:25:11;UPDATE `pe_froid` SET `test_apres_fe` = 1 ,`test_apres_nfe` = 1 ,`test_apres_inox` = 1  WHERE `id` = 6669
2024-11-12 10:36:40;UPDATE `pe_langues` SET `actif` = 1 WHERE `iso` = "FR"
2024-11-12 10:36:58;UPDATE `pe_langues` SET `actif` = 1 WHERE `iso` = "FR"
2024-11-12 10:37:11;UPDATE `pe_langues` SET `actif` = 1 WHERE `iso` = "FR"
2024-11-12 10:37:18;UPDATE `pe_langues` SET `actif` = 1 WHERE `iso` = "FR"
2024-11-12 10:37:31;UPDATE `pe_langues` SET `actif` = 1 WHERE `iso` = "FR"
2024-11-12 10:37:45;UPDATE `pe_langues` SET `actif` = 1 WHERE `iso` = "FR"
2024-11-12 10:37:54;UPDATE `pe_langues` SET `actif` = 1 WHERE `iso` = "FR"
2024-11-12 10:39:00;UPDATE `pe_langues` SET `actif` = 1 WHERE `iso` = "FR"
2024-11-12 10:39:12;UPDATE `pe_froid` SET `test_avant_fe` = 1 ,`test_avant_nfe` = 1 ,`test_avant_inox` = 1  WHERE `id` = 6685
2024-11-12 10:39:15;UPDATE `pe_froid` SET `test_apres_fe` = 1 ,`test_apres_nfe` = 1 ,`test_apres_inox` = 1  WHERE `id` = 6685
2024-11-12 10:42:16;UPDATE `pe_langues` SET `actif` = 1 WHERE `iso` = "FR"
2024-11-12 10:43:11;UPDATE `pe_langues` SET `actif` = 1 WHERE `iso` = "FR"
2024-11-12 10:43:52;UPDATE `pe_langues` SET `actif` = 1 WHERE `iso` = "FR"
2024-11-12 10:43:59;UPDATE `pe_langues` SET `actif` = 1 WHERE `iso` = "FR"
2024-11-12 10:44:09;UPDATE `pe_froid` SET `test_avant_fe` = 1 ,`test_avant_nfe` = 1 ,`test_avant_inox` = 1  WHERE `id` = 6678
2024-11-12 10:44:26;UPDATE `pe_langues` SET `actif` = 1 WHERE `iso` = "FR"
2024-11-12 10:44:48;UPDATE `pe_langues` SET `actif` = 1 WHERE `iso` = "FR"
2024-11-12 10:45:01;UPDATE `pe_froid` SET `test_avant_fe` = 1 ,`test_avant_nfe` = 1 ,`test_avant_inox` = 1  WHERE `id` = 6681
2024-11-12 10:45:08;UPDATE `pe_langues` SET `actif` = 1 WHERE `iso` = "FR"
2024-11-12 10:45:19;UPDATE `pe_froid` SET `test_avant_fe` = 1 ,`test_avant_nfe` = 1 ,`test_avant_inox` = 1  WHERE `id` = 6681
2024-11-12 10:46:45;UPDATE `pe_langues` SET `actif` = 1 WHERE `iso` = "FR"
2024-11-12 10:46:51;UPDATE `pe_langues` SET `actif` = 1 WHERE `iso` = "FR"
2024-11-12 10:48:32;UPDATE `pe_langues` SET `actif` = 1 WHERE `iso` = "FR"
2024-11-12 10:48:50;UPDATE `pe_froid` SET `test_avant_fe` = 1 ,`test_avant_nfe` = 1 ,`test_avant_inox` = 1  WHERE `id` = 6678
2024-11-12 10:50:11;UPDATE `pe_langues` SET `actif` = 1 WHERE `iso` = "FR"
2024-11-12 10:58:38;UPDATE `pe_froid` SET `test_avant_fe` = 1 ,`test_avant_nfe` = 1 ,`test_avant_inox` = 1  WHERE `id` = 6678
2024-11-12 10:59:34;UPDATE `pe_langues` SET `actif` = 1 WHERE `iso` = "FR"
2024-11-12 11:00:04;UPDATE `pe_langues` SET `actif` = 1 WHERE `iso` = "FR"
2024-11-12 11:00:18;UPDATE `pe_froid` SET `test_avant_fe` = 1 ,`test_avant_nfe` = 1 ,`test_avant_inox` = 1  WHERE `id` = 6681
2024-11-12 11:00:31;UPDATE `pe_langues` SET `actif` = 1 WHERE `iso` = "FR"
2024-11-12 11:00:41;UPDATE `pe_froid` SET `test_avant_fe` = 1 ,`test_avant_nfe` = 1 ,`test_avant_inox` = 1  WHERE `id` = 6678
2024-11-12 12:14:43;UPDATE `pe_langues` SET `actif` = 1 WHERE `iso` = "FR"
2024-11-12 12:15:01;UPDATE `pe_froid` SET `test_avant_fe` = 1 ,`test_avant_nfe` = 1 ,`test_avant_inox` = 1  WHERE `id` = 6653
2024-11-12 12:18:18;UPDATE `pe_langues` SET `actif` = 1 WHERE `iso` = "FR"
2024-11-12 12:18:32;UPDATE `pe_froid` SET `test_avant_fe` = 0 ,`test_avant_nfe` = 1 ,`test_avant_inox` = 0  WHERE `id` = 6678
2024-11-12 12:19:46;UPDATE `pe_langues` SET `actif` = 1 WHERE `iso` = "FR"
2024-11-12 12:19:55;UPDATE `pe_froid` SET `test_avant_fe` = 1 ,`test_avant_nfe` = 1 ,`test_avant_inox` = 1  WHERE `id` = 6678
2024-11-12 12:20:44;UPDATE `pe_langues` SET `actif` = 1 WHERE `iso` = "FR"
2024-11-12 12:20:56;UPDATE `pe_froid` SET `test_avant_fe` = 1 ,`test_avant_nfe` = 1 ,`test_avant_inox` = 1  WHERE `id` = 6678
2024-11-12 12:21:48;UPDATE `pe_langues` SET `actif` = 1 WHERE `iso` = "FR"
2024-11-12 12:23:01;UPDATE `pe_froid` SET `test_avant_fe` = 1 ,`test_avant_nfe` = 1 ,`test_avant_inox` = 1  WHERE `id` = 6669
2024-11-12 12:24:11;UPDATE `pe_langues` SET `actif` = 1 WHERE `iso` = "FR"
2024-11-12 12:24:23;UPDATE `pe_langues` SET `actif` = 1 WHERE `iso` = "FR"
2024-11-12 12:25:49;UPDATE `pe_langues` SET `actif` = 1 WHERE `iso` = "FR"
2024-11-12 12:26:54;UPDATE `pe_langues` SET `actif` = 1 WHERE `iso` = "FR"
2024-11-12 12:28:02;UPDATE `pe_langues` SET `actif` = 1 WHERE `iso` = "FR"
2024-11-12 12:29:15;UPDATE `pe_langues` SET `actif` = 1 WHERE `iso` = "FR"
2024-11-12 12:29:22;UPDATE `pe_langues` SET `actif` = 1 WHERE `iso` = "FR"
2024-11-12 12:30:13;UPDATE `pe_langues` SET `actif` = 1 WHERE `iso` = "FR"
2024-11-12 12:30:17;UPDATE `pe_langues` SET `actif` = 1 WHERE `iso` = "FR"
2024-11-12 12:30:50;INSERT INTO `pe_loma` (`id_lot_pdt_froid`,`test_pdt`,`commentaire`,`date_test`,`id_user_visa`) VALUES (31243 ,0 ,"" ,"2024-11-12 12:30:50" ,1 )
2024-11-12 12:30:50;INSERT INTO `pe_validations` (`type`,`id_vue`,`id_liaison`) VALUES (3 ,17 ,2951 )
2024-11-12 12:30:50;INSERT IGNORE INTO `pe_validations_lots` (`id_validation`, `id_lot`, `negoce`) VALUES  (11405, 5677, 0)
2024-11-12 12:30:54;UPDATE `pe_froid` SET `test_apres_fe` = 1 ,`test_apres_nfe` = 1 ,`test_apres_inox` = 1  WHERE `id` = 6642
2024-11-12 12:31:16;UPDATE `pe_langues` SET `actif` = 1 WHERE `iso` = "FR"
2024-11-12 12:32:38;UPDATE `pe_langues` SET `actif` = 1 WHERE `iso` = "FR"
2024-11-12 12:33:06;UPDATE `pe_langues` SET `actif` = 1 WHERE `iso` = "FR"
2024-11-12 12:37:32;UPDATE `pe_langues` SET `actif` = 1 WHERE `iso` = "FR"
2024-11-12 12:37:52;UPDATE `pe_langues` SET `actif` = 1 WHERE `iso` = "FR"
2024-11-12 12:44:47;UPDATE `pe_langues` SET `actif` = 1 WHERE `iso` = "FR"
2024-11-12 12:44:57;UPDATE `pe_langues` SET `actif` = 1 WHERE `iso` = "FR"
2024-11-12 12:45:21;INSERT INTO `pe_loma` (`id_lot_pdt_froid`,`test_pdt`,`commentaire`,`date_test`,`id_user_visa`) VALUES (31244 ,0 ,"" ,"2024-11-12 12:45:21" ,1 )
2024-11-12 12:45:21;INSERT INTO `pe_validations` (`type`,`id_vue`,`id_liaison`) VALUES (3 ,17 ,2952 )
2024-11-12 12:45:21;INSERT IGNORE INTO `pe_validations_lots` (`id_validation`, `id_lot`, `negoce`) VALUES  (11406, 5677, 0)
2024-11-12 12:46:48;UPDATE `pe_froid` SET `test_apres_fe` = 0 ,`test_apres_nfe` = 0 ,`test_apres_inox` = 0  WHERE `id` = 6643
2024-11-12 12:47:42;UPDATE `pe_froid` SET `test_avant_fe` = 1 ,`test_avant_nfe` = 1 ,`test_avant_inox` = 1  WHERE `id` = 6643
2024-11-12 12:53:01;UPDATE `pe_langues` SET `actif` = 1 WHERE `iso` = "FR"
2024-11-12 12:53:17;UPDATE `pe_langues` SET `actif` = 1 WHERE `iso` = "FR"
2024-11-12 12:53:28;UPDATE `pe_langues` SET `actif` = 1 WHERE `iso` = "FR"
2024-11-12 12:53:45;UPDATE `pe_langues` SET `actif` = 1 WHERE `iso` = "FR"
2024-11-12 12:54:52;UPDATE `pe_langues` SET `actif` = 1 WHERE `iso` = "FR"
2024-11-12 12:59:46;UPDATE `pe_langues` SET `actif` = 1 WHERE `iso` = "FR"
2024-11-12 12:59:53;UPDATE `pe_langues` SET `actif` = 1 WHERE `iso` = "FR"
2024-11-12 13:02:40;UPDATE `pe_langues` SET `actif` = 1 WHERE `iso` = "FR"
2024-11-12 13:02:47;UPDATE `pe_langues` SET `actif` = 1 WHERE `iso` = "FR"
2024-11-12 13:03:21;UPDATE `pe_langues` SET `actif` = 1 WHERE `iso` = "FR"
2024-11-12 13:03:27;UPDATE `pe_langues` SET `actif` = 1 WHERE `iso` = "FR"
2024-11-12 13:04:06;UPDATE `pe_langues` SET `actif` = 1 WHERE `iso` = "FR"
2024-11-12 13:04:29;UPDATE `pe_langues` SET `actif` = 1 WHERE `iso` = "FR"
2024-11-12 13:05:30;UPDATE `pe_langues` SET `actif` = 1 WHERE `iso` = "FR"
2024-11-12 13:06:13;UPDATE `pe_langues` SET `actif` = 1 WHERE `iso` = "FR"
2024-11-12 13:08:18;UPDATE `pe_langues` SET `actif` = 1 WHERE `iso` = "FR"
2024-11-12 13:12:03;UPDATE `pe_langues` SET `actif` = 1 WHERE `iso` = "FR"
2024-11-12 13:12:09;UPDATE `pe_langues` SET `actif` = 1 WHERE `iso` = "FR"
2024-11-12 13:12:37;UPDATE `pe_langues` SET `actif` = 1 WHERE `iso` = "FR"
2024-11-12 13:12:48;UPDATE `pe_langues` SET `actif` = 1 WHERE `iso` = "FR"
2024-11-12 13:15:40;UPDATE `pe_langues` SET `actif` = 1 WHERE `iso` = "FR"
2024-11-12 13:16:40;UPDATE `pe_langues` SET `actif` = 1 WHERE `iso` = "FR"
2024-11-12 13:16:46;UPDATE `pe_langues` SET `actif` = 1 WHERE `iso` = "FR"
2024-11-12 13:17:10;UPDATE `pe_langues` SET `actif` = 1 WHERE `iso` = "FR"
2024-11-12 13:17:17;UPDATE `pe_langues` SET `actif` = 1 WHERE `iso` = "FR"
2024-11-12 13:17:31;UPDATE `pe_froid` SET `test_avant_fe` = 1 ,`test_avant_nfe` = 1 ,`test_avant_inox` = 1  WHERE `id` = 6638
2024-11-12 13:18:33;UPDATE `pe_langues` SET `actif` = 1 WHERE `iso` = "FR"
2024-11-12 13:20:14;UPDATE `pe_langues` SET `actif` = 1 WHERE `iso` = "FR"
2024-11-12 13:20:19;UPDATE `pe_langues` SET `actif` = 1 WHERE `iso` = "FR"
2024-11-12 13:20:29;UPDATE `pe_langues` SET `actif` = 1 WHERE `iso` = "FR"
2024-11-12 13:20:52;UPDATE `pe_langues` SET `actif` = 1 WHERE `iso` = "FR"
2024-11-12 13:21:00;UPDATE `pe_langues` SET `actif` = 1 WHERE `iso` = "FR"
2024-11-12 13:22:29;UPDATE `pe_langues` SET `actif` = 1 WHERE `iso` = "FR"
2024-11-12 13:22:49;UPDATE `pe_langues` SET `actif` = 1 WHERE `iso` = "FR"
2024-11-12 13:24:23;UPDATE `pe_langues` SET `actif` = 1 WHERE `iso` = "FR"
2024-11-12 13:34:50;UPDATE `pe_langues` SET `actif` = 1 WHERE `iso` = "FR"
2024-11-12 13:35:03;UPDATE `pe_langues` SET `actif` = 1 WHERE `iso` = "FR"
2024-11-12 13:36:01;UPDATE `pe_langues` SET `actif` = 1 WHERE `iso` = "FR"
2024-11-12 13:36:25;UPDATE `pe_langues` SET `actif` = 1 WHERE `iso` = "FR"
2024-11-12 13:36:31;UPDATE `pe_langues` SET `actif` = 1 WHERE `iso` = "FR"
2024-11-12 13:37:51;UPDATE `pe_froid` SET `test_avant_fe` = 1 ,`test_avant_nfe` = 1 ,`test_avant_inox` = 1  WHERE `id` = 6678
2024-11-12 13:37:53;UPDATE `pe_froid` SET `statut` = 2 ,`conformite` = 1 ,`date_controle` = "2024-11-12 13:37:53" ,`id_visa_controleur` = 1  WHERE `id` = 6678
2024-11-12 13:37:53;INSERT INTO `pe_validations` (`type`,`id_vue`,`id_liaison`) VALUES (2 ,17 ,6678 )
2024-11-12 13:37:53;INSERT IGNORE INTO `pe_validations_lots` (`id_validation`, `id_lot`, `negoce`) VALUES  (11407, 5677, 0)
2024-11-12 13:37:59;UPDATE `pe_froid` SET `test_avant_fe` = 1 ,`test_avant_nfe` = 1 ,`test_avant_inox` = 1  WHERE `id` = 6675
2024-11-12 13:38:03;UPDATE `pe_froid` SET `temp_debut` = 2 ,`date_entree` = "2024-11-12 13:38:03" ,`id_user_debut` = 1 ,`id_user_maj` = 1  WHERE `id` = 6675
2024-11-12 13:38:05;UPDATE `pe_froid` SET `date_sortie` = "2024-11-12 13:38:05" ,`id_user_fin` = 1 ,`id_user_maj` = 1  WHERE `id` = 6675
2024-11-12 13:38:07;UPDATE `pe_froid` SET `temp_fin` = 2 ,`id_user_maj` = 1  WHERE `id` = 6675
2024-11-12 13:38:17;UPDATE `pe_froid` SET `test_avant_fe` = 1 ,`test_avant_nfe` = 1 ,`test_avant_inox` = 1  WHERE `id` = 6675
2024-11-12 13:38:20;INSERT INTO `pe_loma` (`id_lot_pdt_froid`,`test_pdt`,`commentaire`,`date_test`,`id_user_visa`) VALUES (31277 ,0 ,"" ,"2024-11-12 13:38:20" ,1 )
2024-11-12 13:38:20;INSERT INTO `pe_validations` (`type`,`id_vue`,`id_liaison`) VALUES (3 ,17 ,2953 )
2024-11-12 13:38:20;INSERT IGNORE INTO `pe_validations_lots` (`id_validation`, `id_lot`, `negoce`) VALUES  (11408, 5777, 0)
2024-11-12 13:38:22;UPDATE `pe_froid` SET `test_apres_fe` = 1 ,`test_apres_nfe` = 1 ,`test_apres_inox` = 1  WHERE `id` = 6675
2024-11-12 13:38:24;UPDATE `pe_froid` SET `statut` = 2 ,`conformite` = 1 ,`date_controle` = "2024-11-12 13:38:24" ,`id_visa_controleur` = 1  WHERE `id` = 6675
2024-11-12 13:38:24;INSERT INTO `pe_validations` (`type`,`id_vue`,`id_liaison`) VALUES (2 ,17 ,6675 )
2024-11-12 13:38:24;INSERT IGNORE INTO `pe_validations_lots` (`id_validation`, `id_lot`, `negoce`) VALUES  (11409, 5777, 0)
2024-11-12 13:38:26;UPDATE `pe_langues` SET `actif` = 1 WHERE `iso` = "FR"
2024-11-12 13:38:45;UPDATE `pe_langues` SET `actif` = 1 WHERE `iso` = "FR"
2024-11-12 13:38:57;UPDATE `pe_froid` SET `test_avant_fe` = 1 ,`test_avant_nfe` = 1 ,`test_avant_inox` = 1  WHERE `id` = 6685
2024-11-12 13:39:03;UPDATE `pe_froid` SET `statut` = 2 ,`conformite` = 1 ,`date_controle` = "2024-11-12 13:39:03" ,`id_visa_controleur` = 1  WHERE `id` = 6685
2024-11-12 13:39:03;INSERT INTO `pe_validations` (`type`,`id_vue`,`id_liaison`) VALUES (2 ,17 ,6685 )
2024-11-12 13:39:03;INSERT IGNORE INTO `pe_validations_lots` (`id_validation`, `id_lot`, `negoce`) VALUES  (11410, 5694, 0)
2024-11-12 13:39:09;UPDATE `pe_froid` SET `test_avant_fe` = 1 ,`test_avant_nfe` = 1 ,`test_avant_inox` = 1  WHERE `id` = 6654
2024-11-12 13:39:17;UPDATE `pe_froid` SET `date_sortie` = "2024-11-12 13:39:17" ,`id_user_fin` = 1 ,`id_user_maj` = 1  WHERE `id` = 6654
2024-11-12 13:39:20;UPDATE `pe_froid` SET `temp_fin` = 2 ,`id_user_maj` = 1  WHERE `id` = 6654
2024-11-12 13:39:22;UPDATE `pe_froid` SET `test_avant_fe` = 1 ,`test_avant_nfe` = 1 ,`test_avant_inox` = 1  WHERE `id` = 6654
2024-11-12 13:39:26;UPDATE `pe_froid` SET `test_apres_fe` = 1 ,`test_apres_nfe` = 1 ,`test_apres_inox` = 1  WHERE `id` = 6654
2024-11-12 13:39:50;UPDATE `pe_langues` SET `actif` = 1 WHERE `iso` = "FR"
2024-11-12 13:39:56;UPDATE `pe_langues` SET `actif` = 1 WHERE `iso` = "FR"
2024-11-12 13:40:13;UPDATE `pe_froid` SET `test_avant_fe` = 1 ,`test_avant_nfe` = 1 ,`test_avant_inox` = 1  WHERE `id` = 6654
2024-11-12 13:40:20;UPDATE `pe_langues` SET `actif` = 1 WHERE `iso` = "FR"
2024-11-12 13:42:12;UPDATE `pe_langues` SET `actif` = 1 WHERE `iso` = "FR"
2024-11-12 13:42:27;UPDATE `pe_langues` SET `actif` = 1 WHERE `iso` = "FR"
2024-11-12 13:46:40;UPDATE `pe_langues` SET `actif` = 1 WHERE `iso` = "FR"
2024-11-12 13:47:06;UPDATE `pe_langues` SET `actif` = 1 WHERE `iso` = "FR"
2024-11-12 13:51:57;UPDATE `pe_langues` SET `actif` = 1 WHERE `iso` = "FR"
2024-11-12 13:52:50;UPDATE `pe_langues` SET `actif` = 1 WHERE `iso` = "FR"
2024-11-12 13:53:34;UPDATE `pe_langues` SET `actif` = 1 WHERE `iso` = "FR"
2024-11-12 13:54:59;UPDATE `pe_langues` SET `actif` = 1 WHERE `iso` = "FR"
2024-11-12 13:55:08;UPDATE `pe_langues` SET `actif` = 1 WHERE `iso` = "FR"
2024-11-12 13:56:01;UPDATE `pe_langues` SET `actif` = 1 WHERE `iso` = "FR"
2024-11-12 13:56:11;UPDATE `pe_langues` SET `actif` = 1 WHERE `iso` = "FR"
2024-11-12 13:56:18;UPDATE `pe_langues` SET `actif` = 1 WHERE `iso` = "FR"
2024-11-12 13:56:28;UPDATE `pe_langues` SET `actif` = 1 WHERE `iso` = "FR"
2024-11-12 13:57:49;UPDATE `pe_langues` SET `actif` = 1 WHERE `iso` = "FR"
2024-11-12 13:58:16;UPDATE `pe_langues` SET `actif` = 1 WHERE `iso` = "FR"
2024-11-12 13:58:32;UPDATE `pe_langues` SET `actif` = 1 WHERE `iso` = "FR"
2024-11-12 13:59:25;UPDATE `pe_langues` SET `actif` = 1 WHERE `iso` = "FR"
2024-11-12 13:59:34;UPDATE `pe_langues` SET `actif` = 1 WHERE `iso` = "FR"
2024-11-12 13:59:50;UPDATE `pe_langues` SET `actif` = 1 WHERE `iso` = "FR"
2024-11-12 14:00:15;UPDATE `pe_langues` SET `actif` = 1 WHERE `iso` = "FR"
2024-11-12 14:39:36;UPDATE `pe_langues` SET `actif` = 1 WHERE `iso` = "FR"
2024-11-12 14:39:47;UPDATE `pe_langues` SET `actif` = 1 WHERE `iso` = "FR"
2024-11-12 14:43:31;INSERT INTO `pe_froid` (`supprime`,`id_type`,`statut`) VALUES (0 ,5 ,0 )
2024-11-12 14:43:31;INSERT INTO `pe_froid_produits` (`id_lot`,`id_pdt`,`id_froid`,`poids`,`date_add`,`loma`,`user_add`) VALUES (5694 ,380 ,6696 ,3 ,"2024-11-12 14:43:31" ,1 ,1 )
2024-11-12 14:43:53;UPDATE `pe_langues` SET `actif` = 1 WHERE `iso` = "FR"
2024-11-12 14:44:02;UPDATE `pe_froid` SET `temp_debut` = 2 ,`date_entree` = "2024-11-12 14:44:02" ,`id_user_debut` = 1 ,`id_user_maj` = 1  WHERE `id` = 6696
2024-11-12 14:44:06;UPDATE `pe_froid` SET `date_sortie` = "2024-11-12 14:44:06" ,`id_user_fin` = 1 ,`id_user_maj` = 1  WHERE `id` = 6696
2024-11-12 14:44:08;UPDATE `pe_froid` SET `temp_fin` = 2 ,`id_user_maj` = 1  WHERE `id` = 6696
2024-11-12 14:44:11;UPDATE `pe_froid` SET `test_avant_fe` = 1 ,`test_avant_nfe` = 1 ,`test_avant_inox` = 1  WHERE `id` = 6696
2024-11-12 14:44:13;INSERT INTO `pe_loma` (`id_lot_pdt_froid`,`test_pdt`,`commentaire`,`date_test`,`id_user_visa`) VALUES (31303 ,0 ,"" ,"2024-11-12 14:44:13" ,1 )
2024-11-12 14:44:13;INSERT INTO `pe_validations` (`type`,`id_vue`,`id_liaison`) VALUES (3 ,17 ,2954 )
2024-11-12 14:44:13;INSERT IGNORE INTO `pe_validations_lots` (`id_validation`, `id_lot`, `negoce`) VALUES  (11411, 5694, 0)
2024-11-12 14:44:17;UPDATE `pe_froid` SET `test_apres_fe` = 1 ,`test_apres_nfe` = 1 ,`test_apres_inox` = 1  WHERE `id` = 6696
2024-11-12 14:44:20;UPDATE `pe_langues` SET `actif` = 1 WHERE `iso` = "FR"
2024-11-12 15:29:51;UPDATE `pe_langues` SET `actif` = 1 WHERE `iso` = "FR"
2024-11-12 15:30:01;UPDATE `pe_langues` SET `actif` = 1 WHERE `iso` = "FR"
2024-11-12 15:30:07;UPDATE `pe_langues` SET `actif` = 1 WHERE `iso` = "FR"
2024-11-12 15:37:52;UPDATE `pe_langues` SET `actif` = 1 WHERE `iso` = "FR"
2024-11-12 15:48:22;UPDATE `pe_froid` SET `date_sortie` = "2024-11-12 15:48:22" ,`id_user_fin` = 1 ,`id_user_maj` = 1  WHERE `id` = 6644
2024-11-12 15:48:25;UPDATE `pe_froid` SET `temp_fin` = 2 ,`id_user_maj` = 1  WHERE `id` = 6644
2024-11-12 15:48:29;UPDATE `pe_froid` SET `test_avant_fe` = 1 ,`test_avant_nfe` = 1 ,`test_avant_inox` = 1  WHERE `id` = 6644
