2024-11-18 06:41:08;UPDATE `pe_langues` SET `actif` = 1 WHERE `iso` = "FR"
2024-11-18 06:41:08;UPDATE `pe_consommables` SET `id_precedent` = 0, `date_upd` = null WHERE `date_upd` < CURDATE()
2024-11-18 06:42:50;UPDATE `pe_langues` SET `actif` = 1 WHERE `iso` = "FR"
2024-11-18 06:42:50;UPDATE `pe_consommables` SET `id_precedent` = 0, `date_upd` = null WHERE `date_upd` < CURDATE()
2024-11-18 06:48:29;UPDATE `pe_produits` SET `poids` = 0 ,`nom_court` = "ANDOUILLE CHEVAL" ,`code` = 40200 ,`id_espece` = 2 ,`ean13` = 3700293551537 ,`ean14` = 93700293551530 ,`date_maj` = "2024-11-18 06:48:29" ,`actif` = 1 ,`nb_colis` = 0 ,`mixte` = 0 ,`ean7` = "" ,`ean7_type` = 0 ,`vrac` = 0 ,`id_client` = 0 ,`vendu_piece` = 0 ,`pdt_gros` = 0 ,`id_taxe` = 3 ,`stats` = 1 ,`id_pdt_emballage` = 1 ,`pcb` = 0 ,`poids_unitaire` = 0 ,`nomenclature` = 02050020 ,`vendu_negoce` = 1 ,`nb_jours_dlc` = 15  WHERE `id` = 445
2024-11-18 06:48:29;UPDATE `pe_produit_trad` SET `nom` = "ANDOUILLE CHEVAL"  WHERE `id_produit` = 445 AND `id_langue` = 1
2024-11-18 06:48:29;DELETE FROM `pe_produit_trad` WHERE `id_produit` = 445 AND `id_langue` = 2
2024-11-18 06:48:29;DELETE FROM `pe_produits_categories_pdt` WHERE `id_produit` = 445
2024-11-18 06:48:29;DELETE FROM `pe_produits_emballages` WHERE `id_produit` = 445
2024-11-18 06:48:29;INSERT IGNORE INTO `pe_produits_emballages` (`id_produit`, `id_famille_emballage`) VALUES (445, 7)
2024-11-18 06:48:29;DELETE FROM `pe_produits_froid_types` WHERE `id_pdt` = 445
2024-11-18 07:06:16;UPDATE `pe_produits` SET `nom_court` = "PLUCHE CHEVAL" ,`code` = 30300 ,`id_espece` = 1 ,`ean13` = 3700293503154 ,`ean14` = 93700293503157 ,`date_maj` = "2024-11-18 07:06:16" ,`actif` = 1 ,`poids` = 20 ,`nb_colis` = 52 ,`mixte` = 0 ,`ean7` = "" ,`ean7_type` = 0 ,`vrac` = 0 ,`id_client` = 0 ,`vendu_piece` = 0 ,`pdt_gros` = 0 ,`id_taxe` = 3 ,`stats` = 0 ,`id_pdt_emballage` = 1 ,`pcb` = 0 ,`poids_unitaire` = 0 ,`nomenclature` = 02050080 ,`vendu_negoce` = 0 ,`nb_jours_dlc` = 730  WHERE `id` = 75
2024-11-18 07:06:16;UPDATE `pe_produit_trad` SET `nom` = "APONEVROSE CHEVAL CONGELE"  WHERE `id_produit` = 75 AND `id_langue` = 1
2024-11-18 07:06:16;UPDATE `pe_produit_trad` SET `nom` = "FROZEN HORSE APONEVROSIS"  WHERE `id_produit` = 75 AND `id_langue` = 2
2024-11-18 07:06:16;DELETE FROM `pe_produits_categories_pdt` WHERE `id_produit` = 75
2024-11-18 07:06:16;INSERT INTO `pe_produits_categories_pdt` (`id_produit`, `id_categorie`) VALUES (75, 5)
2024-11-18 07:06:16;DELETE FROM `pe_produits_emballages` WHERE `id_produit` = 75
2024-11-18 07:06:16;INSERT IGNORE INTO `pe_produits_emballages` (`id_produit`, `id_famille_emballage`) VALUES (75, 11),(75, 20)
2024-11-18 07:06:16;DELETE FROM `pe_produits_froid_types` WHERE `id_pdt` = 75
2024-11-18 07:06:16;INSERT INTO `pe_produits_froid_types` (`id_pdt`, `id_froid_type`) VALUES (75, 5)
2024-11-18 07:06:16;INSERT INTO `pe_produits_froid_types` (`id_pdt`, `id_froid_type`) VALUES (75, 3)
2024-11-18 07:06:25;UPDATE `pe_produits` SET `poids` = 0 ,`nom_court` = "ANE CARCASSE ENTIER" ,`code` = 2222 ,`id_espece` = 5 ,`ean13` = 3700293551827 ,`ean14` = 93700293551820 ,`date_maj` = "2024-11-18 07:06:25" ,`actif` = 1 ,`nb_colis` = 0 ,`mixte` = 0 ,`ean7` = "" ,`ean7_type` = 0 ,`vrac` = 0 ,`id_client` = 0 ,`vendu_piece` = 0 ,`pdt_gros` = 0 ,`id_taxe` = 3 ,`stats` = 0 ,`id_pdt_emballage` = 2 ,`pcb` = 0 ,`poids_unitaire` = 0 ,`nomenclature` = 02050020 ,`vendu_negoce` = 1 ,`nb_jours_dlc` = 7  WHERE `id` = 473
2024-11-18 07:06:25;UPDATE `pe_produit_trad` SET `nom` = "ANE CARCASSE ENTIER"  WHERE `id_produit` = 473 AND `id_langue` = 1
2024-11-18 07:06:25;DELETE FROM `pe_produit_trad` WHERE `id_produit` = 473 AND `id_langue` = 2
2024-11-18 07:06:25;DELETE FROM `pe_produits_categories_pdt` WHERE `id_produit` = 473
2024-11-18 07:06:25;DELETE FROM `pe_produits_emballages` WHERE `id_produit` = 473
2024-11-18 07:06:25;DELETE FROM `pe_produits_froid_types` WHERE `id_pdt` = 473
2024-11-18 07:06:36;UPDATE `pe_produits` SET `poids` = 0 ,`nom_court` = "APONEVROSE CHEVAL" ,`code` = 30397 ,`id_espece` = 1 ,`ean13` = 3700293551049 ,`ean14` = 93700293551042 ,`date_maj` = "2024-11-18 07:06:36" ,`actif` = 1 ,`nb_colis` = 0 ,`mixte` = 0 ,`ean7` = "" ,`ean7_type` = 0 ,`vrac` = 0 ,`id_client` = 0 ,`vendu_piece` = 0 ,`pdt_gros` = 0 ,`id_taxe` = 3 ,`stats` = 0 ,`id_pdt_emballage` = 1 ,`pcb` = 0 ,`poids_unitaire` = 0 ,`nomenclature` = 02050020 ,`vendu_negoce` = 1 ,`nb_jours_dlc` = 16  WHERE `id` = 395
2024-11-18 07:06:36;UPDATE `pe_produit_trad` SET `nom` = "APONEVROSE CHEVAL"  WHERE `id_produit` = 395 AND `id_langue` = 1
2024-11-18 07:06:36;DELETE FROM `pe_produit_trad` WHERE `id_produit` = 395 AND `id_langue` = 2
2024-11-18 07:06:36;DELETE FROM `pe_produits_categories_pdt` WHERE `id_produit` = 395
2024-11-18 07:06:36;DELETE FROM `pe_produits_emballages` WHERE `id_produit` = 395
2024-11-18 07:06:36;INSERT IGNORE INTO `pe_produits_emballages` (`id_produit`, `id_famille_emballage`) VALUES (395, 6),(395, 7),(395, 8)
2024-11-18 07:06:36;DELETE FROM `pe_produits_froid_types` WHERE `id_pdt` = 395
2024-11-18 07:08:02;INSERT INTO `pe_lots_negoce` (`date_add`,`visible`,`id_fournisseur`,`num_bl`,`ddm`,`dlc`,`id_pdt`,`id_espece`,`poids_fournisseur`,`poids_reception`,`date_reception`,`date_entree`) VALUES ("2024-11-18 07:08:02" ,1 ,50 ,"BL18112024" ,"2024-11-21" ,"2024-11-19" ,395 ,1 ,50 ,60 ,"2024-11-18" ,"2024-11-18" )
2024-11-18 07:08:02;INSERT INTO `pe_lots_negoce` (`date_add`,`visible`,`id_fournisseur`,`num_bl`,`ddm`,`dlc`,`id_pdt`,`id_espece`,`poids_fournisseur`,`poids_reception`,`date_reception`,`date_entree`) VALUES ("2024-11-18 07:08:02" ,1 ,50 ,"BL18112024" ,"2024-11-21" ,"2024-11-19" ,395 ,2 ,50 ,60 ,"2024-11-18" ,"2024-11-18" )
2024-11-18 07:08:21;UPDATE `pe_lots_negoce` SET `visible` = 0  WHERE `id` = 52
2024-11-18 07:08:21;UPDATE `pe_lots_negoce` SET `visible` = 1  WHERE `id` = 52
2024-11-18 07:08:42;UPDATE `pe_lots_negoce` SET `num_bl` = "BL18112024"  WHERE `id` = 52
2024-11-18 07:09:38;UPDATE `pe_bl_lignes` SET `supprime` = 1 WHERE `supprime` = 0  AND `id_bl` IN (SELECT `id` FROM `pe_bl` WHERE `supprime` = 1)
2024-11-18 07:23:28;INSERT INTO `pe_documents` (`nom`,`supprime`,`date`,`filename`,`lot_id`,`type_lot`,`type_id`) VALUES ("Attestations" ,0 ,"2024-11-18 07:23:28" ,"20241118072328.pdf" ,52 ,1 ,22 )
2024-11-18 07:30:42;UPDATE `pe_lots_negoce` SET `supprime` = 1  WHERE `id` = 44
2024-11-18 07:30:49;UPDATE `pe_lots_negoce` SET `supprime` = 1  WHERE `id` = 46
2024-11-18 07:30:54;UPDATE `pe_lots_negoce` SET `supprime` = 1  WHERE `id` = 45
2024-11-18 07:30:59;UPDATE `pe_lots_negoce` SET `supprime` = 1  WHERE `id` = 43
2024-11-18 07:31:04;UPDATE `pe_lots_negoce` SET `supprime` = 1  WHERE `id` = 47
2024-11-18 07:36:11;UPDATE `pe_lots_negoce` SET `num_bl` = "BL18112024" ,`id_espece` = 395  WHERE `id` = 52
2024-11-18 07:37:34;UPDATE `pe_lots_negoce` SET `num_bl` = "BL18112024" ,`id_espece` = 171  WHERE `id` = 52
2024-11-18 07:40:00;UPDATE `pe_lots_negoce` SET `num_bl` = "TEST2024" ,`id_fournisseur` = 49 ,`id_espece` = 473 ,`ddm` = "" ,`dlc` = ""  WHERE `id` = 40
2024-11-18 07:41:48;UPDATE `pe_lots_negoce` SET `num_bl` = "BL18112024" ,`id_espece` = 16  WHERE `id` = 52
2024-11-18 07:42:19;UPDATE `pe_lots_negoce` SET `num_bl` = "BL18112024"  WHERE `id` = 52
2024-11-18 07:42:29;UPDATE `pe_lots_negoce` SET `visible` = 0  WHERE `id` = 52
2024-11-18 07:42:30;UPDATE `pe_lots_negoce` SET `visible` = 1  WHERE `id` = 52
2024-11-18 07:46:03;UPDATE `pe_lots_negoce` SET `supprime` = 1  WHERE `id` = 52
2024-11-18 07:46:03;UPDATE `pe_lots_negoce` SET `supprime` = 1  WHERE `id` = 52
2024-11-18 07:50:51;UPDATE `pe_lots_negoce` SET `visible` = 0  WHERE `id` = 51
2024-11-18 07:51:04;UPDATE `pe_lots_negoce` SET `num_bl` = "DFDFDDFDFD"  WHERE `id` = 42
2024-11-18 07:53:58;UPDATE `pe_lots_negoce` SET `visible` = 1  WHERE `id` = 51
2024-11-18 07:54:25;UPDATE `pe_bl_lignes` SET `supprime` = 1 WHERE `supprime` = 0  AND `id_bl` IN (SELECT `id` FROM `pe_bl` WHERE `supprime` = 1)
2024-11-18 07:55:03;UPDATE `pe_lots_negoce` SET `supprime` = 1  WHERE `id` = 51
2024-11-18 07:55:21;UPDATE `pe_lots_negoce` SET `supprime` = 1  WHERE `id` = 40
2024-11-18 07:55:21;UPDATE `pe_lots_negoce` SET `supprime` = 1  WHERE `id` = 40
2024-11-18 08:31:09;UPDATE `pe_lots_negoce` SET `supprime` = 1  WHERE `id` = 42
2024-11-18 08:53:05;UPDATE `pe_lots_negoce` SET `num_bl` = "BL25152024"  WHERE `id` = 50
2024-11-18 08:55:56;UPDATE `pe_langues` SET `actif` = 1 WHERE `iso` = "FR"
2024-11-18 08:56:18;INSERT INTO `pe_nett_signatures` (`id_user`,`date`) VALUES (1 ,"2024-11-18 08:56:18" )
2024-11-18 08:56:48;UPDATE `pe_langues` SET `actif` = 1 WHERE `iso` = "FR"
2024-11-18 08:56:48;UPDATE `pe_consommables` SET `id_precedent` = 0, `date_upd` = null WHERE `date_upd` < CURDATE()
2024-11-18 09:25:58;UPDATE `pe_langues` SET `actif` = 1 WHERE `iso` = "FR"
2024-11-18 09:25:58;UPDATE `pe_consommables` SET `id_precedent` = 0, `date_upd` = null WHERE `date_upd` < CURDATE()
2024-11-18 09:30:47;UPDATE `pe_langues` SET `actif` = 1 WHERE `iso` = "FR"
2024-11-18 09:30:47;UPDATE `pe_consommables` SET `id_precedent` = 0, `date_upd` = null WHERE `date_upd` < CURDATE()
2024-11-18 09:44:28;UPDATE `pe_produits` SET `poids` = 0 ,`nom_court` = "PIECE BISON PAD" ,`code` = 242642 ,`id_espece` = 16 ,`ean13` = 3700293501327 ,`ean14` = 93700293501320 ,`date_maj` = "2024-11-18 09:44:28" ,`actif` = 1 ,`nb_colis` = 0 ,`mixte` = 0 ,`ean7` = 2392903 ,`ean7_type` = 0 ,`vrac` = 0 ,`id_client` = 0 ,`vendu_piece` = 0 ,`pdt_gros` = 0 ,`id_taxe` = 3 ,`stats` = 0 ,`id_pdt_emballage` = 1 ,`pcb` = 0 ,`poids_unitaire` = 0 ,`nomenclature` = "" ,`vendu_negoce` = 1 ,`nb_jours_dlc` = 22  WHERE `id` = 172
2024-11-18 09:44:28;UPDATE `pe_produit_trad` SET `nom` = "PIECE BISON PAD FRAIS"  WHERE `id_produit` = 172 AND `id_langue` = 1
2024-11-18 09:44:28;DELETE FROM `pe_produit_trad` WHERE `id_produit` = 172 AND `id_langue` = 2
2024-11-18 09:44:28;DELETE FROM `pe_produits_categories_pdt` WHERE `id_produit` = 172
2024-11-18 09:44:28;DELETE FROM `pe_produits_emballages` WHERE `id_produit` = 172
2024-11-18 09:44:28;DELETE FROM `pe_produits_froid_types` WHERE `id_pdt` = 172
2024-11-18 09:49:41;INSERT INTO `pe_lots_negoce` (`date_add`,`visible`,`id_fournisseur`,`num_bl`,`ddm`,`dlc`,`id_pdt`,`id_espece`,`date_reception`,`date_entree`) VALUES ("2024-11-18 09:49:41" ,1 ,50 ,124512 ,"" ,"" ,0 ,1 ,"2024-11-18" ,"2024-11-18" )
2024-11-18 09:55:41;INSERT INTO `pe_negoce_produits` (`poids`,`id_palette`,`supprime`,`date_add`,`id_lot_negoce`,`id_pdt`,`nb_cartons`,`traite`,`user_add`,`num_lot`,`dlc`) VALUES (10 ,0 ,0 ,"2024-11-18 09:55:41" ,53 ,75 ,10 ,0 ,1 ,1245 ,"2024-11-05" )
2024-11-18 09:56:36;UPDATE `pe_bl` SET `supprime` = 1 WHERE `id` IN (1,3,4,9,10,40,42,51,53,65,72,80,81,84,85,86,88,93,96,108,111,112,139,140,147,150,160,168,173,174,176,182,191,195,196,199,202,203,211,236,237,247,248,251,252,274,275,276,282,284,285,287,298,301,307,308,310,311,336,343,366,367,379,380,401,402,403,404,407,409,411,502,510,512,521,527,534,568,569,641,691,692,715,716,717,718,719,720,721,722,730,731,797,856,957,1038,1040,1041,1062,1087,1101,1110,1125,1142,1143,1144,1243,1343,1378,1514,1533,1565,1571,1642,1676,1771,1814,1832,1860,1881,1929,1943,1992,2004,2039,2040,2041,2042,2106,2132,2133,2145,2146,2184,2195,2197,2201,2205,2210,2216,2223,2230,2238,2275,2290,2304,2318,2354,2508,2529,2584,2585,2588,2646,2681,2687,2692,2694,2706,2713,2714,2911,3003,3007,3042,3062,3080,3081,3098,3155,3204,3215,3267,3271,3273,3360,3449,3464,3479,3526,3615,3635,3643,3653,3688,3706,3707,3711,3794,3804,3888,3965,3982,3983,4112,4209,4223,4232,4233,4307,4308,4336,4439,4463,4472,4473,4474,4514,4526,4530,4531,4557,4568,4679,4703,4711,4713,4720,4737,4816,4976,5054,5083,5095,5124,5150,5253,5295,5334,5376,5411,5413,5415,5423,5481,5486,5492,5554,5631,5632,5669,5689,5714,5812,5874,5914,5941,5948,6004,6068,6118,6121,6160,6163,6260,6322,6379,6464,6506,6570,6608,6712,6780,6799,6800,6926,7004,7256,7369,7575,7610,7641,7713,7747,7749,7849,7856,8026,8028,8035,8041,8043,8046,8061,8092,8181,8254,8257,8259,8337,8339,8340,8341,8342,8343,8344,8345,8346,8347,8348,8349,8350,8351,8352,8353,8355,8356,8359,8360,8361,8362,8363,8364,8365,8370,8371,8375,8377,8380,8387)
2024-11-18 09:56:38;INSERT INTO `pe_bl` (`num_bl`,`supprime`,`statut`,`date`) VALUES ("BL2411003" ,0 ,1 ,"2024-11-18" )
2024-11-18 10:02:35;UPDATE `pe_bl` SET `supprime` = 1 WHERE `id` IN (1,3,4,9,10,40,42,51,53,65,72,80,81,84,85,86,88,93,96,108,111,112,139,140,147,150,160,168,173,174,176,182,191,195,196,199,202,203,211,236,237,247,248,251,252,274,275,276,282,284,285,287,298,301,307,308,310,311,336,343,366,367,379,380,401,402,403,404,407,409,411,502,510,512,521,527,534,568,569,641,691,692,715,716,717,718,719,720,721,722,730,731,797,856,957,1038,1040,1041,1062,1087,1101,1110,1125,1142,1143,1144,1243,1343,1378,1514,1533,1565,1571,1642,1676,1771,1814,1832,1860,1881,1929,1943,1992,2004,2039,2040,2041,2042,2106,2132,2133,2145,2146,2184,2195,2197,2201,2205,2210,2216,2223,2230,2238,2275,2290,2304,2318,2354,2508,2529,2584,2585,2588,2646,2681,2687,2692,2694,2706,2713,2714,2911,3003,3007,3042,3062,3080,3081,3098,3155,3204,3215,3267,3271,3273,3360,3449,3464,3479,3526,3615,3635,3643,3653,3688,3706,3707,3711,3794,3804,3888,3965,3982,3983,4112,4209,4223,4232,4233,4307,4308,4336,4439,4463,4472,4473,4474,4514,4526,4530,4531,4557,4568,4679,4703,4711,4713,4720,4737,4816,4976,5054,5083,5095,5124,5150,5253,5295,5334,5376,5411,5413,5415,5423,5481,5486,5492,5554,5631,5632,5669,5689,5714,5812,5874,5914,5941,5948,6004,6068,6118,6121,6160,6163,6260,6322,6379,6464,6506,6570,6608,6712,6780,6799,6800,6926,7004,7256,7369,7575,7610,7641,7713,7747,7749,7849,7856,8026,8028,8035,8041,8043,8046,8061,8092,8181,8254,8257,8259,8337,8339,8340,8341,8342,8343,8344,8345,8346,8347,8348,8349,8350,8351,8352,8353,8355,8356,8359,8360,8361,8362,8363,8364,8365,8370,8371,8375,8377,8380,8387,8388)
2024-11-18 10:05:50;UPDATE `pe_langues` SET `actif` = 1 WHERE `iso` = "FR"
2024-11-18 11:36:43;UPDATE `pe_bl` SET `supprime` = 1 WHERE `id` IN (1,3,4,9,10,40,42,51,53,65,72,80,81,84,85,86,88,93,96,108,111,112,139,140,147,150,160,168,173,174,176,182,191,195,196,199,202,203,211,236,237,247,248,251,252,274,275,276,282,284,285,287,298,301,307,308,310,311,336,343,366,367,379,380,401,402,403,404,407,409,411,502,510,512,521,527,534,568,569,641,691,692,715,716,717,718,719,720,721,722,730,731,797,856,957,1038,1040,1041,1062,1087,1101,1110,1125,1142,1143,1144,1243,1343,1378,1514,1533,1565,1571,1642,1676,1771,1814,1832,1860,1881,1929,1943,1992,2004,2039,2040,2041,2042,2106,2132,2133,2145,2146,2184,2195,2197,2201,2205,2210,2216,2223,2230,2238,2275,2290,2304,2318,2354,2508,2529,2584,2585,2588,2646,2681,2687,2692,2694,2706,2713,2714,2911,3003,3007,3042,3062,3080,3081,3098,3155,3204,3215,3267,3271,3273,3360,3449,3464,3479,3526,3615,3635,3643,3653,3688,3706,3707,3711,3794,3804,3888,3965,3982,3983,4112,4209,4223,4232,4233,4307,4308,4336,4439,4463,4472,4473,4474,4514,4526,4530,4531,4557,4568,4679,4703,4711,4713,4720,4737,4816,4976,5054,5083,5095,5124,5150,5253,5295,5334,5376,5411,5413,5415,5423,5481,5486,5492,5554,5631,5632,5669,5689,5714,5812,5874,5914,5941,5948,6004,6068,6118,6121,6160,6163,6260,6322,6379,6464,6506,6570,6608,6712,6780,6799,6800,6926,7004,7256,7369,7575,7610,7641,7713,7747,7749,7849,7856,8026,8028,8035,8041,8043,8046,8061,8092,8181,8254,8257,8259,8337,8339,8340,8341,8342,8343,8344,8345,8346,8347,8348,8349,8350,8351,8352,8353,8355,8356,8359,8360,8361,8362,8363,8364,8365,8370,8371,8375,8377,8380,8387,8388)
2024-11-18 11:36:46;INSERT INTO `pe_bl` (`num_bl`,`supprime`,`statut`,`date`) VALUES ("BL2411004" ,0 ,1 ,"2024-11-18" )
2024-11-18 11:40:49;INSERT INTO `pe_lots_negoce` (`date_add`,`visible`,`id_fournisseur`,`num_bl`,`ddm`,`dlc`,`id_pdt`,`id_espece`,`date_reception`,`date_entree`) VALUES ("2024-11-18 11:40:49" ,1 ,49 ,"BL12536254" ,"" ,"" ,0 ,1 ,"2024-11-18" ,"2024-11-18" )
2024-11-18 11:40:49;INSERT INTO `pe_lots_negoce` (`date_add`,`visible`,`id_fournisseur`,`num_bl`,`ddm`,`dlc`,`id_pdt`,`id_espece`,`date_reception`,`date_entree`) VALUES ("2024-11-18 11:40:49" ,1 ,49 ,"BL12536254" ,"" ,"" ,0 ,2 ,"2024-11-18" ,"2024-11-18" )
2024-11-18 11:41:18;INSERT INTO `pe_lots_negoce` (`date_add`,`visible`,`id_fournisseur`,`num_bl`,`ddm`,`dlc`,`id_pdt`,`id_espece`,`date_reception`,`date_entree`) VALUES ("2024-11-18 11:41:18" ,1 ,49 ,"BL30000" ,"" ,"" ,0 ,1 ,"2024-11-19" ,"2024-11-19" )
2024-11-18 11:41:18;INSERT INTO `pe_lots_negoce` (`date_add`,`visible`,`id_fournisseur`,`num_bl`,`ddm`,`dlc`,`id_pdt`,`id_espece`,`date_reception`,`date_entree`) VALUES ("2024-11-18 11:41:18" ,1 ,49 ,"BL30000" ,"" ,"" ,0 ,2 ,"2024-11-19" ,"2024-11-19" )
2024-11-18 11:48:48;INSERT INTO `pe_negoce_produits` (`poids`,`id_palette`,`supprime`,`date_add`,`id_lot_negoce`,`id_pdt`,`nb_cartons`,`traite`,`user_add`,`num_lot`,`dlc`) VALUES (20 ,0 ,0 ,"2024-11-18 11:48:48" ,57 ,445 ,2 ,0 ,1 ,"" ,"2024-11-18" )
2024-11-18 12:08:10;UPDATE `pe_bl` SET `supprime` = 1 WHERE `id` IN (1,3,4,9,10,40,42,51,53,65,72,80,81,84,85,86,88,93,96,108,111,112,139,140,147,150,160,168,173,174,176,182,191,195,196,199,202,203,211,236,237,247,248,251,252,274,275,276,282,284,285,287,298,301,307,308,310,311,336,343,366,367,379,380,401,402,403,404,407,409,411,502,510,512,521,527,534,568,569,641,691,692,715,716,717,718,719,720,721,722,730,731,797,856,957,1038,1040,1041,1062,1087,1101,1110,1125,1142,1143,1144,1243,1343,1378,1514,1533,1565,1571,1642,1676,1771,1814,1832,1860,1881,1929,1943,1992,2004,2039,2040,2041,2042,2106,2132,2133,2145,2146,2184,2195,2197,2201,2205,2210,2216,2223,2230,2238,2275,2290,2304,2318,2354,2508,2529,2584,2585,2588,2646,2681,2687,2692,2694,2706,2713,2714,2911,3003,3007,3042,3062,3080,3081,3098,3155,3204,3215,3267,3271,3273,3360,3449,3464,3479,3526,3615,3635,3643,3653,3688,3706,3707,3711,3794,3804,3888,3965,3982,3983,4112,4209,4223,4232,4233,4307,4308,4336,4439,4463,4472,4473,4474,4514,4526,4530,4531,4557,4568,4679,4703,4711,4713,4720,4737,4816,4976,5054,5083,5095,5124,5150,5253,5295,5334,5376,5411,5413,5415,5423,5481,5486,5492,5554,5631,5632,5669,5689,5714,5812,5874,5914,5941,5948,6004,6068,6118,6121,6160,6163,6260,6322,6379,6464,6506,6570,6608,6712,6780,6799,6800,6926,7004,7256,7369,7575,7610,7641,7713,7747,7749,7849,7856,8026,8028,8035,8041,8043,8046,8061,8092,8181,8254,8257,8259,8337,8339,8340,8341,8342,8343,8344,8345,8346,8347,8348,8349,8350,8351,8352,8353,8355,8356,8359,8360,8361,8362,8363,8364,8365,8370,8371,8375,8377,8380,8387,8388,8389)
2024-11-18 12:08:13;INSERT INTO `pe_bl` (`num_bl`,`supprime`,`statut`,`date`) VALUES ("BL2411005" ,0 ,1 ,"2024-11-18" )
2024-11-18 12:08:38;UPDATE `pe_bl` SET `supprime` = 1 WHERE `id` IN (1,3,4,9,10,40,42,51,53,65,72,80,81,84,85,86,88,93,96,108,111,112,139,140,147,150,160,168,173,174,176,182,191,195,196,199,202,203,211,236,237,247,248,251,252,274,275,276,282,284,285,287,298,301,307,308,310,311,336,343,366,367,379,380,401,402,403,404,407,409,411,502,510,512,521,527,534,568,569,641,691,692,715,716,717,718,719,720,721,722,730,731,797,856,957,1038,1040,1041,1062,1087,1101,1110,1125,1142,1143,1144,1243,1343,1378,1514,1533,1565,1571,1642,1676,1771,1814,1832,1860,1881,1929,1943,1992,2004,2039,2040,2041,2042,2106,2132,2133,2145,2146,2184,2195,2197,2201,2205,2210,2216,2223,2230,2238,2275,2290,2304,2318,2354,2508,2529,2584,2585,2588,2646,2681,2687,2692,2694,2706,2713,2714,2911,3003,3007,3042,3062,3080,3081,3098,3155,3204,3215,3267,3271,3273,3360,3449,3464,3479,3526,3615,3635,3643,3653,3688,3706,3707,3711,3794,3804,3888,3965,3982,3983,4112,4209,4223,4232,4233,4307,4308,4336,4439,4463,4472,4473,4474,4514,4526,4530,4531,4557,4568,4679,4703,4711,4713,4720,4737,4816,4976,5054,5083,5095,5124,5150,5253,5295,5334,5376,5411,5413,5415,5423,5481,5486,5492,5554,5631,5632,5669,5689,5714,5812,5874,5914,5941,5948,6004,6068,6118,6121,6160,6163,6260,6322,6379,6464,6506,6570,6608,6712,6780,6799,6800,6926,7004,7256,7369,7575,7610,7641,7713,7747,7749,7849,7856,8026,8028,8035,8041,8043,8046,8061,8092,8181,8254,8257,8259,8337,8339,8340,8341,8342,8343,8344,8345,8346,8347,8348,8349,8350,8351,8352,8353,8355,8356,8359,8360,8361,8362,8363,8364,8365,8370,8371,8375,8377,8380,8387,8388,8389,8390)
2024-11-18 12:10:28;INSERT INTO `pe_bl` (`num_bl`,`supprime`,`statut`,`date`) VALUES ("BL2411006" ,0 ,1 ,"2024-11-18" )
2024-11-18 12:11:32;UPDATE `pe_bl` SET `supprime` = 1 WHERE `id` IN (1,3,4,9,10,40,42,51,53,65,72,80,81,84,85,86,88,93,96,108,111,112,139,140,147,150,160,168,173,174,176,182,191,195,196,199,202,203,211,236,237,247,248,251,252,274,275,276,282,284,285,287,298,301,307,308,310,311,336,343,366,367,379,380,401,402,403,404,407,409,411,502,510,512,521,527,534,568,569,641,691,692,715,716,717,718,719,720,721,722,730,731,797,856,957,1038,1040,1041,1062,1087,1101,1110,1125,1142,1143,1144,1243,1343,1378,1514,1533,1565,1571,1642,1676,1771,1814,1832,1860,1881,1929,1943,1992,2004,2039,2040,2041,2042,2106,2132,2133,2145,2146,2184,2195,2197,2201,2205,2210,2216,2223,2230,2238,2275,2290,2304,2318,2354,2508,2529,2584,2585,2588,2646,2681,2687,2692,2694,2706,2713,2714,2911,3003,3007,3042,3062,3080,3081,3098,3155,3204,3215,3267,3271,3273,3360,3449,3464,3479,3526,3615,3635,3643,3653,3688,3706,3707,3711,3794,3804,3888,3965,3982,3983,4112,4209,4223,4232,4233,4307,4308,4336,4439,4463,4472,4473,4474,4514,4526,4530,4531,4557,4568,4679,4703,4711,4713,4720,4737,4816,4976,5054,5083,5095,5124,5150,5253,5295,5334,5376,5411,5413,5415,5423,5481,5486,5492,5554,5631,5632,5669,5689,5714,5812,5874,5914,5941,5948,6004,6068,6118,6121,6160,6163,6260,6322,6379,6464,6506,6570,6608,6712,6780,6799,6800,6926,7004,7256,7369,7575,7610,7641,7713,7747,7749,7849,7856,8026,8028,8035,8041,8043,8046,8061,8092,8181,8254,8257,8259,8337,8339,8340,8341,8342,8343,8344,8345,8346,8347,8348,8349,8350,8351,8352,8353,8355,8356,8359,8360,8361,8362,8363,8364,8365,8370,8371,8375,8377,8380,8387,8388,8389,8390,8391)
2024-11-18 12:13:15;UPDATE `pe_bl` SET `supprime` = 1 WHERE `id` IN (1,3,4,9,10,40,42,51,53,65,72,80,81,84,85,86,88,93,96,108,111,112,139,140,147,150,160,168,173,174,176,182,191,195,196,199,202,203,211,236,237,247,248,251,252,274,275,276,282,284,285,287,298,301,307,308,310,311,336,343,366,367,379,380,401,402,403,404,407,409,411,502,510,512,521,527,534,568,569,641,691,692,715,716,717,718,719,720,721,722,730,731,797,856,957,1038,1040,1041,1062,1087,1101,1110,1125,1142,1143,1144,1243,1343,1378,1514,1533,1565,1571,1642,1676,1771,1814,1832,1860,1881,1929,1943,1992,2004,2039,2040,2041,2042,2106,2132,2133,2145,2146,2184,2195,2197,2201,2205,2210,2216,2223,2230,2238,2275,2290,2304,2318,2354,2508,2529,2584,2585,2588,2646,2681,2687,2692,2694,2706,2713,2714,2911,3003,3007,3042,3062,3080,3081,3098,3155,3204,3215,3267,3271,3273,3360,3449,3464,3479,3526,3615,3635,3643,3653,3688,3706,3707,3711,3794,3804,3888,3965,3982,3983,4112,4209,4223,4232,4233,4307,4308,4336,4439,4463,4472,4473,4474,4514,4526,4530,4531,4557,4568,4679,4703,4711,4713,4720,4737,4816,4976,5054,5083,5095,5124,5150,5253,5295,5334,5376,5411,5413,5415,5423,5481,5486,5492,5554,5631,5632,5669,5689,5714,5812,5874,5914,5941,5948,6004,6068,6118,6121,6160,6163,6260,6322,6379,6464,6506,6570,6608,6712,6780,6799,6800,6926,7004,7256,7369,7575,7610,7641,7713,7747,7749,7849,7856,8026,8028,8035,8041,8043,8046,8061,8092,8181,8254,8257,8259,8337,8339,8340,8341,8342,8343,8344,8345,8346,8347,8348,8349,8350,8351,8352,8353,8355,8356,8359,8360,8361,8362,8363,8364,8365,8370,8371,8375,8377,8380,8387,8388,8389,8390,8391)
2024-11-18 12:14:34;INSERT INTO `pe_bl` (`num_bl`,`supprime`,`statut`,`date`) VALUES ("BL2411007" ,0 ,1 ,"2024-11-18" )
2024-11-18 12:26:12;UPDATE `pe_langues` SET `actif` = 1 WHERE `iso` = "FR"
2024-11-18 12:26:12;UPDATE `pe_consommables` SET `id_precedent` = 0, `date_upd` = null WHERE `date_upd` < CURDATE()
2024-11-18 12:26:44;UPDATE `pe_langues` SET `actif` = 1 WHERE `iso` = "FR"
2024-11-18 12:26:44;UPDATE `pe_consommables` SET `id_precedent` = 0, `date_upd` = null WHERE `date_upd` < CURDATE()
2024-11-18 12:52:54;INSERT INTO `pe_lots_negoce` (`date_add`,`visible`,`id_fournisseur`,`num_bl`,`ddm`,`dlc`,`id_pdt`,`id_espece`,`date_reception`,`date_entree`) VALUES ("2024-11-18 12:52:54" ,1 ,44 ,"BL2447B" ,"" ,"" ,0 ,1 ,"2024-11-19" ,"2024-11-19" )
2024-11-18 12:52:54;INSERT INTO `pe_lots_negoce` (`date_add`,`visible`,`id_fournisseur`,`num_bl`,`ddm`,`dlc`,`id_pdt`,`id_espece`,`date_reception`,`date_entree`) VALUES ("2024-11-18 12:52:54" ,1 ,44 ,"BL2447B" ,"" ,"" ,0 ,2 ,"2024-11-19" ,"2024-11-19" )
2024-11-18 12:54:47;UPDATE `pe_lots_negoce` SET `supprime` = 1  WHERE `id` = 59
2024-11-18 12:58:08;UPDATE `pe_lots` SET `date_abattage` = "2024-11-13" ,`date_reception` = "2024-11-19" ,`id_abattoir` = 51 ,`id_origine` = 5  WHERE `id` = 5818
2024-11-18 13:03:46;INSERT INTO `pe_lots_negoce` (`date_add`,`visible`,`id_fournisseur`,`num_bl`,`ddm`,`dlc`,`id_pdt`,`id_espece`,`date_reception`,`date_entree`) VALUES ("2024-11-18 13:03:46" ,1 ,49 ,"BL2447C" ,"" ,"" ,0 ,1 ,"2024-11-20" ,"2024-11-20" )
2024-11-18 13:03:46;INSERT INTO `pe_lots_negoce` (`date_add`,`visible`,`id_fournisseur`,`num_bl`,`ddm`,`dlc`,`id_pdt`,`id_espece`,`date_reception`,`date_entree`) VALUES ("2024-11-18 13:03:46" ,1 ,49 ,"BL2447C" ,"" ,"" ,0 ,2 ,"2024-11-20" ,"2024-11-20" )
2024-11-18 13:04:03;UPDATE `pe_lots_negoce` SET `supprime` = 1  WHERE `id` = 60
2024-11-18 13:52:47;UPDATE `pe_lots_negoce` SET `num_bl` = "BL2447C" ,`date_entree` = "" ,`ddm` = "" ,`dlc` = ""  WHERE `id` = 61
2024-11-18 13:52:53;UPDATE `pe_lots_negoce` SET `num_bl` = "BL2447C" ,`date_entree` = "" ,`ddm` = "" ,`dlc` = ""  WHERE `id` = 61
2024-11-18 13:52:59;UPDATE `pe_lots_negoce` SET `num_bl` = "BL2447C" ,`date_entree` = "" ,`ddm` = "" ,`dlc` = ""  WHERE `id` = 61
2024-11-18 13:53:28;UPDATE `pe_lots_negoce` SET `num_bl` = "BL2447C" ,`date_entree` = "" ,`ddm` = "" ,`dlc` = ""  WHERE `id` = 61
2024-11-18 13:56:18;UPDATE `pe_lots_negoce` SET `num_bl` = "BL2447C" ,`date_entree` = "" ,`ddm` = "" ,`dlc` = ""  WHERE `id` = 61
2024-11-18 13:57:25;UPDATE `pe_lots_negoce` SET `num_bl` = "BL2447C14" ,`date_entree` = "" ,`ddm` = "" ,`dlc` = ""  WHERE `id` = 61
2024-11-18 13:57:34;UPDATE `pe_lots_negoce` SET `num_bl` = "BL2447C14" ,`date_entree` = "" ,`ddm` = "" ,`dlc` = ""  WHERE `id` = 61
2024-11-18 13:58:56;UPDATE `pe_lots_negoce` SET `num_bl` = "BL2447C14" ,`date_entree` = "" ,`ddm` = "" ,`dlc` = ""  WHERE `id` = 61
2024-11-18 14:04:05;UPDATE `pe_lots_negoce` SET `num_bl` = "BL2447C14" ,`date_entree` = "2024-11-19"  WHERE `id` = 61
2024-11-18 14:04:51;UPDATE `pe_lots_negoce` SET `num_bl` = "BL2447C14" ,`date_entree` = "2024-11-19"  WHERE `id` = 61
2024-11-18 14:06:28;UPDATE `pe_lots_negoce` SET `num_bl` = "BL2447C14" ,`date_entree` = "2024-11-19"  WHERE `id` = 61
2024-11-18 14:08:16;UPDATE `pe_lots_negoce` SET `num_bl` = "BL2447C14" ,`date_reception` = "2024-11-21" ,`date_entree` = "" ,`id_fournisseur` = 434  WHERE `id` = 61
2024-11-18 14:08:22;UPDATE `pe_lots_negoce` SET `num_bl` = "BL2447C14" ,`date_reception` = "2024-11-19" ,`date_entree` = ""  WHERE `id` = 61
2024-11-18 14:18:22;UPDATE `pe_produits` SET `nom_court` = "PLUCHE CHEVAL" ,`code` = 30300 ,`id_espece` = 1 ,`ean13` = 3700293503154 ,`ean14` = 93700293503157 ,`date_maj` = "2024-11-18 14:18:22" ,`actif` = 1 ,`poids` = 20 ,`nb_colis` = 52 ,`mixte` = 0 ,`ean7` = "" ,`ean7_type` = 0 ,`vrac` = 0 ,`id_client` = 0 ,`vendu_piece` = 0 ,`pdt_gros` = 0 ,`id_taxe` = 3 ,`stats` = 0 ,`id_pdt_emballage` = 1 ,`pcb` = 0 ,`poids_unitaire` = 0 ,`nomenclature` = 02050080 ,`vendu_negoce` = 1 ,`nb_jours_dlc` = 730  WHERE `id` = 75
2024-11-18 14:18:22;UPDATE `pe_produit_trad` SET `nom` = "APONEVROSE CHEVAL CONGELE"  WHERE `id_produit` = 75 AND `id_langue` = 1
2024-11-18 14:18:22;UPDATE `pe_produit_trad` SET `nom` = "FROZEN HORSE APONEVROSIS"  WHERE `id_produit` = 75 AND `id_langue` = 2
2024-11-18 14:18:22;DELETE FROM `pe_produits_categories_pdt` WHERE `id_produit` = 75
2024-11-18 14:18:22;INSERT INTO `pe_produits_categories_pdt` (`id_produit`, `id_categorie`) VALUES (75, 5)
2024-11-18 14:18:22;DELETE FROM `pe_produits_emballages` WHERE `id_produit` = 75
2024-11-18 14:18:22;INSERT IGNORE INTO `pe_produits_emballages` (`id_produit`, `id_famille_emballage`) VALUES (75, 11),(75, 20)
2024-11-18 14:18:22;DELETE FROM `pe_produits_froid_types` WHERE `id_pdt` = 75
2024-11-18 14:18:22;INSERT INTO `pe_produits_froid_types` (`id_pdt`, `id_froid_type`) VALUES (75, 5)
2024-11-18 14:18:22;INSERT INTO `pe_produits_froid_types` (`id_pdt`, `id_froid_type`) VALUES (75, 3)
2024-11-18 14:20:47;UPDATE `pe_produits` SET `nom_court` = "PLUCHE CHEVAL" ,`code` = 30300 ,`id_espece` = 1 ,`ean13` = 3700293503154 ,`ean14` = 93700293503157 ,`date_maj` = "2024-11-18 14:20:47" ,`actif` = 1 ,`poids` = 20 ,`nb_colis` = 52 ,`mixte` = 0 ,`ean7` = "" ,`ean7_type` = 0 ,`vrac` = 0 ,`id_client` = 0 ,`vendu_piece` = 0 ,`pdt_gros` = 0 ,`id_taxe` = 3 ,`stats` = 0 ,`id_pdt_emballage` = 1 ,`pcb` = 0 ,`poids_unitaire` = 0 ,`nomenclature` = 02050080 ,`vendu_negoce` = 0 ,`nb_jours_dlc` = 730  WHERE `id` = 75
2024-11-18 14:20:47;UPDATE `pe_produit_trad` SET `nom` = "APONEVROSE CHEVAL CONGELE"  WHERE `id_produit` = 75 AND `id_langue` = 1
2024-11-18 14:20:47;UPDATE `pe_produit_trad` SET `nom` = "FROZEN HORSE APONEVROSIS"  WHERE `id_produit` = 75 AND `id_langue` = 2
2024-11-18 14:20:47;DELETE FROM `pe_produits_categories_pdt` WHERE `id_produit` = 75
2024-11-18 14:20:47;INSERT INTO `pe_produits_categories_pdt` (`id_produit`, `id_categorie`) VALUES (75, 5)
2024-11-18 14:20:47;DELETE FROM `pe_produits_emballages` WHERE `id_produit` = 75
2024-11-18 14:20:47;INSERT IGNORE INTO `pe_produits_emballages` (`id_produit`, `id_famille_emballage`) VALUES (75, 11),(75, 20)
2024-11-18 14:20:47;DELETE FROM `pe_produits_froid_types` WHERE `id_pdt` = 75
2024-11-18 14:20:47;INSERT INTO `pe_produits_froid_types` (`id_pdt`, `id_froid_type`) VALUES (75, 5)
2024-11-18 14:20:47;INSERT INTO `pe_produits_froid_types` (`id_pdt`, `id_froid_type`) VALUES (75, 3)
2024-11-18 14:21:32;INSERT INTO `pe_negoce_produits` (`poids`,`id_palette`,`supprime`,`date_add`,`id_lot_negoce`,`id_pdt`,`nb_cartons`,`traite`,`user_add`,`num_lot`,`dlc`) VALUES (500 ,0 ,0 ,"2024-11-18 14:21:32" ,61 ,170 ,1 ,0 ,1 ,"" ,"2024-11-19" )
2024-11-18 14:22:44;INSERT INTO `pe_negoce_produits` (`poids`,`id_palette`,`supprime`,`date_add`,`id_lot_negoce`,`id_pdt`,`nb_cartons`,`traite`,`user_add`,`num_lot`,`dlc`) VALUES (50 ,0 ,0 ,"2024-11-18 14:22:44" ,61 ,170 ,1 ,0 ,1 ,"BL244C14" ,"2024-11-19" )
2024-11-18 14:28:08;UPDATE `pe_lots_negoce` SET `supprime` = 1  WHERE `id` = 61
2024-11-18 14:56:11;INSERT INTO `pe_negoce_produits` (`poids`,`quantite`,`supprime`,`date_add`,`id_lot_negoce`,`id_pdt`,`nb_cartons`,`traite`,`user_add`,`num_lot`,`dlc`) VALUES (50 ,10 ,0 ,"2024-11-18 14:56:11" ,58 ,445 ,2 ,0 ,1 ,"" ,"2024-11-20" )
2024-11-18 14:57:19;INSERT INTO `pe_negoce_produits` (`poids`,`quantite`,`supprime`,`date_add`,`id_lot_negoce`,`id_pdt`,`nb_cartons`,`traite`,`user_add`,`num_lot`,`dlc`) VALUES (20 ,14 ,0 ,"2024-11-18 14:57:19" ,58 ,157 ,2 ,0 ,1 ,"BL2447B" ,"2024-11-19" )
2024-11-18 15:04:59;INSERT INTO `pe_negoce_produits` (`poids`,`quantite`,`supprime`,`date_add`,`id_lot_negoce`,`id_pdt`,`nb_cartons`,`traite`,`user_add`,`num_lot`,`dlc`) VALUES (60 ,54 ,0 ,"2024-11-18 15:04:59" ,58 ,170 ,2 ,0 ,1 ,"BL2447B" ,"2024-11-19" )
2024-11-18 15:05:18;INSERT INTO `pe_negoce_produits` (`poids`,`quantite`,`supprime`,`date_add`,`id_lot_negoce`,`id_pdt`,`nb_cartons`,`traite`,`user_add`,`num_lot`,`dlc`) VALUES (100 ,54 ,0 ,"2024-11-18 15:05:18" ,58 ,395 ,2 ,0 ,1 ,"BL2447B" ,"2024-11-19" )
2024-11-18 15:26:23;UPDATE `pe_negoce_produits` SET `nb_cartons` = 2 ,`poids` = 50 ,`num_lot` = "BL2447B" ,`dlc` = "2024-11-20"  WHERE `id_lot_pdt_negoce` = 15
2024-11-18 15:26:26;UPDATE `pe_negoce_produits` SET `nb_cartons` = 2 ,`poids` = 50 ,`num_lot` = "BL2447B" ,`dlc` = "2024-11-20"  WHERE `id_lot_pdt_negoce` = 15
2024-11-18 15:28:25;UPDATE `pe_lots_negoce` SET `supprime` = 1  WHERE `id` = 58
2024-11-18 15:44:06;INSERT INTO `pe_negoce_produits` (`poids`,`quantite`,`supprime`,`date_add`,`id_lot_negoce`,`id_pdt`,`nb_cartons`,`traite`,`user_add`,`num_lot`,`dlc`) VALUES (20 ,10 ,0 ,"2024-11-18 15:44:06" ,57 ,445 ,2 ,0 ,1 ,"BL30000" ,"2024-11-18" )
