2024-11-06 07:52:12;UPDATE `pe_langues` SET `actif` = 1 WHERE `iso` = "FR"
2024-11-06 07:52:12;UPDATE `pe_consommables` SET `id_precedent` = 0, `date_upd` = null WHERE `date_upd` < CURDATE()
2024-11-06 07:55:06;UPDATE `pe_langues` SET `actif` = 1 WHERE `iso` = "FR"
2024-11-06 07:55:14;UPDATE `pe_langues` SET `actif` = 1 WHERE `iso` = "FR"
2024-11-06 07:55:36;UPDATE `pe_langues` SET `actif` = 1 WHERE `iso` = "FR"
2024-11-06 07:55:44;UPDATE `pe_langues` SET `actif` = 1 WHERE `iso` = "FR"
2024-11-06 07:55:52;INSERT INTO `pe_bl` (`supprime`,`date_add`,`date`,`num_cmd`,`id_lot_negoce`,`id_tiers_facturation`,`id_tiers_livraison`,`id_tiers_transporteur`,`regroupement`,`chiffrage`) VALUES (1 ,"2024-11-06 07:55:52" ,"2024-11-06" ,"BL2411001" ,29 ,0 ,0 ,0 ,0 ,0 )
2024-11-06 07:55:52;INSERT INTO `pe_bl_lignes` (`date_add`,`supprime`,`id_compo`,`id_palette`,`numlot`,`id_produit`,`poids`,`id_pdt_negoce`,`nb_colis`,`id_bl`) VALUES ("2024-11-06 07:55:52" ,0 ,0 ,10598 ,"CERF01" ,170 ,1500 ,9 ,10 ,8386 )
2024-11-06 07:56:14;UPDATE `pe_bl_lignes` SET `pu_ht` = 0  WHERE `id` = 76042
2024-11-06 07:56:14;UPDATE `pe_bl` SET `num_cmd` = "BL2411001" ,`id_tiers_facturation` = 37 ,`id_tiers_livraison` = 37 ,`id_tiers_transporteur` = 0 ,`id_adresse_livraison` = 35 ,`nom_client` = "" ,`statut` = 1 ,`supprime` = 0  WHERE id = 8386
2024-11-06 07:56:21;UPDATE `pe_bl_lignes` SET `pu_ht` = 1000  WHERE `id` = 76042
2024-11-06 07:56:22;INSERT INTO `pe_tarif_client` (`id_tiers`,`id_produit`,`prix`) VALUES (37 ,170 ,1000 )
2024-11-06 07:57:04;UPDATE `pe_bl` SET `num_cmd` = "bl2411001" ,`date` = "2024-11-06" ,`id_tiers_facturation` = 37 ,`id_tiers_livraison` = 37 ,`id_adresse_livraison` = 35 ,`id_tiers_transporteur` = 0 ,`date_livraison` = "2024-11-07"  WHERE id = 8386
2024-11-06 07:57:04;UPDATE `pe_tiers` SET `id_langue` = 1  WHERE `id` = 37
2024-11-06 07:57:04;UPDATE `pe_tiers_types` SET `id_famille` = 0 WHERE `id_tiers` = 37
2024-11-06 07:57:05;UPDATE `pe_bl` SET `num_cmd` = "bl2411001" ,`date` = "2024-11-06" ,`id_tiers_facturation` = 37 ,`id_tiers_livraison` = 37 ,`id_adresse_livraison` = 35 ,`id_tiers_transporteur` = 0 ,`date_livraison` = "2024-11-07" ,`num_bl` = "BL2411001"  WHERE id = 8386
2024-11-06 07:57:05;UPDATE `pe_bl` SET `num_cmd` = "bl2411001" ,`date` = "2024-11-06" ,`id_tiers_facturation` = 37 ,`id_tiers_livraison` = 37 ,`id_adresse_livraison` = 35 ,`id_tiers_transporteur` = 0 ,`date_livraison` = "2024-11-07" ,`num_bl` = "BL2411001" ,`chiffrage` = 1  WHERE id = 8386
2024-11-06 07:57:05;UPDATE `pe_bl` SET `num_cmd` = "bl2411001" ,`date` = "2024-11-06" ,`id_tiers_facturation` = 37 ,`id_tiers_livraison` = 37 ,`id_adresse_livraison` = 35 ,`id_tiers_transporteur` = 0 ,`date_livraison` = "2024-11-07" ,`num_bl` = "BL2411001" ,`chiffrage` = 1 ,`statut` = 2 ,`supprime` = 0  WHERE id = 8386
2024-11-06 07:57:05;UPDATE `pe_palette_composition` SET `supprime` = 1, `archive` = 1 WHERE `id` IN (0)
2024-11-06 07:57:05;UPDATE `pe_bl` SET `date_envoi` = NULL WHERE `id` = 8386
2024-11-06 08:02:57;UPDATE `pe_langues` SET `actif` = 1 WHERE `iso` = "FR"
2024-11-06 08:02:57;UPDATE `pe_consommables` SET `id_precedent` = 0, `date_upd` = null WHERE `date_upd` < CURDATE()
2024-11-06 08:36:11;UPDATE `pe_langues` SET `actif` = 1 WHERE `iso` = "FR"
2024-11-06 08:36:11;UPDATE `pe_consommables` SET `id_precedent` = 0, `date_upd` = null WHERE `date_upd` < CURDATE()
2024-11-06 08:38:48;UPDATE `pe_langues` SET `actif` = 1 WHERE `iso` = "FR"
2024-11-06 08:38:48;UPDATE `pe_consommables` SET `id_precedent` = 0, `date_upd` = null WHERE `date_upd` < CURDATE()
2024-11-06 10:40:13;UPDATE `pe_palette_composition` SET `archive` = 1, `supprime` = 1 WHERE `id` IN (88890,88892)
2024-11-06 10:40:13;UPDATE `pe_bl_lignes` SET `supprime` = 1 WHERE `supprime` = 0  AND `id_bl` IN (SELECT `id` FROM `pe_bl` WHERE `supprime` = 1)
2024-11-06 10:50:09;UPDATE `pe_bl_lignes` SET `supprime` = 1 WHERE `supprime` = 0  AND `id_bl` IN (SELECT `id` FROM `pe_bl` WHERE `supprime` = 1)
2024-11-06 12:45:37;UPDATE `pe_langues` SET `actif` = 1 WHERE `iso` = "FR"
2024-11-06 12:45:37;UPDATE `pe_consommables` SET `id_precedent` = 0, `date_upd` = null WHERE `date_upd` < CURDATE()
2024-11-06 12:46:47;UPDATE `pe_langues` SET `actif` = 1 WHERE `iso` = "FR"
2024-11-06 12:46:51;DELETE FROM `pe_prp_op` WHERE `id` IN (2532)
2024-11-06 12:46:51;DELETE FROM `pe_prp_bls` WHERE `id_prp_op` IN (2532)
2024-11-06 12:46:51;INSERT INTO `pe_prp_op` (`id_user`) VALUES (0 )
2024-11-06 12:46:53;UPDATE `pe_prp_op` SET `id_transporteur` = 423  WHERE `id` = 2533
2024-11-06 14:58:50;UPDATE `pe_prp_op` SET `id_transporteur` = 423  WHERE `id` = 2533
2024-11-06 14:59:14;UPDATE `pe_langues` SET `actif` = 1 WHERE `iso` = "FR"
2024-11-06 14:59:14;UPDATE `pe_consommables` SET `id_precedent` = 0, `date_upd` = null WHERE `date_upd` < CURDATE()
2024-11-06 15:00:24;UPDATE `pe_langues` SET `actif` = 1 WHERE `iso` = "FR"
2024-11-06 15:01:06;UPDATE `pe_langues` SET `actif` = 1 WHERE `iso` = "FR"
2024-11-06 15:01:11;UPDATE `pe_langues` SET `actif` = 1 WHERE `iso` = "FR"
2024-11-06 15:01:45;UPDATE `pe_langues` SET `actif` = 1 WHERE `iso` = "FR"
2024-11-06 15:03:33;UPDATE `pe_langues` SET `actif` = 1 WHERE `iso` = "FR"
2024-11-06 15:03:38;DELETE FROM `pe_prp_op` WHERE `id` IN (2533)
2024-11-06 15:03:38;DELETE FROM `pe_prp_bls` WHERE `id_prp_op` IN (2533)
2024-11-06 15:03:38;INSERT INTO `pe_prp_op` (`id_user`) VALUES (0 )
2024-11-06 15:04:38;UPDATE `pe_langues` SET `actif` = 1 WHERE `iso` = "FR"
2024-11-06 15:05:21;DELETE FROM `pe_prp_op` WHERE `id` IN (2534)
2024-11-06 15:05:21;DELETE FROM `pe_prp_bls` WHERE `id_prp_op` IN (2534)
2024-11-06 15:05:21;INSERT INTO `pe_prp_op` (`id_user`) VALUES (0 )
2024-11-06 15:05:33;UPDATE `pe_prp_op` SET `id_transporteur` = 147  WHERE `id` = 2535
2024-11-06 15:06:12;UPDATE `pe_prp_op` SET `id_transporteur` = 231  WHERE `id` = 2535
2024-11-06 15:06:15;UPDATE `pe_prp_op` SET `id_transporteur` = 238  WHERE `id` = 2535
2024-11-06 15:06:17;UPDATE `pe_prp_op` SET `id_transporteur` = 136  WHERE `id` = 2535
2024-11-06 15:06:20;UPDATE `pe_prp_op` SET `id_transporteur` = 106  WHERE `id` = 2535
2024-11-06 15:06:24;UPDATE `pe_prp_op` SET `id_transporteur` = 94  WHERE `id` = 2535
2024-11-06 15:06:30;UPDATE `pe_langues` SET `actif` = 1 WHERE `iso` = "FR"
2024-11-06 15:06:48;UPDATE `pe_bl` SET `supprime` = 1 WHERE `id` IN (1,3,4,9,10,40,42,51,53,65,72,80,81,84,85,86,88,93,96,108,111,112,139,140,147,150,160,168,173,174,176,182,191,195,196,199,202,203,211,236,237,247,248,251,252,274,275,276,282,284,285,287,298,301,307,308,310,311,336,343,366,367,379,380,401,402,403,404,407,409,411,502,510,512,521,527,534,568,569,641,691,692,715,716,717,718,719,720,721,722,730,731,797,856,957,1038,1040,1041,1062,1087,1101,1110,1125,1142,1143,1144,1243,1343,1378,1514,1533,1565,1571,1642,1676,1771,1814,1832,1860,1881,1929,1943,1992,2004,2039,2040,2041,2042,2106,2132,2133,2145,2146,2184,2195,2197,2201,2205,2210,2216,2223,2230,2238,2275,2290,2304,2318,2354,2508,2529,2584,2585,2588,2646,2681,2687,2692,2694,2706,2713,2714,2911,3003,3007,3042,3062,3080,3081,3098,3155,3204,3215,3267,3271,3273,3360,3449,3464,3479,3526,3615,3635,3643,3653,3688,3706,3707,3711,3794,3804,3888,3965,3982,3983,4112,4209,4223,4232,4233,4307,4308,4336,4439,4463,4472,4473,4474,4514,4526,4530,4531,4557,4568,4679,4703,4711,4713,4720,4737,4816,4976,5054,5083,5095,5124,5150,5253,5295,5334,5376,5411,5413,5415,5423,5481,5486,5492,5554,5631,5632,5669,5689,5714,5812,5874,5914,5941,5948,6004,6068,6118,6121,6160,6163,6260,6322,6379,6464,6506,6570,6608,6712,6780,6799,6800,6926,7004,7256,7369,7575,7610,7641,7713,7747,7749,7849,7856,8026,8028,8035,8041,8043,8046,8061,8092,8181,8254,8257,8259,8337,8339,8340,8341,8342,8343,8344,8345,8346,8347,8348,8349,8350,8351,8352,8353,8355,8356,8359,8360,8361,8362,8363,8364,8365,8370,8371,8375,8377,8380)
2024-11-06 15:07:03;UPDATE `pe_bl` SET `supprime` = 1 WHERE `id` IN (1,3,4,9,10,40,42,51,53,65,72,80,81,84,85,86,88,93,96,108,111,112,139,140,147,150,160,168,173,174,176,182,191,195,196,199,202,203,211,236,237,247,248,251,252,274,275,276,282,284,285,287,298,301,307,308,310,311,336,343,366,367,379,380,401,402,403,404,407,409,411,502,510,512,521,527,534,568,569,641,691,692,715,716,717,718,719,720,721,722,730,731,797,856,957,1038,1040,1041,1062,1087,1101,1110,1125,1142,1143,1144,1243,1343,1378,1514,1533,1565,1571,1642,1676,1771,1814,1832,1860,1881,1929,1943,1992,2004,2039,2040,2041,2042,2106,2132,2133,2145,2146,2184,2195,2197,2201,2205,2210,2216,2223,2230,2238,2275,2290,2304,2318,2354,2508,2529,2584,2585,2588,2646,2681,2687,2692,2694,2706,2713,2714,2911,3003,3007,3042,3062,3080,3081,3098,3155,3204,3215,3267,3271,3273,3360,3449,3464,3479,3526,3615,3635,3643,3653,3688,3706,3707,3711,3794,3804,3888,3965,3982,3983,4112,4209,4223,4232,4233,4307,4308,4336,4439,4463,4472,4473,4474,4514,4526,4530,4531,4557,4568,4679,4703,4711,4713,4720,4737,4816,4976,5054,5083,5095,5124,5150,5253,5295,5334,5376,5411,5413,5415,5423,5481,5486,5492,5554,5631,5632,5669,5689,5714,5812,5874,5914,5941,5948,6004,6068,6118,6121,6160,6163,6260,6322,6379,6464,6506,6570,6608,6712,6780,6799,6800,6926,7004,7256,7369,7575,7610,7641,7713,7747,7749,7849,7856,8026,8028,8035,8041,8043,8046,8061,8092,8181,8254,8257,8259,8337,8339,8340,8341,8342,8343,8344,8345,8346,8347,8348,8349,8350,8351,8352,8353,8355,8356,8359,8360,8361,8362,8363,8364,8365,8370,8371,8375,8377,8380)
2024-11-06 15:08:01;UPDATE `pe_bl_lignes` SET `id_pays` = 1  WHERE `id` = 76042
2024-11-06 15:08:04;UPDATE `pe_bl` SET `num_cmd` = "bl2411001" ,`date` = "2024-11-06" ,`id_tiers_facturation` = 37 ,`id_tiers_livraison` = 37 ,`id_adresse_livraison` = 35 ,`id_tiers_transporteur` = 238 ,`date_livraison` = "2024-11-07"  WHERE id = 8386
2024-11-06 15:08:04;UPDATE `pe_tiers` SET `id_langue` = 1  WHERE `id` = 37
2024-11-06 15:08:04;UPDATE `pe_tiers_types` SET `id_famille` = 0 WHERE `id_tiers` = 37
2024-11-06 15:08:04;UPDATE `pe_bl` SET `num_cmd` = "bl2411001" ,`date` = "2024-11-06" ,`id_tiers_facturation` = 37 ,`id_tiers_livraison` = 37 ,`id_adresse_livraison` = 35 ,`id_tiers_transporteur` = 238 ,`date_livraison` = "2024-11-07" ,`chiffrage` = 1  WHERE id = 8386
2024-11-06 15:08:04;UPDATE `pe_bl` SET `num_cmd` = "bl2411001" ,`date` = "2024-11-06" ,`id_tiers_facturation` = 37 ,`id_tiers_livraison` = 37 ,`id_adresse_livraison` = 35 ,`id_tiers_transporteur` = 238 ,`date_livraison` = "2024-11-07" ,`chiffrage` = 1 ,`statut` = 2 ,`supprime` = 0  WHERE id = 8386
2024-11-06 15:08:04;UPDATE `pe_palette_composition` SET `supprime` = 1, `archive` = 1 WHERE `id` IN (0)
2024-11-06 15:08:04;UPDATE `pe_bl` SET `date_envoi` = NULL WHERE `id` = 8386
2024-11-06 15:08:18;UPDATE `pe_bl` SET `supprime` = 1 WHERE `id` IN (1,3,4,9,10,40,42,51,53,65,72,80,81,84,85,86,88,93,96,108,111,112,139,140,147,150,160,168,173,174,176,182,191,195,196,199,202,203,211,236,237,247,248,251,252,274,275,276,282,284,285,287,298,301,307,308,310,311,336,343,366,367,379,380,401,402,403,404,407,409,411,502,510,512,521,527,534,568,569,641,691,692,715,716,717,718,719,720,721,722,730,731,797,856,957,1038,1040,1041,1062,1087,1101,1110,1125,1142,1143,1144,1243,1343,1378,1514,1533,1565,1571,1642,1676,1771,1814,1832,1860,1881,1929,1943,1992,2004,2039,2040,2041,2042,2106,2132,2133,2145,2146,2184,2195,2197,2201,2205,2210,2216,2223,2230,2238,2275,2290,2304,2318,2354,2508,2529,2584,2585,2588,2646,2681,2687,2692,2694,2706,2713,2714,2911,3003,3007,3042,3062,3080,3081,3098,3155,3204,3215,3267,3271,3273,3360,3449,3464,3479,3526,3615,3635,3643,3653,3688,3706,3707,3711,3794,3804,3888,3965,3982,3983,4112,4209,4223,4232,4233,4307,4308,4336,4439,4463,4472,4473,4474,4514,4526,4530,4531,4557,4568,4679,4703,4711,4713,4720,4737,4816,4976,5054,5083,5095,5124,5150,5253,5295,5334,5376,5411,5413,5415,5423,5481,5486,5492,5554,5631,5632,5669,5689,5714,5812,5874,5914,5941,5948,6004,6068,6118,6121,6160,6163,6260,6322,6379,6464,6506,6570,6608,6712,6780,6799,6800,6926,7004,7256,7369,7575,7610,7641,7713,7747,7749,7849,7856,8026,8028,8035,8041,8043,8046,8061,8092,8181,8254,8257,8259,8337,8339,8340,8341,8342,8343,8344,8345,8346,8347,8348,8349,8350,8351,8352,8353,8355,8356,8359,8360,8361,8362,8363,8364,8365,8370,8371,8375,8377,8380)
2024-11-06 15:08:39;UPDATE `pe_langues` SET `actif` = 1 WHERE `iso` = "FR"
2024-11-06 15:08:52;DELETE FROM `pe_prp_op` WHERE `id` IN (2535)
2024-11-06 15:08:52;DELETE FROM `pe_prp_bls` WHERE `id_prp_op` IN (2535)
2024-11-06 15:08:52;INSERT INTO `pe_prp_op` (`id_user`) VALUES (0 )
2024-11-06 15:08:55;UPDATE `pe_prp_op` SET `id_transporteur` = 238  WHERE `id` = 2536
2024-11-06 15:09:01;DELETE FROM `pe_prp_bls` WHERE `id_prp_op` = 2536
2024-11-06 15:09:01;INSERT IGNORE INTO `pe_prp_bls` (`id_prp_op`, `id_bl`) VALUES (2536, 8386)
2024-11-06 15:09:20;UPDATE `pe_prp_op` SET `date` = "2024-11-06"  WHERE `id` = 2536
2024-11-06 15:09:28;UPDATE `pe_prp_op` SET `cmd_conforme` = 1  WHERE `id` = 2536
2024-11-06 15:09:35;UPDATE `pe_prp_op` SET `t_surface` = 3 ,`t_surface_conforme` = 1  WHERE `id` = 2536
2024-11-06 15:09:38;UPDATE `pe_prp_op` SET `t_camion` = 3 ,`t_camion_conforme` = 1  WHERE `id` = 2536
2024-11-06 15:10:26;UPDATE `pe_langues` SET `actif` = 1 WHERE `iso` = "FR"
2024-11-06 15:10:26;UPDATE `pe_consommables` SET `id_precedent` = 0, `date_upd` = null WHERE `date_upd` < CURDATE()
2024-11-06 15:10:36;UPDATE `pe_langues` SET `actif` = 1 WHERE `iso` = "FR"
2024-11-06 15:10:41;DELETE FROM `pe_prp_op` WHERE `id` IN (2536)
2024-11-06 15:10:41;DELETE FROM `pe_prp_bls` WHERE `id_prp_op` IN (2536)
2024-11-06 15:10:41;INSERT INTO `pe_prp_op` (`id_user`) VALUES (0 )
2024-11-06 15:10:45;UPDATE `pe_prp_op` SET `id_transporteur` = 238  WHERE `id` = 2537
2024-11-06 15:11:47;UPDATE `pe_langues` SET `actif` = 1 WHERE `iso` = "FR"
2024-11-06 15:11:54;DELETE FROM `pe_prp_op` WHERE `id` IN (2537)
2024-11-06 15:11:54;DELETE FROM `pe_prp_bls` WHERE `id_prp_op` IN (2537)
2024-11-06 15:11:54;INSERT INTO `pe_prp_op` (`id_user`) VALUES (0 )
2024-11-06 15:11:55;UPDATE `pe_prp_op` SET `id_transporteur` = 238  WHERE `id` = 2538
2024-11-06 15:12:05;DELETE FROM `pe_prp_bls` WHERE `id_prp_op` = 2538
2024-11-06 15:12:05;INSERT IGNORE INTO `pe_prp_bls` (`id_prp_op`, `id_bl`) VALUES (2538, 8386)
2024-11-06 15:12:08;UPDATE `pe_prp_op` SET `date` = "2024-11-06"  WHERE `id` = 2538
2024-11-06 15:12:11;UPDATE `pe_prp_op` SET `cmd_conforme` = 1  WHERE `id` = 2538
2024-11-06 15:12:14;UPDATE `pe_prp_op` SET `t_surface` = 2 ,`t_surface_conforme` = 1  WHERE `id` = 2538
2024-11-06 15:12:18;UPDATE `pe_prp_op` SET `t_camion` = 3 ,`t_camion_conforme` = 1  WHERE `id` = 2538
2024-11-06 15:13:19;UPDATE `pe_langues` SET `actif` = 1 WHERE `iso` = "FR"
2024-11-06 15:13:33;DELETE FROM `pe_prp_op` WHERE `id` IN (2538)
2024-11-06 15:13:33;DELETE FROM `pe_prp_bls` WHERE `id_prp_op` IN (2538)
2024-11-06 15:13:33;INSERT INTO `pe_prp_op` (`id_user`) VALUES (0 )
2024-11-06 15:13:35;UPDATE `pe_prp_op` SET `id_transporteur` = 238  WHERE `id` = 2539
2024-11-06 15:13:38;DELETE FROM `pe_prp_bls` WHERE `id_prp_op` = 2539
2024-11-06 15:13:38;INSERT IGNORE INTO `pe_prp_bls` (`id_prp_op`, `id_bl`) VALUES (2539, 8386)
2024-11-06 15:13:40;UPDATE `pe_prp_op` SET `date` = "2024-11-06"  WHERE `id` = 2539
2024-11-06 15:13:41;UPDATE `pe_prp_op` SET `cmd_conforme` = 1  WHERE `id` = 2539
2024-11-06 15:13:44;UPDATE `pe_prp_op` SET `t_surface` = 3 ,`t_surface_conforme` = 1  WHERE `id` = 2539
2024-11-06 15:13:46;UPDATE `pe_prp_op` SET `t_camion` = 3 ,`t_camion_conforme` = 1  WHERE `id` = 2539
2024-11-06 15:16:12;UPDATE `pe_langues` SET `actif` = 1 WHERE `iso` = "FR"
2024-11-06 15:16:16;UPDATE `pe_langues` SET `actif` = 1 WHERE `iso` = "FR"
2024-11-06 15:16:26;INSERT INTO `pe_pvisu_avant` (`commentaires`,`date`) VALUES ("" ,"2024-11-06" )
2024-11-06 15:16:26;DELETE FROM `pe_pvisu_avant_points` WHERE `id_pvisu_avant` = 1125
2024-11-06 15:16:26;INSERT IGNORE INTO `pe_pvisu_avant_points` (`id_pvisu_avant`, `id_point_controle`, `etat`, `id_user`, `date`) VALUES (1125, 4, 1, 1, NOW()),(1125, 5, 1, 1, NOW()),(1125, 36, 1, 1, NOW()),(1125, 58, 1, 1, NOW()),(1125, 7, 1, 1, NOW()),(1125, 11, 1, 1, NOW()),(1125, 12, 1, 1, NOW()),(1125, 13, 1, 1, NOW()),(1125, 14, 1, 1, NOW()),(1125, 15, 1, 1, NOW()),(1125, 17, 1, 1, NOW()),(1125, 18, 1, 1, NOW()),(1125, 19, 1, 1, NOW()),(1125, 20, 1, 1, NOW()),(1125, 21, 1, 1, NOW()),(1125, 37, 1, 1, NOW()),(1125, 39, 1, 1, NOW()),(1125, 41, 1, 1, NOW()),(1125, 59, 1, 1, NOW()),(1125, 23, 1, 1, NOW()),(1125, 40, 1, 1, NOW()),(1125, 43, 1, 1, NOW()),(1125, 44, 1, 1, NOW()),(1125, 45, 1, 1, NOW()),(1125, 46, 1, 1, NOW()),(1125, 47, 1, 1, NOW()),(1125, 48, 1, 1, NOW()),(1125, 49, 1, 1, NOW()),(1125, 50, 1, 1, NOW()),(1125, 51, 1, 1, NOW()),(1125, 52, 1, 1, NOW()),(1125, 53, 1, 1, NOW()),(1125, 54, 1, 1, NOW()),(1125, 55, 1, 1, NOW())
2024-11-06 15:16:26;UPDATE `pe_pvisu_avant` SET `commentaires` = "" ,`date` = "2024-11-06" ,`id_user` = 1  WHERE `id` = 1125
2024-11-06 15:16:30;UPDATE `pe_langues` SET `actif` = 1 WHERE `iso` = "FR"
2024-11-06 15:16:36;UPDATE `pe_loma` SET `id_lot_pdt_froid` = 30717 ,`test_pdt` = 0 ,`commentaire` = "" ,`date_test` = "2024-11-06 15:16:36" ,`id_user_visa` = 1  WHERE `id` = 2822
2024-11-06 15:16:36;INSERT INTO `pe_validations` (`type`,`id_vue`,`id_liaison`) VALUES (3 ,2 ,2822 )
2024-11-06 15:16:36;INSERT IGNORE INTO `pe_validations_lots` (`id_validation`, `id_lot`, `negoce`) VALUES  (11288, 5695, 0)
2024-11-06 15:16:40;UPDATE `pe_langues` SET `actif` = 1 WHERE `iso` = "FR"
2024-11-06 15:16:44;UPDATE `pe_langues` SET `actif` = 1 WHERE `iso` = "FR"
2024-11-06 15:17:00;INSERT INTO `pe_palette_composition` (`id_palette`,`id_client`,`id_produit`,`id_lot_pdt_froid`,`id_frais`,`id_lot_pdt_negoce`,`id_lot_regroupement`,`poids`,`nb_colis`,`date`,`id_user`,`id_lot_hors_stock`,`archive`,`supprime`) VALUES (10599 ,37 ,445 ,0 ,0 ,0 ,0 ,10 ,2 ,"2024-11-06 15:17:00" ,1 ,5695 ,0 ,0 )
2024-11-06 15:17:00;INSERT INTO `pe_bl_lignes` (`id_bl`,`id_compo`,`id_palette`,`id_produit`,`id_lot`,`numlot`,`poids`,`nb_colis`,`qte`,`pu_ht`,`tva`,`date_add`,`supprime`) VALUES (8386 ,88893 ,10599 ,445 ,5695 ,"243926CFRA" ,10 ,2 ,1 ,0 ,5.5 ,"2024-11-06 15:17:00" ,0 )
2024-11-06 15:18:31;UPDATE `pe_bl_lignes` SET `pu_ht` = 10  WHERE `id` = 76043
2024-11-06 15:18:32;UPDATE `pe_tarif_client` SET `prix` = 10  WHERE `id` = 2062
2024-11-06 15:18:34;UPDATE `pe_bl` SET `num_cmd` = "bl2411001" ,`date` = "2024-11-06" ,`id_tiers_facturation` = 37 ,`id_tiers_livraison` = 37 ,`id_adresse_livraison` = 35 ,`id_tiers_transporteur` = 238 ,`date_livraison` = "2024-11-07"  WHERE id = 8386
2024-11-06 15:18:34;UPDATE `pe_bl_lignes` SET `id_palette` = 10599 ,`id_produit` = 445 ,`id_produit_bl` = 0 ,`id_lot` = 5695 ,`numlot` = "243926CFRA" ,`poids` = 10 ,`nb_colis` = 2 ,`qte` = 1 ,`pu_ht` = 10 ,`tva` = 5.5 ,`id_pays` = 1  WHERE `id` = 76043
2024-11-06 15:18:34;UPDATE `pe_tiers` SET `id_langue` = 1  WHERE `id` = 37
2024-11-06 15:18:34;UPDATE `pe_tiers_types` SET `id_famille` = 0 WHERE `id_tiers` = 37
2024-11-06 15:18:34;UPDATE `pe_bl` SET `num_cmd` = "bl2411001" ,`date` = "2024-11-06" ,`id_tiers_facturation` = 37 ,`id_tiers_livraison` = 37 ,`id_adresse_livraison` = 35 ,`id_tiers_transporteur` = 238 ,`date_livraison` = "2024-11-07" ,`chiffrage` = 1  WHERE id = 8386
2024-11-06 15:18:34;UPDATE `pe_bl` SET `num_cmd` = "bl2411001" ,`date` = "2024-11-06" ,`id_tiers_facturation` = 37 ,`id_tiers_livraison` = 37 ,`id_adresse_livraison` = 35 ,`id_tiers_transporteur` = 238 ,`date_livraison` = "2024-11-07" ,`chiffrage` = 1 ,`statut` = 2 ,`supprime` = 0  WHERE id = 8386
2024-11-06 15:18:34;UPDATE `pe_palette_composition` SET `supprime` = 1, `archive` = 1 WHERE `id` IN (0,88893)
2024-11-06 15:18:34;UPDATE `pe_bl` SET `date_envoi` = NULL WHERE `id` = 8386
2024-11-06 15:19:08;UPDATE `pe_langues` SET `actif` = 1 WHERE `iso` = "FR"
2024-11-06 15:19:13;DELETE FROM `pe_prp_op` WHERE `id` IN (2539)
2024-11-06 15:19:13;DELETE FROM `pe_prp_bls` WHERE `id_prp_op` IN (2539)
2024-11-06 15:19:13;INSERT INTO `pe_prp_op` (`id_user`) VALUES (0 )
2024-11-06 15:19:17;UPDATE `pe_prp_op` SET `id_transporteur` = 238  WHERE `id` = 2540
2024-11-06 15:19:20;DELETE FROM `pe_prp_bls` WHERE `id_prp_op` = 2540
2024-11-06 15:19:20;INSERT IGNORE INTO `pe_prp_bls` (`id_prp_op`, `id_bl`) VALUES (2540, 8386)
2024-11-06 15:19:22;UPDATE `pe_prp_op` SET `date` = "2024-11-06"  WHERE `id` = 2540
2024-11-06 15:19:23;UPDATE `pe_prp_op` SET `cmd_conforme` = 1  WHERE `id` = 2540
2024-11-06 15:19:26;UPDATE `pe_prp_op` SET `t_surface` = 3 ,`t_surface_conforme` = 1  WHERE `id` = 2540
2024-11-06 15:19:28;UPDATE `pe_prp_op` SET `t_camion` = 3 ,`t_camion_conforme` = 1  WHERE `id` = 2540
2024-11-06 15:19:30;INSERT INTO `pe_pvisu_apres` (`commentaires`,`id_user`,`id_lot`,`date`) VALUES ("" ,1 ,5695 ,"2024-11-06" )
2024-11-06 15:19:30;DELETE FROM `pe_pvisu_apres_points` WHERE `id_pvisu_apres` = 658
2024-11-06 15:19:30;INSERT IGNORE INTO `pe_pvisu_apres_points` (`id_pvisu_apres`, `id_point_controle`, `etat`, `id_pvisu_action`, `fiche_nc`, `id_user`, `date`) VALUES (658, 76, 0, 0, 0, 1, NOW()),(658, 74, 0, 0, 0, 1, NOW())
2024-11-06 15:19:35;UPDATE `pe_prp_op` SET `palettes_poids` = 3 ,`palettes_recues` = 1 ,`palettes_rendues` = 1  WHERE `id` = 2540
2024-11-06 15:19:37;UPDATE `pe_prp_op` SET `crochets_recus` = 1 ,`crochets_rendus` = 1  WHERE `id` = 2540
2024-11-06 15:19:44;UPDATE `pe_tiers` SET `solde_palettes` = 0 ,`solde_crochets` = 0  WHERE `id` = 238
2024-11-06 15:19:44;UPDATE `pe_tiers_types` SET `id_famille` = 0 WHERE `id_tiers` = 238
2024-11-06 15:19:44;UPDATE `pe_prp_op` SET `id_user` = 1 ,`date_add` = "2024-11-06 15:19:44"  WHERE `id` = 2540
2024-11-06 15:21:20;UPDATE `pe_bl` SET `supprime` = 1 WHERE `id` IN (1,3,4,9,10,40,42,51,53,65,72,80,81,84,85,86,88,93,96,108,111,112,139,140,147,150,160,168,173,174,176,182,191,195,196,199,202,203,211,236,237,247,248,251,252,274,275,276,282,284,285,287,298,301,307,308,310,311,336,343,366,367,379,380,401,402,403,404,407,409,411,502,510,512,521,527,534,568,569,641,691,692,715,716,717,718,719,720,721,722,730,731,797,856,957,1038,1040,1041,1062,1087,1101,1110,1125,1142,1143,1144,1243,1343,1378,1514,1533,1565,1571,1642,1676,1771,1814,1832,1860,1881,1929,1943,1992,2004,2039,2040,2041,2042,2106,2132,2133,2145,2146,2184,2195,2197,2201,2205,2210,2216,2223,2230,2238,2275,2290,2304,2318,2354,2508,2529,2584,2585,2588,2646,2681,2687,2692,2694,2706,2713,2714,2911,3003,3007,3042,3062,3080,3081,3098,3155,3204,3215,3267,3271,3273,3360,3449,3464,3479,3526,3615,3635,3643,3653,3688,3706,3707,3711,3794,3804,3888,3965,3982,3983,4112,4209,4223,4232,4233,4307,4308,4336,4439,4463,4472,4473,4474,4514,4526,4530,4531,4557,4568,4679,4703,4711,4713,4720,4737,4816,4976,5054,5083,5095,5124,5150,5253,5295,5334,5376,5411,5413,5415,5423,5481,5486,5492,5554,5631,5632,5669,5689,5714,5812,5874,5914,5941,5948,6004,6068,6118,6121,6160,6163,6260,6322,6379,6464,6506,6570,6608,6712,6780,6799,6800,6926,7004,7256,7369,7575,7610,7641,7713,7747,7749,7849,7856,8026,8028,8035,8041,8043,8046,8061,8092,8181,8254,8257,8259,8337,8339,8340,8341,8342,8343,8344,8345,8346,8347,8348,8349,8350,8351,8352,8353,8355,8356,8359,8360,8361,8362,8363,8364,8365,8370,8371,8375,8377,8380)
2024-11-06 15:49:05;INSERT INTO `pe_retour_palettes_rcp` (`date_retour`,`date_add`,`id_transporteur`,`palettes_recues`,`palettes_rendues`,`id_user`) VALUES ("2024-11-06" ,"2024-11-06 15:49:05" ,238 ,8 ,5 ,1 )
2024-11-06 15:49:05;UPDATE `pe_tiers` SET `solde_palettes` = -3  WHERE `id` = 238
2024-11-06 15:49:05;UPDATE `pe_tiers_types` SET `id_famille` = 0 WHERE `id_tiers` = 238
2024-11-06 15:49:05;INSERT INTO `pe_lot_reception` (`id_lot`,`observations`,`crochets_recus`,`crochets_rendus`,`id_transporteur`,`id_user`,`date_confirmation`) VALUES (0 ,"Retour crochets manuels" ,2 ,1 ,238 ,1 ,"2024-11-06 15:49:05" )
2024-11-06 15:49:05;UPDATE `pe_tiers` SET `solde_crochets` = -1  WHERE `id` = 238
2024-11-06 15:49:05;UPDATE `pe_tiers_types` SET `id_famille` = 0 WHERE `id_tiers` = 238
2024-11-06 15:49:08;UPDATE `pe_langues` SET `actif` = 1 WHERE `iso` = "FR"
