2024-11-11 07:27:40;UPDATE `pe_langues` SET `actif` = 1 WHERE `iso` = "FR"
2024-11-11 07:27:40;UPDATE `pe_consommables` SET `id_precedent` = 0, `date_upd` = null WHERE `date_upd` < CURDATE()
2024-11-11 07:31:04;UPDATE `pe_langues` SET `actif` = 1 WHERE `iso` = "FR"
2024-11-11 07:33:07;UPDATE `pe_langues` SET `actif` = 1 WHERE `iso` = "FR"
2024-11-11 07:33:25;INSERT INTO `pe_pvisu_avant` (`commentaires`,`date`) VALUES ("" ,"2024-11-11" )
2024-11-11 07:33:25;DELETE FROM `pe_pvisu_avant_points` WHERE `id_pvisu_avant` = 1128
2024-11-11 07:33:25;INSERT IGNORE INTO `pe_pvisu_avant_points` (`id_pvisu_avant`, `id_point_controle`, `etat`, `id_user`, `date`) VALUES (1128, 4, 1, 1, NOW()),(1128, 5, 1, 1, NOW()),(1128, 36, 1, 1, NOW()),(1128, 58, 1, 1, NOW()),(1128, 7, 1, 1, NOW()),(1128, 11, 1, 1, NOW()),(1128, 12, 1, 1, NOW()),(1128, 13, 1, 1, NOW()),(1128, 14, 1, 1, NOW()),(1128, 15, 1, 1, NOW()),(1128, 17, 1, 1, NOW()),(1128, 18, 1, 1, NOW()),(1128, 19, 1, 1, NOW()),(1128, 20, 1, 1, NOW()),(1128, 21, 1, 1, NOW()),(1128, 37, 1, 1, NOW()),(1128, 39, 1, 1, NOW()),(1128, 41, 1, 1, NOW()),(1128, 59, 1, 1, NOW()),(1128, 23, 1, 1, NOW()),(1128, 40, 1, 1, NOW()),(1128, 43, 1, 1, NOW()),(1128, 44, 1, 1, NOW()),(1128, 45, 1, 1, NOW()),(1128, 46, 1, 1, NOW()),(1128, 47, 1, 1, NOW()),(1128, 48, 1, 1, NOW()),(1128, 49, 1, 1, NOW()),(1128, 50, 1, 1, NOW()),(1128, 51, 1, 1, NOW()),(1128, 52, 1, 1, NOW()),(1128, 53, 1, 1, NOW()),(1128, 54, 1, 1, NOW()),(1128, 55, 1, 1, NOW())
2024-11-11 07:33:25;UPDATE `pe_pvisu_avant` SET `commentaires` = "GT" ,`date` = "2024-11-11" ,`id_user` = 1  WHERE `id` = 1128
2024-11-11 07:34:05;UPDATE `pe_langues` SET `actif` = 1 WHERE `iso` = "FR"
2024-11-11 07:36:46;UPDATE `pe_langues` SET `actif` = 1 WHERE `iso` = "FR"
2024-11-11 07:37:10;UPDATE `pe_froid` SET `statut` = 2 ,`conformite` = 1 ,`date_controle` = "2024-11-11 07:37:10" ,`id_visa_controleur` = 1  WHERE `id` = 6684
2024-11-11 07:37:10;INSERT INTO `pe_validations` (`type`,`id_vue`,`id_liaison`) VALUES (2 ,17 ,6684 )
2024-11-11 07:37:10;INSERT IGNORE INTO `pe_validations_lots` (`id_validation`, `id_lot`, `negoce`) VALUES  (11395, 5693, 0)
2024-11-11 07:37:19;UPDATE `pe_froid` SET `temp_debut` = 2 ,`date_entree` = "2024-11-11 07:37:19" ,`id_user_debut` = 1 ,`id_user_maj` = 1  WHERE `id` = 6679
2024-11-11 07:37:21;UPDATE `pe_froid` SET `date_sortie` = "2024-11-11 07:37:21" ,`id_user_fin` = 1 ,`id_user_maj` = 1  WHERE `id` = 6679
2024-11-11 07:37:24;UPDATE `pe_froid` SET `temp_fin` = 20 ,`id_user_maj` = 1  WHERE `id` = 6679
2024-11-11 07:37:29;UPDATE `pe_froid` SET `test_avant_fe` = 1 ,`test_avant_nfe` = 1 ,`test_avant_inox` = 1  WHERE `id` = 6679
2024-11-11 07:37:32;INSERT INTO `pe_loma` (`id_lot_pdt_froid`,`test_pdt`,`commentaire`,`date_test`,`id_user_visa`) VALUES (31282 ,0 ,"" ,"2024-11-11 07:37:32" ,1 )
2024-11-11 07:37:32;INSERT INTO `pe_validations` (`type`,`id_vue`,`id_liaison`) VALUES (3 ,17 ,2946 )
2024-11-11 07:37:32;INSERT IGNORE INTO `pe_validations_lots` (`id_validation`, `id_lot`, `negoce`) VALUES  (11396, 5795, 0)
2024-11-11 07:37:34;INSERT INTO `pe_loma` (`id_lot_pdt_froid`,`test_pdt`,`commentaire`,`date_test`,`id_user_visa`) VALUES (31283 ,0 ,"" ,"2024-11-11 07:37:34" ,1 )
2024-11-11 07:37:34;INSERT INTO `pe_validations` (`type`,`id_vue`,`id_liaison`) VALUES (3 ,17 ,2947 )
2024-11-11 07:37:34;INSERT IGNORE INTO `pe_validations_lots` (`id_validation`, `id_lot`, `negoce`) VALUES  (11397, 5693, 0)
2024-11-11 07:37:38;UPDATE `pe_langues` SET `actif` = 1 WHERE `iso` = "FR"
2024-11-11 10:12:50;INSERT IGNORE INTO `pe_emballages_prod` (`id_emballage_lot`, `id_lot`, `id_froid`) VALUES (260, 5795,0),(303, 5795,0),(304, 5795,0),(448, 5795,0),(446, 5795,0)
2024-11-11 10:13:21;UPDATE `pe_langues` SET `actif` = 1 WHERE `iso` = "FR"
2024-11-11 10:13:31;INSERT INTO `pe_pvisu_pendant` (`commentaires`,`id_user`,`id_lot`,`date`) VALUES ("" ,1 ,5795 ,"2024-11-11" )
2024-11-11 10:13:31;DELETE FROM `pe_pvisu_pendant_points` WHERE `id_pvisu_pendant` = 1809
2024-11-11 10:13:31;INSERT IGNORE INTO `pe_pvisu_pendant_points` (`id_pvisu_pendant`, `id_point_controle`, `etat`, `id_pvisu_action`, `fiche_nc`, `id_user`, `date`) VALUES (1809, 24, 1, 0, 0, 1, NOW()),(1809, 25, 1, 0, 0, 1, NOW()),(1809, 26, 1, 0, 0, 1, NOW()),(1809, 27, 1, 0, 0, 1, NOW()),(1809, 28, 1, 0, 0, 1, NOW()),(1809, 29, 1, 0, 0, 1, NOW()),(1809, 30, 1, 0, 0, 1, NOW()),(1809, 31, 1, 0, 0, 1, NOW()),(1809, 32, 1, 0, 0, 1, NOW()),(1809, 33, 1, 0, 0, 1, NOW())
2024-11-11 10:13:32;UPDATE `pe_langues` SET `actif` = 1 WHERE `iso` = "FR"
2024-11-11 10:14:04;UPDATE `pe_langues` SET `actif` = 1 WHERE `iso` = "FR"
2024-11-11 10:54:32;UPDATE `pe_langues` SET `actif` = 1 WHERE `iso` = "FR"
2024-11-11 10:54:36;UPDATE `pe_langues` SET `actif` = 1 WHERE `iso` = "FR"
2024-11-11 10:54:41;UPDATE `pe_loma` SET `id_lot_pdt_froid` = 30718 ,`test_pdt` = 0 ,`commentaire` = "" ,`date_test` = "2024-11-11 10:54:41" ,`id_user_visa` = 1  WHERE `id` = 2823
2024-11-11 10:54:41;INSERT INTO `pe_validations` (`type`,`id_vue`,`id_liaison`) VALUES (3 ,2 ,2823 )
2024-11-11 10:54:41;INSERT IGNORE INTO `pe_validations_lots` (`id_validation`, `id_lot`, `negoce`) VALUES  (11398, 5694, 0)
2024-11-11 10:54:42;INSERT IGNORE INTO `pe_lot_quantieme` (`id_lot`, `quantieme`) VALUES(5694, "316")
2024-11-11 10:59:06;UPDATE `pe_langues` SET `actif` = 1 WHERE `iso` = "FR"
2024-11-11 10:59:20;UPDATE `pe_langues` SET `actif` = 1 WHERE `iso` = "FR"
2024-11-11 10:59:28;UPDATE `pe_langues` SET `actif` = 1 WHERE `iso` = "FR"
2024-11-11 12:53:34;UPDATE `pe_froid` SET `statut` = 2 ,`conformite` = 1 ,`date_controle` = "2024-11-11 12:53:34" ,`id_visa_controleur` = 1  WHERE `id` = 6679
2024-11-11 12:53:34;INSERT INTO `pe_validations` (`type`,`id_vue`,`id_liaison`) VALUES (2 ,17 ,6679 )
2024-11-11 12:53:34;INSERT IGNORE INTO `pe_validations_lots` (`id_validation`, `id_lot`, `negoce`) VALUES  (11399, 5693, 0), (11399, 5795, 0)
2024-11-11 12:53:46;UPDATE `pe_froid` SET `temp_debut` = 2 ,`date_entree` = "2024-11-11 12:53:46" ,`id_user_debut` = 1 ,`id_user_maj` = 1  WHERE `id` = 6678
2024-11-11 12:53:48;UPDATE `pe_froid` SET `date_sortie` = "2024-11-11 12:53:48" ,`id_user_fin` = 1 ,`id_user_maj` = 1  WHERE `id` = 6678
2024-11-11 12:53:52;UPDATE `pe_froid` SET `temp_fin` = 2 ,`id_user_maj` = 1  WHERE `id` = 6678
2024-11-11 13:06:15;UPDATE `pe_langues` SET `actif` = 1 WHERE `iso` = "FR"
2024-11-11 13:06:28;UPDATE `pe_froid` SET `temp_debut` = 2 ,`date_entree` = "2024-11-11 13:06:28" ,`id_user_debut` = 1 ,`id_user_maj` = 1  WHERE `id` = 6669
2024-11-11 13:06:31;UPDATE `pe_froid` SET `date_sortie` = "2024-11-11 13:06:31" ,`id_user_fin` = 1 ,`id_user_maj` = 1  WHERE `id` = 6669
2024-11-11 13:06:33;UPDATE `pe_froid` SET `temp_fin` = 2 ,`id_user_maj` = 1  WHERE `id` = 6669
2024-11-11 13:07:35;UPDATE `pe_langues` SET `actif` = 1 WHERE `iso` = "FR"
2024-11-11 13:07:50;UPDATE `pe_froid` SET `temp_debut` = 2 ,`date_entree` = "2024-11-11 13:07:50" ,`id_user_debut` = 1 ,`id_user_maj` = 1  WHERE `id` = 6674
2024-11-11 13:07:52;UPDATE `pe_froid` SET `date_sortie` = "2024-11-11 13:07:52" ,`id_user_fin` = 1 ,`id_user_maj` = 1  WHERE `id` = 6674
2024-11-11 13:07:56;UPDATE `pe_froid` SET `temp_fin` = 2 ,`id_user_maj` = 1  WHERE `id` = 6674
2024-11-11 13:08:32;UPDATE `pe_froid` SET `test_avant_fe` = 1 ,`test_avant_nfe` = 1 ,`test_avant_inox` = 1  WHERE `id` = 6674
2024-11-11 13:08:38;UPDATE `pe_langues` SET `actif` = 1 WHERE `iso` = "FR"
2024-11-11 13:09:16;UPDATE `pe_froid` SET `statut` = 2 ,`conformite` = 1 ,`date_controle` = "2024-11-11 13:09:16" ,`id_visa_controleur` = 1  WHERE `id` = 6674
2024-11-11 13:09:16;INSERT INTO `pe_validations` (`type`,`id_vue`,`id_liaison`) VALUES (2 ,17 ,6674 )
2024-11-11 13:09:16;INSERT IGNORE INTO `pe_validations_lots` (`id_validation`, `id_lot`, `negoce`) VALUES  (11400, 5778, 0)
2024-11-11 13:11:48;UPDATE `pe_langues` SET `actif` = 1 WHERE `iso` = "FR"
2024-11-11 13:12:59;UPDATE `pe_langues` SET `actif` = 1 WHERE `iso` = "FR"
2024-11-11 13:16:37;UPDATE `pe_langues` SET `actif` = 1 WHERE `iso` = "FR"
2024-11-11 13:28:53;UPDATE `pe_langues` SET `actif` = 1 WHERE `iso` = "FR"
2024-11-11 13:33:32;UPDATE `pe_langues` SET `actif` = 1 WHERE `iso` = "FR"
2024-11-11 13:33:42;UPDATE `pe_langues` SET `actif` = 1 WHERE `iso` = "FR"
2024-11-11 13:37:05;UPDATE `pe_langues` SET `actif` = 1 WHERE `iso` = "FR"
2024-11-11 13:47:58;UPDATE `pe_langues` SET `actif` = 1 WHERE `iso` = "FR"
2024-11-11 13:48:46;UPDATE `pe_langues` SET `actif` = 1 WHERE `iso` = "FR"
2024-11-11 13:48:53;UPDATE `pe_langues` SET `actif` = 1 WHERE `iso` = "FR"
2024-11-11 14:52:33;UPDATE `pe_langues` SET `actif` = 1 WHERE `iso` = "FR"
2024-11-11 14:52:38;UPDATE `pe_langues` SET `actif` = 1 WHERE `iso` = "FR"
2024-11-11 14:53:06;UPDATE `pe_langues` SET `actif` = 1 WHERE `iso` = "FR"
2024-11-11 14:53:17;UPDATE `pe_langues` SET `actif` = 1 WHERE `iso` = "FR"
2024-11-11 14:53:39;UPDATE `pe_langues` SET `actif` = 1 WHERE `iso` = "FR"
2024-11-11 14:54:09;UPDATE `pe_langues` SET `actif` = 1 WHERE `iso` = "FR"
2024-11-11 14:55:02;UPDATE `pe_langues` SET `actif` = 1 WHERE `iso` = "FR"
2024-11-11 14:55:41;UPDATE `pe_langues` SET `actif` = 1 WHERE `iso` = "FR"
2024-11-11 14:57:12;UPDATE `pe_langues` SET `actif` = 1 WHERE `iso` = "FR"
2024-11-11 14:57:31;UPDATE `pe_langues` SET `actif` = 1 WHERE `iso` = "FR"
2024-11-11 14:59:30;UPDATE `pe_langues` SET `actif` = 1 WHERE `iso` = "FR"
2024-11-11 15:00:27;UPDATE `pe_langues` SET `actif` = 1 WHERE `iso` = "FR"
2024-11-11 15:00:37;UPDATE `pe_langues` SET `actif` = 1 WHERE `iso` = "FR"
2024-11-11 15:00:57;UPDATE `pe_langues` SET `actif` = 1 WHERE `iso` = "FR"
2024-11-11 15:38:37;UPDATE `pe_langues` SET `actif` = 1 WHERE `iso` = "FR"
2024-11-11 15:38:48;UPDATE `pe_langues` SET `actif` = 1 WHERE `iso` = "FR"
2024-11-11 15:39:43;UPDATE `pe_langues` SET `actif` = 1 WHERE `iso` = "FR"
2024-11-11 15:39:56;UPDATE `pe_langues` SET `actif` = 1 WHERE `iso` = "FR"
2024-11-11 15:50:10;UPDATE `pe_langues` SET `actif` = 1 WHERE `iso` = "FR"
2024-11-11 15:50:42;UPDATE `pe_langues` SET `actif` = 1 WHERE `iso` = "FR"
2024-11-11 15:52:57;UPDATE `pe_langues` SET `actif` = 1 WHERE `iso` = "FR"
2024-11-11 15:53:04;UPDATE `pe_langues` SET `actif` = 1 WHERE `iso` = "FR"
2024-11-11 15:53:21;UPDATE `pe_langues` SET `actif` = 1 WHERE `iso` = "FR"
2024-11-11 15:53:42;UPDATE `pe_langues` SET `actif` = 1 WHERE `iso` = "FR"
2024-11-11 15:54:11;UPDATE `pe_langues` SET `actif` = 1 WHERE `iso` = "FR"
