2024-11-05 07:03:37;UPDATE `pe_langues` SET `actif` = 1 WHERE `iso` = "FR"
2024-11-05 07:03:37;UPDATE `pe_consommables` SET `id_precedent` = 0, `date_upd` = null WHERE `date_upd` < CURDATE()
2024-11-05 07:03:59;UPDATE `pe_langues` SET `actif` = 1 WHERE `iso` = "FR"
2024-11-05 07:03:59;UPDATE `pe_consommables` SET `id_precedent` = 0, `date_upd` = null WHERE `date_upd` < CURDATE()
2024-11-05 07:04:07;UPDATE `pe_bl_lignes` SET `supprime` = 1 WHERE `supprime` = 0  AND `id_bl` IN (SELECT `id` FROM `pe_bl` WHERE `supprime` = 1)
2024-11-05 07:22:56;UPDATE `pe_bl_lignes` SET `supprime` = 1 WHERE `supprime` = 0  AND `id_bl` IN (SELECT `id` FROM `pe_bl` WHERE `supprime` = 1)
2024-11-05 07:31:09;UPDATE `pe_bl_lignes` SET `supprime` = 1 WHERE `supprime` = 0  AND `id_bl` IN (SELECT `id` FROM `pe_bl` WHERE `supprime` = 1)
2024-11-05 07:36:42;UPDATE `pe_bl_lignes` SET `supprime` = 1 WHERE `supprime` = 0  AND `id_bl` IN (SELECT `id` FROM `pe_bl` WHERE `supprime` = 1)
2024-11-05 07:38:33;UPDATE `pe_bl_lignes` SET `supprime` = 1 WHERE `supprime` = 0  AND `id_bl` IN (SELECT `id` FROM `pe_bl` WHERE `supprime` = 1)
2024-11-05 07:39:58;UPDATE `pe_bl_lignes` SET `supprime` = 1 WHERE `supprime` = 0  AND `id_bl` IN (SELECT `id` FROM `pe_bl` WHERE `supprime` = 1)
2024-11-05 07:40:46;UPDATE `pe_bl_lignes` SET `supprime` = 1 WHERE `supprime` = 0  AND `id_bl` IN (SELECT `id` FROM `pe_bl` WHERE `supprime` = 1)
2024-11-05 07:40:59;UPDATE `pe_bl_lignes` SET `supprime` = 1 WHERE `supprime` = 0  AND `id_bl` IN (SELECT `id` FROM `pe_bl` WHERE `supprime` = 1)
2024-11-05 07:41:25;UPDATE `pe_bl_lignes` SET `supprime` = 1 WHERE `supprime` = 0  AND `id_bl` IN (SELECT `id` FROM `pe_bl` WHERE `supprime` = 1)
2024-11-05 07:41:46;UPDATE `pe_bl_lignes` SET `supprime` = 1 WHERE `supprime` = 0  AND `id_bl` IN (SELECT `id` FROM `pe_bl` WHERE `supprime` = 1)
2024-11-05 07:41:57;UPDATE `pe_bl_lignes` SET `supprime` = 1 WHERE `supprime` = 0  AND `id_bl` IN (SELECT `id` FROM `pe_bl` WHERE `supprime` = 1)
2024-11-05 07:42:07;UPDATE `pe_bl_lignes` SET `supprime` = 1 WHERE `supprime` = 0  AND `id_bl` IN (SELECT `id` FROM `pe_bl` WHERE `supprime` = 1)
2024-11-05 07:42:17;UPDATE `pe_bl_lignes` SET `supprime` = 1 WHERE `supprime` = 0  AND `id_bl` IN (SELECT `id` FROM `pe_bl` WHERE `supprime` = 1)
2024-11-05 07:43:55;UPDATE `pe_bl_lignes` SET `supprime` = 1 WHERE `supprime` = 0  AND `id_bl` IN (SELECT `id` FROM `pe_bl` WHERE `supprime` = 1)
2024-11-05 07:45:26;UPDATE `pe_bl_lignes` SET `supprime` = 1 WHERE `supprime` = 0  AND `id_bl` IN (SELECT `id` FROM `pe_bl` WHERE `supprime` = 1)
2024-11-05 07:50:51;UPDATE `pe_bl_lignes` SET `supprime` = 1 WHERE `supprime` = 0  AND `id_bl` IN (SELECT `id` FROM `pe_bl` WHERE `supprime` = 1)
2024-11-05 07:51:30;UPDATE `pe_bl_lignes` SET `supprime` = 1 WHERE `supprime` = 0  AND `id_bl` IN (SELECT `id` FROM `pe_bl` WHERE `supprime` = 1)
2024-11-05 07:51:35;UPDATE `pe_bl_lignes` SET `supprime` = 1 WHERE `supprime` = 0  AND `id_bl` IN (SELECT `id` FROM `pe_bl` WHERE `supprime` = 1)
2024-11-05 07:59:23;UPDATE `pe_bl_lignes` SET `supprime` = 1 WHERE `supprime` = 0  AND `id_bl` IN (SELECT `id` FROM `pe_bl` WHERE `supprime` = 1)
2024-11-05 08:12:09;UPDATE `pe_lots` SET `test_tracabilite` = "2024-11-05 08:12:09"  WHERE `id` = 5814
2024-11-05 08:12:10;UPDATE `pe_bl_lignes` SET `supprime` = 1 WHERE `supprime` = 0  AND `id_bl` IN (SELECT `id` FROM `pe_bl` WHERE `supprime` = 1)
2024-11-05 08:12:14;UPDATE `pe_lots` SET `test_tracabilite` = ""  WHERE `id` = 5814
2024-11-05 08:12:33;UPDATE `pe_bl_lignes` SET `supprime` = 1 WHERE `supprime` = 0  AND `id_bl` IN (SELECT `id` FROM `pe_bl` WHERE `supprime` = 1)
2024-11-05 08:24:27;UPDATE `pe_bl_lignes` SET `supprime` = 1 WHERE `supprime` = 0  AND `id_bl` IN (SELECT `id` FROM `pe_bl` WHERE `supprime` = 1)
2024-11-05 08:24:32;UPDATE `pe_bl_lignes` SET `supprime` = 1 WHERE `supprime` = 0  AND `id_bl` IN (SELECT `id` FROM `pe_bl` WHERE `supprime` = 1)
2024-11-05 08:26:26;UPDATE `pe_bl_lignes` SET `supprime` = 1 WHERE `supprime` = 0  AND `id_bl` IN (SELECT `id` FROM `pe_bl` WHERE `supprime` = 1)
2024-11-05 08:26:43;UPDATE `pe_langues` SET `actif` = 1 WHERE `iso` = "FR"
2024-11-05 08:26:51;UPDATE `pe_lots` SET `composition_viande` = 2  WHERE `id` = 5814
2024-11-05 08:27:00;INSERT INTO `pe_lot_reception` (`id_lot`,`temp_d`,`temp_m`,`temp_f`) VALUES (5814 ,2 ,3 ,4 )
2024-11-05 08:27:00;UPDATE `pe_lots` SET `date_maj` = "2024-11-05- 08:27:00" ,`id_user_maj` = 1  WHERE `id` = 5814
2024-11-05 08:27:05;UPDATE `pe_lot_reception` SET `etat_visuel` = 1  WHERE `id` = 2269
2024-11-05 08:27:05;UPDATE `pe_lots` SET `date_maj` = "2024-11-05- 08:27:05" ,`id_user_maj` = 1  WHERE `id` = 5814
2024-11-05 08:27:10;UPDATE `pe_lot_reception` SET `observations` = "                                                                    " ,`conformite` = 1 ,`id_user` = 1 ,`date_confirmation` = "2024-11-05 08:27:10"  WHERE `id` = 2269
2024-11-05 08:27:10;UPDATE `pe_lots` SET `date_maj` = "2024-11-05- 08:27:10" ,`id_user_maj` = 1  WHERE `id` = 5814
2024-11-05 08:27:10;INSERT INTO `pe_pvisu_avant` (`commentaires`,`id_user`,`id_lot`,`date`) VALUES ("" ,1 ,5814 ,"2024-11-05" )
2024-11-05 08:27:10;DELETE FROM `pe_pvisu_avant_points` WHERE `id_pvisu_avant` = 1123
2024-11-05 08:27:10;INSERT IGNORE INTO `pe_pvisu_avant_points` (`id_pvisu_avant`, `id_point_controle`, `etat`, `id_user`, `date`) VALUES (1123, 75, 1, 1, NOW()),(1123, 73, 1, 1, NOW())
2024-11-05 08:27:13;UPDATE `pe_lot_reception` SET `crochets_recus` = 1 ,`crochets_rendus` = 1  WHERE `id` = 2269
2024-11-05 08:27:26;UPDATE `pe_bl_lignes` SET `supprime` = 1 WHERE `supprime` = 0  AND `id_bl` IN (SELECT `id` FROM `pe_bl` WHERE `supprime` = 1)
2024-11-05 08:27:47;UPDATE `pe_lot_reception` SET `id_transporteur` = 423  WHERE `id` = 2269
2024-11-05 08:27:49;INSERT INTO `pe_validations` (`type`,`id_vue`,`id_liaison`) VALUES (1 ,1 ,5814 )
2024-11-05 08:27:49;INSERT IGNORE INTO `pe_validations_lots` (`id_validation`, `id_lot`, `negoce`) VALUES  (11281, 5814, 0)
2024-11-05 08:27:49;DELETE FROM `pe_lot_vues` 
						  WHERE `id_lot` = 5814 
						  AND `id_vue` = 1
2024-11-05 08:27:49;INSERT IGNORE INTO `pe_lot_vues` (`id_lot`, `id_vue`, `date_entree`) VALUES (5814, 2, "2024-11-05 08:27:49")
2024-11-05 08:27:49;UPDATE `pe_lots` SET `date_reception` = "2024-11-05" ,`date_prod` = "2024-11-05 08:27:49" ,`date_atelier` = "2024-11-05 08:27:49"  WHERE `id` = 5814
2024-11-05 08:27:49;UPDATE `pe_langues` SET `actif` = 1 WHERE `iso` = "FR"
2024-11-05 08:28:06;UPDATE `pe_bl_lignes` SET `supprime` = 1 WHERE `supprime` = 0  AND `id_bl` IN (SELECT `id` FROM `pe_bl` WHERE `supprime` = 1)
2024-11-05 08:28:18;UPDATE `pe_bl_lignes` SET `supprime` = 1 WHERE `supprime` = 0  AND `id_bl` IN (SELECT `id` FROM `pe_bl` WHERE `supprime` = 1)
2024-11-05 08:28:43;UPDATE `pe_bl_lignes` SET `supprime` = 1 WHERE `supprime` = 0  AND `id_bl` IN (SELECT `id` FROM `pe_bl` WHERE `supprime` = 1)
2024-11-05 08:29:02;UPDATE `pe_langues` SET `actif` = 1 WHERE `iso` = "FR"
2024-11-05 08:29:07;INSERT INTO `pe_froid` (`id_type`,`id_user_maj`,`date_entree`) VALUES (6 ,1 ,"2024-11-05 08:29:07" )
2024-11-05 08:29:07;INSERT IGNORE INTO `pe_lot_vues` (`id_lot`, `id_vue`, `date_entree`) VALUES (5814, 2, "2024-11-05 08:29:07")
2024-11-05 08:29:07;INSERT IGNORE INTO `pe_lot_quantieme` (`id_lot`, `quantieme`) VALUES(5814, "310")
2024-11-05 08:29:07;INSERT INTO `pe_froid_produits` (`id_lot`,`id_pdt`,`id_froid`,`id_palette`,`quantieme`,`date_add`,`user_add`) VALUES (5814 ,488 ,6686 ,0 ,"" ,"2024-11-05 08:29:07" ,1 )
2024-11-05 08:29:07;UPDATE `pe_lots` SET `date_maj` = "2024-11-05 08:29:07"  WHERE `id` = 5814
2024-11-05 08:29:07;UPDATE `pe_froid_produits` SET `id_lot` = 5814 ,`id_pdt` = 488 ,`id_froid` = 6686 ,`id_palette` = 0 ,`quantieme` = "" ,`date_add` = "2024-11-05 08:29:07" ,`user_add` = 1 ,`poids` = 0 ,`nb_colis` = 0  WHERE `id_lot_pdt_froid` = 31292
2024-11-05 08:29:10;UPDATE `pe_froid` SET `test_avant_fe` = 1 ,`test_avant_nfe` = 1 ,`test_avant_inox` = 1  WHERE `id` = 6686
2024-11-05 08:29:10;INSERT INTO `pe_loma` (`id_lot_pdt_froid`,`test_pdt`,`commentaire`,`date_test`,`id_user_visa`) VALUES (31292 ,0 ,"" ,"2024-11-05 08:29:10" ,1 )
2024-11-05 08:29:10;INSERT INTO `pe_validations` (`type`,`id_vue`,`id_liaison`) VALUES (3 ,2 ,2933 )
2024-11-05 08:29:10;INSERT IGNORE INTO `pe_validations_lots` (`id_validation`, `id_lot`, `negoce`) VALUES  (11282, 5814, 0)
2024-11-05 08:29:10;INSERT IGNORE INTO `pe_lot_quantieme` (`id_lot`, `quantieme`) VALUES(5814, "310")
2024-11-05 08:29:11;INSERT IGNORE INTO `pe_emballages_prod` (`id_emballage_lot`, `id_lot`, `id_froid`) VALUES (144, 5814,0),(210, 5814,0),(219, 5814,0),(231, 5814,0),(298, 5814,0),(304, 5814,0),(354, 5814,0),(382, 5814,0),(401, 5814,0),(405, 5814,0),(429, 5814,0),(441, 5814,0),(446, 5814,0),(448, 5814,0),(455, 5814,0),(457, 5814,0),(458, 5814,0)
2024-11-05 08:29:13;INSERT INTO `pe_froid` (`id_type`,`id_user_maj`,`date_entree`) VALUES (6 ,1 ,"2024-11-05 08:29:13" )
2024-11-05 08:29:13;INSERT IGNORE INTO `pe_lot_vues` (`id_lot`, `id_vue`, `date_entree`) VALUES (5814, 2, "2024-11-05 08:29:13")
2024-11-05 08:29:13;INSERT IGNORE INTO `pe_lot_quantieme` (`id_lot`, `quantieme`) VALUES(5814, "310")
2024-11-05 08:29:13;INSERT INTO `pe_froid_produits` (`id_lot`,`id_pdt`,`id_froid`,`id_palette`,`quantieme`,`date_add`,`user_add`) VALUES (5814 ,489 ,6687 ,0 ,"" ,"2024-11-05 08:29:13" ,1 )
2024-11-05 08:29:13;UPDATE `pe_lots` SET `date_maj` = "2024-11-05 08:29:13"  WHERE `id` = 5814
2024-11-05 08:29:13;UPDATE `pe_froid_produits` SET `id_lot` = 5814 ,`id_pdt` = 489 ,`id_froid` = 6687 ,`id_palette` = 0 ,`quantieme` = "" ,`date_add` = "2024-11-05 08:29:13" ,`user_add` = 1 ,`poids` = 0 ,`nb_colis` = 0  WHERE `id_lot_pdt_froid` = 31293
2024-11-05 08:29:15;UPDATE `pe_froid` SET `test_apres_fe` = 1 ,`test_apres_nfe` = 1 ,`test_apres_inox` = 1  WHERE `id` = 6687
2024-11-05 08:29:15;INSERT INTO `pe_loma` (`id_lot_pdt_froid`,`test_pdt`,`commentaire`,`date_test`,`id_user_visa`) VALUES (31293 ,0 ,"" ,"2024-11-05 08:29:15" ,1 )
2024-11-05 08:29:15;INSERT INTO `pe_validations` (`type`,`id_vue`,`id_liaison`) VALUES (3 ,2 ,2934 )
2024-11-05 08:29:15;INSERT IGNORE INTO `pe_validations_lots` (`id_validation`, `id_lot`, `negoce`) VALUES  (11283, 5814, 0)
2024-11-05 08:29:27;UPDATE `pe_bl_lignes` SET `supprime` = 1 WHERE `supprime` = 0  AND `id_bl` IN (SELECT `id` FROM `pe_bl` WHERE `supprime` = 1)
2024-11-05 09:49:25;UPDATE `pe_bl_lignes` SET `supprime` = 1 WHERE `supprime` = 0  AND `id_bl` IN (SELECT `id` FROM `pe_bl` WHERE `supprime` = 1)
2024-11-05 10:09:16;UPDATE `pe_langues` SET `actif` = 1 WHERE `iso` = "FR"
2024-11-05 10:12:29;INSERT INTO `pe_froid` (`id_type`,`id_user_maj`) VALUES (1 ,1 )
2024-11-05 10:12:29;INSERT IGNORE INTO `pe_lot_vues` (`id_lot`, `id_vue`, `date_entree`) VALUES (4676, 4, "2024-11-05 10:12:29")
2024-11-05 10:12:29;INSERT INTO `pe_froid_produits` (`id_froid`,`attente`,`id_pdt`,`id_palette`,`id_lot`,`poids`,`nb_colis`,`user_add`,`etiquetage`,`date_add`,`quantieme`) VALUES (6688 ,0 ,11 ,8981 ,4676 ,10 ,1 ,1 ,1 ,"2024-11-05 10:12:29" ,040 )
2024-11-05 10:12:29;UPDATE `pe_froid_produits` SET `poids` = 5.01 ,`nb_colis` = 0 ,`user_maj` = 1 ,`date_maj` = "2024-11-05 10:12:29"  WHERE `id_lot_pdt_froid` = 29215
2024-11-05 10:12:29;UPDATE `pe_palette_composition` SET `nb_colis` = 0 ,`poids` = 5.01 ,`supprime` = 0  WHERE `id` = 77908
2024-11-05 10:12:29;UPDATE `pe_palette_composition` SET `supprime` = 1 WHERE `id_lot_pdt_froid` = 29215 AND `id` NOT IN (77908)
2024-11-05 10:12:29;INSERT INTO `pe_palette_composition` (`supprime`,`poids`,`nb_colis`,`id_lot_pdt_froid`,`id_palette`,`id_produit`,`id_client`,`date`,`id_user`) VALUES (0 ,10 ,1 ,31294 ,8981 ,11 ,226 ,"2024-11-05 10:12:29" ,1 )
2024-11-05 10:12:29;UPDATE `pe_palette_composition` SET `supprime` = 0 ,`id_lot_pdt_froid` = 31294  WHERE `id` = 77908
2024-11-05 10:12:29;INSERT INTO `pe_palette_composition` (`poids`,`nb_colis`,`id_produit`,`id_client`,`date`,`id_user`,`id_palette`,`id_lot_pdt_froid`,`supprime`) VALUES (10 ,1 ,11 ,226 ,"2024-11-05 10:12:29" ,1 ,8981 ,29215 ,0 )
2024-11-05 10:12:30;INSERT IGNORE INTO `pe_emballages_prod` (`id_emballage_lot`, `id_lot`, `id_froid`) VALUES (387, 0,6688),(388, 0,6688),(292, 0,6688),(259, 0,6688),(260, 0,6688),(290, 0,6688),(269, 0,6688)
2024-11-05 10:12:30;UPDATE `pe_palette_composition` SET `supprime` = 1 WHERE `id_lot_pdt_froid` = 0 AND `id_lot_hors_stock` = 0 AND `id_user` = 1
2024-11-05 10:12:31;DELETE FROM `pe_palettes` WHERE `id` IN (9377,1165,1166,1168,1169,1170,1171,1172,1173,1623,1637,1638,1639,1641,1647,1675,1676,1678,1679,1680,1681,1685,1686,1687,1691,1693,2073,2080,2100,2101,2143,2144,2145,2146,2147,2168,2263,2264,2469,2470,2479,2486,2580,2592,2602,2603,2613,2614,2650,2679,2680,2681,2695,2696,2702,2707,2713,2718,2722,2724,2730,2739,2751,2774,2778,2803,2804,2806,2807,2811,2834,2836,2849,2906,2932,2947,2952,2954,2955,2972,2973,2974,2977,2982,2983,3001,3016,3018,3019,3020,3039,3049,3050,3051,3052,3053,3065,3066,3068,3070,3071,3074,3083,3085,3099,3101,3117,3118,3121,3124,3172,3184,3186,3196,3201,3209,3211,3212,3222,3223,3225,3226,3227,3228,3270,3271,3272,3273,3309,3323,3324,3334,3335,3338,3343,3376,3379,3409,3436,3457,3478,3485,3523,3539,3545,3551,3552,3560,3569,3588,3623,3660,3661,3668,3677,3686,3687,3688,3689,3690,3691,3708,3724,3738,3746,3787,3805,3812,3834,3843,3844,3845,3865,3876,3890,3925,3940,3961,3962,3986,3994,4037,4038,4039,4078,4108,4115,4117,4128,4131,4132,4133,4134,4173,4188,4189,4197,4236,4246,4317,4326,4329,4367,4377,4378,4444,4446,4482,4483,4484,4548,4582,4583,4604,4605,4609,4610,4613,4622,4657,4676,4678,4690,4711,4718,4721,4760,4814,4866,4884,4925,4938,4939,4940,4945,4985,4988,5015,5016,5061,5084,5150,5151,5152,5184,5185,5241,5242,5270,5283,5286,5326,5416,5441,5444,5487,5522,5543,5546,5574,5620,5682,5692,5824,5825,5826,5846,5849,5851,5871,5872,5874,5884,5885,5887,5918,5929,5971,5976,5989,5999,6000,6006,6007,6008,6055,6056,6059,6085,6099,6100,6101,6102,6106,6113,6114,6121,6126,6127,6139,6160,6161,6179,6183,6186,6189,6191,6200,6207,6217,6237,6238,6255,6258,6286,6287,6289,6323,6335,6346,6352,6364,6463,6479,6495,6510,6526,6568,6572,6573,6680,6697,6727,6741,6788,6832,6846,6863,6874,6912,6919,6920,6925,6926,6938,6939,6959,6969,6975,6992,7084,7093,7094,7095,7096,7100,7102,7106,7116,7118,7122,7125,7128,7133,7136,7138,7140,7144,7149,7151,7152,7169,7180,7184,7185,7196,7212,7216,7222,7223,7249,7260,7265,7289,7291,7299,7304,7307,7318,7322,7331,7332,7333,7335,7336,7354,7382,7386,7390,7391,7393,7396,7399,7410,7435,7439,7441,7448,7449,7455,7457,7470,7472,7473,7475,7478,7482,7486,7489,7525,7531,7545,7549,7550,7562,7566,7582,7598,7624,7631,7632,7637,7640,7645,7646,7647,7650,7651,7660,7661,7664,7665,7666,7678,7679,7681,7682,7683,7684,7692,7693,7695,7700,7703,7705,7718,7724,7747,7748,7749,7750,7751,7754,7756,7777,7778,7779,7780,7785,7786,7787,7788,7790,7795,7799,7807,7817,7818,7827,7830,7832,7834,7835,7840,7841,7842,7843,7850,7855,7859,7869,7874,7875,7878,7879,7880,7886,7887,7892,7896,7897,7906,7916,7920,7927,7932,7933,7935,7937,7944,7945,7954,7977,7978,7999,8001,8003,8004,8005,8014,8041,8054,8056,8057,8062,8069,8076,8078,8098,8107,8117,8119,8120,8123,8130,8132,8143,8146,8171,8175,8183,8187,8189,8199,8200,8202,8203,8205,8207,8236,8238,8246,8250,8251,8253,8255,8258,8267,8268,8271,8277,8278,8280,8282,8288,8289,8310,8317,8325,8326,8356,8362,8363,8365,8366,8368,8374,8378,8382,8383,8384,8385,8424,8426,8427,8428,8430,8435,8441,8444,8448,8449,8450,8451,8452,8483,8484,8486,8488,8491,8493,8499,8500,8510,8514,8533,8535,8539,8540,8543,8550,8551,8552,8556,8561,8566,8568,8587,8591,8597,8598,8604,8619,8621,8627,8635,8636,8641,8642,8646,8649,8654,8658,8663,8665,8688,8690,8693,8696,8697,8698,8699,8701,8702,8703,8710,8711,8737,8746,8748,8749,8753,8756,8759,8765,8774,8784,8800,8809,8810,8819,8820,8833,8834,8862,8865,8885,8887,8888,8901,8903,8926,8927,8940,8941,8948,8951,8952,8954,8956,8963,8980,8982,8999,9007,9013,9014,9015,9017,9026,9037,9050,9056,9058,9067,9083,9085,9086,9100,9105,9106,9107,9112,9116,9119,9120,9121,9122,9147,9155,9169,9175,9196,9205,9207,9208,9209,9211,9215,9229,9241,9242,9243,9247,9249,9250,9251,9255,9258,9264,9268,9278,9291,9292,9295,9296,9299,9304,9311,9313,9321,9343,9345,9349,9350,9356,9363,9364,9375,9376,9380,9384,9407,9411,9414,9416,9418,9420,9424,9426,9427,9429,9438,9462,9466,9468,9474,9475,9480,9490,9491,9517,9518,9519,9521,9523,9525,9536,9553,9554,9567,9572,9576,9579,9585,9590,9593,9600,9621,9625,9627,9629,9631,9637,9639,9646,9652,9680,9682,9687,9691,9697,9698,9707,9733,9734,9735,9737,9743,9744,9746,9747,9749,9751,9754,9755,9786,9787,9796,9798,9802,9809,9810,9813,9814,9833,9834,9835,9840,9844,9848,9849,9853,9855,9857,9867,9869,9873,9887,9894,9897,9900,9906,9928,9930,9931,9942,9943,9946,9950,9951,9963,9971,9975,9976,9991,9992,9996,10000,10003,10004,10008,10009,10010,10018,10019,10026,10027,10038,10040,10044,10046,10050,10056,10061,10067,10076,10081,10098,10104,10115,10116,10118,10121,10143,10144,10146,10148,10151,10154,10155,10157,10159,10161,10164,10180,10182,10186,10187,10195,10196,10197,10199,10200,10202,10207,10209,10213,10215,10216,10217,10236,10240,10242,10243,10244,10248,10272,10274,10275,10276,10278,10284,10285,10287,10292,10295,10296,10297,10298,10299,10303,10304,10313,10331,10336,10343,10346,10352,10355,10356,10362,10363,10364,10367,10372,10373,10389,10391,10392,10395,10403,10407,10409,10412,10415,10416,10417,10421,10422,10443,10448,10450,10463,10465,10467,10474,10476,10480,10504,10506,10508,10514,10516,10518,10525,10528,10529,10530,10536,10566,10567,10570,10578,10583,10591,10593) AND `id_user` = 1
2024-11-05 10:12:35;UPDATE `pe_froid` SET `temp_debut` = 2 ,`id_user_maj` = 1  WHERE `id` = 6688
2024-11-05 10:12:37;UPDATE `pe_froid` SET `date_entree` = "2024-11-05 10:12:37" ,`id_user_debut` = 1 ,`id_user_maj` = 1  WHERE `id` = 6688
2024-11-05 10:12:37;UPDATE `pe_froid_produits` SET `etiquetage` = 1 WHERE `id_froid` = 6688
2024-11-05 10:12:43;UPDATE `pe_palette_composition` SET `supprime` = 1 WHERE `id_lot_pdt_froid` = 0 AND `id_lot_hors_stock` = 0 AND `id_user` = 1
2024-11-05 10:12:43;DELETE FROM `pe_palettes` WHERE `id` IN (9377,1165,1166,1168,1169,1170,1171,1172,1173,1623,1637,1638,1639,1641,1647,1675,1676,1678,1679,1680,1681,1685,1686,1687,1691,1693,2073,2080,2100,2101,2143,2144,2145,2146,2147,2168,2263,2264,2469,2470,2479,2486,2580,2592,2602,2603,2613,2614,2650,2679,2680,2681,2695,2696,2702,2707,2713,2718,2722,2724,2730,2739,2751,2774,2778,2803,2804,2806,2807,2811,2834,2836,2849,2906,2932,2947,2952,2954,2955,2972,2973,2974,2977,2982,2983,3001,3016,3018,3019,3020,3039,3049,3050,3051,3052,3053,3065,3066,3068,3070,3071,3074,3083,3085,3099,3101,3117,3118,3121,3124,3172,3184,3186,3196,3201,3209,3211,3212,3222,3223,3225,3226,3227,3228,3270,3271,3272,3273,3309,3323,3324,3334,3335,3338,3343,3376,3379,3409,3436,3457,3478,3485,3523,3539,3545,3551,3552,3560,3569,3588,3623,3660,3661,3668,3677,3686,3687,3688,3689,3690,3691,3708,3724,3738,3746,3787,3805,3812,3834,3843,3844,3845,3865,3876,3890,3925,3940,3961,3962,3986,3994,4037,4038,4039,4078,4108,4115,4117,4128,4131,4132,4133,4134,4173,4188,4189,4197,4236,4246,4317,4326,4329,4367,4377,4378,4444,4446,4482,4483,4484,4548,4582,4583,4604,4605,4609,4610,4613,4622,4657,4676,4678,4690,4711,4718,4721,4760,4814,4866,4884,4925,4938,4939,4940,4945,4985,4988,5015,5016,5061,5084,5150,5151,5152,5184,5185,5241,5242,5270,5283,5286,5326,5416,5441,5444,5487,5522,5543,5546,5574,5620,5682,5692,5824,5825,5826,5846,5849,5851,5871,5872,5874,5884,5885,5887,5918,5929,5971,5976,5989,5999,6000,6006,6007,6008,6055,6056,6059,6085,6099,6100,6101,6102,6106,6113,6114,6121,6126,6127,6139,6160,6161,6179,6183,6186,6189,6191,6200,6207,6217,6237,6238,6255,6258,6286,6287,6289,6323,6335,6346,6352,6364,6463,6479,6495,6510,6526,6568,6572,6573,6680,6697,6727,6741,6788,6832,6846,6863,6874,6912,6919,6920,6925,6926,6938,6939,6959,6969,6975,6992,7084,7093,7094,7095,7096,7100,7102,7106,7116,7118,7122,7125,7128,7133,7136,7138,7140,7144,7149,7151,7152,7169,7180,7184,7185,7196,7212,7216,7222,7223,7249,7260,7265,7289,7291,7299,7304,7307,7318,7322,7331,7332,7333,7335,7336,7354,7382,7386,7390,7391,7393,7396,7399,7410,7435,7439,7441,7448,7449,7455,7457,7470,7472,7473,7475,7478,7482,7486,7489,7525,7531,7545,7549,7550,7562,7566,7582,7598,7624,7631,7632,7637,7640,7645,7646,7647,7650,7651,7660,7661,7664,7665,7666,7678,7679,7681,7682,7683,7684,7692,7693,7695,7700,7703,7705,7718,7724,7747,7748,7749,7750,7751,7754,7756,7777,7778,7779,7780,7785,7786,7787,7788,7790,7795,7799,7807,7817,7818,7827,7830,7832,7834,7835,7840,7841,7842,7843,7850,7855,7859,7869,7874,7875,7878,7879,7880,7886,7887,7892,7896,7897,7906,7916,7920,7927,7932,7933,7935,7937,7944,7945,7954,7977,7978,7999,8001,8003,8004,8005,8014,8041,8054,8056,8057,8062,8069,8076,8078,8098,8107,8117,8119,8120,8123,8130,8132,8143,8146,8171,8175,8183,8187,8189,8199,8200,8202,8203,8205,8207,8236,8238,8246,8250,8251,8253,8255,8258,8267,8268,8271,8277,8278,8280,8282,8288,8289,8310,8317,8325,8326,8356,8362,8363,8365,8366,8368,8374,8378,8382,8383,8384,8385,8424,8426,8427,8428,8430,8435,8441,8444,8448,8449,8450,8451,8452,8483,8484,8486,8488,8491,8493,8499,8500,8510,8514,8533,8535,8539,8540,8543,8550,8551,8552,8556,8561,8566,8568,8587,8591,8597,8598,8604,8619,8621,8627,8635,8636,8641,8642,8646,8649,8654,8658,8663,8665,8688,8690,8693,8696,8697,8698,8699,8701,8702,8703,8710,8711,8737,8746,8748,8749,8753,8756,8759,8765,8774,8784,8800,8809,8810,8819,8820,8833,8834,8862,8865,8885,8887,8888,8901,8903,8926,8927,8940,8941,8948,8951,8952,8954,8956,8963,8980,8982,8999,9007,9013,9014,9015,9017,9026,9037,9050,9056,9058,9067,9083,9085,9086,9100,9105,9106,9107,9112,9116,9119,9120,9121,9122,9147,9155,9169,9175,9196,9205,9207,9208,9209,9211,9215,9229,9241,9242,9243,9247,9249,9250,9251,9255,9258,9264,9268,9278,9291,9292,9295,9296,9299,9304,9311,9313,9321,9343,9345,9349,9350,9356,9363,9364,9375,9376,9380,9384,9407,9411,9414,9416,9418,9420,9424,9426,9427,9429,9438,9462,9466,9468,9474,9475,9480,9490,9491,9517,9518,9519,9521,9523,9525,9536,9553,9554,9567,9572,9576,9579,9585,9590,9593,9600,9621,9625,9627,9629,9631,9637,9639,9646,9652,9680,9682,9687,9691,9697,9698,9707,9733,9734,9735,9737,9743,9744,9746,9747,9749,9751,9754,9755,9786,9787,9796,9798,9802,9809,9810,9813,9814,9833,9834,9835,9840,9844,9848,9849,9853,9855,9857,9867,9869,9873,9887,9894,9897,9900,9906,9928,9930,9931,9942,9943,9946,9950,9951,9963,9971,9975,9976,9991,9992,9996,10000,10003,10004,10008,10009,10010,10018,10019,10026,10027,10038,10040,10044,10046,10050,10056,10061,10067,10076,10081,10098,10104,10115,10116,10118,10121,10143,10144,10146,10148,10151,10154,10155,10157,10159,10161,10164,10180,10182,10186,10187,10195,10196,10197,10199,10200,10202,10207,10209,10213,10215,10216,10217,10236,10240,10242,10243,10244,10248,10272,10274,10275,10276,10278,10284,10285,10287,10292,10295,10296,10297,10298,10299,10303,10304,10313,10331,10336,10343,10346,10352,10355,10356,10362,10363,10364,10367,10372,10373,10389,10391,10392,10395,10403,10407,10409,10412,10415,10416,10417,10421,10422,10443,10448,10450,10463,10465,10467,10474,10476,10480,10504,10506,10508,10514,10516,10518,10525,10528,10529,10530,10536,10566,10567,10570,10578,10583,10591,10593) AND `id_user` = 1
2024-11-05 10:13:00;INSERT INTO `pe_commentaires` (`date`,`id_user`,`id_lot`,`id_froid`,`commentaire`) VALUES ("2024-11-05 10:13:00" ,1 ,0 ,6535 ,"YU" )
2024-11-05 10:13:00;UPDATE `pe_froid` SET `temp_fin` = -2 ,`id_user_maj` = 1  WHERE `id` = 6535
2024-11-05 10:13:06;UPDATE `pe_froid` SET `conformite` = 1 ,`id_user_maj` = 1  WHERE `id` = 6535
2024-11-05 10:13:08;UPDATE `pe_froid` SET `id_visa_controleur` = 1 ,`date_controle` = "2024-11-05 10:13:08" ,`statut` = 2  WHERE `id` = 6535
2024-11-05 10:13:08;INSERT INTO `pe_validations` (`type`,`id_vue`,`id_liaison`) VALUES (2 ,4 ,6535 )
2024-11-05 10:13:08;INSERT IGNORE INTO `pe_validations_lots` (`id_validation`, `id_lot`, `negoce`) VALUES  (11284, 467, 0), (11284, 503, 0), (11284, 5659, 0), (11284, 5677, 0), (11284, 5694, 0), (11284, 5717, 0), (11284, 5800, 0)
2024-11-05 10:13:08;UPDATE `pe_langues` SET `actif` = 1 WHERE `iso` = "FR"
2024-11-05 10:13:19;UPDATE `pe_palette_composition` SET `supprime` = 1 WHERE `id_lot_pdt_froid` = 0 AND `id_lot_hors_stock` = 0 AND `id_user` = 1
2024-11-05 10:13:19;DELETE FROM `pe_palettes` WHERE `id` IN (9377,1165,1166,1168,1169,1170,1171,1172,1173,1623,1637,1638,1639,1641,1647,1675,1676,1678,1679,1680,1681,1685,1686,1687,1691,1693,2073,2080,2100,2101,2143,2144,2145,2146,2147,2168,2263,2264,2469,2470,2479,2486,2580,2592,2602,2603,2613,2614,2650,2679,2680,2681,2695,2696,2702,2707,2713,2718,2722,2724,2730,2739,2751,2774,2778,2803,2804,2806,2807,2811,2834,2836,2849,2906,2932,2947,2952,2954,2955,2972,2973,2974,2977,2982,2983,3001,3016,3018,3019,3020,3039,3049,3050,3051,3052,3053,3065,3066,3068,3070,3071,3074,3083,3085,3099,3101,3117,3118,3121,3124,3172,3184,3186,3196,3201,3209,3211,3212,3222,3223,3225,3226,3227,3228,3270,3271,3272,3273,3309,3323,3324,3334,3335,3338,3343,3376,3379,3409,3436,3457,3478,3485,3523,3539,3545,3551,3552,3560,3569,3588,3623,3660,3661,3668,3677,3686,3687,3688,3689,3690,3691,3708,3724,3738,3746,3787,3805,3812,3834,3843,3844,3845,3865,3876,3890,3925,3940,3961,3962,3986,3994,4037,4038,4039,4078,4108,4115,4117,4128,4131,4132,4133,4134,4173,4188,4189,4197,4236,4246,4317,4326,4329,4367,4377,4378,4444,4446,4482,4483,4484,4548,4582,4583,4604,4605,4609,4610,4613,4622,4657,4676,4678,4690,4711,4718,4721,4760,4814,4866,4884,4925,4938,4939,4940,4945,4985,4988,5015,5016,5061,5084,5150,5151,5152,5184,5185,5241,5242,5270,5283,5286,5326,5416,5441,5444,5487,5522,5543,5546,5574,5620,5682,5692,5824,5825,5826,5846,5849,5851,5871,5872,5874,5884,5885,5887,5918,5929,5971,5976,5989,5999,6000,6006,6007,6008,6055,6056,6059,6085,6099,6100,6101,6102,6106,6113,6114,6121,6126,6127,6139,6160,6161,6179,6183,6186,6189,6191,6200,6207,6217,6237,6238,6255,6258,6286,6287,6289,6323,6335,6346,6352,6364,6463,6479,6495,6510,6526,6568,6572,6573,6680,6697,6727,6741,6788,6832,6846,6863,6874,6912,6919,6920,6925,6926,6938,6939,6959,6969,6975,6992,7084,7093,7094,7095,7096,7100,7102,7106,7116,7118,7122,7125,7128,7133,7136,7138,7140,7144,7149,7151,7152,7169,7180,7184,7185,7196,7212,7216,7222,7223,7249,7260,7265,7289,7291,7299,7304,7307,7318,7322,7331,7332,7333,7335,7336,7354,7382,7386,7390,7391,7393,7396,7399,7410,7435,7439,7441,7448,7449,7455,7457,7470,7472,7473,7475,7478,7482,7486,7489,7525,7531,7545,7549,7550,7562,7566,7582,7598,7624,7631,7632,7637,7640,7645,7646,7647,7650,7651,7660,7661,7664,7665,7666,7678,7679,7681,7682,7683,7684,7692,7693,7695,7700,7703,7705,7718,7724,7747,7748,7749,7750,7751,7754,7756,7777,7778,7779,7780,7785,7786,7787,7788,7790,7795,7799,7807,7817,7818,7827,7830,7832,7834,7835,7840,7841,7842,7843,7850,7855,7859,7869,7874,7875,7878,7879,7880,7886,7887,7892,7896,7897,7906,7916,7920,7927,7932,7933,7935,7937,7944,7945,7954,7977,7978,7999,8001,8003,8004,8005,8014,8041,8054,8056,8057,8062,8069,8076,8078,8098,8107,8117,8119,8120,8123,8130,8132,8143,8146,8171,8175,8183,8187,8189,8199,8200,8202,8203,8205,8207,8236,8238,8246,8250,8251,8253,8255,8258,8267,8268,8271,8277,8278,8280,8282,8288,8289,8310,8317,8325,8326,8356,8362,8363,8365,8366,8368,8374,8378,8382,8383,8384,8385,8424,8426,8427,8428,8430,8435,8441,8444,8448,8449,8450,8451,8452,8483,8484,8486,8488,8491,8493,8499,8500,8510,8514,8533,8535,8539,8540,8543,8550,8551,8552,8556,8561,8566,8568,8587,8591,8597,8598,8604,8619,8621,8627,8635,8636,8641,8642,8646,8649,8654,8658,8663,8665,8688,8690,8693,8696,8697,8698,8699,8701,8702,8703,8710,8711,8737,8746,8748,8749,8753,8756,8759,8765,8774,8784,8800,8809,8810,8819,8820,8833,8834,8862,8865,8885,8887,8888,8901,8903,8926,8927,8940,8941,8948,8951,8952,8954,8956,8963,8980,8982,8999,9007,9013,9014,9015,9017,9026,9037,9050,9056,9058,9067,9083,9085,9086,9100,9105,9106,9107,9112,9116,9119,9120,9121,9122,9147,9155,9169,9175,9196,9205,9207,9208,9209,9211,9215,9229,9241,9242,9243,9247,9249,9250,9251,9255,9258,9264,9268,9278,9291,9292,9295,9296,9299,9304,9311,9313,9321,9343,9345,9349,9350,9356,9363,9364,9375,9376,9380,9384,9407,9411,9414,9416,9418,9420,9424,9426,9427,9429,9438,9462,9466,9468,9474,9475,9480,9490,9491,9517,9518,9519,9521,9523,9525,9536,9553,9554,9567,9572,9576,9579,9585,9590,9593,9600,9621,9625,9627,9629,9631,9637,9639,9646,9652,9680,9682,9687,9691,9697,9698,9707,9733,9734,9735,9737,9743,9744,9746,9747,9749,9751,9754,9755,9786,9787,9796,9798,9802,9809,9810,9813,9814,9833,9834,9835,9840,9844,9848,9849,9853,9855,9857,9867,9869,9873,9887,9894,9897,9900,9906,9928,9930,9931,9942,9943,9946,9950,9951,9963,9971,9975,9976,9991,9992,9996,10000,10003,10004,10008,10009,10010,10018,10019,10026,10027,10038,10040,10044,10046,10050,10056,10061,10067,10076,10081,10098,10104,10115,10116,10118,10121,10143,10144,10146,10148,10151,10154,10155,10157,10159,10161,10164,10180,10182,10186,10187,10195,10196,10197,10199,10200,10202,10207,10209,10213,10215,10216,10217,10236,10240,10242,10243,10244,10248,10272,10274,10275,10276,10278,10284,10285,10287,10292,10295,10296,10297,10298,10299,10303,10304,10313,10331,10336,10343,10346,10352,10355,10356,10362,10363,10364,10367,10372,10373,10389,10391,10392,10395,10403,10407,10409,10412,10415,10416,10417,10421,10422,10443,10448,10450,10463,10465,10467,10474,10476,10480,10504,10506,10508,10514,10516,10518,10525,10528,10529,10530,10536,10566,10567,10570,10578,10583,10591,10593) AND `id_user` = 1
2024-11-05 10:13:20;UPDATE `pe_langues` SET `actif` = 1 WHERE `iso` = "FR"
2024-11-05 10:13:24;DELETE FROM `pe_froid_produits` WHERE `id_lot_pdt_froid` = 29215
2024-11-05 10:13:24;DELETE FROM `pe_palette_composition` WHERE `id_lot_pdt_froid` = 29215
2024-11-05 10:13:26;UPDATE `pe_langues` SET `actif` = 1 WHERE `iso` = "FR"
2024-11-05 13:21:39;UPDATE `pe_langues` SET `actif` = 1 WHERE `iso` = "FR"
2024-11-05 13:21:39;UPDATE `pe_consommables` SET `id_precedent` = 0, `date_upd` = null WHERE `date_upd` < CURDATE()
2024-11-05 13:21:46;UPDATE `pe_langues` SET `actif` = 1 WHERE `iso` = "FR"
2024-11-05 13:27:13;UPDATE `pe_froid` SET `test_apres_fe` = 1 ,`test_apres_nfe` = 1 ,`test_apres_inox` = 1  WHERE `id` = 5693
2024-11-05 13:30:55;UPDATE `pe_froid` SET `date_sortie` = "2024-11-05 13:30:55" ,`id_user_fin` = 1 ,`id_user_maj` = 1  WHERE `id` = 6680
2024-11-05 13:31:00;UPDATE `pe_froid` SET `temp_fin` = 21 ,`id_user_maj` = 1  WHERE `id` = 6680
2024-11-05 13:31:03;UPDATE `pe_froid` SET `test_avant_fe` = 1 ,`test_avant_nfe` = 1 ,`test_avant_inox` = 1  WHERE `id` = 6680
2024-11-05 13:31:06;INSERT INTO `pe_loma` (`id_lot_pdt_froid`,`test_pdt`,`commentaire`,`date_test`,`id_user_visa`) VALUES (31284 ,0 ,"" ,"2024-11-05 13:31:06" ,1 )
2024-11-05 13:31:06;INSERT INTO `pe_validations` (`type`,`id_vue`,`id_liaison`) VALUES (3 ,17 ,2935 )
2024-11-05 13:31:06;INSERT IGNORE INTO `pe_validations_lots` (`id_validation`, `id_lot`, `negoce`) VALUES  (11285, 5778, 0)
2024-11-05 13:31:09;UPDATE `pe_froid` SET `test_apres_fe` = 1 ,`test_apres_nfe` = 1 ,`test_apres_inox` = 1  WHERE `id` = 6680
2024-11-05 13:31:11;UPDATE `pe_froid` SET `statut` = 2 ,`conformite` = 1 ,`date_controle` = "2024-11-05 13:31:11" ,`id_visa_controleur` = 1  WHERE `id` = 6680
2024-11-05 13:31:11;INSERT INTO `pe_validations` (`type`,`id_vue`,`id_liaison`) VALUES (2 ,17 ,6680 )
2024-11-05 13:31:11;INSERT IGNORE INTO `pe_validations_lots` (`id_validation`, `id_lot`, `negoce`) VALUES  (11286, 5778, 0)
2024-11-05 13:37:53;UPDATE `pe_langues` SET `actif` = 1 WHERE `iso` = "FR"
2024-11-05 13:38:18;INSERT INTO `pe_palettes` (`id_user`,`date`,`statut`,`supprime`,`numero`) VALUES (1 ,"2024-11-05 13:38:18" ,0 ,0 ,11 )
2024-11-05 13:38:18;UPDATE `pe_produits` SET `palette_suiv` = 12  WHERE `id` = 201
2024-11-05 13:38:18;INSERT INTO `pe_palette_composition` (`supprime`,`date`,`id_user`,`id_palette`,`id_produit`,`id_client`,`nb_colis`,`poids`) VALUES (0 ,"2024-11-05 13:38:18" ,1 ,10606 ,201 ,37 ,2 ,20 )
2024-11-05 13:38:19;INSERT INTO `pe_froid` (`id_type`,`id_user_maj`) VALUES (1 ,1 )
2024-11-05 13:38:19;INSERT IGNORE INTO `pe_lot_vues` (`id_lot`, `id_vue`, `date_entree`) VALUES (5753, 4, "2024-11-05 13:38:19")
2024-11-05 13:38:20;INSERT IGNORE INTO `pe_lot_quantieme` (`id_lot`, `quantieme`) VALUES(5753, "201")
2024-11-05 13:38:20;INSERT INTO `pe_froid_produits` (`id_lot`,`id_pdt`,`id_froid`,`id_palette`,`quantieme`,`date_add`,`user_add`) VALUES (5753 ,201 ,6689 ,10606 ,201 ,"2024-11-05 13:38:20" ,1 )
2024-11-05 13:38:20;UPDATE `pe_lots` SET `date_maj` = "2024-11-05 13:38:19"  WHERE `id` = 5753
2024-11-05 13:38:20;UPDATE `pe_palette_composition` SET `id_lot_pdt_froid` = 31295 ,`supprime` = 0 ,`poids` = 20 ,`nb_colis` = 2  WHERE `id` = 88892
2024-11-05 13:38:20;UPDATE `pe_froid_produits` SET `id_lot` = 5753 ,`id_pdt` = 201 ,`id_froid` = 6689 ,`id_palette` = 10606 ,`quantieme` = 201 ,`date_add` = "2024-11-05 13:38:20" ,`user_add` = 1 ,`poids` = 20 ,`nb_colis` = 2  WHERE `id_lot_pdt_froid` = 31295
2024-11-05 13:38:20;INSERT IGNORE INTO `pe_emballages_prod` (`id_emballage_lot`, `id_lot`, `id_froid`) VALUES (387, 0,6689),(388, 0,6689),(292, 0,6689),(259, 0,6689),(260, 0,6689),(290, 0,6689),(269, 0,6689)
2024-11-05 13:38:22;UPDATE `pe_palette_composition` SET `supprime` = 1 WHERE `id_lot_pdt_froid` = 0 AND `id_lot_hors_stock` = 0 AND `id_user` = 1
2024-11-05 13:38:23;DELETE FROM `pe_palettes` WHERE `id` IN (9377,1165,1166,1168,1169,1170,1171,1172,1173,1623,1637,1638,1639,1641,1647,1675,1676,1678,1679,1680,1681,1685,1686,1687,1691,1693,2073,2080,2100,2101,2143,2144,2145,2146,2147,2168,2263,2264,2469,2470,2479,2486,2580,2592,2602,2603,2613,2614,2650,2679,2680,2681,2695,2696,2702,2707,2713,2718,2722,2724,2730,2739,2751,2774,2778,2803,2804,2806,2807,2811,2834,2836,2849,2906,2932,2947,2952,2954,2955,2972,2973,2974,2977,2982,2983,3001,3016,3018,3019,3020,3039,3049,3050,3051,3052,3053,3065,3066,3068,3070,3071,3074,3083,3085,3099,3101,3117,3118,3121,3124,3172,3184,3186,3196,3201,3209,3211,3212,3222,3223,3225,3226,3227,3228,3270,3271,3272,3273,3309,3323,3324,3334,3335,3338,3343,3376,3379,3409,3436,3457,3478,3485,3523,3539,3545,3551,3552,3560,3569,3588,3623,3660,3661,3668,3677,3686,3687,3688,3689,3690,3691,3708,3724,3738,3746,3787,3805,3812,3834,3843,3844,3845,3865,3876,3890,3925,3940,3961,3962,3986,3994,4037,4038,4039,4078,4108,4115,4117,4128,4131,4132,4133,4134,4173,4188,4189,4197,4236,4246,4317,4326,4329,4367,4377,4378,4444,4446,4482,4483,4484,4548,4582,4583,4604,4605,4609,4610,4613,4622,4657,4676,4678,4690,4711,4718,4721,4760,4814,4866,4884,4925,4938,4939,4940,4945,4985,4988,5015,5016,5061,5084,5150,5151,5152,5184,5185,5241,5242,5270,5283,5286,5326,5416,5441,5444,5487,5522,5543,5546,5574,5620,5682,5692,5824,5825,5826,5846,5849,5851,5871,5872,5874,5884,5885,5887,5918,5929,5971,5976,5989,5999,6000,6006,6007,6008,6055,6056,6059,6085,6099,6100,6101,6102,6106,6113,6114,6121,6126,6127,6139,6160,6161,6179,6183,6186,6189,6191,6200,6207,6217,6237,6238,6255,6258,6286,6287,6289,6323,6335,6346,6352,6364,6463,6479,6495,6510,6526,6568,6572,6573,6680,6697,6727,6741,6788,6832,6846,6863,6874,6912,6919,6920,6925,6926,6938,6939,6959,6969,6975,6992,7084,7093,7094,7095,7096,7100,7102,7106,7116,7118,7122,7125,7128,7133,7136,7138,7140,7144,7149,7151,7152,7169,7180,7184,7185,7196,7212,7216,7222,7223,7249,7260,7265,7289,7291,7299,7304,7307,7318,7322,7331,7332,7333,7335,7336,7354,7382,7386,7390,7391,7393,7396,7399,7410,7435,7439,7441,7448,7449,7455,7457,7470,7472,7473,7475,7478,7482,7486,7489,7525,7531,7545,7549,7550,7562,7566,7582,7598,7624,7631,7632,7637,7640,7645,7646,7647,7650,7651,7660,7661,7664,7665,7666,7678,7679,7681,7682,7683,7684,7692,7693,7695,7700,7703,7705,7718,7724,7747,7748,7749,7750,7751,7754,7756,7777,7778,7779,7780,7785,7786,7787,7788,7790,7795,7799,7807,7817,7818,7827,7830,7832,7834,7835,7840,7841,7842,7843,7850,7855,7859,7869,7874,7875,7878,7879,7880,7886,7887,7892,7896,7897,7906,7916,7920,7927,7932,7933,7935,7937,7944,7945,7954,7977,7978,7999,8001,8003,8004,8005,8014,8041,8054,8056,8057,8062,8069,8076,8078,8098,8107,8117,8119,8120,8123,8130,8132,8143,8146,8171,8175,8183,8187,8189,8199,8200,8202,8203,8205,8207,8236,8238,8246,8250,8251,8253,8255,8258,8267,8268,8271,8277,8278,8280,8282,8288,8289,8310,8317,8325,8326,8356,8362,8363,8365,8366,8368,8374,8378,8382,8383,8384,8385,8424,8426,8427,8428,8430,8435,8441,8444,8448,8449,8450,8451,8452,8483,8484,8486,8488,8491,8493,8499,8500,8510,8514,8533,8535,8539,8540,8543,8550,8551,8552,8556,8561,8566,8568,8587,8591,8597,8598,8604,8619,8621,8627,8635,8636,8641,8642,8646,8649,8654,8658,8663,8665,8688,8690,8693,8696,8697,8698,8699,8701,8702,8703,8710,8711,8737,8746,8748,8749,8753,8756,8759,8765,8774,8784,8800,8809,8810,8819,8820,8833,8834,8862,8865,8885,8887,8888,8901,8903,8926,8927,8940,8941,8948,8951,8952,8954,8956,8963,8980,8982,8999,9007,9013,9014,9015,9017,9026,9037,9050,9056,9058,9067,9083,9085,9086,9100,9105,9106,9107,9112,9116,9119,9120,9121,9122,9147,9155,9169,9175,9196,9205,9207,9208,9209,9211,9215,9229,9241,9242,9243,9247,9249,9250,9251,9255,9258,9264,9268,9278,9291,9292,9295,9296,9299,9304,9311,9313,9321,9343,9345,9349,9350,9356,9363,9364,9375,9376,9380,9384,9407,9411,9414,9416,9418,9420,9424,9426,9427,9429,9438,9462,9466,9468,9474,9475,9480,9490,9491,9517,9518,9519,9521,9523,9525,9536,9553,9554,9567,9572,9576,9579,9585,9590,9593,9600,9621,9625,9627,9629,9631,9637,9639,9646,9652,9680,9682,9687,9691,9697,9698,9707,9733,9734,9735,9737,9743,9744,9746,9747,9749,9751,9754,9755,9786,9787,9796,9798,9802,9809,9810,9813,9814,9833,9834,9835,9840,9844,9848,9849,9853,9855,9857,9867,9869,9873,9887,9894,9897,9900,9906,9928,9930,9931,9942,9943,9946,9950,9951,9963,9971,9975,9976,9991,9992,9996,10000,10003,10004,10008,10009,10010,10018,10019,10026,10027,10038,10040,10044,10046,10050,10056,10061,10067,10076,10081,10098,10104,10115,10116,10118,10121,10143,10144,10146,10148,10151,10154,10155,10157,10159,10161,10164,10180,10182,10186,10187,10195,10196,10197,10199,10200,10202,10207,10209,10213,10215,10216,10217,10236,10240,10242,10243,10244,10248,10272,10274,10275,10276,10278,10284,10285,10287,10292,10295,10296,10297,10298,10299,10303,10304,10313,10331,10336,10343,10346,10352,10355,10356,10362,10363,10364,10367,10372,10373,10389,10391,10392,10395,10403,10407,10409,10412,10415,10416,10417,10421,10422,10443,10448,10450,10463,10465,10467,10474,10476,10480,10504,10506,10508,10514,10516,10518,10525,10528,10529,10530,10536,10566,10567,10570,10578,10583,10591,10593) AND `id_user` = 1
2024-11-05 13:40:54;UPDATE `pe_froid_produits` SET `etiquetage` = 1 WHERE `id_lot_pdt_froid` = 31295
2024-11-05 13:40:55;UPDATE `pe_froid_produits` SET `etiquetage` = 0 WHERE `id_lot_pdt_froid` = 31295
2024-11-05 13:40:56;UPDATE `pe_froid_produits` SET `etiquetage` = 1 WHERE `id_lot_pdt_froid` = 31295
2024-11-05 13:41:12;UPDATE `pe_langues` SET `actif` = 1 WHERE `iso` = "FR"
2024-11-05 13:41:12;UPDATE `pe_palette_composition` SET `supprime` = 1 WHERE `id_lot_hors_stock` > 0 AND `id` NOT IN
                        ( SELECT `id_compo` FROM `pe_bl_lignes`) 
                        AND  `id_lot_hors_stock` NOT IN (SELECT `id` FROM `pe_lots`)
2024-11-05 13:41:45;UPDATE `pe_bl` SET `num_cmd` = "" ,`id_tiers_facturation` = 277 ,`id_tiers_livraison` = 277 ,`id_tiers_transporteur` = 0 ,`id_adresse_livraison` = 393 ,`nom_client` = "" ,`statut` = 1 ,`supprime` = 0  WHERE id = 8358
2024-11-05 13:41:45;UPDATE `pe_bl_lignes` SET `qte` = 1 ,`id_palette` = 10072 ,`id_produit` = 147 ,`id_produit_bl` = 0 ,`id_lot` = 5075 ,`numlot` = "242013AESA" ,`poids` = 60 ,`nb_colis` = 3 ,`pu_ht` = 0 ,`tva` = 5.5 ,`supprime` = 0  WHERE `id` = 75998
2024-11-05 13:41:45;UPDATE `pe_bl_lignes` SET `qte` = 1 ,`id_palette` = 10072 ,`id_produit` = 147 ,`id_produit_bl` = 0 ,`id_lot` = 5149 ,`numlot` = "243915AFRA" ,`poids` = 40 ,`nb_colis` = 2 ,`pu_ht` = 0 ,`tva` = 5.5 ,`supprime` = 0  WHERE `id` = 75999
2024-11-05 13:41:48;UPDATE `pe_langues` SET `actif` = 1 WHERE `iso` = "FR"
2024-11-05 13:52:37;UPDATE `pe_langues` SET `actif` = 1 WHERE `iso` = "FR"
2024-11-05 13:52:53;DELETE FROM `pe_pvisu_avant_points` WHERE `id_pvisu_avant` = 1123
2024-11-05 13:52:53;INSERT IGNORE INTO `pe_pvisu_avant_points` (`id_pvisu_avant`, `id_point_controle`, `etat`, `id_user`, `date`) VALUES (1123, 4, 1, 1, NOW()),(1123, 5, 1, 1, NOW()),(1123, 36, 1, 1, NOW()),(1123, 58, 1, 1, NOW()),(1123, 7, 1, 1, NOW()),(1123, 11, 1, 1, NOW()),(1123, 12, 1, 1, NOW()),(1123, 13, 1, 1, NOW()),(1123, 14, 1, 1, NOW()),(1123, 15, 1, 1, NOW()),(1123, 17, 1, 1, NOW()),(1123, 18, 1, 1, NOW()),(1123, 19, 1, 1, NOW()),(1123, 20, 1, 1, NOW()),(1123, 21, 1, 1, NOW()),(1123, 37, 1, 1, NOW()),(1123, 39, 1, 1, NOW()),(1123, 41, 1, 1, NOW()),(1123, 59, 1, 1, NOW()),(1123, 23, 1, 1, NOW()),(1123, 40, 1, 1, NOW()),(1123, 43, 1, 1, NOW()),(1123, 44, 1, 1, NOW()),(1123, 45, 1, 1, NOW()),(1123, 46, 1, 1, NOW()),(1123, 47, 1, 1, NOW()),(1123, 48, 1, 1, NOW()),(1123, 49, 1, 1, NOW()),(1123, 50, 1, 1, NOW()),(1123, 51, 1, 1, NOW()),(1123, 52, 1, 1, NOW()),(1123, 53, 1, 1, NOW()),(1123, 54, 1, 1, NOW()),(1123, 55, 1, 1, NOW())
2024-11-05 13:52:53;UPDATE `pe_pvisu_avant` SET `commentaires` = "GH" ,`id_user` = 1  WHERE `id` = 1123
2024-11-05 13:57:21;UPDATE `pe_langues` SET `actif` = 1 WHERE `iso` = "FR"
2024-11-05 14:03:22;UPDATE `pe_langues` SET `actif` = 1 WHERE `iso` = "FR"
2024-11-05 14:03:25;UPDATE `pe_langues` SET `actif` = 1 WHERE `iso` = "FR"
2024-11-05 14:03:35;UPDATE `pe_langues` SET `actif` = 1 WHERE `iso` = "FR"
2024-11-05 14:03:43;UPDATE `pe_langues` SET `actif` = 1 WHERE `iso` = "FR"
2024-11-05 14:09:00;UPDATE `pe_lot_reception` SET `temp` = 2  WHERE `id` = 2264
2024-11-05 14:09:01;UPDATE `pe_lots` SET `date_maj` = "2024-11-05- 14:09:00" ,`id_user_maj` = 1  WHERE `id` = 5809
2024-11-05 14:09:06;UPDATE `pe_lot_reception` SET `etat_visuel` = 0  WHERE `id` = 2264
2024-11-05 14:09:06;UPDATE `pe_lots` SET `date_maj` = "2024-11-05- 14:09:06" ,`id_user_maj` = 1  WHERE `id` = 5809
2024-11-05 14:09:10;UPDATE `pe_lot_reception` SET `observations` = "                                                                    " ,`conformite` = 1 ,`id_user` = 1 ,`date_confirmation` = "2024-11-05 14:09:10"  WHERE `id` = 2264
2024-11-05 14:09:10;UPDATE `pe_lots` SET `date_maj` = "2024-11-05- 14:09:10" ,`id_user_maj` = 1  WHERE `id` = 5809
2024-11-05 14:09:10;INSERT INTO `pe_pvisu_avant` (`commentaires`,`id_user`,`id_lot`,`date`) VALUES ("" ,1 ,5809 ,"2024-11-05" )
2024-11-05 14:09:10;DELETE FROM `pe_pvisu_avant_points` WHERE `id_pvisu_avant` = 1124
2024-11-05 14:09:10;INSERT IGNORE INTO `pe_pvisu_avant_points` (`id_pvisu_avant`, `id_point_controle`, `etat`, `id_user`, `date`) VALUES (1124, 75, 1, 1, NOW()),(1124, 73, 1, 1, NOW())
2024-11-05 14:09:12;UPDATE `pe_lot_reception` SET `crochets_recus` = 1 ,`crochets_rendus` = 1  WHERE `id` = 2264
2024-11-05 14:09:14;UPDATE `pe_lot_reception` SET `id_transporteur` = 136  WHERE `id` = 2264
2024-11-05 14:09:16;INSERT INTO `pe_validations` (`type`,`id_vue`,`id_liaison`) VALUES (1 ,1 ,5809 )
2024-11-05 14:09:16;INSERT IGNORE INTO `pe_validations_lots` (`id_validation`, `id_lot`, `negoce`) VALUES  (11287, 5809, 0)
2024-11-05 14:09:16;DELETE FROM `pe_lot_vues` 
						  WHERE `id_lot` = 5809 
						  AND `id_vue` = 1
2024-11-05 14:09:16;INSERT IGNORE INTO `pe_lot_vues` (`id_lot`, `id_vue`, `date_entree`) VALUES (5809, 2, "2024-11-05 14:09:16")
2024-11-05 14:09:16;UPDATE `pe_lots` SET `date_reception` = "2024-11-05" ,`date_prod` = "2024-11-05 14:09:16" ,`date_atelier` = "2024-11-05 14:09:16"  WHERE `id` = 5809
2024-11-05 14:09:16;UPDATE `pe_langues` SET `actif` = 1 WHERE `iso` = "FR"
2024-11-05 14:09:21;UPDATE `pe_langues` SET `actif` = 1 WHERE `iso` = "FR"
2024-11-05 14:21:11;UPDATE `pe_bl` SET `supprime` = 1 WHERE `id` IN (1,3,4,9,10,40,42,51,53,65,72,80,81,84,85,86,88,93,96,108,111,112,139,140,147,150,160,168,173,174,176,182,191,195,196,199,202,203,211,236,237,247,248,251,252,274,275,276,282,284,285,287,298,301,307,308,310,311,336,343,366,367,379,380,401,402,403,404,407,409,411,502,510,512,521,527,534,568,569,641,691,692,715,716,717,718,719,720,721,722,730,731,797,856,957,1038,1040,1041,1062,1087,1101,1110,1125,1142,1143,1144,1243,1343,1378,1514,1533,1565,1571,1642,1676,1771,1814,1832,1860,1881,1929,1943,1992,2004,2039,2040,2041,2042,2106,2132,2133,2145,2146,2184,2195,2197,2201,2205,2210,2216,2223,2230,2238,2275,2290,2304,2318,2354,2508,2529,2584,2585,2588,2646,2681,2687,2692,2694,2706,2713,2714,2911,3003,3007,3042,3062,3080,3081,3098,3155,3204,3215,3267,3271,3273,3360,3449,3464,3479,3526,3615,3635,3643,3653,3688,3706,3707,3711,3794,3804,3888,3965,3982,3983,4112,4209,4223,4232,4233,4307,4308,4336,4439,4463,4472,4473,4474,4514,4526,4530,4531,4557,4568,4679,4703,4711,4713,4720,4737,4816,4976,5054,5083,5095,5124,5150,5253,5295,5334,5376,5411,5413,5415,5423,5481,5486,5492,5554,5631,5632,5669,5689,5714,5812,5874,5914,5941,5948,6004,6068,6118,6121,6160,6163,6260,6322,6379,6464,6506,6570,6608,6712,6780,6799,6800,6926,7004,7256,7369,7575,7610,7641,7713,7747,7749,7849,7856,8026,8028,8035,8041,8043,8046,8061,8092,8181,8254,8257,8259,8337,8339,8340,8341,8342,8343,8344,8345,8346,8347,8348,8349,8350,8351,8352,8353,8355,8356,8359,8360,8361,8362,8363,8364,8365,8370,8371,8375,8377,8380)
2024-11-05 15:11:46;UPDATE `pe_bl` SET `supprime` = 1 WHERE `id` IN (1,3,4,9,10,40,42,51,53,65,72,80,81,84,85,86,88,93,96,108,111,112,139,140,147,150,160,168,173,174,176,182,191,195,196,199,202,203,211,236,237,247,248,251,252,274,275,276,282,284,285,287,298,301,307,308,310,311,336,343,366,367,379,380,401,402,403,404,407,409,411,502,510,512,521,527,534,568,569,641,691,692,715,716,717,718,719,720,721,722,730,731,797,856,957,1038,1040,1041,1062,1087,1101,1110,1125,1142,1143,1144,1243,1343,1378,1514,1533,1565,1571,1642,1676,1771,1814,1832,1860,1881,1929,1943,1992,2004,2039,2040,2041,2042,2106,2132,2133,2145,2146,2184,2195,2197,2201,2205,2210,2216,2223,2230,2238,2275,2290,2304,2318,2354,2508,2529,2584,2585,2588,2646,2681,2687,2692,2694,2706,2713,2714,2911,3003,3007,3042,3062,3080,3081,3098,3155,3204,3215,3267,3271,3273,3360,3449,3464,3479,3526,3615,3635,3643,3653,3688,3706,3707,3711,3794,3804,3888,3965,3982,3983,4112,4209,4223,4232,4233,4307,4308,4336,4439,4463,4472,4473,4474,4514,4526,4530,4531,4557,4568,4679,4703,4711,4713,4720,4737,4816,4976,5054,5083,5095,5124,5150,5253,5295,5334,5376,5411,5413,5415,5423,5481,5486,5492,5554,5631,5632,5669,5689,5714,5812,5874,5914,5941,5948,6004,6068,6118,6121,6160,6163,6260,6322,6379,6464,6506,6570,6608,6712,6780,6799,6800,6926,7004,7256,7369,7575,7610,7641,7713,7747,7749,7849,7856,8026,8028,8035,8041,8043,8046,8061,8092,8181,8254,8257,8259,8337,8339,8340,8341,8342,8343,8344,8345,8346,8347,8348,8349,8350,8351,8352,8353,8355,8356,8359,8360,8361,8362,8363,8364,8365,8370,8371,8375,8377,8380)
2024-11-05 15:56:36;UPDATE `pe_langues` SET `actif` = 1 WHERE `iso` = "FR"
2024-11-05 15:56:36;UPDATE `pe_consommables` SET `id_precedent` = 0, `date_upd` = null WHERE `date_upd` < CURDATE()
