2024-11-19 00:04:00;UPDATE `pe_bl_lignes` SET `supprime` = 1 WHERE `supprime` = 0  AND `id_bl` IN (SELECT `id` FROM `pe_bl` WHERE `supprime` = 1)
2024-11-19 07:02:31;UPDATE `pe_langues` SET `actif` = 1 WHERE `iso` = "FR"
2024-11-19 07:02:31;UPDATE `pe_consommables` SET `id_precedent` = 0, `date_upd` = null WHERE `date_upd` < CURDATE()
2024-11-19 07:09:58;UPDATE `pe_langues` SET `actif` = 1 WHERE `iso` = "FR"
2024-11-19 07:09:58;UPDATE `pe_consommables` SET `id_precedent` = 0, `date_upd` = null WHERE `date_upd` < CURDATE()
2024-11-19 07:14:04;UPDATE `pe_bl_lignes` SET `supprime` = 1 WHERE `supprime` = 0  AND `id_bl` IN (SELECT `id` FROM `pe_bl` WHERE `supprime` = 1)
2024-11-19 07:23:02;UPDATE `pe_langues` SET `actif` = 1 WHERE `iso` = "FR"
2024-11-19 07:23:07;UPDATE `pe_langues` SET `actif` = 1 WHERE `iso` = "FR"
2024-11-19 07:23:31;INSERT INTO `pe_pvisu_avant` (`commentaires`,`date`) VALUES ("" ,"2024-11-19" )
2024-11-19 07:23:31;DELETE FROM `pe_pvisu_avant_points` WHERE `id_pvisu_avant` = 1133
2024-11-19 07:23:31;INSERT IGNORE INTO `pe_pvisu_avant_points` (`id_pvisu_avant`, `id_point_controle`, `etat`, `id_user`, `date`) VALUES (1133, 4, 1, 1, NOW()),(1133, 5, 1, 1, NOW()),(1133, 36, 1, 1, NOW()),(1133, 58, 1, 1, NOW()),(1133, 7, 1, 1, NOW()),(1133, 11, 1, 1, NOW()),(1133, 12, 1, 1, NOW()),(1133, 13, 1, 1, NOW()),(1133, 14, 1, 1, NOW()),(1133, 15, 1, 1, NOW()),(1133, 17, 1, 1, NOW()),(1133, 18, 1, 1, NOW()),(1133, 19, 1, 1, NOW()),(1133, 20, 1, 1, NOW()),(1133, 21, 1, 1, NOW()),(1133, 37, 1, 1, NOW()),(1133, 39, 1, 1, NOW()),(1133, 41, 1, 1, NOW()),(1133, 59, 1, 1, NOW()),(1133, 23, 1, 1, NOW()),(1133, 40, 1, 1, NOW()),(1133, 43, 1, 1, NOW()),(1133, 44, 1, 1, NOW()),(1133, 45, 1, 1, NOW()),(1133, 46, 1, 1, NOW()),(1133, 47, 1, 1, NOW()),(1133, 48, 1, 1, NOW()),(1133, 49, 1, 1, NOW()),(1133, 50, 1, 1, NOW()),(1133, 51, 1, 1, NOW()),(1133, 52, 1, 1, NOW()),(1133, 53, 1, 1, NOW()),(1133, 54, 1, 1, NOW()),(1133, 55, 1, 1, NOW())
2024-11-19 07:23:31;UPDATE `pe_pvisu_avant` SET `commentaires` = "bbbW" ,`date` = "2024-11-19" ,`id_user` = 1  WHERE `id` = 1133
2024-11-19 07:23:33;UPDATE `pe_langues` SET `actif` = 1 WHERE `iso` = "FR"
2024-11-19 07:23:47;UPDATE `pe_langues` SET `actif` = 1 WHERE `iso` = "FR"
2024-11-19 07:23:56;UPDATE `pe_langues` SET `actif` = 1 WHERE `iso` = "FR"
2024-11-19 07:24:04;UPDATE `pe_palette_composition` SET `supprime` = 1 WHERE `id_lot_pdt_froid` = 0 AND `id_lot_hors_stock` = 0 AND `id_user` = 1
2024-11-19 07:24:04;DELETE FROM `pe_palettes` WHERE `id` IN (9377,1165,1166,1168,1169,1170,1171,1172,1173,1623,1637,1638,1639,1641,1647,1675,1676,1678,1679,1680,1681,1685,1686,1687,1691,1693,2073,2080,2100,2101,2143,2144,2145,2146,2147,2168,2263,2264,2469,2470,2479,2486,2580,2592,2602,2603,2613,2614,2650,2679,2680,2681,2695,2696,2702,2707,2713,2718,2722,2724,2730,2739,2751,2774,2778,2803,2804,2806,2807,2811,2834,2836,2849,2906,2932,2947,2952,2954,2955,2972,2973,2974,2977,2982,2983,3001,3016,3018,3019,3020,3039,3049,3050,3051,3052,3053,3065,3066,3068,3070,3071,3074,3083,3085,3099,3101,3117,3118,3121,3124,3172,3184,3186,3196,3201,3209,3211,3212,3222,3223,3225,3226,3227,3228,3270,3271,3272,3273,3309,3323,3324,3334,3335,3338,3343,3376,3379,3409,3436,3457,3478,3485,3523,3539,3545,3551,3552,3560,3569,3588,3623,3660,3661,3668,3677,3686,3687,3688,3689,3690,3691,3708,3724,3738,3746,3787,3805,3812,3834,3843,3844,3845,3865,3876,3890,3925,3940,3961,3962,3986,3994,4037,4038,4039,4078,4108,4115,4117,4128,4131,4132,4133,4134,4173,4188,4189,4197,4236,4246,4317,4326,4329,4367,4377,4378,4444,4446,4482,4483,4484,4548,4582,4583,4604,4605,4609,4610,4613,4622,4657,4676,4678,4690,4711,4718,4721,4760,4814,4866,4884,4925,4938,4939,4940,4945,4985,4988,5015,5016,5061,5084,5150,5151,5152,5184,5185,5241,5242,5270,5283,5286,5326,5416,5441,5444,5487,5522,5543,5546,5574,5620,5682,5692,5824,5825,5826,5846,5849,5851,5871,5872,5874,5884,5885,5887,5918,5929,5971,5976,5989,5999,6000,6006,6007,6008,6055,6056,6059,6085,6099,6100,6101,6102,6106,6113,6114,6121,6126,6127,6139,6160,6161,6179,6183,6186,6189,6191,6200,6207,6217,6237,6238,6255,6258,6286,6287,6289,6323,6335,6346,6352,6364,6463,6479,6495,6510,6526,6568,6572,6573,6680,6697,6727,6741,6788,6832,6846,6863,6874,6912,6919,6920,6925,6926,6938,6939,6959,6969,6975,6992,7084,7093,7094,7095,7096,7100,7102,7106,7116,7118,7122,7125,7128,7133,7136,7138,7140,7144,7149,7151,7152,7169,7180,7184,7185,7196,7212,7216,7222,7223,7249,7260,7265,7289,7291,7299,7304,7307,7318,7322,7331,7332,7333,7335,7336,7354,7382,7386,7390,7391,7393,7396,7399,7410,7435,7439,7441,7448,7449,7455,7457,7470,7472,7473,7475,7478,7482,7486,7489,7525,7531,7545,7549,7550,7562,7566,7582,7598,7624,7631,7632,7637,7640,7645,7646,7647,7650,7651,7660,7661,7664,7665,7666,7678,7679,7681,7682,7683,7684,7692,7693,7695,7700,7703,7705,7718,7724,7747,7748,7749,7750,7751,7754,7756,7777,7778,7779,7780,7785,7786,7787,7788,7790,7795,7799,7807,7817,7818,7827,7830,7832,7834,7835,7840,7841,7842,7843,7850,7855,7859,7869,7874,7875,7878,7879,7880,7886,7887,7892,7896,7897,7906,7916,7920,7927,7932,7933,7935,7937,7944,7945,7954,7977,7978,7999,8001,8003,8004,8005,8014,8041,8054,8056,8057,8062,8069,8076,8078,8098,8107,8117,8119,8120,8123,8130,8132,8143,8146,8171,8175,8183,8187,8189,8199,8200,8202,8203,8205,8207,8236,8238,8246,8250,8251,8253,8255,8258,8267,8268,8271,8277,8278,8280,8282,8288,8289,8310,8317,8325,8326,8356,8362,8363,8365,8366,8368,8374,8378,8382,8383,8384,8385,8424,8426,8427,8428,8430,8435,8441,8444,8448,8449,8450,8451,8452,8483,8484,8486,8488,8491,8493,8499,8500,8510,8514,8533,8535,8539,8540,8543,8550,8551,8552,8556,8561,8566,8568,8587,8591,8597,8598,8604,8619,8621,8627,8635,8636,8641,8642,8646,8649,8654,8658,8663,8665,8688,8690,8693,8696,8697,8698,8699,8701,8702,8703,8710,8711,8737,8746,8748,8749,8753,8756,8759,8765,8774,8784,8800,8809,8810,8819,8820,8833,8834,8862,8865,8885,8887,8888,8901,8903,8926,8927,8940,8941,8948,8951,8952,8954,8956,8963,8980,8982,8999,9007,9013,9014,9015,9017,9026,9037,9050,9056,9058,9067,9083,9085,9086,9100,9105,9106,9107,9112,9116,9119,9120,9121,9122,9147,9155,9169,9175,9196,9205,9207,9208,9209,9211,9215,9229,9241,9242,9243,9247,9249,9250,9251,9255,9258,9264,9268,9278,9291,9292,9295,9296,9299,9304,9311,9313,9321,9343,9345,9349,9350,9356,9363,9364,9375,9376,9380,9384,9407,9411,9414,9416,9418,9420,9424,9426,9427,9429,9438,9462,9466,9468,9474,9475,9480,9490,9491,9517,9518,9519,9521,9523,9525,9536,9553,9554,9567,9572,9576,9579,9585,9590,9593,9600,9621,9625,9627,9629,9631,9637,9639,9646,9652,9680,9682,9687,9691,9697,9698,9707,9733,9734,9735,9737,9743,9744,9746,9747,9749,9751,9754,9755,9786,9787,9796,9798,9802,9809,9810,9813,9814,9833,9834,9835,9840,9844,9848,9849,9853,9855,9857,9867,9869,9873,9887,9894,9897,9900,9906,9928,9930,9931,9942,9943,9946,9950,9951,9963,9971,9975,9976,9991,9992,9996,10000,10003,10004,10008,10009,10010,10018,10019,10026,10027,10038,10040,10044,10046,10050,10056,10061,10067,10076,10081,10098,10104,10115,10116,10118,10121,10143,10144,10146,10148,10151,10154,10155,10157,10159,10161,10164,10180,10182,10186,10187,10195,10196,10197,10199,10200,10202,10207,10209,10213,10215,10216,10217,10236,10240,10242,10243,10244,10248,10272,10274,10275,10276,10278,10284,10285,10287,10292,10295,10296,10297,10298,10299,10303,10304,10313,10331,10336,10343,10346,10352,10355,10356,10362,10363,10364,10367,10372,10373,10389,10391,10392,10395,10403,10407,10409,10412,10415,10416,10417,10421,10422,10443,10448,10450,10463,10465,10467,10474,10476,10480,10504,10506,10508,10514,10516,10518,10525,10528,10529,10530,10536,10566,10567,10570,10578,10583,10591,10593) AND `id_user` = 1
2024-11-19 07:24:08;UPDATE `pe_froid` SET `date_sortie` = "2024-11-19 07:24:08" ,`id_user_maj` = 1 ,`id_user_fin` = 1  WHERE `id` = 6688
2024-11-19 07:24:14;INSERT INTO `pe_commentaires` (`date`,`id_user`,`id_lot`,`id_froid`,`commentaire`) VALUES ("2024-11-19 07:24:14" ,1 ,0 ,6688 ,"Y" )
2024-11-19 07:24:14;UPDATE `pe_froid` SET `temp_fin` = -2 ,`id_user_maj` = 1  WHERE `id` = 6688
2024-11-19 07:24:40;UPDATE `pe_consommables` SET `stock_actuel` = 5  WHERE `id` = 259
2024-11-19 07:24:40;INSERT IGNORE INTO `pe_consommables_histo` (`id_consommable`, `stock_mouvement`, `date`, `user_id`, `id_vue`) 
						VALUES (259, -1, "2024-11-19 07:24:40", 1, 4 )
2024-11-19 07:24:40;UPDATE `pe_consommables` SET `encours` = 0 WHERE `id_famille` = 56
2024-11-19 07:24:40;UPDATE `pe_consommables` SET `encours` = 1  WHERE `id` = 259
2024-11-19 07:24:40;INSERT IGNORE INTO `pe_consommables_changements` (`id_consommable_famille`, `date`) VALUES (56, "2024-11-19");
2024-11-19 07:24:48;UPDATE `pe_froid` SET `conformite` = 1 ,`id_user_maj` = 1  WHERE `id` = 6688
2024-11-19 07:25:02;UPDATE `pe_froid` SET `id_visa_controleur` = 1 ,`date_controle` = "2024-11-19 07:25:02" ,`statut` = 2  WHERE `id` = 6688
2024-11-19 07:25:02;INSERT INTO `pe_validations` (`type`,`id_vue`,`id_liaison`) VALUES (2 ,4 ,6688 )
2024-11-19 07:25:02;INSERT IGNORE INTO `pe_validations_lots` (`id_validation`, `id_lot`, `negoce`) VALUES  (11503, 4676, 0)
2024-11-19 07:25:02;UPDATE `pe_langues` SET `actif` = 1 WHERE `iso` = "FR"
2024-11-19 07:26:21;UPDATE `pe_langues` SET `actif` = 1 WHERE `iso` = "FR"
2024-11-19 07:26:31;UPDATE `pe_langues` SET `actif` = 1 WHERE `iso` = "FR"
2024-11-19 07:26:36;UPDATE `pe_langues` SET `actif` = 1 WHERE `iso` = "FR"
2024-11-19 07:26:53;UPDATE `pe_langues` SET `actif` = 1 WHERE `iso` = "FR"
2024-11-19 07:26:59;UPDATE `pe_froid` SET `test_apres_fe` = 1 ,`test_apres_nfe` = 1 ,`test_apres_inox` = 1  WHERE `id` = 6430
2024-11-19 07:26:59;UPDATE `pe_loma` SET `test_pdt` = 0 ,`commentaire` = "" ,`date_test` = "2024-11-19 07:26:59" ,`id_user_visa` = 1  WHERE `id` = 2825
2024-11-19 07:26:59;INSERT INTO `pe_validations` (`type`,`id_vue`,`id_liaison`) VALUES (3 ,2 ,2825 )
2024-11-19 07:26:59;INSERT IGNORE INTO `pe_validations_lots` (`id_validation`, `id_lot`, `negoce`) VALUES  (11504, 5694, 0)
2024-11-19 07:28:10;UPDATE `pe_consommables` SET `stock_initial` = 12 ,`id_famille` = 18 ,`id_fournisseur` = 41 ,`numlot_frs` = "243926CFR324" ,`date_rcp` = "2023-09-01"  WHERE `id` = 385
2024-11-19 07:35:45;UPDATE `pe_bl_lignes` SET `supprime` = 1 WHERE `supprime` = 0  AND `id_bl` IN (SELECT `id` FROM `pe_bl` WHERE `supprime` = 1)
2024-11-19 07:36:48;UPDATE `pe_bl_lignes` SET `supprime` = 1 WHERE `supprime` = 0  AND `id_bl` IN (SELECT `id` FROM `pe_bl` WHERE `supprime` = 1)
2024-11-19 07:40:16;UPDATE `pe_bl_lignes` SET `supprime` = 1 WHERE `supprime` = 0  AND `id_bl` IN (SELECT `id` FROM `pe_bl` WHERE `supprime` = 1)
2024-11-19 07:41:10;UPDATE `pe_bl_lignes` SET `supprime` = 1 WHERE `supprime` = 0  AND `id_bl` IN (SELECT `id` FROM `pe_bl` WHERE `supprime` = 1)
2024-11-19 07:42:48;UPDATE `pe_bl_lignes` SET `supprime` = 1 WHERE `supprime` = 0  AND `id_bl` IN (SELECT `id` FROM `pe_bl` WHERE `supprime` = 1)
2024-11-19 07:43:44;UPDATE `pe_bl_lignes` SET `supprime` = 1 WHERE `supprime` = 0  AND `id_bl` IN (SELECT `id` FROM `pe_bl` WHERE `supprime` = 1)
2024-11-19 07:44:54;UPDATE `pe_bl_lignes` SET `supprime` = 1 WHERE `supprime` = 0  AND `id_bl` IN (SELECT `id` FROM `pe_bl` WHERE `supprime` = 1)
2024-11-19 07:47:53;UPDATE `pe_langues` SET `actif` = 1 WHERE `iso` = "FR"
2024-11-19 07:47:53;UPDATE `pe_consommables` SET `id_precedent` = 0, `date_upd` = null WHERE `date_upd` < CURDATE()
2024-11-19 07:48:38;UPDATE `pe_bl_lignes` SET `supprime` = 1 WHERE `supprime` = 0  AND `id_bl` IN (SELECT `id` FROM `pe_bl` WHERE `supprime` = 1)
2024-11-19 07:50:25;UPDATE `pe_bl_lignes` SET `supprime` = 1 WHERE `supprime` = 0  AND `id_bl` IN (SELECT `id` FROM `pe_bl` WHERE `supprime` = 1)
2024-11-19 07:53:18;UPDATE `pe_bl_lignes` SET `supprime` = 1 WHERE `supprime` = 0  AND `id_bl` IN (SELECT `id` FROM `pe_bl` WHERE `supprime` = 1)
2024-11-19 07:54:21;UPDATE `pe_bl_lignes` SET `supprime` = 1 WHERE `supprime` = 0  AND `id_bl` IN (SELECT `id` FROM `pe_bl` WHERE `supprime` = 1)
2024-11-19 07:58:18;UPDATE `pe_bl_lignes` SET `supprime` = 1 WHERE `supprime` = 0  AND `id_bl` IN (SELECT `id` FROM `pe_bl` WHERE `supprime` = 1)
2024-11-19 08:28:41;UPDATE `pe_bl_lignes` SET `supprime` = 1 WHERE `supprime` = 0  AND `id_bl` IN (SELECT `id` FROM `pe_bl` WHERE `supprime` = 1)
2024-11-19 08:36:14;UPDATE `pe_consommables_familles` SET `nom` = "SACS SOUS VIDE 160X200" ,`code` = "160X200" ,`date_maj` = "2024-11-19 08:36:14" ,`actif` = 1  WHERE `id` = 59
2024-11-19 08:36:14;DELETE FROM `pe_emballages_famille_vues` WHERE `id_famille_emballage` = 59
2024-11-19 08:36:14;INSERT INTO `pe_emballages_famille_vues` (`id_famille_emballage`, `id_vue`) VALUES (59, 2)
2024-11-19 08:37:24;INSERT INTO `pe_lots` (`numlot`,`date_add`,`visible`,`id_fournisseur`,`id_espece`,`composition`,`id_origine`,`id_abattoir`,`date_abattage`,`date_reception`,`poids_abattoir`,`poids_reception`) VALUES ("243147BFN" ,"2024-11-19 08:37:24" ,1 ,44 ,5 ,1 ,24 ,62 ,"2024-11-19" ,"2024-11-19" ,20 ,250 )
2024-11-19 08:37:24;INSERT INTO `pe_lot_vues` (`id_lot`,`id_vue`,`date_entree`) VALUES (5819 ,1 ,"2024-11-19 08:37:24" )
2024-11-19 08:37:32;UPDATE `pe_bl_lignes` SET `supprime` = 1 WHERE `supprime` = 0  AND `id_bl` IN (SELECT `id` FROM `pe_bl` WHERE `supprime` = 1)
2024-11-19 08:38:02;UPDATE `pe_langues` SET `actif` = 1 WHERE `iso` = "FR"
2024-11-19 08:38:16;UPDATE `pe_langues` SET `actif` = 1 WHERE `iso` = "FR"
2024-11-19 08:38:21;UPDATE `pe_langues` SET `actif` = 1 WHERE `iso` = "FR"
2024-11-19 08:38:25;UPDATE `pe_langues` SET `actif` = 1 WHERE `iso` = "FR"
2024-11-19 08:38:35;UPDATE `pe_langues` SET `actif` = 1 WHERE `iso` = "FR"
2024-11-19 08:38:41;DELETE FROM `pe_pvisu_avant_points` WHERE `id_pvisu_avant` = 1133
2024-11-19 08:38:41;INSERT IGNORE INTO `pe_pvisu_avant_points` (`id_pvisu_avant`, `id_point_controle`, `etat`, `id_user`, `date`) VALUES (1133, 4, 1, 1, NOW()),(1133, 5, 1, 1, NOW()),(1133, 36, 1, 1, NOW()),(1133, 58, 1, 1, NOW()),(1133, 7, 1, 1, NOW()),(1133, 11, 1, 1, NOW()),(1133, 12, 1, 1, NOW()),(1133, 13, 1, 1, NOW()),(1133, 14, 1, 1, NOW()),(1133, 15, 1, 1, NOW()),(1133, 17, 1, 1, NOW()),(1133, 18, 1, 1, NOW()),(1133, 19, 1, 1, NOW()),(1133, 20, 1, 1, NOW()),(1133, 21, 1, 1, NOW()),(1133, 37, 1, 1, NOW()),(1133, 39, 1, 1, NOW()),(1133, 41, 1, 1, NOW()),(1133, 59, 1, 1, NOW()),(1133, 23, 1, 1, NOW()),(1133, 40, 1, 1, NOW()),(1133, 43, 1, 1, NOW()),(1133, 44, 1, 1, NOW()),(1133, 45, 1, 1, NOW()),(1133, 46, 1, 1, NOW()),(1133, 47, 1, 1, NOW()),(1133, 48, 1, 1, NOW()),(1133, 49, 1, 1, NOW()),(1133, 50, 1, 1, NOW()),(1133, 51, 1, 1, NOW()),(1133, 52, 1, 1, NOW()),(1133, 53, 1, 1, NOW()),(1133, 54, 1, 1, NOW()),(1133, 55, 1, 1, NOW())
2024-11-19 08:38:41;UPDATE `pe_pvisu_avant` SET `commentaires` = "bbbW" ,`id_user` = 1  WHERE `id` = 1133
2024-11-19 08:38:44;INSERT INTO `pe_pvisu_apres` (`commentaires`,`date`,`id_user`) VALUES ("" ,"2024-11-19" ,1 )
2024-11-19 08:38:44;DELETE FROM `pe_pvisu_apres_points` WHERE `id_pvisu_apres` = 660
2024-11-19 08:38:44;INSERT IGNORE INTO `pe_pvisu_apres_points` (`id_pvisu_apres`, `id_point_controle`, `etat`, `id_pvisu_action`, `fiche_nc`, `id_user`, `date`) VALUES (660, 34, 1, 0, 0, 1, NOW()),(660, 35, 1, 0, 0, 1, NOW())
2024-11-19 08:38:46;UPDATE `pe_langues` SET `actif` = 1 WHERE `iso` = "FR"
2024-11-19 08:39:07;UPDATE `pe_langues` SET `actif` = 1 WHERE `iso` = "FR"
2024-11-19 08:39:10;UPDATE `pe_langues` SET `actif` = 1 WHERE `iso` = "FR"
2024-11-19 08:39:38;UPDATE `pe_langues` SET `actif` = 1 WHERE `iso` = "FR"
2024-11-19 08:39:38;UPDATE `pe_langues` SET `actif` = 1 WHERE `iso` = "FR"
2024-11-19 08:39:42;UPDATE `pe_froid` SET `test_apres_fe` = 1 ,`test_apres_nfe` = 1 ,`test_apres_inox` = 1  WHERE `id` = 6561
2024-11-19 08:39:42;UPDATE `pe_loma` SET `test_pdt` = 0 ,`commentaire` = "" ,`date_test` = "2024-11-19 08:39:42" ,`id_user_visa` = 1  WHERE `id` = 2917
2024-11-19 08:39:42;INSERT INTO `pe_validations` (`type`,`id_vue`,`id_liaison`) VALUES (3 ,2 ,2917 )
2024-11-19 08:39:42;INSERT IGNORE INTO `pe_validations_lots` (`id_validation`, `id_lot`, `negoce`) VALUES  (11505, 5695, 0)
2024-11-19 08:39:45;UPDATE `pe_langues` SET `actif` = 1 WHERE `iso` = "FR"
2024-11-19 08:39:48;UPDATE `pe_langues` SET `actif` = 1 WHERE `iso` = "FR"
2024-11-19 08:39:50;UPDATE `pe_langues` SET `actif` = 1 WHERE `iso` = "FR"
2024-11-19 08:39:58;UPDATE `pe_loma` SET `id_lot_pdt_froid` = 30674 ,`test_pdt` = 0 ,`commentaire` = "" ,`date_test` = "2024-11-19 08:39:58" ,`id_user_visa` = 1  WHERE `id` = 2818
2024-11-19 08:39:58;INSERT INTO `pe_validations` (`type`,`id_vue`,`id_liaison`) VALUES (3 ,2 ,2818 )
2024-11-19 08:39:58;INSERT IGNORE INTO `pe_validations_lots` (`id_validation`, `id_lot`, `negoce`) VALUES  (11506, 5677, 0)
2024-11-19 08:39:58;INSERT IGNORE INTO `pe_lot_quantieme` (`id_lot`, `quantieme`) VALUES(5677, "324")
2024-11-19 08:40:21;UPDATE `pe_consommables` SET `stock_actuel` = 0 ,`consomme` = 1  WHERE `id` = 144
2024-11-19 08:40:21;INSERT IGNORE INTO `pe_consommables_histo` (`id_consommable`, `stock_mouvement`, `date`, `user_id`, `id_vue`) 
						VALUES (144, -1, "2024-11-19 08:40:21", 1, 2 )
2024-11-19 08:40:21;UPDATE `pe_consommables` SET `encours` = 0 WHERE `id_famille` = 41
2024-11-19 08:40:21;UPDATE `pe_consommables` SET `encours` = 1  WHERE `id` = 144
2024-11-19 08:40:21;INSERT IGNORE INTO `pe_consommables_changements` (`id_consommable_famille`, `date`) VALUES (41, "2024-11-19");
2024-11-19 08:40:25;UPDATE `pe_froid` SET `test_apres_fe` = 1 ,`test_apres_nfe` = 1 ,`test_apres_inox` = 1  WHERE `id` = 6414
2024-11-19 08:40:25;UPDATE `pe_loma` SET `test_pdt` = 0 ,`commentaire` = "" ,`date_test` = "2024-11-19 08:40:25" ,`id_user_visa` = 1  WHERE `id` = 2819
2024-11-19 08:40:25;INSERT INTO `pe_validations` (`type`,`id_vue`,`id_liaison`) VALUES (3 ,2 ,2819 )
2024-11-19 08:40:25;INSERT IGNORE INTO `pe_validations_lots` (`id_validation`, `id_lot`, `negoce`) VALUES  (11507, 5677, 0)
2024-11-19 08:40:49;UPDATE `pe_loma` SET `id_lot_pdt_froid` = 30787 ,`test_pdt` = 0 ,`commentaire` = "" ,`date_test` = "2024-11-19 08:40:49" ,`id_user_visa` = 1  WHERE `id` = 2834
2024-11-19 08:40:49;INSERT INTO `pe_validations` (`type`,`id_vue`,`id_liaison`) VALUES (3 ,2 ,2834 )
2024-11-19 08:40:49;INSERT IGNORE INTO `pe_validations_lots` (`id_validation`, `id_lot`, `negoce`) VALUES  (11508, 5731, 0)
2024-11-19 08:40:49;INSERT IGNORE INTO `pe_lot_quantieme` (`id_lot`, `quantieme`) VALUES(5731, "324")
2024-11-19 08:42:00;UPDATE `pe_consommables` SET `stock_actuel` = 1  WHERE `id` = 354
2024-11-19 08:42:01;UPDATE `pe_consommables` SET `stock_actuel` = 6  WHERE `id` = 385
2024-11-19 08:42:01;INSERT IGNORE INTO `pe_consommables_histo` (`id_consommable`, `stock_mouvement`, `date`, `user_id`, `id_vue`) 
						VALUES (354, -1, "2024-11-19 08:42:01", 1, 2 )
2024-11-19 08:42:01;UPDATE `pe_consommables` SET `encours` = 0 WHERE `id_famille` = 18
2024-11-19 08:42:01;UPDATE `pe_consommables` SET `stock_actuel` = 6 ,`encours` = 1  WHERE `id` = 385
2024-11-19 08:42:01;UPDATE `pe_consommables` SET `id_precedent` = 0, `date_upd` = null, `consomme` = 1 WHERE `id` = 354
2024-11-19 08:42:01;UPDATE `pe_consommables` SET `id_precedent` = 354, `date_upd` = CURDATE(), `encours` = 1 WHERE `id` = 385
2024-11-19 08:42:01;INSERT IGNORE INTO `pe_consommables_changements` (`id_consommable_famille`, `date`) VALUES (18, "2024-11-19");
2024-11-19 08:42:01;INSERT IGNORE INTO `pe_emballages_prod` (`id_emballage_lot`, `id_lot`, `id_froid`) 
						VALUES (385, 5731,0)
2024-11-19 08:42:03;UPDATE `pe_froid` SET `test_apres_fe` = 1 ,`test_apres_nfe` = 1 ,`test_apres_inox` = 1  WHERE `id` = 6445
2024-11-19 08:42:03;UPDATE `pe_loma` SET `test_pdt` = 0 ,`commentaire` = "" ,`date_test` = "2024-11-19 08:42:03" ,`id_user_visa` = 1  WHERE `id` = 2835
2024-11-19 08:42:03;INSERT INTO `pe_validations` (`type`,`id_vue`,`id_liaison`) VALUES (3 ,2 ,2835 )
2024-11-19 08:42:03;INSERT IGNORE INTO `pe_validations_lots` (`id_validation`, `id_lot`, `negoce`) VALUES  (11509, 5731, 0)
2024-11-19 08:44:44;UPDATE `pe_bl_lignes` SET `supprime` = 1 WHERE `supprime` = 0  AND `id_bl` IN (SELECT `id` FROM `pe_bl` WHERE `supprime` = 1)
2024-11-19 08:45:38;UPDATE `pe_bl_lignes` SET `supprime` = 1 WHERE `supprime` = 0  AND `id_bl` IN (SELECT `id` FROM `pe_bl` WHERE `supprime` = 1)
2024-11-19 08:46:12;UPDATE `pe_bl_lignes` SET `supprime` = 1 WHERE `supprime` = 0  AND `id_bl` IN (SELECT `id` FROM `pe_bl` WHERE `supprime` = 1)
2024-11-19 08:53:59;UPDATE `pe_tiers` SET `nom` = "AGROLINEVOL SRL" ,`date_maj` = "2024-11-19 08:53:59" ,`actif` = 1 ,`tva_intra` = "" ,`numagr` = 0  WHERE `id` = 287
2024-11-19 08:53:59;UPDATE `pe_tiers_types` SET `id_famille` = 3 WHERE `id_tiers` = 287
2024-11-19 08:55:43;UPDATE `pe_tiers` SET `nom` = "AGROLINEVOL SRL" ,`date_maj` = "2024-11-19 08:55:43" ,`actif` = 1 ,`tva_intra` = "" ,`numagr` = 0  WHERE `id` = 287
2024-11-19 08:55:43;UPDATE `pe_tiers_types` SET `id_famille` = 3 WHERE `id_tiers` = 287
2024-11-19 09:00:14;UPDATE `pe_tiers` SET `nom` = "AGROLINEVOL SRL" ,`date_maj` = "2024-11-19 09:00:14" ,`actif` = 1 ,`tva_intra` = "" ,`numagr` = "STR/AGRO-20"  WHERE `id` = 287
2024-11-19 09:00:14;UPDATE `pe_tiers_types` SET `id_famille` = 3 WHERE `id_tiers` = 287
2024-11-19 09:02:32;INSERT INTO `pe_tiers` (`nom`,`date_maj`,`actif`,`tva_intra`,`numagr`,`date_add`) VALUES ("PEGASE" ,"2024-11-19 09:02:32" ,0 ,5 ,"54/POP" ,"2024-11-19 09:02:32" )
2024-11-19 09:02:32;INSERT INTO `pe_tiers_types` (`id_tiers`, `id_famille`, `type`) VALUES (475, 1, 2)
2024-11-19 09:23:58;UPDATE `pe_tiers` SET `nom` = "AGROLINEVOL SRL" ,`date_maj` = "2024-11-19 09:23:58" ,`actif` = 1 ,`tva_intra` = "" ,`numagr` = "ON/ON-250"  WHERE `id` = 287
2024-11-19 09:23:58;UPDATE `pe_tiers_types` SET `id_famille` = 3 WHERE `id_tiers` = 287
2024-11-19 09:26:08;UPDATE `pe_tiers` SET `nom` = "AGROLINEVOL SRL" ,`date_maj` = "2024-11-19 09:26:08" ,`actif` = 1 ,`tva_intra` = "" ,`numagr` = "OR-DF-25"  WHERE `id` = 287
2024-11-19 09:26:08;UPDATE `pe_tiers_types` SET `id_famille` = 3 WHERE `id_tiers` = 287
2024-11-19 09:41:33;UPDATE `pe_tiers` SET `nom` = "AGROLINEVOL SRL" ,`date_maj` = "2024-11-19 09:41:33" ,`actif` = 1 ,`tva_intra` = "" ,`numagr` = "ON-14"  WHERE `id` = 287
2024-11-19 09:41:33;UPDATE `pe_tiers_types` SET `id_famille` = 3 WHERE `id_tiers` = 287
2024-11-19 10:11:45;UPDATE `pe_lots_negoce` SET `supprime` = 1  WHERE `id` = 57
2024-11-19 10:42:05;UPDATE `pe_langues` SET `actif` = 1 WHERE `iso` = "FR"
2024-11-19 10:42:09;UPDATE `pe_froid` SET `test_apres_fe` = 1 ,`test_apres_nfe` = 1 ,`test_apres_inox` = 1  WHERE `id` = 6445
2024-11-19 10:42:09;UPDATE `pe_loma` SET `test_pdt` = 0 ,`commentaire` = "" ,`date_test` = "2024-11-19 10:42:09" ,`id_user_visa` = 1  WHERE `id` = 2835
2024-11-19 10:42:09;INSERT INTO `pe_validations` (`type`,`id_vue`,`id_liaison`) VALUES (3 ,2 ,2835 )
2024-11-19 10:42:09;INSERT IGNORE INTO `pe_validations_lots` (`id_validation`, `id_lot`, `negoce`) VALUES  (11510, 5731, 0)
2024-11-19 10:43:42;UPDATE `pe_langues` SET `actif` = 1 WHERE `iso` = "FR"
2024-11-19 10:43:42;UPDATE `pe_langues` SET `actif` = 1 WHERE `iso` = "FR"
2024-11-19 10:43:46;UPDATE `pe_froid` SET `test_apres_fe` = 1 ,`test_apres_nfe` = 1 ,`test_apres_inox` = 1  WHERE `id` = 6430
2024-11-19 10:43:46;UPDATE `pe_loma` SET `test_pdt` = 0 ,`commentaire` = "" ,`date_test` = "2024-11-19 10:43:46" ,`id_user_visa` = 1  WHERE `id` = 2825
2024-11-19 10:43:46;INSERT INTO `pe_validations` (`type`,`id_vue`,`id_liaison`) VALUES (3 ,2 ,2825 )
2024-11-19 10:43:46;INSERT IGNORE INTO `pe_validations_lots` (`id_validation`, `id_lot`, `negoce`) VALUES  (11511, 5694, 0)
2024-11-19 12:10:13;INSERT INTO `pe_lots_negoce` (`date_add`,`visible`,`id_fournisseur`,`num_bl`,`date_reception`,`date_entree`) VALUES ("2024-11-19 12:10:13" ,1 ,434 ,"2443447D" ,"2024-11-21" ,"2024-11-21" )
2024-11-19 12:10:48;INSERT INTO `pe_lots_negoce` (`date_add`,`visible`,`id_fournisseur`,`num_bl`,`date_reception`,`date_entree`) VALUES ("2024-11-19 12:10:48" ,1 ,44 ,"244447B" ,"2024-11-19" ,"2024-11-19" )
2024-11-19 12:12:34;INSERT INTO `pe_lots_negoce` (`date_add`,`visible`,`id_fournisseur`,`num_bl`,`date_reception`,`date_entree`) VALUES ("2024-11-19 12:12:34" ,1 ,49 ,"244947B" ,"2024-11-19" ,"2024-11-19" )
2024-11-19 12:13:21;UPDATE `pe_lots_negoce` SET `supprime` = 1  WHERE `id` = 64
2024-11-19 12:13:27;UPDATE `pe_lots_negoce` SET `supprime` = 1  WHERE `id` = 63
2024-11-19 12:44:38;INSERT INTO `pe_lots_negoce` (`date_add`,`visible`,`id_fournisseur`,`num_bl`) VALUES ("2024-11-19 12:44:38" ,1 ,0 ,"244947B0" )
2024-11-19 12:48:57;INSERT INTO `pe_lots_negoce` (`date_add`,`visible`,`id_fournisseur`,`num_bl`) VALUES ("2024-11-19 12:48:57" ,1 ,0 ,6 )
2024-11-19 12:49:53;UPDATE `pe_lots_negoce` SET `supprime` = 1  WHERE `id` = 39
2024-11-19 12:49:57;UPDATE `pe_lots_negoce` SET `supprime` = 1  WHERE `id` = 38
2024-11-19 12:50:02;UPDATE `pe_lots_negoce` SET `supprime` = 1  WHERE `id` = 37
2024-11-19 12:50:58;INSERT INTO `pe_lots_negoce` (`date_add`,`visible`,`id_fournisseur`,`num_bl`,`date_reception`,`date_entree`) VALUES ("2024-11-19 12:50:58" ,1 ,434 ,244948 ,"2024-11-14" ,"2024-11-14" )
2024-11-19 12:51:23;INSERT INTO `pe_lots_negoce` (`date_add`,`visible`,`id_fournisseur`,`num_bl`) VALUES ("2024-11-19 12:51:23" ,1 ,0 ,244957 )
2024-11-19 12:51:39;UPDATE `pe_lots_negoce` SET `supprime` = 1  WHERE `id` = 67
2024-11-19 12:51:44;UPDATE `pe_lots_negoce` SET `supprime` = 1  WHERE `id` = 66
2024-11-19 12:51:49;UPDATE `pe_lots_negoce` SET `supprime` = 1  WHERE `id` = 65
2024-11-19 12:52:20;INSERT INTO `pe_lots_negoce` (`date_add`,`visible`,`id_fournisseur`,`num_bl`) VALUES ("2024-11-19 12:52:20" ,1 ,0 ,1 )
2024-11-19 12:55:50;INSERT INTO `pe_lots_negoce` (`date_add`,`visible`,`id_fournisseur`,`num_bl`,`date_reception`,`date_entree`) VALUES ("2024-11-19 12:55:50" ,1 ,434 ,"2443447B" ,"2024-11-19" ,"2024-11-19" )
2024-11-19 13:20:05;INSERT INTO `pe_lots_negoce` (`date_add`,`visible`,`id_fournisseur`,`num_bl`,`date_reception`,`date_entree`) VALUES ("2024-11-19 13:20:05" ,1 ,434 ,"2443447B1" ,"2024-11-19" ,"2024-11-19" )
2024-11-19 13:20:15;UPDATE `pe_lots_negoce` SET `supprime` = 1  WHERE `id` = 69
2024-11-19 13:20:37;INSERT INTO `pe_lots_negoce` (`date_add`,`visible`,`id_fournisseur`,`num_bl`,`date_reception`,`date_entree`) VALUES ("2024-11-19 13:20:37" ,1 ,427 ,"2442747B" ,"2024-11-19" ,"2024-11-19" )
2024-11-19 13:21:08;INSERT INTO `pe_lots_negoce` (`date_add`,`visible`,`id_fournisseur`,`num_bl`,`date_reception`,`date_entree`) VALUES ("2024-11-19 13:21:08" ,1 ,427 ,"2442747B1" ,"2024-11-19" ,"2024-11-19" )
2024-11-19 13:21:23;INSERT INTO `pe_lots_negoce` (`date_add`,`visible`,`id_fournisseur`,`num_bl`,`date_reception`,`date_entree`) VALUES ("2024-11-19 13:21:23" ,1 ,427 ,"2442747B1" ,"2024-11-19" ,"2024-11-19" )
2024-11-19 13:26:15;UPDATE `pe_lots_negoce` SET `supprime` = 1  WHERE `id` = 73
2024-11-19 13:26:36;INSERT INTO `pe_lots_negoce` (`date_add`,`visible`,`id_fournisseur`,`num_bl`,`date_reception`,`date_entree`) VALUES ("2024-11-19 13:26:36" ,1 ,427 ,"2442747B1" ,"2024-11-19" ,"2024-11-19" )
2024-11-19 13:29:10;INSERT INTO `pe_lots_negoce` (`date_add`,`visible`,`id_fournisseur`,`num_bl`,`date_reception`,`date_entree`) VALUES ("2024-11-19 13:29:10" ,1 ,427 ,"2442747B1" ,"2024-11-19" ,"2024-11-19" )
2024-11-19 13:29:25;UPDATE `pe_lots_negoce` SET `supprime` = 1  WHERE `id` = 76
2024-11-19 13:29:31;UPDATE `pe_lots_negoce` SET `supprime` = 1  WHERE `id` = 75
2024-11-19 13:29:37;UPDATE `pe_lots_negoce` SET `supprime` = 1  WHERE `id` = 74
2024-11-19 13:29:44;UPDATE `pe_lots_negoce` SET `supprime` = 1  WHERE `id` = 72
2024-11-19 13:42:37;INSERT INTO `pe_lots_negoce` (`date_add`,`visible`,`id_fournisseur`,`num_bl`,`date_reception`,`date_entree`) VALUES ("2024-11-19 13:42:37" ,1 ,53 ,"24532247B" ,"2024-11-19" ,"2024-11-19" )
2024-11-19 13:43:00;INSERT INTO `pe_lots_negoce` (`date_add`,`visible`,`id_fournisseur`,`num_bl`,`date_reception`,`date_entree`) VALUES ("2024-11-19 13:43:00" ,1 ,53 ,"24535047B" ,"2024-11-19" ,"2024-11-19" )
2024-11-19 13:44:02;UPDATE `pe_lots_negoce` SET `supprime` = 1  WHERE `id` = 68
2024-11-19 13:44:07;UPDATE `pe_lots_negoce` SET `supprime` = 1  WHERE `id` = 71
2024-11-19 13:44:15;UPDATE `pe_lots_negoce` SET `supprime` = 1  WHERE `id` = 70
2024-11-19 13:44:21;UPDATE `pe_lots_negoce` SET `supprime` = 1  WHERE `id` = 36
2024-11-19 13:44:26;UPDATE `pe_lots_negoce` SET `supprime` = 1  WHERE `id` = 48
2024-11-19 13:44:30;UPDATE `pe_lots_negoce` SET `supprime` = 1  WHERE `id` = 41
2024-11-19 13:44:35;UPDATE `pe_lots_negoce` SET `supprime` = 1  WHERE `id` = 49
2024-11-19 13:44:38;UPDATE `pe_lots_negoce` SET `supprime` = 1  WHERE `id` = 35
2024-11-19 13:44:42;UPDATE `pe_lots_negoce` SET `supprime` = 1  WHERE `id` = 34
2024-11-19 14:57:29;UPDATE `pe_lots_negoce` SET `supprime` = 1  WHERE `id` = 33
2024-11-19 14:57:34;UPDATE `pe_lots_negoce` SET `supprime` = 1  WHERE `id` = 32
2024-11-19 14:57:38;UPDATE `pe_lots_negoce` SET `supprime` = 1  WHERE `id` = 31
