2024-10-23 10:50:39;UPDATE `pe_langues` SET `actif` = 1 WHERE `iso` = "FR"
2024-10-23 10:50:39;UPDATE `pe_consommables` SET `id_precedent` = 0, `date_upd` = null WHERE `date_upd` < CURDATE()
2024-10-23 10:54:49;UPDATE `pe_langues` SET `actif` = 1 WHERE `iso` = "FR"
2024-10-23 10:54:49;UPDATE `pe_consommables` SET `id_precedent` = 0, `date_upd` = null WHERE `date_upd` < CURDATE()
2024-10-23 11:22:07;UPDATE `pe_langues` SET `actif` = 1 WHERE `iso` = "FR"
2024-10-23 11:22:07;UPDATE `pe_consommables` SET `id_precedent` = 0, `date_upd` = null WHERE `date_upd` < CURDATE()
2024-10-23 11:33:05;UPDATE `pe_frais_fonctionnement` SET `activation` = 1  WHERE `id` = 2
2024-10-23 11:33:05;UPDATE `pe_frais_fonctionnement` SET `activation` = 0  WHERE `id` = 2
2024-10-23 13:11:13;UPDATE `pe_langues` SET `actif` = 1 WHERE `iso` = "FR"
2024-10-23 13:11:13;UPDATE `pe_consommables` SET `id_precedent` = 0, `date_upd` = null WHERE `date_upd` < CURDATE()
2024-10-23 13:57:21;UPDATE `pe_langues` SET `actif` = 1 WHERE `iso` = "FR"
2024-10-23 13:57:21;UPDATE `pe_consommables` SET `id_precedent` = 0, `date_upd` = null WHERE `date_upd` < CURDATE()
2024-10-23 13:57:32;UPDATE `pe_langues` SET `actif` = 1 WHERE `iso` = "FR"
2024-10-23 13:57:32;UPDATE `pe_consommables` SET `id_precedent` = 0, `date_upd` = null WHERE `date_upd` < CURDATE()
2024-10-23 14:05:41;UPDATE `pe_langues` SET `actif` = 1 WHERE `iso` = "FR"
2024-10-23 14:05:44;UPDATE `pe_langues` SET `actif` = 1 WHERE `iso` = "FR"
2024-10-23 14:05:53;INSERT INTO `pe_pvisu_avant` (`commentaires`,`date`) VALUES ("" ,"2024-10-23" )
2024-10-23 14:05:53;DELETE FROM `pe_pvisu_avant_points` WHERE `id_pvisu_avant` = 1114
2024-10-23 14:05:53;INSERT IGNORE INTO `pe_pvisu_avant_points` (`id_pvisu_avant`, `id_point_controle`, `etat`, `id_user`, `date`) VALUES (1114, 4, 1, 1, NOW()),(1114, 5, 1, 1, NOW()),(1114, 36, 1, 1, NOW()),(1114, 58, 1, 1, NOW()),(1114, 7, 1, 1, NOW()),(1114, 11, 1, 1, NOW()),(1114, 12, 1, 1, NOW()),(1114, 13, 1, 1, NOW()),(1114, 14, 1, 1, NOW()),(1114, 15, 1, 1, NOW()),(1114, 17, 1, 1, NOW()),(1114, 18, 1, 1, NOW()),(1114, 19, 1, 1, NOW()),(1114, 20, 1, 1, NOW()),(1114, 21, 1, 1, NOW()),(1114, 37, 1, 1, NOW()),(1114, 39, 1, 1, NOW()),(1114, 41, 1, 1, NOW()),(1114, 59, 1, 1, NOW()),(1114, 23, 1, 1, NOW()),(1114, 40, 1, 1, NOW()),(1114, 43, 1, 1, NOW()),(1114, 44, 1, 1, NOW()),(1114, 45, 1, 1, NOW()),(1114, 46, 1, 1, NOW()),(1114, 47, 1, 1, NOW()),(1114, 48, 1, 1, NOW()),(1114, 49, 1, 1, NOW()),(1114, 50, 1, 1, NOW()),(1114, 51, 1, 1, NOW()),(1114, 52, 1, 1, NOW()),(1114, 53, 1, 1, NOW()),(1114, 54, 1, 1, NOW()),(1114, 55, 1, 1, NOW())
2024-10-23 14:05:53;UPDATE `pe_pvisu_avant` SET `commentaires` = "" ,`date` = "2024-10-23" ,`id_user` = 1  WHERE `id` = 1114
2024-10-23 14:05:59;UPDATE `pe_langues` SET `actif` = 1 WHERE `iso` = "FR"
2024-10-23 14:06:13;UPDATE `pe_loma` SET `id_lot_pdt_froid` = 30673 ,`test_pdt` = 0 ,`commentaire` = "" ,`date_test` = "2024-10-23 14:06:13" ,`id_user_visa` = 1  WHERE `id` = 2817
2024-10-23 14:06:13;INSERT INTO `pe_validations` (`type`,`id_vue`,`id_liaison`) VALUES (3 ,2 ,2817 )
2024-10-23 14:06:13;INSERT IGNORE INTO `pe_validations_lots` (`id_validation`, `id_lot`, `negoce`) VALUES  (11085, 5678, 0)
2024-10-23 14:06:26;UPDATE `pe_langues` SET `actif` = 1 WHERE `iso` = "FR"
2024-10-23 14:06:26;UPDATE `pe_consommables` SET `id_precedent` = 0, `date_upd` = null WHERE `date_upd` < CURDATE()
2024-10-23 14:06:28;UPDATE `pe_langues` SET `actif` = 1 WHERE `iso` = "FR"
2024-10-23 14:06:31;UPDATE `pe_langues` SET `actif` = 1 WHERE `iso` = "FR"
2024-10-23 14:06:48;UPDATE `pe_loma` SET `id_lot_pdt_froid` = 30717 ,`test_pdt` = 0 ,`commentaire` = "" ,`date_test` = "2024-10-23 14:06:48" ,`id_user_visa` = 1  WHERE `id` = 2822
2024-10-23 14:06:48;INSERT INTO `pe_validations` (`type`,`id_vue`,`id_liaison`) VALUES (3 ,2 ,2822 )
2024-10-23 14:06:48;INSERT IGNORE INTO `pe_validations_lots` (`id_validation`, `id_lot`, `negoce`) VALUES  (11086, 5695, 0)
2024-10-23 14:08:09;UPDATE `pe_langues` SET `actif` = 1 WHERE `iso` = "FR"
2024-10-23 14:08:18;UPDATE `pe_langues` SET `actif` = 1 WHERE `iso` = "FR"
2024-10-23 14:08:30;UPDATE `pe_langues` SET `actif` = 1 WHERE `iso` = "FR"
2024-10-23 14:08:35;UPDATE `pe_loma` SET `id_lot_pdt_froid` = 30690 ,`test_pdt` = 0 ,`commentaire` = "" ,`date_test` = "2024-10-23 14:08:35" ,`id_user_visa` = 1  WHERE `id` = 2821
2024-10-23 14:08:35;INSERT INTO `pe_validations` (`type`,`id_vue`,`id_liaison`) VALUES (3 ,2 ,2821 )
2024-10-23 14:08:35;INSERT IGNORE INTO `pe_validations_lots` (`id_validation`, `id_lot`, `negoce`) VALUES  (11087, 5693, 0)
2024-10-23 14:08:35;INSERT IGNORE INTO `pe_lot_quantieme` (`id_lot`, `quantieme`) VALUES(5693, "297")
2024-10-23 14:08:38;UPDATE `pe_loma` SET `id_lot_pdt_froid` = 30766 ,`test_pdt` = 0 ,`commentaire` = "" ,`date_test` = "2024-10-23 14:08:38" ,`id_user_visa` = 1  WHERE `id` = 2827
2024-10-23 14:08:38;INSERT INTO `pe_validations` (`type`,`id_vue`,`id_liaison`) VALUES (3 ,2 ,2827 )
2024-10-23 14:08:38;INSERT IGNORE INTO `pe_validations_lots` (`id_validation`, `id_lot`, `negoce`) VALUES  (11088, 5718, 0)
2024-10-23 14:08:40;UPDATE `pe_langues` SET `actif` = 1 WHERE `iso` = "FR"
2024-10-23 14:08:45;UPDATE `pe_loma` SET `id_lot_pdt_froid` = 30717 ,`test_pdt` = 0 ,`commentaire` = "" ,`date_test` = "2024-10-23 14:08:45" ,`id_user_visa` = 1  WHERE `id` = 2822
2024-10-23 14:08:45;INSERT INTO `pe_validations` (`type`,`id_vue`,`id_liaison`) VALUES (3 ,2 ,2822 )
2024-10-23 14:08:45;INSERT IGNORE INTO `pe_validations_lots` (`id_validation`, `id_lot`, `negoce`) VALUES  (11089, 5695, 0)
2024-10-23 14:08:54;UPDATE `pe_langues` SET `actif` = 1 WHERE `iso` = "FR"
2024-10-23 14:08:57;UPDATE `pe_loma` SET `id_lot_pdt_froid` = 30718 ,`test_pdt` = 0 ,`commentaire` = "" ,`date_test` = "2024-10-23 14:08:57" ,`id_user_visa` = 1  WHERE `id` = 2823
2024-10-23 14:08:57;INSERT INTO `pe_validations` (`type`,`id_vue`,`id_liaison`) VALUES (3 ,2 ,2823 )
2024-10-23 14:08:57;INSERT IGNORE INTO `pe_validations_lots` (`id_validation`, `id_lot`, `negoce`) VALUES  (11090, 5694, 0)
2024-10-23 14:08:57;INSERT IGNORE INTO `pe_lot_quantieme` (`id_lot`, `quantieme`) VALUES(5694, "297")
2024-10-23 14:09:12;UPDATE `pe_langues` SET `actif` = 1 WHERE `iso` = "FR"
2024-10-23 14:09:18;UPDATE `pe_langues` SET `actif` = 1 WHERE `iso` = "FR"
2024-10-23 14:09:19;UPDATE `pe_loma` SET `id_lot_pdt_froid` = 30673 ,`test_pdt` = 0 ,`commentaire` = "" ,`date_test` = "2024-10-23 14:09:19" ,`id_user_visa` = 1  WHERE `id` = 2817
2024-10-23 14:09:20;INSERT INTO `pe_validations` (`type`,`id_vue`,`id_liaison`) VALUES (3 ,2 ,2817 )
2024-10-23 14:09:20;INSERT IGNORE INTO `pe_validations_lots` (`id_validation`, `id_lot`, `negoce`) VALUES  (11091, 5678, 0)
2024-10-23 14:09:37;UPDATE `pe_bl_lignes` SET `supprime` = 1 WHERE `supprime` = 0  AND `id_bl` IN (SELECT `id` FROM `pe_bl` WHERE `supprime` = 1)
2024-10-23 14:09:45;UPDATE `pe_langues` SET `actif` = 1 WHERE `iso` = "FR"
2024-10-23 14:09:45;UPDATE `pe_consommables` SET `id_precedent` = 0, `date_upd` = null WHERE `date_upd` < CURDATE()
2024-10-23 14:09:47;UPDATE `pe_langues` SET `actif` = 1 WHERE `iso` = "FR"
2024-10-23 14:11:09;UPDATE `pe_langues` SET `actif` = 1 WHERE `iso` = "FR"
2024-10-23 14:11:17;UPDATE `pe_langues` SET `actif` = 1 WHERE `iso` = "FR"
2024-10-23 14:14:05;UPDATE `pe_langues` SET `actif` = 1 WHERE `iso` = "FR"
2024-10-23 14:14:05;UPDATE `pe_consommables` SET `id_precedent` = 0, `date_upd` = null WHERE `date_upd` < CURDATE()
2024-10-23 14:15:46;UPDATE `pe_langues` SET `actif` = 1 WHERE `iso` = "FR"
2024-10-23 14:15:46;UPDATE `pe_consommables` SET `id_precedent` = 0, `date_upd` = null WHERE `date_upd` < CURDATE()
2024-10-23 14:28:13;UPDATE `pe_langues` SET `actif` = 1 WHERE `iso` = "FR"
2024-10-23 14:28:17;UPDATE `pe_langues` SET `actif` = 1 WHERE `iso` = "FR"
2024-10-23 14:28:51;UPDATE `pe_loma` SET `id_lot_pdt_froid` = 30673 ,`test_pdt` = 0 ,`commentaire` = "" ,`date_test` = "2024-10-23 14:28:51" ,`id_user_visa` = 1  WHERE `id` = 2817
2024-10-23 14:28:51;INSERT INTO `pe_validations` (`type`,`id_vue`,`id_liaison`) VALUES (3 ,2 ,2817 )
2024-10-23 14:28:51;INSERT IGNORE INTO `pe_validations_lots` (`id_validation`, `id_lot`, `negoce`) VALUES  (11092, 5678, 0)
2024-10-23 14:37:29;UPDATE `pe_langues` SET `actif` = 1 WHERE `iso` = "FR"
2024-10-23 14:37:29;UPDATE `pe_consommables` SET `id_precedent` = 0, `date_upd` = null WHERE `date_upd` < CURDATE()
2024-10-23 14:37:39;UPDATE `pe_langues` SET `actif` = 1 WHERE `iso` = "FR"
2024-10-23 14:37:53;UPDATE `pe_loma` SET `id_lot_pdt_froid` = 30673 ,`test_pdt` = 0 ,`commentaire` = "" ,`date_test` = "2024-10-23 14:37:53" ,`id_user_visa` = 1  WHERE `id` = 2817
2024-10-23 14:37:53;INSERT INTO `pe_validations` (`type`,`id_vue`,`id_liaison`) VALUES (3 ,2 ,2817 )
2024-10-23 14:37:53;INSERT IGNORE INTO `pe_validations_lots` (`id_validation`, `id_lot`, `negoce`) VALUES  (11093, 5678, 0)
2024-10-23 14:38:02;UPDATE `pe_langues` SET `actif` = 1 WHERE `iso` = "FR"
2024-10-23 14:38:11;UPDATE `pe_loma` SET `id_lot_pdt_froid` = 30674 ,`test_pdt` = 0 ,`commentaire` = "" ,`date_test` = "2024-10-23 14:38:11" ,`id_user_visa` = 1  WHERE `id` = 2818
2024-10-23 14:38:11;INSERT INTO `pe_validations` (`type`,`id_vue`,`id_liaison`) VALUES (3 ,2 ,2818 )
2024-10-23 14:38:11;INSERT IGNORE INTO `pe_validations_lots` (`id_validation`, `id_lot`, `negoce`) VALUES  (11094, 5677, 0)
2024-10-23 14:38:11;INSERT IGNORE INTO `pe_lot_quantieme` (`id_lot`, `quantieme`) VALUES(5677, "297")
2024-10-23 14:38:21;UPDATE `pe_langues` SET `actif` = 1 WHERE `iso` = "FR"
2024-10-23 14:38:21;UPDATE `pe_consommables` SET `id_precedent` = 0, `date_upd` = null WHERE `date_upd` < CURDATE()
2024-10-23 14:38:28;UPDATE `pe_langues` SET `actif` = 1 WHERE `iso` = "FR"
2024-10-23 14:38:42;UPDATE `pe_langues` SET `actif` = 1 WHERE `iso` = "FR"
2024-10-23 14:39:01;INSERT INTO `pe_incidents` (`id_user`,`id_lot`,`negoce`,`date`,`type_incident`) VALUES (1 ,5678 ,0 ,"2024-10-23 14:39:01" ,11 )
2024-10-23 14:39:01;INSERT INTO `pe_commentaires` (`date`,`id_lot`,`negoce`,`incident`,`id_user`,`commentaire`) VALUES ("2024-10-23 14:39:01" ,5678 ,0 ,1 ,1 ,"Incident de corps étranger : 8" )
2024-10-23 14:39:02;UPDATE `pe_loma` SET `id_lot_pdt_froid` = 30673 ,`test_pdt` = 1 ,`commentaire` = 8 ,`date_test` = "2024-10-23 14:39:01" ,`id_user_visa` = 1  WHERE `id` = 2817
2024-10-23 14:39:02;INSERT INTO `pe_validations` (`type`,`id_vue`,`id_liaison`) VALUES (3 ,2 ,2817 )
2024-10-23 14:39:02;INSERT IGNORE INTO `pe_validations_lots` (`id_validation`, `id_lot`, `negoce`) VALUES  (11095, 5678, 0)
2024-10-23 14:39:11;UPDATE `pe_langues` SET `actif` = 1 WHERE `iso` = "FR"
2024-10-23 14:39:30;UPDATE `pe_langues` SET `actif` = 1 WHERE `iso` = "FR"
2024-10-23 14:40:38;UPDATE `pe_loma` SET `id_lot_pdt_froid` = 30674 ,`test_pdt` = 0 ,`commentaire` = "" ,`date_test` = "2024-10-23 14:40:38" ,`id_user_visa` = 1  WHERE `id` = 2818
2024-10-23 14:40:38;INSERT INTO `pe_validations` (`type`,`id_vue`,`id_liaison`) VALUES (3 ,2 ,2818 )
2024-10-23 14:40:38;INSERT IGNORE INTO `pe_validations_lots` (`id_validation`, `id_lot`, `negoce`) VALUES  (11096, 5677, 0)
2024-10-23 14:40:39;INSERT IGNORE INTO `pe_lot_quantieme` (`id_lot`, `quantieme`) VALUES(5677, "297")
2024-10-23 14:40:42;UPDATE `pe_langues` SET `actif` = 1 WHERE `iso` = "FR"
2024-10-23 14:40:56;UPDATE `pe_loma` SET `id_lot_pdt_froid` = 30718 ,`test_pdt` = 0 ,`commentaire` = "" ,`date_test` = "2024-10-23 14:40:56" ,`id_user_visa` = 1  WHERE `id` = 2823
2024-10-23 14:40:56;INSERT INTO `pe_validations` (`type`,`id_vue`,`id_liaison`) VALUES (3 ,2 ,2823 )
2024-10-23 14:40:56;INSERT IGNORE INTO `pe_validations_lots` (`id_validation`, `id_lot`, `negoce`) VALUES  (11097, 5694, 0)
2024-10-23 14:40:57;INSERT IGNORE INTO `pe_lot_quantieme` (`id_lot`, `quantieme`) VALUES(5694, "297")
2024-10-23 14:42:10;UPDATE `pe_langues` SET `actif` = 1 WHERE `iso` = "FR"
2024-10-23 14:42:23;UPDATE `pe_loma` SET `id_lot_pdt_froid` = 30690 ,`test_pdt` = 0 ,`commentaire` = "" ,`date_test` = "2024-10-23 14:42:22" ,`id_user_visa` = 1  WHERE `id` = 2821
2024-10-23 14:42:23;INSERT INTO `pe_validations` (`type`,`id_vue`,`id_liaison`) VALUES (3 ,2 ,2821 )
2024-10-23 14:42:23;INSERT IGNORE INTO `pe_validations_lots` (`id_validation`, `id_lot`, `negoce`) VALUES  (11098, 5693, 0)
2024-10-23 14:42:23;INSERT IGNORE INTO `pe_lot_quantieme` (`id_lot`, `quantieme`) VALUES(5693, "297")
2024-10-23 14:49:10;UPDATE `pe_langues` SET `actif` = 1 WHERE `iso` = "FR"
2024-10-23 14:49:15;UPDATE `pe_loma` SET `id_lot_pdt_froid` = 30674 ,`test_pdt` = 0 ,`commentaire` = "" ,`date_test` = "2024-10-23 14:49:15" ,`id_user_visa` = 1  WHERE `id` = 2818
2024-10-23 14:49:15;INSERT INTO `pe_validations` (`type`,`id_vue`,`id_liaison`) VALUES (3 ,2 ,2818 )
2024-10-23 14:49:15;INSERT IGNORE INTO `pe_validations_lots` (`id_validation`, `id_lot`, `negoce`) VALUES  (11099, 5677, 0)
2024-10-23 14:49:16;INSERT IGNORE INTO `pe_lot_quantieme` (`id_lot`, `quantieme`) VALUES(5677, "297")
2024-10-23 14:49:27;UPDATE `pe_langues` SET `actif` = 1 WHERE `iso` = "FR"
2024-10-23 14:49:34;UPDATE `pe_langues` SET `actif` = 1 WHERE `iso` = "FR"
2024-10-23 14:52:50;UPDATE `pe_langues` SET `actif` = 1 WHERE `iso` = "FR"
2024-10-23 14:53:03;UPDATE `pe_langues` SET `actif` = 1 WHERE `iso` = "FR"
2024-10-23 14:53:16;UPDATE `pe_langues` SET `actif` = 1 WHERE `iso` = "FR"
2024-10-23 15:22:29;UPDATE `pe_loma` SET `id_lot_pdt_froid` = 30674 ,`test_pdt` = 0 ,`commentaire` = "" ,`date_test` = "2024-10-23 15:22:29" ,`id_user_visa` = 1  WHERE `id` = 2818
2024-10-23 15:22:29;INSERT INTO `pe_validations` (`type`,`id_vue`,`id_liaison`) VALUES (3 ,2 ,2818 )
2024-10-23 15:22:29;INSERT IGNORE INTO `pe_validations_lots` (`id_validation`, `id_lot`, `negoce`) VALUES  (11100, 5677, 0)
2024-10-23 15:22:29;INSERT IGNORE INTO `pe_lot_quantieme` (`id_lot`, `quantieme`) VALUES(5677, "297")
2024-10-23 15:22:57;UPDATE `pe_langues` SET `actif` = 1 WHERE `iso` = "FR"
2024-10-23 15:23:15;UPDATE `pe_loma` SET `id_lot_pdt_froid` = 30690 ,`test_pdt` = 0 ,`commentaire` = "" ,`date_test` = "2024-10-23 15:23:15" ,`id_user_visa` = 1  WHERE `id` = 2821
2024-10-23 15:23:15;INSERT INTO `pe_validations` (`type`,`id_vue`,`id_liaison`) VALUES (3 ,2 ,2821 )
2024-10-23 15:23:15;INSERT IGNORE INTO `pe_validations_lots` (`id_validation`, `id_lot`, `negoce`) VALUES  (11101, 5693, 0)
2024-10-23 15:23:15;INSERT IGNORE INTO `pe_lot_quantieme` (`id_lot`, `quantieme`) VALUES(5693, "297")
2024-10-23 15:23:18;UPDATE `pe_langues` SET `actif` = 1 WHERE `iso` = "FR"
2024-10-23 15:23:42;UPDATE `pe_langues` SET `actif` = 1 WHERE `iso` = "FR"
2024-10-23 15:24:15;UPDATE `pe_loma` SET `id_lot_pdt_froid` = 30674 ,`test_pdt` = 0 ,`commentaire` = "" ,`date_test` = "2024-10-23 15:24:15" ,`id_user_visa` = 1  WHERE `id` = 2818
2024-10-23 15:24:15;INSERT INTO `pe_validations` (`type`,`id_vue`,`id_liaison`) VALUES (3 ,2 ,2818 )
2024-10-23 15:24:15;INSERT IGNORE INTO `pe_validations_lots` (`id_validation`, `id_lot`, `negoce`) VALUES  (11102, 5677, 0)
2024-10-23 15:24:16;INSERT IGNORE INTO `pe_lot_quantieme` (`id_lot`, `quantieme`) VALUES(5677, "297")
2024-10-23 15:24:22;UPDATE `pe_langues` SET `actif` = 1 WHERE `iso` = "FR"
2024-10-23 15:24:37;UPDATE `pe_langues` SET `actif` = 1 WHERE `iso` = "FR"
2024-10-23 15:24:46;UPDATE `pe_loma` SET `id_lot_pdt_froid` = 30717 ,`test_pdt` = 0 ,`commentaire` = "" ,`date_test` = "2024-10-23 15:24:46" ,`id_user_visa` = 1  WHERE `id` = 2822
2024-10-23 15:24:46;INSERT INTO `pe_validations` (`type`,`id_vue`,`id_liaison`) VALUES (3 ,2 ,2822 )
2024-10-23 15:24:46;INSERT IGNORE INTO `pe_validations_lots` (`id_validation`, `id_lot`, `negoce`) VALUES  (11103, 5695, 0)
2024-10-23 15:24:50;UPDATE `pe_langues` SET `actif` = 1 WHERE `iso` = "FR"
2024-10-23 15:24:59;UPDATE `pe_langues` SET `actif` = 1 WHERE `iso` = "FR"
2024-10-23 15:25:07;UPDATE `pe_langues` SET `actif` = 1 WHERE `iso` = "FR"
2024-10-23 15:25:12;UPDATE `pe_langues` SET `actif` = 1 WHERE `iso` = "FR"
2024-10-23 15:25:19;UPDATE `pe_langues` SET `actif` = 1 WHERE `iso` = "FR"
2024-10-23 15:25:36;UPDATE `pe_langues` SET `actif` = 1 WHERE `iso` = "FR"
2024-10-23 15:27:44;UPDATE `pe_langues` SET `actif` = 1 WHERE `iso` = "FR"
2024-10-23 15:27:52;UPDATE `pe_langues` SET `actif` = 1 WHERE `iso` = "FR"
2024-10-23 15:27:58;UPDATE `pe_langues` SET `actif` = 1 WHERE `iso` = "FR"
2024-10-23 15:28:07;UPDATE `pe_langues` SET `actif` = 1 WHERE `iso` = "FR"
2024-10-23 15:28:15;UPDATE `pe_langues` SET `actif` = 1 WHERE `iso` = "FR"
2024-10-23 15:28:51;UPDATE `pe_langues` SET `actif` = 1 WHERE `iso` = "FR"
2024-10-23 15:29:01;UPDATE `pe_langues` SET `actif` = 1 WHERE `iso` = "FR"
2024-10-23 15:29:13;UPDATE `pe_langues` SET `actif` = 1 WHERE `iso` = "FR"
2024-10-23 15:29:22;UPDATE `pe_langues` SET `actif` = 1 WHERE `iso` = "FR"
2024-10-23 15:29:32;UPDATE `pe_langues` SET `actif` = 1 WHERE `iso` = "FR"
2024-10-23 15:29:36;UPDATE `pe_langues` SET `actif` = 1 WHERE `iso` = "FR"
2024-10-23 15:30:18;UPDATE `pe_loma` SET `id_lot_pdt_froid` = 30717 ,`test_pdt` = 0 ,`commentaire` = "" ,`date_test` = "2024-10-23 15:30:18" ,`id_user_visa` = 1  WHERE `id` = 2822
2024-10-23 15:30:18;INSERT INTO `pe_validations` (`type`,`id_vue`,`id_liaison`) VALUES (3 ,2 ,2822 )
2024-10-23 15:30:18;INSERT IGNORE INTO `pe_validations_lots` (`id_validation`, `id_lot`, `negoce`) VALUES  (11104, 5695, 0)
2024-10-23 15:32:03;UPDATE `pe_langues` SET `actif` = 1 WHERE `iso` = "FR"
2024-10-23 15:32:12;UPDATE `pe_langues` SET `actif` = 1 WHERE `iso` = "FR"
2024-10-23 15:32:28;UPDATE `pe_loma` SET `id_lot_pdt_froid` = 30690 ,`test_pdt` = 0 ,`commentaire` = "" ,`date_test` = "2024-10-23 15:32:28" ,`id_user_visa` = 1  WHERE `id` = 2821
2024-10-23 15:32:28;INSERT INTO `pe_validations` (`type`,`id_vue`,`id_liaison`) VALUES (3 ,2 ,2821 )
2024-10-23 15:32:28;INSERT IGNORE INTO `pe_validations_lots` (`id_validation`, `id_lot`, `negoce`) VALUES  (11105, 5693, 0)
2024-10-23 15:32:28;INSERT IGNORE INTO `pe_lot_quantieme` (`id_lot`, `quantieme`) VALUES(5693, "297")
2024-10-23 15:32:30;UPDATE `pe_langues` SET `actif` = 1 WHERE `iso` = "FR"
2024-10-23 15:32:36;UPDATE `pe_langues` SET `actif` = 1 WHERE `iso` = "FR"
2024-10-23 15:33:22;UPDATE `pe_langues` SET `actif` = 1 WHERE `iso` = "FR"
2024-10-23 15:33:31;UPDATE `pe_langues` SET `actif` = 1 WHERE `iso` = "FR"
2024-10-23 15:34:00;UPDATE `pe_langues` SET `actif` = 1 WHERE `iso` = "FR"
2024-10-23 15:34:06;UPDATE `pe_langues` SET `actif` = 1 WHERE `iso` = "FR"
2024-10-23 15:34:18;UPDATE `pe_loma` SET `id_lot_pdt_froid` = 30674 ,`test_pdt` = 0 ,`commentaire` = "" ,`date_test` = "2024-10-23 15:34:18" ,`id_user_visa` = 1  WHERE `id` = 2818
2024-10-23 15:34:18;INSERT INTO `pe_validations` (`type`,`id_vue`,`id_liaison`) VALUES (3 ,2 ,2818 )
2024-10-23 15:34:18;INSERT IGNORE INTO `pe_validations_lots` (`id_validation`, `id_lot`, `negoce`) VALUES  (11106, 5677, 0)
2024-10-23 15:34:18;INSERT IGNORE INTO `pe_lot_quantieme` (`id_lot`, `quantieme`) VALUES(5677, "297")
2024-10-23 15:34:25;UPDATE `pe_langues` SET `actif` = 1 WHERE `iso` = "FR"
2024-10-23 15:34:55;UPDATE `pe_loma` SET `id_lot_pdt_froid` = 30717 ,`test_pdt` = 0 ,`commentaire` = "" ,`date_test` = "2024-10-23 15:34:55" ,`id_user_visa` = 1  WHERE `id` = 2822
2024-10-23 15:34:55;INSERT INTO `pe_validations` (`type`,`id_vue`,`id_liaison`) VALUES (3 ,2 ,2822 )
2024-10-23 15:34:55;INSERT IGNORE INTO `pe_validations_lots` (`id_validation`, `id_lot`, `negoce`) VALUES  (11107, 5695, 0)
2024-10-23 15:34:57;UPDATE `pe_langues` SET `actif` = 1 WHERE `iso` = "FR"
2024-10-23 15:36:30;UPDATE `pe_langues` SET `actif` = 1 WHERE `iso` = "FR"
2024-10-23 15:36:39;UPDATE `pe_langues` SET `actif` = 1 WHERE `iso` = "FR"
2024-10-23 15:36:47;UPDATE `pe_loma` SET `id_lot_pdt_froid` = 30690 ,`test_pdt` = 0 ,`commentaire` = "" ,`date_test` = "2024-10-23 15:36:47" ,`id_user_visa` = 1  WHERE `id` = 2821
2024-10-23 15:36:47;INSERT INTO `pe_validations` (`type`,`id_vue`,`id_liaison`) VALUES (3 ,2 ,2821 )
2024-10-23 15:36:47;INSERT IGNORE INTO `pe_validations_lots` (`id_validation`, `id_lot`, `negoce`) VALUES  (11108, 5693, 0)
2024-10-23 15:36:47;INSERT IGNORE INTO `pe_lot_quantieme` (`id_lot`, `quantieme`) VALUES(5693, "297")
2024-10-23 15:37:00;UPDATE `pe_langues` SET `actif` = 1 WHERE `iso` = "FR"
2024-10-23 15:37:08;UPDATE `pe_langues` SET `actif` = 1 WHERE `iso` = "FR"
2024-10-23 15:37:22;UPDATE `pe_langues` SET `actif` = 1 WHERE `iso` = "FR"
2024-10-23 15:37:29;UPDATE `pe_loma` SET `id_lot_pdt_froid` = 30717 ,`test_pdt` = 0 ,`commentaire` = "" ,`date_test` = "2024-10-23 15:37:29" ,`id_user_visa` = 1  WHERE `id` = 2822
2024-10-23 15:37:29;INSERT INTO `pe_validations` (`type`,`id_vue`,`id_liaison`) VALUES (3 ,2 ,2822 )
2024-10-23 15:37:29;INSERT IGNORE INTO `pe_validations_lots` (`id_validation`, `id_lot`, `negoce`) VALUES  (11109, 5695, 0)
2024-10-23 15:37:32;UPDATE `pe_langues` SET `actif` = 1 WHERE `iso` = "FR"
2024-10-23 15:37:46;UPDATE `pe_langues` SET `actif` = 1 WHERE `iso` = "FR"
2024-10-23 15:37:53;UPDATE `pe_loma` SET `id_lot_pdt_froid` = 30690 ,`test_pdt` = 0 ,`commentaire` = "" ,`date_test` = "2024-10-23 15:37:53" ,`id_user_visa` = 1  WHERE `id` = 2821
2024-10-23 15:37:53;INSERT INTO `pe_validations` (`type`,`id_vue`,`id_liaison`) VALUES (3 ,2 ,2821 )
2024-10-23 15:37:53;INSERT IGNORE INTO `pe_validations_lots` (`id_validation`, `id_lot`, `negoce`) VALUES  (11110, 5693, 0)
2024-10-23 15:37:54;INSERT IGNORE INTO `pe_lot_quantieme` (`id_lot`, `quantieme`) VALUES(5693, "297")
2024-10-23 15:37:56;UPDATE `pe_langues` SET `actif` = 1 WHERE `iso` = "FR"
2024-10-23 15:38:06;UPDATE `pe_loma` SET `id_lot_pdt_froid` = 30674 ,`test_pdt` = 0 ,`commentaire` = "" ,`date_test` = "2024-10-23 15:38:06" ,`id_user_visa` = 1  WHERE `id` = 2818
2024-10-23 15:38:06;INSERT INTO `pe_validations` (`type`,`id_vue`,`id_liaison`) VALUES (3 ,2 ,2818 )
2024-10-23 15:38:06;INSERT IGNORE INTO `pe_validations_lots` (`id_validation`, `id_lot`, `negoce`) VALUES  (11111, 5677, 0)
2024-10-23 15:38:06;INSERT IGNORE INTO `pe_lot_quantieme` (`id_lot`, `quantieme`) VALUES(5677, "297")
2024-10-23 15:38:08;UPDATE `pe_langues` SET `actif` = 1 WHERE `iso` = "FR"
2024-10-23 15:38:23;UPDATE `pe_langues` SET `actif` = 1 WHERE `iso` = "FR"
2024-10-23 15:38:31;UPDATE `pe_loma` SET `id_lot_pdt_froid` = 30674 ,`test_pdt` = 0 ,`commentaire` = "" ,`date_test` = "2024-10-23 15:38:31" ,`id_user_visa` = 1  WHERE `id` = 2818
2024-10-23 15:38:31;INSERT INTO `pe_validations` (`type`,`id_vue`,`id_liaison`) VALUES (3 ,2 ,2818 )
2024-10-23 15:38:31;INSERT IGNORE INTO `pe_validations_lots` (`id_validation`, `id_lot`, `negoce`) VALUES  (11112, 5677, 0)
2024-10-23 15:38:32;INSERT IGNORE INTO `pe_lot_quantieme` (`id_lot`, `quantieme`) VALUES(5677, "297")
2024-10-23 15:38:38;UPDATE `pe_langues` SET `actif` = 1 WHERE `iso` = "FR"
2024-10-23 15:38:46;UPDATE `pe_langues` SET `actif` = 1 WHERE `iso` = "FR"
2024-10-23 15:38:52;UPDATE `pe_langues` SET `actif` = 1 WHERE `iso` = "FR"
2024-10-23 15:39:26;UPDATE `pe_loma` SET `id_lot_pdt_froid` = 30717 ,`test_pdt` = 0 ,`commentaire` = "" ,`date_test` = "2024-10-23 15:39:26" ,`id_user_visa` = 1  WHERE `id` = 2822
2024-10-23 15:39:26;INSERT INTO `pe_validations` (`type`,`id_vue`,`id_liaison`) VALUES (3 ,2 ,2822 )
2024-10-23 15:39:26;INSERT IGNORE INTO `pe_validations_lots` (`id_validation`, `id_lot`, `negoce`) VALUES  (11113, 5695, 0)
2024-10-23 15:40:20;UPDATE `pe_langues` SET `actif` = 1 WHERE `iso` = "FR"
2024-10-23 15:40:28;UPDATE `pe_loma` SET `id_lot_pdt_froid` = 30674 ,`test_pdt` = 0 ,`commentaire` = "" ,`date_test` = "2024-10-23 15:40:28" ,`id_user_visa` = 1  WHERE `id` = 2818
2024-10-23 15:40:28;INSERT INTO `pe_validations` (`type`,`id_vue`,`id_liaison`) VALUES (3 ,2 ,2818 )
2024-10-23 15:40:28;INSERT IGNORE INTO `pe_validations_lots` (`id_validation`, `id_lot`, `negoce`) VALUES  (11114, 5677, 0)
2024-10-23 15:40:28;INSERT IGNORE INTO `pe_lot_quantieme` (`id_lot`, `quantieme`) VALUES(5677, "297")
2024-10-23 15:40:30;UPDATE `pe_langues` SET `actif` = 1 WHERE `iso` = "FR"
2024-10-23 15:40:47;UPDATE `pe_langues` SET `actif` = 1 WHERE `iso` = "FR"
2024-10-23 15:40:55;UPDATE `pe_loma` SET `id_lot_pdt_froid` = 30690 ,`test_pdt` = 0 ,`commentaire` = "" ,`date_test` = "2024-10-23 15:40:55" ,`id_user_visa` = 1  WHERE `id` = 2821
2024-10-23 15:40:55;INSERT INTO `pe_validations` (`type`,`id_vue`,`id_liaison`) VALUES (3 ,2 ,2821 )
2024-10-23 15:40:55;INSERT IGNORE INTO `pe_validations_lots` (`id_validation`, `id_lot`, `negoce`) VALUES  (11115, 5693, 0)
2024-10-23 15:40:55;INSERT IGNORE INTO `pe_lot_quantieme` (`id_lot`, `quantieme`) VALUES(5693, "297")
2024-10-23 15:40:57;UPDATE `pe_langues` SET `actif` = 1 WHERE `iso` = "FR"
2024-10-23 15:41:12;UPDATE `pe_langues` SET `actif` = 1 WHERE `iso` = "FR"
2024-10-23 15:41:22;UPDATE `pe_langues` SET `actif` = 1 WHERE `iso` = "FR"
2024-10-23 15:41:52;UPDATE `pe_loma` SET `id_lot_pdt_froid` = 30717 ,`test_pdt` = 0 ,`commentaire` = "" ,`date_test` = "2024-10-23 15:41:52" ,`id_user_visa` = 1  WHERE `id` = 2822
2024-10-23 15:41:52;INSERT INTO `pe_validations` (`type`,`id_vue`,`id_liaison`) VALUES (3 ,2 ,2822 )
2024-10-23 15:41:52;INSERT IGNORE INTO `pe_validations_lots` (`id_validation`, `id_lot`, `negoce`) VALUES  (11116, 5695, 0)
2024-10-23 15:42:45;UPDATE `pe_langues` SET `actif` = 1 WHERE `iso` = "FR"
2024-10-23 15:42:52;UPDATE `pe_langues` SET `actif` = 1 WHERE `iso` = "FR"
2024-10-23 15:42:59;UPDATE `pe_loma` SET `id_lot_pdt_froid` = 30690 ,`test_pdt` = 0 ,`commentaire` = "" ,`date_test` = "2024-10-23 15:42:59" ,`id_user_visa` = 1  WHERE `id` = 2821
2024-10-23 15:42:59;INSERT INTO `pe_validations` (`type`,`id_vue`,`id_liaison`) VALUES (3 ,2 ,2821 )
2024-10-23 15:42:59;INSERT IGNORE INTO `pe_validations_lots` (`id_validation`, `id_lot`, `negoce`) VALUES  (11117, 5693, 0)
2024-10-23 15:42:59;INSERT IGNORE INTO `pe_lot_quantieme` (`id_lot`, `quantieme`) VALUES(5693, "297")
2024-10-23 15:43:02;UPDATE `pe_langues` SET `actif` = 1 WHERE `iso` = "FR"
2024-10-23 15:44:45;UPDATE `pe_langues` SET `actif` = 1 WHERE `iso` = "FR"
2024-10-23 15:45:04;UPDATE `pe_loma` SET `id_lot_pdt_froid` = 30690 ,`test_pdt` = 0 ,`commentaire` = "" ,`date_test` = "2024-10-23 15:45:04" ,`id_user_visa` = 1  WHERE `id` = 2821
2024-10-23 15:45:04;INSERT INTO `pe_validations` (`type`,`id_vue`,`id_liaison`) VALUES (3 ,2 ,2821 )
2024-10-23 15:45:04;INSERT IGNORE INTO `pe_validations_lots` (`id_validation`, `id_lot`, `negoce`) VALUES  (11118, 5693, 0)
2024-10-23 15:45:04;INSERT IGNORE INTO `pe_lot_quantieme` (`id_lot`, `quantieme`) VALUES(5693, "297")
2024-10-23 15:45:09;UPDATE `pe_langues` SET `actif` = 1 WHERE `iso` = "FR"
2024-10-23 15:47:14;UPDATE `pe_langues` SET `actif` = 1 WHERE `iso` = "FR"
2024-10-23 15:47:24;UPDATE `pe_loma` SET `id_lot_pdt_froid` = 30690 ,`test_pdt` = 0 ,`commentaire` = "" ,`date_test` = "2024-10-23 15:47:24" ,`id_user_visa` = 1  WHERE `id` = 2821
2024-10-23 15:47:24;INSERT INTO `pe_validations` (`type`,`id_vue`,`id_liaison`) VALUES (3 ,2 ,2821 )
2024-10-23 15:47:24;INSERT IGNORE INTO `pe_validations_lots` (`id_validation`, `id_lot`, `negoce`) VALUES  (11119, 5693, 0)
2024-10-23 15:47:24;INSERT IGNORE INTO `pe_lot_quantieme` (`id_lot`, `quantieme`) VALUES(5693, "297")
2024-10-23 15:47:36;UPDATE `pe_langues` SET `actif` = 1 WHERE `iso` = "FR"
2024-10-23 15:47:50;UPDATE `pe_langues` SET `actif` = 1 WHERE `iso` = "FR"
2024-10-23 15:48:00;UPDATE `pe_loma` SET `id_lot_pdt_froid` = 30690 ,`test_pdt` = 0 ,`commentaire` = "" ,`date_test` = "2024-10-23 15:48:00" ,`id_user_visa` = 1  WHERE `id` = 2821
2024-10-23 15:48:00;INSERT INTO `pe_validations` (`type`,`id_vue`,`id_liaison`) VALUES (3 ,2 ,2821 )
2024-10-23 15:48:00;INSERT IGNORE INTO `pe_validations_lots` (`id_validation`, `id_lot`, `negoce`) VALUES  (11120, 5693, 0)
2024-10-23 15:48:00;INSERT IGNORE INTO `pe_lot_quantieme` (`id_lot`, `quantieme`) VALUES(5693, "297")
2024-10-23 15:48:02;UPDATE `pe_langues` SET `actif` = 1 WHERE `iso` = "FR"
2024-10-23 15:48:07;UPDATE `pe_langues` SET `actif` = 1 WHERE `iso` = "FR"
2024-10-23 15:48:19;UPDATE `pe_langues` SET `actif` = 1 WHERE `iso` = "FR"
2024-10-23 15:48:36;UPDATE `pe_langues` SET `actif` = 1 WHERE `iso` = "FR"
2024-10-23 15:48:37;UPDATE `pe_langues` SET `actif` = 1 WHERE `iso` = "FR"
2024-10-23 15:48:46;UPDATE `pe_loma` SET `id_lot_pdt_froid` = 30674 ,`test_pdt` = 0 ,`commentaire` = "" ,`date_test` = "2024-10-23 15:48:46" ,`id_user_visa` = 1  WHERE `id` = 2818
2024-10-23 15:48:46;INSERT INTO `pe_validations` (`type`,`id_vue`,`id_liaison`) VALUES (3 ,2 ,2818 )
2024-10-23 15:48:46;INSERT IGNORE INTO `pe_validations_lots` (`id_validation`, `id_lot`, `negoce`) VALUES  (11121, 5677, 0)
2024-10-23 15:48:46;INSERT IGNORE INTO `pe_lot_quantieme` (`id_lot`, `quantieme`) VALUES(5677, "297")
2024-10-23 15:48:48;UPDATE `pe_langues` SET `actif` = 1 WHERE `iso` = "FR"
2024-10-23 15:49:47;UPDATE `pe_langues` SET `actif` = 1 WHERE `iso` = "FR"
2024-10-23 15:49:55;UPDATE `pe_loma` SET `id_lot_pdt_froid` = 30674 ,`test_pdt` = 0 ,`commentaire` = "" ,`date_test` = "2024-10-23 15:49:55" ,`id_user_visa` = 1  WHERE `id` = 2818
2024-10-23 15:49:55;INSERT INTO `pe_validations` (`type`,`id_vue`,`id_liaison`) VALUES (3 ,2 ,2818 )
2024-10-23 15:49:55;INSERT IGNORE INTO `pe_validations_lots` (`id_validation`, `id_lot`, `negoce`) VALUES  (11122, 5677, 0)
2024-10-23 15:49:55;INSERT IGNORE INTO `pe_lot_quantieme` (`id_lot`, `quantieme`) VALUES(5677, "297")
2024-10-23 15:49:57;UPDATE `pe_langues` SET `actif` = 1 WHERE `iso` = "FR"
2024-10-23 15:50:48;UPDATE `pe_langues` SET `actif` = 1 WHERE `iso` = "FR"
2024-10-23 15:50:57;UPDATE `pe_loma` SET `id_lot_pdt_froid` = 30674 ,`test_pdt` = 0 ,`commentaire` = "" ,`date_test` = "2024-10-23 15:50:57" ,`id_user_visa` = 1  WHERE `id` = 2818
2024-10-23 15:50:57;INSERT INTO `pe_validations` (`type`,`id_vue`,`id_liaison`) VALUES (3 ,2 ,2818 )
2024-10-23 15:50:57;INSERT IGNORE INTO `pe_validations_lots` (`id_validation`, `id_lot`, `negoce`) VALUES  (11123, 5677, 0)
2024-10-23 15:50:57;INSERT IGNORE INTO `pe_lot_quantieme` (`id_lot`, `quantieme`) VALUES(5677, "297")
2024-10-23 15:50:59;UPDATE `pe_langues` SET `actif` = 1 WHERE `iso` = "FR"
2024-10-23 15:51:00;UPDATE `pe_langues` SET `actif` = 1 WHERE `iso` = "FR"
2024-10-23 15:51:09;UPDATE `pe_loma` SET `id_lot_pdt_froid` = 30690 ,`test_pdt` = 0 ,`commentaire` = "" ,`date_test` = "2024-10-23 15:51:09" ,`id_user_visa` = 1  WHERE `id` = 2821
2024-10-23 15:51:09;INSERT INTO `pe_validations` (`type`,`id_vue`,`id_liaison`) VALUES (3 ,2 ,2821 )
2024-10-23 15:51:09;INSERT IGNORE INTO `pe_validations_lots` (`id_validation`, `id_lot`, `negoce`) VALUES  (11124, 5693, 0)
2024-10-23 15:51:09;INSERT IGNORE INTO `pe_lot_quantieme` (`id_lot`, `quantieme`) VALUES(5693, "297")
2024-10-23 15:51:11;UPDATE `pe_langues` SET `actif` = 1 WHERE `iso` = "FR"
2024-10-23 15:51:11;UPDATE `pe_langues` SET `actif` = 1 WHERE `iso` = "FR"
2024-10-23 15:51:46;UPDATE `pe_langues` SET `actif` = 1 WHERE `iso` = "FR"
2024-10-23 15:51:52;UPDATE `pe_langues` SET `actif` = 1 WHERE `iso` = "FR"
2024-10-23 15:51:57;UPDATE `pe_langues` SET `actif` = 1 WHERE `iso` = "FR"
2024-10-23 15:52:06;UPDATE `pe_langues` SET `actif` = 1 WHERE `iso` = "FR"
2024-10-23 15:52:06;UPDATE `pe_langues` SET `actif` = 1 WHERE `iso` = "FR"
2024-10-23 15:52:21;UPDATE `pe_langues` SET `actif` = 1 WHERE `iso` = "FR"
2024-10-23 15:52:27;UPDATE `pe_langues` SET `actif` = 1 WHERE `iso` = "FR"
2024-10-23 15:52:37;UPDATE `pe_langues` SET `actif` = 1 WHERE `iso` = "FR"
2024-10-23 15:52:38;UPDATE `pe_langues` SET `actif` = 1 WHERE `iso` = "FR"
2024-10-23 15:54:40;UPDATE `pe_langues` SET `actif` = 1 WHERE `iso` = "FR"
2024-10-23 15:54:48;UPDATE `pe_langues` SET `actif` = 1 WHERE `iso` = "FR"
2024-10-23 15:54:53;UPDATE `pe_langues` SET `actif` = 1 WHERE `iso` = "FR"
2024-10-23 15:56:10;UPDATE `pe_langues` SET `actif` = 1 WHERE `iso` = "FR"
2024-10-23 15:56:18;UPDATE `pe_loma` SET `id_lot_pdt_froid` = 30717 ,`test_pdt` = 0 ,`commentaire` = "" ,`date_test` = "2024-10-23 15:56:18" ,`id_user_visa` = 1  WHERE `id` = 2822
2024-10-23 15:56:19;INSERT INTO `pe_validations` (`type`,`id_vue`,`id_liaison`) VALUES (3 ,2 ,2822 )
2024-10-23 15:56:19;INSERT IGNORE INTO `pe_validations_lots` (`id_validation`, `id_lot`, `negoce`) VALUES  (11125, 5695, 0)
2024-10-23 15:56:21;UPDATE `pe_langues` SET `actif` = 1 WHERE `iso` = "FR"
2024-10-23 15:56:48;UPDATE `pe_langues` SET `actif` = 1 WHERE `iso` = "FR"
2024-10-23 15:56:54;UPDATE `pe_loma` SET `id_lot_pdt_froid` = 30690 ,`test_pdt` = 0 ,`commentaire` = "" ,`date_test` = "2024-10-23 15:56:54" ,`id_user_visa` = 1  WHERE `id` = 2821
2024-10-23 15:56:54;INSERT INTO `pe_validations` (`type`,`id_vue`,`id_liaison`) VALUES (3 ,2 ,2821 )
2024-10-23 15:56:54;INSERT IGNORE INTO `pe_validations_lots` (`id_validation`, `id_lot`, `negoce`) VALUES  (11126, 5693, 0)
2024-10-23 15:56:54;INSERT IGNORE INTO `pe_lot_quantieme` (`id_lot`, `quantieme`) VALUES(5693, "297")
2024-10-23 15:56:56;UPDATE `pe_langues` SET `actif` = 1 WHERE `iso` = "FR"
2024-10-23 15:57:02;UPDATE `pe_langues` SET `actif` = 1 WHERE `iso` = "FR"
2024-10-23 15:57:11;UPDATE `pe_langues` SET `actif` = 1 WHERE `iso` = "FR"
2024-10-23 15:57:19;UPDATE `pe_loma` SET `id_lot_pdt_froid` = 30690 ,`test_pdt` = 0 ,`commentaire` = "" ,`date_test` = "2024-10-23 15:57:19" ,`id_user_visa` = 1  WHERE `id` = 2821
2024-10-23 15:57:19;INSERT INTO `pe_validations` (`type`,`id_vue`,`id_liaison`) VALUES (3 ,2 ,2821 )
2024-10-23 15:57:19;INSERT IGNORE INTO `pe_validations_lots` (`id_validation`, `id_lot`, `negoce`) VALUES  (11127, 5693, 0)
2024-10-23 15:57:19;INSERT IGNORE INTO `pe_lot_quantieme` (`id_lot`, `quantieme`) VALUES(5693, "297")
2024-10-23 15:57:21;UPDATE `pe_langues` SET `actif` = 1 WHERE `iso` = "FR"
2024-10-23 15:57:41;UPDATE `pe_langues` SET `actif` = 1 WHERE `iso` = "FR"
2024-10-23 15:57:47;UPDATE `pe_langues` SET `actif` = 1 WHERE `iso` = "FR"
2024-10-23 15:57:54;UPDATE `pe_langues` SET `actif` = 1 WHERE `iso` = "FR"
2024-10-23 15:58:00;UPDATE `pe_langues` SET `actif` = 1 WHERE `iso` = "FR"
2024-10-23 15:58:08;UPDATE `pe_langues` SET `actif` = 1 WHERE `iso` = "FR"
2024-10-23 15:58:16;UPDATE `pe_langues` SET `actif` = 1 WHERE `iso` = "FR"
2024-10-23 15:58:17;UPDATE `pe_langues` SET `actif` = 1 WHERE `iso` = "FR"
2024-10-23 15:58:43;UPDATE `pe_langues` SET `actif` = 1 WHERE `iso` = "FR"
2024-10-23 15:58:49;UPDATE `pe_langues` SET `actif` = 1 WHERE `iso` = "FR"
2024-10-23 15:58:56;UPDATE `pe_langues` SET `actif` = 1 WHERE `iso` = "FR"
2024-10-23 15:59:13;UPDATE `pe_langues` SET `actif` = 1 WHERE `iso` = "FR"
2024-10-23 15:59:14;UPDATE `pe_langues` SET `actif` = 1 WHERE `iso` = "FR"
2024-10-23 15:59:41;UPDATE `pe_langues` SET `actif` = 1 WHERE `iso` = "FR"
2024-10-23 15:59:50;UPDATE `pe_langues` SET `actif` = 1 WHERE `iso` = "FR"
2024-10-23 15:59:59;UPDATE `pe_loma` SET `id_lot_pdt_froid` = 30717 ,`test_pdt` = 0 ,`commentaire` = "" ,`date_test` = "2024-10-23 15:59:59" ,`id_user_visa` = 1  WHERE `id` = 2822
2024-10-23 15:59:59;INSERT INTO `pe_validations` (`type`,`id_vue`,`id_liaison`) VALUES (3 ,2 ,2822 )
2024-10-23 15:59:59;INSERT IGNORE INTO `pe_validations_lots` (`id_validation`, `id_lot`, `negoce`) VALUES  (11128, 5695, 0)
2024-10-23 16:00:01;UPDATE `pe_langues` SET `actif` = 1 WHERE `iso` = "FR"
2024-10-23 16:00:01;UPDATE `pe_langues` SET `actif` = 1 WHERE `iso` = "FR"
2024-10-23 16:00:22;UPDATE `pe_loma` SET `id_lot_pdt_froid` = 30717 ,`test_pdt` = 0 ,`commentaire` = "" ,`date_test` = "2024-10-23 16:00:22" ,`id_user_visa` = 1  WHERE `id` = 2822
2024-10-23 16:00:22;INSERT INTO `pe_validations` (`type`,`id_vue`,`id_liaison`) VALUES (3 ,2 ,2822 )
2024-10-23 16:00:22;INSERT IGNORE INTO `pe_validations_lots` (`id_validation`, `id_lot`, `negoce`) VALUES  (11129, 5695, 0)
2024-10-23 16:03:19;UPDATE `pe_langues` SET `actif` = 1 WHERE `iso` = "FR"
2024-10-23 16:03:19;UPDATE `pe_langues` SET `actif` = 1 WHERE `iso` = "FR"
2024-10-23 16:03:25;UPDATE `pe_langues` SET `actif` = 1 WHERE `iso` = "FR"
2024-10-23 16:03:32;UPDATE `pe_langues` SET `actif` = 1 WHERE `iso` = "FR"
2024-10-23 16:03:49;UPDATE `pe_langues` SET `actif` = 1 WHERE `iso` = "FR"
2024-10-23 16:03:56;UPDATE `pe_langues` SET `actif` = 1 WHERE `iso` = "FR"
2024-10-23 16:04:04;UPDATE `pe_langues` SET `actif` = 1 WHERE `iso` = "FR"
2024-10-23 16:04:22;UPDATE `pe_langues` SET `actif` = 1 WHERE `iso` = "FR"
2024-10-23 16:04:41;UPDATE `pe_langues` SET `actif` = 1 WHERE `iso` = "FR"
2024-10-23 16:04:46;UPDATE `pe_langues` SET `actif` = 1 WHERE `iso` = "FR"
2024-10-23 16:04:53;UPDATE `pe_langues` SET `actif` = 1 WHERE `iso` = "FR"
2024-10-23 16:05:00;UPDATE `pe_langues` SET `actif` = 1 WHERE `iso` = "FR"
2024-10-23 16:05:09;UPDATE `pe_langues` SET `actif` = 1 WHERE `iso` = "FR"
2024-10-23 16:05:18;UPDATE `pe_langues` SET `actif` = 1 WHERE `iso` = "FR"
2024-10-23 16:05:34;UPDATE `pe_langues` SET `actif` = 1 WHERE `iso` = "FR"
2024-10-23 16:05:45;UPDATE `pe_langues` SET `actif` = 1 WHERE `iso` = "FR"
2024-10-23 16:05:51;UPDATE `pe_loma` SET `id_lot_pdt_froid` = 30717 ,`test_pdt` = 0 ,`commentaire` = "" ,`date_test` = "2024-10-23 16:05:51" ,`id_user_visa` = 1  WHERE `id` = 2822
2024-10-23 16:05:51;INSERT INTO `pe_validations` (`type`,`id_vue`,`id_liaison`) VALUES (3 ,2 ,2822 )
2024-10-23 16:05:51;INSERT IGNORE INTO `pe_validations_lots` (`id_validation`, `id_lot`, `negoce`) VALUES  (11130, 5695, 0)
2024-10-23 16:06:30;UPDATE `pe_langues` SET `actif` = 1 WHERE `iso` = "FR"
2024-10-23 16:06:53;UPDATE `pe_loma` SET `id_lot_pdt_froid` = 30690 ,`test_pdt` = 0 ,`commentaire` = "" ,`date_test` = "2024-10-23 16:06:53" ,`id_user_visa` = 1  WHERE `id` = 2821
2024-10-23 16:06:53;INSERT INTO `pe_validations` (`type`,`id_vue`,`id_liaison`) VALUES (3 ,2 ,2821 )
2024-10-23 16:06:53;INSERT IGNORE INTO `pe_validations_lots` (`id_validation`, `id_lot`, `negoce`) VALUES  (11131, 5693, 0)
2024-10-23 16:06:54;INSERT IGNORE INTO `pe_lot_quantieme` (`id_lot`, `quantieme`) VALUES(5693, "297")
2024-10-23 16:06:58;UPDATE `pe_langues` SET `actif` = 1 WHERE `iso` = "FR"
2024-10-23 16:07:53;UPDATE `pe_langues` SET `actif` = 1 WHERE `iso` = "FR"
2024-10-23 16:07:58;UPDATE `pe_langues` SET `actif` = 1 WHERE `iso` = "FR"
2024-10-23 16:08:11;UPDATE `pe_loma` SET `id_lot_pdt_froid` = 30690 ,`test_pdt` = 0 ,`commentaire` = "" ,`date_test` = "2024-10-23 16:08:11" ,`id_user_visa` = 1  WHERE `id` = 2821
2024-10-23 16:08:11;INSERT INTO `pe_validations` (`type`,`id_vue`,`id_liaison`) VALUES (3 ,2 ,2821 )
2024-10-23 16:08:11;INSERT IGNORE INTO `pe_validations_lots` (`id_validation`, `id_lot`, `negoce`) VALUES  (11132, 5693, 0)
2024-10-23 16:08:11;INSERT IGNORE INTO `pe_lot_quantieme` (`id_lot`, `quantieme`) VALUES(5693, "297")
2024-10-23 16:08:13;UPDATE `pe_langues` SET `actif` = 1 WHERE `iso` = "FR"
2024-10-23 16:08:13;UPDATE `pe_langues` SET `actif` = 1 WHERE `iso` = "FR"
2024-10-23 16:13:59;UPDATE `pe_loma` SET `id_lot_pdt_froid` = 30717 ,`test_pdt` = 0 ,`commentaire` = "" ,`date_test` = "2024-10-23 16:13:59" ,`id_user_visa` = 1  WHERE `id` = 2822
2024-10-23 16:13:59;INSERT INTO `pe_validations` (`type`,`id_vue`,`id_liaison`) VALUES (3 ,2 ,2822 )
2024-10-23 16:13:59;INSERT IGNORE INTO `pe_validations_lots` (`id_validation`, `id_lot`, `negoce`) VALUES  (11133, 5695, 0)
2024-10-23 16:15:00;UPDATE `pe_langues` SET `actif` = 1 WHERE `iso` = "FR"
2024-10-23 16:15:01;UPDATE `pe_langues` SET `actif` = 1 WHERE `iso` = "FR"
2024-10-23 16:15:08;UPDATE `pe_langues` SET `actif` = 1 WHERE `iso` = "FR"
2024-10-23 16:15:16;UPDATE `pe_langues` SET `actif` = 1 WHERE `iso` = "FR"
2024-10-23 16:15:33;UPDATE `pe_langues` SET `actif` = 1 WHERE `iso` = "FR"
2024-10-23 16:17:29;UPDATE `pe_langues` SET `actif` = 1 WHERE `iso` = "FR"
2024-10-23 16:17:58;UPDATE `pe_langues` SET `actif` = 1 WHERE `iso` = "FR"
2024-10-23 16:18:06;UPDATE `pe_langues` SET `actif` = 1 WHERE `iso` = "FR"
2024-10-23 16:18:34;UPDATE `pe_langues` SET `actif` = 1 WHERE `iso` = "FR"
2024-10-23 16:19:10;UPDATE `pe_langues` SET `actif` = 1 WHERE `iso` = "FR"
2024-10-23 16:19:18;UPDATE `pe_langues` SET `actif` = 1 WHERE `iso` = "FR"
2024-10-23 16:19:38;UPDATE `pe_langues` SET `actif` = 1 WHERE `iso` = "FR"
2024-10-23 16:19:44;UPDATE `pe_langues` SET `actif` = 1 WHERE `iso` = "FR"
2024-10-23 16:21:10;UPDATE `pe_langues` SET `actif` = 1 WHERE `iso` = "FR"
2024-10-23 16:21:34;UPDATE `pe_langues` SET `actif` = 1 WHERE `iso` = "FR"
2024-10-23 16:21:46;UPDATE `pe_langues` SET `actif` = 1 WHERE `iso` = "FR"
2024-10-23 16:22:24;UPDATE `pe_langues` SET `actif` = 1 WHERE `iso` = "FR"
2024-10-23 16:22:25;UPDATE `pe_langues` SET `actif` = 1 WHERE `iso` = "FR"
2024-10-23 16:22:25;UPDATE `pe_langues` SET `actif` = 1 WHERE `iso` = "FR"
2024-10-23 16:22:32;UPDATE `pe_langues` SET `actif` = 1 WHERE `iso` = "FR"
2024-10-23 16:22:40;UPDATE `pe_langues` SET `actif` = 1 WHERE `iso` = "FR"
2024-10-23 16:23:12;UPDATE `pe_langues` SET `actif` = 1 WHERE `iso` = "FR"
2024-10-23 16:23:18;UPDATE `pe_loma` SET `id_lot_pdt_froid` = 30717 ,`test_pdt` = 0 ,`commentaire` = "" ,`date_test` = "2024-10-23 16:23:18" ,`id_user_visa` = 1  WHERE `id` = 2822
2024-10-23 16:23:18;INSERT INTO `pe_validations` (`type`,`id_vue`,`id_liaison`) VALUES (3 ,2 ,2822 )
2024-10-23 16:23:18;INSERT IGNORE INTO `pe_validations_lots` (`id_validation`, `id_lot`, `negoce`) VALUES  (11134, 5695, 0)
2024-10-23 16:23:20;UPDATE `pe_langues` SET `actif` = 1 WHERE `iso` = "FR"
2024-10-23 16:24:28;UPDATE `pe_langues` SET `actif` = 1 WHERE `iso` = "FR"
2024-10-23 16:24:45;UPDATE `pe_langues` SET `actif` = 1 WHERE `iso` = "FR"
2024-10-23 16:25:14;UPDATE `pe_langues` SET `actif` = 1 WHERE `iso` = "FR"
2024-10-23 16:25:15;UPDATE `pe_langues` SET `actif` = 1 WHERE `iso` = "FR"
2024-10-23 16:26:33;UPDATE `pe_langues` SET `actif` = 1 WHERE `iso` = "FR"
2024-10-23 16:26:59;UPDATE `pe_langues` SET `actif` = 1 WHERE `iso` = "FR"
2024-10-23 16:27:58;UPDATE `pe_langues` SET `actif` = 1 WHERE `iso` = "FR"
2024-10-23 16:27:58;UPDATE `pe_consommables` SET `id_precedent` = 0, `date_upd` = null WHERE `date_upd` < CURDATE()
2024-10-23 16:28:01;UPDATE `pe_langues` SET `actif` = 1 WHERE `iso` = "FR"
2024-10-23 16:28:13;UPDATE `pe_langues` SET `actif` = 1 WHERE `iso` = "FR"
2024-10-23 16:28:17;UPDATE `pe_langues` SET `actif` = 1 WHERE `iso` = "FR"
2024-10-23 16:28:21;UPDATE `pe_langues` SET `actif` = 1 WHERE `iso` = "FR"
2024-10-23 16:28:38;UPDATE `pe_langues` SET `actif` = 1 WHERE `iso` = "FR"
2024-10-23 16:29:13;UPDATE `pe_langues` SET `actif` = 1 WHERE `iso` = "FR"
2024-10-23 16:30:15;UPDATE `pe_langues` SET `actif` = 1 WHERE `iso` = "FR"
2024-10-23 16:30:38;UPDATE `pe_langues` SET `actif` = 1 WHERE `iso` = "FR"
2024-10-23 16:30:42;UPDATE `pe_langues` SET `actif` = 1 WHERE `iso` = "FR"
2024-10-23 16:31:49;UPDATE `pe_langues` SET `actif` = 1 WHERE `iso` = "FR"
2024-10-23 16:32:24;UPDATE `pe_langues` SET `actif` = 1 WHERE `iso` = "FR"
2024-10-23 16:32:33;UPDATE `pe_langues` SET `actif` = 1 WHERE `iso` = "FR"
2024-10-23 16:33:17;UPDATE `pe_langues` SET `actif` = 1 WHERE `iso` = "FR"
2024-10-23 16:34:30;UPDATE `pe_langues` SET `actif` = 1 WHERE `iso` = "FR"
2024-10-23 16:34:38;UPDATE `pe_loma` SET `id_lot_pdt_froid` = 30717 ,`test_pdt` = 0 ,`commentaire` = "" ,`date_test` = "2024-10-23 16:34:38" ,`id_user_visa` = 1  WHERE `id` = 2822
2024-10-23 16:34:38;INSERT INTO `pe_validations` (`type`,`id_vue`,`id_liaison`) VALUES (3 ,2 ,2822 )
2024-10-23 16:34:38;INSERT IGNORE INTO `pe_validations_lots` (`id_validation`, `id_lot`, `negoce`) VALUES  (11135, 5695, 0)
2024-10-23 16:35:28;UPDATE `pe_langues` SET `actif` = 1 WHERE `iso` = "FR"
2024-10-23 16:35:47;UPDATE `pe_loma` SET `id_lot_pdt_froid` = 30717 ,`test_pdt` = 0 ,`commentaire` = "" ,`date_test` = "2024-10-23 16:35:47" ,`id_user_visa` = 1  WHERE `id` = 2822
2024-10-23 16:35:47;INSERT INTO `pe_validations` (`type`,`id_vue`,`id_liaison`) VALUES (3 ,2 ,2822 )
2024-10-23 16:35:47;INSERT IGNORE INTO `pe_validations_lots` (`id_validation`, `id_lot`, `negoce`) VALUES  (11136, 5695, 0)
2024-10-23 16:37:05;UPDATE `pe_langues` SET `actif` = 1 WHERE `iso` = "FR"
2024-10-23 16:37:14;UPDATE `pe_loma` SET `id_lot_pdt_froid` = 30717 ,`test_pdt` = 0 ,`commentaire` = "" ,`date_test` = "2024-10-23 16:37:14" ,`id_user_visa` = 1  WHERE `id` = 2822
2024-10-23 16:37:14;INSERT INTO `pe_validations` (`type`,`id_vue`,`id_liaison`) VALUES (3 ,2 ,2822 )
2024-10-23 16:37:14;INSERT IGNORE INTO `pe_validations_lots` (`id_validation`, `id_lot`, `negoce`) VALUES  (11137, 5695, 0)
2024-10-23 16:37:15;UPDATE `pe_langues` SET `actif` = 1 WHERE `iso` = "FR"
2024-10-23 16:37:16;UPDATE `pe_langues` SET `actif` = 1 WHERE `iso` = "FR"
2024-10-23 16:37:46;UPDATE `pe_langues` SET `actif` = 1 WHERE `iso` = "FR"
2024-10-23 16:37:56;UPDATE `pe_langues` SET `actif` = 1 WHERE `iso` = "FR"
2024-10-23 16:37:56;UPDATE `pe_langues` SET `actif` = 1 WHERE `iso` = "FR"
2024-10-23 16:38:21;UPDATE `pe_langues` SET `actif` = 1 WHERE `iso` = "FR"
2024-10-23 16:38:25;UPDATE `pe_langues` SET `actif` = 1 WHERE `iso` = "FR"
2024-10-23 16:38:33;UPDATE `pe_loma` SET `id_lot_pdt_froid` = 30690 ,`test_pdt` = 0 ,`commentaire` = "" ,`date_test` = "2024-10-23 16:38:33" ,`id_user_visa` = 1  WHERE `id` = 2821
2024-10-23 16:38:33;INSERT INTO `pe_validations` (`type`,`id_vue`,`id_liaison`) VALUES (3 ,2 ,2821 )
2024-10-23 16:38:33;INSERT IGNORE INTO `pe_validations_lots` (`id_validation`, `id_lot`, `negoce`) VALUES  (11138, 5693, 0)
2024-10-23 16:38:33;INSERT IGNORE INTO `pe_lot_quantieme` (`id_lot`, `quantieme`) VALUES(5693, "297")
2024-10-23 16:38:36;UPDATE `pe_langues` SET `actif` = 1 WHERE `iso` = "FR"
2024-10-23 16:38:36;UPDATE `pe_langues` SET `actif` = 1 WHERE `iso` = "FR"
2024-10-23 16:39:12;UPDATE `pe_langues` SET `actif` = 1 WHERE `iso` = "FR"
2024-10-23 16:39:13;UPDATE `pe_langues` SET `actif` = 1 WHERE `iso` = "FR"
2024-10-23 16:39:48;UPDATE `pe_langues` SET `actif` = 1 WHERE `iso` = "FR"
2024-10-23 16:39:56;UPDATE `pe_langues` SET `actif` = 1 WHERE `iso` = "FR"
2024-10-23 16:39:56;UPDATE `pe_langues` SET `actif` = 1 WHERE `iso` = "FR"
2024-10-23 16:40:16;UPDATE `pe_langues` SET `actif` = 1 WHERE `iso` = "FR"
2024-10-23 16:40:16;UPDATE `pe_langues` SET `actif` = 1 WHERE `iso` = "FR"
2024-10-23 16:40:24;UPDATE `pe_loma` SET `id_lot_pdt_froid` = 30690 ,`test_pdt` = 0 ,`commentaire` = "" ,`date_test` = "2024-10-23 16:40:24" ,`id_user_visa` = 1  WHERE `id` = 2821
2024-10-23 16:40:24;INSERT INTO `pe_validations` (`type`,`id_vue`,`id_liaison`) VALUES (3 ,2 ,2821 )
2024-10-23 16:40:24;INSERT IGNORE INTO `pe_validations_lots` (`id_validation`, `id_lot`, `negoce`) VALUES  (11139, 5693, 0)
2024-10-23 16:40:24;INSERT IGNORE INTO `pe_lot_quantieme` (`id_lot`, `quantieme`) VALUES(5693, "297")
2024-10-23 16:40:26;UPDATE `pe_langues` SET `actif` = 1 WHERE `iso` = "FR"
2024-10-23 16:40:27;UPDATE `pe_langues` SET `actif` = 1 WHERE `iso` = "FR"
2024-10-23 16:41:33;UPDATE `pe_langues` SET `actif` = 1 WHERE `iso` = "FR"
2024-10-23 16:41:44;UPDATE `pe_langues` SET `actif` = 1 WHERE `iso` = "FR"
2024-10-23 16:41:45;UPDATE `pe_langues` SET `actif` = 1 WHERE `iso` = "FR"
2024-10-23 16:42:16;UPDATE `pe_langues` SET `actif` = 1 WHERE `iso` = "FR"
2024-10-23 16:42:16;UPDATE `pe_langues` SET `actif` = 1 WHERE `iso` = "FR"
2024-10-23 16:53:02;UPDATE `pe_langues` SET `actif` = 1 WHERE `iso` = "FR"
2024-10-23 16:53:11;UPDATE `pe_langues` SET `actif` = 1 WHERE `iso` = "FR"
2024-10-23 16:53:12;UPDATE `pe_langues` SET `actif` = 1 WHERE `iso` = "FR"
2024-10-23 16:53:24;UPDATE `pe_langues` SET `actif` = 1 WHERE `iso` = "FR"
2024-10-23 16:53:25;UPDATE `pe_langues` SET `actif` = 1 WHERE `iso` = "FR"
2024-10-23 16:53:44;UPDATE `pe_langues` SET `actif` = 1 WHERE `iso` = "FR"
2024-10-23 16:54:16;UPDATE `pe_langues` SET `actif` = 1 WHERE `iso` = "FR"
2024-10-23 16:54:24;UPDATE `pe_langues` SET `actif` = 1 WHERE `iso` = "FR"
2024-10-23 16:54:25;UPDATE `pe_langues` SET `actif` = 1 WHERE `iso` = "FR"
2024-10-23 16:55:22;UPDATE `pe_langues` SET `actif` = 1 WHERE `iso` = "FR"
2024-10-23 16:55:30;UPDATE `pe_loma` SET `id_lot_pdt_froid` = 30717 ,`test_pdt` = 0 ,`commentaire` = "" ,`date_test` = "2024-10-23 16:55:30" ,`id_user_visa` = 1  WHERE `id` = 2822
2024-10-23 16:55:30;INSERT INTO `pe_validations` (`type`,`id_vue`,`id_liaison`) VALUES (3 ,2 ,2822 )
2024-10-23 16:55:30;INSERT IGNORE INTO `pe_validations_lots` (`id_validation`, `id_lot`, `negoce`) VALUES  (11140, 5695, 0)
2024-10-23 16:55:57;UPDATE `pe_langues` SET `actif` = 1 WHERE `iso` = "FR"
2024-10-23 16:55:58;UPDATE `pe_langues` SET `actif` = 1 WHERE `iso` = "FR"
2024-10-23 16:56:23;UPDATE `pe_langues` SET `actif` = 1 WHERE `iso` = "FR"
2024-10-23 16:56:24;UPDATE `pe_langues` SET `actif` = 1 WHERE `iso` = "FR"
2024-10-23 16:56:39;UPDATE `pe_langues` SET `actif` = 1 WHERE `iso` = "FR"
2024-10-23 16:57:11;UPDATE `pe_langues` SET `actif` = 1 WHERE `iso` = "FR"
2024-10-23 16:57:12;UPDATE `pe_langues` SET `actif` = 1 WHERE `iso` = "FR"
2024-10-23 16:57:20;UPDATE `pe_langues` SET `actif` = 1 WHERE `iso` = "FR"
2024-10-23 16:57:21;UPDATE `pe_langues` SET `actif` = 1 WHERE `iso` = "FR"
2024-10-23 16:57:33;UPDATE `pe_langues` SET `actif` = 1 WHERE `iso` = "FR"
2024-10-23 16:57:39;UPDATE `pe_langues` SET `actif` = 1 WHERE `iso` = "FR"
2024-10-23 16:57:47;UPDATE `pe_loma` SET `id_lot_pdt_froid` = 30717 ,`test_pdt` = 0 ,`commentaire` = "" ,`date_test` = "2024-10-23 16:57:47" ,`id_user_visa` = 1  WHERE `id` = 2822
2024-10-23 16:57:47;INSERT INTO `pe_validations` (`type`,`id_vue`,`id_liaison`) VALUES (3 ,2 ,2822 )
2024-10-23 16:57:47;INSERT IGNORE INTO `pe_validations_lots` (`id_validation`, `id_lot`, `negoce`) VALUES  (11141, 5695, 0)
2024-10-23 16:57:49;UPDATE `pe_langues` SET `actif` = 1 WHERE `iso` = "FR"
2024-10-23 16:57:50;UPDATE `pe_langues` SET `actif` = 1 WHERE `iso` = "FR"
2024-10-23 16:58:03;UPDATE `pe_langues` SET `actif` = 1 WHERE `iso` = "FR"
2024-10-23 16:58:32;UPDATE `pe_langues` SET `actif` = 1 WHERE `iso` = "FR"
2024-10-23 16:58:43;UPDATE `pe_langues` SET `actif` = 1 WHERE `iso` = "FR"
2024-10-23 16:58:44;UPDATE `pe_langues` SET `actif` = 1 WHERE `iso` = "FR"
2024-10-23 16:59:06;UPDATE `pe_langues` SET `actif` = 1 WHERE `iso` = "FR"
2024-10-23 16:59:53;UPDATE `pe_langues` SET `actif` = 1 WHERE `iso` = "FR"
2024-10-23 16:59:53;UPDATE `pe_langues` SET `actif` = 1 WHERE `iso` = "FR"
2024-10-23 17:00:03;UPDATE `pe_langues` SET `actif` = 1 WHERE `iso` = "FR"
2024-10-23 17:00:03;UPDATE `pe_langues` SET `actif` = 1 WHERE `iso` = "FR"
2024-10-23 17:00:12;UPDATE `pe_langues` SET `actif` = 1 WHERE `iso` = "FR"
2024-10-23 17:00:34;UPDATE `pe_langues` SET `actif` = 1 WHERE `iso` = "FR"
2024-10-23 17:00:42;UPDATE `pe_loma` SET `id_lot_pdt_froid` = 30717 ,`test_pdt` = 0 ,`commentaire` = "" ,`date_test` = "2024-10-23 17:00:42" ,`id_user_visa` = 1  WHERE `id` = 2822
2024-10-23 17:00:42;INSERT INTO `pe_validations` (`type`,`id_vue`,`id_liaison`) VALUES (3 ,2 ,2822 )
2024-10-23 17:00:42;INSERT IGNORE INTO `pe_validations_lots` (`id_validation`, `id_lot`, `negoce`) VALUES  (11142, 5695, 0)
2024-10-23 17:00:44;UPDATE `pe_langues` SET `actif` = 1 WHERE `iso` = "FR"
2024-10-23 17:01:01;UPDATE `pe_langues` SET `actif` = 1 WHERE `iso` = "FR"
2024-10-23 17:01:05;UPDATE `pe_langues` SET `actif` = 1 WHERE `iso` = "FR"
2024-10-23 17:01:21;UPDATE `pe_langues` SET `actif` = 1 WHERE `iso` = "FR"
2024-10-23 17:01:39;UPDATE `pe_langues` SET `actif` = 1 WHERE `iso` = "FR"
2024-10-23 17:01:44;UPDATE `pe_langues` SET `actif` = 1 WHERE `iso` = "FR"
2024-10-23 17:01:54;UPDATE `pe_langues` SET `actif` = 1 WHERE `iso` = "FR"
2024-10-23 17:02:51;UPDATE `pe_langues` SET `actif` = 1 WHERE `iso` = "FR"
2024-10-23 17:03:00;UPDATE `pe_langues` SET `actif` = 1 WHERE `iso` = "FR"
2024-10-23 17:03:34;UPDATE `pe_langues` SET `actif` = 1 WHERE `iso` = "FR"
2024-10-23 17:03:38;UPDATE `pe_langues` SET `actif` = 1 WHERE `iso` = "FR"
2024-10-23 17:03:45;UPDATE `pe_langues` SET `actif` = 1 WHERE `iso` = "FR"
2024-10-23 17:03:54;UPDATE `pe_langues` SET `actif` = 1 WHERE `iso` = "FR"
2024-10-23 17:04:33;UPDATE `pe_langues` SET `actif` = 1 WHERE `iso` = "FR"
2024-10-23 17:04:49;UPDATE `pe_langues` SET `actif` = 1 WHERE `iso` = "FR"
2024-10-23 17:04:49;UPDATE `pe_langues` SET `actif` = 1 WHERE `iso` = "FR"
2024-10-23 17:08:54;UPDATE `pe_langues` SET `actif` = 1 WHERE `iso` = "FR"
2024-10-23 17:09:09;UPDATE `pe_loma` SET `id_lot_pdt_froid` = 30717 ,`test_pdt` = 0 ,`commentaire` = "" ,`date_test` = "2024-10-23 17:09:09" ,`id_user_visa` = 1  WHERE `id` = 2822
2024-10-23 17:09:09;INSERT INTO `pe_validations` (`type`,`id_vue`,`id_liaison`) VALUES (3 ,2 ,2822 )
2024-10-23 17:09:09;INSERT IGNORE INTO `pe_validations_lots` (`id_validation`, `id_lot`, `negoce`) VALUES  (11143, 5695, 0)
2024-10-23 17:09:11;UPDATE `pe_langues` SET `actif` = 1 WHERE `iso` = "FR"
2024-10-23 17:09:12;UPDATE `pe_langues` SET `actif` = 1 WHERE `iso` = "FR"
2024-10-23 17:09:40;UPDATE `pe_langues` SET `actif` = 1 WHERE `iso` = "FR"
2024-10-23 17:09:55;UPDATE `pe_langues` SET `actif` = 1 WHERE `iso` = "FR"
2024-10-23 17:09:56;UPDATE `pe_langues` SET `actif` = 1 WHERE `iso` = "FR"
2024-10-23 17:10:04;UPDATE `pe_langues` SET `actif` = 1 WHERE `iso` = "FR"
2024-10-23 17:10:05;UPDATE `pe_langues` SET `actif` = 1 WHERE `iso` = "FR"
2024-10-23 17:10:36;UPDATE `pe_langues` SET `actif` = 1 WHERE `iso` = "FR"
2024-10-23 17:10:40;UPDATE `pe_langues` SET `actif` = 1 WHERE `iso` = "FR"
2024-10-23 17:10:50;UPDATE `pe_langues` SET `actif` = 1 WHERE `iso` = "FR"
2024-10-23 17:10:51;UPDATE `pe_langues` SET `actif` = 1 WHERE `iso` = "FR"
