2024-10-14 10:59:05;UPDATE `pe_langues` SET `actif` = 1 WHERE `iso` = "FR"
2024-10-14 10:59:05;UPDATE `pe_consommables` SET `id_precedent` = 0, `date_upd` = null WHERE `date_upd` < CURDATE()
2024-10-14 11:07:44;UPDATE `pe_langues` SET `actif` = 1 WHERE `iso` = "FR"
2024-10-14 11:07:44;UPDATE `pe_consommables` SET `id_precedent` = 0, `date_upd` = null WHERE `date_upd` < CURDATE()
2024-10-14 11:07:55;UPDATE `pe_langues` SET `actif` = 1 WHERE `iso` = "FR"
2024-10-14 11:07:55;UPDATE `pe_consommables` SET `id_precedent` = 0, `date_upd` = null WHERE `date_upd` < CURDATE()
2024-10-14 11:08:03;UPDATE `pe_langues` SET `actif` = 1 WHERE `iso` = "FR"
2024-10-14 11:08:03;UPDATE `pe_consommables` SET `id_precedent` = 0, `date_upd` = null WHERE `date_upd` < CURDATE()
2024-10-14 11:08:08;UPDATE `pe_bl` SET `supprime` = 1 WHERE `id` IN (1,3,4,9,10,40,42,51,53,65,72,80,81,84,85,86,88,93,96,108,111,112,139,140,147,150,160,168,173,174,176,182,191,195,196,199,202,203,211,236,237,247,248,251,252,274,275,276,282,284,285,287,298,301,307,308,310,311,336,343,366,367,379,380,401,402,403,404,407,409,411,502,510,512,521,527,534,568,569,641,691,692,715,716,717,718,719,720,721,722,730,731,797,856,957,1038,1040,1041,1062,1087,1101,1110,1125,1142,1143,1144,1243,1343,1378,1514,1533,1565,1571,1642,1676,1771,1814,1832,1860,1881,1929,1943,1992,2004,2039,2040,2041,2042,2106,2132,2133,2145,2146,2184,2195,2197,2201,2205,2210,2216,2223,2230,2238,2275,2290,2304,2318,2354,2508,2529,2584,2585,2588,2646,2681,2687,2692,2694,2706,2713,2714,2911,3003,3007,3042,3062,3080,3081,3098,3155,3204,3215,3267,3271,3273,3360,3449,3464,3479,3526,3615,3635,3643,3653,3688,3706,3707,3711,3794,3804,3888,3965,3982,3983,4112,4209,4223,4232,4233,4307,4308,4336,4439,4463,4472,4473,4474,4514,4526,4530,4531,4557,4568,4679,4703,4711,4713,4720,4737,4816,4976,5054,5083,5095,5124,5150,5253,5295,5334,5376,5411,5413,5415,5423,5481,5486,5492,5554,5631,5632,5669,5689,5714,5812,5874,5914,5941,5948,6004,6068,6118,6121,6160,6163,6260,6322,6379,6464,6506,6570,6608,6712,6780,6799,6800,6926,7004,7256,7369,7575,7610,7641,7713,7747,7749,7849,7856,8026,8028,8035,8041,8043,8046,8061,8092,8181,8254,8257,8259,8337,8339,8340,8341,8342,8343,8344,8345,8346,8347,8348,8349,8350,8351,8352,8353,8355,8356,8359,8360,8361,8362,8363,8364,8365,8370,8371,8375,8377,8380)
2024-10-14 11:09:40;UPDATE `pe_bl` SET `num_cmd` = "kipi" ,`date` = "2024-10-11" ,`id_tiers_facturation` = 70 ,`id_tiers_livraison` = 70 ,`id_adresse_livraison` = 69 ,`id_tiers_transporteur` = 238 ,`date_livraison` = "2024-10-11"  WHERE id = 8385
2024-10-14 11:09:40;UPDATE `pe_bl_lignes` SET `qte` = 1 ,`id_palette` = 2546 ,`id_produit` = 356 ,`id_produit_bl` = 0 ,`id_lot` = 5811 ,`numlot` = "242939FDN" ,`poids` = 20 ,`nb_colis` = 2 ,`pu_ht` = 100 ,`tva` = 5.5 ,`id_pays` = 18  WHERE `id` = 76034
2024-10-14 11:09:40;UPDATE `pe_bl_lignes` SET `qte` = 1 ,`id_palette` = 2546 ,`id_produit` = 356 ,`id_produit_bl` = 0 ,`id_lot` = 5811 ,`numlot` = "242939FDN" ,`poids` = 20 ,`nb_colis` = 2 ,`pu_ht` = 100 ,`tva` = 5.5 ,`id_pays` = 18  WHERE `id` = 76035
2024-10-14 11:09:40;UPDATE `pe_bl_lignes` SET `qte` = 1 ,`id_palette` = 2546 ,`id_produit` = 356 ,`id_produit_bl` = 0 ,`id_lot` = 5811 ,`numlot` = "242939FDN" ,`poids` = 15 ,`nb_colis` = 10 ,`pu_ht` = 100 ,`tva` = 5.5 ,`id_pays` = 18  WHERE `id` = 76036
2024-10-14 11:09:40;UPDATE `pe_bl_lignes` SET `id_palette` = 10604 ,`id_produit` = 422 ,`id_produit_bl` = 0 ,`id_lot` = 5811 ,`numlot` = "242939FDN" ,`poids` = 10 ,`nb_colis` = 2 ,`qte` = 1 ,`pu_ht` = 50 ,`tva` = 5.5 ,`id_pays` = 18  WHERE `id` = 76037
2024-10-14 11:09:40;UPDATE `pe_bl_lignes` SET `id_palette` = 10604 ,`id_produit` = 422 ,`id_produit_bl` = 0 ,`id_lot` = 5811 ,`numlot` = "242939FDN" ,`poids` = 15 ,`nb_colis` = 10 ,`qte` = 1 ,`pu_ht` = 50 ,`tva` = 5.5 ,`id_pays` = 18  WHERE `id` = 76038
2024-10-14 11:09:40;UPDATE `pe_bl_lignes` SET `id_palette` = 10604 ,`id_produit` = 422 ,`id_produit_bl` = 0 ,`id_lot` = 5811 ,`numlot` = "242939FDN" ,`poids` = 10 ,`nb_colis` = 1 ,`qte` = 1 ,`pu_ht` = 50 ,`tva` = 5.5 ,`id_pays` = 18  WHERE `id` = 76039
2024-10-14 11:09:40;UPDATE `pe_tiers` SET `id_langue` = 1  WHERE `id` = 70
2024-10-14 11:09:40;UPDATE `pe_tiers_types` SET `id_famille` = 0 WHERE `id_tiers` = 70
2024-10-14 11:09:40;UPDATE `pe_bl` SET `num_cmd` = "kipi" ,`date` = "2024-10-11" ,`id_tiers_facturation` = 70 ,`id_tiers_livraison` = 70 ,`id_adresse_livraison` = 69 ,`id_tiers_transporteur` = 238 ,`date_livraison` = "2024-10-11" ,`chiffrage` = 0  WHERE id = 8385
2024-10-14 11:09:41;UPDATE `pe_bl` SET `num_cmd` = "kipi" ,`date` = "2024-10-11" ,`id_tiers_facturation` = 70 ,`id_tiers_livraison` = 70 ,`id_adresse_livraison` = 69 ,`id_tiers_transporteur` = 238 ,`date_livraison` = "2024-10-11" ,`chiffrage` = 0 ,`statut` = 2 ,`supprime` = 0  WHERE id = 8385
2024-10-14 11:09:41;UPDATE `pe_palette_composition` SET `supprime` = 1, `archive` = 1 WHERE `id` IN (88876,88877,88878,88879,88880,88881)
2024-10-14 11:09:41;UPDATE `pe_bl` SET `date_envoi` = NULL WHERE `id` = 8385
2024-10-14 11:20:01;UPDATE `pe_bl` SET `supprime` = 1 WHERE `id` IN (1,3,4,9,10,40,42,51,53,65,72,80,81,84,85,86,88,93,96,108,111,112,139,140,147,150,160,168,173,174,176,182,191,195,196,199,202,203,211,236,237,247,248,251,252,274,275,276,282,284,285,287,298,301,307,308,310,311,336,343,366,367,379,380,401,402,403,404,407,409,411,502,510,512,521,527,534,568,569,641,691,692,715,716,717,718,719,720,721,722,730,731,797,856,957,1038,1040,1041,1062,1087,1101,1110,1125,1142,1143,1144,1243,1343,1378,1514,1533,1565,1571,1642,1676,1771,1814,1832,1860,1881,1929,1943,1992,2004,2039,2040,2041,2042,2106,2132,2133,2145,2146,2184,2195,2197,2201,2205,2210,2216,2223,2230,2238,2275,2290,2304,2318,2354,2508,2529,2584,2585,2588,2646,2681,2687,2692,2694,2706,2713,2714,2911,3003,3007,3042,3062,3080,3081,3098,3155,3204,3215,3267,3271,3273,3360,3449,3464,3479,3526,3615,3635,3643,3653,3688,3706,3707,3711,3794,3804,3888,3965,3982,3983,4112,4209,4223,4232,4233,4307,4308,4336,4439,4463,4472,4473,4474,4514,4526,4530,4531,4557,4568,4679,4703,4711,4713,4720,4737,4816,4976,5054,5083,5095,5124,5150,5253,5295,5334,5376,5411,5413,5415,5423,5481,5486,5492,5554,5631,5632,5669,5689,5714,5812,5874,5914,5941,5948,6004,6068,6118,6121,6160,6163,6260,6322,6379,6464,6506,6570,6608,6712,6780,6799,6800,6926,7004,7256,7369,7575,7610,7641,7713,7747,7749,7849,7856,8026,8028,8035,8041,8043,8046,8061,8092,8181,8254,8257,8259,8337,8339,8340,8341,8342,8343,8344,8345,8346,8347,8348,8349,8350,8351,8352,8353,8355,8356,8359,8360,8361,8362,8363,8364,8365,8370,8371,8375,8377,8380)
2024-10-14 11:21:35;UPDATE `pe_bl` SET `num_cmd` = "kilo" ,`date` = "2024-10-11" ,`id_tiers_facturation` = 4 ,`id_tiers_livraison` = 425 ,`id_adresse_livraison` = 655 ,`id_tiers_transporteur` = 146 ,`date_livraison` = "2024-10-12"  WHERE id = 8383
2024-10-14 11:21:35;UPDATE `pe_bl_lignes` SET `qte` = 1 ,`id_palette` = 7882 ,`id_produit` = 269 ,`id_produit_bl` = 0 ,`id_lot` = 5811 ,`numlot` = "242939FDN" ,`poids` = 100 ,`nb_colis` = 2 ,`pu_ht` = 100 ,`tva` = 5.5 ,`id_pays` = 18  WHERE `id` = 76029
2024-10-14 11:21:35;UPDATE `pe_tiers` SET `id_langue` = 1  WHERE `id` = 425
2024-10-14 11:21:35;UPDATE `pe_tiers_types` SET `id_famille` = 0 WHERE `id_tiers` = 425
2024-10-14 11:21:35;UPDATE `pe_bl` SET `num_cmd` = "kilo" ,`date` = "2024-10-11" ,`id_tiers_facturation` = 4 ,`id_tiers_livraison` = 425 ,`id_adresse_livraison` = 655 ,`id_tiers_transporteur` = 146 ,`date_livraison` = "2024-10-12" ,`chiffrage` = 0  WHERE id = 8383
2024-10-14 11:21:35;UPDATE `pe_bl` SET `num_cmd` = "kilo" ,`date` = "2024-10-11" ,`id_tiers_facturation` = 4 ,`id_tiers_livraison` = 425 ,`id_adresse_livraison` = 655 ,`id_tiers_transporteur` = 146 ,`date_livraison` = "2024-10-12" ,`chiffrage` = 0 ,`statut` = 2 ,`supprime` = 0  WHERE id = 8383
2024-10-14 11:21:35;UPDATE `pe_palette_composition` SET `supprime` = 1, `archive` = 1 WHERE `id` IN (88871)
2024-10-14 11:21:35;UPDATE `pe_bl` SET `date_envoi` = NULL WHERE `id` = 8383
2024-10-14 11:21:54;UPDATE `pe_bl` SET `supprime` = 1 WHERE `id` IN (1,3,4,9,10,40,42,51,53,65,72,80,81,84,85,86,88,93,96,108,111,112,139,140,147,150,160,168,173,174,176,182,191,195,196,199,202,203,211,236,237,247,248,251,252,274,275,276,282,284,285,287,298,301,307,308,310,311,336,343,366,367,379,380,401,402,403,404,407,409,411,502,510,512,521,527,534,568,569,641,691,692,715,716,717,718,719,720,721,722,730,731,797,856,957,1038,1040,1041,1062,1087,1101,1110,1125,1142,1143,1144,1243,1343,1378,1514,1533,1565,1571,1642,1676,1771,1814,1832,1860,1881,1929,1943,1992,2004,2039,2040,2041,2042,2106,2132,2133,2145,2146,2184,2195,2197,2201,2205,2210,2216,2223,2230,2238,2275,2290,2304,2318,2354,2508,2529,2584,2585,2588,2646,2681,2687,2692,2694,2706,2713,2714,2911,3003,3007,3042,3062,3080,3081,3098,3155,3204,3215,3267,3271,3273,3360,3449,3464,3479,3526,3615,3635,3643,3653,3688,3706,3707,3711,3794,3804,3888,3965,3982,3983,4112,4209,4223,4232,4233,4307,4308,4336,4439,4463,4472,4473,4474,4514,4526,4530,4531,4557,4568,4679,4703,4711,4713,4720,4737,4816,4976,5054,5083,5095,5124,5150,5253,5295,5334,5376,5411,5413,5415,5423,5481,5486,5492,5554,5631,5632,5669,5689,5714,5812,5874,5914,5941,5948,6004,6068,6118,6121,6160,6163,6260,6322,6379,6464,6506,6570,6608,6712,6780,6799,6800,6926,7004,7256,7369,7575,7610,7641,7713,7747,7749,7849,7856,8026,8028,8035,8041,8043,8046,8061,8092,8181,8254,8257,8259,8337,8339,8340,8341,8342,8343,8344,8345,8346,8347,8348,8349,8350,8351,8352,8353,8355,8356,8359,8360,8361,8362,8363,8364,8365,8370,8371,8375,8377,8380)
2024-10-14 11:24:07;UPDATE `pe_bl` SET `num_cmd` = "piece" ,`date` = "2024-10-11" ,`id_tiers_facturation` = 451 ,`id_tiers_livraison` = 451 ,`id_adresse_livraison` = 701 ,`id_tiers_transporteur` = 321 ,`date_livraison` = "2024-10-13"  WHERE id = 8382
2024-10-14 11:24:07;UPDATE `pe_bl_lignes` SET `id_palette` = 9271 ,`id_produit` = 445 ,`id_produit_bl` = 0 ,`id_lot` = 5811 ,`numlot` = "242939FDN" ,`poids` = 20 ,`nb_colis` = 1 ,`qte` = 1 ,`pu_ht` = 100 ,`tva` = 5.5 ,`id_pays` = 18  WHERE `id` = 76028
2024-10-14 11:24:07;UPDATE `pe_tiers` SET `id_langue` = 1  WHERE `id` = 451
2024-10-14 11:24:07;UPDATE `pe_tiers_types` SET `id_famille` = 0 WHERE `id_tiers` = 451
2024-10-14 11:24:07;UPDATE `pe_bl` SET `num_cmd` = "piece" ,`date` = "2024-10-11" ,`id_tiers_facturation` = 451 ,`id_tiers_livraison` = 451 ,`id_adresse_livraison` = 701 ,`id_tiers_transporteur` = 321 ,`date_livraison` = "2024-10-13" ,`chiffrage` = 0  WHERE id = 8382
2024-10-14 11:24:07;UPDATE `pe_bl` SET `num_cmd` = "piece" ,`date` = "2024-10-11" ,`id_tiers_facturation` = 451 ,`id_tiers_livraison` = 451 ,`id_adresse_livraison` = 701 ,`id_tiers_transporteur` = 321 ,`date_livraison` = "2024-10-13" ,`chiffrage` = 0 ,`statut` = 2 ,`supprime` = 0  WHERE id = 8382
2024-10-14 11:24:07;UPDATE `pe_palette_composition` SET `supprime` = 1, `archive` = 1 WHERE `id` IN (88870)
2024-10-14 11:24:07;UPDATE `pe_bl` SET `date_envoi` = NULL WHERE `id` = 8382
2024-10-14 11:27:47;UPDATE `pe_bl` SET `supprime` = 1 WHERE `id` IN (1,3,4,9,10,40,42,51,53,65,72,80,81,84,85,86,88,93,96,108,111,112,139,140,147,150,160,168,173,174,176,182,191,195,196,199,202,203,211,236,237,247,248,251,252,274,275,276,282,284,285,287,298,301,307,308,310,311,336,343,366,367,379,380,401,402,403,404,407,409,411,502,510,512,521,527,534,568,569,641,691,692,715,716,717,718,719,720,721,722,730,731,797,856,957,1038,1040,1041,1062,1087,1101,1110,1125,1142,1143,1144,1243,1343,1378,1514,1533,1565,1571,1642,1676,1771,1814,1832,1860,1881,1929,1943,1992,2004,2039,2040,2041,2042,2106,2132,2133,2145,2146,2184,2195,2197,2201,2205,2210,2216,2223,2230,2238,2275,2290,2304,2318,2354,2508,2529,2584,2585,2588,2646,2681,2687,2692,2694,2706,2713,2714,2911,3003,3007,3042,3062,3080,3081,3098,3155,3204,3215,3267,3271,3273,3360,3449,3464,3479,3526,3615,3635,3643,3653,3688,3706,3707,3711,3794,3804,3888,3965,3982,3983,4112,4209,4223,4232,4233,4307,4308,4336,4439,4463,4472,4473,4474,4514,4526,4530,4531,4557,4568,4679,4703,4711,4713,4720,4737,4816,4976,5054,5083,5095,5124,5150,5253,5295,5334,5376,5411,5413,5415,5423,5481,5486,5492,5554,5631,5632,5669,5689,5714,5812,5874,5914,5941,5948,6004,6068,6118,6121,6160,6163,6260,6322,6379,6464,6506,6570,6608,6712,6780,6799,6800,6926,7004,7256,7369,7575,7610,7641,7713,7747,7749,7849,7856,8026,8028,8035,8041,8043,8046,8061,8092,8181,8254,8257,8259,8337,8339,8340,8341,8342,8343,8344,8345,8346,8347,8348,8349,8350,8351,8352,8353,8355,8356,8359,8360,8361,8362,8363,8364,8365,8370,8371,8375,8377,8380)
2024-10-14 11:40:09;UPDATE `pe_langues` SET `actif` = 1 WHERE `iso` = "FR"
2024-10-14 11:40:09;UPDATE `pe_consommables` SET `id_precedent` = 0, `date_upd` = null WHERE `date_upd` < CURDATE()
2024-10-14 11:40:50;UPDATE `pe_langues` SET `actif` = 1 WHERE `iso` = "FR"
2024-10-14 11:40:50;UPDATE `pe_consommables` SET `id_precedent` = 0, `date_upd` = null WHERE `date_upd` < CURDATE()
2024-10-14 11:40:59;UPDATE `pe_bl` SET `supprime` = 1 WHERE `id` IN (1,3,4,9,10,40,42,51,53,65,72,80,81,84,85,86,88,93,96,108,111,112,139,140,147,150,160,168,173,174,176,182,191,195,196,199,202,203,211,236,237,247,248,251,252,274,275,276,282,284,285,287,298,301,307,308,310,311,336,343,366,367,379,380,401,402,403,404,407,409,411,502,510,512,521,527,534,568,569,641,691,692,715,716,717,718,719,720,721,722,730,731,797,856,957,1038,1040,1041,1062,1087,1101,1110,1125,1142,1143,1144,1243,1343,1378,1514,1533,1565,1571,1642,1676,1771,1814,1832,1860,1881,1929,1943,1992,2004,2039,2040,2041,2042,2106,2132,2133,2145,2146,2184,2195,2197,2201,2205,2210,2216,2223,2230,2238,2275,2290,2304,2318,2354,2508,2529,2584,2585,2588,2646,2681,2687,2692,2694,2706,2713,2714,2911,3003,3007,3042,3062,3080,3081,3098,3155,3204,3215,3267,3271,3273,3360,3449,3464,3479,3526,3615,3635,3643,3653,3688,3706,3707,3711,3794,3804,3888,3965,3982,3983,4112,4209,4223,4232,4233,4307,4308,4336,4439,4463,4472,4473,4474,4514,4526,4530,4531,4557,4568,4679,4703,4711,4713,4720,4737,4816,4976,5054,5083,5095,5124,5150,5253,5295,5334,5376,5411,5413,5415,5423,5481,5486,5492,5554,5631,5632,5669,5689,5714,5812,5874,5914,5941,5948,6004,6068,6118,6121,6160,6163,6260,6322,6379,6464,6506,6570,6608,6712,6780,6799,6800,6926,7004,7256,7369,7575,7610,7641,7713,7747,7749,7849,7856,8026,8028,8035,8041,8043,8046,8061,8092,8181,8254,8257,8259,8337,8339,8340,8341,8342,8343,8344,8345,8346,8347,8348,8349,8350,8351,8352,8353,8355,8356,8359,8360,8361,8362,8363,8364,8365,8370,8371,8375,8377,8380)
2024-10-14 11:42:01;UPDATE `pe_bl` SET `num_cmd` = "kipi" ,`date` = "2024-10-11" ,`id_tiers_facturation` = 70 ,`id_tiers_livraison` = 70 ,`id_adresse_livraison` = 69 ,`id_tiers_transporteur` = 238 ,`date_livraison` = "2024-10-11"  WHERE id = 8385
2024-10-14 11:42:01;UPDATE `pe_bl_lignes` SET `qte` = 1 ,`id_palette` = 2546 ,`id_produit` = 356 ,`id_produit_bl` = 0 ,`id_lot` = 5811 ,`numlot` = "242939FDN" ,`poids` = 20 ,`nb_colis` = 2 ,`pu_ht` = 100 ,`tva` = 5.5 ,`id_pays` = 18  WHERE `id` = 76034
2024-10-14 11:42:01;UPDATE `pe_bl_lignes` SET `qte` = 1 ,`id_palette` = 2546 ,`id_produit` = 356 ,`id_produit_bl` = 0 ,`id_lot` = 5811 ,`numlot` = "242939FDN" ,`poids` = 20 ,`nb_colis` = 2 ,`pu_ht` = 100 ,`tva` = 5.5 ,`id_pays` = 18  WHERE `id` = 76035
2024-10-14 11:42:01;UPDATE `pe_bl_lignes` SET `qte` = 1 ,`id_palette` = 2546 ,`id_produit` = 356 ,`id_produit_bl` = 0 ,`id_lot` = 5811 ,`numlot` = "242939FDN" ,`poids` = 15 ,`nb_colis` = 10 ,`pu_ht` = 100 ,`tva` = 5.5 ,`id_pays` = 18  WHERE `id` = 76036
2024-10-14 11:42:01;UPDATE `pe_bl_lignes` SET `id_palette` = 10604 ,`id_produit` = 422 ,`id_produit_bl` = 0 ,`id_lot` = 5811 ,`numlot` = "242939FDN" ,`poids` = 10 ,`nb_colis` = 2 ,`qte` = 1 ,`pu_ht` = 50 ,`tva` = 5.5 ,`id_pays` = 18  WHERE `id` = 76037
2024-10-14 11:42:01;UPDATE `pe_bl_lignes` SET `id_palette` = 10604 ,`id_produit` = 422 ,`id_produit_bl` = 0 ,`id_lot` = 5811 ,`numlot` = "242939FDN" ,`poids` = 15 ,`nb_colis` = 10 ,`qte` = 1 ,`pu_ht` = 50 ,`tva` = 5.5 ,`id_pays` = 18  WHERE `id` = 76038
2024-10-14 11:42:01;UPDATE `pe_bl_lignes` SET `id_palette` = 10604 ,`id_produit` = 422 ,`id_produit_bl` = 0 ,`id_lot` = 5811 ,`numlot` = "242939FDN" ,`poids` = 10 ,`nb_colis` = 1 ,`qte` = 1 ,`pu_ht` = 50 ,`tva` = 5.5 ,`id_pays` = 18  WHERE `id` = 76039
2024-10-14 11:42:01;UPDATE `pe_tiers` SET `id_langue` = 1  WHERE `id` = 70
2024-10-14 11:42:01;UPDATE `pe_tiers_types` SET `id_famille` = 0 WHERE `id_tiers` = 70
2024-10-14 11:42:01;UPDATE `pe_bl` SET `num_cmd` = "kipi" ,`date` = "2024-10-11" ,`id_tiers_facturation` = 70 ,`id_tiers_livraison` = 70 ,`id_adresse_livraison` = 69 ,`id_tiers_transporteur` = 238 ,`date_livraison` = "2024-10-11" ,`chiffrage` = 0  WHERE id = 8385
2024-10-14 11:42:01;UPDATE `pe_bl` SET `num_cmd` = "kipi" ,`date` = "2024-10-11" ,`id_tiers_facturation` = 70 ,`id_tiers_livraison` = 70 ,`id_adresse_livraison` = 69 ,`id_tiers_transporteur` = 238 ,`date_livraison` = "2024-10-11" ,`chiffrage` = 0 ,`statut` = 2 ,`supprime` = 0  WHERE id = 8385
2024-10-14 11:42:01;UPDATE `pe_palette_composition` SET `supprime` = 1, `archive` = 1 WHERE `id` IN (88876,88877,88878,88879,88880,88881)
2024-10-14 11:42:01;UPDATE `pe_bl` SET `date_envoi` = NULL WHERE `id` = 8385
2024-10-14 15:40:19;UPDATE `pe_langues` SET `actif` = 1 WHERE `iso` = "FR"
2024-10-14 15:40:19;UPDATE `pe_consommables` SET `id_precedent` = 0, `date_upd` = null WHERE `date_upd` < CURDATE()
2024-10-14 15:40:49;UPDATE `pe_langues` SET `actif` = 1 WHERE `iso` = "FR"
2024-10-14 15:40:49;UPDATE `pe_consommables` SET `id_precedent` = 0, `date_upd` = null WHERE `date_upd` < CURDATE()
2024-10-14 16:56:09;UPDATE `pe_bl` SET `supprime` = 1 WHERE `id` IN (1,3,4,9,10,40,42,51,53,65,72,80,81,84,85,86,88,93,96,108,111,112,139,140,147,150,160,168,173,174,176,182,191,195,196,199,202,203,211,236,237,247,248,251,252,274,275,276,282,284,285,287,298,301,307,308,310,311,336,343,366,367,379,380,401,402,403,404,407,409,411,502,510,512,521,527,534,568,569,641,691,692,715,716,717,718,719,720,721,722,730,731,797,856,957,1038,1040,1041,1062,1087,1101,1110,1125,1142,1143,1144,1243,1343,1378,1514,1533,1565,1571,1642,1676,1771,1814,1832,1860,1881,1929,1943,1992,2004,2039,2040,2041,2042,2106,2132,2133,2145,2146,2184,2195,2197,2201,2205,2210,2216,2223,2230,2238,2275,2290,2304,2318,2354,2508,2529,2584,2585,2588,2646,2681,2687,2692,2694,2706,2713,2714,2911,3003,3007,3042,3062,3080,3081,3098,3155,3204,3215,3267,3271,3273,3360,3449,3464,3479,3526,3615,3635,3643,3653,3688,3706,3707,3711,3794,3804,3888,3965,3982,3983,4112,4209,4223,4232,4233,4307,4308,4336,4439,4463,4472,4473,4474,4514,4526,4530,4531,4557,4568,4679,4703,4711,4713,4720,4737,4816,4976,5054,5083,5095,5124,5150,5253,5295,5334,5376,5411,5413,5415,5423,5481,5486,5492,5554,5631,5632,5669,5689,5714,5812,5874,5914,5941,5948,6004,6068,6118,6121,6160,6163,6260,6322,6379,6464,6506,6570,6608,6712,6780,6799,6800,6926,7004,7256,7369,7575,7610,7641,7713,7747,7749,7849,7856,8026,8028,8035,8041,8043,8046,8061,8092,8181,8254,8257,8259,8337,8339,8340,8341,8342,8343,8344,8345,8346,8347,8348,8349,8350,8351,8352,8353,8355,8356,8359,8360,8361,8362,8363,8364,8365,8370,8371,8375,8377,8380)
2024-10-14 16:56:14;UPDATE `pe_bl` SET `supprime` = 1 WHERE `id` IN (1,3,4,9,10,40,42,51,53,65,72,80,81,84,85,86,88,93,96,108,111,112,139,140,147,150,160,168,173,174,176,182,191,195,196,199,202,203,211,236,237,247,248,251,252,274,275,276,282,284,285,287,298,301,307,308,310,311,336,343,366,367,379,380,401,402,403,404,407,409,411,502,510,512,521,527,534,568,569,641,691,692,715,716,717,718,719,720,721,722,730,731,797,856,957,1038,1040,1041,1062,1087,1101,1110,1125,1142,1143,1144,1243,1343,1378,1514,1533,1565,1571,1642,1676,1771,1814,1832,1860,1881,1929,1943,1992,2004,2039,2040,2041,2042,2106,2132,2133,2145,2146,2184,2195,2197,2201,2205,2210,2216,2223,2230,2238,2275,2290,2304,2318,2354,2508,2529,2584,2585,2588,2646,2681,2687,2692,2694,2706,2713,2714,2911,3003,3007,3042,3062,3080,3081,3098,3155,3204,3215,3267,3271,3273,3360,3449,3464,3479,3526,3615,3635,3643,3653,3688,3706,3707,3711,3794,3804,3888,3965,3982,3983,4112,4209,4223,4232,4233,4307,4308,4336,4439,4463,4472,4473,4474,4514,4526,4530,4531,4557,4568,4679,4703,4711,4713,4720,4737,4816,4976,5054,5083,5095,5124,5150,5253,5295,5334,5376,5411,5413,5415,5423,5481,5486,5492,5554,5631,5632,5669,5689,5714,5812,5874,5914,5941,5948,6004,6068,6118,6121,6160,6163,6260,6322,6379,6464,6506,6570,6608,6712,6780,6799,6800,6926,7004,7256,7369,7575,7610,7641,7713,7747,7749,7849,7856,8026,8028,8035,8041,8043,8046,8061,8092,8181,8254,8257,8259,8337,8339,8340,8341,8342,8343,8344,8345,8346,8347,8348,8349,8350,8351,8352,8353,8355,8356,8359,8360,8361,8362,8363,8364,8365,8370,8371,8375,8377,8380)
2024-10-14 16:56:18;UPDATE `pe_bl` SET `supprime` = 1 WHERE `id` IN (1,3,4,9,10,40,42,51,53,65,72,80,81,84,85,86,88,93,96,108,111,112,139,140,147,150,160,168,173,174,176,182,191,195,196,199,202,203,211,236,237,247,248,251,252,274,275,276,282,284,285,287,298,301,307,308,310,311,336,343,366,367,379,380,401,402,403,404,407,409,411,502,510,512,521,527,534,568,569,641,691,692,715,716,717,718,719,720,721,722,730,731,797,856,957,1038,1040,1041,1062,1087,1101,1110,1125,1142,1143,1144,1243,1343,1378,1514,1533,1565,1571,1642,1676,1771,1814,1832,1860,1881,1929,1943,1992,2004,2039,2040,2041,2042,2106,2132,2133,2145,2146,2184,2195,2197,2201,2205,2210,2216,2223,2230,2238,2275,2290,2304,2318,2354,2508,2529,2584,2585,2588,2646,2681,2687,2692,2694,2706,2713,2714,2911,3003,3007,3042,3062,3080,3081,3098,3155,3204,3215,3267,3271,3273,3360,3449,3464,3479,3526,3615,3635,3643,3653,3688,3706,3707,3711,3794,3804,3888,3965,3982,3983,4112,4209,4223,4232,4233,4307,4308,4336,4439,4463,4472,4473,4474,4514,4526,4530,4531,4557,4568,4679,4703,4711,4713,4720,4737,4816,4976,5054,5083,5095,5124,5150,5253,5295,5334,5376,5411,5413,5415,5423,5481,5486,5492,5554,5631,5632,5669,5689,5714,5812,5874,5914,5941,5948,6004,6068,6118,6121,6160,6163,6260,6322,6379,6464,6506,6570,6608,6712,6780,6799,6800,6926,7004,7256,7369,7575,7610,7641,7713,7747,7749,7849,7856,8026,8028,8035,8041,8043,8046,8061,8092,8181,8254,8257,8259,8337,8339,8340,8341,8342,8343,8344,8345,8346,8347,8348,8349,8350,8351,8352,8353,8355,8356,8359,8360,8361,8362,8363,8364,8365,8370,8371,8375,8377,8380)
2024-10-14 16:56:26;UPDATE `pe_factures` SET `montant_interbev` = 0.27  WHERE `id` = 100293
2024-10-14 16:56:26;UPDATE `pe_factures` SET `montant_interbev` = 2.99  WHERE `id` = 100292
2024-10-14 16:56:26;UPDATE `pe_factures` SET `montant_interbev` = 1.43  WHERE `id` = 100291
2024-10-14 16:56:26;UPDATE `pe_factures` SET `montant_interbev` = 2.3  WHERE `id` = 100290
2024-10-14 16:56:26;UPDATE `pe_factures` SET `montant_interbev` = 3.76  WHERE `id` = 100288
2024-10-14 16:56:26;UPDATE `pe_factures` SET `montant_interbev` = 3.97  WHERE `id` = 100287
2024-10-14 16:56:26;UPDATE `pe_factures` SET `montant_interbev` = 0.92  WHERE `id` = 100286
2024-10-14 16:56:26;UPDATE `pe_factures` SET `montant_interbev` = 5.01  WHERE `id` = 100285
2024-10-14 16:56:26;UPDATE `pe_factures` SET `montant_interbev` = 6.9  WHERE `id` = 100284
2024-10-14 16:56:26;UPDATE `pe_factures` SET `montant_interbev` = 2.16  WHERE `id` = 100280
2024-10-14 16:56:26;UPDATE `pe_factures` SET `montant_interbev` = 4.32  WHERE `id` = 100278
2024-10-14 16:56:26;UPDATE `pe_factures` SET `montant_interbev` = 6.82  WHERE `id` = 100277
2024-10-14 16:56:26;UPDATE `pe_factures` SET `montant_interbev` = 4.25  WHERE `id` = 100276
2024-10-14 16:56:27;UPDATE `pe_factures` SET `montant_interbev` = 5.14  WHERE `id` = 100275
2024-10-14 16:56:27;UPDATE `pe_factures` SET `montant_interbev` = 0.52  WHERE `id` = 100274
2024-10-14 16:56:27;UPDATE `pe_factures` SET `montant_interbev` = 0.14  WHERE `id` = 100273
2024-10-14 16:56:27;UPDATE `pe_factures` SET `montant_interbev` = 0.45  WHERE `id` = 100271
2024-10-14 16:56:27;UPDATE `pe_factures` SET `montant_interbev` = 1.12  WHERE `id` = 100270
2024-10-14 16:56:27;UPDATE `pe_factures` SET `montant_interbev` = 0.65  WHERE `id` = 100269
2024-10-14 16:57:54;UPDATE `pe_facture_lignes` SET `pa_ht` = 0  WHERE `id` = 101525
2024-10-14 16:57:54;UPDATE `pe_tiers` SET `tva` = 1 WHERE `id` = 400
2024-10-14 16:57:55;UPDATE `pe_facture_lignes` SET `montant_interbev` = 0.2  WHERE `id` = 101525
2024-10-14 16:57:56;UPDATE `pe_facture_lignes` SET `montant_interbev` = 0.07  WHERE `id` = 101524
2024-10-14 16:57:56;UPDATE `pe_factures` SET `montant_interbev` = 0.27  WHERE `id` = 100293
2024-10-14 16:57:56;UPDATE `pe_factures` SET `montant_interbev` = 0.27 ,`total_ttc` = 195.29  WHERE `id` = 100293
2024-10-14 16:57:56;UPDATE `pe_factures` SET `montant_ht` = 184.84 WHERE `id` = 100293
2024-10-14 16:57:56;UPDATE `pe_factures` SET `montant_interbev` = 0.277 ,`total_ttc` = 195.29  WHERE `id` = 100293
2024-10-14 16:57:56;UPDATE `pe_factures` SET `date_envoi` = NULL WHERE `id` = 100293
2024-10-14 16:57:56;UPDATE `pe_factures` SET `montant_ht` = 184.84 WHERE `id` = 100293
2024-10-14 16:57:56;UPDATE `pe_factures` SET `montant_interbev` = 0.277 ,`total_ttc` = 195.29  WHERE `id` = 100293
2024-10-14 16:57:59;UPDATE `pe_factures` SET `montant_interbev` = 0.27  WHERE `id` = 100293
2024-10-14 16:57:59;UPDATE `pe_factures` SET `montant_interbev` = 2.99  WHERE `id` = 100292
2024-10-14 16:57:59;UPDATE `pe_factures` SET `montant_interbev` = 1.43  WHERE `id` = 100291
2024-10-14 16:57:59;UPDATE `pe_factures` SET `montant_interbev` = 2.3  WHERE `id` = 100290
2024-10-14 16:57:59;UPDATE `pe_factures` SET `montant_interbev` = 3.76  WHERE `id` = 100288
2024-10-14 16:57:59;UPDATE `pe_factures` SET `montant_interbev` = 3.97  WHERE `id` = 100287
2024-10-14 16:57:59;UPDATE `pe_factures` SET `montant_interbev` = 0.92  WHERE `id` = 100286
2024-10-14 16:57:59;UPDATE `pe_factures` SET `montant_interbev` = 5.01  WHERE `id` = 100285
2024-10-14 16:57:59;UPDATE `pe_factures` SET `montant_interbev` = 6.9  WHERE `id` = 100284
2024-10-14 16:57:59;UPDATE `pe_factures` SET `montant_interbev` = 2.16  WHERE `id` = 100280
2024-10-14 16:57:59;UPDATE `pe_factures` SET `montant_interbev` = 4.32  WHERE `id` = 100278
2024-10-14 16:57:59;UPDATE `pe_factures` SET `montant_interbev` = 6.82  WHERE `id` = 100277
2024-10-14 16:57:59;UPDATE `pe_factures` SET `montant_interbev` = 4.25  WHERE `id` = 100276
2024-10-14 16:57:59;UPDATE `pe_factures` SET `montant_interbev` = 5.14  WHERE `id` = 100275
2024-10-14 16:57:59;UPDATE `pe_factures` SET `montant_interbev` = 0.52  WHERE `id` = 100274
2024-10-14 16:57:59;UPDATE `pe_factures` SET `montant_interbev` = 0.14  WHERE `id` = 100273
2024-10-14 16:57:59;UPDATE `pe_factures` SET `montant_interbev` = 0.45  WHERE `id` = 100271
2024-10-14 16:57:59;UPDATE `pe_factures` SET `montant_interbev` = 1.12  WHERE `id` = 100270
2024-10-14 16:57:59;UPDATE `pe_factures` SET `montant_interbev` = 0.65  WHERE `id` = 100269
2024-10-14 16:58:18;UPDATE `pe_factures` SET `montant_interbev` = 0.27  WHERE `id` = 100293
2024-10-14 16:58:18;UPDATE `pe_factures` SET `montant_interbev` = 2.99  WHERE `id` = 100292
2024-10-14 16:58:18;UPDATE `pe_factures` SET `montant_interbev` = 1.43  WHERE `id` = 100291
2024-10-14 16:58:18;UPDATE `pe_factures` SET `montant_interbev` = 2.3  WHERE `id` = 100290
2024-10-14 16:58:18;UPDATE `pe_factures` SET `montant_interbev` = 3.76  WHERE `id` = 100288
2024-10-14 16:58:18;UPDATE `pe_factures` SET `montant_interbev` = 3.97  WHERE `id` = 100287
2024-10-14 16:58:18;UPDATE `pe_factures` SET `montant_interbev` = 0.92  WHERE `id` = 100286
2024-10-14 16:58:18;UPDATE `pe_factures` SET `montant_interbev` = 5.01  WHERE `id` = 100285
2024-10-14 16:58:18;UPDATE `pe_factures` SET `montant_interbev` = 6.9  WHERE `id` = 100284
2024-10-14 16:58:18;UPDATE `pe_factures` SET `montant_interbev` = 2.16  WHERE `id` = 100280
2024-10-14 16:58:18;UPDATE `pe_factures` SET `montant_interbev` = 4.32  WHERE `id` = 100278
2024-10-14 16:58:18;UPDATE `pe_factures` SET `montant_interbev` = 6.82  WHERE `id` = 100277
2024-10-14 16:58:18;UPDATE `pe_factures` SET `montant_interbev` = 4.25  WHERE `id` = 100276
2024-10-14 16:58:18;UPDATE `pe_factures` SET `montant_interbev` = 5.14  WHERE `id` = 100275
2024-10-14 16:58:18;UPDATE `pe_factures` SET `montant_interbev` = 0.52  WHERE `id` = 100274
2024-10-14 16:58:18;UPDATE `pe_factures` SET `montant_interbev` = 0.14  WHERE `id` = 100273
2024-10-14 16:58:18;UPDATE `pe_factures` SET `montant_interbev` = 0.45  WHERE `id` = 100271
2024-10-14 16:58:18;UPDATE `pe_factures` SET `montant_interbev` = 1.12  WHERE `id` = 100270
2024-10-14 16:58:18;UPDATE `pe_factures` SET `montant_interbev` = 0.65  WHERE `id` = 100269
2024-10-14 16:58:46;UPDATE `pe_bl` SET `supprime` = 1 WHERE `id` IN (1,3,4,9,10,40,42,51,53,65,72,80,81,84,85,86,88,93,96,108,111,112,139,140,147,150,160,168,173,174,176,182,191,195,196,199,202,203,211,236,237,247,248,251,252,274,275,276,282,284,285,287,298,301,307,308,310,311,336,343,366,367,379,380,401,402,403,404,407,409,411,502,510,512,521,527,534,568,569,641,691,692,715,716,717,718,719,720,721,722,730,731,797,856,957,1038,1040,1041,1062,1087,1101,1110,1125,1142,1143,1144,1243,1343,1378,1514,1533,1565,1571,1642,1676,1771,1814,1832,1860,1881,1929,1943,1992,2004,2039,2040,2041,2042,2106,2132,2133,2145,2146,2184,2195,2197,2201,2205,2210,2216,2223,2230,2238,2275,2290,2304,2318,2354,2508,2529,2584,2585,2588,2646,2681,2687,2692,2694,2706,2713,2714,2911,3003,3007,3042,3062,3080,3081,3098,3155,3204,3215,3267,3271,3273,3360,3449,3464,3479,3526,3615,3635,3643,3653,3688,3706,3707,3711,3794,3804,3888,3965,3982,3983,4112,4209,4223,4232,4233,4307,4308,4336,4439,4463,4472,4473,4474,4514,4526,4530,4531,4557,4568,4679,4703,4711,4713,4720,4737,4816,4976,5054,5083,5095,5124,5150,5253,5295,5334,5376,5411,5413,5415,5423,5481,5486,5492,5554,5631,5632,5669,5689,5714,5812,5874,5914,5941,5948,6004,6068,6118,6121,6160,6163,6260,6322,6379,6464,6506,6570,6608,6712,6780,6799,6800,6926,7004,7256,7369,7575,7610,7641,7713,7747,7749,7849,7856,8026,8028,8035,8041,8043,8046,8061,8092,8181,8254,8257,8259,8337,8339,8340,8341,8342,8343,8344,8345,8346,8347,8348,8349,8350,8351,8352,8353,8355,8356,8359,8360,8361,8362,8363,8364,8365,8370,8371,8375,8377,8380)
2024-10-14 16:59:06;UPDATE `pe_factures` SET `montant_interbev` = 0.27  WHERE `id` = 100293
2024-10-14 16:59:06;UPDATE `pe_factures` SET `montant_interbev` = 2.99  WHERE `id` = 100292
2024-10-14 16:59:06;UPDATE `pe_factures` SET `montant_interbev` = 1.43  WHERE `id` = 100291
2024-10-14 16:59:06;UPDATE `pe_factures` SET `montant_interbev` = 2.3  WHERE `id` = 100290
2024-10-14 16:59:06;UPDATE `pe_factures` SET `montant_interbev` = 3.76  WHERE `id` = 100288
2024-10-14 16:59:06;UPDATE `pe_factures` SET `montant_interbev` = 3.97  WHERE `id` = 100287
2024-10-14 16:59:06;UPDATE `pe_factures` SET `montant_interbev` = 0.92  WHERE `id` = 100286
2024-10-14 16:59:06;UPDATE `pe_factures` SET `montant_interbev` = 5.01  WHERE `id` = 100285
2024-10-14 16:59:06;UPDATE `pe_factures` SET `montant_interbev` = 6.9  WHERE `id` = 100284
2024-10-14 16:59:06;UPDATE `pe_factures` SET `montant_interbev` = 2.16  WHERE `id` = 100280
2024-10-14 16:59:06;UPDATE `pe_factures` SET `montant_interbev` = 4.32  WHERE `id` = 100278
2024-10-14 16:59:06;UPDATE `pe_factures` SET `montant_interbev` = 6.82  WHERE `id` = 100277
2024-10-14 16:59:06;UPDATE `pe_factures` SET `montant_interbev` = 4.25  WHERE `id` = 100276
2024-10-14 16:59:06;UPDATE `pe_factures` SET `montant_interbev` = 5.14  WHERE `id` = 100275
2024-10-14 16:59:06;UPDATE `pe_factures` SET `montant_interbev` = 0.52  WHERE `id` = 100274
2024-10-14 16:59:06;UPDATE `pe_factures` SET `montant_interbev` = 0.14  WHERE `id` = 100273
2024-10-14 16:59:06;UPDATE `pe_factures` SET `montant_interbev` = 0.45  WHERE `id` = 100271
2024-10-14 16:59:06;UPDATE `pe_factures` SET `montant_interbev` = 1.12  WHERE `id` = 100270
2024-10-14 16:59:06;UPDATE `pe_factures` SET `montant_interbev` = 0.65  WHERE `id` = 100269
2024-10-14 17:00:03;UPDATE `pe_langues` SET `actif` = 1 WHERE `iso` = "FR"
2024-10-14 17:00:17;UPDATE `pe_pvisu_pendant` SET `commentaires` = "parfait"  WHERE `id` = 1805
2024-10-14 17:00:17;DELETE FROM `pe_pvisu_pendant_points` WHERE `id_pvisu_pendant` = 1805
2024-10-14 17:00:17;INSERT IGNORE INTO `pe_pvisu_pendant_points` (`id_pvisu_pendant`, `id_point_controle`, `etat`, `id_pvisu_action`, `fiche_nc`, `id_user`, `date`) VALUES (1805, 24, 1, 0, 0, 1, NOW()),(1805, 25, 1, 0, 0, 1, NOW()),(1805, 26, 1, 0, 0, 1, NOW()),(1805, 27, 1, 0, 0, 1, NOW()),(1805, 28, 1, 0, 0, 1, NOW()),(1805, 29, 1, 0, 0, 1, NOW()),(1805, 30, 1, 0, 0, 1, NOW()),(1805, 31, 1, 0, 0, 1, NOW()),(1805, 32, 1, 0, 0, 1, NOW()),(1805, 33, 1, 0, 0, 1, NOW())
2024-10-14 17:01:35;UPDATE `pe_langues` SET `actif` = 1 WHERE `iso` = "FR"
2024-10-14 17:01:35;UPDATE `pe_consommables` SET `id_precedent` = 0, `date_upd` = null WHERE `date_upd` < CURDATE()
2024-10-14 17:02:14;UPDATE `pe_langues` SET `actif` = 1 WHERE `iso` = "FR"
2024-10-14 17:02:14;UPDATE `pe_consommables` SET `id_precedent` = 0, `date_upd` = null WHERE `date_upd` < CURDATE()
2024-10-14 17:03:16;UPDATE `pe_langues` SET `actif` = 1 WHERE `iso` = "FR"
2024-10-14 17:03:16;UPDATE `pe_consommables` SET `id_precedent` = 0, `date_upd` = null WHERE `date_upd` < CURDATE()
