2024-10-09 13:17:35;UPDATE `pe_langues` SET `actif` = 1 WHERE `iso` = "FR"
2024-10-09 13:17:36;UPDATE `pe_consommables` SET `id_precedent` = 0, `date_upd` = null WHERE `date_upd` < CURDATE()
2024-10-09 13:22:25;UPDATE `pe_langues` SET `actif` = 1 WHERE `iso` = "FR"
2024-10-09 13:22:25;UPDATE `pe_consommables` SET `id_precedent` = 0, `date_upd` = null WHERE `date_upd` < CURDATE()
2024-10-09 13:23:48;UPDATE `pe_bl_lignes` SET `supprime` = 1 WHERE `supprime` = 0  AND `id_bl` IN (SELECT `id` FROM `pe_bl` WHERE `supprime` = 1)
2024-10-09 13:24:39;UPDATE `pe_bl_lignes` SET `supprime` = 1 WHERE `supprime` = 0  AND `id_bl` IN (SELECT `id` FROM `pe_bl` WHERE `supprime` = 1)
2024-10-09 13:24:56;UPDATE `pe_bl_lignes` SET `supprime` = 1 WHERE `supprime` = 0  AND `id_bl` IN (SELECT `id` FROM `pe_bl` WHERE `supprime` = 1)
2024-10-09 13:25:16;UPDATE `pe_bl_lignes` SET `supprime` = 1 WHERE `supprime` = 0  AND `id_bl` IN (SELECT `id` FROM `pe_bl` WHERE `supprime` = 1)
2024-10-09 13:25:41;UPDATE `pe_langues` SET `actif` = 1 WHERE `iso` = "FR"
2024-10-09 13:25:47;UPDATE `pe_langues` SET `actif` = 1 WHERE `iso` = "FR"
2024-10-09 13:26:05;INSERT INTO `pe_pvisu_avant` (`commentaires`,`date`) VALUES ("" ,"2024-10-09" )
2024-10-09 13:26:05;DELETE FROM `pe_pvisu_avant_points` WHERE `id_pvisu_avant` = 1111
2024-10-09 13:26:05;INSERT IGNORE INTO `pe_pvisu_avant_points` (`id_pvisu_avant`, `id_point_controle`, `etat`, `id_user`, `date`) VALUES (1111, 4, 1, 1, NOW()),(1111, 5, 1, 1, NOW()),(1111, 36, 1, 1, NOW()),(1111, 58, 1, 1, NOW()),(1111, 7, 1, 1, NOW()),(1111, 11, 1, 1, NOW()),(1111, 12, 1, 1, NOW()),(1111, 13, 1, 1, NOW()),(1111, 14, 1, 1, NOW()),(1111, 15, 1, 1, NOW()),(1111, 17, 1, 1, NOW()),(1111, 18, 1, 1, NOW()),(1111, 19, 1, 1, NOW()),(1111, 20, 1, 1, NOW()),(1111, 21, 1, 1, NOW()),(1111, 37, 1, 1, NOW()),(1111, 39, 1, 1, NOW()),(1111, 41, 1, 1, NOW()),(1111, 59, 1, 1, NOW()),(1111, 23, 1, 1, NOW()),(1111, 40, 1, 1, NOW()),(1111, 43, 1, 1, NOW()),(1111, 44, 1, 1, NOW()),(1111, 45, 1, 1, NOW()),(1111, 46, 1, 1, NOW()),(1111, 47, 1, 1, NOW()),(1111, 48, 1, 1, NOW()),(1111, 49, 1, 1, NOW()),(1111, 50, 1, 1, NOW()),(1111, 51, 1, 1, NOW()),(1111, 52, 1, 1, NOW()),(1111, 53, 1, 1, NOW()),(1111, 54, 1, 1, NOW()),(1111, 55, 1, 1, NOW())
2024-10-09 13:26:05;UPDATE `pe_pvisu_avant` SET `commentaires` = "HACHE" ,`date` = "2024-10-09" ,`id_user` = 1  WHERE `id` = 1111
2024-10-09 13:26:11;UPDATE `pe_langues` SET `actif` = 1 WHERE `iso` = "FR"
2024-10-09 13:26:27;UPDATE `pe_langues` SET `actif` = 1 WHERE `iso` = "FR"
2024-10-09 13:26:32;UPDATE `pe_langues` SET `actif` = 1 WHERE `iso` = "FR"
2024-10-09 13:26:40;UPDATE `pe_langues` SET `actif` = 1 WHERE `iso` = "FR"
2024-10-09 13:26:50;UPDATE `pe_lots` SET `composition_viande` = 2  WHERE `id` = 5811
2024-10-09 13:26:59;INSERT INTO `pe_lot_reception` (`id_lot`,`temp_d`,`temp_m`,`temp_f`) VALUES (5811 ,2 ,5 ,8 )
2024-10-09 13:26:59;UPDATE `pe_lots` SET `date_maj` = "2024-10-09- 13:26:59" ,`id_user_maj` = 1  WHERE `id` = 5811
2024-10-09 13:27:01;UPDATE `pe_lot_reception` SET `etat_visuel` = 1  WHERE `id` = 2267
2024-10-09 13:27:01;UPDATE `pe_lots` SET `date_maj` = "2024-10-09- 13:27:01" ,`id_user_maj` = 1  WHERE `id` = 5811
2024-10-09 13:27:08;UPDATE `pe_lot_reception` SET `observations` = "                                                                    BJ" ,`conformite` = 1 ,`id_user` = 1 ,`date_confirmation` = "2024-10-09 13:27:08"  WHERE `id` = 2267
2024-10-09 13:27:08;UPDATE `pe_lots` SET `date_maj` = "2024-10-09- 13:27:08" ,`id_user_maj` = 1  WHERE `id` = 5811
2024-10-09 13:27:08;INSERT INTO `pe_pvisu_avant` (`commentaires`,`id_user`,`id_lot`,`date`) VALUES ("" ,1 ,5811 ,"2024-10-09" )
2024-10-09 13:27:08;DELETE FROM `pe_pvisu_avant_points` WHERE `id_pvisu_avant` = 1112
2024-10-09 13:27:08;INSERT IGNORE INTO `pe_pvisu_avant_points` (`id_pvisu_avant`, `id_point_controle`, `etat`, `id_user`, `date`) VALUES (1112, 75, 1, 1, NOW()),(1112, 73, 1, 1, NOW())
2024-10-09 13:27:15;UPDATE `pe_lot_reception` SET `crochets_recus` = 2 ,`crochets_rendus` = 1  WHERE `id` = 2267
2024-10-09 13:27:22;UPDATE `pe_lot_reception` SET `id_transporteur` = 231  WHERE `id` = 2267
2024-10-09 13:27:22;UPDATE `pe_tiers` SET `solde_crochets` = 17  WHERE `id` = 231
2024-10-09 13:27:22;UPDATE `pe_tiers_types` SET `id_famille` = 0 WHERE `id_tiers` = 231
2024-10-09 13:27:23;INSERT INTO `pe_validations` (`type`,`id_vue`,`id_liaison`) VALUES (1 ,1 ,5811 )
2024-10-09 13:27:23;INSERT IGNORE INTO `pe_validations_lots` (`id_validation`, `id_lot`, `negoce`) VALUES  (11082, 5811, 0)
2024-10-09 13:27:23;DELETE FROM `pe_lot_vues` 
						  WHERE `id_lot` = 5811 
						  AND `id_vue` = 1
2024-10-09 13:27:23;INSERT IGNORE INTO `pe_lot_vues` (`id_lot`, `id_vue`, `date_entree`) VALUES (5811, 2, "2024-10-09 13:27:23")
2024-10-09 13:27:23;UPDATE `pe_lots` SET `date_reception` = "2024-10-09" ,`date_prod` = "2024-10-09 13:27:23" ,`date_atelier` = "2024-10-09 13:27:23"  WHERE `id` = 5811
2024-10-09 13:27:23;UPDATE `pe_langues` SET `actif` = 1 WHERE `iso` = "FR"
2024-10-09 13:27:28;UPDATE `pe_langues` SET `actif` = 1 WHERE `iso` = "FR"
2024-10-09 13:27:33;INSERT INTO `pe_loma` (`id_lot_pdt_froid`,`test_pdt`,`commentaire`,`date_test`,`id_user_visa`) VALUES (30863 ,0 ,"" ,"2024-10-09 13:27:33" ,1 )
2024-10-09 13:27:33;INSERT INTO `pe_validations` (`type`,`id_vue`,`id_liaison`) VALUES (3 ,2 ,2921 )
2024-10-09 13:27:33;INSERT IGNORE INTO `pe_validations_lots` (`id_validation`, `id_lot`, `negoce`) VALUES  (11083, 5811, 0)
2024-10-09 13:27:33;INSERT IGNORE INTO `pe_lot_quantieme` (`id_lot`, `quantieme`) VALUES(5811, "283")
2024-10-09 13:27:39;UPDATE `pe_froid` SET `test_apres_fe` = 1 ,`test_apres_nfe` = 1 ,`test_apres_inox` = 1  WHERE `id` = 6474
2024-10-09 13:27:39;INSERT INTO `pe_loma` (`id_lot_pdt_froid`,`test_pdt`,`commentaire`,`date_test`,`id_user_visa`) VALUES (30890 ,0 ,"" ,"2024-10-09 13:27:39" ,1 )
2024-10-09 13:27:39;INSERT INTO `pe_validations` (`type`,`id_vue`,`id_liaison`) VALUES (3 ,2 ,2922 )
2024-10-09 13:27:39;INSERT IGNORE INTO `pe_validations_lots` (`id_validation`, `id_lot`, `negoce`) VALUES  (11084, 5811, 0)
2024-10-09 13:27:39;UPDATE `pe_langues` SET `actif` = 1 WHERE `iso` = "FR"
2024-10-09 13:27:43;INSERT INTO `pe_pvisu_pendant` (`commentaires`,`id_user`,`id_lot`,`date`) VALUES ("" ,1 ,5811 ,"2024-10-09" )
2024-10-09 13:27:43;DELETE FROM `pe_pvisu_pendant_points` WHERE `id_pvisu_pendant` = 1805
2024-10-09 13:27:43;INSERT IGNORE INTO `pe_pvisu_pendant_points` (`id_pvisu_pendant`, `id_point_controle`, `etat`, `id_pvisu_action`, `fiche_nc`, `id_user`, `date`) VALUES (1805, 24, 1, 0, 0, 1, NOW()),(1805, 25, 1, 0, 0, 1, NOW()),(1805, 26, 1, 0, 0, 1, NOW()),(1805, 27, 1, 0, 0, 1, NOW()),(1805, 28, 1, 0, 0, 1, NOW()),(1805, 29, 1, 0, 0, 1, NOW()),(1805, 30, 1, 0, 0, 1, NOW()),(1805, 31, 1, 0, 0, 1, NOW()),(1805, 32, 1, 0, 0, 1, NOW()),(1805, 33, 1, 0, 0, 1, NOW())
2024-10-09 13:27:43;UPDATE `pe_langues` SET `actif` = 1 WHERE `iso` = "FR"
2024-10-09 13:27:52;UPDATE `pe_langues` SET `actif` = 1 WHERE `iso` = "FR"
2024-10-09 13:28:24;INSERT INTO `pe_froid` (`supprime`,`id_type`,`statut`) VALUES (0 ,5 ,0 )
2024-10-09 13:28:24;INSERT INTO `pe_froid_produits` (`id_lot`,`id_pdt`,`id_froid`,`poids`,`date_add`,`loma`,`user_add`) VALUES (5811 ,380 ,6669 ,20 ,"2024-10-09 13:28:24" ,1 ,1 )
2024-10-09 13:28:39;UPDATE `pe_bl_lignes` SET `supprime` = 1 WHERE `supprime` = 0  AND `id_bl` IN (SELECT `id` FROM `pe_bl` WHERE `supprime` = 1)
2024-10-09 13:55:16;UPDATE `pe_bl_lignes` SET `supprime` = 1 WHERE `supprime` = 0  AND `id_bl` IN (SELECT `id` FROM `pe_bl` WHERE `supprime` = 1)
2024-10-09 13:56:00;UPDATE `pe_bl_lignes` SET `supprime` = 1 WHERE `supprime` = 0  AND `id_bl` IN (SELECT `id` FROM `pe_bl` WHERE `supprime` = 1)
2024-10-09 13:59:06;UPDATE `pe_bl_lignes` SET `supprime` = 1 WHERE `supprime` = 0  AND `id_bl` IN (SELECT `id` FROM `pe_bl` WHERE `supprime` = 1)
2024-10-09 14:02:26;UPDATE `pe_langues` SET `actif` = 1 WHERE `iso` = "FR"
2024-10-09 14:02:27;UPDATE `pe_langues` SET `actif` = 1 WHERE `iso` = "FR"
2024-10-09 14:07:51;UPDATE `pe_bl_lignes` SET `supprime` = 1 WHERE `supprime` = 0  AND `id_bl` IN (SELECT `id` FROM `pe_bl` WHERE `supprime` = 1)
2024-10-09 14:09:28;UPDATE `pe_bl_lignes` SET `supprime` = 1 WHERE `supprime` = 0  AND `id_bl` IN (SELECT `id` FROM `pe_bl` WHERE `supprime` = 1)
2024-10-09 14:11:34;UPDATE `pe_bl_lignes` SET `supprime` = 1 WHERE `supprime` = 0  AND `id_bl` IN (SELECT `id` FROM `pe_bl` WHERE `supprime` = 1)
2024-10-09 14:13:00;UPDATE `pe_bl_lignes` SET `supprime` = 1 WHERE `supprime` = 0  AND `id_bl` IN (SELECT `id` FROM `pe_bl` WHERE `supprime` = 1)
2024-10-09 14:13:35;UPDATE `pe_bl_lignes` SET `supprime` = 1 WHERE `supprime` = 0  AND `id_bl` IN (SELECT `id` FROM `pe_bl` WHERE `supprime` = 1)
2024-10-09 14:14:25;UPDATE `pe_bl_lignes` SET `supprime` = 1 WHERE `supprime` = 0  AND `id_bl` IN (SELECT `id` FROM `pe_bl` WHERE `supprime` = 1)
2024-10-09 14:15:17;UPDATE `pe_bl_lignes` SET `supprime` = 1 WHERE `supprime` = 0  AND `id_bl` IN (SELECT `id` FROM `pe_bl` WHERE `supprime` = 1)
2024-10-09 14:16:13;UPDATE `pe_bl_lignes` SET `supprime` = 1 WHERE `supprime` = 0  AND `id_bl` IN (SELECT `id` FROM `pe_bl` WHERE `supprime` = 1)
2024-10-09 14:16:36;UPDATE `pe_bl_lignes` SET `supprime` = 1 WHERE `supprime` = 0  AND `id_bl` IN (SELECT `id` FROM `pe_bl` WHERE `supprime` = 1)
2024-10-09 14:17:56;UPDATE `pe_bl_lignes` SET `supprime` = 1 WHERE `supprime` = 0  AND `id_bl` IN (SELECT `id` FROM `pe_bl` WHERE `supprime` = 1)
2024-10-09 14:19:44;UPDATE `pe_bl_lignes` SET `supprime` = 1 WHERE `supprime` = 0  AND `id_bl` IN (SELECT `id` FROM `pe_bl` WHERE `supprime` = 1)
2024-10-09 14:20:42;UPDATE `pe_bl_lignes` SET `supprime` = 1 WHERE `supprime` = 0  AND `id_bl` IN (SELECT `id` FROM `pe_bl` WHERE `supprime` = 1)
2024-10-09 14:21:22;UPDATE `pe_bl_lignes` SET `supprime` = 1 WHERE `supprime` = 0  AND `id_bl` IN (SELECT `id` FROM `pe_bl` WHERE `supprime` = 1)
2024-10-09 14:26:00;UPDATE `pe_bl_lignes` SET `supprime` = 1 WHERE `supprime` = 0  AND `id_bl` IN (SELECT `id` FROM `pe_bl` WHERE `supprime` = 1)
2024-10-09 14:26:44;UPDATE `pe_bl_lignes` SET `supprime` = 1 WHERE `supprime` = 0  AND `id_bl` IN (SELECT `id` FROM `pe_bl` WHERE `supprime` = 1)
2024-10-09 14:27:22;UPDATE `pe_bl_lignes` SET `supprime` = 1 WHERE `supprime` = 0  AND `id_bl` IN (SELECT `id` FROM `pe_bl` WHERE `supprime` = 1)
2024-10-09 14:36:38;UPDATE `pe_bl_lignes` SET `supprime` = 1 WHERE `supprime` = 0  AND `id_bl` IN (SELECT `id` FROM `pe_bl` WHERE `supprime` = 1)
2024-10-09 14:37:26;UPDATE `pe_bl_lignes` SET `supprime` = 1 WHERE `supprime` = 0  AND `id_bl` IN (SELECT `id` FROM `pe_bl` WHERE `supprime` = 1)
2024-10-09 14:42:11;UPDATE `pe_langues` SET `actif` = 1 WHERE `iso` = "FR"
2024-10-09 14:42:11;UPDATE `pe_consommables` SET `id_precedent` = 0, `date_upd` = null WHERE `date_upd` < CURDATE()
2024-10-09 14:43:53;UPDATE `pe_bl_lignes` SET `supprime` = 1 WHERE `supprime` = 0  AND `id_bl` IN (SELECT `id` FROM `pe_bl` WHERE `supprime` = 1)
2024-10-09 14:46:52;UPDATE `pe_bl_lignes` SET `supprime` = 1 WHERE `supprime` = 0  AND `id_bl` IN (SELECT `id` FROM `pe_bl` WHERE `supprime` = 1)
2024-10-09 14:49:28;UPDATE `pe_bl_lignes` SET `supprime` = 1 WHERE `supprime` = 0  AND `id_bl` IN (SELECT `id` FROM `pe_bl` WHERE `supprime` = 1)
2024-10-09 14:53:03;UPDATE `pe_bl_lignes` SET `supprime` = 1 WHERE `supprime` = 0  AND `id_bl` IN (SELECT `id` FROM `pe_bl` WHERE `supprime` = 1)
2024-10-09 14:53:32;UPDATE `pe_bl_lignes` SET `supprime` = 1 WHERE `supprime` = 0  AND `id_bl` IN (SELECT `id` FROM `pe_bl` WHERE `supprime` = 1)
2024-10-09 15:00:53;UPDATE `pe_bl_lignes` SET `supprime` = 1 WHERE `supprime` = 0  AND `id_bl` IN (SELECT `id` FROM `pe_bl` WHERE `supprime` = 1)
2024-10-09 15:01:42;UPDATE `pe_bl_lignes` SET `supprime` = 1 WHERE `supprime` = 0  AND `id_bl` IN (SELECT `id` FROM `pe_bl` WHERE `supprime` = 1)
2024-10-09 15:01:47;UPDATE `pe_bl_lignes` SET `supprime` = 1 WHERE `supprime` = 0  AND `id_bl` IN (SELECT `id` FROM `pe_bl` WHERE `supprime` = 1)
2024-10-09 15:03:30;UPDATE `pe_bl_lignes` SET `supprime` = 1 WHERE `supprime` = 0  AND `id_bl` IN (SELECT `id` FROM `pe_bl` WHERE `supprime` = 1)
2024-10-09 15:05:15;UPDATE `pe_bl_lignes` SET `supprime` = 1 WHERE `supprime` = 0  AND `id_bl` IN (SELECT `id` FROM `pe_bl` WHERE `supprime` = 1)
2024-10-09 15:29:42;UPDATE `pe_bl_lignes` SET `supprime` = 1 WHERE `supprime` = 0  AND `id_bl` IN (SELECT `id` FROM `pe_bl` WHERE `supprime` = 1)
2024-10-09 15:29:59;UPDATE `pe_bl_lignes` SET `supprime` = 1 WHERE `supprime` = 0  AND `id_bl` IN (SELECT `id` FROM `pe_bl` WHERE `supprime` = 1)
2024-10-09 15:42:31;UPDATE `pe_bl` SET `supprime` = 1 WHERE `id` IN (1,3,4,9,10,40,42,51,53,65,72,80,81,84,85,86,88,93,96,108,111,112,139,140,147,150,160,168,173,174,176,182,191,195,196,199,202,203,211,236,237,247,248,251,252,274,275,276,282,284,285,287,298,301,307,308,310,311,336,343,366,367,379,380,401,402,403,404,407,409,411,502,510,512,521,527,534,568,569,641,691,692,715,716,717,718,719,720,721,722,730,731,797,856,957,1038,1040,1041,1062,1087,1101,1110,1125,1142,1143,1144,1243,1343,1378,1514,1533,1565,1571,1642,1676,1771,1814,1832,1860,1881,1929,1943,1992,2004,2039,2040,2041,2042,2106,2132,2133,2145,2146,2184,2195,2197,2201,2205,2210,2216,2223,2230,2238,2275,2290,2304,2318,2354,2508,2529,2584,2585,2588,2646,2681,2687,2692,2694,2706,2713,2714,2911,3003,3007,3042,3062,3080,3081,3098,3155,3204,3215,3267,3271,3273,3360,3449,3464,3479,3526,3615,3635,3643,3653,3688,3706,3707,3711,3794,3804,3888,3965,3982,3983,4112,4209,4223,4232,4233,4307,4308,4336,4439,4463,4472,4473,4474,4514,4526,4530,4531,4557,4568,4679,4703,4711,4713,4720,4737,4816,4976,5054,5083,5095,5124,5150,5253,5295,5334,5376,5411,5413,5415,5423,5481,5486,5492,5554,5631,5632,5669,5689,5714,5812,5874,5914,5941,5948,6004,6068,6118,6121,6160,6163,6260,6322,6379,6464,6506,6570,6608,6712,6780,6799,6800,6926,7004,7256,7369,7575,7610,7641,7713,7747,7749,7849,7856,8026,8028,8035,8041,8043,8046,8061,8092,8181,8254,8257,8259,8337,8339,8340,8341,8342,8343,8344,8345,8346,8347,8348,8349,8350,8351,8352,8353,8355,8356,8359,8360,8361,8362,8363,8364,8365,8370)
2024-10-09 15:42:48;INSERT INTO `pe_bl` (`num_bl`,`supprime`,`statut`,`date`) VALUES ("BL2410003" ,0 ,1 ,"2024-10-09" )
2024-10-09 15:43:17;UPDATE `pe_bl` SET `supprime` = 0 ,`num_cmd` = "" ,`date` = "2024-10-09" ,`id_tiers_facturation` = 331 ,`id_tiers_livraison` = 331 ,`id_adresse_livraison` = 491 ,`id_tiers_transporteur` = 338 ,`regroupement` = 0 ,`date_livraison` = "2024-10-09" ,`chiffrage` = 0 ,`statut` = 1  WHERE id = 8371
2024-10-09 15:43:20;UPDATE `pe_bl` SET `supprime` = 1 WHERE `id` IN (1,3,4,9,10,40,42,51,53,65,72,80,81,84,85,86,88,93,96,108,111,112,139,140,147,150,160,168,173,174,176,182,191,195,196,199,202,203,211,236,237,247,248,251,252,274,275,276,282,284,285,287,298,301,307,308,310,311,336,343,366,367,379,380,401,402,403,404,407,409,411,502,510,512,521,527,534,568,569,641,691,692,715,716,717,718,719,720,721,722,730,731,797,856,957,1038,1040,1041,1062,1087,1101,1110,1125,1142,1143,1144,1243,1343,1378,1514,1533,1565,1571,1642,1676,1771,1814,1832,1860,1881,1929,1943,1992,2004,2039,2040,2041,2042,2106,2132,2133,2145,2146,2184,2195,2197,2201,2205,2210,2216,2223,2230,2238,2275,2290,2304,2318,2354,2508,2529,2584,2585,2588,2646,2681,2687,2692,2694,2706,2713,2714,2911,3003,3007,3042,3062,3080,3081,3098,3155,3204,3215,3267,3271,3273,3360,3449,3464,3479,3526,3615,3635,3643,3653,3688,3706,3707,3711,3794,3804,3888,3965,3982,3983,4112,4209,4223,4232,4233,4307,4308,4336,4439,4463,4472,4473,4474,4514,4526,4530,4531,4557,4568,4679,4703,4711,4713,4720,4737,4816,4976,5054,5083,5095,5124,5150,5253,5295,5334,5376,5411,5413,5415,5423,5481,5486,5492,5554,5631,5632,5669,5689,5714,5812,5874,5914,5941,5948,6004,6068,6118,6121,6160,6163,6260,6322,6379,6464,6506,6570,6608,6712,6780,6799,6800,6926,7004,7256,7369,7575,7610,7641,7713,7747,7749,7849,7856,8026,8028,8035,8041,8043,8046,8061,8092,8181,8254,8257,8259,8337,8339,8340,8341,8342,8343,8344,8345,8346,8347,8348,8349,8350,8351,8352,8353,8355,8356,8359,8360,8361,8362,8363,8364,8365,8370,8371)
2024-10-09 15:43:45;UPDATE `pe_bl` SET `num_cmd` = "WEB293" ,`id_tiers_facturation` = 227 ,`id_tiers_livraison` = 227 ,`id_tiers_transporteur` = 0 ,`id_adresse_livraison` = 348 ,`nom_client` = "" ,`statut` = 1 ,`supprime` = 0  WHERE id = 8369
2024-10-09 15:43:48;UPDATE `pe_bl` SET `num_cmd` = "web293" ,`date` = "2024-10-01" ,`id_tiers_facturation` = 227 ,`id_tiers_livraison` = 227 ,`id_adresse_livraison` = 348 ,`id_tiers_transporteur` = 0  WHERE id = 8369
2024-10-09 15:43:48;UPDATE `pe_tiers` SET `id_langue` = 1  WHERE `id` = 227
2024-10-09 15:43:48;UPDATE `pe_tiers_types` SET `id_famille` = 0 WHERE `id_tiers` = 227
2024-10-09 15:43:48;UPDATE `pe_bl` SET `num_cmd` = "web293" ,`date` = "2024-10-01" ,`id_tiers_facturation` = 227 ,`id_tiers_livraison` = 227 ,`id_adresse_livraison` = 348 ,`id_tiers_transporteur` = 0 ,`chiffrage` = 0  WHERE id = 8369
2024-10-09 15:43:49;UPDATE `pe_bl` SET `num_cmd` = "web293" ,`date` = "2024-10-01" ,`id_tiers_facturation` = 227 ,`id_tiers_livraison` = 227 ,`id_adresse_livraison` = 348 ,`id_tiers_transporteur` = 0 ,`chiffrage` = 0 ,`statut` = 2 ,`supprime` = 0  WHERE id = 8369
2024-10-09 15:43:49;UPDATE `pe_bl` SET `date_envoi` = NULL WHERE `id` = 8369
2024-10-09 15:44:11;INSERT INTO `pe_bl_lignes` (`date_add`,`supprime`,`id_compo`,`id_bl`,`nb_colis`,`id_produit`,`poids`,`qte`,`pu_ht`,`tva`,`id_frs`) VALUES ("2024-10-09 15:44:11" ,0 ,0 ,8369 ,1 ,382 ,0 ,1 ,0 ,0 ,228 )
2024-10-09 15:44:51;INSERT INTO `pe_bl_lignes` (`date_add`,`supprime`,`id_compo`,`id_bl`,`nb_colis`,`id_produit`,`poids`,`qte`,`pu_ht`,`tva`,`id_frs`) VALUES ("2024-10-09 15:44:51" ,0 ,0 ,8369 ,1 ,382 ,0 ,1 ,0 ,0 ,228 )
2024-10-09 15:46:41;INSERT INTO `pe_bl_lignes` (`date_add`,`supprime`,`id_compo`,`id_bl`,`nb_colis`,`id_produit`,`poids`,`qte`,`pu_ht`,`tva`,`id_frs`) VALUES ("2024-10-09 15:46:41" ,0 ,0 ,8369 ,1 ,382 ,0 ,1 ,0 ,0 ,228 )
2024-10-09 15:46:57;UPDATE `pe_bl_lignes` SET `pu_ht` = 15  WHERE `id` = 76006
2024-10-09 15:46:57;UPDATE `pe_bl_lignes` SET `pu_ht` = 15  WHERE `id` = 76005
2024-10-09 15:46:57;UPDATE `pe_bl_lignes` SET `pu_ht` = 15  WHERE `id` = 76007
2024-10-09 15:46:57;UPDATE `pe_bl_lignes` SET `pu_ht` = 15  WHERE `id` = 76005
2024-10-09 15:46:57;UPDATE `pe_bl_lignes` SET `pu_ht` = 15  WHERE `id` = 76006
2024-10-09 15:46:57;UPDATE `pe_bl_lignes` SET `pu_ht` = 15  WHERE `id` = 76007
2024-10-09 15:46:58;INSERT INTO `pe_bl_lignes` (`date_add`,`supprime`,`id_compo`,`id_bl`,`nb_colis`,`id_produit`,`poids`,`qte`,`pu_ht`,`tva`,`id_frs`) VALUES ("2024-10-09 15:46:58" ,0 ,0 ,8369 ,1 ,382 ,0 ,1 ,0 ,0 ,228 )
2024-10-09 15:47:40;UPDATE `pe_bl_lignes` SET `pu_ht` = 15  WHERE `id` = 76008
2024-10-09 15:47:40;UPDATE `pe_bl_lignes` SET `pu_ht` = 15  WHERE `id` = 76005
2024-10-09 15:47:40;UPDATE `pe_bl_lignes` SET `pu_ht` = 15  WHERE `id` = 76006
2024-10-09 15:47:40;UPDATE `pe_bl_lignes` SET `pu_ht` = 15  WHERE `id` = 76007
2024-10-09 15:47:49;UPDATE `pe_bl_lignes` SET `poids` = 2  WHERE `id` = 76005
2024-10-09 15:47:50;UPDATE `pe_bl_lignes` SET `poids` = 5  WHERE `id` = 76006
2024-10-09 15:47:52;UPDATE `pe_bl_lignes` SET `poids` = 5  WHERE `id` = 76007
2024-10-09 15:47:55;UPDATE `pe_bl_lignes` SET `poids` = 5  WHERE `id` = 76008
2024-10-09 15:47:56;INSERT INTO `pe_bl_lignes` (`date_add`,`supprime`,`id_compo`,`id_bl`,`nb_colis`,`id_produit`,`poids`,`qte`,`pu_ht`,`tva`,`id_frs`) VALUES ("2024-10-09 15:47:56" ,0 ,0 ,8369 ,1 ,382 ,0 ,1 ,0 ,0 ,228 )
2024-10-09 15:48:55;UPDATE `pe_bl` SET `supprime` = 1 WHERE `id` IN (1,3,4,9,10,40,42,51,53,65,72,80,81,84,85,86,88,93,96,108,111,112,139,140,147,150,160,168,173,174,176,182,191,195,196,199,202,203,211,236,237,247,248,251,252,274,275,276,282,284,285,287,298,301,307,308,310,311,336,343,366,367,379,380,401,402,403,404,407,409,411,502,510,512,521,527,534,568,569,641,691,692,715,716,717,718,719,720,721,722,730,731,797,856,957,1038,1040,1041,1062,1087,1101,1110,1125,1142,1143,1144,1243,1343,1378,1514,1533,1565,1571,1642,1676,1771,1814,1832,1860,1881,1929,1943,1992,2004,2039,2040,2041,2042,2106,2132,2133,2145,2146,2184,2195,2197,2201,2205,2210,2216,2223,2230,2238,2275,2290,2304,2318,2354,2508,2529,2584,2585,2588,2646,2681,2687,2692,2694,2706,2713,2714,2911,3003,3007,3042,3062,3080,3081,3098,3155,3204,3215,3267,3271,3273,3360,3449,3464,3479,3526,3615,3635,3643,3653,3688,3706,3707,3711,3794,3804,3888,3965,3982,3983,4112,4209,4223,4232,4233,4307,4308,4336,4439,4463,4472,4473,4474,4514,4526,4530,4531,4557,4568,4679,4703,4711,4713,4720,4737,4816,4976,5054,5083,5095,5124,5150,5253,5295,5334,5376,5411,5413,5415,5423,5481,5486,5492,5554,5631,5632,5669,5689,5714,5812,5874,5914,5941,5948,6004,6068,6118,6121,6160,6163,6260,6322,6379,6464,6506,6570,6608,6712,6780,6799,6800,6926,7004,7256,7369,7575,7610,7641,7713,7747,7749,7849,7856,8026,8028,8035,8041,8043,8046,8061,8092,8181,8254,8257,8259,8337,8339,8340,8341,8342,8343,8344,8345,8346,8347,8348,8349,8350,8351,8352,8353,8355,8356,8359,8360,8361,8362,8363,8364,8365,8370,8371)
2024-10-09 15:48:59;INSERT INTO `pe_bl` (`num_bl`,`supprime`,`statut`,`date`) VALUES ("BL2410004" ,0 ,1 ,"2024-10-09" )
2024-10-09 15:50:16;INSERT INTO `pe_lots` (`numlot`,`date_add`,`visible`,`id_fournisseur`,`id_espece`,`composition`) VALUES ("246029DUE219" ,"2024-10-09 15:50:16" ,0 ,0 ,1 ,1 )
2024-10-09 15:50:16;INSERT INTO `pe_commentaires` (`id_lot`,`commentaire`,`id_user`,`date`) VALUES (5815 ,"Lot créé via BL manuel BL2410004" ,1 ,"2024-10-09 15:50:16" )
2024-10-09 15:50:16;INSERT INTO `pe_palettes` (`numero`,`date`,`id_user`,`statut`,`id_poids_palette`,`id_client`,`scan_frais`,`supprime`) VALUES (1 ,"2024-10-09 03:50:16" ,1 ,0 ,0 ,0 ,0 ,0 )
2024-10-09 15:50:16;INSERT INTO `pe_palette_composition` (`id_palette`,`id_client`,`id_produit`,`id_lot_pdt_froid`,`id_frais`,`id_lot_pdt_negoce`,`id_lot_regroupement`,`poids`,`nb_colis`,`date`,`id_user`,`id_lot_hors_stock`,`archive`,`supprime`) VALUES (10600 ,412 ,445 ,0 ,0 ,0 ,0 ,100 ,2 ,"2024-10-09 15:50:16" ,1 ,5815 ,0 ,0 )
2024-10-09 15:50:16;INSERT INTO `pe_bl_lignes` (`id_bl`,`id_compo`,`id_palette`,`id_produit`,`id_lot`,`numlot`,`poids`,`nb_colis`,`qte`,`pu_ht`,`tva`,`date_add`,`supprime`) VALUES (8372 ,88852 ,10600 ,445 ,5815 ,"246029DUE219" ,100 ,2 ,1 ,0 ,5.5 ,"2024-10-09 15:50:16" ,0 )
2024-10-09 15:50:17;UPDATE `pe_bl` SET `id_tiers_facturation` = 412  WHERE id = 8372
2024-10-09 15:50:49;INSERT INTO `pe_palettes` (`numero`,`date`,`id_user`,`statut`,`id_poids_palette`,`id_client`,`scan_frais`,`supprime`) VALUES (2 ,"2024-10-09 03:50:49" ,1 ,0 ,0 ,0 ,0 ,0 )
2024-10-09 15:50:49;INSERT INTO `pe_palette_composition` (`id_palette`,`id_client`,`id_produit`,`id_lot_pdt_froid`,`id_frais`,`id_lot_pdt_negoce`,`id_lot_regroupement`,`poids`,`nb_colis`,`date`,`id_user`,`id_lot_hors_stock`,`archive`,`supprime`) VALUES (10601 ,412 ,75 ,0 ,0 ,0 ,0 ,200 ,2 ,"2024-10-09 15:50:49" ,1 ,5811 ,0 ,0 )
2024-10-09 15:50:49;INSERT INTO `pe_bl_lignes` (`id_bl`,`id_compo`,`id_palette`,`id_produit`,`id_lot`,`numlot`,`poids`,`nb_colis`,`qte`,`pu_ht`,`tva`,`date_add`,`supprime`) VALUES (8372 ,88853 ,10601 ,75 ,5811 ,"242939FDN" ,200 ,2 ,1 ,0 ,5.5 ,"2024-10-09 15:50:49" ,0 )
2024-10-09 15:51:08;UPDATE `pe_bl_lignes` SET `pu_ht` = 200  WHERE `id` = 76010
2024-10-09 15:51:09;INSERT INTO `pe_tarif_client` (`id_tiers`,`id_produit`,`prix`) VALUES (412 ,445 ,200 )
2024-10-09 15:51:13;UPDATE `pe_bl_lignes` SET `pu_ht` = 300  WHERE `id` = 76011
2024-10-09 15:51:14;INSERT INTO `pe_tarif_client` (`id_tiers`,`id_produit`,`prix`) VALUES (412 ,75 ,300 )
2024-10-09 15:51:18;UPDATE `pe_palettes` SET `id_client` = 412 ,`id_poids_palette` = 9  WHERE `id` = 10601
2024-10-09 15:51:26;UPDATE `pe_palettes` SET `id_client` = 412 ,`id_poids_palette` = 9  WHERE `id` = 10600
2024-10-09 15:51:35;UPDATE `pe_bl_lignes` SET `num_palette` = 0, `id_palette` = 10600 WHERE `id` IN (76010)
2024-10-09 15:51:35;UPDATE `pe_palette_composition` SET `id_palette` = 10600 WHERE `id` IN (88852)
2024-10-09 15:51:57;UPDATE `pe_bl` SET `supprime` = 0 ,`num_cmd` = "blo15" ,`date` = "2024-10-09" ,`id_tiers_facturation` = 412 ,`id_tiers_livraison` = 412 ,`id_adresse_livraison` = 634 ,`id_tiers_transporteur` = 112 ,`regroupement` = 0 ,`date_livraison` = "2024-10-31" ,`chiffrage` = 0 ,`statut` = 1  WHERE id = 8372
2024-10-09 15:52:00;UPDATE `pe_bl` SET `supprime` = 1 WHERE `id` IN (1,3,4,9,10,40,42,51,53,65,72,80,81,84,85,86,88,93,96,108,111,112,139,140,147,150,160,168,173,174,176,182,191,195,196,199,202,203,211,236,237,247,248,251,252,274,275,276,282,284,285,287,298,301,307,308,310,311,336,343,366,367,379,380,401,402,403,404,407,409,411,502,510,512,521,527,534,568,569,641,691,692,715,716,717,718,719,720,721,722,730,731,797,856,957,1038,1040,1041,1062,1087,1101,1110,1125,1142,1143,1144,1243,1343,1378,1514,1533,1565,1571,1642,1676,1771,1814,1832,1860,1881,1929,1943,1992,2004,2039,2040,2041,2042,2106,2132,2133,2145,2146,2184,2195,2197,2201,2205,2210,2216,2223,2230,2238,2275,2290,2304,2318,2354,2508,2529,2584,2585,2588,2646,2681,2687,2692,2694,2706,2713,2714,2911,3003,3007,3042,3062,3080,3081,3098,3155,3204,3215,3267,3271,3273,3360,3449,3464,3479,3526,3615,3635,3643,3653,3688,3706,3707,3711,3794,3804,3888,3965,3982,3983,4112,4209,4223,4232,4233,4307,4308,4336,4439,4463,4472,4473,4474,4514,4526,4530,4531,4557,4568,4679,4703,4711,4713,4720,4737,4816,4976,5054,5083,5095,5124,5150,5253,5295,5334,5376,5411,5413,5415,5423,5481,5486,5492,5554,5631,5632,5669,5689,5714,5812,5874,5914,5941,5948,6004,6068,6118,6121,6160,6163,6260,6322,6379,6464,6506,6570,6608,6712,6780,6799,6800,6926,7004,7256,7369,7575,7610,7641,7713,7747,7749,7849,7856,8026,8028,8035,8041,8043,8046,8061,8092,8181,8254,8257,8259,8337,8339,8340,8341,8342,8343,8344,8345,8346,8347,8348,8349,8350,8351,8352,8353,8355,8356,8359,8360,8361,8362,8363,8364,8365,8370,8371)
2024-10-09 15:52:32;UPDATE `pe_bl` SET `num_cmd` = "blo15" ,`id_tiers_facturation` = 412 ,`id_tiers_livraison` = 412 ,`id_tiers_transporteur` = 112 ,`id_adresse_livraison` = 634 ,`nom_client` = "" ,`statut` = 1 ,`supprime` = 0 ,`date_livraison` = "2024-10-31"  WHERE id = 8372
2024-10-09 15:52:32;UPDATE `pe_bl_lignes` SET `id_palette` = 10600 ,`id_produit` = 445 ,`id_produit_bl` = 0 ,`id_lot` = 5815 ,`numlot` = "246029DUE219" ,`poids` = 100 ,`nb_colis` = 2 ,`pu_ht` = 200 ,`qte` = 1 ,`tva` = 5.5 ,`supprime` = 0  WHERE `id` = 76010
2024-10-09 15:52:32;UPDATE `pe_bl_lignes` SET `qte` = 1 ,`id_palette` = 10601 ,`id_produit` = 75 ,`id_produit_bl` = 0 ,`id_lot` = 5811 ,`numlot` = "242939FDN" ,`poids` = 200 ,`nb_colis` = 2 ,`pu_ht` = 300 ,`tva` = 5.5 ,`supprime` = 0  WHERE `id` = 76011
2024-10-09 15:53:28;UPDATE `pe_bl` SET `num_cmd` = "blo15" ,`date` = "2024-10-09" ,`id_tiers_facturation` = 412 ,`id_tiers_livraison` = 412 ,`id_adresse_livraison` = 634 ,`id_tiers_transporteur` = 112 ,`date_livraison` = "2024-10-31"  WHERE id = 8372
2024-10-09 15:53:28;UPDATE `pe_bl_lignes` SET `id_palette` = 10600 ,`id_produit` = 445 ,`id_produit_bl` = 0 ,`id_lot` = 5815 ,`numlot` = "246029DUE219" ,`poids` = 100 ,`nb_colis` = 2 ,`qte` = 1 ,`pu_ht` = 200 ,`tva` = 5.5 ,`id_pays` = 0  WHERE `id` = 76010
2024-10-09 15:53:28;UPDATE `pe_bl_lignes` SET `qte` = 1 ,`id_palette` = 10601 ,`id_produit` = 75 ,`id_produit_bl` = 0 ,`id_lot` = 5811 ,`numlot` = "242939FDN" ,`poids` = 200 ,`nb_colis` = 2 ,`pu_ht` = 300 ,`tva` = 5.5 ,`id_pays` = 18  WHERE `id` = 76011
2024-10-09 15:53:28;UPDATE `pe_tiers` SET `id_langue` = 1  WHERE `id` = 412
2024-10-09 15:53:28;UPDATE `pe_tiers_types` SET `id_famille` = 0 WHERE `id_tiers` = 412
2024-10-09 15:53:28;UPDATE `pe_bl` SET `num_cmd` = "blo15" ,`date` = "2024-10-09" ,`id_tiers_facturation` = 412 ,`id_tiers_livraison` = 412 ,`id_adresse_livraison` = 634 ,`id_tiers_transporteur` = 112 ,`date_livraison` = "2024-10-31" ,`chiffrage` = 0  WHERE id = 8372
2024-10-09 15:53:28;UPDATE `pe_bl` SET `num_cmd` = "blo15" ,`date` = "2024-10-09" ,`id_tiers_facturation` = 412 ,`id_tiers_livraison` = 412 ,`id_adresse_livraison` = 634 ,`id_tiers_transporteur` = 112 ,`date_livraison` = "2024-10-31" ,`chiffrage` = 0 ,`statut` = 2 ,`supprime` = 0  WHERE id = 8372
2024-10-09 15:53:28;UPDATE `pe_palette_composition` SET `supprime` = 1, `archive` = 1 WHERE `id` IN (88852,88853)
2024-10-09 15:53:28;UPDATE `pe_bl` SET `date_envoi` = NULL WHERE `id` = 8372
2024-10-09 15:54:43;UPDATE `pe_bl_lignes` SET `num_palette` = 0, `id_palette` = 10600 WHERE `id` IN (76010)
2024-10-09 15:54:43;UPDATE `pe_palette_composition` SET `id_palette` = 10600 WHERE `id` IN (88852)
2024-10-09 15:54:59;UPDATE `pe_bl_lignes` SET `qte` = 100  WHERE `id` = 76010
2024-10-09 15:54:59;UPDATE `pe_bl_lignes` SET `qte` = 50  WHERE `id` = 76011
2024-10-09 15:56:26;UPDATE `pe_bl_lignes` SET `qte` = 1  WHERE `id` = 76010
2024-10-09 15:56:29;UPDATE `pe_bl_lignes` SET `nb_colis` = 0  WHERE `id` = 76010
2024-10-09 15:56:37;UPDATE `pe_bl_lignes` SET `qte` = 1  WHERE `id` = 76010
2024-10-09 15:56:59;UPDATE `pe_bl_lignes` SET `qte` = 1  WHERE `id` = 76010
2024-10-09 16:29:33;UPDATE `pe_bl_lignes` SET `qte` = 1  WHERE `id` = 76010
2024-10-09 16:29:43;UPDATE `pe_bl_lignes` SET `qte` = 2  WHERE `id` = 76010
2024-10-09 16:33:22;UPDATE `pe_bl_lignes` SET `qte` = 2  WHERE `id` = 76010
2024-10-09 16:33:26;UPDATE `pe_bl_lignes` SET `poids` = 200  WHERE `id` = 76010
2024-10-09 16:33:26;UPDATE `pe_palette_composition` SET `poids` = 200  WHERE `id` = 88852
2024-10-09 16:33:33;UPDATE `pe_bl_lignes` SET `poids` = 200  WHERE `id` = 76010
2024-10-09 16:33:33;UPDATE `pe_palette_composition` SET `poids` = 200  WHERE `id` = 88852
2024-10-09 16:33:36;UPDATE `pe_bl_lignes` SET `qte` = 5  WHERE `id` = 76010
2024-10-09 16:33:54;UPDATE `pe_bl_lignes` SET `poids` = 50  WHERE `id` = 76010
2024-10-09 16:33:54;UPDATE `pe_palette_composition` SET `poids` = 50  WHERE `id` = 88852
2024-10-09 16:34:09;UPDATE `pe_bl_lignes` SET `poids` = 40  WHERE `id` = 76010
2024-10-09 16:34:09;UPDATE `pe_palette_composition` SET `poids` = 40  WHERE `id` = 88852
2024-10-09 16:37:45;UPDATE `pe_bl_lignes` SET `qte` = 5  WHERE `id` = 76010
2024-10-09 16:38:07;UPDATE `pe_bl_lignes` SET `qte` = 5  WHERE `id` = 76010
2024-10-09 16:39:01;UPDATE `pe_langues` SET `actif` = 1 WHERE `iso` = "FR"
2024-10-09 16:39:01;UPDATE `pe_consommables` SET `id_precedent` = 0, `date_upd` = null WHERE `date_upd` < CURDATE()
2024-10-09 16:39:09;UPDATE `pe_bl` SET `supprime` = 1 WHERE `id` IN (1,3,4,9,10,40,42,51,53,65,72,80,81,84,85,86,88,93,96,108,111,112,139,140,147,150,160,168,173,174,176,182,191,195,196,199,202,203,211,236,237,247,248,251,252,274,275,276,282,284,285,287,298,301,307,308,310,311,336,343,366,367,379,380,401,402,403,404,407,409,411,502,510,512,521,527,534,568,569,641,691,692,715,716,717,718,719,720,721,722,730,731,797,856,957,1038,1040,1041,1062,1087,1101,1110,1125,1142,1143,1144,1243,1343,1378,1514,1533,1565,1571,1642,1676,1771,1814,1832,1860,1881,1929,1943,1992,2004,2039,2040,2041,2042,2106,2132,2133,2145,2146,2184,2195,2197,2201,2205,2210,2216,2223,2230,2238,2275,2290,2304,2318,2354,2508,2529,2584,2585,2588,2646,2681,2687,2692,2694,2706,2713,2714,2911,3003,3007,3042,3062,3080,3081,3098,3155,3204,3215,3267,3271,3273,3360,3449,3464,3479,3526,3615,3635,3643,3653,3688,3706,3707,3711,3794,3804,3888,3965,3982,3983,4112,4209,4223,4232,4233,4307,4308,4336,4439,4463,4472,4473,4474,4514,4526,4530,4531,4557,4568,4679,4703,4711,4713,4720,4737,4816,4976,5054,5083,5095,5124,5150,5253,5295,5334,5376,5411,5413,5415,5423,5481,5486,5492,5554,5631,5632,5669,5689,5714,5812,5874,5914,5941,5948,6004,6068,6118,6121,6160,6163,6260,6322,6379,6464,6506,6570,6608,6712,6780,6799,6800,6926,7004,7256,7369,7575,7610,7641,7713,7747,7749,7849,7856,8026,8028,8035,8041,8043,8046,8061,8092,8181,8254,8257,8259,8337,8339,8340,8341,8342,8343,8344,8345,8346,8347,8348,8349,8350,8351,8352,8353,8355,8356,8359,8360,8361,8362,8363,8364,8365,8370,8371)
2024-10-09 16:41:01;UPDATE `pe_bl_lignes` SET `qte` = 5  WHERE `id` = 76010
2024-10-09 16:41:58;UPDATE `pe_bl_lignes` SET `pu_ht` = 200  WHERE `id` = 76010
2024-10-09 16:42:01;UPDATE `pe_bl_lignes` SET `poids` = 40  WHERE `id` = 76010
2024-10-09 16:42:01;UPDATE `pe_palette_composition` SET `poids` = 40  WHERE `id` = 88852
2024-10-09 16:42:03;UPDATE `pe_bl_lignes` SET `qte` = 5  WHERE `id` = 76010
2024-10-09 16:42:05;UPDATE `pe_bl_lignes` SET `poids` = 40  WHERE `id` = 76010
2024-10-09 16:42:05;UPDATE `pe_palette_composition` SET `poids` = 40  WHERE `id` = 88852
2024-10-09 16:42:11;UPDATE `pe_bl_lignes` SET `poids` = 40  WHERE `id` = 76010
2024-10-09 16:42:11;UPDATE `pe_palette_composition` SET `poids` = 40  WHERE `id` = 88852
2024-10-09 16:42:13;UPDATE `pe_bl_lignes` SET `qte` = 5  WHERE `id` = 76010
2024-10-09 16:42:14;UPDATE `pe_bl_lignes` SET `poids` = 40  WHERE `id` = 76010
2024-10-09 16:42:14;UPDATE `pe_palette_composition` SET `poids` = 40  WHERE `id` = 88852
2024-10-09 16:43:32;UPDATE `pe_bl_lignes` SET `qte` = 50  WHERE `id` = 76011
2024-10-09 16:44:16;UPDATE `pe_bl_lignes` SET `qte` = 5  WHERE `id` = 76010
2024-10-09 16:44:17;UPDATE `pe_bl_lignes` SET `num_palette` = 0, `id_palette` = 10600 WHERE `id` IN (76010)
2024-10-09 16:44:17;UPDATE `pe_palette_composition` SET `id_palette` = 10600 WHERE `id` IN (88852)
2024-10-09 16:44:25;UPDATE `pe_bl_lignes` SET `nb_colis` = 0  WHERE `id` = 76010
2024-10-09 16:44:25;UPDATE `pe_bl_lignes` SET `qte` = 5  WHERE `id` = 76010
2024-10-09 16:44:40;UPDATE `pe_bl_lignes` SET `poids` = 40  WHERE `id` = 76010
2024-10-09 16:44:40;UPDATE `pe_palette_composition` SET `poids` = 40  WHERE `id` = 88852
2024-10-09 16:45:15;UPDATE `pe_bl_lignes` SET `qte` = 15  WHERE `id` = 76010
2024-10-09 16:45:23;UPDATE `pe_bl_lignes` SET `qte` = 15  WHERE `id` = 76010
2024-10-09 16:45:33;UPDATE `pe_bl_lignes` SET `qte` = 15  WHERE `id` = 76010
2024-10-09 16:49:01;UPDATE `pe_bl_lignes` SET `qte` = 15  WHERE `id` = 76010
2024-10-09 16:49:15;UPDATE `pe_bl_lignes` SET `qte` = 15  WHERE `id` = 76010
2024-10-09 16:52:21;UPDATE `pe_bl_lignes` SET `poids` = 40  WHERE `id` = 76010
2024-10-09 16:52:21;UPDATE `pe_palette_composition` SET `poids` = 40  WHERE `id` = 88852
2024-10-09 16:52:23;UPDATE `pe_bl_lignes` SET `qte` = 15  WHERE `id` = 76010
2024-10-09 16:53:40;UPDATE `pe_langues` SET `actif` = 1 WHERE `iso` = "FR"
2024-10-09 16:53:40;UPDATE `pe_consommables` SET `id_precedent` = 0, `date_upd` = null WHERE `date_upd` < CURDATE()
2024-10-09 16:53:58;UPDATE `pe_bl` SET `supprime` = 1 WHERE `id` IN (1,3,4,9,10,40,42,51,53,65,72,80,81,84,85,86,88,93,96,108,111,112,139,140,147,150,160,168,173,174,176,182,191,195,196,199,202,203,211,236,237,247,248,251,252,274,275,276,282,284,285,287,298,301,307,308,310,311,336,343,366,367,379,380,401,402,403,404,407,409,411,502,510,512,521,527,534,568,569,641,691,692,715,716,717,718,719,720,721,722,730,731,797,856,957,1038,1040,1041,1062,1087,1101,1110,1125,1142,1143,1144,1243,1343,1378,1514,1533,1565,1571,1642,1676,1771,1814,1832,1860,1881,1929,1943,1992,2004,2039,2040,2041,2042,2106,2132,2133,2145,2146,2184,2195,2197,2201,2205,2210,2216,2223,2230,2238,2275,2290,2304,2318,2354,2508,2529,2584,2585,2588,2646,2681,2687,2692,2694,2706,2713,2714,2911,3003,3007,3042,3062,3080,3081,3098,3155,3204,3215,3267,3271,3273,3360,3449,3464,3479,3526,3615,3635,3643,3653,3688,3706,3707,3711,3794,3804,3888,3965,3982,3983,4112,4209,4223,4232,4233,4307,4308,4336,4439,4463,4472,4473,4474,4514,4526,4530,4531,4557,4568,4679,4703,4711,4713,4720,4737,4816,4976,5054,5083,5095,5124,5150,5253,5295,5334,5376,5411,5413,5415,5423,5481,5486,5492,5554,5631,5632,5669,5689,5714,5812,5874,5914,5941,5948,6004,6068,6118,6121,6160,6163,6260,6322,6379,6464,6506,6570,6608,6712,6780,6799,6800,6926,7004,7256,7369,7575,7610,7641,7713,7747,7749,7849,7856,8026,8028,8035,8041,8043,8046,8061,8092,8181,8254,8257,8259,8337,8339,8340,8341,8342,8343,8344,8345,8346,8347,8348,8349,8350,8351,8352,8353,8355,8356,8359,8360,8361,8362,8363,8364,8365,8370,8371)
2024-10-09 16:54:37;UPDATE `pe_bl_lignes` SET `nb_colis` = 2  WHERE `id` = 76010
2024-10-09 16:54:44;UPDATE `pe_bl_lignes` SET `nb_colis` = 3  WHERE `id` = 76010
2024-10-09 16:55:36;UPDATE `pe_bl_lignes` SET `qte` = 15  WHERE `id` = 76010
2024-10-09 16:55:40;UPDATE `pe_bl_lignes` SET `nb_colis` = 3  WHERE `id` = 76010
2024-10-09 16:55:48;UPDATE `pe_bl` SET `num_cmd` = "blo15" ,`date` = "2024-10-09" ,`id_tiers_facturation` = 412 ,`id_tiers_livraison` = 412 ,`id_adresse_livraison` = 634 ,`id_tiers_transporteur` = 112 ,`date_livraison` = "2024-10-31"  WHERE id = 8372
2024-10-09 16:55:48;UPDATE `pe_bl_lignes` SET `id_palette` = 10600 ,`id_produit` = 445 ,`id_produit_bl` = 0 ,`id_lot` = 5815 ,`numlot` = "246029DUE219" ,`poids` = 40 ,`nb_colis` = 3 ,`qte` = 15 ,`pu_ht` = 200 ,`tva` = 5.5 ,`id_pays` = 0  WHERE `id` = 76010
2024-10-09 16:55:48;UPDATE `pe_bl_lignes` SET `qte` = 1 ,`id_palette` = 10601 ,`id_produit` = 75 ,`id_produit_bl` = 0 ,`id_lot` = 5811 ,`numlot` = "242939FDN" ,`poids` = 200 ,`nb_colis` = 2 ,`pu_ht` = 300 ,`tva` = 5.5 ,`id_pays` = 18  WHERE `id` = 76011
2024-10-09 16:55:48;UPDATE `pe_tiers` SET `id_langue` = 1  WHERE `id` = 412
2024-10-09 16:55:48;UPDATE `pe_tiers_types` SET `id_famille` = 0 WHERE `id_tiers` = 412
2024-10-09 16:55:48;UPDATE `pe_bl` SET `num_cmd` = "blo15" ,`date` = "2024-10-09" ,`id_tiers_facturation` = 412 ,`id_tiers_livraison` = 412 ,`id_adresse_livraison` = 634 ,`id_tiers_transporteur` = 112 ,`date_livraison` = "2024-10-31" ,`chiffrage` = 0  WHERE id = 8372
2024-10-09 16:55:48;UPDATE `pe_bl` SET `num_cmd` = "blo15" ,`date` = "2024-10-09" ,`id_tiers_facturation` = 412 ,`id_tiers_livraison` = 412 ,`id_adresse_livraison` = 634 ,`id_tiers_transporteur` = 112 ,`date_livraison` = "2024-10-31" ,`chiffrage` = 0 ,`statut` = 2 ,`supprime` = 0  WHERE id = 8372
2024-10-09 16:55:48;UPDATE `pe_palette_composition` SET `supprime` = 1, `archive` = 1 WHERE `id` IN (88852,88853)
2024-10-09 16:55:48;UPDATE `pe_bl` SET `date_envoi` = NULL WHERE `id` = 8372
2024-10-09 16:56:50;UPDATE `pe_bl_lignes` SET `qte` = 15  WHERE `id` = 76010
2024-10-09 16:56:51;UPDATE `pe_bl_lignes` SET `nb_colis` = 3  WHERE `id` = 76010
2024-10-09 16:56:51;UPDATE `pe_bl_lignes` SET `qte` = 15  WHERE `id` = 76010
2024-10-09 16:56:55;UPDATE `pe_bl_lignes` SET `nb_colis` = 15  WHERE `id` = 76010
2024-10-09 16:56:57;UPDATE `pe_bl` SET `num_cmd` = "blo15" ,`date` = "2024-10-09" ,`id_tiers_facturation` = 412 ,`id_tiers_livraison` = 412 ,`id_adresse_livraison` = 634 ,`id_tiers_transporteur` = 112 ,`date_livraison` = "2024-10-31"  WHERE id = 8372
2024-10-09 16:56:57;UPDATE `pe_bl_lignes` SET `id_palette` = 10600 ,`id_produit` = 445 ,`id_produit_bl` = 0 ,`id_lot` = 5815 ,`numlot` = "246029DUE219" ,`poids` = 40 ,`nb_colis` = 15 ,`qte` = 15 ,`pu_ht` = 200 ,`tva` = 5.5 ,`id_pays` = 0  WHERE `id` = 76010
2024-10-09 16:56:57;UPDATE `pe_bl_lignes` SET `qte` = 1 ,`id_palette` = 10601 ,`id_produit` = 75 ,`id_produit_bl` = 0 ,`id_lot` = 5811 ,`numlot` = "242939FDN" ,`poids` = 200 ,`nb_colis` = 2 ,`pu_ht` = 300 ,`tva` = 5.5 ,`id_pays` = 18  WHERE `id` = 76011
2024-10-09 16:56:57;UPDATE `pe_tiers` SET `id_langue` = 1  WHERE `id` = 412
2024-10-09 16:56:57;UPDATE `pe_tiers_types` SET `id_famille` = 0 WHERE `id_tiers` = 412
2024-10-09 16:56:58;UPDATE `pe_bl` SET `num_cmd` = "blo15" ,`date` = "2024-10-09" ,`id_tiers_facturation` = 412 ,`id_tiers_livraison` = 412 ,`id_adresse_livraison` = 634 ,`id_tiers_transporteur` = 112 ,`date_livraison` = "2024-10-31" ,`chiffrage` = 0  WHERE id = 8372
2024-10-09 16:56:58;UPDATE `pe_bl` SET `num_cmd` = "blo15" ,`date` = "2024-10-09" ,`id_tiers_facturation` = 412 ,`id_tiers_livraison` = 412 ,`id_adresse_livraison` = 634 ,`id_tiers_transporteur` = 112 ,`date_livraison` = "2024-10-31" ,`chiffrage` = 0 ,`statut` = 2 ,`supprime` = 0  WHERE id = 8372
2024-10-09 16:56:58;UPDATE `pe_palette_composition` SET `supprime` = 1, `archive` = 1 WHERE `id` IN (88852,88853)
2024-10-09 16:56:58;UPDATE `pe_bl` SET `date_envoi` = NULL WHERE `id` = 8372
2024-10-09 16:57:55;UPDATE `pe_bl_lignes` SET `nb_colis` = 0  WHERE `id` = 76010
2024-10-09 16:58:02;UPDATE `pe_bl_lignes` SET `nb_colis` = 15  WHERE `id` = 76010
2024-10-09 16:58:07;UPDATE `pe_bl` SET `num_cmd` = "blo15" ,`date` = "2024-10-09" ,`id_tiers_facturation` = 412 ,`id_tiers_livraison` = 412 ,`id_adresse_livraison` = 634 ,`id_tiers_transporteur` = 112 ,`date_livraison` = "2024-10-31"  WHERE id = 8372
2024-10-09 16:58:07;UPDATE `pe_bl_lignes` SET `id_palette` = 10600 ,`id_produit` = 445 ,`id_produit_bl` = 0 ,`id_lot` = 5815 ,`numlot` = "246029DUE219" ,`poids` = 40 ,`nb_colis` = 15 ,`qte` = 15 ,`pu_ht` = 200 ,`tva` = 5.5 ,`id_pays` = 0  WHERE `id` = 76010
2024-10-09 16:58:07;UPDATE `pe_bl_lignes` SET `qte` = 1 ,`id_palette` = 10601 ,`id_produit` = 75 ,`id_produit_bl` = 0 ,`id_lot` = 5811 ,`numlot` = "242939FDN" ,`poids` = 200 ,`nb_colis` = 2 ,`pu_ht` = 300 ,`tva` = 5.5 ,`id_pays` = 18  WHERE `id` = 76011
2024-10-09 16:58:07;UPDATE `pe_tiers` SET `id_langue` = 1  WHERE `id` = 412
2024-10-09 16:58:07;UPDATE `pe_tiers_types` SET `id_famille` = 0 WHERE `id_tiers` = 412
2024-10-09 16:58:07;UPDATE `pe_bl` SET `num_cmd` = "blo15" ,`date` = "2024-10-09" ,`id_tiers_facturation` = 412 ,`id_tiers_livraison` = 412 ,`id_adresse_livraison` = 634 ,`id_tiers_transporteur` = 112 ,`date_livraison` = "2024-10-31" ,`chiffrage` = 0  WHERE id = 8372
2024-10-09 16:58:07;UPDATE `pe_bl` SET `num_cmd` = "blo15" ,`date` = "2024-10-09" ,`id_tiers_facturation` = 412 ,`id_tiers_livraison` = 412 ,`id_adresse_livraison` = 634 ,`id_tiers_transporteur` = 112 ,`date_livraison` = "2024-10-31" ,`chiffrage` = 0 ,`statut` = 2 ,`supprime` = 0  WHERE id = 8372
2024-10-09 16:58:07;UPDATE `pe_palette_composition` SET `supprime` = 1, `archive` = 1 WHERE `id` IN (88852,88853)
2024-10-09 16:58:07;UPDATE `pe_bl` SET `date_envoi` = NULL WHERE `id` = 8372
2024-10-09 16:58:20;UPDATE `pe_bl_lignes` SET `qte` = 20  WHERE `id` = 76010
2024-10-09 16:58:23;UPDATE `pe_bl` SET `num_cmd` = "blo15" ,`date` = "2024-10-09" ,`id_tiers_facturation` = 412 ,`id_tiers_livraison` = 412 ,`id_adresse_livraison` = 634 ,`id_tiers_transporteur` = 112 ,`date_livraison` = "2024-10-31"  WHERE id = 8372
2024-10-09 16:58:23;UPDATE `pe_bl_lignes` SET `id_palette` = 10600 ,`id_produit` = 445 ,`id_produit_bl` = 0 ,`id_lot` = 5815 ,`numlot` = "246029DUE219" ,`poids` = 40 ,`nb_colis` = 15 ,`qte` = 20 ,`pu_ht` = 200 ,`tva` = 5.5 ,`id_pays` = 0  WHERE `id` = 76010
2024-10-09 16:58:23;UPDATE `pe_bl_lignes` SET `qte` = 1 ,`id_palette` = 10601 ,`id_produit` = 75 ,`id_produit_bl` = 0 ,`id_lot` = 5811 ,`numlot` = "242939FDN" ,`poids` = 200 ,`nb_colis` = 2 ,`pu_ht` = 300 ,`tva` = 5.5 ,`id_pays` = 18  WHERE `id` = 76011
2024-10-09 16:58:23;UPDATE `pe_tiers` SET `id_langue` = 1  WHERE `id` = 412
2024-10-09 16:58:23;UPDATE `pe_tiers_types` SET `id_famille` = 0 WHERE `id_tiers` = 412
2024-10-09 16:58:23;UPDATE `pe_bl` SET `num_cmd` = "blo15" ,`date` = "2024-10-09" ,`id_tiers_facturation` = 412 ,`id_tiers_livraison` = 412 ,`id_adresse_livraison` = 634 ,`id_tiers_transporteur` = 112 ,`date_livraison` = "2024-10-31" ,`chiffrage` = 0  WHERE id = 8372
2024-10-09 16:58:23;UPDATE `pe_bl` SET `num_cmd` = "blo15" ,`date` = "2024-10-09" ,`id_tiers_facturation` = 412 ,`id_tiers_livraison` = 412 ,`id_adresse_livraison` = 634 ,`id_tiers_transporteur` = 112 ,`date_livraison` = "2024-10-31" ,`chiffrage` = 0 ,`statut` = 2 ,`supprime` = 0  WHERE id = 8372
2024-10-09 16:58:23;UPDATE `pe_palette_composition` SET `supprime` = 1, `archive` = 1 WHERE `id` IN (88852,88853)
2024-10-09 16:58:23;UPDATE `pe_bl` SET `date_envoi` = NULL WHERE `id` = 8372
2024-10-09 16:58:31;UPDATE `pe_bl_lignes` SET `nb_colis` = 15  WHERE `id` = 76010
2024-10-09 16:58:32;UPDATE `pe_bl_lignes` SET `qte` = 20  WHERE `id` = 76010
2024-10-09 16:58:34;UPDATE `pe_bl_lignes` SET `qte` = 20  WHERE `id` = 76010
2024-10-09 16:58:36;UPDATE `pe_bl_lignes` SET `qte` = 20  WHERE `id` = 76010
2024-10-09 16:58:36;UPDATE `pe_bl_lignes` SET `nb_colis` = 15  WHERE `id` = 76010
2024-10-09 16:58:37;UPDATE `pe_bl_lignes` SET `qte` = 20  WHERE `id` = 76010
2024-10-09 16:59:22;UPDATE `pe_bl_lignes` SET `qte` = 20  WHERE `id` = 76010
2024-10-09 16:59:23;UPDATE `pe_bl_lignes` SET `poids` = 40  WHERE `id` = 76010
2024-10-09 16:59:23;UPDATE `pe_palette_composition` SET `poids` = 40  WHERE `id` = 88852
2024-10-09 16:59:29;UPDATE `pe_bl_lignes` SET `poids` = 50  WHERE `id` = 76010
2024-10-09 16:59:29;UPDATE `pe_palette_composition` SET `poids` = 50  WHERE `id` = 88852
2024-10-09 16:59:31;UPDATE `pe_bl` SET `num_cmd` = "blo15" ,`date` = "2024-10-09" ,`id_tiers_facturation` = 412 ,`id_tiers_livraison` = 412 ,`id_adresse_livraison` = 634 ,`id_tiers_transporteur` = 112 ,`date_livraison` = "2024-10-31"  WHERE id = 8372
2024-10-09 16:59:31;UPDATE `pe_bl_lignes` SET `id_palette` = 10600 ,`id_produit` = 445 ,`id_produit_bl` = 0 ,`id_lot` = 5815 ,`numlot` = "246029DUE219" ,`poids` = 50 ,`nb_colis` = 15 ,`qte` = 20 ,`pu_ht` = 200 ,`tva` = 5.5 ,`id_pays` = 0  WHERE `id` = 76010
2024-10-09 16:59:31;UPDATE `pe_bl_lignes` SET `qte` = 1 ,`id_palette` = 10601 ,`id_produit` = 75 ,`id_produit_bl` = 0 ,`id_lot` = 5811 ,`numlot` = "242939FDN" ,`poids` = 200 ,`nb_colis` = 2 ,`pu_ht` = 300 ,`tva` = 5.5 ,`id_pays` = 18  WHERE `id` = 76011
2024-10-09 16:59:31;UPDATE `pe_tiers` SET `id_langue` = 1  WHERE `id` = 412
2024-10-09 16:59:31;UPDATE `pe_tiers_types` SET `id_famille` = 0 WHERE `id_tiers` = 412
2024-10-09 16:59:31;UPDATE `pe_bl` SET `num_cmd` = "blo15" ,`date` = "2024-10-09" ,`id_tiers_facturation` = 412 ,`id_tiers_livraison` = 412 ,`id_adresse_livraison` = 634 ,`id_tiers_transporteur` = 112 ,`date_livraison` = "2024-10-31" ,`chiffrage` = 0  WHERE id = 8372
2024-10-09 16:59:31;UPDATE `pe_bl` SET `num_cmd` = "blo15" ,`date` = "2024-10-09" ,`id_tiers_facturation` = 412 ,`id_tiers_livraison` = 412 ,`id_adresse_livraison` = 634 ,`id_tiers_transporteur` = 112 ,`date_livraison` = "2024-10-31" ,`chiffrage` = 0 ,`statut` = 2 ,`supprime` = 0  WHERE id = 8372
2024-10-09 16:59:31;UPDATE `pe_palette_composition` SET `supprime` = 1, `archive` = 1 WHERE `id` IN (88852,88853)
2024-10-09 16:59:31;UPDATE `pe_bl` SET `date_envoi` = NULL WHERE `id` = 8372
2024-10-09 17:00:14;UPDATE `pe_bl_lignes` SET `qte` = 20  WHERE `id` = 76010
2024-10-09 17:06:34;UPDATE `pe_langues` SET `actif` = 1 WHERE `iso` = "FR"
2024-10-09 17:06:34;UPDATE `pe_consommables` SET `id_precedent` = 0, `date_upd` = null WHERE `date_upd` < CURDATE()
2024-10-09 17:06:47;UPDATE `pe_langues` SET `actif` = 1 WHERE `iso` = "FR"
2024-10-09 17:06:47;UPDATE `pe_consommables` SET `id_precedent` = 0, `date_upd` = null WHERE `date_upd` < CURDATE()
2024-10-09 17:06:54;UPDATE `pe_factures` SET `montant_interbev` = 0.27  WHERE `id` = 100293
2024-10-09 17:06:54;UPDATE `pe_factures` SET `montant_interbev` = 2.99  WHERE `id` = 100292
2024-10-09 17:06:54;UPDATE `pe_factures` SET `montant_interbev` = 1.43  WHERE `id` = 100291
2024-10-09 17:06:54;UPDATE `pe_factures` SET `montant_interbev` = 2.3  WHERE `id` = 100290
2024-10-09 17:06:54;UPDATE `pe_factures` SET `montant_interbev` = 3.76  WHERE `id` = 100288
2024-10-09 17:06:54;UPDATE `pe_factures` SET `montant_interbev` = 3.97  WHERE `id` = 100287
2024-10-09 17:06:54;UPDATE `pe_factures` SET `montant_interbev` = 0.92  WHERE `id` = 100286
2024-10-09 17:06:54;UPDATE `pe_factures` SET `montant_interbev` = 5.01  WHERE `id` = 100285
2024-10-09 17:06:54;UPDATE `pe_factures` SET `montant_interbev` = 6.9  WHERE `id` = 100284
2024-10-09 17:06:54;UPDATE `pe_factures` SET `montant_interbev` = 2.16  WHERE `id` = 100280
2024-10-09 17:06:54;UPDATE `pe_factures` SET `montant_interbev` = 4.32  WHERE `id` = 100278
2024-10-09 17:06:54;UPDATE `pe_factures` SET `montant_interbev` = 6.82  WHERE `id` = 100277
2024-10-09 17:06:54;UPDATE `pe_factures` SET `montant_interbev` = 4.25  WHERE `id` = 100276
2024-10-09 17:06:54;UPDATE `pe_factures` SET `montant_interbev` = 5.14  WHERE `id` = 100275
2024-10-09 17:06:54;UPDATE `pe_factures` SET `montant_interbev` = 0.52  WHERE `id` = 100274
2024-10-09 17:06:54;UPDATE `pe_factures` SET `montant_interbev` = 0.14  WHERE `id` = 100273
2024-10-09 17:06:54;UPDATE `pe_factures` SET `montant_interbev` = 0.45  WHERE `id` = 100271
2024-10-09 17:06:54;UPDATE `pe_factures` SET `montant_interbev` = 1.12  WHERE `id` = 100270
2024-10-09 17:06:54;UPDATE `pe_factures` SET `montant_interbev` = 0.65  WHERE `id` = 100269
