2024-07-25 08:51:03;UPDATE `pe_langues` SET `actif` = 1 WHERE `iso` = "FR"
2024-07-25 08:51:03;UPDATE `pe_consommables` SET `id_precedent` = 0, `date_upd` = null WHERE `date_upd` < CURDATE()
2024-07-25 08:57:25;UPDATE `pe_langues` SET `actif` = 1 WHERE `iso` = "FR"
2024-07-25 08:57:30;DELETE FROM `pe_prp_op` WHERE `id` IN (2390)
2024-07-25 08:57:30;DELETE FROM `pe_prp_bls` WHERE `id_prp_op` IN (2390)
2024-07-25 08:57:30;INSERT INTO `pe_prp_op` (`id_user`) VALUES (0 )
2024-07-25 08:57:35;UPDATE `pe_prp_op` SET `id_transporteur` = 231  WHERE `id` = 2391
2024-07-25 08:58:23;DELETE FROM `pe_prp_bls` WHERE `id_prp_op` = 2391
2024-07-25 08:58:23;INSERT IGNORE INTO `pe_prp_bls` (`id_prp_op`, `id_bl`) VALUES (2391, 8116)
2024-07-25 08:58:27;UPDATE `pe_prp_op` SET `date` = "2024-07-25"  WHERE `id` = 2391
2024-07-25 08:58:36;UPDATE `pe_prp_op` SET `cmd_conforme` = 1  WHERE `id` = 2391
2024-07-25 08:58:41;UPDATE `pe_prp_op` SET `t_surface` = 2 ,`t_surface_conforme` = 1  WHERE `id` = 2391
2024-07-25 08:58:47;UPDATE `pe_prp_op` SET `t_camion` = 2 ,`t_camion_conforme` = 1  WHERE `id` = 2391
2024-07-25 08:58:57;UPDATE `pe_prp_op` SET `emballage_conforme` = 1  WHERE `id` = 2391
2024-07-25 09:00:28;UPDATE `pe_langues` SET `actif` = 1 WHERE `iso` = "FR"
2024-07-25 09:00:28;UPDATE `pe_consommables` SET `id_precedent` = 0, `date_upd` = null WHERE `date_upd` < CURDATE()
2024-07-25 09:09:25;UPDATE `pe_langues` SET `actif` = 1 WHERE `iso` = "FR"
2024-07-25 10:41:15;DELETE FROM `pe_prp_op` WHERE `id` IN (2391)
2024-07-25 10:41:15;DELETE FROM `pe_prp_bls` WHERE `id_prp_op` IN (2391)
2024-07-25 10:41:15;INSERT INTO `pe_prp_op` (`id_user`) VALUES (0 )
2024-07-25 10:41:19;UPDATE `pe_prp_op` SET `id_transporteur` = 231  WHERE `id` = 2392
2024-07-25 10:43:09;DELETE FROM `pe_prp_bls` WHERE `id_prp_op` = 2392
2024-07-25 10:43:09;INSERT IGNORE INTO `pe_prp_bls` (`id_prp_op`, `id_bl`) VALUES (2392, 8116)
2024-07-25 10:43:12;UPDATE `pe_prp_op` SET `date` = "2024-07-25"  WHERE `id` = 2392
2024-07-25 10:43:15;UPDATE `pe_prp_op` SET `cmd_conforme` = 1  WHERE `id` = 2392
2024-07-25 10:43:23;UPDATE `pe_prp_op` SET `t_surface` = 3 ,`t_surface_conforme` = 1  WHERE `id` = 2392
2024-07-25 10:43:27;UPDATE `pe_prp_op` SET `t_camion` = 2 ,`t_camion_conforme` = 1  WHERE `id` = 2392
2024-07-25 11:04:44;UPDATE `pe_prp_op` SET `emballage_conforme` = 0  WHERE `id` = 2392
2024-07-25 13:22:38;UPDATE `pe_prp_op` SET `palettes_poids` = 32 ,`palettes_recues` = 0 ,`palettes_rendues` = 0  WHERE `id` = 2392
2024-07-25 13:22:42;UPDATE `pe_langues` SET `actif` = 1 WHERE `iso` = "FR"
2024-07-25 13:26:01;DELETE FROM `pe_prp_op` WHERE `id` IN (2392)
2024-07-25 13:26:01;DELETE FROM `pe_prp_bls` WHERE `id_prp_op` IN (2392)
2024-07-25 13:26:01;INSERT INTO `pe_prp_op` (`id_user`) VALUES (0 )
2024-07-25 13:26:04;UPDATE `pe_prp_op` SET `id_transporteur` = 231  WHERE `id` = 2393
2024-07-25 13:26:07;DELETE FROM `pe_prp_bls` WHERE `id_prp_op` = 2393
2024-07-25 13:26:07;INSERT IGNORE INTO `pe_prp_bls` (`id_prp_op`, `id_bl`) VALUES (2393, 8116)
2024-07-25 13:29:40;UPDATE `pe_langues` SET `actif` = 1 WHERE `iso` = "FR"
2024-07-25 13:29:48;DELETE FROM `pe_prp_op` WHERE `id` IN (2393)
2024-07-25 13:29:48;DELETE FROM `pe_prp_bls` WHERE `id_prp_op` IN (2393)
2024-07-25 13:29:49;INSERT INTO `pe_prp_op` (`id_user`) VALUES (0 )
2024-07-25 13:29:52;UPDATE `pe_prp_op` SET `id_transporteur` = 231  WHERE `id` = 2394
2024-07-25 13:29:56;DELETE FROM `pe_prp_bls` WHERE `id_prp_op` = 2394
2024-07-25 13:29:56;INSERT IGNORE INTO `pe_prp_bls` (`id_prp_op`, `id_bl`) VALUES (2394, 8116)
2024-07-25 13:29:59;UPDATE `pe_prp_op` SET `date` = "2024-07-25"  WHERE `id` = 2394
2024-07-25 13:30:01;UPDATE `pe_prp_op` SET `cmd_conforme` = 1  WHERE `id` = 2394
2024-07-25 13:30:06;UPDATE `pe_prp_op` SET `t_surface` = 1 ,`t_surface_conforme` = 1  WHERE `id` = 2394
2024-07-25 13:30:10;UPDATE `pe_prp_op` SET `t_camion` = 1 ,`t_camion_conforme` = 1  WHERE `id` = 2394
2024-07-25 13:30:14;UPDATE `pe_prp_op` SET `emballage_conforme` = 1  WHERE `id` = 2394
2024-07-25 13:30:36;UPDATE `pe_langues` SET `actif` = 1 WHERE `iso` = "FR"
2024-07-25 13:33:23;UPDATE `pe_langues` SET `actif` = 1 WHERE `iso` = "FR"
2024-07-25 13:33:32;DELETE FROM `pe_prp_op` WHERE `id` IN (2394)
2024-07-25 13:33:32;DELETE FROM `pe_prp_bls` WHERE `id_prp_op` IN (2394)
2024-07-25 13:33:32;INSERT INTO `pe_prp_op` (`id_user`) VALUES (0 )
2024-07-25 13:33:37;UPDATE `pe_prp_op` SET `id_transporteur` = 231  WHERE `id` = 2395
2024-07-25 13:33:39;DELETE FROM `pe_prp_bls` WHERE `id_prp_op` = 2395
2024-07-25 13:33:39;INSERT IGNORE INTO `pe_prp_bls` (`id_prp_op`, `id_bl`) VALUES (2395, 8116)
2024-07-25 13:33:44;UPDATE `pe_prp_op` SET `date` = "2024-07-25"  WHERE `id` = 2395
2024-07-25 13:33:52;UPDATE `pe_prp_op` SET `cmd_conforme` = 1  WHERE `id` = 2395
2024-07-25 13:33:56;UPDATE `pe_prp_op` SET `t_surface` = 1 ,`t_surface_conforme` = 1  WHERE `id` = 2395
2024-07-25 13:33:58;UPDATE `pe_prp_op` SET `t_camion` = 1 ,`t_camion_conforme` = 1  WHERE `id` = 2395
2024-07-25 13:34:02;UPDATE `pe_prp_op` SET `emballage_conforme` = 1  WHERE `id` = 2395
2024-07-25 13:34:40;UPDATE `pe_langues` SET `actif` = 1 WHERE `iso` = "FR"
2024-07-25 13:34:44;DELETE FROM `pe_prp_op` WHERE `id` IN (2395)
2024-07-25 13:34:44;DELETE FROM `pe_prp_bls` WHERE `id_prp_op` IN (2395)
2024-07-25 13:34:44;INSERT INTO `pe_prp_op` (`id_user`) VALUES (0 )
2024-07-25 13:34:47;UPDATE `pe_prp_op` SET `id_transporteur` = 231  WHERE `id` = 2396
2024-07-25 13:35:13;DELETE FROM `pe_prp_bls` WHERE `id_prp_op` = 2396
2024-07-25 13:35:13;INSERT IGNORE INTO `pe_prp_bls` (`id_prp_op`, `id_bl`) VALUES (2396, 8116)
2024-07-25 13:35:15;UPDATE `pe_prp_op` SET `date` = "2024-07-25"  WHERE `id` = 2396
2024-07-25 13:35:17;UPDATE `pe_prp_op` SET `cmd_conforme` = 1  WHERE `id` = 2396
2024-07-25 13:35:21;UPDATE `pe_prp_op` SET `t_surface` = 1 ,`t_surface_conforme` = 1  WHERE `id` = 2396
2024-07-25 13:35:25;UPDATE `pe_prp_op` SET `t_camion` = 1 ,`t_camion_conforme` = 1  WHERE `id` = 2396
2024-07-25 13:35:34;UPDATE `pe_prp_op` SET `emballage_conforme` = 1  WHERE `id` = 2396
2024-07-25 13:45:18;UPDATE `pe_langues` SET `actif` = 1 WHERE `iso` = "FR"
2024-07-25 13:45:25;DELETE FROM `pe_prp_op` WHERE `id` IN (2396)
2024-07-25 13:45:25;DELETE FROM `pe_prp_bls` WHERE `id_prp_op` IN (2396)
2024-07-25 13:45:25;INSERT INTO `pe_prp_op` (`id_user`) VALUES (0 )
2024-07-25 13:45:27;UPDATE `pe_prp_op` SET `id_transporteur` = 231  WHERE `id` = 2397
2024-07-25 13:45:29;DELETE FROM `pe_prp_bls` WHERE `id_prp_op` = 2397
2024-07-25 13:45:29;INSERT IGNORE INTO `pe_prp_bls` (`id_prp_op`, `id_bl`) VALUES (2397, 8116)
2024-07-25 13:45:34;UPDATE `pe_prp_op` SET `date` = "2024-07-25"  WHERE `id` = 2397
2024-07-25 13:45:46;UPDATE `pe_prp_op` SET `cmd_conforme` = 1  WHERE `id` = 2397
2024-07-25 13:45:51;UPDATE `pe_prp_op` SET `t_surface` = 1 ,`t_surface_conforme` = 1  WHERE `id` = 2397
2024-07-25 13:46:02;UPDATE `pe_prp_op` SET `t_camion` = 1 ,`t_camion_conforme` = 1  WHERE `id` = 2397
2024-07-25 14:02:36;UPDATE `pe_langues` SET `actif` = 1 WHERE `iso` = "FR"
2024-07-25 14:02:54;DELETE FROM `pe_prp_op` WHERE `id` IN (2397)
2024-07-25 14:02:54;DELETE FROM `pe_prp_bls` WHERE `id_prp_op` IN (2397)
2024-07-25 14:02:54;INSERT INTO `pe_prp_op` (`id_user`) VALUES (0 )
2024-07-25 14:02:56;UPDATE `pe_prp_op` SET `id_transporteur` = 231  WHERE `id` = 2398
2024-07-25 14:02:59;DELETE FROM `pe_prp_bls` WHERE `id_prp_op` = 2398
2024-07-25 14:02:59;INSERT IGNORE INTO `pe_prp_bls` (`id_prp_op`, `id_bl`) VALUES (2398, 8116)
2024-07-25 14:03:09;UPDATE `pe_prp_op` SET `date` = "2024-07-25"  WHERE `id` = 2398
2024-07-25 14:03:10;UPDATE `pe_prp_op` SET `cmd_conforme` = 1  WHERE `id` = 2398
2024-07-25 14:03:14;UPDATE `pe_prp_op` SET `t_surface` = 1 ,`t_surface_conforme` = 1  WHERE `id` = 2398
2024-07-25 14:03:18;UPDATE `pe_prp_op` SET `t_camion` = 1 ,`t_camion_conforme` = 1  WHERE `id` = 2398
2024-07-25 14:04:08;UPDATE `pe_langues` SET `actif` = 1 WHERE `iso` = "FR"
2024-07-25 14:05:06;DELETE FROM `pe_prp_op` WHERE `id` IN (2398)
2024-07-25 14:05:06;DELETE FROM `pe_prp_bls` WHERE `id_prp_op` IN (2398)
2024-07-25 14:05:06;INSERT INTO `pe_prp_op` (`id_user`) VALUES (0 )
2024-07-25 14:05:08;UPDATE `pe_prp_op` SET `id_transporteur` = 231  WHERE `id` = 2399
2024-07-25 14:05:10;DELETE FROM `pe_prp_bls` WHERE `id_prp_op` = 2399
2024-07-25 14:05:10;INSERT IGNORE INTO `pe_prp_bls` (`id_prp_op`, `id_bl`) VALUES (2399, 8116)
2024-07-25 14:05:11;UPDATE `pe_prp_op` SET `date` = "2024-07-25"  WHERE `id` = 2399
2024-07-25 14:05:13;UPDATE `pe_prp_op` SET `cmd_conforme` = 1  WHERE `id` = 2399
2024-07-25 14:05:16;UPDATE `pe_prp_op` SET `t_surface` = 1 ,`t_surface_conforme` = 1  WHERE `id` = 2399
2024-07-25 14:05:19;UPDATE `pe_prp_op` SET `t_camion` = 1 ,`t_camion_conforme` = 1  WHERE `id` = 2399
2024-07-25 14:05:31;UPDATE `pe_langues` SET `actif` = 1 WHERE `iso` = "FR"
2024-07-25 14:05:38;DELETE FROM `pe_prp_op` WHERE `id` IN (2399)
2024-07-25 14:05:38;DELETE FROM `pe_prp_bls` WHERE `id_prp_op` IN (2399)
2024-07-25 14:05:38;INSERT INTO `pe_prp_op` (`id_user`) VALUES (0 )
2024-07-25 14:05:40;UPDATE `pe_prp_op` SET `id_transporteur` = 231  WHERE `id` = 2400
2024-07-25 14:05:43;DELETE FROM `pe_prp_bls` WHERE `id_prp_op` = 2400
2024-07-25 14:05:43;INSERT IGNORE INTO `pe_prp_bls` (`id_prp_op`, `id_bl`) VALUES (2400, 8116)
2024-07-25 14:05:45;UPDATE `pe_prp_op` SET `date` = "2024-07-25"  WHERE `id` = 2400
2024-07-25 14:05:47;UPDATE `pe_prp_op` SET `cmd_conforme` = 1  WHERE `id` = 2400
2024-07-25 14:06:03;UPDATE `pe_prp_op` SET `t_surface` = 1 ,`t_surface_conforme` = 1  WHERE `id` = 2400
2024-07-25 14:06:06;UPDATE `pe_prp_op` SET `t_camion` = 1 ,`t_camion_conforme` = 1  WHERE `id` = 2400
2024-07-25 14:09:49;UPDATE `pe_langues` SET `actif` = 1 WHERE `iso` = "FR"
2024-07-25 14:09:57;DELETE FROM `pe_prp_op` WHERE `id` IN (2400)
2024-07-25 14:09:57;DELETE FROM `pe_prp_bls` WHERE `id_prp_op` IN (2400)
2024-07-25 14:09:58;INSERT INTO `pe_prp_op` (`id_user`) VALUES (0 )
2024-07-25 14:10:00;UPDATE `pe_prp_op` SET `id_transporteur` = 231  WHERE `id` = 2401
2024-07-25 14:10:03;DELETE FROM `pe_prp_bls` WHERE `id_prp_op` = 2401
2024-07-25 14:10:03;INSERT IGNORE INTO `pe_prp_bls` (`id_prp_op`, `id_bl`) VALUES (2401, 8116)
2024-07-25 14:10:04;UPDATE `pe_prp_op` SET `date` = "2024-07-25"  WHERE `id` = 2401
2024-07-25 14:10:07;UPDATE `pe_prp_op` SET `cmd_conforme` = 1  WHERE `id` = 2401
2024-07-25 14:10:11;UPDATE `pe_prp_op` SET `t_surface` = 1 ,`t_surface_conforme` = 1  WHERE `id` = 2401
2024-07-25 14:10:15;UPDATE `pe_prp_op` SET `t_camion` = 1 ,`t_camion_conforme` = 1  WHERE `id` = 2401
2024-07-25 14:18:18;UPDATE `pe_langues` SET `actif` = 1 WHERE `iso` = "FR"
2024-07-25 14:19:14;DELETE FROM `pe_prp_op` WHERE `id` IN (2401)
2024-07-25 14:19:14;DELETE FROM `pe_prp_bls` WHERE `id_prp_op` IN (2401)
2024-07-25 14:19:14;INSERT INTO `pe_prp_op` (`id_user`) VALUES (0 )
2024-07-25 14:19:17;UPDATE `pe_prp_op` SET `id_transporteur` = 231  WHERE `id` = 2402
2024-07-25 14:19:20;DELETE FROM `pe_prp_bls` WHERE `id_prp_op` = 2402
2024-07-25 14:19:20;INSERT IGNORE INTO `pe_prp_bls` (`id_prp_op`, `id_bl`) VALUES (2402, 8116)
2024-07-25 14:19:22;UPDATE `pe_prp_op` SET `date` = "2024-07-25"  WHERE `id` = 2402
2024-07-25 14:19:24;UPDATE `pe_prp_op` SET `cmd_conforme` = 1  WHERE `id` = 2402
2024-07-25 14:19:28;UPDATE `pe_prp_op` SET `t_surface` = 1 ,`t_surface_conforme` = 1  WHERE `id` = 2402
2024-07-25 14:19:34;UPDATE `pe_prp_op` SET `t_camion` = 1 ,`t_camion_conforme` = 1  WHERE `id` = 2402
2024-07-25 14:19:40;UPDATE `pe_prp_op` SET `emballage_conforme` = 1  WHERE `id` = 2402
2024-07-25 14:51:05;UPDATE `pe_langues` SET `actif` = 1 WHERE `iso` = "FR"
2024-07-25 14:54:28;DELETE FROM `pe_prp_op` WHERE `id` IN (2402)
2024-07-25 14:54:28;DELETE FROM `pe_prp_bls` WHERE `id_prp_op` IN (2402)
2024-07-25 14:54:28;INSERT INTO `pe_prp_op` (`id_user`) VALUES (0 )
2024-07-25 14:54:30;UPDATE `pe_prp_op` SET `id_transporteur` = 231  WHERE `id` = 2403
2024-07-25 14:54:31;UPDATE `pe_prp_op` SET `id_transporteur` = 231  WHERE `id` = 2403
2024-07-25 14:54:33;UPDATE `pe_prp_op` SET `id_transporteur` = 231  WHERE `id` = 2403
2024-07-25 14:54:43;DELETE FROM `pe_prp_bls` WHERE `id_prp_op` = 2403
2024-07-25 14:54:43;INSERT IGNORE INTO `pe_prp_bls` (`id_prp_op`, `id_bl`) VALUES (2403, 8116)
2024-07-25 14:55:07;UPDATE `pe_prp_op` SET `date` = "2024-07-25"  WHERE `id` = 2403
2024-07-25 14:56:03;UPDATE `pe_prp_op` SET `cmd_conforme` = 1  WHERE `id` = 2403
2024-07-25 14:56:09;UPDATE `pe_prp_op` SET `t_surface` = 1 ,`t_surface_conforme` = 1  WHERE `id` = 2403
2024-07-25 14:56:14;UPDATE `pe_prp_op` SET `t_camion` = 1 ,`t_camion_conforme` = 1  WHERE `id` = 2403
2024-07-25 15:00:06;UPDATE `pe_langues` SET `actif` = 1 WHERE `iso` = "FR"
2024-07-25 15:00:12;DELETE FROM `pe_prp_op` WHERE `id` IN (2403)
2024-07-25 15:00:12;DELETE FROM `pe_prp_bls` WHERE `id_prp_op` IN (2403)
2024-07-25 15:00:12;INSERT INTO `pe_prp_op` (`id_user`) VALUES (0 )
2024-07-25 15:00:59;UPDATE `pe_prp_op` SET `id_transporteur` = 231  WHERE `id` = 2404
2024-07-25 15:07:26;UPDATE `pe_langues` SET `actif` = 1 WHERE `iso` = "FR"
2024-07-25 15:07:28;DELETE FROM `pe_prp_op` WHERE `id` IN (2404)
2024-07-25 15:07:28;DELETE FROM `pe_prp_bls` WHERE `id_prp_op` IN (2404)
2024-07-25 15:07:28;INSERT INTO `pe_prp_op` (`id_user`) VALUES (0 )
2024-07-25 15:07:32;UPDATE `pe_prp_op` SET `id_transporteur` = 231  WHERE `id` = 2405
2024-07-25 15:07:35;DELETE FROM `pe_prp_bls` WHERE `id_prp_op` = 2405
2024-07-25 15:07:35;INSERT IGNORE INTO `pe_prp_bls` (`id_prp_op`, `id_bl`) VALUES (2405, 8116)
2024-07-25 15:07:37;UPDATE `pe_prp_op` SET `date` = "2024-07-25"  WHERE `id` = 2405
2024-07-25 15:07:41;UPDATE `pe_prp_op` SET `cmd_conforme` = 1  WHERE `id` = 2405
2024-07-25 15:07:47;UPDATE `pe_langues` SET `actif` = 1 WHERE `iso` = "FR"
2024-07-25 15:07:52;DELETE FROM `pe_prp_op` WHERE `id` IN (2405)
2024-07-25 15:07:52;DELETE FROM `pe_prp_bls` WHERE `id_prp_op` IN (2405)
2024-07-25 15:07:52;INSERT INTO `pe_prp_op` (`id_user`) VALUES (0 )
2024-07-25 15:07:54;UPDATE `pe_prp_op` SET `id_transporteur` = 231  WHERE `id` = 2406
2024-07-25 15:07:56;DELETE FROM `pe_prp_bls` WHERE `id_prp_op` = 2406
2024-07-25 15:07:56;INSERT IGNORE INTO `pe_prp_bls` (`id_prp_op`, `id_bl`) VALUES (2406, 8116)
2024-07-25 15:08:00;UPDATE `pe_prp_op` SET `date` = "2024-07-25"  WHERE `id` = 2406
2024-07-25 15:08:05;UPDATE `pe_prp_op` SET `cmd_conforme` = 1  WHERE `id` = 2406
2024-07-25 15:08:10;UPDATE `pe_prp_op` SET `t_surface` = 1 ,`t_surface_conforme` = 1  WHERE `id` = 2406
2024-07-25 15:08:14;UPDATE `pe_prp_op` SET `t_camion` = 1 ,`t_camion_conforme` = 1  WHERE `id` = 2406
2024-07-25 15:08:15;UPDATE `pe_prp_op` SET `t_camion` = 1 ,`t_camion_conforme` = 1  WHERE `id` = 2406
2024-07-25 15:09:14;UPDATE `pe_langues` SET `actif` = 1 WHERE `iso` = "FR"
2024-07-25 15:09:22;DELETE FROM `pe_prp_op` WHERE `id` IN (2406)
2024-07-25 15:09:22;DELETE FROM `pe_prp_bls` WHERE `id_prp_op` IN (2406)
2024-07-25 15:09:22;INSERT INTO `pe_prp_op` (`id_user`) VALUES (0 )
2024-07-25 15:09:25;UPDATE `pe_prp_op` SET `id_transporteur` = 231  WHERE `id` = 2407
2024-07-25 15:09:28;DELETE FROM `pe_prp_bls` WHERE `id_prp_op` = 2407
2024-07-25 15:09:28;INSERT IGNORE INTO `pe_prp_bls` (`id_prp_op`, `id_bl`) VALUES (2407, 8116)
2024-07-25 15:09:30;UPDATE `pe_prp_op` SET `date` = "2024-07-25"  WHERE `id` = 2407
2024-07-25 15:09:32;UPDATE `pe_prp_op` SET `cmd_conforme` = 1  WHERE `id` = 2407
2024-07-25 15:09:45;UPDATE `pe_prp_op` SET `t_surface` = 1 ,`t_surface_conforme` = 1  WHERE `id` = 2407
2024-07-25 15:09:48;UPDATE `pe_prp_op` SET `t_camion` = 2 ,`t_camion_conforme` = 1  WHERE `id` = 2407
2024-07-25 15:10:41;UPDATE `pe_langues` SET `actif` = 1 WHERE `iso` = "FR"
2024-07-25 15:10:49;DELETE FROM `pe_prp_op` WHERE `id` IN (2407)
2024-07-25 15:10:49;DELETE FROM `pe_prp_bls` WHERE `id_prp_op` IN (2407)
2024-07-25 15:10:49;INSERT INTO `pe_prp_op` (`id_user`) VALUES (0 )
2024-07-25 15:10:53;UPDATE `pe_prp_op` SET `id_transporteur` = 231  WHERE `id` = 2408
2024-07-25 15:10:55;UPDATE `pe_prp_op` SET `id_transporteur` = 231  WHERE `id` = 2408
2024-07-25 15:10:59;DELETE FROM `pe_prp_bls` WHERE `id_prp_op` = 2408
2024-07-25 15:10:59;INSERT IGNORE INTO `pe_prp_bls` (`id_prp_op`, `id_bl`) VALUES (2408, 8116)
2024-07-25 15:11:04;UPDATE `pe_prp_op` SET `date` = "2024-07-25"  WHERE `id` = 2408
2024-07-25 15:11:06;UPDATE `pe_prp_op` SET `cmd_conforme` = 1  WHERE `id` = 2408
2024-07-25 15:11:11;UPDATE `pe_prp_op` SET `t_surface` = 1 ,`t_surface_conforme` = 1  WHERE `id` = 2408
2024-07-25 15:11:15;UPDATE `pe_prp_op` SET `t_camion` = 1 ,`t_camion_conforme` = 1  WHERE `id` = 2408
2024-07-25 15:20:33;UPDATE `pe_langues` SET `actif` = 1 WHERE `iso` = "FR"
2024-07-25 15:20:38;DELETE FROM `pe_prp_op` WHERE `id` IN (2408)
2024-07-25 15:20:38;DELETE FROM `pe_prp_bls` WHERE `id_prp_op` IN (2408)
2024-07-25 15:20:38;INSERT INTO `pe_prp_op` (`id_user`) VALUES (0 )
2024-07-25 15:20:42;UPDATE `pe_prp_op` SET `id_transporteur` = 231  WHERE `id` = 2409
2024-07-25 15:20:45;DELETE FROM `pe_prp_bls` WHERE `id_prp_op` = 2409
2024-07-25 15:20:45;INSERT IGNORE INTO `pe_prp_bls` (`id_prp_op`, `id_bl`) VALUES (2409, 8116)
2024-07-25 15:20:48;UPDATE `pe_prp_op` SET `date` = "2024-07-25"  WHERE `id` = 2409
2024-07-25 15:20:52;UPDATE `pe_prp_op` SET `cmd_conforme` = 1  WHERE `id` = 2409
2024-07-25 15:20:57;UPDATE `pe_prp_op` SET `t_surface` = 1 ,`t_surface_conforme` = 1  WHERE `id` = 2409
2024-07-25 15:21:07;UPDATE `pe_prp_op` SET `t_camion` = 1 ,`t_camion_conforme` = 1  WHERE `id` = 2409
2024-07-25 15:22:59;UPDATE `pe_langues` SET `actif` = 1 WHERE `iso` = "FR"
2024-07-25 15:23:21;DELETE FROM `pe_prp_op` WHERE `id` IN (2409)
2024-07-25 15:23:21;DELETE FROM `pe_prp_bls` WHERE `id_prp_op` IN (2409)
2024-07-25 15:23:21;INSERT INTO `pe_prp_op` (`id_user`) VALUES (0 )
2024-07-25 15:23:23;UPDATE `pe_prp_op` SET `id_transporteur` = 231  WHERE `id` = 2410
2024-07-25 15:23:26;DELETE FROM `pe_prp_bls` WHERE `id_prp_op` = 2410
2024-07-25 15:23:26;INSERT IGNORE INTO `pe_prp_bls` (`id_prp_op`, `id_bl`) VALUES (2410, 8116)
2024-07-25 15:23:28;UPDATE `pe_prp_op` SET `date` = "2024-07-25"  WHERE `id` = 2410
2024-07-25 15:23:30;UPDATE `pe_prp_op` SET `cmd_conforme` = 1  WHERE `id` = 2410
2024-07-25 15:23:35;UPDATE `pe_prp_op` SET `t_surface` = 1 ,`t_surface_conforme` = 1  WHERE `id` = 2410
2024-07-25 15:23:38;UPDATE `pe_prp_op` SET `t_camion` = 1 ,`t_camion_conforme` = 1  WHERE `id` = 2410
2024-07-25 15:29:31;UPDATE `pe_langues` SET `actif` = 1 WHERE `iso` = "FR"
2024-07-25 15:29:38;DELETE FROM `pe_prp_op` WHERE `id` IN (2410)
2024-07-25 15:29:38;DELETE FROM `pe_prp_bls` WHERE `id_prp_op` IN (2410)
2024-07-25 15:29:38;INSERT INTO `pe_prp_op` (`id_user`) VALUES (0 )
2024-07-25 15:29:39;UPDATE `pe_prp_op` SET `id_transporteur` = 231  WHERE `id` = 2411
2024-07-25 15:29:42;DELETE FROM `pe_prp_bls` WHERE `id_prp_op` = 2411
2024-07-25 15:29:42;INSERT IGNORE INTO `pe_prp_bls` (`id_prp_op`, `id_bl`) VALUES (2411, 8116)
2024-07-25 15:29:44;UPDATE `pe_prp_op` SET `date` = "2024-07-25"  WHERE `id` = 2411
2024-07-25 15:29:46;UPDATE `pe_prp_op` SET `cmd_conforme` = 1  WHERE `id` = 2411
2024-07-25 15:29:50;UPDATE `pe_prp_op` SET `t_surface` = 1 ,`t_surface_conforme` = 1  WHERE `id` = 2411
2024-07-25 15:29:54;UPDATE `pe_prp_op` SET `t_camion` = 1 ,`t_camion_conforme` = 1  WHERE `id` = 2411
2024-07-25 15:31:35;UPDATE `pe_langues` SET `actif` = 1 WHERE `iso` = "FR"
2024-07-25 15:31:42;DELETE FROM `pe_prp_op` WHERE `id` IN (2411)
2024-07-25 15:31:42;DELETE FROM `pe_prp_bls` WHERE `id_prp_op` IN (2411)
2024-07-25 15:31:42;INSERT INTO `pe_prp_op` (`id_user`) VALUES (0 )
2024-07-25 15:31:47;UPDATE `pe_langues` SET `actif` = 1 WHERE `iso` = "FR"
2024-07-25 15:31:49;DELETE FROM `pe_prp_op` WHERE `id` IN (2412)
2024-07-25 15:31:49;DELETE FROM `pe_prp_bls` WHERE `id_prp_op` IN (2412)
2024-07-25 15:31:49;INSERT INTO `pe_prp_op` (`id_user`) VALUES (0 )
2024-07-25 15:32:59;UPDATE `pe_langues` SET `actif` = 1 WHERE `iso` = "FR"
2024-07-25 15:33:05;DELETE FROM `pe_prp_op` WHERE `id` IN (2413)
2024-07-25 15:33:05;DELETE FROM `pe_prp_bls` WHERE `id_prp_op` IN (2413)
2024-07-25 15:33:05;INSERT INTO `pe_prp_op` (`id_user`) VALUES (0 )
2024-07-25 15:35:07;UPDATE `pe_langues` SET `actif` = 1 WHERE `iso` = "FR"
2024-07-25 15:35:10;DELETE FROM `pe_prp_op` WHERE `id` IN (2414)
2024-07-25 15:35:10;DELETE FROM `pe_prp_bls` WHERE `id_prp_op` IN (2414)
2024-07-25 15:35:10;INSERT INTO `pe_prp_op` (`id_user`) VALUES (0 )
2024-07-25 15:36:48;UPDATE `pe_langues` SET `actif` = 1 WHERE `iso` = "FR"
2024-07-25 15:37:04;DELETE FROM `pe_prp_op` WHERE `id` IN (2415)
2024-07-25 15:37:04;DELETE FROM `pe_prp_bls` WHERE `id_prp_op` IN (2415)
2024-07-25 15:37:04;INSERT INTO `pe_prp_op` (`id_user`) VALUES (0 )
2024-07-25 15:37:54;UPDATE `pe_langues` SET `actif` = 1 WHERE `iso` = "FR"
2024-07-25 15:38:01;DELETE FROM `pe_prp_op` WHERE `id` IN (2416)
2024-07-25 15:38:01;DELETE FROM `pe_prp_bls` WHERE `id_prp_op` IN (2416)
2024-07-25 15:38:01;INSERT INTO `pe_prp_op` (`id_user`) VALUES (0 )
2024-07-25 15:38:17;UPDATE `pe_prp_op` SET `id_transporteur` = 231  WHERE `id` = 2417
2024-07-25 15:38:20;DELETE FROM `pe_prp_bls` WHERE `id_prp_op` = 2417
2024-07-25 15:38:20;INSERT IGNORE INTO `pe_prp_bls` (`id_prp_op`, `id_bl`) VALUES (2417, 8116)
2024-07-25 15:38:21;UPDATE `pe_prp_op` SET `date` = "2024-07-25"  WHERE `id` = 2417
2024-07-25 15:38:24;UPDATE `pe_prp_op` SET `cmd_conforme` = 1  WHERE `id` = 2417
2024-07-25 15:38:28;UPDATE `pe_prp_op` SET `t_surface` = 1 ,`t_surface_conforme` = 1  WHERE `id` = 2417
2024-07-25 15:38:35;UPDATE `pe_prp_op` SET `t_camion` = 1 ,`t_camion_conforme` = 1  WHERE `id` = 2417
2024-07-25 15:38:59;UPDATE `pe_langues` SET `actif` = 1 WHERE `iso` = "FR"
2024-07-25 15:39:07;DELETE FROM `pe_prp_op` WHERE `id` IN (2417)
2024-07-25 15:39:07;DELETE FROM `pe_prp_bls` WHERE `id_prp_op` IN (2417)
2024-07-25 15:39:07;INSERT INTO `pe_prp_op` (`id_user`) VALUES (0 )
2024-07-25 15:39:09;UPDATE `pe_prp_op` SET `id_transporteur` = 231  WHERE `id` = 2418
2024-07-25 15:39:12;DELETE FROM `pe_prp_bls` WHERE `id_prp_op` = 2418
2024-07-25 15:39:12;INSERT IGNORE INTO `pe_prp_bls` (`id_prp_op`, `id_bl`) VALUES (2418, 8116)
2024-07-25 15:39:13;UPDATE `pe_prp_op` SET `date` = "2024-07-25"  WHERE `id` = 2418
2024-07-25 15:39:15;UPDATE `pe_prp_op` SET `cmd_conforme` = 1  WHERE `id` = 2418
2024-07-25 15:39:18;UPDATE `pe_prp_op` SET `t_surface` = 1 ,`t_surface_conforme` = 1  WHERE `id` = 2418
2024-07-25 15:39:22;UPDATE `pe_prp_op` SET `t_camion` = 1 ,`t_camion_conforme` = 1  WHERE `id` = 2418
2024-07-25 16:19:56;UPDATE `pe_langues` SET `actif` = 1 WHERE `iso` = "FR"
2024-07-25 16:22:31;UPDATE `pe_langues` SET `actif` = 1 WHERE `iso` = "FR"
2024-07-25 16:22:37;DELETE FROM `pe_prp_op` WHERE `id` IN (2418)
2024-07-25 16:22:37;DELETE FROM `pe_prp_bls` WHERE `id_prp_op` IN (2418)
2024-07-25 16:22:37;INSERT INTO `pe_prp_op` (`id_user`) VALUES (0 )
2024-07-25 16:22:40;UPDATE `pe_prp_op` SET `id_transporteur` = 231  WHERE `id` = 2419
2024-07-25 16:22:42;DELETE FROM `pe_prp_bls` WHERE `id_prp_op` = 2419
2024-07-25 16:22:42;INSERT IGNORE INTO `pe_prp_bls` (`id_prp_op`, `id_bl`) VALUES (2419, 8116)
2024-07-25 16:22:44;UPDATE `pe_prp_op` SET `date` = "2024-07-25"  WHERE `id` = 2419
2024-07-25 16:22:46;UPDATE `pe_prp_op` SET `cmd_conforme` = 1  WHERE `id` = 2419
2024-07-25 16:22:50;UPDATE `pe_prp_op` SET `t_surface` = 1 ,`t_surface_conforme` = 1  WHERE `id` = 2419
2024-07-25 16:22:53;UPDATE `pe_prp_op` SET `t_camion` = 1 ,`t_camion_conforme` = 1  WHERE `id` = 2419
2024-07-25 16:32:42;UPDATE `pe_langues` SET `actif` = 1 WHERE `iso` = "FR"
2024-07-25 16:33:24;DELETE FROM `pe_prp_op` WHERE `id` IN (2419)
2024-07-25 16:33:24;DELETE FROM `pe_prp_bls` WHERE `id_prp_op` IN (2419)
2024-07-25 16:33:24;INSERT INTO `pe_prp_op` (`id_user`) VALUES (0 )
2024-07-25 16:33:28;UPDATE `pe_prp_op` SET `id_transporteur` = 231  WHERE `id` = 2420
2024-07-25 16:33:32;DELETE FROM `pe_prp_bls` WHERE `id_prp_op` = 2420
2024-07-25 16:33:32;INSERT IGNORE INTO `pe_prp_bls` (`id_prp_op`, `id_bl`) VALUES (2420, 8116)
2024-07-25 16:33:46;UPDATE `pe_prp_op` SET `date` = "2024-07-25"  WHERE `id` = 2420
2024-07-25 16:33:49;UPDATE `pe_prp_op` SET `cmd_conforme` = 1  WHERE `id` = 2420
2024-07-25 16:33:55;UPDATE `pe_prp_op` SET `t_surface` = 1 ,`t_surface_conforme` = 1  WHERE `id` = 2420
2024-07-25 16:33:58;UPDATE `pe_prp_op` SET `t_camion` = 1 ,`t_camion_conforme` = 1  WHERE `id` = 2420
2024-07-25 17:00:18;UPDATE `pe_langues` SET `actif` = 1 WHERE `iso` = "FR"
2024-07-25 17:00:28;UPDATE `pe_lot_reception` SET `temp_d` = 1 ,`temp_m` = 1 ,`temp_f` = 1  WHERE `id` = 2253
2024-07-25 17:00:28;UPDATE `pe_lots` SET `date_maj` = "2024-07-25- 17:00:28" ,`id_user_maj` = 1  WHERE `id` = 5799
2024-07-25 17:00:30;UPDATE `pe_lot_reception` SET `etat_visuel` = 1  WHERE `id` = 2253
2024-07-25 17:00:30;UPDATE `pe_lots` SET `date_maj` = "2024-07-25- 17:00:30" ,`id_user_maj` = 1  WHERE `id` = 5799
2024-07-25 17:00:39;UPDATE `pe_lot_reception` SET `observations` = "                                                                    " ,`conformite` = 1 ,`id_user` = 1 ,`date_confirmation` = "2024-07-25 17:00:39"  WHERE `id` = 2253
2024-07-25 17:00:39;UPDATE `pe_lots` SET `date_maj` = "2024-07-25- 17:00:39" ,`id_user_maj` = 1  WHERE `id` = 5799
2024-07-25 17:00:39;INSERT INTO `pe_pvisu_avant` (`commentaires`,`date`) VALUES ("" ,"2024-07-25" )
2024-07-25 17:00:39;DELETE FROM `pe_pvisu_avant_points` WHERE `id_pvisu_avant` = 1087
2024-07-25 17:00:39;INSERT IGNORE INTO `pe_pvisu_avant_points` (`id_pvisu_avant`, `id_point_controle`, `etat`, `id_user`, `date`) VALUES (1087, 75, 1, 1, NOW()),(1087, 73, 1, 1, NOW())
2024-07-25 17:01:11;UPDATE `pe_langues` SET `actif` = 1 WHERE `iso` = "FR"
2024-07-25 17:01:13;DELETE FROM `pe_prp_op` WHERE `id` IN (2420)
2024-07-25 17:01:13;DELETE FROM `pe_prp_bls` WHERE `id_prp_op` IN (2420)
2024-07-25 17:01:13;INSERT INTO `pe_prp_op` (`id_user`) VALUES (0 )
2024-07-25 17:01:14;UPDATE `pe_prp_op` SET `id_transporteur` = 231  WHERE `id` = 2421
2024-07-25 17:01:16;DELETE FROM `pe_prp_bls` WHERE `id_prp_op` = 2421
2024-07-25 17:01:16;INSERT IGNORE INTO `pe_prp_bls` (`id_prp_op`, `id_bl`) VALUES (2421, 8116)
2024-07-25 17:01:18;UPDATE `pe_prp_op` SET `date` = "2024-07-25"  WHERE `id` = 2421
2024-07-25 17:01:21;UPDATE `pe_prp_op` SET `cmd_conforme` = 1  WHERE `id` = 2421
2024-07-25 17:01:25;UPDATE `pe_prp_op` SET `t_surface` = 1 ,`t_surface_conforme` = 1  WHERE `id` = 2421
2024-07-25 17:01:31;UPDATE `pe_prp_op` SET `t_camion` = 1 ,`t_camion_conforme` = 1  WHERE `id` = 2421
