2024-07-24 08:19:35;UPDATE `pe_langues` SET `actif` = 1 WHERE `iso` = "FR"
2024-07-24 08:19:35;UPDATE `pe_consommables` SET `id_precedent` = 0, `date_upd` = null WHERE `date_upd` < CURDATE()
2024-07-24 08:59:11;UPDATE `pe_langues` SET `actif` = 1 WHERE `iso` = "FR"
2024-07-24 08:59:16;UPDATE `pe_lots` SET `date_reception` = "2024-07-24" ,`date_maj` = "2024-07-24- 08:59:16" ,`id_user_maj` = 1  WHERE `id` = 5800
2024-07-24 08:59:18;UPDATE `pe_langues` SET `actif` = 1 WHERE `iso` = "FR"
2024-07-24 08:59:18;UPDATE `pe_consommables` SET `id_precedent` = 0, `date_upd` = null WHERE `date_upd` < CURDATE()
2024-07-24 09:06:24;UPDATE `pe_langues` SET `actif` = 1 WHERE `iso` = "FR"
2024-07-24 09:06:30;UPDATE `pe_langues` SET `actif` = 1 WHERE `iso` = "FR"
2024-07-24 09:06:40;INSERT INTO `pe_lot_reception` (`id_lot`,`temp`) VALUES (5800 ,4 )
2024-07-24 09:06:40;UPDATE `pe_lots` SET `date_maj` = "2024-07-24- 09:06:40" ,`id_user_maj` = 1  WHERE `id` = 5800
2024-07-24 09:06:41;UPDATE `pe_lot_reception` SET `etat_visuel` = 1  WHERE `id` = 2254
2024-07-24 09:06:41;UPDATE `pe_lots` SET `date_maj` = "2024-07-24- 09:06:41" ,`id_user_maj` = 1  WHERE `id` = 5800
2024-07-24 09:30:44;UPDATE `pe_langues` SET `actif` = 1 WHERE `iso` = "FR"
2024-07-24 09:30:49;UPDATE `pe_lot_reception` SET `temp` = 4  WHERE `id` = 2254
2024-07-24 09:30:49;UPDATE `pe_lots` SET `date_maj` = "2024-07-24- 09:30:49" ,`id_user_maj` = 1  WHERE `id` = 5800
2024-07-24 09:30:50;UPDATE `pe_lot_reception` SET `etat_visuel` = 1  WHERE `id` = 2254
2024-07-24 09:30:50;UPDATE `pe_lots` SET `date_maj` = "2024-07-24- 09:30:50" ,`id_user_maj` = 1  WHERE `id` = 5800
2024-07-24 09:30:53;UPDATE `pe_lot_reception` SET `observations` = "                                                                    " ,`conformite` = 1 ,`id_user` = 1 ,`date_confirmation` = "2024-07-24 09:30:53"  WHERE `id` = 2254
2024-07-24 09:30:53;UPDATE `pe_lots` SET `date_maj` = "2024-07-24- 09:30:53" ,`id_user_maj` = 1  WHERE `id` = 5800
2024-07-24 09:30:53;INSERT INTO `pe_pvisu_avant` (`commentaires`,`date`) VALUES ("" ,"2024-07-24" )
2024-07-24 09:30:53;DELETE FROM `pe_pvisu_avant_points` WHERE `id_pvisu_avant` = 1086
2024-07-24 09:30:53;INSERT IGNORE INTO `pe_pvisu_avant_points` (`id_pvisu_avant`, `id_point_controle`, `etat`, `id_user`, `date`) VALUES (1086, 75, 1, 1, NOW()),(1086, 73, 1, 1, NOW())
2024-07-24 09:31:08;UPDATE `pe_langues` SET `actif` = 1 WHERE `iso` = "FR"
2024-07-24 09:31:14;UPDATE `pe_lot_reception` SET `temp` = 4  WHERE `id` = 2254
2024-07-24 09:31:14;UPDATE `pe_lots` SET `date_maj` = "2024-07-24- 09:31:14" ,`id_user_maj` = 1  WHERE `id` = 5800
2024-07-24 09:31:16;UPDATE `pe_lot_reception` SET `etat_visuel` = 1  WHERE `id` = 2254
2024-07-24 09:31:16;UPDATE `pe_lots` SET `date_maj` = "2024-07-24- 09:31:16" ,`id_user_maj` = 1  WHERE `id` = 5800
2024-07-24 09:31:18;UPDATE `pe_lot_reception` SET `observations` = "                                                                                                                                        " ,`conformite` = 1 ,`id_user` = 1 ,`date_confirmation` = "2024-07-24 09:31:18"  WHERE `id` = 2254
2024-07-24 09:31:18;UPDATE `pe_lots` SET `date_maj` = "2024-07-24- 09:31:18" ,`id_user_maj` = 1  WHERE `id` = 5800
2024-07-24 09:31:18;DELETE FROM `pe_pvisu_avant_points` WHERE `id_pvisu_avant` = 1086
2024-07-24 09:31:18;INSERT IGNORE INTO `pe_pvisu_avant_points` (`id_pvisu_avant`, `id_point_controle`, `etat`, `id_user`, `date`) VALUES (1086, 75, 1, 1, NOW()),(1086, 73, 1, 1, NOW())
2024-07-24 09:31:18;UPDATE `pe_pvisu_avant` SET `commentaires` = "" ,`id_user` = 1  WHERE `id` = 1086
2024-07-24 09:31:29;UPDATE `pe_langues` SET `actif` = 1 WHERE `iso` = "FR"
2024-07-24 09:31:36;UPDATE `pe_lot_reception` SET `temp` = 4  WHERE `id` = 2254
2024-07-24 09:31:36;UPDATE `pe_lots` SET `date_maj` = "2024-07-24- 09:31:36" ,`id_user_maj` = 1  WHERE `id` = 5800
2024-07-24 09:31:37;UPDATE `pe_lot_reception` SET `etat_visuel` = 1  WHERE `id` = 2254
2024-07-24 09:31:37;UPDATE `pe_lots` SET `date_maj` = "2024-07-24- 09:31:37" ,`id_user_maj` = 1  WHERE `id` = 5800
2024-07-24 09:31:47;UPDATE `pe_lot_reception` SET `observations` = "                                                                                                                                                                                                            " ,`conformite` = 1 ,`id_user` = 1 ,`date_confirmation` = "2024-07-24 09:31:47"  WHERE `id` = 2254
2024-07-24 09:31:47;UPDATE `pe_lots` SET `date_maj` = "2024-07-24- 09:31:47" ,`id_user_maj` = 1  WHERE `id` = 5800
2024-07-24 09:31:47;DELETE FROM `pe_pvisu_avant_points` WHERE `id_pvisu_avant` = 1086
2024-07-24 09:31:47;INSERT IGNORE INTO `pe_pvisu_avant_points` (`id_pvisu_avant`, `id_point_controle`, `etat`, `id_user`, `date`) VALUES (1086, 75, 1, 1, NOW()),(1086, 73, 1, 1, NOW())
2024-07-24 09:31:47;UPDATE `pe_pvisu_avant` SET `commentaires` = "" ,`id_user` = 1  WHERE `id` = 1086
2024-07-24 09:31:47;UPDATE `pe_lot_reception` SET `observations` = "                                                                                                                                                                                                            " ,`conformite` = 1 ,`id_user` = 1 ,`date_confirmation` = "2024-07-24 09:31:47"  WHERE `id` = 2254
2024-07-24 09:31:47;UPDATE `pe_lots` SET `date_maj` = "2024-07-24- 09:31:47" ,`id_user_maj` = 1  WHERE `id` = 5800
2024-07-24 09:31:47;DELETE FROM `pe_pvisu_avant_points` WHERE `id_pvisu_avant` = 1086
2024-07-24 09:31:47;INSERT IGNORE INTO `pe_pvisu_avant_points` (`id_pvisu_avant`, `id_point_controle`, `etat`, `id_user`, `date`) VALUES (1086, 75, 1, 1, NOW()),(1086, 73, 1, 1, NOW())
2024-07-24 09:31:47;UPDATE `pe_pvisu_avant` SET `commentaires` = "" ,`id_user` = 1  WHERE `id` = 1086
2024-07-24 09:32:59;UPDATE `pe_langues` SET `actif` = 1 WHERE `iso` = "FR"
2024-07-24 09:33:05;UPDATE `pe_lot_reception` SET `temp` = 4  WHERE `id` = 2254
2024-07-24 09:33:05;UPDATE `pe_lots` SET `date_maj` = "2024-07-24- 09:33:05" ,`id_user_maj` = 1  WHERE `id` = 5800
2024-07-24 09:33:06;UPDATE `pe_lot_reception` SET `etat_visuel` = 1  WHERE `id` = 2254
2024-07-24 09:33:06;UPDATE `pe_lots` SET `date_maj` = "2024-07-24- 09:33:06" ,`id_user_maj` = 1  WHERE `id` = 5800
2024-07-24 09:33:14;UPDATE `pe_lot_reception` SET `observations` = "                                                                                                                                                                                                                                                                                " ,`conformite` = 1 ,`id_user` = 1 ,`date_confirmation` = "2024-07-24 09:33:14"  WHERE `id` = 2254
2024-07-24 09:33:14;UPDATE `pe_lots` SET `date_maj` = "2024-07-24- 09:33:14" ,`id_user_maj` = 1  WHERE `id` = 5800
2024-07-24 09:33:14;DELETE FROM `pe_pvisu_avant_points` WHERE `id_pvisu_avant` = 1086
2024-07-24 09:33:14;INSERT IGNORE INTO `pe_pvisu_avant_points` (`id_pvisu_avant`, `id_point_controle`, `etat`, `id_user`, `date`) VALUES (1086, 75, 1, 1, NOW()),(1086, 73, 1, 1, NOW())
2024-07-24 09:33:14;UPDATE `pe_pvisu_avant` SET `commentaires` = "                                                                                                                                                                                                                                                                                " ,`id_user` = 1  WHERE `id` = 1086
2024-07-24 09:33:19;UPDATE `pe_langues` SET `actif` = 1 WHERE `iso` = "FR"
2024-07-24 09:33:23;UPDATE `pe_langues` SET `actif` = 1 WHERE `iso` = "FR"
2024-07-24 09:34:06;UPDATE `pe_langues` SET `actif` = 1 WHERE `iso` = "FR"
2024-07-24 09:34:13;UPDATE `pe_lot_reception` SET `temp` = 4  WHERE `id` = 2254
2024-07-24 09:34:13;UPDATE `pe_lots` SET `date_maj` = "2024-07-24- 09:34:13" ,`id_user_maj` = 1  WHERE `id` = 5800
2024-07-24 09:34:14;UPDATE `pe_lot_reception` SET `etat_visuel` = 1  WHERE `id` = 2254
2024-07-24 09:34:14;UPDATE `pe_lots` SET `date_maj` = "2024-07-24- 09:34:14" ,`id_user_maj` = 1  WHERE `id` = 5800
2024-07-24 09:34:23;UPDATE `pe_lot_reception` SET `observations` = "                                                                                                                                                                                                                                                                                                                                                    " ,`conformite` = 1 ,`id_user` = 1 ,`date_confirmation` = "2024-07-24 09:34:22"  WHERE `id` = 2254
2024-07-24 09:34:23;UPDATE `pe_lots` SET `date_maj` = "2024-07-24- 09:34:23" ,`id_user_maj` = 1  WHERE `id` = 5800
2024-07-24 09:34:23;DELETE FROM `pe_pvisu_avant_points` WHERE `id_pvisu_avant` = 1086
2024-07-24 09:34:23;INSERT IGNORE INTO `pe_pvisu_avant_points` (`id_pvisu_avant`, `id_point_controle`, `etat`, `id_user`, `date`) VALUES (1086, 75, 1, 1, NOW()),(1086, 73, 1, 1, NOW())
2024-07-24 09:34:23;UPDATE `pe_pvisu_avant` SET `commentaires` = "                                                                                                                                                                                                                                                                                                                                                    " ,`id_user` = 1  WHERE `id` = 1086
2024-07-24 09:34:27;UPDATE `pe_langues` SET `actif` = 1 WHERE `iso` = "FR"
2024-07-24 09:34:34;UPDATE `pe_langues` SET `actif` = 1 WHERE `iso` = "FR"
2024-07-24 09:34:34;UPDATE `pe_langues` SET `actif` = 1 WHERE `iso` = "FR"
2024-07-24 09:34:34;UPDATE `pe_langues` SET `actif` = 1 WHERE `iso` = "FR"
2024-07-24 09:34:35;UPDATE `pe_langues` SET `actif` = 1 WHERE `iso` = "FR"
2024-07-24 09:35:00;UPDATE `pe_langues` SET `actif` = 1 WHERE `iso` = "FR"
2024-07-24 09:35:08;UPDATE `pe_lot_reception` SET `temp` = 4  WHERE `id` = 2254
2024-07-24 09:35:08;UPDATE `pe_lots` SET `date_maj` = "2024-07-24- 09:35:08" ,`id_user_maj` = 1  WHERE `id` = 5800
2024-07-24 09:35:09;UPDATE `pe_lot_reception` SET `etat_visuel` = 1  WHERE `id` = 2254
2024-07-24 09:35:09;UPDATE `pe_lots` SET `date_maj` = "2024-07-24- 09:35:09" ,`id_user_maj` = 1  WHERE `id` = 5800
2024-07-24 09:35:12;UPDATE `pe_lot_reception` SET `observations` = "                                                                                                                                                                                                                                                                                                                                                                                                                        " ,`conformite` = 1 ,`id_user` = 1 ,`date_confirmation` = "2024-07-24 09:35:12"  WHERE `id` = 2254
2024-07-24 09:35:12;UPDATE `pe_lots` SET `date_maj` = "2024-07-24- 09:35:12" ,`id_user_maj` = 1  WHERE `id` = 5800
2024-07-24 09:35:12;DELETE FROM `pe_pvisu_avant_points` WHERE `id_pvisu_avant` = 1086
2024-07-24 09:35:12;INSERT IGNORE INTO `pe_pvisu_avant_points` (`id_pvisu_avant`, `id_point_controle`, `etat`, `id_user`, `date`) VALUES (1086, 75, 1, 1, NOW()),(1086, 73, 1, 1, NOW())
2024-07-24 09:35:15;UPDATE `pe_lot_reception` SET `crochets_recus` = 10 ,`crochets_rendus` = 0  WHERE `id` = 2254
2024-07-24 09:35:17;UPDATE `pe_lot_reception` SET `id_transporteur` = 231  WHERE `id` = 2254
2024-07-24 09:35:17;UPDATE `pe_tiers` SET `solde_crochets` = 51  WHERE `id` = 231
2024-07-24 09:35:17;UPDATE `pe_tiers_types` SET `id_famille` = 0 WHERE `id_tiers` = 231
2024-07-24 09:35:19;INSERT INTO `pe_validations` (`type`,`id_vue`,`id_liaison`) VALUES (1 ,1 ,5800 )
2024-07-24 09:35:19;INSERT IGNORE INTO `pe_validations_lots` (`id_validation`, `id_lot`, `negoce`) VALUES  (10820, 5800, 0)
2024-07-24 09:35:19;DELETE FROM `pe_lot_vues` 
						  WHERE `id_lot` = 5800 
						  AND `id_vue` = 1
2024-07-24 09:35:19;INSERT IGNORE INTO `pe_lot_vues` (`id_lot`, `id_vue`, `date_entree`) VALUES (5800, 2, "2024-07-24 09:35:19")
2024-07-24 09:35:19;UPDATE `pe_lots` SET `date_reception` = "2024-07-24" ,`date_prod` = "2024-07-24 09:35:19" ,`date_atelier` = "2024-07-24 09:35:19"  WHERE `id` = 5800
2024-07-24 09:35:19;UPDATE `pe_langues` SET `actif` = 1 WHERE `iso` = "FR"
2024-07-24 09:38:09;UPDATE `pe_langues` SET `actif` = 1 WHERE `iso` = "FR"
2024-07-24 09:38:11;DELETE FROM `pe_prp_op` WHERE `id` IN (2328)
2024-07-24 09:38:11;DELETE FROM `pe_prp_bls` WHERE `id_prp_op` IN (2328)
2024-07-24 09:38:11;INSERT INTO `pe_prp_op` (`id_user`) VALUES (0 )
2024-07-24 09:38:13;UPDATE `pe_prp_op` SET `id_transporteur` = 231  WHERE `id` = 2329
2024-07-24 09:38:18;DELETE FROM `pe_prp_bls` WHERE `id_prp_op` = 2329
2024-07-24 09:38:18;INSERT IGNORE INTO `pe_prp_bls` (`id_prp_op`, `id_bl`) VALUES (2329, 8117)
2024-07-24 09:38:21;UPDATE `pe_prp_op` SET `date` = "2024-07-24"  WHERE `id` = 2329
2024-07-24 09:38:22;UPDATE `pe_prp_op` SET `cmd_conforme` = 1  WHERE `id` = 2329
2024-07-24 09:38:27;UPDATE `pe_prp_op` SET `t_surface` = 2 ,`t_surface_conforme` = 1  WHERE `id` = 2329
2024-07-24 09:38:31;UPDATE `pe_langues` SET `actif` = 1 WHERE `iso` = "FR"
2024-07-24 09:38:33;DELETE FROM `pe_prp_op` WHERE `id` IN (2329)
2024-07-24 09:38:33;DELETE FROM `pe_prp_bls` WHERE `id_prp_op` IN (2329)
2024-07-24 09:38:33;INSERT INTO `pe_prp_op` (`id_user`) VALUES (0 )
2024-07-24 09:38:35;UPDATE `pe_prp_op` SET `id_transporteur` = 231  WHERE `id` = 2330
2024-07-24 09:38:38;DELETE FROM `pe_prp_bls` WHERE `id_prp_op` = 2330
2024-07-24 09:38:38;INSERT IGNORE INTO `pe_prp_bls` (`id_prp_op`, `id_bl`) VALUES (2330, 8116)
2024-07-24 09:38:40;UPDATE `pe_prp_op` SET `date` = "2024-07-24"  WHERE `id` = 2330
2024-07-24 09:38:41;UPDATE `pe_prp_op` SET `cmd_conforme` = 1  WHERE `id` = 2330
2024-07-24 09:38:44;UPDATE `pe_prp_op` SET `t_surface` = 1 ,`t_surface_conforme` = 1  WHERE `id` = 2330
2024-07-24 09:38:48;UPDATE `pe_prp_op` SET `t_camion` = 1 ,`t_camion_conforme` = 1  WHERE `id` = 2330
2024-07-24 09:43:25;UPDATE `pe_langues` SET `actif` = 1 WHERE `iso` = "FR"
2024-07-24 09:43:29;DELETE FROM `pe_prp_op` WHERE `id` IN (2330)
2024-07-24 09:43:29;DELETE FROM `pe_prp_bls` WHERE `id_prp_op` IN (2330)
2024-07-24 09:43:29;INSERT INTO `pe_prp_op` (`id_user`) VALUES (0 )
2024-07-24 09:43:30;UPDATE `pe_prp_op` SET `id_transporteur` = 231  WHERE `id` = 2331
2024-07-24 09:43:33;DELETE FROM `pe_prp_bls` WHERE `id_prp_op` = 2331
2024-07-24 09:43:33;INSERT IGNORE INTO `pe_prp_bls` (`id_prp_op`, `id_bl`) VALUES (2331, 8116)
2024-07-24 09:43:34;UPDATE `pe_prp_op` SET `date` = "2024-07-24"  WHERE `id` = 2331
2024-07-24 09:43:35;UPDATE `pe_prp_op` SET `cmd_conforme` = 1  WHERE `id` = 2331
2024-07-24 09:43:39;UPDATE `pe_prp_op` SET `t_surface` = 1 ,`t_surface_conforme` = 1  WHERE `id` = 2331
2024-07-24 09:43:42;UPDATE `pe_prp_op` SET `t_camion` = 1 ,`t_camion_conforme` = 1  WHERE `id` = 2331
2024-07-24 09:43:55;UPDATE `pe_langues` SET `actif` = 1 WHERE `iso` = "FR"
2024-07-24 09:43:58;DELETE FROM `pe_prp_op` WHERE `id` IN (2331)
2024-07-24 09:43:58;DELETE FROM `pe_prp_bls` WHERE `id_prp_op` IN (2331)
2024-07-24 09:43:59;INSERT INTO `pe_prp_op` (`id_user`) VALUES (0 )
2024-07-24 09:44:00;UPDATE `pe_prp_op` SET `id_transporteur` = 231  WHERE `id` = 2332
2024-07-24 09:44:03;DELETE FROM `pe_prp_bls` WHERE `id_prp_op` = 2332
2024-07-24 09:44:03;INSERT IGNORE INTO `pe_prp_bls` (`id_prp_op`, `id_bl`) VALUES (2332, 8116)
2024-07-24 09:44:04;UPDATE `pe_prp_op` SET `date` = "2024-07-24"  WHERE `id` = 2332
2024-07-24 09:44:06;UPDATE `pe_prp_op` SET `cmd_conforme` = 1  WHERE `id` = 2332
2024-07-24 09:44:09;UPDATE `pe_prp_op` SET `t_surface` = 1 ,`t_surface_conforme` = 1  WHERE `id` = 2332
2024-07-24 09:44:13;UPDATE `pe_prp_op` SET `t_camion` = 1 ,`t_camion_conforme` = 1  WHERE `id` = 2332
2024-07-24 09:44:33;UPDATE `pe_langues` SET `actif` = 1 WHERE `iso` = "FR"
2024-07-24 09:44:37;DELETE FROM `pe_prp_op` WHERE `id` IN (2332)
2024-07-24 09:44:37;DELETE FROM `pe_prp_bls` WHERE `id_prp_op` IN (2332)
2024-07-24 09:44:37;INSERT INTO `pe_prp_op` (`id_user`) VALUES (0 )
2024-07-24 09:44:38;UPDATE `pe_prp_op` SET `id_transporteur` = 231  WHERE `id` = 2333
2024-07-24 09:44:42;DELETE FROM `pe_prp_bls` WHERE `id_prp_op` = 2333
2024-07-24 09:44:42;INSERT IGNORE INTO `pe_prp_bls` (`id_prp_op`, `id_bl`) VALUES (2333, 8116)
2024-07-24 09:44:44;UPDATE `pe_prp_op` SET `date` = "2024-07-24"  WHERE `id` = 2333
2024-07-24 09:44:45;UPDATE `pe_prp_op` SET `cmd_conforme` = 1  WHERE `id` = 2333
2024-07-24 09:44:49;UPDATE `pe_prp_op` SET `t_surface` = 1 ,`t_surface_conforme` = 1  WHERE `id` = 2333
2024-07-24 09:44:52;UPDATE `pe_prp_op` SET `t_camion` = 1 ,`t_camion_conforme` = 1  WHERE `id` = 2333
2024-07-24 09:45:34;UPDATE `pe_langues` SET `actif` = 1 WHERE `iso` = "FR"
2024-07-24 09:45:37;DELETE FROM `pe_prp_op` WHERE `id` IN (2333)
2024-07-24 09:45:37;DELETE FROM `pe_prp_bls` WHERE `id_prp_op` IN (2333)
2024-07-24 09:45:37;INSERT INTO `pe_prp_op` (`id_user`) VALUES (0 )
2024-07-24 09:45:39;UPDATE `pe_prp_op` SET `id_transporteur` = 231  WHERE `id` = 2334
2024-07-24 09:45:42;DELETE FROM `pe_prp_bls` WHERE `id_prp_op` = 2334
2024-07-24 09:45:42;INSERT IGNORE INTO `pe_prp_bls` (`id_prp_op`, `id_bl`) VALUES (2334, 8116)
2024-07-24 09:45:43;UPDATE `pe_prp_op` SET `date` = "2024-07-24"  WHERE `id` = 2334
2024-07-24 09:45:44;UPDATE `pe_prp_op` SET `cmd_conforme` = 1  WHERE `id` = 2334
2024-07-24 09:45:49;UPDATE `pe_prp_op` SET `t_surface` = 1 ,`t_surface_conforme` = 1  WHERE `id` = 2334
2024-07-24 09:45:52;UPDATE `pe_prp_op` SET `t_camion` = 1 ,`t_camion_conforme` = 1  WHERE `id` = 2334
2024-07-24 09:47:00;UPDATE `pe_langues` SET `actif` = 1 WHERE `iso` = "FR"
2024-07-24 09:47:23;UPDATE `pe_langues` SET `actif` = 1 WHERE `iso` = "FR"
2024-07-24 09:47:26;DELETE FROM `pe_prp_op` WHERE `id` IN (2334)
2024-07-24 09:47:26;DELETE FROM `pe_prp_bls` WHERE `id_prp_op` IN (2334)
2024-07-24 09:47:26;INSERT INTO `pe_prp_op` (`id_user`) VALUES (0 )
2024-07-24 09:47:27;UPDATE `pe_prp_op` SET `id_transporteur` = 231  WHERE `id` = 2335
2024-07-24 09:47:30;DELETE FROM `pe_prp_bls` WHERE `id_prp_op` = 2335
2024-07-24 09:47:30;INSERT IGNORE INTO `pe_prp_bls` (`id_prp_op`, `id_bl`) VALUES (2335, 8116)
2024-07-24 09:47:31;UPDATE `pe_prp_op` SET `date` = "2024-07-24"  WHERE `id` = 2335
2024-07-24 09:47:32;UPDATE `pe_prp_op` SET `cmd_conforme` = 0  WHERE `id` = 2335
2024-07-24 09:47:35;UPDATE `pe_prp_op` SET `t_surface` = 1 ,`t_surface_conforme` = 1  WHERE `id` = 2335
2024-07-24 09:47:38;UPDATE `pe_prp_op` SET `t_camion` = 1 ,`t_camion_conforme` = 1  WHERE `id` = 2335
2024-07-24 09:48:22;UPDATE `pe_langues` SET `actif` = 1 WHERE `iso` = "FR"
2024-07-24 09:48:33;DELETE FROM `pe_prp_op` WHERE `id` IN (2335)
2024-07-24 09:48:33;DELETE FROM `pe_prp_bls` WHERE `id_prp_op` IN (2335)
2024-07-24 09:48:33;INSERT INTO `pe_prp_op` (`id_user`) VALUES (0 )
2024-07-24 09:48:35;UPDATE `pe_prp_op` SET `id_transporteur` = 231  WHERE `id` = 2336
2024-07-24 09:48:37;DELETE FROM `pe_prp_bls` WHERE `id_prp_op` = 2336
2024-07-24 09:48:37;INSERT IGNORE INTO `pe_prp_bls` (`id_prp_op`, `id_bl`) VALUES (2336, 8116)
2024-07-24 09:48:39;UPDATE `pe_prp_op` SET `date` = "2024-07-24"  WHERE `id` = 2336
2024-07-24 09:48:40;UPDATE `pe_prp_op` SET `cmd_conforme` = 1  WHERE `id` = 2336
2024-07-24 09:48:44;UPDATE `pe_prp_op` SET `t_surface` = 4 ,`t_surface_conforme` = 1  WHERE `id` = 2336
2024-07-24 09:48:46;UPDATE `pe_prp_op` SET `t_camion` = 1 ,`t_camion_conforme` = 1  WHERE `id` = 2336
2024-07-24 09:49:11;UPDATE `pe_langues` SET `actif` = 1 WHERE `iso` = "FR"
2024-07-24 09:49:16;DELETE FROM `pe_prp_op` WHERE `id` IN (2336)
2024-07-24 09:49:16;DELETE FROM `pe_prp_bls` WHERE `id_prp_op` IN (2336)
2024-07-24 09:49:16;INSERT INTO `pe_prp_op` (`id_user`) VALUES (0 )
2024-07-24 09:49:18;UPDATE `pe_prp_op` SET `id_transporteur` = 231  WHERE `id` = 2337
2024-07-24 09:49:21;DELETE FROM `pe_prp_bls` WHERE `id_prp_op` = 2337
2024-07-24 09:49:21;INSERT IGNORE INTO `pe_prp_bls` (`id_prp_op`, `id_bl`) VALUES (2337, 8116)
2024-07-24 09:49:22;UPDATE `pe_prp_op` SET `date` = "2024-07-24"  WHERE `id` = 2337
2024-07-24 09:49:23;UPDATE `pe_prp_op` SET `cmd_conforme` = 1  WHERE `id` = 2337
2024-07-24 09:49:27;UPDATE `pe_prp_op` SET `t_surface` = 1 ,`t_surface_conforme` = 1  WHERE `id` = 2337
2024-07-24 09:49:29;UPDATE `pe_prp_op` SET `t_camion` = 1 ,`t_camion_conforme` = 1  WHERE `id` = 2337
2024-07-24 09:51:30;UPDATE `pe_langues` SET `actif` = 1 WHERE `iso` = "FR"
2024-07-24 09:51:35;DELETE FROM `pe_prp_op` WHERE `id` IN (2337)
2024-07-24 09:51:35;DELETE FROM `pe_prp_bls` WHERE `id_prp_op` IN (2337)
2024-07-24 09:51:35;INSERT INTO `pe_prp_op` (`id_user`) VALUES (0 )
2024-07-24 09:51:36;UPDATE `pe_prp_op` SET `id_transporteur` = 231  WHERE `id` = 2338
2024-07-24 09:51:38;DELETE FROM `pe_prp_bls` WHERE `id_prp_op` = 2338
2024-07-24 09:51:38;INSERT IGNORE INTO `pe_prp_bls` (`id_prp_op`, `id_bl`) VALUES (2338, 8116)
2024-07-24 09:51:40;UPDATE `pe_prp_op` SET `date` = "2024-07-24"  WHERE `id` = 2338
2024-07-24 09:51:42;UPDATE `pe_prp_op` SET `cmd_conforme` = 1  WHERE `id` = 2338
2024-07-24 09:51:45;UPDATE `pe_prp_op` SET `t_surface` = 1 ,`t_surface_conforme` = 1  WHERE `id` = 2338
2024-07-24 09:51:48;UPDATE `pe_prp_op` SET `t_camion` = 1 ,`t_camion_conforme` = 1  WHERE `id` = 2338
2024-07-24 09:52:06;UPDATE `pe_langues` SET `actif` = 1 WHERE `iso` = "FR"
2024-07-24 09:52:10;DELETE FROM `pe_prp_op` WHERE `id` IN (2338)
2024-07-24 09:52:10;DELETE FROM `pe_prp_bls` WHERE `id_prp_op` IN (2338)
2024-07-24 09:52:10;INSERT INTO `pe_prp_op` (`id_user`) VALUES (0 )
2024-07-24 09:52:11;UPDATE `pe_prp_op` SET `id_transporteur` = 231  WHERE `id` = 2339
2024-07-24 09:52:14;DELETE FROM `pe_prp_bls` WHERE `id_prp_op` = 2339
2024-07-24 09:52:14;INSERT IGNORE INTO `pe_prp_bls` (`id_prp_op`, `id_bl`) VALUES (2339, 8116)
2024-07-24 09:52:15;UPDATE `pe_prp_op` SET `date` = "2024-07-24"  WHERE `id` = 2339
2024-07-24 09:52:16;UPDATE `pe_prp_op` SET `cmd_conforme` = 1  WHERE `id` = 2339
2024-07-24 09:52:19;UPDATE `pe_prp_op` SET `t_surface` = 1 ,`t_surface_conforme` = 1  WHERE `id` = 2339
2024-07-24 09:52:22;UPDATE `pe_prp_op` SET `t_camion` = 1 ,`t_camion_conforme` = 1  WHERE `id` = 2339
2024-07-24 09:52:54;UPDATE `pe_langues` SET `actif` = 1 WHERE `iso` = "FR"
2024-07-24 09:52:57;DELETE FROM `pe_prp_op` WHERE `id` IN (2339)
2024-07-24 09:52:57;DELETE FROM `pe_prp_bls` WHERE `id_prp_op` IN (2339)
2024-07-24 09:52:57;INSERT INTO `pe_prp_op` (`id_user`) VALUES (0 )
2024-07-24 09:52:58;UPDATE `pe_prp_op` SET `id_transporteur` = 231  WHERE `id` = 2340
2024-07-24 09:53:01;DELETE FROM `pe_prp_bls` WHERE `id_prp_op` = 2340
2024-07-24 09:53:01;INSERT IGNORE INTO `pe_prp_bls` (`id_prp_op`, `id_bl`) VALUES (2340, 8116)
2024-07-24 09:53:03;UPDATE `pe_prp_op` SET `date` = "2024-07-24"  WHERE `id` = 2340
2024-07-24 09:53:04;UPDATE `pe_prp_op` SET `cmd_conforme` = 1  WHERE `id` = 2340
2024-07-24 09:53:07;UPDATE `pe_prp_op` SET `t_surface` = 1 ,`t_surface_conforme` = 1  WHERE `id` = 2340
2024-07-24 09:53:09;UPDATE `pe_prp_op` SET `t_camion` = 1 ,`t_camion_conforme` = 1  WHERE `id` = 2340
2024-07-24 09:53:19;UPDATE `pe_langues` SET `actif` = 1 WHERE `iso` = "FR"
2024-07-24 09:53:22;DELETE FROM `pe_prp_op` WHERE `id` IN (2340)
2024-07-24 09:53:22;DELETE FROM `pe_prp_bls` WHERE `id_prp_op` IN (2340)
2024-07-24 09:53:22;INSERT INTO `pe_prp_op` (`id_user`) VALUES (0 )
2024-07-24 09:53:23;UPDATE `pe_prp_op` SET `id_transporteur` = 231  WHERE `id` = 2341
2024-07-24 09:53:26;DELETE FROM `pe_prp_bls` WHERE `id_prp_op` = 2341
2024-07-24 09:53:26;INSERT IGNORE INTO `pe_prp_bls` (`id_prp_op`, `id_bl`) VALUES (2341, 8116)
2024-07-24 09:53:27;UPDATE `pe_prp_op` SET `date` = "2024-07-24"  WHERE `id` = 2341
2024-07-24 09:53:29;UPDATE `pe_prp_op` SET `cmd_conforme` = 1  WHERE `id` = 2341
2024-07-24 09:53:32;UPDATE `pe_prp_op` SET `t_surface` = 1 ,`t_surface_conforme` = 1  WHERE `id` = 2341
2024-07-24 09:53:35;UPDATE `pe_prp_op` SET `t_camion` = 1 ,`t_camion_conforme` = 1  WHERE `id` = 2341
2024-07-24 09:54:39;UPDATE `pe_langues` SET `actif` = 1 WHERE `iso` = "FR"
2024-07-24 09:54:46;UPDATE `pe_langues` SET `actif` = 1 WHERE `iso` = "FR"
2024-07-24 09:54:49;DELETE FROM `pe_prp_op` WHERE `id` IN (2341)
2024-07-24 09:54:49;DELETE FROM `pe_prp_bls` WHERE `id_prp_op` IN (2341)
2024-07-24 09:54:49;INSERT INTO `pe_prp_op` (`id_user`) VALUES (0 )
2024-07-24 09:54:50;UPDATE `pe_prp_op` SET `id_transporteur` = 231  WHERE `id` = 2342
2024-07-24 09:54:53;DELETE FROM `pe_prp_bls` WHERE `id_prp_op` = 2342
2024-07-24 09:54:53;INSERT IGNORE INTO `pe_prp_bls` (`id_prp_op`, `id_bl`) VALUES (2342, 8116)
2024-07-24 09:54:54;UPDATE `pe_prp_op` SET `date` = "2024-07-24"  WHERE `id` = 2342
2024-07-24 09:54:56;UPDATE `pe_prp_op` SET `cmd_conforme` = 1  WHERE `id` = 2342
2024-07-24 09:54:59;UPDATE `pe_prp_op` SET `t_surface` = 1 ,`t_surface_conforme` = 1  WHERE `id` = 2342
2024-07-24 09:55:02;UPDATE `pe_prp_op` SET `t_camion` = 1 ,`t_camion_conforme` = 1  WHERE `id` = 2342
2024-07-24 09:55:15;UPDATE `pe_langues` SET `actif` = 1 WHERE `iso` = "FR"
2024-07-24 09:55:19;DELETE FROM `pe_prp_op` WHERE `id` IN (2342)
2024-07-24 09:55:19;DELETE FROM `pe_prp_bls` WHERE `id_prp_op` IN (2342)
2024-07-24 09:55:19;INSERT INTO `pe_prp_op` (`id_user`) VALUES (0 )
2024-07-24 09:55:20;UPDATE `pe_prp_op` SET `id_transporteur` = 231  WHERE `id` = 2343
2024-07-24 09:55:23;DELETE FROM `pe_prp_bls` WHERE `id_prp_op` = 2343
2024-07-24 09:55:23;INSERT IGNORE INTO `pe_prp_bls` (`id_prp_op`, `id_bl`) VALUES (2343, 8116)
2024-07-24 09:55:24;UPDATE `pe_prp_op` SET `date` = "2024-07-24"  WHERE `id` = 2343
2024-07-24 09:55:25;UPDATE `pe_prp_op` SET `cmd_conforme` = 1  WHERE `id` = 2343
2024-07-24 09:55:28;UPDATE `pe_prp_op` SET `t_surface` = 1 ,`t_surface_conforme` = 1  WHERE `id` = 2343
2024-07-24 09:55:31;UPDATE `pe_prp_op` SET `t_camion` = 1 ,`t_camion_conforme` = 1  WHERE `id` = 2343
2024-07-24 09:56:08;UPDATE `pe_langues` SET `actif` = 1 WHERE `iso` = "FR"
2024-07-24 09:58:32;DELETE FROM `pe_prp_op` WHERE `id` IN (2343)
2024-07-24 09:58:32;DELETE FROM `pe_prp_bls` WHERE `id_prp_op` IN (2343)
2024-07-24 09:58:32;INSERT INTO `pe_prp_op` (`id_user`) VALUES (0 )
2024-07-24 09:58:33;UPDATE `pe_prp_op` SET `id_transporteur` = 231  WHERE `id` = 2344
2024-07-24 09:58:36;DELETE FROM `pe_prp_bls` WHERE `id_prp_op` = 2344
2024-07-24 09:58:36;INSERT IGNORE INTO `pe_prp_bls` (`id_prp_op`, `id_bl`) VALUES (2344, 8116)
2024-07-24 09:58:38;UPDATE `pe_prp_op` SET `date` = "2024-07-24"  WHERE `id` = 2344
2024-07-24 09:58:39;UPDATE `pe_prp_op` SET `cmd_conforme` = 1  WHERE `id` = 2344
2024-07-24 09:58:43;UPDATE `pe_prp_op` SET `t_surface` = 1 ,`t_surface_conforme` = 1  WHERE `id` = 2344
2024-07-24 09:58:45;UPDATE `pe_prp_op` SET `t_camion` = 1 ,`t_camion_conforme` = 1  WHERE `id` = 2344
2024-07-24 10:18:29;UPDATE `pe_prp_op` SET `emballage_conforme` = 1  WHERE `id` = 2344
2024-07-24 10:24:46;UPDATE `pe_langues` SET `actif` = 1 WHERE `iso` = "FR"
2024-07-24 10:24:51;DELETE FROM `pe_prp_op` WHERE `id` IN (2344)
2024-07-24 10:24:51;DELETE FROM `pe_prp_bls` WHERE `id_prp_op` IN (2344)
2024-07-24 10:24:51;INSERT INTO `pe_prp_op` (`id_user`) VALUES (0 )
2024-07-24 10:24:52;UPDATE `pe_prp_op` SET `id_transporteur` = 231  WHERE `id` = 2345
2024-07-24 10:24:55;DELETE FROM `pe_prp_bls` WHERE `id_prp_op` = 2345
2024-07-24 10:24:55;INSERT IGNORE INTO `pe_prp_bls` (`id_prp_op`, `id_bl`) VALUES (2345, 8116)
2024-07-24 10:24:56;UPDATE `pe_prp_op` SET `date` = "2024-07-24"  WHERE `id` = 2345
2024-07-24 10:24:57;UPDATE `pe_prp_op` SET `cmd_conforme` = 1  WHERE `id` = 2345
2024-07-24 10:25:01;UPDATE `pe_prp_op` SET `t_surface` = 1 ,`t_surface_conforme` = 1  WHERE `id` = 2345
2024-07-24 10:25:04;UPDATE `pe_prp_op` SET `t_camion` = 1 ,`t_camion_conforme` = 1  WHERE `id` = 2345
2024-07-24 10:25:08;UPDATE `pe_prp_op` SET `emballage_conforme` = 1  WHERE `id` = 2345
2024-07-24 10:25:32;UPDATE `pe_langues` SET `actif` = 1 WHERE `iso` = "FR"
2024-07-24 10:25:37;DELETE FROM `pe_prp_op` WHERE `id` IN (2345)
2024-07-24 10:25:37;DELETE FROM `pe_prp_bls` WHERE `id_prp_op` IN (2345)
2024-07-24 10:25:37;INSERT INTO `pe_prp_op` (`id_user`) VALUES (0 )
2024-07-24 10:25:38;UPDATE `pe_prp_op` SET `id_transporteur` = 231  WHERE `id` = 2346
2024-07-24 10:25:41;DELETE FROM `pe_prp_bls` WHERE `id_prp_op` = 2346
2024-07-24 10:25:41;INSERT IGNORE INTO `pe_prp_bls` (`id_prp_op`, `id_bl`) VALUES (2346, 8116)
2024-07-24 10:25:42;UPDATE `pe_prp_op` SET `date` = "2024-07-24"  WHERE `id` = 2346
2024-07-24 10:25:43;UPDATE `pe_prp_op` SET `cmd_conforme` = 1  WHERE `id` = 2346
2024-07-24 10:25:47;UPDATE `pe_prp_op` SET `t_surface` = 4 ,`t_surface_conforme` = 1  WHERE `id` = 2346
2024-07-24 10:25:50;UPDATE `pe_prp_op` SET `t_camion` = 1 ,`t_camion_conforme` = 1  WHERE `id` = 2346
2024-07-24 10:25:53;UPDATE `pe_prp_op` SET `emballage_conforme` = 1  WHERE `id` = 2346
2024-07-24 10:29:25;UPDATE `pe_langues` SET `actif` = 1 WHERE `iso` = "FR"
2024-07-24 10:29:40;UPDATE `pe_langues` SET `actif` = 1 WHERE `iso` = "FR"
2024-07-24 10:29:48;UPDATE `pe_langues` SET `actif` = 1 WHERE `iso` = "FR"
2024-07-24 10:29:52;DELETE FROM `pe_prp_op` WHERE `id` IN (2346)
2024-07-24 10:29:52;DELETE FROM `pe_prp_bls` WHERE `id_prp_op` IN (2346)
2024-07-24 10:29:52;INSERT INTO `pe_prp_op` (`id_user`) VALUES (0 )
2024-07-24 10:29:54;UPDATE `pe_prp_op` SET `id_transporteur` = 231  WHERE `id` = 2347
2024-07-24 10:29:56;DELETE FROM `pe_prp_bls` WHERE `id_prp_op` = 2347
2024-07-24 10:29:56;INSERT IGNORE INTO `pe_prp_bls` (`id_prp_op`, `id_bl`) VALUES (2347, 8116)
2024-07-24 10:29:58;UPDATE `pe_prp_op` SET `date` = "2024-07-24"  WHERE `id` = 2347
2024-07-24 10:30:06;UPDATE `pe_langues` SET `actif` = 1 WHERE `iso` = "FR"
2024-07-24 10:30:18;UPDATE `pe_langues` SET `actif` = 1 WHERE `iso` = "FR"
2024-07-24 10:30:21;DELETE FROM `pe_prp_op` WHERE `id` IN (2347)
2024-07-24 10:30:21;DELETE FROM `pe_prp_bls` WHERE `id_prp_op` IN (2347)
2024-07-24 10:30:21;INSERT INTO `pe_prp_op` (`id_user`) VALUES (0 )
2024-07-24 10:30:22;UPDATE `pe_prp_op` SET `id_transporteur` = 231  WHERE `id` = 2348
2024-07-24 10:30:25;DELETE FROM `pe_prp_bls` WHERE `id_prp_op` = 2348
2024-07-24 10:30:25;INSERT IGNORE INTO `pe_prp_bls` (`id_prp_op`, `id_bl`) VALUES (2348, 8116)
2024-07-24 10:30:27;UPDATE `pe_prp_op` SET `date` = "2024-07-24"  WHERE `id` = 2348
2024-07-24 10:30:28;UPDATE `pe_prp_op` SET `cmd_conforme` = 1  WHERE `id` = 2348
2024-07-24 10:30:31;UPDATE `pe_prp_op` SET `t_surface` = 1 ,`t_surface_conforme` = 1  WHERE `id` = 2348
2024-07-24 10:30:36;UPDATE `pe_prp_op` SET `t_camion` = 1 ,`t_camion_conforme` = 1  WHERE `id` = 2348
2024-07-24 10:30:40;UPDATE `pe_prp_op` SET `emballage_conforme` = 1  WHERE `id` = 2348
2024-07-24 10:32:19;UPDATE `pe_langues` SET `actif` = 1 WHERE `iso` = "FR"
2024-07-24 10:32:22;DELETE FROM `pe_prp_op` WHERE `id` IN (2348)
2024-07-24 10:32:22;DELETE FROM `pe_prp_bls` WHERE `id_prp_op` IN (2348)
2024-07-24 10:32:22;INSERT INTO `pe_prp_op` (`id_user`) VALUES (0 )
2024-07-24 10:32:24;UPDATE `pe_prp_op` SET `id_transporteur` = 231  WHERE `id` = 2349
2024-07-24 10:32:26;DELETE FROM `pe_prp_bls` WHERE `id_prp_op` = 2349
2024-07-24 10:32:26;INSERT IGNORE INTO `pe_prp_bls` (`id_prp_op`, `id_bl`) VALUES (2349, 8117)
2024-07-24 10:32:28;UPDATE `pe_prp_op` SET `date` = "2024-07-24"  WHERE `id` = 2349
2024-07-24 10:32:30;UPDATE `pe_prp_op` SET `cmd_conforme` = 1  WHERE `id` = 2349
2024-07-24 10:32:40;UPDATE `pe_prp_op` SET `t_surface` = 1 ,`t_surface_conforme` = 1  WHERE `id` = 2349
2024-07-24 10:32:44;UPDATE `pe_prp_op` SET `t_camion` = 1 ,`t_camion_conforme` = 1  WHERE `id` = 2349
2024-07-24 10:32:47;UPDATE `pe_prp_op` SET `emballage_conforme` = 1  WHERE `id` = 2349
2024-07-24 10:35:12;UPDATE `pe_langues` SET `actif` = 1 WHERE `iso` = "FR"
2024-07-24 10:35:17;DELETE FROM `pe_prp_op` WHERE `id` IN (2349)
2024-07-24 10:35:17;DELETE FROM `pe_prp_bls` WHERE `id_prp_op` IN (2349)
2024-07-24 10:35:17;INSERT INTO `pe_prp_op` (`id_user`) VALUES (0 )
2024-07-24 10:35:18;UPDATE `pe_prp_op` SET `id_transporteur` = 231  WHERE `id` = 2350
2024-07-24 10:35:21;DELETE FROM `pe_prp_bls` WHERE `id_prp_op` = 2350
2024-07-24 10:35:21;INSERT IGNORE INTO `pe_prp_bls` (`id_prp_op`, `id_bl`) VALUES (2350, 8116)
2024-07-24 10:35:22;UPDATE `pe_prp_op` SET `date` = "2024-07-24"  WHERE `id` = 2350
2024-07-24 10:35:24;UPDATE `pe_prp_op` SET `cmd_conforme` = 1  WHERE `id` = 2350
2024-07-24 10:35:27;UPDATE `pe_prp_op` SET `t_surface` = 1 ,`t_surface_conforme` = 1  WHERE `id` = 2350
2024-07-24 10:35:31;UPDATE `pe_prp_op` SET `t_camion` = 1 ,`t_camion_conforme` = 1  WHERE `id` = 2350
2024-07-24 10:35:38;UPDATE `pe_prp_op` SET `emballage_conforme` = 0  WHERE `id` = 2350
2024-07-24 10:46:55;UPDATE `pe_langues` SET `actif` = 1 WHERE `iso` = "FR"
2024-07-24 10:46:56;UPDATE `pe_langues` SET `actif` = 1 WHERE `iso` = "FR"
2024-07-24 10:47:00;DELETE FROM `pe_prp_op` WHERE `id` IN (2350)
2024-07-24 10:47:00;DELETE FROM `pe_prp_bls` WHERE `id_prp_op` IN (2350)
2024-07-24 10:47:00;INSERT INTO `pe_prp_op` (`id_user`) VALUES (0 )
2024-07-24 10:47:07;UPDATE `pe_prp_op` SET `id_transporteur` = 231  WHERE `id` = 2351
2024-07-24 10:47:10;DELETE FROM `pe_prp_bls` WHERE `id_prp_op` = 2351
2024-07-24 10:47:10;INSERT IGNORE INTO `pe_prp_bls` (`id_prp_op`, `id_bl`) VALUES (2351, 8116)
2024-07-24 10:47:11;UPDATE `pe_prp_op` SET `date` = "2024-07-24"  WHERE `id` = 2351
2024-07-24 10:47:12;UPDATE `pe_prp_op` SET `cmd_conforme` = 1  WHERE `id` = 2351
2024-07-24 10:47:16;UPDATE `pe_prp_op` SET `t_surface` = 1 ,`t_surface_conforme` = 1  WHERE `id` = 2351
2024-07-24 10:47:20;UPDATE `pe_prp_op` SET `t_camion` = 1 ,`t_camion_conforme` = 1  WHERE `id` = 2351
2024-07-24 10:47:23;UPDATE `pe_prp_op` SET `emballage_conforme` = 1  WHERE `id` = 2351
2024-07-24 10:47:46;UPDATE `pe_langues` SET `actif` = 1 WHERE `iso` = "FR"
2024-07-24 10:47:46;UPDATE `pe_langues` SET `actif` = 1 WHERE `iso` = "FR"
2024-07-24 10:47:46;UPDATE `pe_langues` SET `actif` = 1 WHERE `iso` = "FR"
2024-07-24 10:47:47;UPDATE `pe_langues` SET `actif` = 1 WHERE `iso` = "FR"
2024-07-24 10:47:47;UPDATE `pe_langues` SET `actif` = 1 WHERE `iso` = "FR"
2024-07-24 10:48:26;DELETE FROM `pe_prp_op` WHERE `id` IN (2351)
2024-07-24 10:48:26;DELETE FROM `pe_prp_bls` WHERE `id_prp_op` IN (2351)
2024-07-24 10:48:26;INSERT INTO `pe_prp_op` (`id_user`) VALUES (0 )
2024-07-24 10:48:28;UPDATE `pe_prp_op` SET `id_transporteur` = 231  WHERE `id` = 2352
2024-07-24 10:48:31;DELETE FROM `pe_prp_bls` WHERE `id_prp_op` = 2352
2024-07-24 10:48:31;INSERT IGNORE INTO `pe_prp_bls` (`id_prp_op`, `id_bl`) VALUES (2352, 8116)
2024-07-24 10:48:32;UPDATE `pe_prp_op` SET `date` = "2024-07-24"  WHERE `id` = 2352
2024-07-24 10:48:34;UPDATE `pe_prp_op` SET `cmd_conforme` = 1  WHERE `id` = 2352
2024-07-24 10:48:38;UPDATE `pe_prp_op` SET `t_surface` = 1 ,`t_surface_conforme` = 1  WHERE `id` = 2352
2024-07-24 10:48:42;UPDATE `pe_prp_op` SET `t_camion` = 1 ,`t_camion_conforme` = 1  WHERE `id` = 2352
2024-07-24 10:48:46;UPDATE `pe_prp_op` SET `emballage_conforme` = 1  WHERE `id` = 2352
2024-07-24 10:52:19;UPDATE `pe_langues` SET `actif` = 1 WHERE `iso` = "FR"
2024-07-24 10:52:22;DELETE FROM `pe_prp_op` WHERE `id` IN (2352)
2024-07-24 10:52:22;DELETE FROM `pe_prp_bls` WHERE `id_prp_op` IN (2352)
2024-07-24 10:52:22;INSERT INTO `pe_prp_op` (`id_user`) VALUES (0 )
2024-07-24 10:52:23;UPDATE `pe_prp_op` SET `id_transporteur` = 231  WHERE `id` = 2353
2024-07-24 10:52:26;DELETE FROM `pe_prp_bls` WHERE `id_prp_op` = 2353
2024-07-24 10:52:26;INSERT IGNORE INTO `pe_prp_bls` (`id_prp_op`, `id_bl`) VALUES (2353, 8116)
2024-07-24 10:52:27;UPDATE `pe_prp_op` SET `date` = "2024-07-24"  WHERE `id` = 2353
2024-07-24 10:52:28;UPDATE `pe_prp_op` SET `cmd_conforme` = 1  WHERE `id` = 2353
2024-07-24 10:52:32;UPDATE `pe_prp_op` SET `t_surface` = 1 ,`t_surface_conforme` = 1  WHERE `id` = 2353
2024-07-24 10:52:36;UPDATE `pe_prp_op` SET `t_camion` = 1 ,`t_camion_conforme` = 1  WHERE `id` = 2353
2024-07-24 10:52:42;UPDATE `pe_prp_op` SET `emballage_conforme` = 0  WHERE `id` = 2353
2024-07-24 10:54:33;UPDATE `pe_langues` SET `actif` = 1 WHERE `iso` = "FR"
2024-07-24 10:54:38;DELETE FROM `pe_prp_op` WHERE `id` IN (2353)
2024-07-24 10:54:38;DELETE FROM `pe_prp_bls` WHERE `id_prp_op` IN (2353)
2024-07-24 10:54:38;INSERT INTO `pe_prp_op` (`id_user`) VALUES (0 )
2024-07-24 10:54:43;UPDATE `pe_langues` SET `actif` = 1 WHERE `iso` = "FR"
2024-07-24 10:54:46;DELETE FROM `pe_prp_op` WHERE `id` IN (2354)
2024-07-24 10:54:46;DELETE FROM `pe_prp_bls` WHERE `id_prp_op` IN (2354)
2024-07-24 10:54:46;INSERT INTO `pe_prp_op` (`id_user`) VALUES (0 )
2024-07-24 10:54:48;UPDATE `pe_prp_op` SET `id_transporteur` = 231  WHERE `id` = 2355
2024-07-24 10:54:51;DELETE FROM `pe_prp_bls` WHERE `id_prp_op` = 2355
2024-07-24 10:54:51;INSERT IGNORE INTO `pe_prp_bls` (`id_prp_op`, `id_bl`) VALUES (2355, 8116)
2024-07-24 10:54:52;UPDATE `pe_prp_op` SET `date` = "2024-07-24"  WHERE `id` = 2355
2024-07-24 10:54:53;UPDATE `pe_prp_op` SET `cmd_conforme` = 1  WHERE `id` = 2355
2024-07-24 10:54:57;UPDATE `pe_prp_op` SET `t_surface` = 1 ,`t_surface_conforme` = 1  WHERE `id` = 2355
2024-07-24 10:55:04;UPDATE `pe_langues` SET `actif` = 1 WHERE `iso` = "FR"
2024-07-24 10:55:06;DELETE FROM `pe_prp_op` WHERE `id` IN (2355)
2024-07-24 10:55:06;DELETE FROM `pe_prp_bls` WHERE `id_prp_op` IN (2355)
2024-07-24 10:55:06;INSERT INTO `pe_prp_op` (`id_user`) VALUES (0 )
2024-07-24 10:55:08;UPDATE `pe_prp_op` SET `id_transporteur` = 231  WHERE `id` = 2356
2024-07-24 10:55:10;DELETE FROM `pe_prp_bls` WHERE `id_prp_op` = 2356
2024-07-24 10:55:10;INSERT IGNORE INTO `pe_prp_bls` (`id_prp_op`, `id_bl`) VALUES (2356, 8116)
2024-07-24 10:55:12;UPDATE `pe_prp_op` SET `date` = "2024-07-24"  WHERE `id` = 2356
2024-07-24 10:55:14;UPDATE `pe_prp_op` SET `cmd_conforme` = 1  WHERE `id` = 2356
2024-07-24 10:55:17;UPDATE `pe_prp_op` SET `t_surface` = 1 ,`t_surface_conforme` = 1  WHERE `id` = 2356
2024-07-24 10:55:33;UPDATE `pe_langues` SET `actif` = 1 WHERE `iso` = "FR"
2024-07-24 10:55:38;DELETE FROM `pe_prp_op` WHERE `id` IN (2356)
2024-07-24 10:55:38;DELETE FROM `pe_prp_bls` WHERE `id_prp_op` IN (2356)
2024-07-24 10:55:38;INSERT INTO `pe_prp_op` (`id_user`) VALUES (0 )
2024-07-24 10:55:40;UPDATE `pe_prp_op` SET `id_transporteur` = 231  WHERE `id` = 2357
2024-07-24 10:55:44;DELETE FROM `pe_prp_bls` WHERE `id_prp_op` = 2357
2024-07-24 10:55:44;INSERT IGNORE INTO `pe_prp_bls` (`id_prp_op`, `id_bl`) VALUES (2357, 8116)
2024-07-24 10:55:46;UPDATE `pe_prp_op` SET `date` = "2024-07-24"  WHERE `id` = 2357
2024-07-24 10:55:48;UPDATE `pe_prp_op` SET `cmd_conforme` = 1  WHERE `id` = 2357
2024-07-24 10:55:51;UPDATE `pe_prp_op` SET `t_surface` = 1 ,`t_surface_conforme` = 1  WHERE `id` = 2357
2024-07-24 10:55:53;UPDATE `pe_prp_op` SET `t_camion` = 1 ,`t_camion_conforme` = 1  WHERE `id` = 2357
2024-07-24 10:55:56;UPDATE `pe_prp_op` SET `emballage_conforme` = 1  WHERE `id` = 2357
2024-07-24 10:56:05;UPDATE `pe_prp_op` SET `palettes_poids` = 3 ,`palettes_recues` = 0 ,`palettes_rendues` = 0  WHERE `id` = 2357
2024-07-24 10:56:09;UPDATE `pe_langues` SET `actif` = 1 WHERE `iso` = "FR"
2024-07-24 11:16:17;DELETE FROM `pe_prp_op` WHERE `id` IN (2357)
2024-07-24 11:16:17;DELETE FROM `pe_prp_bls` WHERE `id_prp_op` IN (2357)
2024-07-24 11:16:17;INSERT INTO `pe_prp_op` (`id_user`) VALUES (0 )
2024-07-24 11:16:20;UPDATE `pe_prp_op` SET `id_transporteur` = 231  WHERE `id` = 2358
2024-07-24 11:16:35;UPDATE `pe_langues` SET `actif` = 1 WHERE `iso` = "FR"
2024-07-24 11:16:39;DELETE FROM `pe_prp_op` WHERE `id` IN (2358)
2024-07-24 11:16:39;DELETE FROM `pe_prp_bls` WHERE `id_prp_op` IN (2358)
2024-07-24 11:16:39;INSERT INTO `pe_prp_op` (`id_user`) VALUES (0 )
2024-07-24 11:16:40;UPDATE `pe_prp_op` SET `id_transporteur` = 231  WHERE `id` = 2359
2024-07-24 11:16:43;DELETE FROM `pe_prp_bls` WHERE `id_prp_op` = 2359
2024-07-24 11:16:43;INSERT IGNORE INTO `pe_prp_bls` (`id_prp_op`, `id_bl`) VALUES (2359, 8116)
2024-07-24 11:16:45;UPDATE `pe_prp_op` SET `date` = "2024-07-24"  WHERE `id` = 2359
2024-07-24 11:16:46;UPDATE `pe_prp_op` SET `cmd_conforme` = 1  WHERE `id` = 2359
2024-07-24 11:16:50;UPDATE `pe_prp_op` SET `t_surface` = 1 ,`t_surface_conforme` = 1  WHERE `id` = 2359
2024-07-24 11:17:06;UPDATE `pe_langues` SET `actif` = 1 WHERE `iso` = "FR"
2024-07-24 11:23:12;DELETE FROM `pe_prp_op` WHERE `id` IN (2359)
2024-07-24 11:23:12;DELETE FROM `pe_prp_bls` WHERE `id_prp_op` IN (2359)
2024-07-24 11:23:12;INSERT INTO `pe_prp_op` (`id_user`) VALUES (0 )
2024-07-24 11:23:15;UPDATE `pe_prp_op` SET `id_transporteur` = 231  WHERE `id` = 2360
2024-07-24 11:23:19;DELETE FROM `pe_prp_bls` WHERE `id_prp_op` = 2360
2024-07-24 11:23:19;INSERT IGNORE INTO `pe_prp_bls` (`id_prp_op`, `id_bl`) VALUES (2360, 8116)
2024-07-24 11:28:44;UPDATE `pe_prp_op` SET `date` = "2024-07-24"  WHERE `id` = 2360
2024-07-24 11:40:13;UPDATE `pe_prp_op` SET `cmd_conforme` = 1  WHERE `id` = 2360
2024-07-24 11:40:16;UPDATE `pe_prp_op` SET `t_surface` = 2 ,`t_surface_conforme` = 1  WHERE `id` = 2360
2024-07-24 11:40:19;UPDATE `pe_prp_op` SET `t_camion` = 2 ,`t_camion_conforme` = 1  WHERE `id` = 2360
2024-07-24 11:40:24;UPDATE `pe_prp_op` SET `emballage_conforme` = 1  WHERE `id` = 2360
2024-07-24 13:37:12;UPDATE `pe_langues` SET `actif` = 1 WHERE `iso` = "FR"
2024-07-24 13:37:16;DELETE FROM `pe_prp_op` WHERE `id` IN (2360)
2024-07-24 13:37:16;DELETE FROM `pe_prp_bls` WHERE `id_prp_op` IN (2360)
2024-07-24 13:37:16;INSERT INTO `pe_prp_op` (`id_user`) VALUES (0 )
2024-07-24 13:42:38;UPDATE `pe_prp_op` SET `id_transporteur` = 231  WHERE `id` = 2361
2024-07-24 13:42:43;DELETE FROM `pe_prp_bls` WHERE `id_prp_op` = 2361
2024-07-24 13:42:43;INSERT IGNORE INTO `pe_prp_bls` (`id_prp_op`, `id_bl`) VALUES (2361, 8116)
2024-07-24 13:42:45;UPDATE `pe_prp_op` SET `date` = "2024-07-24"  WHERE `id` = 2361
2024-07-24 13:42:46;UPDATE `pe_prp_op` SET `cmd_conforme` = 1  WHERE `id` = 2361
2024-07-24 13:42:50;UPDATE `pe_prp_op` SET `t_surface` = 1 ,`t_surface_conforme` = 1  WHERE `id` = 2361
2024-07-24 13:42:54;UPDATE `pe_prp_op` SET `t_camion` = 1 ,`t_camion_conforme` = 1  WHERE `id` = 2361
2024-07-24 13:57:44;UPDATE `pe_langues` SET `actif` = 1 WHERE `iso` = "FR"
2024-07-24 13:57:52;DELETE FROM `pe_prp_op` WHERE `id` IN (2361)
2024-07-24 13:57:52;DELETE FROM `pe_prp_bls` WHERE `id_prp_op` IN (2361)
2024-07-24 13:57:52;INSERT INTO `pe_prp_op` (`id_user`) VALUES (0 )
2024-07-24 13:57:53;UPDATE `pe_prp_op` SET `id_transporteur` = 231  WHERE `id` = 2362
2024-07-24 13:57:56;DELETE FROM `pe_prp_bls` WHERE `id_prp_op` = 2362
2024-07-24 13:57:56;INSERT IGNORE INTO `pe_prp_bls` (`id_prp_op`, `id_bl`) VALUES (2362, 8116)
2024-07-24 13:57:58;UPDATE `pe_prp_op` SET `date` = "2024-07-24"  WHERE `id` = 2362
2024-07-24 13:58:01;UPDATE `pe_prp_op` SET `cmd_conforme` = 1  WHERE `id` = 2362
2024-07-24 13:58:05;UPDATE `pe_prp_op` SET `t_surface` = 1 ,`t_surface_conforme` = 1  WHERE `id` = 2362
2024-07-24 13:58:16;UPDATE `pe_prp_op` SET `t_camion` = 1 ,`t_camion_conforme` = 1  WHERE `id` = 2362
2024-07-24 13:58:21;UPDATE `pe_prp_op` SET `emballage_conforme` = 1  WHERE `id` = 2362
2024-07-24 13:58:32;UPDATE `pe_langues` SET `actif` = 1 WHERE `iso` = "FR"
2024-07-24 13:58:39;UPDATE `pe_langues` SET `actif` = 1 WHERE `iso` = "FR"
2024-07-24 14:00:02;UPDATE `pe_langues` SET `actif` = 1 WHERE `iso` = "FR"
2024-07-24 14:00:18;DELETE FROM `pe_prp_op` WHERE `id` IN (2362)
2024-07-24 14:00:18;DELETE FROM `pe_prp_bls` WHERE `id_prp_op` IN (2362)
2024-07-24 14:00:18;INSERT INTO `pe_prp_op` (`id_user`) VALUES (0 )
2024-07-24 14:00:22;UPDATE `pe_prp_op` SET `id_transporteur` = 231  WHERE `id` = 2363
2024-07-24 14:00:56;DELETE FROM `pe_prp_bls` WHERE `id_prp_op` = 2363
2024-07-24 14:00:56;INSERT IGNORE INTO `pe_prp_bls` (`id_prp_op`, `id_bl`) VALUES (2363, 8116)
2024-07-24 14:00:59;UPDATE `pe_prp_op` SET `date` = "2024-07-24"  WHERE `id` = 2363
2024-07-24 14:01:13;UPDATE `pe_prp_op` SET `cmd_conforme` = 1  WHERE `id` = 2363
2024-07-24 14:01:17;UPDATE `pe_prp_op` SET `t_surface` = 4 ,`t_surface_conforme` = 1  WHERE `id` = 2363
2024-07-24 14:01:22;UPDATE `pe_prp_op` SET `t_camion` = 1 ,`t_camion_conforme` = 1  WHERE `id` = 2363
2024-07-24 14:22:40;UPDATE `pe_langues` SET `actif` = 1 WHERE `iso` = "FR"
2024-07-24 14:22:53;DELETE FROM `pe_prp_op` WHERE `id` IN (2363)
2024-07-24 14:22:53;DELETE FROM `pe_prp_bls` WHERE `id_prp_op` IN (2363)
2024-07-24 14:22:53;INSERT INTO `pe_prp_op` (`id_user`) VALUES (0 )
2024-07-24 14:22:56;UPDATE `pe_prp_op` SET `id_transporteur` = 231  WHERE `id` = 2364
2024-07-24 14:22:56;INSERT INTO `pe_pvisu_apres` (`commentaires`,`date`,`id_user`) VALUES ("" ,"2024-07-24" ,1 )
2024-07-24 14:23:03;DELETE FROM `pe_prp_bls` WHERE `id_prp_op` = 2364
2024-07-24 14:23:03;INSERT IGNORE INTO `pe_prp_bls` (`id_prp_op`, `id_bl`) VALUES (2364, 8116)
2024-07-24 14:23:06;UPDATE `pe_prp_op` SET `date` = "2024-07-24"  WHERE `id` = 2364
2024-07-24 14:23:40;UPDATE `pe_langues` SET `actif` = 1 WHERE `iso` = "FR"
2024-07-24 14:23:50;DELETE FROM `pe_prp_op` WHERE `id` IN (2364)
2024-07-24 14:23:50;DELETE FROM `pe_prp_bls` WHERE `id_prp_op` IN (2364)
2024-07-24 14:23:50;INSERT INTO `pe_prp_op` (`id_user`) VALUES (0 )
2024-07-24 14:23:52;UPDATE `pe_prp_op` SET `id_transporteur` = 231  WHERE `id` = 2365
2024-07-24 14:24:00;DELETE FROM `pe_prp_bls` WHERE `id_prp_op` = 2365
2024-07-24 14:24:00;INSERT IGNORE INTO `pe_prp_bls` (`id_prp_op`, `id_bl`) VALUES (2365, 8116)
2024-07-24 14:24:07;UPDATE `pe_prp_op` SET `date` = "2024-07-24"  WHERE `id` = 2365
2024-07-24 14:24:11;UPDATE `pe_prp_op` SET `cmd_conforme` = 1  WHERE `id` = 2365
2024-07-24 14:24:17;UPDATE `pe_prp_op` SET `t_surface` = 1 ,`t_surface_conforme` = 1  WHERE `id` = 2365
2024-07-24 14:24:20;UPDATE `pe_prp_op` SET `t_camion` = 1 ,`t_camion_conforme` = 1  WHERE `id` = 2365
2024-07-24 14:24:23;UPDATE `pe_prp_op` SET `emballage_conforme` = 1  WHERE `id` = 2365
2024-07-24 14:27:12;UPDATE `pe_langues` SET `actif` = 1 WHERE `iso` = "FR"
2024-07-24 14:27:16;DELETE FROM `pe_prp_op` WHERE `id` IN (2365)
2024-07-24 14:27:16;DELETE FROM `pe_prp_bls` WHERE `id_prp_op` IN (2365)
2024-07-24 14:27:16;INSERT INTO `pe_prp_op` (`id_user`) VALUES (0 )
2024-07-24 14:27:18;UPDATE `pe_prp_op` SET `id_transporteur` = 231  WHERE `id` = 2366
2024-07-24 14:27:23;DELETE FROM `pe_prp_bls` WHERE `id_prp_op` = 2366
2024-07-24 14:27:23;INSERT IGNORE INTO `pe_prp_bls` (`id_prp_op`, `id_bl`) VALUES (2366, 8116)
2024-07-24 14:27:29;UPDATE `pe_prp_op` SET `date` = "2024-07-24"  WHERE `id` = 2366
2024-07-24 14:27:32;UPDATE `pe_langues` SET `actif` = 1 WHERE `iso` = "FR"
2024-07-24 14:27:34;DELETE FROM `pe_prp_op` WHERE `id` IN (2366)
2024-07-24 14:27:34;DELETE FROM `pe_prp_bls` WHERE `id_prp_op` IN (2366)
2024-07-24 14:27:34;INSERT INTO `pe_prp_op` (`id_user`) VALUES (0 )
2024-07-24 14:27:35;UPDATE `pe_prp_op` SET `id_transporteur` = 231  WHERE `id` = 2367
2024-07-24 14:27:38;DELETE FROM `pe_prp_bls` WHERE `id_prp_op` = 2367
2024-07-24 14:27:38;INSERT IGNORE INTO `pe_prp_bls` (`id_prp_op`, `id_bl`) VALUES (2367, 8116)
2024-07-24 14:27:40;UPDATE `pe_prp_op` SET `date` = "2024-07-24"  WHERE `id` = 2367
2024-07-24 14:28:38;UPDATE `pe_langues` SET `actif` = 1 WHERE `iso` = "FR"
2024-07-24 14:28:45;DELETE FROM `pe_prp_op` WHERE `id` IN (2367)
2024-07-24 14:28:45;DELETE FROM `pe_prp_bls` WHERE `id_prp_op` IN (2367)
2024-07-24 14:28:45;INSERT INTO `pe_prp_op` (`id_user`) VALUES (0 )
2024-07-24 14:28:48;UPDATE `pe_prp_op` SET `id_transporteur` = 231  WHERE `id` = 2368
2024-07-24 14:28:51;DELETE FROM `pe_prp_bls` WHERE `id_prp_op` = 2368
2024-07-24 14:28:51;INSERT IGNORE INTO `pe_prp_bls` (`id_prp_op`, `id_bl`) VALUES (2368, 8116)
2024-07-24 14:28:52;UPDATE `pe_prp_op` SET `date` = "2024-07-24"  WHERE `id` = 2368
2024-07-24 14:28:54;UPDATE `pe_prp_op` SET `cmd_conforme` = 1  WHERE `id` = 2368
2024-07-24 14:28:58;UPDATE `pe_prp_op` SET `t_surface` = 3 ,`t_surface_conforme` = 1  WHERE `id` = 2368
2024-07-24 14:29:02;UPDATE `pe_prp_op` SET `t_camion` = 1 ,`t_camion_conforme` = 1  WHERE `id` = 2368
2024-07-24 14:30:36;UPDATE `pe_prp_op` SET `emballage_conforme` = 0  WHERE `id` = 2368
2024-07-24 14:30:38;UPDATE `pe_prp_op` SET `emballage_conforme` = 0  WHERE `id` = 2368
2024-07-24 14:30:39;UPDATE `pe_prp_op` SET `emballage_conforme` = 0  WHERE `id` = 2368
2024-07-24 14:31:39;UPDATE `pe_langues` SET `actif` = 1 WHERE `iso` = "FR"
2024-07-24 14:31:52;DELETE FROM `pe_prp_op` WHERE `id` IN (2368)
2024-07-24 14:31:52;DELETE FROM `pe_prp_bls` WHERE `id_prp_op` IN (2368)
2024-07-24 14:31:52;INSERT INTO `pe_prp_op` (`id_user`) VALUES (0 )
2024-07-24 14:31:54;UPDATE `pe_prp_op` SET `id_transporteur` = 231  WHERE `id` = 2369
2024-07-24 14:31:57;DELETE FROM `pe_prp_bls` WHERE `id_prp_op` = 2369
2024-07-24 14:31:57;INSERT IGNORE INTO `pe_prp_bls` (`id_prp_op`, `id_bl`) VALUES (2369, 8116)
2024-07-24 14:32:20;UPDATE `pe_prp_op` SET `date` = "2024-07-24"  WHERE `id` = 2369
2024-07-24 14:32:24;UPDATE `pe_langues` SET `actif` = 1 WHERE `iso` = "FR"
2024-07-24 14:32:26;DELETE FROM `pe_prp_op` WHERE `id` IN (2369)
2024-07-24 14:32:26;DELETE FROM `pe_prp_bls` WHERE `id_prp_op` IN (2369)
2024-07-24 14:32:26;INSERT INTO `pe_prp_op` (`id_user`) VALUES (0 )
2024-07-24 14:32:27;UPDATE `pe_prp_op` SET `id_transporteur` = 231  WHERE `id` = 2370
2024-07-24 14:32:30;DELETE FROM `pe_prp_bls` WHERE `id_prp_op` = 2370
2024-07-24 14:32:30;INSERT IGNORE INTO `pe_prp_bls` (`id_prp_op`, `id_bl`) VALUES (2370, 8116)
2024-07-24 14:32:31;UPDATE `pe_prp_op` SET `date` = "2024-07-24"  WHERE `id` = 2370
2024-07-24 14:32:41;UPDATE `pe_langues` SET `actif` = 1 WHERE `iso` = "FR"
2024-07-24 14:33:00;DELETE FROM `pe_prp_op` WHERE `id` IN (2370)
2024-07-24 14:33:00;DELETE FROM `pe_prp_bls` WHERE `id_prp_op` IN (2370)
2024-07-24 14:33:00;INSERT INTO `pe_prp_op` (`id_user`) VALUES (0 )
2024-07-24 14:33:05;UPDATE `pe_prp_op` SET `id_transporteur` = 231  WHERE `id` = 2371
2024-07-24 14:33:13;DELETE FROM `pe_prp_bls` WHERE `id_prp_op` = 2371
2024-07-24 14:33:13;INSERT IGNORE INTO `pe_prp_bls` (`id_prp_op`, `id_bl`) VALUES (2371, 8116)
2024-07-24 14:33:18;UPDATE `pe_prp_op` SET `date` = "2024-07-24"  WHERE `id` = 2371
2024-07-24 14:33:21;UPDATE `pe_prp_op` SET `cmd_conforme` = 1  WHERE `id` = 2371
2024-07-24 14:33:32;UPDATE `pe_langues` SET `actif` = 1 WHERE `iso` = "FR"
2024-07-24 14:33:53;UPDATE `pe_prp_op` SET `t_surface` = 4 ,`t_surface_conforme` = 1  WHERE `id` = 2371
2024-07-24 14:33:56;UPDATE `pe_langues` SET `actif` = 1 WHERE `iso` = "FR"
2024-07-24 14:33:59;DELETE FROM `pe_prp_op` WHERE `id` IN (2371)
2024-07-24 14:33:59;DELETE FROM `pe_prp_bls` WHERE `id_prp_op` IN (2371)
2024-07-24 14:33:59;INSERT INTO `pe_prp_op` (`id_user`) VALUES (0 )
2024-07-24 14:34:01;UPDATE `pe_prp_op` SET `id_transporteur` = 231  WHERE `id` = 2372
2024-07-24 14:34:07;DELETE FROM `pe_prp_bls` WHERE `id_prp_op` = 2372
2024-07-24 14:34:07;INSERT IGNORE INTO `pe_prp_bls` (`id_prp_op`, `id_bl`) VALUES (2372, 8116)
2024-07-24 14:34:10;UPDATE `pe_prp_op` SET `date` = "2024-07-24"  WHERE `id` = 2372
2024-07-24 14:34:33;UPDATE `pe_langues` SET `actif` = 1 WHERE `iso` = "FR"
2024-07-24 14:34:38;DELETE FROM `pe_prp_op` WHERE `id` IN (2372)
2024-07-24 14:34:38;DELETE FROM `pe_prp_bls` WHERE `id_prp_op` IN (2372)
2024-07-24 14:34:38;INSERT INTO `pe_prp_op` (`id_user`) VALUES (0 )
2024-07-24 14:34:38;UPDATE `pe_langues` SET `actif` = 1 WHERE `iso` = "FR"
2024-07-24 14:34:40;DELETE FROM `pe_prp_op` WHERE `id` IN (2373)
2024-07-24 14:34:40;DELETE FROM `pe_prp_bls` WHERE `id_prp_op` IN (2373)
2024-07-24 14:34:40;INSERT INTO `pe_prp_op` (`id_user`) VALUES (0 )
2024-07-24 14:34:42;UPDATE `pe_prp_op` SET `id_transporteur` = 231  WHERE `id` = 2374
2024-07-24 14:34:45;DELETE FROM `pe_prp_bls` WHERE `id_prp_op` = 2374
2024-07-24 14:34:45;INSERT IGNORE INTO `pe_prp_bls` (`id_prp_op`, `id_bl`) VALUES (2374, 8116)
2024-07-24 14:34:46;UPDATE `pe_prp_op` SET `date` = "2024-07-24"  WHERE `id` = 2374
2024-07-24 14:35:09;UPDATE `pe_langues` SET `actif` = 1 WHERE `iso` = "FR"
2024-07-24 14:35:10;UPDATE `pe_langues` SET `actif` = 1 WHERE `iso` = "FR"
2024-07-24 14:35:11;DELETE FROM `pe_prp_op` WHERE `id` IN (2374)
2024-07-24 14:35:11;DELETE FROM `pe_prp_bls` WHERE `id_prp_op` IN (2374)
2024-07-24 14:35:11;INSERT INTO `pe_prp_op` (`id_user`) VALUES (0 )
2024-07-24 14:35:16;UPDATE `pe_prp_op` SET `id_transporteur` = 231  WHERE `id` = 2375
2024-07-24 14:35:18;DELETE FROM `pe_prp_bls` WHERE `id_prp_op` = 2375
2024-07-24 14:35:18;INSERT IGNORE INTO `pe_prp_bls` (`id_prp_op`, `id_bl`) VALUES (2375, 8116)
2024-07-24 14:35:21;UPDATE `pe_prp_op` SET `date` = "2024-07-24"  WHERE `id` = 2375
2024-07-24 14:35:23;UPDATE `pe_prp_op` SET `cmd_conforme` = 1  WHERE `id` = 2375
2024-07-24 14:35:29;UPDATE `pe_prp_op` SET `t_surface` = 11 ,`t_surface_conforme` = 1  WHERE `id` = 2375
2024-07-24 14:35:33;UPDATE `pe_prp_op` SET `t_camion` = 3 ,`t_camion_conforme` = 1  WHERE `id` = 2375
2024-07-24 14:36:09;DELETE FROM `pe_prp_bls` WHERE `id_prp_op` = 2375
2024-07-24 14:36:09;INSERT IGNORE INTO `pe_prp_bls` (`id_prp_op`, `id_bl`) VALUES (2375, 8116)
2024-07-24 14:36:11;UPDATE `pe_prp_op` SET `date` = "2024-07-24"  WHERE `id` = 2375
2024-07-24 14:36:13;UPDATE `pe_prp_op` SET `cmd_conforme` = 1  WHERE `id` = 2375
2024-07-24 14:36:16;UPDATE `pe_prp_op` SET `t_surface` = 11 ,`t_surface_conforme` = 1  WHERE `id` = 2375
2024-07-24 14:36:17;UPDATE `pe_prp_op` SET `t_camion` = 3 ,`t_camion_conforme` = 1  WHERE `id` = 2375
2024-07-24 14:40:20;UPDATE `pe_langues` SET `actif` = 1 WHERE `iso` = "FR"
2024-07-24 14:40:27;DELETE FROM `pe_prp_op` WHERE `id` IN (2375)
2024-07-24 14:40:27;DELETE FROM `pe_prp_bls` WHERE `id_prp_op` IN (2375)
2024-07-24 14:40:27;INSERT INTO `pe_prp_op` (`id_user`) VALUES (0 )
2024-07-24 14:40:33;UPDATE `pe_langues` SET `actif` = 1 WHERE `iso` = "FR"
2024-07-24 14:40:36;DELETE FROM `pe_prp_op` WHERE `id` IN (2376)
2024-07-24 14:40:36;DELETE FROM `pe_prp_bls` WHERE `id_prp_op` IN (2376)
2024-07-24 14:40:36;INSERT INTO `pe_prp_op` (`id_user`) VALUES (0 )
2024-07-24 14:40:37;UPDATE `pe_prp_op` SET `id_transporteur` = 231  WHERE `id` = 2377
2024-07-24 14:40:41;DELETE FROM `pe_prp_bls` WHERE `id_prp_op` = 2377
2024-07-24 14:40:41;INSERT IGNORE INTO `pe_prp_bls` (`id_prp_op`, `id_bl`) VALUES (2377, 8116)
2024-07-24 14:40:42;UPDATE `pe_prp_op` SET `date` = "2024-07-24"  WHERE `id` = 2377
2024-07-24 14:41:22;UPDATE `pe_langues` SET `actif` = 1 WHERE `iso` = "FR"
2024-07-24 14:41:46;DELETE FROM `pe_prp_op` WHERE `id` IN (2377)
2024-07-24 14:41:46;DELETE FROM `pe_prp_bls` WHERE `id_prp_op` IN (2377)
2024-07-24 14:41:46;INSERT INTO `pe_prp_op` (`id_user`) VALUES (0 )
2024-07-24 14:41:49;UPDATE `pe_prp_op` SET `id_transporteur` = 231  WHERE `id` = 2378
2024-07-24 14:41:52;DELETE FROM `pe_prp_bls` WHERE `id_prp_op` = 2378
2024-07-24 14:41:52;INSERT IGNORE INTO `pe_prp_bls` (`id_prp_op`, `id_bl`) VALUES (2378, 8116)
2024-07-24 14:41:55;UPDATE `pe_prp_op` SET `date` = "2024-07-24"  WHERE `id` = 2378
2024-07-24 14:42:00;UPDATE `pe_prp_op` SET `cmd_conforme` = 1  WHERE `id` = 2378
2024-07-24 14:42:07;UPDATE `pe_prp_op` SET `t_surface` = 3 ,`t_surface_conforme` = 1  WHERE `id` = 2378
2024-07-24 14:42:10;UPDATE `pe_prp_op` SET `t_camion` = 3 ,`t_camion_conforme` = 1  WHERE `id` = 2378
2024-07-24 14:43:01;UPDATE `pe_langues` SET `actif` = 1 WHERE `iso` = "FR"
2024-07-24 14:43:06;DELETE FROM `pe_prp_op` WHERE `id` IN (2378)
2024-07-24 14:43:06;DELETE FROM `pe_prp_bls` WHERE `id_prp_op` IN (2378)
2024-07-24 14:43:06;INSERT INTO `pe_prp_op` (`id_user`) VALUES (0 )
2024-07-24 14:43:08;UPDATE `pe_prp_op` SET `id_transporteur` = 238  WHERE `id` = 2379
2024-07-24 14:43:17;UPDATE `pe_langues` SET `actif` = 1 WHERE `iso` = "FR"
2024-07-24 14:43:19;UPDATE `pe_langues` SET `actif` = 1 WHERE `iso` = "FR"
2024-07-24 14:43:21;DELETE FROM `pe_prp_op` WHERE `id` IN (2379)
2024-07-24 14:43:21;DELETE FROM `pe_prp_bls` WHERE `id_prp_op` IN (2379)
2024-07-24 14:43:21;INSERT INTO `pe_prp_op` (`id_user`) VALUES (0 )
2024-07-24 14:43:22;UPDATE `pe_prp_op` SET `id_transporteur` = 231  WHERE `id` = 2380
2024-07-24 14:43:25;DELETE FROM `pe_prp_bls` WHERE `id_prp_op` = 2380
2024-07-24 14:43:25;INSERT IGNORE INTO `pe_prp_bls` (`id_prp_op`, `id_bl`) VALUES (2380, 8116)
2024-07-24 14:43:27;UPDATE `pe_prp_op` SET `date` = "2024-07-24"  WHERE `id` = 2380
2024-07-24 14:44:05;UPDATE `pe_langues` SET `actif` = 1 WHERE `iso` = "FR"
2024-07-24 14:44:21;UPDATE `pe_langues` SET `actif` = 1 WHERE `iso` = "FR"
2024-07-24 14:44:23;DELETE FROM `pe_prp_op` WHERE `id` IN (2380)
2024-07-24 14:44:23;DELETE FROM `pe_prp_bls` WHERE `id_prp_op` IN (2380)
2024-07-24 14:44:23;INSERT INTO `pe_prp_op` (`id_user`) VALUES (0 )
2024-07-24 14:44:25;UPDATE `pe_prp_op` SET `id_transporteur` = 231  WHERE `id` = 2381
2024-07-24 14:44:28;DELETE FROM `pe_prp_bls` WHERE `id_prp_op` = 2381
2024-07-24 14:44:28;INSERT IGNORE INTO `pe_prp_bls` (`id_prp_op`, `id_bl`) VALUES (2381, 8116)
2024-07-24 14:44:30;UPDATE `pe_prp_op` SET `date` = "2024-07-24"  WHERE `id` = 2381
2024-07-24 14:48:43;UPDATE `pe_langues` SET `actif` = 1 WHERE `iso` = "FR"
2024-07-24 14:48:49;DELETE FROM `pe_prp_op` WHERE `id` IN (2381)
2024-07-24 14:48:49;DELETE FROM `pe_prp_bls` WHERE `id_prp_op` IN (2381)
2024-07-24 14:48:49;INSERT INTO `pe_prp_op` (`id_user`) VALUES (0 )
2024-07-24 14:48:52;UPDATE `pe_prp_op` SET `id_transporteur` = 231  WHERE `id` = 2382
2024-07-24 14:48:57;DELETE FROM `pe_prp_bls` WHERE `id_prp_op` = 2382
2024-07-24 14:48:57;INSERT IGNORE INTO `pe_prp_bls` (`id_prp_op`, `id_bl`) VALUES (2382, 8116)
2024-07-24 14:48:59;UPDATE `pe_prp_op` SET `date` = "2024-07-24"  WHERE `id` = 2382
2024-07-24 14:49:04;UPDATE `pe_prp_op` SET `cmd_conforme` = 1  WHERE `id` = 2382
2024-07-24 14:49:08;UPDATE `pe_prp_op` SET `t_surface` = 3 ,`t_surface_conforme` = 1  WHERE `id` = 2382
2024-07-24 14:49:15;UPDATE `pe_prp_op` SET `t_camion` = 3 ,`t_camion_conforme` = 1  WHERE `id` = 2382
2024-07-24 15:03:37;UPDATE `pe_langues` SET `actif` = 1 WHERE `iso` = "FR"
2024-07-24 15:03:55;DELETE FROM `pe_prp_op` WHERE `id` IN (2382)
2024-07-24 15:03:55;DELETE FROM `pe_prp_bls` WHERE `id_prp_op` IN (2382)
2024-07-24 15:03:55;INSERT INTO `pe_prp_op` (`id_user`) VALUES (0 )
2024-07-24 15:04:03;UPDATE `pe_prp_op` SET `id_transporteur` = 231  WHERE `id` = 2383
2024-07-24 15:04:06;DELETE FROM `pe_prp_bls` WHERE `id_prp_op` = 2383
2024-07-24 15:04:06;INSERT IGNORE INTO `pe_prp_bls` (`id_prp_op`, `id_bl`) VALUES (2383, 8116)
2024-07-24 15:04:09;UPDATE `pe_prp_op` SET `date` = "2024-07-24"  WHERE `id` = 2383
2024-07-24 15:04:12;UPDATE `pe_prp_op` SET `cmd_conforme` = 1  WHERE `id` = 2383
2024-07-24 15:04:16;UPDATE `pe_prp_op` SET `t_surface` = 3 ,`t_surface_conforme` = 1  WHERE `id` = 2383
2024-07-24 15:04:21;UPDATE `pe_prp_op` SET `t_camion` = 2 ,`t_camion_conforme` = 1  WHERE `id` = 2383
2024-07-24 15:04:28;UPDATE `pe_prp_op` SET `emballage_conforme` = 1  WHERE `id` = 2383
2024-07-24 15:05:12;UPDATE `pe_prp_op` SET `palettes_poids` = 3 ,`palettes_recues` = 0 ,`palettes_rendues` = 0  WHERE `id` = 2383
2024-07-24 15:05:16;UPDATE `pe_langues` SET `actif` = 1 WHERE `iso` = "FR"
2024-07-24 15:05:18;DELETE FROM `pe_prp_op` WHERE `id` IN (2383)
2024-07-24 15:05:18;DELETE FROM `pe_prp_bls` WHERE `id_prp_op` IN (2383)
2024-07-24 15:05:18;INSERT INTO `pe_prp_op` (`id_user`) VALUES (0 )
2024-07-24 15:05:20;UPDATE `pe_prp_op` SET `id_transporteur` = 231  WHERE `id` = 2384
2024-07-24 15:05:23;DELETE FROM `pe_prp_bls` WHERE `id_prp_op` = 2384
2024-07-24 15:05:23;INSERT IGNORE INTO `pe_prp_bls` (`id_prp_op`, `id_bl`) VALUES (2384, 8116)
2024-07-24 15:05:25;UPDATE `pe_prp_op` SET `date` = "2024-07-24"  WHERE `id` = 2384
2024-07-24 15:05:27;UPDATE `pe_prp_op` SET `cmd_conforme` = 1  WHERE `id` = 2384
2024-07-24 15:05:28;UPDATE `pe_prp_op` SET `cmd_conforme` = 1  WHERE `id` = 2384
2024-07-24 15:06:24;UPDATE `pe_prp_op` SET `t_surface` = 3 ,`t_surface_conforme` = 1  WHERE `id` = 2384
2024-07-24 15:07:17;UPDATE `pe_langues` SET `actif` = 1 WHERE `iso` = "FR"
2024-07-24 15:07:31;DELETE FROM `pe_prp_op` WHERE `id` IN (2384)
2024-07-24 15:07:31;DELETE FROM `pe_prp_bls` WHERE `id_prp_op` IN (2384)
2024-07-24 15:07:31;INSERT INTO `pe_prp_op` (`id_user`) VALUES (0 )
2024-07-24 15:07:35;UPDATE `pe_prp_op` SET `id_transporteur` = 231  WHERE `id` = 2385
2024-07-24 15:07:39;DELETE FROM `pe_prp_bls` WHERE `id_prp_op` = 2385
2024-07-24 15:07:39;INSERT IGNORE INTO `pe_prp_bls` (`id_prp_op`, `id_bl`) VALUES (2385, 8116)
2024-07-24 15:07:43;UPDATE `pe_prp_op` SET `date` = "2024-07-24"  WHERE `id` = 2385
2024-07-24 15:07:45;UPDATE `pe_prp_op` SET `cmd_conforme` = 1  WHERE `id` = 2385
2024-07-24 15:07:49;UPDATE `pe_prp_op` SET `t_surface` = 2 ,`t_surface_conforme` = 1  WHERE `id` = 2385
2024-07-24 15:07:53;UPDATE `pe_prp_op` SET `t_camion` = 2 ,`t_camion_conforme` = 1  WHERE `id` = 2385
2024-07-24 15:08:20;UPDATE `pe_langues` SET `actif` = 1 WHERE `iso` = "FR"
2024-07-24 15:09:02;DELETE FROM `pe_prp_op` WHERE `id` IN (2385)
2024-07-24 15:09:02;DELETE FROM `pe_prp_bls` WHERE `id_prp_op` IN (2385)
2024-07-24 15:09:02;INSERT INTO `pe_prp_op` (`id_user`) VALUES (0 )
2024-07-24 15:09:03;DELETE FROM `pe_prp_op` WHERE `id` IN (2386)
2024-07-24 15:09:03;DELETE FROM `pe_prp_bls` WHERE `id_prp_op` IN (2386)
2024-07-24 15:09:03;INSERT INTO `pe_prp_op` (`id_user`) VALUES (0 )
2024-07-24 15:09:13;UPDATE `pe_prp_op` SET `id_transporteur` = 231  WHERE `id` = 2387
2024-07-24 15:09:17;DELETE FROM `pe_prp_bls` WHERE `id_prp_op` = 2387
2024-07-24 15:09:17;INSERT IGNORE INTO `pe_prp_bls` (`id_prp_op`, `id_bl`) VALUES (2387, 8116)
2024-07-24 15:09:19;DELETE FROM `pe_prp_bls` WHERE `id_prp_op` = 2387
2024-07-24 15:09:19;INSERT IGNORE INTO `pe_prp_bls` (`id_prp_op`, `id_bl`) VALUES (2387, 8116)
2024-07-24 15:09:22;UPDATE `pe_prp_op` SET `date` = "2024-07-24"  WHERE `id` = 2387
2024-07-24 15:09:25;UPDATE `pe_prp_op` SET `cmd_conforme` = 1  WHERE `id` = 2387
2024-07-24 15:09:31;UPDATE `pe_prp_op` SET `t_surface` = 1 ,`t_surface_conforme` = 1  WHERE `id` = 2387
2024-07-24 15:09:38;UPDATE `pe_prp_op` SET `t_camion` = 3 ,`t_camion_conforme` = 1  WHERE `id` = 2387
2024-07-24 15:16:56;UPDATE `pe_langues` SET `actif` = 1 WHERE `iso` = "FR"
2024-07-24 15:17:20;UPDATE `pe_langues` SET `actif` = 1 WHERE `iso` = "FR"
2024-07-24 15:17:25;DELETE FROM `pe_prp_op` WHERE `id` IN (2387)
2024-07-24 15:17:25;DELETE FROM `pe_prp_bls` WHERE `id_prp_op` IN (2387)
2024-07-24 15:17:25;INSERT INTO `pe_prp_op` (`id_user`) VALUES (0 )
2024-07-24 15:17:27;UPDATE `pe_prp_op` SET `id_transporteur` = 231  WHERE `id` = 2388
2024-07-24 15:17:29;DELETE FROM `pe_prp_bls` WHERE `id_prp_op` = 2388
2024-07-24 15:17:29;INSERT IGNORE INTO `pe_prp_bls` (`id_prp_op`, `id_bl`) VALUES (2388, 8116)
2024-07-24 15:17:31;UPDATE `pe_prp_op` SET `date` = "2024-07-24"  WHERE `id` = 2388
2024-07-24 15:17:33;UPDATE `pe_prp_op` SET `cmd_conforme` = 1  WHERE `id` = 2388
2024-07-24 15:17:42;UPDATE `pe_prp_op` SET `t_surface` = 3 ,`t_surface_conforme` = 1  WHERE `id` = 2388
2024-07-24 15:17:44;UPDATE `pe_prp_op` SET `t_camion` = 3 ,`t_camion_conforme` = 1  WHERE `id` = 2388
2024-07-24 15:17:48;UPDATE `pe_prp_op` SET `emballage_conforme` = 1  WHERE `id` = 2388
2024-07-24 15:19:31;UPDATE `pe_langues` SET `actif` = 1 WHERE `iso` = "FR"
2024-07-24 15:20:36;DELETE FROM `pe_prp_op` WHERE `id` IN (2388)
2024-07-24 15:20:36;DELETE FROM `pe_prp_bls` WHERE `id_prp_op` IN (2388)
2024-07-24 15:20:36;INSERT INTO `pe_prp_op` (`id_user`) VALUES (0 )
2024-07-24 15:20:40;UPDATE `pe_prp_op` SET `id_transporteur` = 231  WHERE `id` = 2389
2024-07-24 15:20:45;DELETE FROM `pe_prp_bls` WHERE `id_prp_op` = 2389
2024-07-24 15:20:45;INSERT IGNORE INTO `pe_prp_bls` (`id_prp_op`, `id_bl`) VALUES (2389, 8116)
2024-07-24 15:20:51;UPDATE `pe_prp_op` SET `date` = "2024-07-24"  WHERE `id` = 2389
2024-07-24 15:20:55;UPDATE `pe_prp_op` SET `cmd_conforme` = 1  WHERE `id` = 2389
2024-07-24 16:33:51;UPDATE `pe_prp_op` SET `t_surface` = 1 ,`t_surface_conforme` = 1  WHERE `id` = 2389
2024-07-24 16:33:57;UPDATE `pe_prp_op` SET `t_camion` = 3 ,`t_camion_conforme` = 1  WHERE `id` = 2389
2024-07-24 16:40:53;UPDATE `pe_prp_op` SET `emballage_conforme` = 1  WHERE `id` = 2389
2024-07-24 16:53:54;UPDATE `pe_langues` SET `actif` = 1 WHERE `iso` = "FR"
2024-07-24 16:53:57;DELETE FROM `pe_prp_op` WHERE `id` IN (2389)
2024-07-24 16:53:57;DELETE FROM `pe_prp_bls` WHERE `id_prp_op` IN (2389)
2024-07-24 16:53:57;INSERT INTO `pe_prp_op` (`id_user`) VALUES (0 )
2024-07-24 16:54:00;UPDATE `pe_prp_op` SET `id_transporteur` = 231  WHERE `id` = 2390
2024-07-24 16:54:03;DELETE FROM `pe_prp_bls` WHERE `id_prp_op` = 2390
2024-07-24 16:54:03;INSERT IGNORE INTO `pe_prp_bls` (`id_prp_op`, `id_bl`) VALUES (2390, 8116)
2024-07-24 16:54:05;UPDATE `pe_prp_op` SET `date` = "2024-07-24"  WHERE `id` = 2390
2024-07-24 16:54:06;UPDATE `pe_prp_op` SET `cmd_conforme` = 1  WHERE `id` = 2390
