2024-07-19 08:25:58;UPDATE `pe_langues` SET `actif` = 1 WHERE `iso` = "FR"
2024-07-19 08:25:58;UPDATE `pe_consommables` SET `id_precedent` = 0, `date_upd` = null WHERE `date_upd` < CURDATE()
2024-07-19 08:26:34;UPDATE `pe_langues` SET `actif` = 1 WHERE `iso` = "FR"
2024-07-19 08:26:34;UPDATE `pe_consommables` SET `id_precedent` = 0, `date_upd` = null WHERE `date_upd` < CURDATE()
2024-07-19 08:29:36;UPDATE `pe_langues` SET `actif` = 1 WHERE `iso` = "FR"
2024-07-19 08:29:40;UPDATE `pe_langues` SET `actif` = 1 WHERE `iso` = "FR"
2024-07-19 08:29:55;INSERT INTO `pe_pvisu_avant` (`commentaires`,`date`) VALUES ("" ,"2024-07-19" )
2024-07-19 08:29:55;DELETE FROM `pe_pvisu_avant_points` WHERE `id_pvisu_avant` = 1083
2024-07-19 08:29:55;INSERT IGNORE INTO `pe_pvisu_avant_points` (`id_pvisu_avant`, `id_point_controle`, `etat`, `id_user`, `date`) VALUES (1083, 4, 1, 1, NOW()),(1083, 5, 1, 1, NOW()),(1083, 36, 1, 1, NOW()),(1083, 58, 1, 1, NOW()),(1083, 7, 1, 1, NOW()),(1083, 11, 1, 1, NOW()),(1083, 12, 1, 1, NOW()),(1083, 13, 1, 1, NOW()),(1083, 14, 1, 1, NOW()),(1083, 15, 1, 1, NOW()),(1083, 17, 1, 1, NOW()),(1083, 18, 1, 1, NOW()),(1083, 19, 1, 1, NOW()),(1083, 20, 1, 1, NOW()),(1083, 21, 1, 1, NOW()),(1083, 37, 1, 1, NOW()),(1083, 39, 1, 1, NOW()),(1083, 41, 1, 1, NOW()),(1083, 59, 1, 1, NOW()),(1083, 23, 1, 1, NOW()),(1083, 40, 1, 1, NOW()),(1083, 43, 1, 1, NOW()),(1083, 44, 1, 1, NOW()),(1083, 45, 1, 1, NOW()),(1083, 46, 1, 1, NOW()),(1083, 47, 1, 1, NOW()),(1083, 48, 1, 1, NOW()),(1083, 49, 1, 1, NOW()),(1083, 50, 1, 1, NOW()),(1083, 51, 1, 1, NOW()),(1083, 52, 1, 1, NOW()),(1083, 53, 1, 1, NOW()),(1083, 54, 1, 1, NOW()),(1083, 55, 1, 1, NOW())
2024-07-19 08:29:55;UPDATE `pe_pvisu_avant` SET `commentaires` = "" ,`date` = "2024-07-19" ,`id_user` = 1  WHERE `id` = 1083
2024-07-19 08:30:02;DELETE FROM `pe_pvisu_avant_points` WHERE `id_pvisu_avant` = 1083
2024-07-19 08:30:02;INSERT IGNORE INTO `pe_pvisu_avant_points` (`id_pvisu_avant`, `id_point_controle`, `etat`, `id_user`, `date`) VALUES (1083, 4, 1, 1, NOW()),(1083, 5, 1, 1, NOW()),(1083, 36, 1, 1, NOW()),(1083, 58, 1, 1, NOW()),(1083, 7, 1, 1, NOW()),(1083, 11, 1, 1, NOW()),(1083, 12, 1, 1, NOW()),(1083, 13, 1, 1, NOW()),(1083, 14, 1, 1, NOW()),(1083, 15, 1, 1, NOW()),(1083, 17, 1, 1, NOW()),(1083, 18, 1, 1, NOW()),(1083, 19, 1, 1, NOW()),(1083, 20, 1, 1, NOW()),(1083, 21, 1, 1, NOW()),(1083, 37, 1, 1, NOW()),(1083, 39, 1, 1, NOW()),(1083, 41, 1, 1, NOW()),(1083, 59, 1, 1, NOW()),(1083, 23, 1, 1, NOW()),(1083, 40, 1, 1, NOW()),(1083, 43, 1, 1, NOW()),(1083, 44, 1, 1, NOW()),(1083, 45, 1, 1, NOW()),(1083, 46, 1, 1, NOW()),(1083, 47, 1, 1, NOW()),(1083, 48, 1, 1, NOW()),(1083, 49, 1, 1, NOW()),(1083, 50, 1, 1, NOW()),(1083, 51, 1, 1, NOW()),(1083, 52, 1, 1, NOW()),(1083, 53, 1, 1, NOW()),(1083, 54, 1, 1, NOW()),(1083, 55, 1, 1, NOW())
2024-07-19 08:30:02;UPDATE `pe_pvisu_avant` SET `commentaires` = "" ,`id_user` = 1  WHERE `id` = 1083
2024-07-19 08:30:06;INSERT INTO `pe_pvisu_apres` (`commentaires`,`date`,`id_user`) VALUES ("" ,"2024-07-19" ,1 )
2024-07-19 08:30:06;DELETE FROM `pe_pvisu_apres_points` WHERE `id_pvisu_apres` = 641
2024-07-19 08:30:06;INSERT IGNORE INTO `pe_pvisu_apres_points` (`id_pvisu_apres`, `id_point_controle`, `etat`, `id_pvisu_action`, `fiche_nc`, `id_user`, `date`) VALUES (641, 34, 1, 0, 0, 1, NOW()),(641, 35, 1, 0, 0, 1, NOW())
2024-07-19 08:30:08;UPDATE `pe_langues` SET `actif` = 1 WHERE `iso` = "FR"
2024-07-19 08:30:13;INSERT INTO `pe_froid` (`id_type`,`id_user_maj`,`date_entree`) VALUES (6 ,1 ,"2024-07-19 08:30:13" )
2024-07-19 08:30:13;INSERT IGNORE INTO `pe_lot_vues` (`id_lot`, `id_vue`, `date_entree`) VALUES (5777, 2, "2024-07-19 08:30:13")
2024-07-19 08:30:13;INSERT IGNORE INTO `pe_lot_quantieme` (`id_lot`, `quantieme`) VALUES(5777, "201")
2024-07-19 08:30:13;INSERT INTO `pe_froid_produits` (`id_lot`,`id_pdt`,`id_froid`,`id_palette`,`quantieme`,`date_add`,`user_add`) VALUES (5777 ,488 ,6467 ,0 ,"" ,"2024-07-19 08:30:13" ,1 )
2024-07-19 08:30:13;UPDATE `pe_lots` SET `date_maj` = "2024-07-19 08:30:13"  WHERE `id` = 5777
2024-07-19 08:30:13;UPDATE `pe_froid_produits` SET `id_lot` = 5777 ,`id_pdt` = 488 ,`id_froid` = 6467 ,`id_palette` = 0 ,`quantieme` = "" ,`date_add` = "2024-07-19 08:30:13" ,`user_add` = 1 ,`poids` = 0 ,`nb_colis` = 0  WHERE `id_lot_pdt_froid` = 30835
2024-07-19 08:30:28;UPDATE `pe_langues` SET `actif` = 1 WHERE `iso` = "FR"
2024-07-19 08:32:23;UPDATE `pe_langues` SET `actif` = 1 WHERE `iso` = "FR"
2024-07-19 08:32:28;UPDATE `pe_langues` SET `actif` = 1 WHERE `iso` = "FR"
2024-07-19 08:38:43;UPDATE `pe_langues` SET `actif` = 1 WHERE `iso` = "FR"
2024-07-19 08:38:45;UPDATE `pe_langues` SET `actif` = 1 WHERE `iso` = "FR"
2024-07-19 08:43:46;UPDATE `pe_langues` SET `actif` = 1 WHERE `iso` = "FR"
2024-07-19 08:43:53;UPDATE `pe_langues` SET `actif` = 1 WHERE `iso` = "FR"
2024-07-19 08:45:00;UPDATE `pe_langues` SET `actif` = 1 WHERE `iso` = "FR"
2024-07-19 08:45:03;UPDATE `pe_langues` SET `actif` = 1 WHERE `iso` = "FR"
2024-07-19 08:52:25;UPDATE `pe_langues` SET `actif` = 1 WHERE `iso` = "FR"
2024-07-19 08:52:28;UPDATE `pe_langues` SET `actif` = 1 WHERE `iso` = "FR"
2024-07-19 08:52:32;INSERT IGNORE INTO `pe_lot_quantieme` (`id_lot`, `quantieme`) VALUES(5781, "201")
2024-07-19 08:52:36;UPDATE `pe_langues` SET `actif` = 1 WHERE `iso` = "FR"
2024-07-19 08:52:39;UPDATE `pe_langues` SET `actif` = 1 WHERE `iso` = "FR"
2024-07-19 08:52:47;UPDATE `pe_langues` SET `actif` = 1 WHERE `iso` = "FR"
2024-07-19 08:56:11;UPDATE `pe_langues` SET `actif` = 1 WHERE `iso` = "FR"
2024-07-19 08:56:28;UPDATE `pe_froid` SET `test_avant_fe` = 1 ,`test_avant_nfe` = 1 ,`test_avant_inox` = 1  WHERE `id` = 6462
2024-07-19 08:56:28;INSERT INTO `pe_loma` (`id_lot_pdt_froid`,`test_pdt`,`commentaire`,`date_test`,`id_user_visa`) VALUES (30830 ,0 ,"" ,"2024-07-19 08:56:28" ,1 )
2024-07-19 08:56:28;INSERT INTO `pe_validations` (`type`,`id_vue`,`id_liaison`) VALUES (3 ,2 ,2850 )
2024-07-19 08:56:28;INSERT IGNORE INTO `pe_validations_lots` (`id_validation`, `id_lot`, `negoce`) VALUES  (10805, 5784, 0)
2024-07-19 08:56:28;INSERT IGNORE INTO `pe_lot_quantieme` (`id_lot`, `quantieme`) VALUES(5784, "201")
2024-07-19 08:56:29;INSERT IGNORE INTO `pe_emballages_prod` (`id_emballage_lot`, `id_lot`, `id_froid`) VALUES (144, 5784,0),(210, 5784,0),(219, 5784,0),(231, 5784,0),(304, 5784,0),(385, 5784,0),(401, 5784,0),(427, 5784,0),(429, 5784,0),(433, 5784,0),(435, 5784,0),(441, 5784,0),(442, 5784,0),(444, 5784,0),(446, 5784,0),(447, 5784,0),(454, 5784,0)
2024-07-19 08:56:31;UPDATE `pe_langues` SET `actif` = 1 WHERE `iso` = "FR"
2024-07-19 08:56:34;UPDATE `pe_langues` SET `actif` = 1 WHERE `iso` = "FR"
2024-07-19 08:56:37;INSERT IGNORE INTO `pe_lot_quantieme` (`id_lot`, `quantieme`) VALUES(5784, "201")
2024-07-19 08:56:39;UPDATE `pe_langues` SET `actif` = 1 WHERE `iso` = "FR"
2024-07-19 08:56:41;UPDATE `pe_langues` SET `actif` = 1 WHERE `iso` = "FR"
2024-07-19 08:57:41;UPDATE `pe_langues` SET `actif` = 1 WHERE `iso` = "FR"
2024-07-19 08:57:43;UPDATE `pe_langues` SET `actif` = 1 WHERE `iso` = "FR"
2024-07-19 08:57:43;UPDATE `pe_langues` SET `actif` = 1 WHERE `iso` = "FR"
2024-07-19 08:57:47;INSERT IGNORE INTO `pe_lot_quantieme` (`id_lot`, `quantieme`) VALUES(5784, "201")
2024-07-19 08:58:05;INSERT INTO `pe_lots_negoce` (`date_add`,`visible`,`id_fournisseur`,`chasse`,`num_bl`,`id_espece`,`composition`,`poids_bl`,`poids_reception`,`date_entree`) VALUES ("2024-07-19 08:58:05" ,1 ,44 ,0 ,"TEST19.07.2024" ,5 ,1 ,500 ,4000 ,"2024-07-25" )
2024-07-19 08:58:20;UPDATE `pe_langues` SET `actif` = 1 WHERE `iso` = "FR"
2024-07-19 08:58:36;UPDATE `pe_langues` SET `actif` = 1 WHERE `iso` = "FR"
2024-07-19 09:13:48;UPDATE `pe_langues` SET `actif` = 1 WHERE `iso` = "FR"
2024-07-19 09:13:51;UPDATE `pe_langues` SET `actif` = 1 WHERE `iso` = "FR"
2024-07-19 09:14:03;UPDATE `pe_langues` SET `actif` = 1 WHERE `iso` = "FR"
2024-07-19 09:14:06;UPDATE `pe_langues` SET `actif` = 1 WHERE `iso` = "FR"
2024-07-19 09:14:11;INSERT IGNORE INTO `pe_lot_quantieme` (`id_lot`, `quantieme`) VALUES(5784, "201")
2024-07-19 09:18:28;INSERT INTO `pe_lots_negoce` (`date_add`,`visible`,`id_fournisseur`,`chasse`,`num_bl`,`num_agrement`,`ddm_bl`,`dlc_bl`,`id_origine`,`nb_piece`,`id_espece`,`composition`,`poids_bl`,`poids_reception`) VALUES ("2024-07-19 09:18:28" ,1 ,"" ,0 ,"BL25" ,"" ,"19/07/2024" ,"19/07/2024" ,15 ,20 ,5 ,1 ,15 ,20 )
2024-07-19 09:19:48;INSERT INTO `pe_lots_negoce` (`date_add`,`visible`,`id_fournisseur`,`chasse`,`num_bl`,`num_agrement`,`ddm_bl`,`dlc_bl`,`id_origine`,`nb_piece`,`id_espece`,`composition`,`poids_bl`,`poids_reception`,`date_entree`) VALUES ("2024-07-19 09:19:48" ,1 ,"" ,0 ,"TEST19" ,"" ,"19/07/2024" ,"19/07/2024" ,"DFD" ,210 ,16 ,1 ,501 ,50 ,"2024-07-19" )
2024-07-19 09:30:21;INSERT INTO `pe_lots_negoce` (`date_add`,`visible`,`id_fournisseur`,`chasse`,`num_bl`,`num_agrement`,`ddm_bl`,`dlc_bl`,`id_origine`,`nb_piece`,`id_espece`,`composition`,`poids_bl`,`poids_reception`,`date_entree`) VALUES ("2024-07-19 09:30:21" ,1 ,"" ,0 ,"BL" ,"" ,"2024-07-19" ,"2024-07-19" ,7 ,50 ,10 ,1 ,5000 ,6000 ,"2024-07-18" )
2024-07-19 09:33:23;UPDATE `pe_langues` SET `actif` = 1 WHERE `iso` = "FR"
2024-07-19 09:33:27;UPDATE `pe_langues` SET `actif` = 1 WHERE `iso` = "FR"
2024-07-19 09:33:29;UPDATE `pe_langues` SET `actif` = 1 WHERE `iso` = "FR"
2024-07-19 09:33:31;UPDATE `pe_langues` SET `actif` = 1 WHERE `iso` = "FR"
2024-07-19 09:35:28;INSERT INTO `pe_lots_negoce` (`date_add`,`visible`,`id_fournisseur`,`chasse`,`num_bl`,`num_agrement`,`ddm_bl`,`dlc_bl`,`id_origine`,`nb_piece`,`id_espece`,`composition`,`poids_bl`,`poids_reception`,`date_entree`) VALUES ("2024-07-19 09:35:28" ,1 ,"15DD" ,0 ,"BL50" ,"" ,"2024-07-19" ,"2024-07-18" ,7 ,50 ,1 ,1 ,50000 ,50000 ,"2024-07-19" )
2024-07-19 09:35:28;INSERT INTO `pe_lots_negoce` (`date_add`,`visible`,`id_fournisseur`,`chasse`,`num_bl`,`num_agrement`,`ddm_bl`,`dlc_bl`,`id_origine`,`nb_piece`,`id_espece`,`composition`,`poids_bl`,`poids_reception`,`date_entree`) VALUES ("2024-07-19 09:35:28" ,1 ,"15DD" ,0 ,"BL50" ,"" ,"2024-07-19" ,"2024-07-18" ,7 ,50 ,2 ,2 ,50000 ,50000 ,"2024-07-19" )
2024-07-19 09:38:40;INSERT INTO `pe_lots_negoce` (`date_add`,`visible`,`id_fournisseur`,`chasse`,`num_bl`,`num_agrement`,`ddm_bl`,`dlc_bl`,`id_origine`,`nb_piece`,`id_espece`,`composition`) VALUES ("2024-07-19 09:38:40" ,1 ,0 ,0 ,"" ,"BG5250" ,"" ,"" ,"" ,0 ,0 ,1 )
2024-07-19 09:41:34;UPDATE `pe_bl_lignes` SET `supprime` = 1 WHERE `supprime` = 0  AND `id_bl` IN (SELECT `id` FROM `pe_bl` WHERE `supprime` = 1)
2024-07-19 10:14:37;INSERT INTO `pe_abattoirs` (`nom`,`genlot`,`numagr`,`date_maj`,`actif`,`adresse`,`cp`,`ville`,`pays`,`telephone`,`mobile`,`email`,`date_add`) VALUES ("ABATTOIR" ,50 ,"RE-CE-FON" ,"2024-07-19 10:14:37" ,0 ,"" ,"" ,"" ,"" ,"" ,"" ,"" ,"2024-07-19 10:14:37" )
2024-07-19 10:16:30;INSERT INTO `pe_lots_negoce` (`date_add`,`visible`,`id_fournisseur`,`chasse`,`num_bl`,`num_agrement`,`ddm_bl`,`dlc_bl`,`id_origine`,`nb_piece`,`id_espece`,`composition`) VALUES ("2024-07-19 10:16:30" ,1 ,0 ,0 ,"BL50" ,"" ,"" ,"" ,"" ,0 ,0 ,1 )
2024-07-19 10:18:54;UPDATE `pe_lots` SET `visible` = 0  WHERE `id` = 5784
2024-07-19 10:18:55;UPDATE `pe_lots` SET `visible` = 1  WHERE `id` = 5784
2024-07-19 10:51:46;UPDATE `pe_langues` SET `actif` = 1 WHERE `iso` = "FR"
2024-07-19 10:51:51;UPDATE `pe_langues` SET `actif` = 1 WHERE `iso` = "FR"
2024-07-19 10:51:55;INSERT IGNORE INTO `pe_lot_quantieme` (`id_lot`, `quantieme`) VALUES(5784, "201")
2024-07-19 10:54:59;UPDATE `pe_langues` SET `actif` = 1 WHERE `iso` = "FR"
2024-07-19 10:55:02;UPDATE `pe_langues` SET `actif` = 1 WHERE `iso` = "FR"
2024-07-19 10:55:09;UPDATE `pe_langues` SET `actif` = 1 WHERE `iso` = "FR"
2024-07-19 10:55:11;UPDATE `pe_langues` SET `actif` = 1 WHERE `iso` = "FR"
2024-07-19 10:55:28;UPDATE `pe_langues` SET `actif` = 1 WHERE `iso` = "FR"
2024-07-19 10:55:31;UPDATE `pe_langues` SET `actif` = 1 WHERE `iso` = "FR"
2024-07-19 10:56:03;INSERT IGNORE INTO `pe_lot_quantieme` (`id_lot`, `quantieme`) VALUES(5781, "201")
2024-07-19 10:59:31;UPDATE `pe_langues` SET `actif` = 1 WHERE `iso` = "FR"
2024-07-19 10:59:34;UPDATE `pe_langues` SET `actif` = 1 WHERE `iso` = "FR"
2024-07-19 11:01:33;INSERT IGNORE INTO `pe_lot_quantieme` (`id_lot`, `quantieme`) VALUES(5784, "201")
2024-07-19 11:11:39;UPDATE `pe_consommables` SET `stock_actuel` = 4  WHERE `id` = 447
2024-07-19 11:11:39;INSERT IGNORE INTO `pe_consommables_histo` (`id_consommable`, `stock_mouvement`, `date`, `user_id`, `id_vue`) 
						VALUES (447, -1, "2024-07-19 11:11:39", 1, 2 )
2024-07-19 11:11:39;UPDATE `pe_consommables` SET `encours` = 0 WHERE `id_famille` = 50
2024-07-19 11:11:39;UPDATE `pe_consommables` SET `encours` = 1  WHERE `id` = 447
2024-07-19 11:11:39;INSERT IGNORE INTO `pe_consommables_changements` (`id_consommable_famille`, `date`) VALUES (50, "2024-07-19");
2024-07-19 11:11:39;INSERT IGNORE INTO `pe_lot_quantieme` (`id_lot`, `quantieme`) VALUES(5784, "201")
2024-07-19 11:14:08;INSERT INTO `pe_consommables_defectueux` (`id_consommable`, `date`, `qte`, `id_lot`, `id_froid`) 
						VALUES (447, CURDATE(), 1, 5784, 0) ON DUPLICATE KEY UPDATE `qte` = `qte` + 1
2024-07-19 11:19:09;UPDATE `pe_lots_negoce` SET `num_bl` = "HU201" ,`date_entree` = "2024-07-19" ,`id_fournisseur` = 44 ,`poids_reception` = 40 ,`poids_bl` = 50 ,`id_espece` = 2 ,`num_agrement` = "HON25" ,`ddm_bl` = "2024-07-19" ,`dlc_bl` = "2024-07-18" ,`id_origine` = 21 ,`nb_piece` = 50  WHERE `id` = 17
2024-07-19 11:25:46;INSERT INTO `pe_froid` (`id_type`,`id_user_maj`,`date_entree`) VALUES (6 ,1 ,"2024-07-19 11:25:46" )
2024-07-19 11:25:46;INSERT IGNORE INTO `pe_lot_vues` (`id_lot`, `id_vue`, `date_entree`) VALUES (5784, 2, "2024-07-19 11:25:46")
2024-07-19 11:25:46;INSERT IGNORE INTO `pe_lot_quantieme` (`id_lot`, `quantieme`) VALUES(5784, "201")
2024-07-19 11:25:46;INSERT INTO `pe_froid_produits` (`id_lot`,`id_pdt`,`id_froid`,`id_palette`,`quantieme`,`date_add`,`user_add`) VALUES (5784 ,489 ,6468 ,0 ,"" ,"2024-07-19 11:25:46" ,1 )
2024-07-19 11:25:46;UPDATE `pe_lots` SET `date_maj` = "2024-07-19 11:25:46"  WHERE `id` = 5784
2024-07-19 11:25:46;UPDATE `pe_froid_produits` SET `id_lot` = 5784 ,`id_pdt` = 489 ,`id_froid` = 6468 ,`id_palette` = 0 ,`quantieme` = "" ,`date_add` = "2024-07-19 11:25:46" ,`user_add` = 1 ,`poids` = 0 ,`nb_colis` = 0  WHERE `id_lot_pdt_froid` = 30836
2024-07-19 11:25:50;UPDATE `pe_froid` SET `test_apres_fe` = 1 ,`test_apres_nfe` = 1 ,`test_apres_inox` = 1  WHERE `id` = 6468
2024-07-19 11:25:50;INSERT INTO `pe_loma` (`id_lot_pdt_froid`,`test_pdt`,`commentaire`,`date_test`,`id_user_visa`) VALUES (30836 ,0 ,"" ,"2024-07-19 11:25:50" ,1 )
2024-07-19 11:25:50;INSERT INTO `pe_validations` (`type`,`id_vue`,`id_liaison`) VALUES (3 ,2 ,2851 )
2024-07-19 11:25:50;INSERT IGNORE INTO `pe_validations_lots` (`id_validation`, `id_lot`, `negoce`) VALUES  (10806, 5784, 0)
2024-07-19 11:25:55;INSERT IGNORE INTO `pe_lot_quantieme` (`id_lot`, `quantieme`) VALUES(5784, "201")
2024-07-19 11:26:25;UPDATE `pe_lots_negoce` SET `num_bl` = "HU201" ,`nb_piece` = 60  WHERE `id` = 17
2024-07-19 11:27:07;INSERT IGNORE INTO `pe_lot_quantieme` (`id_lot`, `quantieme`) VALUES(5781, "201")
2024-07-19 11:27:11;UPDATE `pe_langues` SET `actif` = 1 WHERE `iso` = "FR"
2024-07-19 11:27:15;INSERT IGNORE INTO `pe_lot_quantieme` (`id_lot`, `quantieme`) VALUES(5781, "201")
2024-07-19 12:07:29;UPDATE `pe_langues` SET `actif` = 1 WHERE `iso` = "FR"
2024-07-19 12:07:29;UPDATE `pe_consommables` SET `id_precedent` = 0, `date_upd` = null WHERE `date_upd` < CURDATE()
2024-07-19 12:11:16;INSERT INTO `pe_points_controle` (`supprime`,`activation`,`id_parent`,`nom`,`doc`,`position`) VALUES (0 ,1 ,0 ,"Contrôle de réception" ,0 ,8 )
2024-07-19 12:11:34;INSERT INTO `pe_points_controle` (`supprime`,`activation`,`id_parent`,`nom`,`doc`,`position`) VALUES (0 ,1 ,0 ,"Contrôle à l'expédition" ,0 ,9 )
2024-07-19 12:12:38;INSERT INTO `pe_points_controle` (`supprime`,`activation`,`id_parent`,`nom`,`doc`,`position`) VALUES (0 ,1 ,0 ,"Contrôle à l'expédition" ,0 ,9 )
2024-07-19 12:13:30;INSERT INTO `pe_points_controle` (`supprime`,`activation`,`id_parent`,`nom`,`doc`,`position`) VALUES (0 ,1 ,70 ,"Propreté du camion" ,0 ,1 )
2024-07-19 12:14:10;INSERT INTO `pe_points_controle` (`supprime`,`activation`,`id_parent`,`nom`,`doc`,`position`) VALUES (0 ,1 ,72 ,"Propreté du camion" ,0 ,1 )
2024-07-19 12:15:01;UPDATE `pe_langues` SET `actif` = 1 WHERE `iso` = "FR"
2024-07-19 12:19:33;UPDATE `pe_langues` SET `actif` = 1 WHERE `iso` = "FR"
2024-07-19 13:26:39;UPDATE `pe_langues` SET `actif` = 1 WHERE `iso` = "FR"
2024-07-19 13:26:47;UPDATE `pe_langues` SET `actif` = 1 WHERE `iso` = "FR"
2024-07-19 13:28:45;INSERT IGNORE INTO `pe_lot_quantieme` (`id_lot`, `quantieme`) VALUES(5753, "201")
2024-07-19 13:37:39;UPDATE `pe_consommables` SET `stock_actuel` = 3  WHERE `id` = 401
2024-07-19 13:37:39;UPDATE `pe_consommables` SET `stock_actuel` = 4  WHERE `id` = 430
2024-07-19 13:37:39;INSERT IGNORE INTO `pe_consommables_histo` (`id_consommable`, `stock_mouvement`, `date`, `user_id`, `id_vue`) 
						VALUES (401, -1, "2024-07-19 13:37:39", 1, 2 )
2024-07-19 13:37:39;UPDATE `pe_consommables` SET `encours` = 0 WHERE `id_famille` = 9
2024-07-19 13:37:39;UPDATE `pe_consommables` SET `stock_actuel` = 4 ,`encours` = 1  WHERE `id` = 430
2024-07-19 13:37:39;UPDATE `pe_consommables` SET `id_precedent` = 0, `date_upd` = null, `consomme` = 1 WHERE `id` = 401
2024-07-19 13:37:39;UPDATE `pe_consommables` SET `id_precedent` = 401, `date_upd` = CURDATE(), `encours` = 1 WHERE `id` = 430
2024-07-19 13:37:39;INSERT IGNORE INTO `pe_consommables_changements` (`id_consommable_famille`, `date`) VALUES (9, "2024-07-19");
2024-07-19 13:37:39;INSERT IGNORE INTO `pe_emballages_prod` (`id_emballage_lot`, `id_lot`, `id_froid`) 
						VALUES (430, 5753,0)
2024-07-19 13:37:39;INSERT IGNORE INTO `pe_lot_quantieme` (`id_lot`, `quantieme`) VALUES(5753, "201")
2024-07-19 13:38:29;UPDATE `pe_langues` SET `actif` = 1 WHERE `iso` = "FR"
2024-07-19 13:38:36;INSERT IGNORE INTO `pe_lot_quantieme` (`id_lot`, `quantieme`) VALUES(5781, "201")
2024-07-19 13:55:17;UPDATE `pe_langues` SET `actif` = 1 WHERE `iso` = "FR"
2024-07-19 13:55:17;UPDATE `pe_consommables` SET `id_precedent` = 0, `date_upd` = null WHERE `date_upd` < CURDATE()
2024-07-19 13:56:43;UPDATE `pe_langues` SET `actif` = 1 WHERE `iso` = "FR"
2024-07-19 13:56:43;UPDATE `pe_consommables` SET `id_precedent` = 0, `date_upd` = null WHERE `date_upd` < CURDATE()
2024-07-19 13:57:35;UPDATE `pe_langues` SET `actif` = 1 WHERE `iso` = "FR"
2024-07-19 13:58:56;UPDATE `pe_bl_lignes` SET `supprime` = 1 WHERE `supprime` = 0  AND `id_bl` IN (SELECT `id` FROM `pe_bl` WHERE `supprime` = 1)
2024-07-19 13:59:59;UPDATE `pe_langues` SET `actif` = 1 WHERE `iso` = "FR"
2024-07-19 14:03:52;UPDATE `pe_langues` SET `actif` = 1 WHERE `iso` = "FR"
2024-07-19 14:04:03;UPDATE `pe_langues` SET `actif` = 1 WHERE `iso` = "FR"
2024-07-19 14:04:05;UPDATE `pe_langues` SET `actif` = 1 WHERE `iso` = "FR"
2024-07-19 14:04:06;UPDATE `pe_langues` SET `actif` = 1 WHERE `iso` = "FR"
2024-07-19 14:04:46;INSERT INTO `pe_froid` (`supprime`,`id_type`,`statut`) VALUES (0 ,5 ,0 )
2024-07-19 14:04:46;INSERT INTO `pe_froid_produits` (`id_lot`,`id_pdt`,`id_froid`,`poids`,`date_add`,`loma`,`user_add`) VALUES (5777 ,380 ,6469 ,30 ,"2024-07-19 14:04:46" ,1 ,1 )
2024-07-19 14:04:57;UPDATE `pe_froid` SET `temp_debut` = 2 ,`date_entree` = "2024-07-19 14:04:57" ,`id_user_debut` = 1 ,`id_user_maj` = 1  WHERE `id` = 6469
2024-07-19 14:05:01;UPDATE `pe_froid` SET `date_sortie` = "2024-07-19 14:05:01" ,`id_user_fin` = 1 ,`id_user_maj` = 1  WHERE `id` = 6469
2024-07-19 14:05:04;UPDATE `pe_langues` SET `actif` = 1 WHERE `iso` = "FR"
2024-07-19 14:05:05;UPDATE `pe_langues` SET `actif` = 1 WHERE `iso` = "FR"
2024-07-19 14:09:01;UPDATE `pe_langues` SET `actif` = 1 WHERE `iso` = "FR"
2024-07-19 14:09:34;UPDATE `pe_langues` SET `actif` = 1 WHERE `iso` = "FR"
2024-07-19 14:09:42;INSERT IGNORE INTO `pe_lot_quantieme` (`id_lot`, `quantieme`) VALUES(5781, "201")
2024-07-19 14:09:55;UPDATE `pe_consommables` SET `stock_actuel` = 7  WHERE `id` = 385
2024-07-19 14:09:55;INSERT IGNORE INTO `pe_consommables_histo` (`id_consommable`, `stock_mouvement`, `date`, `user_id`, `id_vue`) 
						VALUES (385, -1, "2024-07-19 14:09:55", 1, 2 )
2024-07-19 14:09:55;UPDATE `pe_consommables` SET `encours` = 0 WHERE `id_famille` = 18
2024-07-19 14:09:55;UPDATE `pe_consommables` SET `encours` = 1  WHERE `id` = 385
2024-07-19 14:09:55;INSERT IGNORE INTO `pe_consommables_changements` (`id_consommable_famille`, `date`) VALUES (18, "2024-07-19");
2024-07-19 14:09:55;INSERT IGNORE INTO `pe_lot_quantieme` (`id_lot`, `quantieme`) VALUES(5781, "201")
2024-07-19 14:13:42;UPDATE `pe_langues` SET `actif` = 1 WHERE `iso` = "FR"
2024-07-19 14:13:58;INSERT IGNORE INTO `pe_lot_quantieme` (`id_lot`, `quantieme`) VALUES(5781, "201")
2024-07-19 14:14:19;UPDATE `pe_consommables` SET `stock_actuel` = 13  WHERE `id` = 429
2024-07-19 14:14:19;INSERT IGNORE INTO `pe_consommables_histo` (`id_consommable`, `stock_mouvement`, `date`, `user_id`, `id_vue`) 
						VALUES (429, -1, "2024-07-19 14:14:19", 1, 2 )
2024-07-19 14:14:19;UPDATE `pe_consommables` SET `encours` = 0 WHERE `id_famille` = 8
2024-07-19 14:14:19;UPDATE `pe_consommables` SET `encours` = 1  WHERE `id` = 429
2024-07-19 14:14:19;INSERT IGNORE INTO `pe_consommables_changements` (`id_consommable_famille`, `date`) VALUES (8, "2024-07-19");
2024-07-19 14:14:19;INSERT IGNORE INTO `pe_lot_quantieme` (`id_lot`, `quantieme`) VALUES(5781, "201")
2024-07-19 14:14:29;UPDATE `pe_langues` SET `actif` = 1 WHERE `iso` = "FR"
2024-07-19 14:14:32;UPDATE `pe_langues` SET `actif` = 1 WHERE `iso` = "FR"
2024-07-19 14:14:57;UPDATE `pe_langues` SET `actif` = 1 WHERE `iso` = "FR"
2024-07-19 14:15:00;UPDATE `pe_langues` SET `actif` = 1 WHERE `iso` = "FR"
2024-07-19 14:15:01;UPDATE `pe_langues` SET `actif` = 1 WHERE `iso` = "FR"
2024-07-19 14:16:46;UPDATE `pe_langues` SET `actif` = 1 WHERE `iso` = "FR"
2024-07-19 14:16:50;INSERT IGNORE INTO `pe_lot_quantieme` (`id_lot`, `quantieme`) VALUES(5781, "201")
2024-07-19 14:16:53;UPDATE `pe_langues` SET `actif` = 1 WHERE `iso` = "FR"
2024-07-19 14:16:55;UPDATE `pe_langues` SET `actif` = 1 WHERE `iso` = "FR"
2024-07-19 14:17:02;UPDATE `pe_langues` SET `actif` = 1 WHERE `iso` = "FR"
2024-07-19 14:17:06;INSERT IGNORE INTO `pe_lot_quantieme` (`id_lot`, `quantieme`) VALUES(5780, "201")
2024-07-19 14:17:24;UPDATE `pe_consommables` SET `stock_actuel` = 3  WHERE `id` = 430
2024-07-19 14:17:24;INSERT IGNORE INTO `pe_consommables_histo` (`id_consommable`, `stock_mouvement`, `date`, `user_id`, `id_vue`) 
						VALUES (430, -1, "2024-07-19 14:17:24", 1, 2 )
2024-07-19 14:17:24;UPDATE `pe_consommables` SET `encours` = 0 WHERE `id_famille` = 9
2024-07-19 14:17:24;UPDATE `pe_consommables` SET `encours` = 1  WHERE `id` = 430
2024-07-19 14:17:24;INSERT IGNORE INTO `pe_consommables_changements` (`id_consommable_famille`, `date`) VALUES (9, "2024-07-19");
2024-07-19 14:17:24;INSERT IGNORE INTO `pe_lot_quantieme` (`id_lot`, `quantieme`) VALUES(5780, "201")
2024-07-19 14:17:29;UPDATE `pe_langues` SET `actif` = 1 WHERE `iso` = "FR"
2024-07-19 14:21:06;INSERT IGNORE INTO `pe_lot_quantieme` (`id_lot`, `quantieme`) VALUES(5781, "201")
2024-07-19 14:28:10;UPDATE `pe_langues` SET `actif` = 1 WHERE `iso` = "FR"
2024-07-19 14:28:48;INSERT IGNORE INTO `pe_lot_quantieme` (`id_lot`, `quantieme`) VALUES(5781, "201")
2024-07-19 14:28:54;UPDATE `pe_consommables` SET `stock_actuel` = 12  WHERE `id` = 429
2024-07-19 14:28:54;INSERT IGNORE INTO `pe_consommables_histo` (`id_consommable`, `stock_mouvement`, `date`, `user_id`, `id_vue`) 
						VALUES (429, -1, "2024-07-19 14:28:54", 1, 2 )
2024-07-19 14:28:54;UPDATE `pe_consommables` SET `encours` = 0 WHERE `id_famille` = 8
2024-07-19 14:28:54;UPDATE `pe_consommables` SET `encours` = 1  WHERE `id` = 429
2024-07-19 14:28:54;INSERT IGNORE INTO `pe_consommables_changements` (`id_consommable_famille`, `date`) VALUES (8, "2024-07-19");
2024-07-19 14:28:55;INSERT IGNORE INTO `pe_lot_quantieme` (`id_lot`, `quantieme`) VALUES(5781, "201")
2024-07-19 14:50:28;UPDATE `pe_langues` SET `actif` = 1 WHERE `iso` = "FR"
2024-07-19 14:50:41;INSERT IGNORE INTO `pe_lot_quantieme` (`id_lot`, `quantieme`) VALUES(5781, "201")
2024-07-19 14:50:51;UPDATE `pe_consommables` SET `stock_actuel` = 5  WHERE `id` = 444
2024-07-19 14:50:51;UPDATE `pe_consommables` SET `stock_actuel` = 9  WHERE `id` = 456
2024-07-19 14:50:51;INSERT IGNORE INTO `pe_consommables_histo` (`id_consommable`, `stock_mouvement`, `date`, `user_id`, `id_vue`) 
						VALUES (444, -1, "2024-07-19 14:50:51", 1, 2 )
2024-07-19 14:50:51;UPDATE `pe_consommables` SET `encours` = 0 WHERE `id_famille` = 6
2024-07-19 14:50:51;UPDATE `pe_consommables` SET `stock_actuel` = 9 ,`encours` = 1  WHERE `id` = 456
2024-07-19 14:50:51;UPDATE `pe_consommables` SET `id_precedent` = 0, `date_upd` = null, `consomme` = 1 WHERE `id` = 444
2024-07-19 14:50:51;UPDATE `pe_consommables` SET `id_precedent` = 444, `date_upd` = CURDATE(), `encours` = 1 WHERE `id` = 456
2024-07-19 14:50:51;INSERT IGNORE INTO `pe_consommables_changements` (`id_consommable_famille`, `date`) VALUES (6, "2024-07-19");
2024-07-19 14:50:51;INSERT IGNORE INTO `pe_emballages_prod` (`id_emballage_lot`, `id_lot`, `id_froid`) 
						VALUES (456, 5781,0)
2024-07-19 14:51:04;UPDATE `pe_froid` SET `test_apres_fe` = 1 ,`test_apres_nfe` = 1 ,`test_apres_inox` = 1  WHERE `id` = 6459
2024-07-19 14:51:04;UPDATE `pe_loma` SET `test_pdt` = 0 ,`commentaire` = "" ,`date_test` = "2024-07-19 14:51:04" ,`id_user_visa` = 1  WHERE `id` = 2846
2024-07-19 14:51:04;INSERT INTO `pe_validations` (`type`,`id_vue`,`id_liaison`) VALUES (3 ,2 ,2846 )
2024-07-19 14:51:04;INSERT IGNORE INTO `pe_validations_lots` (`id_validation`, `id_lot`, `negoce`) VALUES  (10807, 5781, 0)
2024-07-19 14:54:07;UPDATE `pe_langues` SET `actif` = 1 WHERE `iso` = "FR"
2024-07-19 14:54:38;UPDATE `pe_langues` SET `actif` = 1 WHERE `iso` = "FR"
2024-07-19 14:59:50;UPDATE `pe_langues` SET `actif` = 1 WHERE `iso` = "FR"
2024-07-19 15:00:09;INSERT INTO `pe_froid` (`supprime`,`id_type`,`statut`) VALUES (0 ,5 ,0 )
2024-07-19 15:00:09;INSERT INTO `pe_froid_produits` (`id_lot`,`id_pdt`,`id_froid`,`poids`,`date_add`,`loma`,`user_add`) VALUES (5677 ,356 ,6470 ,30 ,"2024-07-19 15:00:09" ,1 ,1 )
2024-07-19 15:00:20;UPDATE `pe_froid` SET `temp_debut` = 2 ,`date_entree` = "2024-07-19 15:00:20" ,`id_user_debut` = 1 ,`id_user_maj` = 1  WHERE `id` = 6470
2024-07-19 15:00:44;INSERT IGNORE INTO `pe_emballages_prod` (`id_emballage_lot`, `id_lot`, `id_froid`) VALUES (260, 5677,0),(303, 5677,0),(304, 5677,0),(447, 5677,0),(446, 5677,0)
2024-07-19 15:13:31;UPDATE `pe_lots_negoce` SET `num_bl` = "HU201" ,`num_agrement` = "HON25-EDIT" ,`ddm_bl` = "" ,`dlc_bl` = "" ,`id_origine` = 0  WHERE `id` = 17
2024-07-19 15:13:45;UPDATE `pe_lots_negoce` SET `num_bl` = "HU201" ,`ddm_bl` = "2024-07-19" ,`dlc_bl` = "2024-07-19"  WHERE `id` = 17
2024-07-19 15:13:47;UPDATE `pe_lots_negoce` SET `visible` = 0  WHERE `id` = 17
2024-07-19 15:13:48;UPDATE `pe_lots_negoce` SET `visible` = 1  WHERE `id` = 17
2024-07-19 15:14:10;UPDATE `pe_lots_negoce` SET `num_bl` = "HU201" ,`ddm_bl` = "" ,`dlc_bl` = ""  WHERE `id` = 17
2024-07-19 15:15:36;UPDATE `pe_lots_negoce` SET `num_bl` = "HU201" ,`chasse` = 1 ,`ddm_bl` = "2024-07-19" ,`dlc_bl` = "2024-07-19" ,`id_origine` = 27  WHERE `id` = 17
2024-07-19 15:15:57;UPDATE `pe_lots_negoce` SET `supprime` = 1  WHERE `id` = 17
2024-07-19 15:16:37;INSERT INTO `pe_lots_negoce` (`date_add`,`visible`,`id_fournisseur`,`chasse`,`num_bl`,`num_agrement`,`ddm_bl`,`dlc_bl`,`id_origine`,`nb_piece`,`id_espece`,`composition`,`poids_bl`,`poids_reception`,`date_entree`) VALUES ("2024-07-19 15:16:37" ,1 ,49 ,0 ,"18025D" ,"LIEA" ,"2024-07-18" ,"2024-07-17" ,1 ,0 ,5 ,1 ,15 ,20 ,"2024-07-18" )
2024-07-19 15:16:55;UPDATE `pe_lots_negoce` SET `num_bl` = "18025D" ,`ddm_bl` = "" ,`dlc_bl` = "" ,`id_origine` = 0 ,`nb_piece` = 15  WHERE `id` = 28
2024-07-19 15:17:17;UPDATE `pe_lots_negoce` SET `num_bl` = "18025D" ,`ddm_bl` = "2024-07-18" ,`dlc_bl` = "2024-07-18"  WHERE `id` = 28
2024-07-19 15:17:22;UPDATE `pe_lots_negoce` SET `num_bl` = "18025D" ,`ddm_bl` = "" ,`dlc_bl` = ""  WHERE `id` = 28
2024-07-19 15:19:10;UPDATE `pe_lots_negoce` SET `num_bl` = "18025D" ,`ddm_bl` = "" ,`dlc_bl` = ""  WHERE `id` = 28
2024-07-19 15:19:23;UPDATE `pe_lots_negoce` SET `num_bl` = "18025D" ,`ddm_bl` = "2024-07-19" ,`dlc_bl` = "2024-07-19"  WHERE `id` = 28
2024-07-19 15:19:33;UPDATE `pe_lots_negoce` SET `num_bl` = "18025D" ,`ddm_bl` = "2024-07-31" ,`dlc_bl` = "2024-07-19"  WHERE `id` = 28
2024-07-19 15:20:52;UPDATE `pe_lots_negoce` SET `visible` = 0  WHERE `id` = 28
2024-07-19 15:20:53;UPDATE `pe_lots_negoce` SET `visible` = 1  WHERE `id` = 28
2024-07-19 15:36:14;UPDATE `pe_lots` SET `visible` = 0  WHERE `id` = 5784
2024-07-19 15:36:15;UPDATE `pe_lots` SET `visible` = 1  WHERE `id` = 5784
2024-07-19 15:36:58;UPDATE `pe_lots` SET `visible` = 0  WHERE `id` = 5784
2024-07-19 15:36:59;UPDATE `pe_lots` SET `visible` = 1  WHERE `id` = 5784
2024-07-19 15:37:00;UPDATE `pe_lots` SET `visible` = 0  WHERE `id` = 5784
2024-07-19 15:37:00;UPDATE `pe_lots` SET `visible` = 1  WHERE `id` = 5784
2024-07-19 15:37:01;UPDATE `pe_lots` SET `visible` = 0  WHERE `id` = 5784
2024-07-19 15:44:20;UPDATE `pe_lots` SET `visible` = 1  WHERE `id` = 5784
2024-07-19 15:44:21;UPDATE `pe_lots` SET `visible` = 0  WHERE `id` = 5784
2024-07-19 15:44:22;UPDATE `pe_lots` SET `visible` = 1  WHERE `id` = 5784
2024-07-19 15:44:27;UPDATE `pe_lots` SET `visible` = 0  WHERE `id` = 5784
2024-07-19 15:44:31;UPDATE `pe_lots` SET `visible` = 1  WHERE `id` = 5784
2024-07-19 15:44:34;UPDATE `pe_lots` SET `visible` = 0  WHERE `id` = 5784
2024-07-19 15:57:47;UPDATE `pe_langues` SET `actif` = 1 WHERE `iso` = "FR"
2024-07-19 15:57:52;UPDATE `pe_langues` SET `actif` = 1 WHERE `iso` = "FR"
2024-07-19 15:59:01;UPDATE `pe_langues` SET `actif` = 1 WHERE `iso` = "FR"
2024-07-19 16:08:20;UPDATE `pe_langues` SET `actif` = 1 WHERE `iso` = "FR"
2024-07-19 16:10:28;UPDATE `pe_langues` SET `actif` = 1 WHERE `iso` = "FR"
2024-07-19 16:10:31;INSERT IGNORE INTO `pe_lot_quantieme` (`id_lot`, `quantieme`) VALUES(5677, "201")
2024-07-19 16:10:34;UPDATE `pe_langues` SET `actif` = 1 WHERE `iso` = "FR"
2024-07-19 16:11:00;INSERT INTO `pe_nett_signatures` (`id_user`,`date`,`status`) VALUES (1 ,"2024-07-19 16:11:00" ,"" )
2024-07-19 16:11:30;INSERT INTO `pe_nett_signatures` (`id_user`,`date`,`status`) VALUES (1 ,"2024-07-19 16:11:30" ,"1" )
2024-07-19 16:11:58;DELETE FROM `pe_nett_signatures` WHERE `id` = 2344
2024-07-19 16:12:06;DELETE FROM `pe_nett_signatures` WHERE `id` = 2345
2024-07-19 16:14:55;UPDATE `pe_langues` SET `actif` = 1 WHERE `iso` = "FR"
2024-07-19 16:15:00;UPDATE `pe_langues` SET `actif` = 1 WHERE `iso` = "FR"
2024-07-19 16:15:03;UPDATE `pe_langues` SET `actif` = 1 WHERE `iso` = "FR"
2024-07-19 16:15:45;UPDATE `pe_langues` SET `actif` = 1 WHERE `iso` = "FR"
2024-07-19 16:15:45;UPDATE `pe_consommables` SET `id_precedent` = 0, `date_upd` = null WHERE `date_upd` < CURDATE()
2024-07-19 16:15:51;UPDATE `pe_langues` SET `actif` = 1 WHERE `iso` = "FR"
2024-07-19 16:15:56;UPDATE `pe_langues` SET `actif` = 1 WHERE `iso` = "FR"
2024-07-19 16:15:56;UPDATE `pe_consommables` SET `id_precedent` = 0, `date_upd` = null WHERE `date_upd` < CURDATE()
2024-07-19 16:15:57;UPDATE `pe_langues` SET `actif` = 1 WHERE `iso` = "FR"
2024-07-19 16:16:01;UPDATE `pe_langues` SET `actif` = 1 WHERE `iso` = "FR"
2024-07-19 16:16:30;INSERT INTO `pe_nett_signatures` (`id_user`,`date`,`status`) VALUES (40 ,"2024-07-19 16:16:30" ,"" )
2024-07-19 16:16:36;UPDATE `pe_langues` SET `actif` = 1 WHERE `iso` = "FR"
2024-07-19 16:16:36;UPDATE `pe_consommables` SET `id_precedent` = 0, `date_upd` = null WHERE `date_upd` < CURDATE()
2024-07-19 16:16:36;INSERT INTO `pe_lots` (`numlot`,`date_add`,`visible`,`id_fournisseur`,`id_espece`,`composition`) VALUES ("NEGOCE ID17" ,"2024-07-19 16:16:36" ,1 ,0 ,8 ,1 )
2024-07-19 16:16:38;UPDATE `pe_langues` SET `actif` = 1 WHERE `iso` = "FR"
2024-07-19 16:16:49;UPDATE `pe_langues` SET `actif` = 1 WHERE `iso` = "FR"
2024-07-19 16:17:05;INSERT INTO `pe_nett_signatures` (`id_user`,`date`,`status`) VALUES (1 ,"2024-07-19 16:17:05" ,"1" )
2024-07-19 16:17:13;UPDATE `pe_langues` SET `actif` = 1 WHERE `iso` = "FR"
2024-07-19 16:17:13;UPDATE `pe_consommables` SET `id_precedent` = 0, `date_upd` = null WHERE `date_upd` < CURDATE()
2024-07-19 16:17:19;UPDATE `pe_langues` SET `actif` = 1 WHERE `iso` = "FR"
2024-07-19 16:17:22;INSERT INTO `pe_lots` (`numlot`,`date_add`,`visible`,`id_fournisseur`,`id_espece`,`composition`) VALUES ("NEGOCE ID18" ,"2024-07-19 16:17:22" ,1 ,0 ,0 ,1 )
2024-07-19 16:17:33;UPDATE `pe_bl_lignes` SET `supprime` = 1 WHERE `supprime` = 0  AND `id_bl` IN (SELECT `id` FROM `pe_bl` WHERE `supprime` = 1)
2024-07-19 16:17:38;UPDATE `pe_lots` SET `visible` = 0, `date_out` = NULL WHERE `id` = 5785
2024-07-19 16:17:38;INSERT IGNORE INTO `pe_lot_vues` (`id_lot`, `id_vue`, `date_entree`) VALUES (5785, 1, "2024-07-19 16:17:38")
2024-07-19 16:17:44;UPDATE `pe_bl_lignes` SET `supprime` = 1 WHERE `supprime` = 0  AND `id_bl` IN (SELECT `id` FROM `pe_bl` WHERE `supprime` = 1)
2024-07-19 16:17:47;UPDATE `pe_lots` SET `visible` = 0, `date_out` = NULL WHERE `id` = 5787
2024-07-19 16:17:47;INSERT IGNORE INTO `pe_lot_vues` (`id_lot`, `id_vue`, `date_entree`) VALUES (5787, 1, "2024-07-19 16:17:47")
2024-07-19 16:17:56;UPDATE `pe_langues` SET `actif` = 1 WHERE `iso` = "FR"
2024-07-19 16:18:17;UPDATE `pe_lots_negoce` SET `temp` = 1 ,`date_maj` = "2024-07-19 16:18:17" ,`id_user_maj` = 1  WHERE `id` = 15
2024-07-19 16:18:24;UPDATE `pe_lots_negoce` SET `date_entree` = "2024-07-19" ,`date_maj` = "2024-07-19- 16:18:24" ,`id_user_maj` = 1  WHERE `id` = 15
2024-07-19 16:18:24;INSERT INTO `pe_validations` (`type`,`id_vue`,`id_liaison`) VALUES (4 ,1 ,15 )
2024-07-19 16:18:24;INSERT IGNORE INTO `pe_validations_lots` (`id_validation`, `id_lot`, `negoce`) VALUES  (10808, 15, 1)
2024-07-19 16:18:35;UPDATE `pe_lot_reception` SET `temp` = 1  WHERE `id` = 2239
2024-07-19 16:18:35;UPDATE `pe_lots` SET `date_maj` = "2024-07-19- 16:18:35" ,`id_user_maj` = 1  WHERE `id` = 5782
2024-07-19 16:18:46;UPDATE `pe_lot_reception` SET `etat_visuel` = 1  WHERE `id` = 2239
2024-07-19 16:18:46;UPDATE `pe_lots` SET `date_maj` = "2024-07-19- 16:18:46" ,`id_user_maj` = 1  WHERE `id` = 5782
2024-07-19 16:28:32;UPDATE `pe_langues` SET `actif` = 1 WHERE `iso` = "FR"
2024-07-19 16:30:19;INSERT INTO `pe_lots_negoce` (`date_add`,`visible`,`id_fournisseur`,`chasse`,`num_bl`,`num_agrement`,`ddm_bl`,`dlc_bl`,`id_origine`,`nb_piece`,`id_espece`,`composition`,`poids_bl`,`poids_reception`,`date_entree`) VALUES ("2024-07-19 16:30:19" ,1 ,50 ,0 ,"" ,"DFERSFFF" ,"2024-07-04" ,"2024-07-11" ,5 ,120 ,10 ,1 ,1500 ,1500 ,"2024-07-19" )
2024-07-19 16:32:06;UPDATE `pe_lots_negoce` SET `num_bl` = "CERF01" ,`ddm_bl` = "2024-07-04" ,`dlc_bl` = "2024-07-11" ,`id_origine` = 0  WHERE `id` = 29
2024-07-19 16:32:14;UPDATE `pe_lots_negoce` SET `num_bl` = "CERF01" ,`ddm_bl` = "2024-07-04" ,`dlc_bl` = "2024-07-11"  WHERE `id` = 29
2024-07-19 16:32:57;INSERT INTO `pe_negoce_produits` (`poids`,`id_palette`,`supprime`,`date_add`,`id_lot_negoce`,`id_pdt`,`nb_cartons`,`traite`,`user_add`,`num_lot`,`dlc`) VALUES (1500 ,9029 ,0 ,"2024-07-19 16:32:57" ,29 ,170 ,1 ,0 ,1 ,"CERF01" ,"2024-07-11" )
2024-07-19 16:34:19;UPDATE `pe_bl_lignes` SET `supprime` = 1 WHERE `supprime` = 0  AND `id_bl` IN (SELECT `id` FROM `pe_bl` WHERE `supprime` = 1)
2024-07-19 16:34:25;UPDATE `pe_bl_lignes` SET `supprime` = 1 WHERE `supprime` = 0  AND `id_bl` IN (SELECT `id` FROM `pe_bl` WHERE `supprime` = 1)
2024-07-19 16:34:33;UPDATE `pe_bl_lignes` SET `supprime` = 1 WHERE `supprime` = 0  AND `id_bl` IN (SELECT `id` FROM `pe_bl` WHERE `supprime` = 1)
2024-07-19 16:34:40;UPDATE `pe_bl_lignes` SET `supprime` = 1 WHERE `supprime` = 0  AND `id_bl` IN (SELECT `id` FROM `pe_bl` WHERE `supprime` = 1)
2024-07-19 16:35:12;UPDATE `pe_langues` SET `actif` = 1 WHERE `iso` = "FR"
2024-07-19 16:35:14;UPDATE `pe_langues` SET `actif` = 1 WHERE `iso` = "FR"
2024-07-19 16:35:18;INSERT IGNORE INTO `pe_lot_quantieme` (`id_lot`, `quantieme`) VALUES(5677, "201")
2024-07-19 16:37:56;UPDATE `pe_langues` SET `actif` = 1 WHERE `iso` = "FR"
2024-07-19 16:58:33;UPDATE `pe_langues` SET `actif` = 1 WHERE `iso` = "FR"
2024-07-19 16:58:39;UPDATE `pe_langues` SET `actif` = 1 WHERE `iso` = "FR"
2024-07-19 16:58:48;UPDATE `pe_lots_negoce` SET `temp` = 1 ,`date_maj` = "2024-07-19 16:58:48" ,`id_user_maj` = 1  WHERE `id` = 16
2024-07-19 16:58:51;UPDATE `pe_lots_negoce` SET `date_entree` = "2024-07-19" ,`date_maj` = "2024-07-19- 16:58:51" ,`id_user_maj` = 1  WHERE `id` = 16
2024-07-19 16:58:51;INSERT INTO `pe_validations` (`type`,`id_vue`,`id_liaison`) VALUES (4 ,1 ,16 )
2024-07-19 16:58:51;INSERT IGNORE INTO `pe_validations_lots` (`id_validation`, `id_lot`, `negoce`) VALUES  (10809, 16, 1)
2024-07-19 16:59:00;UPDATE `pe_lot_reception` SET `temp` = 2  WHERE `id` = 2239
2024-07-19 16:59:00;UPDATE `pe_lots` SET `date_maj` = "2024-07-19- 16:59:00" ,`id_user_maj` = 1  WHERE `id` = 5782
2024-07-19 16:59:03;UPDATE `pe_lot_reception` SET `etat_visuel` = 1  WHERE `id` = 2239
2024-07-19 16:59:03;UPDATE `pe_lots` SET `date_maj` = "2024-07-19- 16:59:03" ,`id_user_maj` = 1  WHERE `id` = 5782
2024-07-19 16:59:42;UPDATE `pe_langues` SET `actif` = 1 WHERE `iso` = "FR"
2024-07-19 16:59:53;INSERT INTO `pe_lot_reception` (`id_lot`,`temp`) VALUES (5783 ,1 )
2024-07-19 16:59:53;UPDATE `pe_lots` SET `date_maj` = "2024-07-19- 16:59:53" ,`id_user_maj` = 1  WHERE `id` = 5783
2024-07-19 16:59:56;UPDATE `pe_lot_reception` SET `etat_visuel` = 1  WHERE `id` = 2240
2024-07-19 16:59:56;UPDATE `pe_lots` SET `date_maj` = "2024-07-19- 16:59:56" ,`id_user_maj` = 1  WHERE `id` = 5783
2024-07-19 17:00:56;UPDATE `pe_langues` SET `actif` = 1 WHERE `iso` = "FR"
2024-07-19 17:01:04;UPDATE `pe_lot_reception` SET `temp` = 1  WHERE `id` = 2240
2024-07-19 17:01:04;UPDATE `pe_lots` SET `date_maj` = "2024-07-19- 17:01:04" ,`id_user_maj` = 1  WHERE `id` = 5783
2024-07-19 17:01:05;UPDATE `pe_lot_reception` SET `etat_visuel` = 1  WHERE `id` = 2240
2024-07-19 17:01:05;UPDATE `pe_lots` SET `date_maj` = "2024-07-19- 17:01:05" ,`id_user_maj` = 1  WHERE `id` = 5783
2024-07-19 17:12:12;UPDATE `pe_langues` SET `actif` = 1 WHERE `iso` = "FR"
2024-07-19 17:12:12;UPDATE `pe_consommables` SET `id_precedent` = 0, `date_upd` = null WHERE `date_upd` < CURDATE()
2024-07-19 17:16:30;UPDATE `pe_langues` SET `actif` = 1 WHERE `iso` = "FR"
2024-07-19 17:16:30;UPDATE `pe_consommables` SET `id_precedent` = 0, `date_upd` = null WHERE `date_upd` < CURDATE()
2024-07-19 17:16:45;UPDATE `pe_langues` SET `actif` = 1 WHERE `iso` = "FR"
2024-07-19 17:16:45;UPDATE `pe_consommables` SET `id_precedent` = 0, `date_upd` = null WHERE `date_upd` < CURDATE()
2024-07-19 17:17:16;UPDATE `pe_langues` SET `actif` = 1 WHERE `iso` = "FR"
2024-07-19 17:23:05;DELETE FROM `pe_pvisu_avant_points` WHERE `id_pvisu_avant` = 1083
2024-07-19 17:23:05;INSERT IGNORE INTO `pe_pvisu_avant_points` (`id_pvisu_avant`, `id_point_controle`, `etat`, `id_user`, `date`) VALUES (1083, 4, 1, 23, NOW()),(1083, 5, 1, 23, NOW()),(1083, 36, 1, 23, NOW()),(1083, 58, 1, 23, NOW()),(1083, 7, 1, 23, NOW()),(1083, 11, 1, 23, NOW()),(1083, 12, 1, 23, NOW()),(1083, 13, 1, 23, NOW()),(1083, 14, 1, 23, NOW()),(1083, 15, 1, 23, NOW()),(1083, 17, 1, 23, NOW()),(1083, 18, 1, 23, NOW()),(1083, 19, 1, 23, NOW()),(1083, 20, 1, 23, NOW()),(1083, 21, 1, 23, NOW()),(1083, 37, 1, 23, NOW()),(1083, 39, 1, 23, NOW()),(1083, 41, 1, 23, NOW()),(1083, 59, 1, 23, NOW()),(1083, 23, 1, 23, NOW()),(1083, 40, 1, 23, NOW()),(1083, 43, 1, 23, NOW()),(1083, 44, 1, 23, NOW()),(1083, 45, 1, 23, NOW()),(1083, 46, 1, 23, NOW()),(1083, 47, 1, 23, NOW()),(1083, 48, 1, 23, NOW()),(1083, 49, 1, 23, NOW()),(1083, 50, 1, 23, NOW()),(1083, 51, 1, 23, NOW()),(1083, 52, 1, 23, NOW()),(1083, 53, 1, 23, NOW()),(1083, 54, 1, 23, NOW()),(1083, 55, 1, 23, NOW())
2024-07-19 17:23:05;UPDATE `pe_pvisu_avant` SET `commentaires` = "" ,`id_user` = 23  WHERE `id` = 1083
2024-07-19 17:23:25;DELETE FROM `pe_pvisu_apres_points` WHERE `id_pvisu_apres` = 641
2024-07-19 17:23:25;INSERT IGNORE INTO `pe_pvisu_apres_points` (`id_pvisu_apres`, `id_point_controle`, `etat`, `id_pvisu_action`, `fiche_nc`, `id_user`, `date`) VALUES (641, 34, 1, 0, 0, 23, NOW()),(641, 35, 1, 0, 0, 23, NOW())
2024-07-19 21:53:32;UPDATE `pe_bl_lignes` SET `supprime` = 1 WHERE `supprime` = 0  AND `id_bl` IN (SELECT `id` FROM `pe_bl` WHERE `supprime` = 1)
2024-07-19 22:06:50;UPDATE `pe_bl_lignes` SET `supprime` = 1 WHERE `supprime` = 0  AND `id_bl` IN (SELECT `id` FROM `pe_bl` WHERE `supprime` = 1)
2024-07-19 22:10:44;UPDATE `pe_bl_lignes` SET `supprime` = 1 WHERE `supprime` = 0  AND `id_bl` IN (SELECT `id` FROM `pe_bl` WHERE `supprime` = 1)
2024-07-19 22:12:51;UPDATE `pe_bl_lignes` SET `supprime` = 1 WHERE `supprime` = 0  AND `id_bl` IN (SELECT `id` FROM `pe_bl` WHERE `supprime` = 1)
2024-07-19 22:12:58;UPDATE `pe_bl_lignes` SET `supprime` = 1 WHERE `supprime` = 0  AND `id_bl` IN (SELECT `id` FROM `pe_bl` WHERE `supprime` = 1)
2024-07-19 22:13:11;UPDATE `pe_bl_lignes` SET `supprime` = 1 WHERE `supprime` = 0  AND `id_bl` IN (SELECT `id` FROM `pe_bl` WHERE `supprime` = 1)
2024-07-19 22:13:53;UPDATE `pe_bl_lignes` SET `supprime` = 1 WHERE `supprime` = 0  AND `id_bl` IN (SELECT `id` FROM `pe_bl` WHERE `supprime` = 1)
2024-07-19 22:14:14;UPDATE `pe_bl_lignes` SET `supprime` = 1 WHERE `supprime` = 0  AND `id_bl` IN (SELECT `id` FROM `pe_bl` WHERE `supprime` = 1)
2024-07-19 22:14:30;UPDATE `pe_bl_lignes` SET `supprime` = 1 WHERE `supprime` = 0  AND `id_bl` IN (SELECT `id` FROM `pe_bl` WHERE `supprime` = 1)
2024-07-19 22:14:37;UPDATE `pe_bl_lignes` SET `supprime` = 1 WHERE `supprime` = 0  AND `id_bl` IN (SELECT `id` FROM `pe_bl` WHERE `supprime` = 1)
2024-07-19 22:14:52;UPDATE `pe_bl_lignes` SET `supprime` = 1 WHERE `supprime` = 0  AND `id_bl` IN (SELECT `id` FROM `pe_bl` WHERE `supprime` = 1)
2024-07-19 22:26:28;UPDATE `pe_bl_lignes` SET `supprime` = 1 WHERE `supprime` = 0  AND `id_bl` IN (SELECT `id` FROM `pe_bl` WHERE `supprime` = 1)
2024-07-19 22:29:43;UPDATE `pe_bl_lignes` SET `supprime` = 1 WHERE `supprime` = 0  AND `id_bl` IN (SELECT `id` FROM `pe_bl` WHERE `supprime` = 1)
2024-07-19 22:40:25;UPDATE `pe_bl_lignes` SET `supprime` = 1 WHERE `supprime` = 0  AND `id_bl` IN (SELECT `id` FROM `pe_bl` WHERE `supprime` = 1)
2024-07-19 22:47:44;UPDATE `pe_bl_lignes` SET `supprime` = 1 WHERE `supprime` = 0  AND `id_bl` IN (SELECT `id` FROM `pe_bl` WHERE `supprime` = 1)
2024-07-19 23:08:50;UPDATE `pe_bl_lignes` SET `supprime` = 1 WHERE `supprime` = 0  AND `id_bl` IN (SELECT `id` FROM `pe_bl` WHERE `supprime` = 1)
2024-07-19 23:34:05;UPDATE `pe_bl_lignes` SET `supprime` = 1 WHERE `supprime` = 0  AND `id_bl` IN (SELECT `id` FROM `pe_bl` WHERE `supprime` = 1)
2024-07-19 23:37:04;UPDATE `pe_bl_lignes` SET `supprime` = 1 WHERE `supprime` = 0  AND `id_bl` IN (SELECT `id` FROM `pe_bl` WHERE `supprime` = 1)
