2024-08-12 08:08:44;UPDATE `pe_langues` SET `actif` = 1 WHERE `iso` = "FR"
2024-08-12 08:08:44;UPDATE `pe_consommables` SET `id_precedent` = 0, `date_upd` = null WHERE `date_upd` < CURDATE()
2024-08-12 08:08:51;UPDATE `pe_langues` SET `actif` = 1 WHERE `iso` = "FR"
2024-08-12 08:08:58;UPDATE `pe_langues` SET `actif` = 1 WHERE `iso` = "FR"
2024-08-12 08:09:07;INSERT INTO `pe_pvisu_avant` (`commentaires`,`date`) VALUES ("" ,"2024-08-12" )
2024-08-12 08:09:07;DELETE FROM `pe_pvisu_avant_points` WHERE `id_pvisu_avant` = 1093
2024-08-12 08:09:07;INSERT IGNORE INTO `pe_pvisu_avant_points` (`id_pvisu_avant`, `id_point_controle`, `etat`, `id_user`, `date`) VALUES (1093, 4, 1, 1, NOW()),(1093, 5, 1, 1, NOW()),(1093, 36, 1, 1, NOW()),(1093, 58, 1, 1, NOW()),(1093, 7, 1, 1, NOW()),(1093, 11, 1, 1, NOW()),(1093, 12, 1, 1, NOW()),(1093, 13, 1, 1, NOW()),(1093, 14, 1, 1, NOW()),(1093, 15, 1, 1, NOW()),(1093, 17, 1, 1, NOW()),(1093, 18, 1, 1, NOW()),(1093, 19, 1, 1, NOW()),(1093, 20, 1, 1, NOW()),(1093, 21, 1, 1, NOW()),(1093, 37, 1, 1, NOW()),(1093, 39, 1, 1, NOW()),(1093, 41, 1, 1, NOW()),(1093, 59, 1, 1, NOW()),(1093, 23, 1, 1, NOW()),(1093, 40, 1, 1, NOW()),(1093, 43, 1, 1, NOW()),(1093, 44, 1, 1, NOW()),(1093, 45, 1, 1, NOW()),(1093, 46, 1, 1, NOW()),(1093, 47, 1, 1, NOW()),(1093, 48, 1, 1, NOW()),(1093, 49, 1, 1, NOW()),(1093, 50, 1, 1, NOW()),(1093, 51, 1, 1, NOW()),(1093, 52, 1, 1, NOW()),(1093, 53, 1, 1, NOW()),(1093, 54, 1, 1, NOW()),(1093, 55, 1, 1, NOW())
2024-08-12 08:09:07;UPDATE `pe_pvisu_avant` SET `commentaires` = "" ,`date` = "2024-08-12" ,`id_user` = 1  WHERE `id` = 1093
2024-08-12 08:09:10;UPDATE `pe_langues` SET `actif` = 1 WHERE `iso` = "FR"
2024-08-12 08:10:50;UPDATE `pe_langues` SET `actif` = 1 WHERE `iso` = "FR"
2024-08-12 08:10:50;UPDATE `pe_consommables` SET `id_precedent` = 0, `date_upd` = null WHERE `date_upd` < CURDATE()
2024-08-12 08:13:11;INSERT INTO `pe_froid` (`supprime`,`id_type`,`statut`) VALUES (0 ,5 ,0 )
2024-08-12 08:13:11;INSERT INTO `pe_froid_produits` (`id_lot`,`id_pdt`,`id_froid`,`poids`,`date_add`,`loma`,`user_add`) VALUES (5806 ,380 ,6583 ,20 ,"2024-08-12 08:13:11" ,1 ,1 )
2024-08-12 08:22:12;UPDATE `pe_froid` SET `temp_debut` = 2 ,`date_entree` = "2024-08-12 08:22:12" ,`id_user_debut` = 1 ,`id_user_maj` = 1  WHERE `id` = 6583
2024-08-12 08:22:25;UPDATE `pe_froid` SET `date_sortie` = "2024-08-12 08:22:25" ,`id_user_fin` = 1 ,`id_user_maj` = 1  WHERE `id` = 6583
2024-08-12 08:22:32;UPDATE `pe_froid` SET `temp_fin` = 2 ,`id_user_maj` = 1  WHERE `id` = 6583
2024-08-12 08:22:37;UPDATE `pe_froid` SET `test_avant_fe` = 1 ,`test_avant_nfe` = 1 ,`test_avant_inox` = 1  WHERE `id` = 6583
2024-08-12 08:22:48;INSERT INTO `pe_loma` (`id_lot_pdt_froid`,`test_pdt`,`commentaire`,`date_test`,`id_user_visa`) VALUES (31183 ,0 ,"" ,"2024-08-12 08:22:48" ,1 )
2024-08-12 08:22:48;INSERT INTO `pe_validations` (`type`,`id_vue`,`id_liaison`) VALUES (3 ,17 ,2889 )
2024-08-12 08:22:48;INSERT IGNORE INTO `pe_validations_lots` (`id_validation`, `id_lot`, `negoce`) VALUES  (10907, 5806, 0)
2024-08-12 08:22:51;UPDATE `pe_froid` SET `test_apres_fe` = 1 ,`test_apres_nfe` = 1 ,`test_apres_inox` = 1  WHERE `id` = 6583
2024-08-12 08:23:08;UPDATE `pe_froid` SET `statut` = 2 ,`conformite` = 1 ,`date_controle` = "2024-08-12 08:23:08" ,`id_visa_controleur` = 1  WHERE `id` = 6583
2024-08-12 08:23:08;INSERT INTO `pe_validations` (`type`,`id_vue`,`id_liaison`) VALUES (2 ,17 ,6583 )
2024-08-12 08:23:08;INSERT IGNORE INTO `pe_validations_lots` (`id_validation`, `id_lot`, `negoce`) VALUES  (10908, 5806, 0)
2024-08-12 08:24:15;UPDATE `pe_langues` SET `actif` = 1 WHERE `iso` = "FR"
2024-08-12 08:24:42;INSERT INTO `pe_froid` (`supprime`,`id_type`,`statut`) VALUES (0 ,5 ,0 )
2024-08-12 08:24:42;INSERT INTO `pe_froid_produits` (`id_lot`,`id_pdt`,`id_froid`,`poids`,`date_add`,`loma`,`user_add`) VALUES (5806 ,419 ,6584 ,2 ,"2024-08-12 08:24:42" ,1 ,1 )
2024-08-12 08:24:55;UPDATE `pe_froid` SET `temp_debut` = 2 ,`date_entree` = "2024-08-12 08:24:55" ,`id_user_debut` = 1 ,`id_user_maj` = 1  WHERE `id` = 6584
2024-08-12 08:25:01;UPDATE `pe_froid` SET `date_sortie` = "2024-08-12 08:25:01" ,`id_user_fin` = 1 ,`id_user_maj` = 1  WHERE `id` = 6584
2024-08-12 08:25:06;UPDATE `pe_froid` SET `temp_fin` = 2 ,`id_user_maj` = 1  WHERE `id` = 6584
2024-08-12 08:25:10;UPDATE `pe_froid` SET `test_avant_fe` = 1 ,`test_avant_nfe` = 1 ,`test_avant_inox` = 1  WHERE `id` = 6584
2024-08-12 08:25:13;INSERT INTO `pe_loma` (`id_lot_pdt_froid`,`test_pdt`,`commentaire`,`date_test`,`id_user_visa`) VALUES (31184 ,0 ,"" ,"2024-08-12 08:25:13" ,1 )
2024-08-12 08:25:13;INSERT INTO `pe_validations` (`type`,`id_vue`,`id_liaison`) VALUES (3 ,17 ,2890 )
2024-08-12 08:25:13;INSERT IGNORE INTO `pe_validations_lots` (`id_validation`, `id_lot`, `negoce`) VALUES  (10909, 5806, 0)
2024-08-12 08:25:17;UPDATE `pe_froid` SET `test_apres_fe` = 0 ,`test_apres_nfe` = 0 ,`test_apres_inox` = 0  WHERE `id` = 6584
2024-08-12 08:25:21;UPDATE `pe_froid` SET `statut` = 2 ,`conformite` = 1 ,`date_controle` = "2024-08-12 08:25:21" ,`id_visa_controleur` = 1  WHERE `id` = 6584
2024-08-12 08:25:21;INSERT INTO `pe_validations` (`type`,`id_vue`,`id_liaison`) VALUES (2 ,17 ,6584 )
2024-08-12 08:25:21;INSERT IGNORE INTO `pe_validations_lots` (`id_validation`, `id_lot`, `negoce`) VALUES  (10910, 5806, 0)
2024-08-12 08:26:10;UPDATE `pe_langues` SET `actif` = 1 WHERE `iso` = "FR"
2024-08-12 08:26:14;UPDATE `pe_loma` SET `id_lot_pdt_froid` = 30673 ,`test_pdt` = 0 ,`commentaire` = "" ,`date_test` = "2024-08-12 08:26:14" ,`id_user_visa` = 1  WHERE `id` = 2817
2024-08-12 08:26:14;INSERT INTO `pe_validations` (`type`,`id_vue`,`id_liaison`) VALUES (3 ,2 ,2817 )
2024-08-12 08:26:14;INSERT IGNORE INTO `pe_validations_lots` (`id_validation`, `id_lot`, `negoce`) VALUES  (10911, 5678, 0)
2024-08-12 08:37:48;UPDATE `pe_langues` SET `actif` = 1 WHERE `iso` = "FR"
2024-08-12 08:37:55;DELETE FROM `pe_pvisu_avant_points` WHERE `id_pvisu_avant` = 1093
2024-08-12 08:37:55;INSERT IGNORE INTO `pe_pvisu_avant_points` (`id_pvisu_avant`, `id_point_controle`, `etat`, `id_user`, `date`) VALUES (1093, 4, 1, 1, NOW()),(1093, 5, 1, 1, NOW()),(1093, 36, 1, 1, NOW()),(1093, 58, 1, 1, NOW()),(1093, 7, 1, 1, NOW()),(1093, 11, 1, 1, NOW()),(1093, 12, 1, 1, NOW()),(1093, 13, 1, 1, NOW()),(1093, 14, 1, 1, NOW()),(1093, 15, 1, 1, NOW()),(1093, 17, 1, 1, NOW()),(1093, 18, 1, 1, NOW()),(1093, 19, 1, 1, NOW()),(1093, 20, 1, 1, NOW()),(1093, 21, 1, 1, NOW()),(1093, 37, 1, 1, NOW()),(1093, 39, 1, 1, NOW()),(1093, 41, 1, 1, NOW()),(1093, 59, 1, 1, NOW()),(1093, 23, 1, 1, NOW()),(1093, 40, 1, 1, NOW()),(1093, 43, 1, 1, NOW()),(1093, 44, 1, 1, NOW()),(1093, 45, 1, 1, NOW()),(1093, 46, 1, 1, NOW()),(1093, 47, 1, 1, NOW()),(1093, 48, 1, 1, NOW()),(1093, 49, 1, 1, NOW()),(1093, 50, 1, 1, NOW()),(1093, 51, 1, 1, NOW()),(1093, 52, 1, 1, NOW()),(1093, 53, 1, 1, NOW()),(1093, 54, 1, 1, NOW()),(1093, 55, 1, 1, NOW())
2024-08-12 08:37:55;UPDATE `pe_pvisu_avant` SET `commentaires` = "" ,`id_user` = 1  WHERE `id` = 1093
2024-08-12 08:37:56;UPDATE `pe_langues` SET `actif` = 1 WHERE `iso` = "FR"
2024-08-12 08:38:40;INSERT INTO `pe_froid` (`supprime`,`id_type`,`statut`) VALUES (0 ,5 ,0 )
2024-08-12 08:38:40;INSERT INTO `pe_froid_produits` (`id_lot`,`id_pdt`,`id_froid`,`poids`,`date_add`,`loma`,`user_add`) VALUES (5806 ,380 ,6585 ,2 ,"2024-08-12 08:38:40" ,1 ,1 )
2024-08-12 08:57:35;UPDATE `pe_langues` SET `actif` = 1 WHERE `iso` = "FR"
2024-08-12 08:57:53;INSERT INTO `pe_froid` (`supprime`,`id_type`,`statut`) VALUES (0 ,5 ,0 )
2024-08-12 08:57:53;INSERT INTO `pe_froid_produits` (`id_lot`,`id_pdt`,`id_froid`,`poids`,`date_add`,`loma`,`user_add`) VALUES (5806 ,381 ,6586 ,2 ,"2024-08-12 08:57:53" ,1 ,1 )
2024-08-12 09:01:25;UPDATE `pe_langues` SET `actif` = 1 WHERE `iso` = "FR"
2024-08-12 09:01:31;UPDATE `pe_langues` SET `actif` = 1 WHERE `iso` = "FR"
2024-08-12 09:01:44;INSERT INTO `pe_froid` (`supprime`,`id_type`,`statut`) VALUES (0 ,5 ,0 )
2024-08-12 09:01:44;INSERT INTO `pe_froid_produits` (`id_lot`,`id_pdt`,`id_froid`,`poids`,`date_add`,`loma`,`user_add`) VALUES (5806 ,380 ,6587 ,2 ,"2024-08-12 09:01:44" ,1 ,1 )
2024-08-12 09:02:04;UPDATE `pe_langues` SET `actif` = 1 WHERE `iso` = "FR"
2024-08-12 09:02:06;UPDATE `pe_langues` SET `actif` = 1 WHERE `iso` = "FR"
2024-08-12 09:02:21;INSERT INTO `pe_froid` (`supprime`,`id_type`,`statut`) VALUES (0 ,5 ,0 )
2024-08-12 09:02:21;INSERT INTO `pe_froid_produits` (`id_lot`,`id_pdt`,`id_froid`,`poids`,`date_add`,`loma`,`user_add`) VALUES (5806 ,355 ,6588 ,2 ,"2024-08-12 09:02:21" ,1 ,1 )
2024-08-12 09:05:24;UPDATE `pe_langues` SET `actif` = 1 WHERE `iso` = "FR"
2024-08-12 09:05:39;INSERT INTO `pe_froid` (`supprime`,`id_type`,`statut`) VALUES (0 ,5 ,0 )
2024-08-12 09:05:39;INSERT INTO `pe_froid_produits` (`id_lot`,`id_pdt`,`id_froid`,`poids`,`date_add`,`loma`,`user_add`) VALUES (5806 ,361 ,6589 ,2 ,"2024-08-12 09:05:39" ,1 ,1 )
2024-08-12 09:06:32;UPDATE `pe_langues` SET `actif` = 1 WHERE `iso` = "FR"
2024-08-12 09:06:41;UPDATE `pe_loma` SET `id_lot_pdt_froid` = 30673 ,`test_pdt` = 0 ,`commentaire` = "" ,`date_test` = "2024-08-12 09:06:41" ,`id_user_visa` = 1  WHERE `id` = 2817
2024-08-12 09:06:41;INSERT INTO `pe_validations` (`type`,`id_vue`,`id_liaison`) VALUES (3 ,2 ,2817 )
2024-08-12 09:06:41;INSERT IGNORE INTO `pe_validations_lots` (`id_validation`, `id_lot`, `negoce`) VALUES  (10912, 5678, 0)
2024-08-12 09:06:48;UPDATE `pe_langues` SET `actif` = 1 WHERE `iso` = "FR"
2024-08-12 09:07:19;UPDATE `pe_langues` SET `actif` = 1 WHERE `iso` = "FR"
2024-08-12 09:07:25;UPDATE `pe_langues` SET `actif` = 1 WHERE `iso` = "FR"
2024-08-12 09:07:39;INSERT INTO `pe_froid` (`supprime`,`id_type`,`statut`) VALUES (0 ,5 ,0 )
2024-08-12 09:07:39;INSERT INTO `pe_froid_produits` (`id_lot`,`id_pdt`,`id_froid`,`poids`,`date_add`,`loma`,`user_add`) VALUES (5806 ,355 ,6590 ,2 ,"2024-08-12 09:07:39" ,1 ,1 )
2024-08-12 09:07:43;UPDATE `pe_froid` SET `temp_debut` = 2 ,`date_entree` = "2024-08-12 09:07:43" ,`id_user_debut` = 1 ,`id_user_maj` = 1  WHERE `id` = 6590
2024-08-12 09:07:46;UPDATE `pe_froid` SET `date_sortie` = "2024-08-12 09:07:45" ,`id_user_fin` = 1 ,`id_user_maj` = 1  WHERE `id` = 6590
2024-08-12 09:07:48;UPDATE `pe_froid` SET `temp_fin` = 2 ,`id_user_maj` = 1  WHERE `id` = 6590
2024-08-12 09:07:55;UPDATE `pe_froid` SET `test_avant_fe` = 1 ,`test_avant_nfe` = 1 ,`test_avant_inox` = 1  WHERE `id` = 6590
2024-08-12 09:08:35;UPDATE `pe_langues` SET `actif` = 1 WHERE `iso` = "FR"
2024-08-12 09:08:43;UPDATE `pe_langues` SET `actif` = 1 WHERE `iso` = "FR"
2024-08-12 09:09:05;UPDATE `pe_froid` SET `test_avant_fe` = 1 ,`test_avant_nfe` = 1 ,`test_avant_inox` = 1  WHERE `id` = 6551
2024-08-12 09:09:05;INSERT INTO `pe_loma` (`id_lot_pdt_froid`,`test_pdt`,`commentaire`,`date_test`,`id_user_visa`) VALUES (31151 ,0 ,"" ,"2024-08-12 09:09:05" ,1 )
2024-08-12 09:09:05;INSERT INTO `pe_validations` (`type`,`id_vue`,`id_liaison`) VALUES (3 ,2 ,2891 )
2024-08-12 09:09:05;INSERT IGNORE INTO `pe_validations_lots` (`id_validation`, `id_lot`, `negoce`) VALUES  (10913, 5782, 0)
2024-08-12 09:09:05;INSERT IGNORE INTO `pe_lot_quantieme` (`id_lot`, `quantieme`) VALUES(5782, "225")
2024-08-12 09:09:06;INSERT IGNORE INTO `pe_emballages_prod` (`id_emballage_lot`, `id_lot`, `id_froid`) VALUES (144, 5782,0),(210, 5782,0),(219, 5782,0),(231, 5782,0),(298, 5782,0),(304, 5782,0),(354, 5782,0),(382, 5782,0),(401, 5782,0),(429, 5782,0),(441, 5782,0),(444, 5782,0),(446, 5782,0),(448, 5782,0),(455, 5782,0),(457, 5782,0),(458, 5782,0)
2024-08-12 09:09:24;UPDATE `pe_langues` SET `actif` = 1 WHERE `iso` = "FR"
2024-08-12 09:09:28;UPDATE `pe_langues` SET `actif` = 1 WHERE `iso` = "FR"
2024-08-12 09:09:33;UPDATE `pe_loma` SET `id_lot_pdt_froid` = 30673 ,`test_pdt` = 0 ,`commentaire` = "" ,`date_test` = "2024-08-12 09:09:33" ,`id_user_visa` = 1  WHERE `id` = 2817
2024-08-12 09:09:33;INSERT INTO `pe_validations` (`type`,`id_vue`,`id_liaison`) VALUES (3 ,2 ,2817 )
2024-08-12 09:09:33;INSERT IGNORE INTO `pe_validations_lots` (`id_validation`, `id_lot`, `negoce`) VALUES  (10914, 5678, 0)
2024-08-12 09:10:28;UPDATE `pe_langues` SET `actif` = 1 WHERE `iso` = "FR"
2024-08-12 09:12:42;UPDATE `pe_langues` SET `actif` = 1 WHERE `iso` = "FR"
2024-08-12 09:13:03;INSERT INTO `pe_froid` (`supprime`,`id_type`,`statut`) VALUES (0 ,5 ,0 )
2024-08-12 09:13:03;INSERT INTO `pe_froid_produits` (`id_lot`,`id_pdt`,`id_froid`,`poids`,`date_add`,`loma`,`user_add`) VALUES (5806 ,361 ,6591 ,2 ,"2024-08-12 09:13:03" ,1 ,1 )
2024-08-12 09:13:07;UPDATE `pe_froid` SET `temp_debut` = 2 ,`date_entree` = "2024-08-12 09:13:07" ,`id_user_debut` = 1 ,`id_user_maj` = 1  WHERE `id` = 6591
2024-08-12 09:13:47;UPDATE `pe_langues` SET `actif` = 1 WHERE `iso` = "FR"
2024-08-12 09:13:58;INSERT INTO `pe_froid` (`supprime`,`id_type`,`statut`) VALUES (0 ,5 ,0 )
2024-08-12 09:13:58;INSERT INTO `pe_froid_produits` (`id_lot`,`id_pdt`,`id_froid`,`poids`,`date_add`,`loma`,`user_add`) VALUES (5806 ,420 ,6592 ,2 ,"2024-08-12 09:13:58" ,1 ,1 )
2024-08-12 09:14:03;UPDATE `pe_froid` SET `temp_debut` = 2 ,`date_entree` = "2024-08-12 09:14:03" ,`id_user_debut` = 1 ,`id_user_maj` = 1  WHERE `id` = 6592
2024-08-12 09:16:18;UPDATE `pe_froid` SET `date_sortie` = "2024-08-12 09:16:18" ,`id_user_fin` = 1 ,`id_user_maj` = 1  WHERE `id` = 6592
2024-08-12 09:16:21;UPDATE `pe_froid` SET `temp_fin` = 2 ,`id_user_maj` = 1  WHERE `id` = 6592
2024-08-12 09:19:56;UPDATE `pe_langues` SET `actif` = 1 WHERE `iso` = "FR"
2024-08-12 09:20:00;UPDATE `pe_loma` SET `id_lot_pdt_froid` = 30674 ,`test_pdt` = 0 ,`commentaire` = "" ,`date_test` = "2024-08-12 09:20:00" ,`id_user_visa` = 1  WHERE `id` = 2818
2024-08-12 09:20:00;INSERT INTO `pe_validations` (`type`,`id_vue`,`id_liaison`) VALUES (3 ,2 ,2818 )
2024-08-12 09:20:00;INSERT IGNORE INTO `pe_validations_lots` (`id_validation`, `id_lot`, `negoce`) VALUES  (10915, 5677, 0)
2024-08-12 09:20:00;INSERT IGNORE INTO `pe_lot_quantieme` (`id_lot`, `quantieme`) VALUES(5677, "225")
2024-08-12 09:22:17;UPDATE `pe_langues` SET `actif` = 1 WHERE `iso` = "FR"
2024-08-12 09:22:35;INSERT INTO `pe_froid` (`supprime`,`id_type`,`statut`) VALUES (0 ,5 ,0 )
2024-08-12 09:22:35;INSERT INTO `pe_froid_produits` (`id_lot`,`id_pdt`,`id_froid`,`poids`,`date_add`,`loma`,`user_add`) VALUES (5806 ,355 ,6593 ,2 ,"2024-08-12 09:22:35" ,1 ,1 )
2024-08-12 09:22:44;UPDATE `pe_froid` SET `test_avant_fe` = 1 ,`test_avant_nfe` = 1 ,`test_avant_inox` = 1  WHERE `id` = 6593
2024-08-12 09:23:37;UPDATE `pe_langues` SET `actif` = 1 WHERE `iso` = "FR"
2024-08-12 09:24:03;UPDATE `pe_langues` SET `actif` = 1 WHERE `iso` = "FR"
2024-08-12 09:27:25;INSERT INTO `pe_froid` (`supprime`,`id_type`,`statut`) VALUES (0 ,5 ,0 )
2024-08-12 09:27:25;INSERT INTO `pe_froid_produits` (`id_lot`,`id_pdt`,`id_froid`,`poids`,`date_add`,`loma`,`user_add`) VALUES (5806 ,355 ,6594 ,2 ,"2024-08-12 09:27:25" ,1 ,1 )
2024-08-12 09:27:32;UPDATE `pe_froid` SET `test_avant_fe` = 1 ,`test_avant_nfe` = 1 ,`test_avant_inox` = 1  WHERE `id` = 6594
2024-08-12 09:28:07;UPDATE `pe_langues` SET `actif` = 1 WHERE `iso` = "FR"
2024-08-12 09:28:19;UPDATE `pe_loma` SET `id_lot_pdt_froid` = 30690 ,`test_pdt` = 0 ,`commentaire` = "" ,`date_test` = "2024-08-12 09:28:19" ,`id_user_visa` = 1  WHERE `id` = 2821
2024-08-12 09:28:19;INSERT INTO `pe_validations` (`type`,`id_vue`,`id_liaison`) VALUES (3 ,2 ,2821 )
2024-08-12 09:28:19;INSERT IGNORE INTO `pe_validations_lots` (`id_validation`, `id_lot`, `negoce`) VALUES  (10916, 5693, 0)
2024-08-12 09:28:19;INSERT IGNORE INTO `pe_lot_quantieme` (`id_lot`, `quantieme`) VALUES(5693, "225")
2024-08-12 09:28:22;UPDATE `pe_langues` SET `actif` = 1 WHERE `iso` = "FR"
2024-08-12 09:28:27;UPDATE `pe_langues` SET `actif` = 1 WHERE `iso` = "FR"
2024-08-12 09:28:37;INSERT INTO `pe_froid` (`supprime`,`id_type`,`statut`) VALUES (0 ,5 ,0 )
2024-08-12 09:28:37;INSERT INTO `pe_froid_produits` (`id_lot`,`id_pdt`,`id_froid`,`poids`,`date_add`,`loma`,`user_add`) VALUES (5806 ,355 ,6595 ,2 ,"2024-08-12 09:28:37" ,1 ,1 )
2024-08-12 09:28:41;UPDATE `pe_froid` SET `test_avant_fe` = 1 ,`test_avant_nfe` = 1 ,`test_avant_inox` = 1  WHERE `id` = 6595
2024-08-12 09:29:48;UPDATE `pe_langues` SET `actif` = 1 WHERE `iso` = "FR"
2024-08-12 09:29:59;INSERT INTO `pe_froid` (`supprime`,`id_type`,`statut`) VALUES (0 ,5 ,0 )
2024-08-12 09:29:59;INSERT INTO `pe_froid_produits` (`id_lot`,`id_pdt`,`id_froid`,`poids`,`date_add`,`loma`,`user_add`) VALUES (5806 ,380 ,6596 ,2 ,"2024-08-12 09:29:59" ,1 ,1 )
2024-08-12 09:30:04;UPDATE `pe_froid` SET `test_avant_fe` = 1 ,`test_avant_nfe` = 1 ,`test_avant_inox` = 1  WHERE `id` = 6596
2024-08-12 09:30:50;UPDATE `pe_langues` SET `actif` = 1 WHERE `iso` = "FR"
2024-08-12 09:31:01;INSERT INTO `pe_froid` (`supprime`,`id_type`,`statut`) VALUES (0 ,5 ,0 )
2024-08-12 09:31:01;INSERT INTO `pe_froid_produits` (`id_lot`,`id_pdt`,`id_froid`,`poids`,`date_add`,`loma`,`user_add`) VALUES (5694 ,380 ,6597 ,2 ,"2024-08-12 09:31:01" ,1 ,1 )
2024-08-12 09:31:35;UPDATE `pe_langues` SET `actif` = 1 WHERE `iso` = "FR"
2024-08-12 09:31:42;UPDATE `pe_langues` SET `actif` = 1 WHERE `iso` = "FR"
2024-08-12 09:32:13;UPDATE `pe_froid` SET `test_avant_fe` = 0 ,`test_avant_nfe` = 0 ,`test_avant_inox` = 0  WHERE `id` = 6597
2024-08-12 09:32:56;UPDATE `pe_langues` SET `actif` = 1 WHERE `iso` = "FR"
2024-08-12 09:33:24;UPDATE `pe_langues` SET `actif` = 1 WHERE `iso` = "FR"
2024-08-12 09:33:36;UPDATE `pe_langues` SET `actif` = 1 WHERE `iso` = "FR"
2024-08-12 09:33:41;UPDATE `pe_loma` SET `id_lot_pdt_froid` = 30690 ,`test_pdt` = 0 ,`commentaire` = "" ,`date_test` = "2024-08-12 09:33:41" ,`id_user_visa` = 1  WHERE `id` = 2821
2024-08-12 09:33:41;INSERT INTO `pe_validations` (`type`,`id_vue`,`id_liaison`) VALUES (3 ,2 ,2821 )
2024-08-12 09:33:41;INSERT IGNORE INTO `pe_validations_lots` (`id_validation`, `id_lot`, `negoce`) VALUES  (10917, 5693, 0)
2024-08-12 09:33:42;INSERT IGNORE INTO `pe_lot_quantieme` (`id_lot`, `quantieme`) VALUES(5693, "225")
2024-08-12 09:33:51;UPDATE `pe_langues` SET `actif` = 1 WHERE `iso` = "FR"
2024-08-12 09:34:33;UPDATE `pe_langues` SET `actif` = 1 WHERE `iso` = "FR"
2024-08-12 09:36:42;INSERT INTO `pe_froid` (`supprime`,`id_type`,`statut`) VALUES (0 ,5 ,0 )
2024-08-12 09:36:42;INSERT INTO `pe_froid_produits` (`id_lot`,`id_pdt`,`id_froid`,`poids`,`date_add`,`loma`,`user_add`) VALUES (5806 ,380 ,6598 ,2 ,"2024-08-12 09:36:42" ,1 ,1 )
2024-08-12 09:36:51;UPDATE `pe_langues` SET `actif` = 1 WHERE `iso` = "FR"
2024-08-12 09:37:34;INSERT INTO `pe_froid` (`supprime`,`id_type`,`statut`) VALUES (0 ,5 ,0 )
2024-08-12 09:37:34;INSERT INTO `pe_froid_produits` (`id_lot`,`id_pdt`,`id_froid`,`poids`,`date_add`,`loma`,`user_add`) VALUES (5806 ,381 ,6599 ,2 ,"2024-08-12 09:37:34" ,1 ,1 )
2024-08-12 09:37:38;UPDATE `pe_langues` SET `actif` = 1 WHERE `iso` = "FR"
2024-08-12 09:38:48;UPDATE `pe_langues` SET `actif` = 1 WHERE `iso` = "FR"
2024-08-12 09:38:53;UPDATE `pe_langues` SET `actif` = 1 WHERE `iso` = "FR"
2024-08-12 09:39:15;UPDATE `pe_langues` SET `actif` = 1 WHERE `iso` = "FR"
2024-08-12 09:39:40;UPDATE `pe_langues` SET `actif` = 1 WHERE `iso` = "FR"
2024-08-12 09:39:41;UPDATE `pe_langues` SET `actif` = 1 WHERE `iso` = "FR"
2024-08-12 09:39:51;UPDATE `pe_langues` SET `actif` = 1 WHERE `iso` = "FR"
2024-08-12 09:40:00;UPDATE `pe_langues` SET `actif` = 1 WHERE `iso` = "FR"
2024-08-12 09:40:47;UPDATE `pe_langues` SET `actif` = 1 WHERE `iso` = "FR"
2024-08-12 09:40:55;UPDATE `pe_langues` SET `actif` = 1 WHERE `iso` = "FR"
2024-08-12 09:41:00;UPDATE `pe_loma` SET `id_lot_pdt_froid` = 30673 ,`test_pdt` = 0 ,`commentaire` = "" ,`date_test` = "2024-08-12 09:41:00" ,`id_user_visa` = 1  WHERE `id` = 2817
2024-08-12 09:41:00;INSERT INTO `pe_validations` (`type`,`id_vue`,`id_liaison`) VALUES (3 ,2 ,2817 )
2024-08-12 09:41:00;INSERT IGNORE INTO `pe_validations_lots` (`id_validation`, `id_lot`, `negoce`) VALUES  (10918, 5678, 0)
2024-08-12 09:41:02;UPDATE `pe_langues` SET `actif` = 1 WHERE `iso` = "FR"
2024-08-12 09:45:45;UPDATE `pe_langues` SET `actif` = 1 WHERE `iso` = "FR"
2024-08-12 09:46:06;UPDATE `pe_langues` SET `actif` = 1 WHERE `iso` = "FR"
2024-08-12 09:46:11;UPDATE `pe_langues` SET `actif` = 1 WHERE `iso` = "FR"
2024-08-12 09:46:14;UPDATE `pe_loma` SET `id_lot_pdt_froid` = 30674 ,`test_pdt` = 0 ,`commentaire` = "" ,`date_test` = "2024-08-12 09:46:14" ,`id_user_visa` = 1  WHERE `id` = 2818
2024-08-12 09:46:14;INSERT INTO `pe_validations` (`type`,`id_vue`,`id_liaison`) VALUES (3 ,2 ,2818 )
2024-08-12 09:46:14;INSERT IGNORE INTO `pe_validations_lots` (`id_validation`, `id_lot`, `negoce`) VALUES  (10919, 5677, 0)
2024-08-12 09:46:14;INSERT IGNORE INTO `pe_lot_quantieme` (`id_lot`, `quantieme`) VALUES(5677, "225")
2024-08-12 09:55:10;UPDATE `pe_langues` SET `actif` = 1 WHERE `iso` = "FR"
2024-08-12 09:55:18;UPDATE `pe_loma` SET `id_lot_pdt_froid` = 30674 ,`test_pdt` = 0 ,`commentaire` = "" ,`date_test` = "2024-08-12 09:55:18" ,`id_user_visa` = 1  WHERE `id` = 2818
2024-08-12 09:55:18;INSERT INTO `pe_validations` (`type`,`id_vue`,`id_liaison`) VALUES (3 ,2 ,2818 )
2024-08-12 09:55:18;INSERT IGNORE INTO `pe_validations_lots` (`id_validation`, `id_lot`, `negoce`) VALUES  (10920, 5677, 0)
2024-08-12 09:55:18;INSERT IGNORE INTO `pe_lot_quantieme` (`id_lot`, `quantieme`) VALUES(5677, "225")
2024-08-12 09:56:05;UPDATE `pe_langues` SET `actif` = 1 WHERE `iso` = "FR"
2024-08-12 09:56:14;UPDATE `pe_langues` SET `actif` = 1 WHERE `iso` = "FR"
2024-08-12 09:56:28;UPDATE `pe_langues` SET `actif` = 1 WHERE `iso` = "FR"
2024-08-12 09:56:52;UPDATE `pe_langues` SET `actif` = 1 WHERE `iso` = "FR"
2024-08-12 10:02:37;UPDATE `pe_langues` SET `actif` = 1 WHERE `iso` = "FR"
2024-08-12 10:02:54;UPDATE `pe_langues` SET `actif` = 1 WHERE `iso` = "FR"
2024-08-12 10:03:29;UPDATE `pe_langues` SET `actif` = 1 WHERE `iso` = "FR"
2024-08-12 10:03:36;UPDATE `pe_langues` SET `actif` = 1 WHERE `iso` = "FR"
2024-08-12 10:03:50;UPDATE `pe_langues` SET `actif` = 1 WHERE `iso` = "FR"
2024-08-12 10:04:25;UPDATE `pe_langues` SET `actif` = 1 WHERE `iso` = "FR"
2024-08-12 10:04:50;UPDATE `pe_langues` SET `actif` = 1 WHERE `iso` = "FR"
2024-08-12 10:08:44;INSERT INTO `pe_froid` (`supprime`,`id_type`,`statut`) VALUES (0 ,5 ,0 )
2024-08-12 10:08:44;INSERT INTO `pe_froid_produits` (`id_lot`,`id_pdt`,`id_froid`,`poids`,`date_add`,`loma`,`user_add`) VALUES (5677 ,380 ,6600 ,2 ,"2024-08-12 10:08:44" ,1 ,1 )
2024-08-12 10:13:27;UPDATE `pe_langues` SET `actif` = 1 WHERE `iso` = "FR"
2024-08-12 10:13:40;INSERT INTO `pe_froid` (`supprime`,`id_type`,`statut`) VALUES (0 ,5 ,0 )
2024-08-12 10:13:40;INSERT INTO `pe_froid_produits` (`id_lot`,`id_pdt`,`id_froid`,`poids`,`date_add`,`loma`,`user_add`) VALUES (5806 ,421 ,6601 ,2 ,"2024-08-12 10:13:40" ,1 ,1 )
2024-08-12 10:13:47;UPDATE `pe_langues` SET `actif` = 1 WHERE `iso` = "FR"
2024-08-12 10:13:58;INSERT INTO `pe_froid` (`supprime`,`id_type`,`statut`) VALUES (0 ,5 ,0 )
2024-08-12 10:13:58;INSERT INTO `pe_froid_produits` (`id_lot`,`id_pdt`,`id_froid`,`poids`,`date_add`,`loma`,`user_add`) VALUES (5778 ,355 ,6602 ,2 ,"2024-08-12 10:13:58" ,1 ,1 )
2024-08-12 10:16:39;UPDATE `pe_langues` SET `actif` = 1 WHERE `iso` = "FR"
2024-08-12 10:16:49;INSERT INTO `pe_froid` (`supprime`,`id_type`,`statut`) VALUES (0 ,5 ,0 )
2024-08-12 10:16:49;INSERT INTO `pe_froid_produits` (`id_lot`,`id_pdt`,`id_froid`,`poids`,`date_add`,`loma`,`user_add`) VALUES (5694 ,420 ,6603 ,2 ,"2024-08-12 10:16:49" ,1 ,1 )
2024-08-12 10:16:54;UPDATE `pe_froid` SET `test_avant_fe` = 1 ,`test_avant_nfe` = 1 ,`test_avant_inox` = 1  WHERE `id` = 6603
2024-08-12 10:17:07;UPDATE `pe_froid` SET `temp_debut` = 2 ,`date_entree` = "2024-08-12 10:17:07" ,`id_user_debut` = 1 ,`id_user_maj` = 1  WHERE `id` = 6603
2024-08-12 10:17:14;UPDATE `pe_froid` SET `date_sortie` = "2024-08-12 10:17:14" ,`id_user_fin` = 1 ,`id_user_maj` = 1  WHERE `id` = 6603
2024-08-12 10:17:17;UPDATE `pe_froid` SET `temp_fin` = 2 ,`id_user_maj` = 1  WHERE `id` = 6603
2024-08-12 10:17:20;UPDATE `pe_froid` SET `test_avant_fe` = 1 ,`test_avant_nfe` = 1 ,`test_avant_inox` = 1  WHERE `id` = 6603
2024-08-12 10:17:22;INSERT INTO `pe_loma` (`id_lot_pdt_froid`,`test_pdt`,`commentaire`,`date_test`,`id_user_visa`) VALUES (31203 ,0 ,"" ,"2024-08-12 10:17:22" ,1 )
2024-08-12 10:17:23;INSERT INTO `pe_validations` (`type`,`id_vue`,`id_liaison`) VALUES (3 ,17 ,2892 )
2024-08-12 10:17:23;INSERT IGNORE INTO `pe_validations_lots` (`id_validation`, `id_lot`, `negoce`) VALUES  (10921, 5694, 0)
2024-08-12 10:17:26;UPDATE `pe_froid` SET `test_apres_fe` = 1 ,`test_apres_nfe` = 1 ,`test_apres_inox` = 1  WHERE `id` = 6603
2024-08-12 10:17:28;UPDATE `pe_froid` SET `statut` = 2 ,`conformite` = 1 ,`date_controle` = "2024-08-12 10:17:28" ,`id_visa_controleur` = 1  WHERE `id` = 6603
2024-08-12 10:17:28;INSERT INTO `pe_validations` (`type`,`id_vue`,`id_liaison`) VALUES (2 ,17 ,6603 )
2024-08-12 10:17:28;INSERT IGNORE INTO `pe_validations_lots` (`id_validation`, `id_lot`, `negoce`) VALUES  (10922, 5694, 0)
2024-08-12 10:18:40;UPDATE `pe_langues` SET `actif` = 1 WHERE `iso` = "FR"
2024-08-12 10:18:52;UPDATE `pe_langues` SET `actif` = 1 WHERE `iso` = "FR"
2024-08-12 10:19:05;INSERT INTO `pe_froid` (`supprime`,`id_type`,`statut`) VALUES (0 ,5 ,0 )
2024-08-12 10:19:05;INSERT INTO `pe_froid_produits` (`id_lot`,`id_pdt`,`id_froid`,`poids`,`date_add`,`loma`,`user_add`) VALUES (5778 ,355 ,6604 ,2 ,"2024-08-12 10:19:05" ,1 ,1 )
2024-08-12 10:19:19;UPDATE `pe_langues` SET `actif` = 1 WHERE `iso` = "FR"
2024-08-12 10:19:30;UPDATE `pe_langues` SET `actif` = 1 WHERE `iso` = "FR"
2024-08-12 10:19:36;UPDATE `pe_loma` SET `id_lot_pdt_froid` = 30674 ,`test_pdt` = 0 ,`commentaire` = "" ,`date_test` = "2024-08-12 10:19:36" ,`id_user_visa` = 1  WHERE `id` = 2818
2024-08-12 10:19:36;INSERT INTO `pe_validations` (`type`,`id_vue`,`id_liaison`) VALUES (3 ,2 ,2818 )
2024-08-12 10:19:36;INSERT IGNORE INTO `pe_validations_lots` (`id_validation`, `id_lot`, `negoce`) VALUES  (10923, 5677, 0)
2024-08-12 10:19:36;INSERT IGNORE INTO `pe_lot_quantieme` (`id_lot`, `quantieme`) VALUES(5677, "225")
2024-08-12 10:20:02;UPDATE `pe_loma` SET `id_lot_pdt_froid` = 30674 ,`test_pdt` = 0 ,`commentaire` = "" ,`date_test` = "2024-08-12 10:20:02" ,`id_user_visa` = 1  WHERE `id` = 2818
2024-08-12 10:20:02;INSERT INTO `pe_validations` (`type`,`id_vue`,`id_liaison`) VALUES (3 ,2 ,2818 )
2024-08-12 10:20:02;INSERT IGNORE INTO `pe_validations_lots` (`id_validation`, `id_lot`, `negoce`) VALUES  (10924, 5677, 0)
2024-08-12 10:20:02;INSERT IGNORE INTO `pe_lot_quantieme` (`id_lot`, `quantieme`) VALUES(5677, "225")
2024-08-12 10:20:07;UPDATE `pe_froid` SET `test_apres_fe` = 1 ,`test_apres_nfe` = 1 ,`test_apres_inox` = 1  WHERE `id` = 6414
2024-08-12 10:20:07;UPDATE `pe_loma` SET `test_pdt` = 0 ,`commentaire` = "" ,`date_test` = "2024-08-12 10:20:07" ,`id_user_visa` = 1  WHERE `id` = 2819
2024-08-12 10:20:07;INSERT INTO `pe_validations` (`type`,`id_vue`,`id_liaison`) VALUES (3 ,2 ,2819 )
2024-08-12 10:20:07;INSERT IGNORE INTO `pe_validations_lots` (`id_validation`, `id_lot`, `negoce`) VALUES  (10925, 5677, 0)
2024-08-12 10:20:13;UPDATE `pe_loma` SET `id_lot_pdt_froid` = 30718 ,`test_pdt` = 0 ,`commentaire` = "" ,`date_test` = "2024-08-12 10:20:13" ,`id_user_visa` = 1  WHERE `id` = 2823
2024-08-12 10:20:13;INSERT INTO `pe_validations` (`type`,`id_vue`,`id_liaison`) VALUES (3 ,2 ,2823 )
2024-08-12 10:20:13;INSERT IGNORE INTO `pe_validations_lots` (`id_validation`, `id_lot`, `negoce`) VALUES  (10926, 5694, 0)
2024-08-12 10:20:13;INSERT IGNORE INTO `pe_lot_quantieme` (`id_lot`, `quantieme`) VALUES(5694, "225")
2024-08-12 10:23:17;UPDATE `pe_langues` SET `actif` = 1 WHERE `iso` = "FR"
2024-08-12 10:23:26;INSERT INTO `pe_froid` (`supprime`,`id_type`,`statut`) VALUES (0 ,5 ,0 )
2024-08-12 10:23:26;INSERT INTO `pe_froid_produits` (`id_lot`,`id_pdt`,`id_froid`,`poids`,`date_add`,`loma`,`user_add`) VALUES (5694 ,421 ,6605 ,2 ,"2024-08-12 10:23:26" ,1 ,1 )
2024-08-12 10:29:15;UPDATE `pe_froid` SET `test_avant_fe` = 1 ,`test_avant_nfe` = 1 ,`test_avant_inox` = 1  WHERE `id` = 6605
2024-08-12 10:29:18;UPDATE `pe_froid` SET `temp_debut` = 2 ,`date_entree` = "2024-08-12 10:29:18" ,`id_user_debut` = 1 ,`id_user_maj` = 1  WHERE `id` = 6605
2024-08-12 10:29:32;INSERT INTO `pe_froid` (`supprime`,`id_type`,`statut`) VALUES (0 ,5 ,0 )
2024-08-12 10:29:32;INSERT INTO `pe_froid_produits` (`id_lot`,`id_pdt`,`id_froid`,`poids`,`date_add`,`loma`,`user_add`) VALUES (5806 ,421 ,6606 ,2 ,"2024-08-12 10:29:32" ,1 ,1 )
2024-08-12 10:30:03;UPDATE `pe_froid_produits` SET `poids` = 4  WHERE `id_lot_pdt_froid` = 31206
2024-08-12 10:31:57;UPDATE `pe_langues` SET `actif` = 1 WHERE `iso` = "FR"
2024-08-12 10:32:00;UPDATE `pe_langues` SET `actif` = 1 WHERE `iso` = "FR"
2024-08-12 10:32:04;UPDATE `pe_loma` SET `id_lot_pdt_froid` = 30674 ,`test_pdt` = 0 ,`commentaire` = "" ,`date_test` = "2024-08-12 10:32:04" ,`id_user_visa` = 1  WHERE `id` = 2818
2024-08-12 10:32:04;INSERT INTO `pe_validations` (`type`,`id_vue`,`id_liaison`) VALUES (3 ,2 ,2818 )
2024-08-12 10:32:04;INSERT IGNORE INTO `pe_validations_lots` (`id_validation`, `id_lot`, `negoce`) VALUES  (10927, 5677, 0)
2024-08-12 10:32:04;INSERT IGNORE INTO `pe_lot_quantieme` (`id_lot`, `quantieme`) VALUES(5677, "225")
2024-08-12 10:32:11;UPDATE `pe_langues` SET `actif` = 1 WHERE `iso` = "FR"
2024-08-12 10:40:20;UPDATE `pe_langues` SET `actif` = 1 WHERE `iso` = "FR"
2024-08-12 10:40:26;UPDATE `pe_loma` SET `id_lot_pdt_froid` = 30690 ,`test_pdt` = 0 ,`commentaire` = "" ,`date_test` = "2024-08-12 10:40:26" ,`id_user_visa` = 1  WHERE `id` = 2821
2024-08-12 10:40:26;INSERT INTO `pe_validations` (`type`,`id_vue`,`id_liaison`) VALUES (3 ,2 ,2821 )
2024-08-12 10:40:26;INSERT IGNORE INTO `pe_validations_lots` (`id_validation`, `id_lot`, `negoce`) VALUES  (10928, 5693, 0)
2024-08-12 10:40:26;INSERT IGNORE INTO `pe_lot_quantieme` (`id_lot`, `quantieme`) VALUES(5693, "225")
2024-08-12 10:40:28;UPDATE `pe_langues` SET `actif` = 1 WHERE `iso` = "FR"
2024-08-12 10:41:24;UPDATE `pe_langues` SET `actif` = 1 WHERE `iso` = "FR"
2024-08-12 10:42:00;UPDATE `pe_loma` SET `id_lot_pdt_froid` = 30690 ,`test_pdt` = 0 ,`commentaire` = "" ,`date_test` = "2024-08-12 10:42:00" ,`id_user_visa` = 1  WHERE `id` = 2821
2024-08-12 10:42:00;INSERT INTO `pe_validations` (`type`,`id_vue`,`id_liaison`) VALUES (3 ,2 ,2821 )
2024-08-12 10:42:00;INSERT IGNORE INTO `pe_validations_lots` (`id_validation`, `id_lot`, `negoce`) VALUES  (10929, 5693, 0)
2024-08-12 10:42:00;INSERT IGNORE INTO `pe_lot_quantieme` (`id_lot`, `quantieme`) VALUES(5693, "225")
2024-08-12 10:42:06;UPDATE `pe_langues` SET `actif` = 1 WHERE `iso` = "FR"
2024-08-12 10:52:39;UPDATE `pe_langues` SET `actif` = 1 WHERE `iso` = "FR"
2024-08-12 10:52:50;INSERT INTO `pe_froid` (`supprime`,`id_type`,`statut`) VALUES (0 ,5 ,0 )
2024-08-12 10:52:50;INSERT INTO `pe_froid_produits` (`id_lot`,`id_pdt`,`id_froid`,`poids`,`date_add`,`loma`,`user_add`) VALUES (5694 ,355 ,6607 ,2 ,"2024-08-12 10:52:50" ,1 ,1 )
2024-08-12 10:54:19;UPDATE `pe_langues` SET `actif` = 1 WHERE `iso` = "FR"
2024-08-12 10:54:30;INSERT INTO `pe_froid` (`supprime`,`id_type`,`statut`) VALUES (0 ,5 ,0 )
2024-08-12 10:54:30;INSERT INTO `pe_froid_produits` (`id_lot`,`id_pdt`,`id_froid`,`poids`,`date_add`,`loma`,`user_add`) VALUES (0 ,0 ,6608 ,2 ,"2024-08-12 10:54:30" ,1 ,1 )
2024-08-12 10:54:38;UPDATE `pe_langues` SET `actif` = 1 WHERE `iso` = "FR"
2024-08-12 10:54:48;INSERT INTO `pe_froid` (`supprime`,`id_type`,`statut`) VALUES (0 ,5 ,0 )
2024-08-12 10:54:48;INSERT INTO `pe_froid_produits` (`id_lot`,`id_pdt`,`id_froid`,`poids`,`date_add`,`loma`,`user_add`) VALUES (5717 ,420 ,6609 ,2 ,"2024-08-12 10:54:48" ,1 ,1 )
2024-08-12 10:55:51;UPDATE `pe_langues` SET `actif` = 1 WHERE `iso` = "FR"
2024-08-12 10:56:11;INSERT INTO `pe_froid` (`supprime`,`id_type`,`statut`) VALUES (0 ,5 ,0 )
2024-08-12 10:56:11;INSERT INTO `pe_froid_produits` (`id_lot`,`id_pdt`,`id_froid`,`poids`,`date_add`,`loma`,`user_add`) VALUES (5694 ,355 ,6610 ,2 ,"2024-08-12 10:56:11" ,1 ,1 )
2024-08-12 10:56:31;UPDATE `pe_langues` SET `actif` = 1 WHERE `iso` = "FR"
2024-08-12 10:56:42;UPDATE `pe_froid` SET `test_avant_fe` = 1 ,`test_avant_nfe` = 1 ,`test_avant_inox` = 1  WHERE `id` = 6610
2024-08-12 10:56:45;UPDATE `pe_loma` SET `id_lot_pdt_froid` = 30690 ,`test_pdt` = 0 ,`commentaire` = "" ,`date_test` = "2024-08-12 10:56:45" ,`id_user_visa` = 1  WHERE `id` = 2821
2024-08-12 10:56:45;INSERT INTO `pe_validations` (`type`,`id_vue`,`id_liaison`) VALUES (3 ,2 ,2821 )
2024-08-12 10:56:45;INSERT IGNORE INTO `pe_validations_lots` (`id_validation`, `id_lot`, `negoce`) VALUES  (10930, 5693, 0)
2024-08-12 10:56:45;UPDATE `pe_froid` SET `temp_debut` = 2 ,`date_entree` = "2024-08-12 10:56:45" ,`id_user_debut` = 1 ,`id_user_maj` = 1  WHERE `id` = 6610
2024-08-12 10:56:45;INSERT IGNORE INTO `pe_lot_quantieme` (`id_lot`, `quantieme`) VALUES(5693, "225")
2024-08-12 10:56:57;UPDATE `pe_loma` SET `id_lot_pdt_froid` = 30690 ,`test_pdt` = 0 ,`commentaire` = "" ,`date_test` = "2024-08-12 10:56:57" ,`id_user_visa` = 1  WHERE `id` = 2821
2024-08-12 10:56:57;INSERT INTO `pe_validations` (`type`,`id_vue`,`id_liaison`) VALUES (3 ,2 ,2821 )
2024-08-12 10:56:57;INSERT IGNORE INTO `pe_validations_lots` (`id_validation`, `id_lot`, `negoce`) VALUES  (10931, 5693, 0)
2024-08-12 10:56:57;INSERT IGNORE INTO `pe_lot_quantieme` (`id_lot`, `quantieme`) VALUES(5693, "225")
2024-08-12 10:57:04;INSERT INTO `pe_froid` (`supprime`,`id_type`,`statut`) VALUES (0 ,5 ,0 )
2024-08-12 10:57:04;INSERT INTO `pe_froid_produits` (`id_lot`,`id_pdt`,`id_froid`,`poids`,`date_add`,`loma`,`user_add`) VALUES (5806 ,355 ,6611 ,2 ,"2024-08-12 10:57:04" ,1 ,1 )
2024-08-12 10:57:40;UPDATE `pe_froid` SET `test_avant_fe` = 1 ,`test_avant_nfe` = 1 ,`test_avant_inox` = 1  WHERE `id` = 6611
2024-08-12 10:57:42;UPDATE `pe_froid` SET `temp_debut` = 2 ,`date_entree` = "2024-08-12 10:57:42" ,`id_user_debut` = 1 ,`id_user_maj` = 1  WHERE `id` = 6611
2024-08-12 10:57:46;UPDATE `pe_langues` SET `actif` = 1 WHERE `iso` = "FR"
2024-08-12 10:57:49;UPDATE `pe_langues` SET `actif` = 1 WHERE `iso` = "FR"
2024-08-12 10:57:53;UPDATE `pe_loma` SET `id_lot_pdt_froid` = 30690 ,`test_pdt` = 0 ,`commentaire` = "" ,`date_test` = "2024-08-12 10:57:53" ,`id_user_visa` = 1  WHERE `id` = 2821
2024-08-12 10:57:53;INSERT INTO `pe_validations` (`type`,`id_vue`,`id_liaison`) VALUES (3 ,2 ,2821 )
2024-08-12 10:57:53;INSERT IGNORE INTO `pe_validations_lots` (`id_validation`, `id_lot`, `negoce`) VALUES  (10932, 5693, 0)
2024-08-12 10:57:53;INSERT IGNORE INTO `pe_lot_quantieme` (`id_lot`, `quantieme`) VALUES(5693, "225")
2024-08-12 10:57:55;UPDATE `pe_langues` SET `actif` = 1 WHERE `iso` = "FR"
2024-08-12 10:57:58;INSERT INTO `pe_froid` (`supprime`,`id_type`,`statut`) VALUES (0 ,5 ,0 )
2024-08-12 10:57:58;INSERT INTO `pe_froid_produits` (`id_lot`,`id_pdt`,`id_froid`,`poids`,`date_add`,`loma`,`user_add`) VALUES (5806 ,355 ,6612 ,2 ,"2024-08-12 10:57:58" ,1 ,1 )
2024-08-12 11:02:21;UPDATE `pe_langues` SET `actif` = 1 WHERE `iso` = "FR"
2024-08-12 11:02:25;UPDATE `pe_loma` SET `id_lot_pdt_froid` = 30673 ,`test_pdt` = 0 ,`commentaire` = "" ,`date_test` = "2024-08-12 11:02:25" ,`id_user_visa` = 1  WHERE `id` = 2817
2024-08-12 11:02:25;INSERT INTO `pe_validations` (`type`,`id_vue`,`id_liaison`) VALUES (3 ,2 ,2817 )
2024-08-12 11:02:25;INSERT IGNORE INTO `pe_validations_lots` (`id_validation`, `id_lot`, `negoce`) VALUES  (10933, 5678, 0)
2024-08-12 11:02:27;UPDATE `pe_langues` SET `actif` = 1 WHERE `iso` = "FR"
2024-08-12 11:04:34;UPDATE `pe_langues` SET `actif` = 1 WHERE `iso` = "FR"
2024-08-12 11:05:02;UPDATE `pe_langues` SET `actif` = 1 WHERE `iso` = "FR"
2024-08-12 11:05:12;UPDATE `pe_loma` SET `id_lot_pdt_froid` = 30690 ,`test_pdt` = 0 ,`commentaire` = "" ,`date_test` = "2024-08-12 11:05:12" ,`id_user_visa` = 1  WHERE `id` = 2821
2024-08-12 11:05:12;INSERT INTO `pe_validations` (`type`,`id_vue`,`id_liaison`) VALUES (3 ,2 ,2821 )
2024-08-12 11:05:12;INSERT IGNORE INTO `pe_validations_lots` (`id_validation`, `id_lot`, `negoce`) VALUES  (10934, 5693, 0)
2024-08-12 11:05:12;INSERT IGNORE INTO `pe_lot_quantieme` (`id_lot`, `quantieme`) VALUES(5693, "225")
2024-08-12 11:05:44;UPDATE `pe_langues` SET `actif` = 1 WHERE `iso` = "FR"
2024-08-12 11:05:54;UPDATE `pe_loma` SET `id_lot_pdt_froid` = 30690 ,`test_pdt` = 0 ,`commentaire` = "" ,`date_test` = "2024-08-12 11:05:54" ,`id_user_visa` = 1  WHERE `id` = 2821
2024-08-12 11:05:54;INSERT INTO `pe_validations` (`type`,`id_vue`,`id_liaison`) VALUES (3 ,2 ,2821 )
2024-08-12 11:05:54;INSERT IGNORE INTO `pe_validations_lots` (`id_validation`, `id_lot`, `negoce`) VALUES  (10935, 5693, 0)
2024-08-12 11:05:54;INSERT IGNORE INTO `pe_lot_quantieme` (`id_lot`, `quantieme`) VALUES(5693, "225")
2024-08-12 11:05:57;UPDATE `pe_langues` SET `actif` = 1 WHERE `iso` = "FR"
2024-08-12 11:07:29;UPDATE `pe_langues` SET `actif` = 1 WHERE `iso` = "FR"
2024-08-12 11:08:37;UPDATE `pe_loma` SET `id_lot_pdt_froid` = 30690 ,`test_pdt` = 0 ,`commentaire` = "" ,`date_test` = "2024-08-12 11:08:37" ,`id_user_visa` = 1  WHERE `id` = 2821
2024-08-12 11:08:37;INSERT INTO `pe_validations` (`type`,`id_vue`,`id_liaison`) VALUES (3 ,2 ,2821 )
2024-08-12 11:08:37;INSERT IGNORE INTO `pe_validations_lots` (`id_validation`, `id_lot`, `negoce`) VALUES  (10936, 5693, 0)
2024-08-12 11:08:37;INSERT IGNORE INTO `pe_lot_quantieme` (`id_lot`, `quantieme`) VALUES(5693, "225")
2024-08-12 11:08:41;UPDATE `pe_langues` SET `actif` = 1 WHERE `iso` = "FR"
2024-08-12 11:08:46;UPDATE `pe_langues` SET `actif` = 1 WHERE `iso` = "FR"
2024-08-12 11:08:54;INSERT INTO `pe_froid` (`supprime`,`id_type`,`statut`) VALUES (0 ,5 ,0 )
2024-08-12 11:08:54;INSERT INTO `pe_froid_produits` (`id_lot`,`id_pdt`,`id_froid`,`poids`,`date_add`,`loma`,`user_add`) VALUES (5694 ,355 ,6613 ,2 ,"2024-08-12 11:08:54" ,1 ,1 )
2024-08-12 11:08:57;UPDATE `pe_langues` SET `actif` = 1 WHERE `iso` = "FR"
2024-08-12 11:11:54;UPDATE `pe_langues` SET `actif` = 1 WHERE `iso` = "FR"
2024-08-12 11:11:58;UPDATE `pe_loma` SET `id_lot_pdt_froid` = 30690 ,`test_pdt` = 0 ,`commentaire` = "" ,`date_test` = "2024-08-12 11:11:58" ,`id_user_visa` = 1  WHERE `id` = 2821
2024-08-12 11:11:58;INSERT INTO `pe_validations` (`type`,`id_vue`,`id_liaison`) VALUES (3 ,2 ,2821 )
2024-08-12 11:11:58;INSERT IGNORE INTO `pe_validations_lots` (`id_validation`, `id_lot`, `negoce`) VALUES  (10937, 5693, 0)
2024-08-12 11:11:58;INSERT IGNORE INTO `pe_lot_quantieme` (`id_lot`, `quantieme`) VALUES(5693, "225")
2024-08-12 11:13:15;UPDATE `pe_langues` SET `actif` = 1 WHERE `iso` = "FR"
2024-08-12 11:13:19;UPDATE `pe_loma` SET `id_lot_pdt_froid` = 30690 ,`test_pdt` = 0 ,`commentaire` = "" ,`date_test` = "2024-08-12 11:13:19" ,`id_user_visa` = 1  WHERE `id` = 2821
2024-08-12 11:13:19;INSERT INTO `pe_validations` (`type`,`id_vue`,`id_liaison`) VALUES (3 ,2 ,2821 )
2024-08-12 11:13:19;INSERT IGNORE INTO `pe_validations_lots` (`id_validation`, `id_lot`, `negoce`) VALUES  (10938, 5693, 0)
2024-08-12 11:13:20;INSERT IGNORE INTO `pe_lot_quantieme` (`id_lot`, `quantieme`) VALUES(5693, "225")
2024-08-12 11:13:22;UPDATE `pe_langues` SET `actif` = 1 WHERE `iso` = "FR"
2024-08-12 11:14:52;UPDATE `pe_langues` SET `actif` = 1 WHERE `iso` = "FR"
2024-08-12 11:14:54;UPDATE `pe_langues` SET `actif` = 1 WHERE `iso` = "FR"
2024-08-12 11:15:03;INSERT INTO `pe_froid` (`supprime`,`id_type`,`statut`) VALUES (0 ,5 ,0 )
2024-08-12 11:15:03;UPDATE `pe_loma` SET `id_lot_pdt_froid` = 30690 ,`test_pdt` = 0 ,`commentaire` = "" ,`date_test` = "2024-08-12 11:15:03" ,`id_user_visa` = 1  WHERE `id` = 2821
2024-08-12 11:15:03;INSERT INTO `pe_froid_produits` (`id_lot`,`id_pdt`,`id_froid`,`poids`,`date_add`,`loma`,`user_add`) VALUES (5778 ,355 ,6614 ,2 ,"2024-08-12 11:15:03" ,1 ,1 )
2024-08-12 11:15:03;INSERT INTO `pe_validations` (`type`,`id_vue`,`id_liaison`) VALUES (3 ,2 ,2821 )
2024-08-12 11:15:03;INSERT IGNORE INTO `pe_validations_lots` (`id_validation`, `id_lot`, `negoce`) VALUES  (10939, 5693, 0)
2024-08-12 11:15:03;INSERT IGNORE INTO `pe_lot_quantieme` (`id_lot`, `quantieme`) VALUES(5693, "225")
2024-08-12 11:16:18;UPDATE `pe_langues` SET `actif` = 1 WHERE `iso` = "FR"
2024-08-12 11:16:26;INSERT INTO `pe_froid` (`supprime`,`id_type`,`statut`) VALUES (0 ,5 ,0 )
2024-08-12 11:16:26;INSERT INTO `pe_froid_produits` (`id_lot`,`id_pdt`,`id_froid`,`poids`,`date_add`,`loma`,`user_add`) VALUES (5694 ,422 ,6615 ,2 ,"2024-08-12 11:16:26" ,1 ,1 )
2024-08-12 11:18:08;UPDATE `pe_langues` SET `actif` = 1 WHERE `iso` = "FR"
2024-08-12 11:18:27;INSERT INTO `pe_froid` (`supprime`,`id_type`,`statut`) VALUES (0 ,5 ,0 )
2024-08-12 11:18:27;INSERT INTO `pe_froid_produits` (`id_lot`,`id_pdt`,`id_froid`,`poids`,`date_add`,`loma`,`user_add`) VALUES (5802 ,421 ,6616 ,2 ,"2024-08-12 11:18:27" ,1 ,1 )
2024-08-12 11:21:10;UPDATE `pe_langues` SET `actif` = 1 WHERE `iso` = "FR"
2024-08-12 11:21:19;UPDATE `pe_loma` SET `id_lot_pdt_froid` = 30690 ,`test_pdt` = 0 ,`commentaire` = "" ,`date_test` = "2024-08-12 11:21:19" ,`id_user_visa` = 1  WHERE `id` = 2821
2024-08-12 11:21:19;INSERT INTO `pe_validations` (`type`,`id_vue`,`id_liaison`) VALUES (3 ,2 ,2821 )
2024-08-12 11:21:19;INSERT IGNORE INTO `pe_validations_lots` (`id_validation`, `id_lot`, `negoce`) VALUES  (10940, 5693, 0)
2024-08-12 11:21:19;INSERT IGNORE INTO `pe_lot_quantieme` (`id_lot`, `quantieme`) VALUES(5693, "225")
2024-08-12 11:21:22;UPDATE `pe_langues` SET `actif` = 1 WHERE `iso` = "FR"
2024-08-12 11:21:29;UPDATE `pe_langues` SET `actif` = 1 WHERE `iso` = "FR"
2024-08-12 11:21:35;UPDATE `pe_langues` SET `actif` = 1 WHERE `iso` = "FR"
2024-08-12 11:22:04;UPDATE `pe_loma` SET `id_lot_pdt_froid` = 30690 ,`test_pdt` = 0 ,`commentaire` = "" ,`date_test` = "2024-08-12 11:22:04" ,`id_user_visa` = 1  WHERE `id` = 2821
2024-08-12 11:22:04;INSERT INTO `pe_validations` (`type`,`id_vue`,`id_liaison`) VALUES (3 ,2 ,2821 )
2024-08-12 11:22:04;INSERT IGNORE INTO `pe_validations_lots` (`id_validation`, `id_lot`, `negoce`) VALUES  (10941, 5693, 0)
2024-08-12 11:22:04;INSERT IGNORE INTO `pe_lot_quantieme` (`id_lot`, `quantieme`) VALUES(5693, "225")
2024-08-12 11:22:12;UPDATE `pe_langues` SET `actif` = 1 WHERE `iso` = "FR"
2024-08-12 11:22:55;UPDATE `pe_langues` SET `actif` = 1 WHERE `iso` = "FR"
2024-08-12 11:23:04;INSERT INTO `pe_froid` (`supprime`,`id_type`,`statut`) VALUES (0 ,5 ,0 )
2024-08-12 11:23:04;INSERT INTO `pe_froid_produits` (`id_lot`,`id_pdt`,`id_froid`,`poids`,`date_add`,`loma`,`user_add`) VALUES (5694 ,355 ,6617 ,2 ,"2024-08-12 11:23:04" ,1 ,1 )
2024-08-12 11:23:47;UPDATE `pe_langues` SET `actif` = 1 WHERE `iso` = "FR"
2024-08-12 11:25:13;UPDATE `pe_langues` SET `actif` = 1 WHERE `iso` = "FR"
2024-08-12 11:26:01;UPDATE `pe_langues` SET `actif` = 1 WHERE `iso` = "FR"
2024-08-12 11:26:17;INSERT INTO `pe_froid` (`supprime`,`id_type`,`statut`) VALUES (0 ,5 ,0 )
2024-08-12 11:26:17;INSERT INTO `pe_froid_produits` (`id_lot`,`id_pdt`,`id_froid`,`poids`,`date_add`,`loma`,`user_add`) VALUES (5806 ,355 ,6618 ,2 ,"2024-08-12 11:26:17" ,1 ,1 )
2024-08-12 11:26:33;INSERT INTO `pe_froid_produits` (`id_lot`,`id_pdt`,`id_froid`,`poids`,`loma`,`date_add`,`user_add`) VALUES (5694 ,420 ,6618 ,2 ,1 ,"2024-08-12 11:26:33" ,1 )
2024-08-12 11:32:33;UPDATE `pe_langues` SET `actif` = 1 WHERE `iso` = "FR"
2024-08-12 11:32:41;UPDATE `pe_langues` SET `actif` = 1 WHERE `iso` = "FR"
2024-08-12 11:32:52;INSERT INTO `pe_froid` (`supprime`,`id_type`,`statut`) VALUES (0 ,5 ,0 )
2024-08-12 11:32:52;INSERT INTO `pe_froid_produits` (`id_lot`,`id_pdt`,`id_froid`,`poids`,`date_add`,`loma`,`user_add`) VALUES (5778 ,355 ,6619 ,2 ,"2024-08-12 11:32:52" ,1 ,1 )
2024-08-12 11:32:57;UPDATE `pe_froid` SET `test_avant_fe` = 1 ,`test_avant_nfe` = 1 ,`test_avant_inox` = 1  WHERE `id` = 6619
2024-08-12 11:33:06;UPDATE `pe_froid` SET `temp_debut` = 2 ,`date_entree` = "2024-08-12 11:33:06" ,`id_user_debut` = 1 ,`id_user_maj` = 1  WHERE `id` = 6619
2024-08-12 11:33:14;UPDATE `pe_froid` SET `date_sortie` = "2024-08-12 11:33:14" ,`id_user_fin` = 1 ,`id_user_maj` = 1  WHERE `id` = 6619
2024-08-12 11:33:16;UPDATE `pe_langues` SET `actif` = 1 WHERE `iso` = "FR"
2024-08-12 11:33:18;UPDATE `pe_froid` SET `temp_fin` = 2 ,`id_user_maj` = 1  WHERE `id` = 6619
2024-08-12 11:33:23;UPDATE `pe_froid` SET `test_avant_fe` = 1 ,`test_avant_nfe` = 1 ,`test_avant_inox` = 1  WHERE `id` = 6619
2024-08-12 11:33:26;UPDATE `pe_loma` SET `id_lot_pdt_froid` = 30818 ,`test_pdt` = 0 ,`commentaire` = "" ,`date_test` = "2024-08-12 11:33:26" ,`id_user_visa` = 1  WHERE `id` = 2837
2024-08-12 11:33:26;INSERT INTO `pe_validations` (`type`,`id_vue`,`id_liaison`) VALUES (3 ,2 ,2837 )
2024-08-12 11:33:26;INSERT IGNORE INTO `pe_validations_lots` (`id_validation`, `id_lot`, `negoce`) VALUES  (10942, 5753, 0)
2024-08-12 11:33:26;INSERT IGNORE INTO `pe_lot_quantieme` (`id_lot`, `quantieme`) VALUES(5753, "225")
2024-08-12 11:33:29;INSERT INTO `pe_loma` (`id_lot_pdt_froid`,`test_pdt`,`commentaire`,`date_test`,`id_user_visa`) VALUES (31220 ,0 ,"" ,"2024-08-12 11:33:29" ,1 )
2024-08-12 11:33:29;INSERT INTO `pe_validations` (`type`,`id_vue`,`id_liaison`) VALUES (3 ,17 ,2893 )
2024-08-12 11:33:29;INSERT IGNORE INTO `pe_validations_lots` (`id_validation`, `id_lot`, `negoce`) VALUES  (10943, 5778, 0)
2024-08-12 11:33:33;UPDATE `pe_froid` SET `test_apres_fe` = 1 ,`test_apres_nfe` = 1 ,`test_apres_inox` = 1  WHERE `id` = 6619
2024-08-12 11:33:35;INSERT INTO `pe_froid` (`id_type`,`id_user_maj`,`date_entree`) VALUES (6 ,1 ,"2024-08-12 11:33:35" )
2024-08-12 11:33:35;INSERT IGNORE INTO `pe_lot_vues` (`id_lot`, `id_vue`, `date_entree`) VALUES (5753, 2, "2024-08-12 11:33:35")
2024-08-12 11:33:35;INSERT IGNORE INTO `pe_lot_quantieme` (`id_lot`, `quantieme`) VALUES(5753, "225")
2024-08-12 11:33:35;INSERT INTO `pe_froid_produits` (`id_lot`,`id_pdt`,`id_froid`,`id_palette`,`quantieme`,`date_add`,`user_add`) VALUES (5753 ,489 ,6620 ,0 ,"" ,"2024-08-12 11:33:35" ,1 )
2024-08-12 11:33:35;UPDATE `pe_lots` SET `date_maj` = "2024-08-12 11:33:35"  WHERE `id` = 5753
2024-08-12 11:33:35;UPDATE `pe_froid_produits` SET `id_lot` = 5753 ,`id_pdt` = 489 ,`id_froid` = 6620 ,`id_palette` = 0 ,`quantieme` = "" ,`date_add` = "2024-08-12 11:33:35" ,`user_add` = 1 ,`poids` = 0 ,`nb_colis` = 0  WHERE `id_lot_pdt_froid` = 31221
2024-08-12 11:33:36;UPDATE `pe_langues` SET `actif` = 1 WHERE `iso` = "FR"
2024-08-12 11:33:37;UPDATE `pe_froid` SET `statut` = 2 ,`conformite` = 1 ,`date_controle` = "2024-08-12 11:33:37" ,`id_visa_controleur` = 1  WHERE `id` = 6619
2024-08-12 11:33:37;INSERT INTO `pe_validations` (`type`,`id_vue`,`id_liaison`) VALUES (2 ,17 ,6619 )
2024-08-12 11:33:37;INSERT IGNORE INTO `pe_validations_lots` (`id_validation`, `id_lot`, `negoce`) VALUES  (10944, 5778, 0)
2024-08-12 11:33:43;UPDATE `pe_langues` SET `actif` = 1 WHERE `iso` = "FR"
2024-08-12 11:33:50;UPDATE `pe_langues` SET `actif` = 1 WHERE `iso` = "FR"
2024-08-12 11:33:54;UPDATE `pe_loma` SET `id_lot_pdt_froid` = 30674 ,`test_pdt` = 0 ,`commentaire` = "" ,`date_test` = "2024-08-12 11:33:54" ,`id_user_visa` = 1  WHERE `id` = 2818
2024-08-12 11:33:54;INSERT INTO `pe_validations` (`type`,`id_vue`,`id_liaison`) VALUES (3 ,2 ,2818 )
2024-08-12 11:33:54;INSERT IGNORE INTO `pe_validations_lots` (`id_validation`, `id_lot`, `negoce`) VALUES  (10945, 5677, 0)
2024-08-12 11:33:54;INSERT IGNORE INTO `pe_lot_quantieme` (`id_lot`, `quantieme`) VALUES(5677, "225")
2024-08-12 11:34:00;INSERT INTO `pe_froid` (`supprime`,`id_type`,`statut`) VALUES (0 ,5 ,0 )
2024-08-12 11:34:00;INSERT INTO `pe_froid_produits` (`id_lot`,`id_pdt`,`id_froid`,`poids`,`date_add`,`loma`,`user_add`) VALUES (5806 ,355 ,6621 ,2 ,"2024-08-12 11:34:00" ,1 ,1 )
2024-08-12 11:34:03;UPDATE `pe_langues` SET `actif` = 1 WHERE `iso` = "FR"
2024-08-12 11:34:16;UPDATE `pe_langues` SET `actif` = 1 WHERE `iso` = "FR"
2024-08-12 11:34:25;UPDATE `pe_langues` SET `actif` = 1 WHERE `iso` = "FR"
2024-08-12 11:34:32;INSERT INTO `pe_froid` (`supprime`,`id_type`,`statut`) VALUES (0 ,5 ,0 )
2024-08-12 11:34:32;INSERT INTO `pe_froid_produits` (`id_lot`,`id_pdt`,`id_froid`,`poids`,`date_add`,`loma`,`user_add`) VALUES (5806 ,355 ,6622 ,2 ,"2024-08-12 11:34:32" ,1 ,1 )
2024-08-12 11:34:58;UPDATE `pe_loma` SET `id_lot_pdt_froid` = 30717 ,`test_pdt` = 0 ,`commentaire` = "" ,`date_test` = "2024-08-12 11:34:58" ,`id_user_visa` = 1  WHERE `id` = 2822
2024-08-12 11:34:58;INSERT INTO `pe_validations` (`type`,`id_vue`,`id_liaison`) VALUES (3 ,2 ,2822 )
2024-08-12 11:34:58;INSERT IGNORE INTO `pe_validations_lots` (`id_validation`, `id_lot`, `negoce`) VALUES  (10946, 5695, 0)
2024-08-12 11:35:16;UPDATE `pe_langues` SET `actif` = 1 WHERE `iso` = "FR"
2024-08-12 11:35:36;UPDATE `pe_langues` SET `actif` = 1 WHERE `iso` = "FR"
2024-08-12 11:35:39;UPDATE `pe_langues` SET `actif` = 1 WHERE `iso` = "FR"
2024-08-12 11:35:47;INSERT INTO `pe_froid` (`supprime`,`id_type`,`statut`) VALUES (0 ,5 ,0 )
2024-08-12 11:35:47;INSERT INTO `pe_froid_produits` (`id_lot`,`id_pdt`,`id_froid`,`poids`,`date_add`,`loma`,`user_add`) VALUES (5694 ,422 ,6623 ,2 ,"2024-08-12 11:35:47" ,1 ,1 )
2024-08-12 11:35:51;UPDATE `pe_loma` SET `id_lot_pdt_froid` = 31163 ,`test_pdt` = 0 ,`commentaire` = "" ,`date_test` = "2024-08-12 11:35:51" ,`id_user_visa` = 1  WHERE `id` = 2874
2024-08-12 11:35:51;INSERT INTO `pe_validations` (`type`,`id_vue`,`id_liaison`) VALUES (3 ,2 ,2874 )
2024-08-12 11:35:51;INSERT IGNORE INTO `pe_validations_lots` (`id_validation`, `id_lot`, `negoce`) VALUES  (10947, 5796, 0)
2024-08-12 11:35:53;UPDATE `pe_langues` SET `actif` = 1 WHERE `iso` = "FR"
2024-08-12 11:40:31;UPDATE `pe_langues` SET `actif` = 1 WHERE `iso` = "FR"
2024-08-12 11:40:49;UPDATE `pe_loma` SET `id_lot_pdt_froid` = 30690 ,`test_pdt` = 0 ,`commentaire` = "" ,`date_test` = "2024-08-12 11:40:49" ,`id_user_visa` = 1  WHERE `id` = 2821
2024-08-12 11:40:49;INSERT INTO `pe_validations` (`type`,`id_vue`,`id_liaison`) VALUES (3 ,2 ,2821 )
2024-08-12 11:40:49;INSERT IGNORE INTO `pe_validations_lots` (`id_validation`, `id_lot`, `negoce`) VALUES  (10948, 5693, 0)
2024-08-12 11:40:49;INSERT IGNORE INTO `pe_lot_quantieme` (`id_lot`, `quantieme`) VALUES(5693, "225")
2024-08-12 11:40:52;UPDATE `pe_langues` SET `actif` = 1 WHERE `iso` = "FR"
2024-08-12 11:46:14;UPDATE `pe_langues` SET `actif` = 1 WHERE `iso` = "FR"
2024-08-12 11:46:25;INSERT INTO `pe_froid` (`supprime`,`id_type`,`statut`) VALUES (0 ,5 ,0 )
2024-08-12 11:46:25;INSERT INTO `pe_froid_produits` (`id_lot`,`id_pdt`,`id_froid`,`poids`,`date_add`,`loma`,`user_add`) VALUES (5693 ,422 ,6624 ,2 ,"2024-08-12 11:46:25" ,1 ,1 )
2024-08-12 11:56:55;UPDATE `pe_langues` SET `actif` = 1 WHERE `iso` = "FR"
2024-08-12 11:57:07;INSERT INTO `pe_froid` (`supprime`,`id_type`,`statut`) VALUES (0 ,5 ,0 )
2024-08-12 11:57:07;INSERT INTO `pe_froid_produits` (`id_lot`,`id_pdt`,`id_froid`,`poids`,`date_add`,`loma`,`user_add`) VALUES (5778 ,355 ,6625 ,2 ,"2024-08-12 11:57:07" ,1 ,1 )
2024-08-12 13:04:27;UPDATE `pe_langues` SET `actif` = 1 WHERE `iso` = "FR"
2024-08-12 13:04:34;UPDATE `pe_langues` SET `actif` = 1 WHERE `iso` = "FR"
2024-08-12 13:09:16;UPDATE `pe_langues` SET `actif` = 1 WHERE `iso` = "FR"
2024-08-12 13:09:22;UPDATE `pe_langues` SET `actif` = 1 WHERE `iso` = "FR"
2024-08-12 13:09:53;UPDATE `pe_langues` SET `actif` = 1 WHERE `iso` = "FR"
2024-08-12 13:10:48;UPDATE `pe_langues` SET `actif` = 1 WHERE `iso` = "FR"
2024-08-12 13:11:01;INSERT INTO `pe_froid` (`supprime`,`id_type`,`statut`) VALUES (0 ,5 ,0 )
2024-08-12 13:11:01;INSERT INTO `pe_froid_produits` (`id_lot`,`id_pdt`,`id_froid`,`poids`,`date_add`,`loma`,`user_add`) VALUES (5777 ,361 ,6626 ,2 ,"2024-08-12 13:11:01" ,1 ,1 )
2024-08-12 13:15:10;UPDATE `pe_langues` SET `actif` = 1 WHERE `iso` = "FR"
2024-08-12 13:15:21;INSERT INTO `pe_froid` (`supprime`,`id_type`,`statut`) VALUES (0 ,5 ,0 )
2024-08-12 13:15:21;INSERT INTO `pe_froid_produits` (`id_lot`,`id_pdt`,`id_froid`,`poids`,`date_add`,`loma`,`user_add`) VALUES (5694 ,421 ,6627 ,2 ,"2024-08-12 13:15:21" ,1 ,1 )
2024-08-12 13:16:14;UPDATE `pe_langues` SET `actif` = 1 WHERE `iso` = "FR"
2024-08-12 13:16:20;UPDATE `pe_langues` SET `actif` = 1 WHERE `iso` = "FR"
2024-08-12 13:16:30;INSERT INTO `pe_froid` (`supprime`,`id_type`,`statut`) VALUES (0 ,5 ,0 )
2024-08-12 13:16:30;INSERT INTO `pe_froid_produits` (`id_lot`,`id_pdt`,`id_froid`,`poids`,`date_add`,`loma`,`user_add`) VALUES (5694 ,356 ,6628 ,2 ,"2024-08-12 13:16:30" ,1 ,1 )
2024-08-12 13:17:11;UPDATE `pe_langues` SET `actif` = 1 WHERE `iso` = "FR"
2024-08-12 13:17:21;UPDATE `pe_langues` SET `actif` = 1 WHERE `iso` = "FR"
2024-08-12 13:17:32;INSERT INTO `pe_froid` (`supprime`,`id_type`,`statut`) VALUES (0 ,5 ,0 )
2024-08-12 13:17:32;INSERT INTO `pe_froid_produits` (`id_lot`,`id_pdt`,`id_froid`,`poids`,`date_add`,`loma`,`user_add`) VALUES (5694 ,421 ,6629 ,2 ,"2024-08-12 13:17:32" ,1 ,1 )
2024-08-12 13:25:25;UPDATE `pe_langues` SET `actif` = 1 WHERE `iso` = "FR"
2024-08-12 13:25:31;UPDATE `pe_langues` SET `actif` = 1 WHERE `iso` = "FR"
2024-08-12 13:25:41;INSERT INTO `pe_froid` (`supprime`,`id_type`,`statut`) VALUES (0 ,5 ,0 )
2024-08-12 13:25:41;INSERT INTO `pe_froid_produits` (`id_lot`,`id_pdt`,`id_froid`,`poids`,`date_add`,`loma`,`user_add`) VALUES (5694 ,421 ,6630 ,3 ,"2024-08-12 13:25:41" ,1 ,1 )
2024-08-12 13:25:55;UPDATE `pe_langues` SET `actif` = 1 WHERE `iso` = "FR"
2024-08-12 13:27:04;UPDATE `pe_langues` SET `actif` = 1 WHERE `iso` = "FR"
2024-08-12 13:27:17;INSERT INTO `pe_froid` (`supprime`,`id_type`,`statut`) VALUES (0 ,5 ,0 )
2024-08-12 13:27:17;INSERT INTO `pe_froid_produits` (`id_lot`,`id_pdt`,`id_froid`,`poids`,`date_add`,`loma`,`user_add`) VALUES (5806 ,356 ,6631 ,2 ,"2024-08-12 13:27:17" ,1 ,1 )
2024-08-12 13:27:32;UPDATE `pe_langues` SET `actif` = 1 WHERE `iso` = "FR"
2024-08-12 13:28:24;UPDATE `pe_langues` SET `actif` = 1 WHERE `iso` = "FR"
2024-08-12 13:28:29;UPDATE `pe_langues` SET `actif` = 1 WHERE `iso` = "FR"
2024-08-12 13:28:38;INSERT INTO `pe_froid` (`supprime`,`id_type`,`statut`) VALUES (0 ,5 ,0 )
2024-08-12 13:28:38;INSERT INTO `pe_froid_produits` (`id_lot`,`id_pdt`,`id_froid`,`poids`,`date_add`,`loma`,`user_add`) VALUES (5694 ,421 ,6632 ,2 ,"2024-08-12 13:28:38" ,1 ,1 )
2024-08-12 13:28:47;UPDATE `pe_langues` SET `actif` = 1 WHERE `iso` = "FR"
2024-08-12 13:28:53;UPDATE `pe_langues` SET `actif` = 1 WHERE `iso` = "FR"
2024-08-12 13:29:02;INSERT INTO `pe_froid` (`supprime`,`id_type`,`statut`) VALUES (0 ,5 ,0 )
2024-08-12 13:29:02;INSERT INTO `pe_froid_produits` (`id_lot`,`id_pdt`,`id_froid`,`poids`,`date_add`,`loma`,`user_add`) VALUES (5677 ,355 ,6633 ,2 ,"2024-08-12 13:29:02" ,1 ,1 )
2024-08-12 13:32:23;UPDATE `pe_langues` SET `actif` = 1 WHERE `iso` = "FR"
2024-08-12 13:32:29;UPDATE `pe_langues` SET `actif` = 1 WHERE `iso` = "FR"
2024-08-12 13:34:01;INSERT INTO `pe_froid` (`supprime`,`id_type`,`statut`) VALUES (0 ,5 ,0 )
2024-08-12 13:34:01;INSERT INTO `pe_froid_produits` (`id_lot`,`id_pdt`,`id_froid`,`poids`,`date_add`,`loma`,`user_add`) VALUES (5694 ,420 ,6634 ,2 ,"2024-08-12 13:34:01" ,1 ,1 )
2024-08-12 13:34:51;UPDATE `pe_langues` SET `actif` = 1 WHERE `iso` = "FR"
2024-08-12 13:35:02;INSERT INTO `pe_froid` (`supprime`,`id_type`,`statut`) VALUES (0 ,5 ,0 )
2024-08-12 13:35:02;INSERT INTO `pe_froid_produits` (`id_lot`,`id_pdt`,`id_froid`,`poids`,`date_add`,`loma`,`user_add`) VALUES (5693 ,420 ,6635 ,2 ,"2024-08-12 13:35:02" ,1 ,1 )
2024-08-12 13:36:15;UPDATE `pe_langues` SET `actif` = 1 WHERE `iso` = "FR"
2024-08-12 13:36:40;INSERT INTO `pe_froid` (`supprime`,`id_type`,`statut`) VALUES (0 ,5 ,0 )
2024-08-12 13:36:40;INSERT INTO `pe_froid_produits` (`id_lot`,`id_pdt`,`id_froid`,`poids`,`date_add`,`loma`,`user_add`) VALUES (5693 ,381 ,6636 ,2 ,"2024-08-12 13:36:40" ,1 ,1 )
2024-08-12 13:39:34;UPDATE `pe_langues` SET `actif` = 1 WHERE `iso` = "FR"
2024-08-12 13:39:39;UPDATE `pe_langues` SET `actif` = 1 WHERE `iso` = "FR"
2024-08-12 13:39:49;INSERT INTO `pe_froid` (`supprime`,`id_type`,`statut`) VALUES (0 ,5 ,0 )
2024-08-12 13:39:49;INSERT INTO `pe_froid_produits` (`id_lot`,`id_pdt`,`id_froid`,`poids`,`date_add`,`loma`,`user_add`) VALUES (5693 ,420 ,6637 ,3 ,"2024-08-12 13:39:49" ,1 ,1 )
2024-08-12 13:41:38;UPDATE `pe_langues` SET `actif` = 1 WHERE `iso` = "FR"
2024-08-12 13:43:30;INSERT INTO `pe_froid` (`supprime`,`id_type`,`statut`) VALUES (0 ,5 ,0 )
2024-08-12 13:43:30;INSERT INTO `pe_froid_produits` (`id_lot`,`id_pdt`,`id_froid`,`poids`,`date_add`,`loma`,`user_add`) VALUES (5677 ,381 ,6638 ,2 ,"2024-08-12 13:43:30" ,1 ,1 )
2024-08-12 13:44:04;UPDATE `pe_langues` SET `actif` = 1 WHERE `iso` = "FR"
2024-08-12 13:44:10;UPDATE `pe_langues` SET `actif` = 1 WHERE `iso` = "FR"
2024-08-12 13:44:18;INSERT INTO `pe_froid` (`supprime`,`id_type`,`statut`) VALUES (0 ,5 ,0 )
2024-08-12 13:44:18;INSERT INTO `pe_froid_produits` (`id_lot`,`id_pdt`,`id_froid`,`poids`,`date_add`,`loma`,`user_add`) VALUES (5677 ,420 ,6639 ,3 ,"2024-08-12 13:44:18" ,1 ,1 )
2024-08-12 13:48:39;UPDATE `pe_langues` SET `actif` = 1 WHERE `iso` = "FR"
2024-08-12 13:48:45;UPDATE `pe_langues` SET `actif` = 1 WHERE `iso` = "FR"
2024-08-12 13:48:52;UPDATE `pe_langues` SET `actif` = 1 WHERE `iso` = "FR"
2024-08-12 13:49:02;INSERT INTO `pe_froid` (`supprime`,`id_type`,`statut`) VALUES (0 ,5 ,0 )
2024-08-12 13:49:02;INSERT INTO `pe_froid_produits` (`id_lot`,`id_pdt`,`id_froid`,`poids`,`date_add`,`loma`,`user_add`) VALUES (5694 ,422 ,6640 ,2 ,"2024-08-12 13:49:02" ,1 ,1 )
2024-08-12 13:49:36;UPDATE `pe_langues` SET `actif` = 1 WHERE `iso` = "FR"
2024-08-12 13:49:43;UPDATE `pe_langues` SET `actif` = 1 WHERE `iso` = "FR"
2024-08-12 13:49:52;INSERT INTO `pe_froid` (`supprime`,`id_type`,`statut`) VALUES (0 ,5 ,0 )
2024-08-12 13:49:52;INSERT INTO `pe_froid_produits` (`id_lot`,`id_pdt`,`id_froid`,`poids`,`date_add`,`loma`,`user_add`) VALUES (5693 ,420 ,6641 ,2 ,"2024-08-12 13:49:52" ,1 ,1 )
2024-08-12 13:51:05;UPDATE `pe_langues` SET `actif` = 1 WHERE `iso` = "FR"
2024-08-12 13:51:10;UPDATE `pe_langues` SET `actif` = 1 WHERE `iso` = "FR"
2024-08-12 13:51:22;INSERT INTO `pe_froid` (`supprime`,`id_type`,`statut`) VALUES (0 ,5 ,0 )
2024-08-12 13:51:22;INSERT INTO `pe_froid_produits` (`id_lot`,`id_pdt`,`id_froid`,`poids`,`date_add`,`loma`,`user_add`) VALUES (5677 ,421 ,6642 ,2 ,"2024-08-12 13:51:22" ,1 ,1 )
2024-08-12 13:54:30;UPDATE `pe_langues` SET `actif` = 1 WHERE `iso` = "FR"
2024-08-12 13:54:35;UPDATE `pe_langues` SET `actif` = 1 WHERE `iso` = "FR"
2024-08-12 13:55:20;INSERT INTO `pe_froid` (`supprime`,`id_type`,`statut`) VALUES (0 ,5 ,0 )
2024-08-12 13:55:20;INSERT INTO `pe_froid_produits` (`id_lot`,`id_pdt`,`id_froid`,`poids`,`date_add`,`loma`,`user_add`) VALUES (5677 ,381 ,6643 ,2 ,"2024-08-12 13:55:20" ,1 ,1 )
2024-08-12 13:55:24;UPDATE `pe_langues` SET `actif` = 1 WHERE `iso` = "FR"
2024-08-12 13:58:35;UPDATE `pe_langues` SET `actif` = 1 WHERE `iso` = "FR"
2024-08-12 13:59:05;UPDATE `pe_langues` SET `actif` = 1 WHERE `iso` = "FR"
2024-08-12 13:59:15;INSERT INTO `pe_froid` (`supprime`,`id_type`,`statut`) VALUES (0 ,5 ,0 )
2024-08-12 13:59:15;INSERT INTO `pe_froid_produits` (`id_lot`,`id_pdt`,`id_froid`,`poids`,`date_add`,`loma`,`user_add`) VALUES (5694 ,421 ,6644 ,2 ,"2024-08-12 13:59:15" ,1 ,1 )
2024-08-12 13:59:21;UPDATE `pe_froid` SET `test_avant_fe` = 1 ,`test_avant_nfe` = 1 ,`test_avant_inox` = 1  WHERE `id` = 6644
2024-08-12 13:59:30;UPDATE `pe_langues` SET `actif` = 1 WHERE `iso` = "FR"
2024-08-12 14:00:20;UPDATE `pe_langues` SET `actif` = 1 WHERE `iso` = "FR"
2024-08-12 14:00:32;UPDATE `pe_langues` SET `actif` = 1 WHERE `iso` = "FR"
2024-08-12 14:11:11;UPDATE `pe_langues` SET `actif` = 1 WHERE `iso` = "FR"
2024-08-12 14:13:19;UPDATE `pe_langues` SET `actif` = 1 WHERE `iso` = "FR"
2024-08-12 14:13:24;UPDATE `pe_langues` SET `actif` = 1 WHERE `iso` = "FR"
2024-08-12 14:14:29;UPDATE `pe_langues` SET `actif` = 1 WHERE `iso` = "FR"
2024-08-12 14:14:59;UPDATE `pe_langues` SET `actif` = 1 WHERE `iso` = "FR"
2024-08-12 14:16:02;UPDATE `pe_langues` SET `actif` = 1 WHERE `iso` = "FR"
2024-08-12 14:17:09;UPDATE `pe_langues` SET `actif` = 1 WHERE `iso` = "FR"
2024-08-12 14:18:04;UPDATE `pe_langues` SET `actif` = 1 WHERE `iso` = "FR"
2024-08-12 14:18:26;UPDATE `pe_langues` SET `actif` = 1 WHERE `iso` = "FR"
2024-08-12 14:18:35;UPDATE `pe_langues` SET `actif` = 1 WHERE `iso` = "FR"
2024-08-12 14:18:47;INSERT INTO `pe_froid` (`supprime`,`id_type`,`statut`) VALUES (0 ,5 ,0 )
2024-08-12 14:18:47;INSERT INTO `pe_froid_produits` (`id_lot`,`id_pdt`,`id_froid`,`poids`,`date_add`,`loma`,`user_add`) VALUES (5806 ,380 ,6645 ,2 ,"2024-08-12 14:18:47" ,1 ,1 )
2024-08-12 14:20:07;UPDATE `pe_langues` SET `actif` = 1 WHERE `iso` = "FR"
2024-08-12 14:20:17;UPDATE `pe_langues` SET `actif` = 1 WHERE `iso` = "FR"
2024-08-12 14:20:30;INSERT INTO `pe_froid` (`supprime`,`id_type`,`statut`) VALUES (0 ,5 ,0 )
2024-08-12 14:20:30;INSERT INTO `pe_froid_produits` (`id_lot`,`id_pdt`,`id_froid`,`poids`,`date_add`,`loma`,`user_add`) VALUES (5806 ,422 ,6646 ,2 ,"2024-08-12 14:20:30" ,1 ,1 )
2024-08-12 14:27:25;UPDATE `pe_langues` SET `actif` = 1 WHERE `iso` = "FR"
2024-08-12 14:27:34;UPDATE `pe_langues` SET `actif` = 1 WHERE `iso` = "FR"
2024-08-12 14:37:23;UPDATE `pe_langues` SET `actif` = 1 WHERE `iso` = "FR"
2024-08-12 14:37:34;INSERT INTO `pe_froid` (`supprime`,`id_type`,`statut`) VALUES (0 ,5 ,0 )
2024-08-12 14:37:34;INSERT INTO `pe_froid_produits` (`id_lot`,`id_pdt`,`id_froid`,`poids`,`date_add`,`loma`,`user_add`) VALUES (5694 ,381 ,6647 ,2 ,"2024-08-12 14:37:34" ,1 ,1 )
2024-08-12 14:40:06;UPDATE `pe_langues` SET `actif` = 1 WHERE `iso` = "FR"
2024-08-12 14:40:50;INSERT INTO `pe_froid` (`supprime`,`id_type`,`statut`) VALUES (0 ,5 ,0 )
2024-08-12 14:40:50;INSERT INTO `pe_froid_produits` (`id_lot`,`id_pdt`,`id_froid`,`poids`,`date_add`,`loma`,`user_add`) VALUES (5694 ,422 ,6648 ,20 ,"2024-08-12 14:40:50" ,1 ,1 )
2024-08-12 14:42:36;UPDATE `pe_langues` SET `actif` = 1 WHERE `iso` = "FR"
2024-08-12 14:42:50;INSERT INTO `pe_froid` (`supprime`,`id_type`,`statut`) VALUES (0 ,5 ,0 )
2024-08-12 14:42:50;INSERT INTO `pe_froid_produits` (`id_lot`,`id_pdt`,`id_froid`,`poids`,`date_add`,`loma`,`user_add`) VALUES (5694 ,381 ,6649 ,3 ,"2024-08-12 14:42:50" ,1 ,1 )
2024-08-12 14:42:58;UPDATE `pe_froid` SET `test_avant_fe` = 1 ,`test_avant_nfe` = 1 ,`test_avant_inox` = 1  WHERE `id` = 6649
2024-08-12 14:43:02;UPDATE `pe_froid` SET `temp_debut` = 2 ,`date_entree` = "2024-08-12 14:43:02" ,`id_user_debut` = 1 ,`id_user_maj` = 1  WHERE `id` = 6649
2024-08-12 14:43:06;UPDATE `pe_froid` SET `date_sortie` = "2024-08-12 14:43:06" ,`id_user_fin` = 1 ,`id_user_maj` = 1  WHERE `id` = 6649
2024-08-12 14:43:10;UPDATE `pe_froid` SET `temp_fin` = 2 ,`id_user_maj` = 1  WHERE `id` = 6649
2024-08-12 14:43:14;UPDATE `pe_froid` SET `test_avant_fe` = 1 ,`test_avant_nfe` = 1 ,`test_avant_inox` = 1  WHERE `id` = 6649
2024-08-12 14:43:17;INSERT INTO `pe_loma` (`id_lot_pdt_froid`,`test_pdt`,`commentaire`,`date_test`,`id_user_visa`) VALUES (31250 ,0 ,"" ,"2024-08-12 14:43:17" ,1 )
2024-08-12 14:43:17;INSERT INTO `pe_validations` (`type`,`id_vue`,`id_liaison`) VALUES (3 ,17 ,2894 )
2024-08-12 14:43:17;INSERT IGNORE INTO `pe_validations_lots` (`id_validation`, `id_lot`, `negoce`) VALUES  (10949, 5694, 0)
2024-08-12 14:43:20;UPDATE `pe_froid` SET `test_apres_fe` = 1 ,`test_apres_nfe` = 1 ,`test_apres_inox` = 1  WHERE `id` = 6649
2024-08-12 14:43:28;UPDATE `pe_froid` SET `statut` = 2 ,`conformite` = 1 ,`date_controle` = "2024-08-12 14:43:28" ,`id_visa_controleur` = 1  WHERE `id` = 6649
2024-08-12 14:43:28;INSERT INTO `pe_validations` (`type`,`id_vue`,`id_liaison`) VALUES (2 ,17 ,6649 )
2024-08-12 14:43:28;INSERT IGNORE INTO `pe_validations_lots` (`id_validation`, `id_lot`, `negoce`) VALUES  (10950, 5694, 0)
2024-08-12 14:44:54;INSERT INTO `pe_froid` (`supprime`,`id_type`,`statut`) VALUES (0 ,5 ,0 )
2024-08-12 14:44:54;INSERT INTO `pe_froid_produits` (`id_lot`,`id_pdt`,`id_froid`,`poids`,`date_add`,`loma`,`user_add`) VALUES (5799 ,355 ,6650 ,2 ,"2024-08-12 14:44:54" ,1 ,1 )
2024-08-12 14:45:54;UPDATE `pe_froid` SET `test_avant_fe` = 1 ,`test_avant_nfe` = 1 ,`test_avant_inox` = 1  WHERE `id` = 6650
2024-08-12 14:45:58;UPDATE `pe_froid` SET `temp_debut` = 2 ,`date_entree` = "2024-08-12 14:45:58" ,`id_user_debut` = 1 ,`id_user_maj` = 1  WHERE `id` = 6650
2024-08-12 14:46:01;UPDATE `pe_froid` SET `date_sortie` = "2024-08-12 14:46:01" ,`id_user_fin` = 1 ,`id_user_maj` = 1  WHERE `id` = 6650
2024-08-12 14:46:04;UPDATE `pe_froid` SET `temp_fin` = 2 ,`id_user_maj` = 1  WHERE `id` = 6650
2024-08-12 14:46:09;UPDATE `pe_froid` SET `test_avant_fe` = 1 ,`test_avant_nfe` = 1 ,`test_avant_inox` = 1  WHERE `id` = 6650
2024-08-12 14:46:13;INSERT INTO `pe_loma` (`id_lot_pdt_froid`,`test_pdt`,`commentaire`,`date_test`,`id_user_visa`) VALUES (31251 ,0 ,"" ,"2024-08-12 14:46:13" ,1 )
2024-08-12 14:46:13;INSERT INTO `pe_validations` (`type`,`id_vue`,`id_liaison`) VALUES (3 ,17 ,2895 )
2024-08-12 14:46:13;INSERT IGNORE INTO `pe_validations_lots` (`id_validation`, `id_lot`, `negoce`) VALUES  (10951, 5799, 0)
2024-08-12 14:46:15;UPDATE `pe_froid` SET `test_apres_fe` = 0 ,`test_apres_nfe` = 0 ,`test_apres_inox` = 0  WHERE `id` = 6650
2024-08-12 14:46:17;UPDATE `pe_froid` SET `statut` = 2 ,`conformite` = 1 ,`date_controle` = "2024-08-12 14:46:17" ,`id_visa_controleur` = 1  WHERE `id` = 6650
2024-08-12 14:46:17;INSERT INTO `pe_validations` (`type`,`id_vue`,`id_liaison`) VALUES (2 ,17 ,6650 )
2024-08-12 14:46:17;INSERT IGNORE INTO `pe_validations_lots` (`id_validation`, `id_lot`, `negoce`) VALUES  (10952, 5799, 0)
2024-08-12 14:46:46;INSERT INTO `pe_froid` (`supprime`,`id_type`,`statut`) VALUES (0 ,5 ,0 )
2024-08-12 14:46:46;INSERT INTO `pe_froid_produits` (`id_lot`,`id_pdt`,`id_froid`,`poids`,`date_add`,`loma`,`user_add`) VALUES (5694 ,420 ,6651 ,2 ,"2024-08-12 14:46:46" ,1 ,1 )
2024-08-12 14:53:33;UPDATE `pe_langues` SET `actif` = 1 WHERE `iso` = "FR"
2024-08-12 14:58:05;UPDATE `pe_langues` SET `actif` = 1 WHERE `iso` = "FR"
2024-08-12 14:58:21;UPDATE `pe_langues` SET `actif` = 1 WHERE `iso` = "FR"
2024-08-12 14:59:23;UPDATE `pe_langues` SET `actif` = 1 WHERE `iso` = "FR"
2024-08-12 14:59:32;UPDATE `pe_langues` SET `actif` = 1 WHERE `iso` = "FR"
2024-08-12 15:00:11;UPDATE `pe_langues` SET `actif` = 1 WHERE `iso` = "FR"
2024-08-12 15:02:20;UPDATE `pe_langues` SET `actif` = 1 WHERE `iso` = "FR"
2024-08-12 15:03:06;UPDATE `pe_langues` SET `actif` = 1 WHERE `iso` = "FR"
2024-08-12 15:04:03;UPDATE `pe_langues` SET `actif` = 1 WHERE `iso` = "FR"
2024-08-12 15:04:11;UPDATE `pe_langues` SET `actif` = 1 WHERE `iso` = "FR"
2024-08-12 15:04:20;UPDATE `pe_langues` SET `actif` = 1 WHERE `iso` = "FR"
2024-08-12 15:07:54;UPDATE `pe_langues` SET `actif` = 1 WHERE `iso` = "FR"
2024-08-12 15:08:03;UPDATE `pe_langues` SET `actif` = 1 WHERE `iso` = "FR"
2024-08-12 15:08:15;UPDATE `pe_langues` SET `actif` = 1 WHERE `iso` = "FR"
2024-08-12 15:13:00;INSERT INTO `pe_froid` (`supprime`,`id_type`,`statut`) VALUES (0 ,5 ,0 )
2024-08-12 15:13:00;INSERT INTO `pe_froid_produits` (`id_lot`,`id_pdt`,`id_froid`,`poids`,`date_add`,`loma`,`user_add`) VALUES (5731 ,380 ,6652 ,2 ,"2024-08-12 15:13:00" ,1 ,1 )
2024-08-12 15:13:17;DELETE FROM `pe_froid_produits` WHERE `id_lot_pdt_froid` = 31253
2024-08-12 15:13:17;DELETE FROM `pe_palette_composition` WHERE `id_lot_pdt_froid` = 31253
2024-08-12 15:13:20;UPDATE `pe_froid` SET `temp_debut` = 2 ,`date_entree` = "2024-08-12 15:13:20" ,`id_user_debut` = 1 ,`id_user_maj` = 1  WHERE `id` = 6652
2024-08-12 15:13:29;UPDATE `pe_langues` SET `actif` = 1 WHERE `iso` = "FR"
2024-08-12 15:14:00;INSERT INTO `pe_froid` (`supprime`,`id_type`,`statut`) VALUES (0 ,5 ,0 )
2024-08-12 15:14:00;INSERT INTO `pe_froid_produits` (`id_lot`,`id_pdt`,`id_froid`,`poids`,`date_add`,`loma`,`user_add`) VALUES (5806 ,380 ,6653 ,2 ,"2024-08-12 15:14:00" ,1 ,1 )
2024-08-12 15:14:21;INSERT INTO `pe_loma` (`id_lot_pdt_froid`,`test_pdt`,`commentaire`,`date_test`,`id_user_visa`) VALUES (31254 ,0 ,"" ,"2024-08-12 15:14:21" ,1 )
2024-08-12 15:14:21;INSERT INTO `pe_validations` (`type`,`id_vue`,`id_liaison`) VALUES (3 ,17 ,2896 )
2024-08-12 15:14:21;INSERT IGNORE INTO `pe_validations_lots` (`id_validation`, `id_lot`, `negoce`) VALUES  (10953, 5806, 0)
2024-08-12 15:14:24;UPDATE `pe_froid` SET `test_apres_fe` = 1 ,`test_apres_nfe` = 1 ,`test_apres_inox` = 1  WHERE `id` = 6653
2024-08-12 15:14:32;INSERT INTO `pe_froid` (`supprime`,`id_type`,`statut`) VALUES (0 ,5 ,0 )
2024-08-12 15:14:32;INSERT INTO `pe_froid_produits` (`id_lot`,`id_pdt`,`id_froid`,`poids`,`date_add`,`loma`,`user_add`) VALUES (5806 ,380 ,6654 ,2 ,"2024-08-12 15:14:32" ,1 ,1 )
2024-08-12 15:15:47;INSERT INTO `pe_loma` (`id_lot_pdt_froid`,`test_pdt`,`commentaire`,`date_test`,`id_user_visa`) VALUES (31255 ,0 ,"" ,"2024-08-12 15:15:47" ,1 )
2024-08-12 15:15:47;INSERT INTO `pe_validations` (`type`,`id_vue`,`id_liaison`) VALUES (3 ,17 ,2897 )
2024-08-12 15:15:47;INSERT IGNORE INTO `pe_validations_lots` (`id_validation`, `id_lot`, `negoce`) VALUES  (10954, 5806, 0)
2024-08-12 15:15:54;UPDATE `pe_froid` SET `test_apres_fe` = 1 ,`test_apres_nfe` = 1 ,`test_apres_inox` = 1  WHERE `id` = 6654
2024-08-12 15:16:05;UPDATE `pe_froid` SET `supprime` = 1 ,`id_user_maj` = 1  WHERE `id` = 6652
2024-08-12 15:16:32;UPDATE `pe_langues` SET `actif` = 1 WHERE `iso` = "FR"
2024-08-12 15:16:45;UPDATE `pe_froid` SET `supprime` = 1 ,`id_user_maj` = 1  WHERE `id` = 6608
2024-08-12 15:25:13;UPDATE `pe_langues` SET `actif` = 1 WHERE `iso` = "FR"
2024-08-12 15:26:07;UPDATE `pe_langues` SET `actif` = 1 WHERE `iso` = "FR"
2024-08-12 15:26:16;UPDATE `pe_langues` SET `actif` = 1 WHERE `iso` = "FR"
2024-08-12 15:28:18;UPDATE `pe_langues` SET `actif` = 1 WHERE `iso` = "FR"
2024-08-12 15:28:24;UPDATE `pe_langues` SET `actif` = 1 WHERE `iso` = "FR"
2024-08-12 15:28:38;UPDATE `pe_langues` SET `actif` = 1 WHERE `iso` = "FR"
2024-08-12 15:29:11;UPDATE `pe_froid` SET `test_avant_fe` = 1 ,`test_avant_nfe` = 1 ,`test_avant_inox` = 1  WHERE `id` = 6648
2024-08-12 15:29:14;UPDATE `pe_froid` SET `temp_debut` = 2 ,`date_entree` = "2024-08-12 15:29:14" ,`id_user_debut` = 1 ,`id_user_maj` = 1  WHERE `id` = 6648
2024-08-12 15:35:21;UPDATE `pe_langues` SET `actif` = 1 WHERE `iso` = "FR"
2024-08-12 15:35:29;UPDATE `pe_langues` SET `actif` = 1 WHERE `iso` = "FR"
2024-08-12 15:41:02;UPDATE `pe_froid` SET `date_sortie` = "2024-08-12 15:41:02" ,`id_user_fin` = 1 ,`id_user_maj` = 1  WHERE `id` = 6648
2024-08-12 15:41:05;UPDATE `pe_froid` SET `temp_fin` = 2 ,`id_user_maj` = 1  WHERE `id` = 6648
2024-08-12 15:41:08;UPDATE `pe_froid` SET `test_avant_fe` = 1 ,`test_avant_nfe` = 1 ,`test_avant_inox` = 1  WHERE `id` = 6648
2024-08-12 15:41:11;INSERT INTO `pe_loma` (`id_lot_pdt_froid`,`test_pdt`,`commentaire`,`date_test`,`id_user_visa`) VALUES (31249 ,0 ,"" ,"2024-08-12 15:41:11" ,1 )
2024-08-12 15:41:11;INSERT INTO `pe_validations` (`type`,`id_vue`,`id_liaison`) VALUES (3 ,17 ,2898 )
2024-08-12 15:41:11;INSERT IGNORE INTO `pe_validations_lots` (`id_validation`, `id_lot`, `negoce`) VALUES  (10955, 5694, 0)
2024-08-12 15:41:14;UPDATE `pe_froid` SET `test_apres_fe` = 1 ,`test_apres_nfe` = 1 ,`test_apres_inox` = 1  WHERE `id` = 6648
2024-08-12 15:41:16;UPDATE `pe_froid` SET `statut` = 2 ,`conformite` = 1 ,`date_controle` = "2024-08-12 15:41:16" ,`id_visa_controleur` = 1  WHERE `id` = 6648
2024-08-12 15:41:16;INSERT INTO `pe_validations` (`type`,`id_vue`,`id_liaison`) VALUES (2 ,17 ,6648 )
2024-08-12 15:41:16;INSERT IGNORE INTO `pe_validations_lots` (`id_validation`, `id_lot`, `negoce`) VALUES  (10956, 5694, 0)
2024-08-12 15:42:13;UPDATE `pe_langues` SET `actif` = 1 WHERE `iso` = "FR"
2024-08-12 15:42:47;UPDATE `pe_langues` SET `actif` = 1 WHERE `iso` = "FR"
2024-08-12 15:42:58;UPDATE `pe_froid` SET `test_avant_fe` = 1 ,`test_avant_nfe` = 1 ,`test_avant_inox` = 1  WHERE `id` = 6647
2024-08-12 15:43:02;UPDATE `pe_froid` SET `temp_debut` = 2 ,`date_entree` = "2024-08-12 15:43:02" ,`id_user_debut` = 1 ,`id_user_maj` = 1  WHERE `id` = 6647
2024-08-12 15:43:04;UPDATE `pe_froid` SET `date_sortie` = "2024-08-12 15:43:04" ,`id_user_fin` = 1 ,`id_user_maj` = 1  WHERE `id` = 6647
2024-08-12 15:43:07;UPDATE `pe_froid` SET `temp_fin` = 2 ,`id_user_maj` = 1  WHERE `id` = 6647
2024-08-12 15:43:10;UPDATE `pe_froid` SET `test_avant_fe` = 1 ,`test_avant_nfe` = 1 ,`test_avant_inox` = 1  WHERE `id` = 6647
2024-08-12 15:43:13;INSERT INTO `pe_loma` (`id_lot_pdt_froid`,`test_pdt`,`commentaire`,`date_test`,`id_user_visa`) VALUES (31248 ,0 ,"" ,"2024-08-12 15:43:13" ,1 )
2024-08-12 15:43:13;INSERT INTO `pe_validations` (`type`,`id_vue`,`id_liaison`) VALUES (3 ,17 ,2899 )
2024-08-12 15:43:13;INSERT IGNORE INTO `pe_validations_lots` (`id_validation`, `id_lot`, `negoce`) VALUES  (10957, 5694, 0)
2024-08-12 15:43:16;UPDATE `pe_froid` SET `test_apres_fe` = 1 ,`test_apres_nfe` = 1 ,`test_apres_inox` = 1  WHERE `id` = 6647
2024-08-12 15:43:18;UPDATE `pe_froid` SET `statut` = 2 ,`conformite` = 1 ,`date_controle` = "2024-08-12 15:43:18" ,`id_visa_controleur` = 1  WHERE `id` = 6647
2024-08-12 15:43:18;INSERT INTO `pe_validations` (`type`,`id_vue`,`id_liaison`) VALUES (2 ,17 ,6647 )
2024-08-12 15:43:18;INSERT IGNORE INTO `pe_validations_lots` (`id_validation`, `id_lot`, `negoce`) VALUES  (10958, 5694, 0)
2024-08-12 15:45:07;UPDATE `pe_langues` SET `actif` = 1 WHERE `iso` = "FR"
2024-08-12 15:45:21;INSERT INTO `pe_loma` (`id_lot_pdt_froid`,`test_pdt`,`commentaire`,`date_test`,`id_user_visa`) VALUES (31247 ,0 ,"" ,"2024-08-12 15:45:21" ,1 )
2024-08-12 15:45:21;INSERT INTO `pe_validations` (`type`,`id_vue`,`id_liaison`) VALUES (3 ,17 ,2900 )
2024-08-12 15:45:21;INSERT IGNORE INTO `pe_validations_lots` (`id_validation`, `id_lot`, `negoce`) VALUES  (10959, 5806, 0)
2024-08-12 15:45:48;UPDATE `pe_froid` SET `test_apres_fe` = 1 ,`test_apres_nfe` = 1 ,`test_apres_inox` = 1  WHERE `id` = 6646
2024-08-12 15:45:58;UPDATE `pe_froid` SET `test_avant_fe` = 1 ,`test_avant_nfe` = 1 ,`test_avant_inox` = 1  WHERE `id` = 6646
2024-08-12 15:46:02;UPDATE `pe_froid` SET `temp_debut` = 2 ,`date_entree` = "2024-08-12 15:46:02" ,`id_user_debut` = 1 ,`id_user_maj` = 1  WHERE `id` = 6646
2024-08-12 15:46:07;UPDATE `pe_froid` SET `date_sortie` = "2024-08-12 15:46:07" ,`id_user_fin` = 1 ,`id_user_maj` = 1  WHERE `id` = 6646
2024-08-12 15:46:10;UPDATE `pe_froid` SET `temp_fin` = 2 ,`id_user_maj` = 1  WHERE `id` = 6646
2024-08-12 15:46:17;UPDATE `pe_froid` SET `test_avant_fe` = 1 ,`test_avant_nfe` = 1 ,`test_avant_inox` = 1  WHERE `id` = 6646
2024-08-12 15:46:20;UPDATE `pe_froid` SET `test_apres_fe` = 1 ,`test_apres_nfe` = 1 ,`test_apres_inox` = 1  WHERE `id` = 6646
2024-08-12 15:46:25;UPDATE `pe_froid` SET `statut` = 2 ,`conformite` = 1 ,`date_controle` = "2024-08-12 15:46:25" ,`id_visa_controleur` = 1  WHERE `id` = 6646
2024-08-12 15:46:25;INSERT INTO `pe_validations` (`type`,`id_vue`,`id_liaison`) VALUES (2 ,17 ,6646 )
2024-08-12 15:46:25;INSERT IGNORE INTO `pe_validations_lots` (`id_validation`, `id_lot`, `negoce`) VALUES  (10960, 5806, 0)
2024-08-12 15:47:01;UPDATE `pe_langues` SET `actif` = 1 WHERE `iso` = "FR"
2024-08-12 15:47:10;UPDATE `pe_langues` SET `actif` = 1 WHERE `iso` = "FR"
2024-08-12 15:47:22;INSERT INTO `pe_froid` (`supprime`,`id_type`,`statut`) VALUES (0 ,5 ,0 )
2024-08-12 15:47:22;INSERT INTO `pe_froid_produits` (`id_lot`,`id_pdt`,`id_froid`,`poids`,`date_add`,`loma`,`user_add`) VALUES (5693 ,380 ,6655 ,10 ,"2024-08-12 15:47:22" ,1 ,1 )
2024-08-12 15:47:25;INSERT INTO `pe_loma` (`id_lot_pdt_froid`,`test_pdt`,`commentaire`,`date_test`,`id_user_visa`) VALUES (31246 ,1 ,",nn" ,"2024-08-12 15:47:25" ,1 )
2024-08-12 15:47:25;INSERT INTO `pe_validations` (`type`,`id_vue`,`id_liaison`) VALUES (3 ,17 ,2901 )
2024-08-12 15:47:25;INSERT IGNORE INTO `pe_validations_lots` (`id_validation`, `id_lot`, `negoce`) VALUES  (10961, 5806, 0)
2024-08-12 15:47:29;UPDATE `pe_froid` SET `test_apres_fe` = 0 ,`test_apres_nfe` = 0 ,`test_apres_inox` = 0  WHERE `id` = 6645
2024-08-12 15:47:32;UPDATE `pe_froid` SET `test_avant_fe` = 1 ,`test_avant_nfe` = 1 ,`test_avant_inox` = 1  WHERE `id` = 6655
2024-08-12 15:47:35;UPDATE `pe_froid` SET `temp_debut` = 2 ,`date_entree` = "2024-08-12 15:47:35" ,`id_user_debut` = 1 ,`id_user_maj` = 1  WHERE `id` = 6655
2024-08-12 15:47:38;UPDATE `pe_froid` SET `date_sortie` = "2024-08-12 15:47:38" ,`id_user_fin` = 1 ,`id_user_maj` = 1  WHERE `id` = 6655
2024-08-12 15:47:44;UPDATE `pe_froid` SET `temp_fin` = 2 ,`id_user_maj` = 1  WHERE `id` = 6655
2024-08-12 15:47:47;UPDATE `pe_froid` SET `test_avant_fe` = 1 ,`test_avant_nfe` = 1 ,`test_avant_inox` = 1  WHERE `id` = 6655
2024-08-12 15:47:51;INSERT INTO `pe_loma` (`id_lot_pdt_froid`,`test_pdt`,`commentaire`,`date_test`,`id_user_visa`) VALUES (31256 ,0 ,"" ,"2024-08-12 15:47:51" ,1 )
2024-08-12 15:47:51;INSERT INTO `pe_validations` (`type`,`id_vue`,`id_liaison`) VALUES (3 ,17 ,2902 )
2024-08-12 15:47:51;INSERT IGNORE INTO `pe_validations_lots` (`id_validation`, `id_lot`, `negoce`) VALUES  (10962, 5693, 0)
2024-08-12 15:47:52;INSERT INTO `pe_loma` (`id_lot_pdt_froid`,`test_pdt`,`commentaire`,`date_test`,`id_user_visa`) VALUES (31252 ,0 ,"" ,"2024-08-12 15:47:52" ,1 )
2024-08-12 15:47:52;INSERT INTO `pe_validations` (`type`,`id_vue`,`id_liaison`) VALUES (3 ,17 ,2903 )
2024-08-12 15:47:52;INSERT IGNORE INTO `pe_validations_lots` (`id_validation`, `id_lot`, `negoce`) VALUES  (10963, 5694, 0)
2024-08-12 15:47:54;UPDATE `pe_froid` SET `test_apres_fe` = 1 ,`test_apres_nfe` = 1 ,`test_apres_inox` = 1  WHERE `id` = 6655
2024-08-12 15:47:55;UPDATE `pe_froid` SET `test_apres_fe` = 1 ,`test_apres_nfe` = 1 ,`test_apres_inox` = 1  WHERE `id` = 6651
2024-08-12 15:48:02;UPDATE `pe_froid` SET `statut` = 2 ,`conformite` = 1 ,`date_controle` = "2024-08-12 15:48:02" ,`id_visa_controleur` = 1  WHERE `id` = 6655
2024-08-12 15:48:02;INSERT INTO `pe_validations` (`type`,`id_vue`,`id_liaison`) VALUES (2 ,17 ,6655 )
2024-08-12 15:48:02;INSERT IGNORE INTO `pe_validations_lots` (`id_validation`, `id_lot`, `negoce`) VALUES  (10964, 5693, 0)
2024-08-12 15:48:18;UPDATE `pe_langues` SET `actif` = 1 WHERE `iso` = "FR"
2024-08-12 15:48:18;UPDATE `pe_consommables` SET `id_precedent` = 0, `date_upd` = null WHERE `date_upd` < CURDATE()
2024-08-12 15:48:22;UPDATE `pe_langues` SET `actif` = 1 WHERE `iso` = "FR"
2024-08-12 15:48:24;UPDATE `pe_langues` SET `actif` = 1 WHERE `iso` = "FR"
2024-08-12 15:48:26;UPDATE `pe_langues` SET `actif` = 1 WHERE `iso` = "FR"
2024-08-12 15:48:49;UPDATE `pe_bl_lignes` SET `supprime` = 1 WHERE `supprime` = 0  AND `id_bl` IN (SELECT `id` FROM `pe_bl` WHERE `supprime` = 1)
2024-08-12 15:48:49;UPDATE `pe_froid_produits` SET `poids` = 62 WHERE `id_lot_pdt_froid` = 30764
2024-08-12 16:44:02;INSERT INTO `pe_loma` (`id_lot_pdt_froid`,`test_pdt`,`commentaire`,`date_test`,`id_user_visa`) VALUES (31242 ,1 ,"" ,"2024-08-12 16:44:02" ,1 )
2024-08-12 16:44:02;INSERT INTO `pe_validations` (`type`,`id_vue`,`id_liaison`) VALUES (3 ,17 ,2904 )
2024-08-12 16:44:02;INSERT IGNORE INTO `pe_validations_lots` (`id_validation`, `id_lot`, `negoce`) VALUES  (10965, 5693, 0)
2024-08-12 16:44:08;UPDATE `pe_froid` SET `test_apres_fe` = 1 ,`test_apres_nfe` = 1 ,`test_apres_inox` = 1  WHERE `id` = 6641
2024-08-12 16:44:15;UPDATE `pe_froid` SET `test_apres_fe` = 1 ,`test_apres_nfe` = 1 ,`test_apres_inox` = 1  WHERE `id` = 6645
2024-08-12 16:49:17;UPDATE `pe_langues` SET `actif` = 1 WHERE `iso` = "FR"
2024-08-12 16:49:53;UPDATE `pe_langues` SET `actif` = 1 WHERE `iso` = "FR"
2024-08-12 16:51:34;UPDATE `pe_langues` SET `actif` = 1 WHERE `iso` = "FR"
2024-08-12 16:51:40;UPDATE `pe_langues` SET `actif` = 1 WHERE `iso` = "FR"
