2024-08-14 08:08:42;UPDATE `pe_langues` SET `actif` = 1 WHERE `iso` = "FR"
2024-08-14 08:08:42;UPDATE `pe_consommables` SET `id_precedent` = 0, `date_upd` = null WHERE `date_upd` < CURDATE()
2024-08-14 08:08:56;UPDATE `pe_langues` SET `actif` = 1 WHERE `iso` = "FR"
2024-08-14 08:09:01;UPDATE `pe_langues` SET `actif` = 1 WHERE `iso` = "FR"
2024-08-14 08:09:11;DELETE FROM `pe_prp_op` WHERE `id` = 136
2024-08-14 08:09:11;DELETE FROM `pe_prp_bls` WHERE `id_prp_op` = 136
2024-08-14 08:23:18;UPDATE `pe_langues` SET `actif` = 1 WHERE `iso` = "FR"
2024-08-14 08:23:18;UPDATE `pe_consommables` SET `id_precedent` = 0, `date_upd` = null WHERE `date_upd` < CURDATE()
2024-08-14 08:23:24;UPDATE `pe_langues` SET `actif` = 1 WHERE `iso` = "FR"
2024-08-14 11:10:51;UPDATE `pe_langues` SET `actif` = 1 WHERE `iso` = "FR"
2024-08-14 11:11:06;INSERT INTO `pe_pvisu_avant` (`commentaires`,`date`) VALUES ("" ,"2024-08-14" )
2024-08-14 11:11:06;DELETE FROM `pe_pvisu_avant_points` WHERE `id_pvisu_avant` = 1095
2024-08-14 11:11:06;INSERT IGNORE INTO `pe_pvisu_avant_points` (`id_pvisu_avant`, `id_point_controle`, `etat`, `id_user`, `date`) VALUES (1095, 4, 1, 1, NOW()),(1095, 5, 1, 1, NOW()),(1095, 36, 1, 1, NOW()),(1095, 58, 1, 1, NOW()),(1095, 7, 1, 1, NOW()),(1095, 11, 1, 1, NOW()),(1095, 12, 1, 1, NOW()),(1095, 13, 1, 1, NOW()),(1095, 14, 1, 1, NOW()),(1095, 15, 1, 1, NOW()),(1095, 17, 1, 1, NOW()),(1095, 18, 1, 1, NOW()),(1095, 19, 1, 1, NOW()),(1095, 20, 1, 1, NOW()),(1095, 21, 1, 1, NOW()),(1095, 37, 1, 1, NOW()),(1095, 39, 1, 1, NOW()),(1095, 41, 1, 1, NOW()),(1095, 59, 1, 1, NOW()),(1095, 23, 1, 1, NOW()),(1095, 40, 1, 1, NOW()),(1095, 43, 1, 1, NOW()),(1095, 44, 1, 1, NOW()),(1095, 45, 1, 1, NOW()),(1095, 46, 1, 1, NOW()),(1095, 47, 1, 1, NOW()),(1095, 48, 1, 1, NOW()),(1095, 49, 1, 1, NOW()),(1095, 50, 1, 1, NOW()),(1095, 51, 1, 1, NOW()),(1095, 52, 1, 1, NOW()),(1095, 53, 1, 1, NOW()),(1095, 54, 1, 1, NOW()),(1095, 55, 1, 1, NOW())
2024-08-14 11:11:06;UPDATE `pe_pvisu_avant` SET `commentaires` = "" ,`date` = "2024-08-14" ,`id_user` = 1  WHERE `id` = 1095
2024-08-14 11:11:09;INSERT INTO `pe_pvisu_avant` (`commentaires`,`date`) VALUES ("" ,"2024-08-14" )
2024-08-14 11:11:09;DELETE FROM `pe_pvisu_avant_points` WHERE `id_pvisu_avant` = 1096
2024-08-14 11:11:09;INSERT IGNORE INTO `pe_pvisu_avant_points` (`id_pvisu_avant`, `id_point_controle`, `etat`, `id_user`, `date`) VALUES (1096, 4, 1, 1, NOW()),(1096, 5, 1, 1, NOW()),(1096, 36, 1, 1, NOW()),(1096, 58, 1, 1, NOW()),(1096, 7, 1, 1, NOW()),(1096, 11, 1, 1, NOW()),(1096, 12, 1, 1, NOW()),(1096, 13, 1, 1, NOW()),(1096, 14, 1, 1, NOW()),(1096, 15, 1, 1, NOW()),(1096, 17, 1, 1, NOW()),(1096, 18, 1, 1, NOW()),(1096, 19, 1, 1, NOW()),(1096, 20, 1, 1, NOW()),(1096, 21, 1, 1, NOW()),(1096, 37, 1, 1, NOW()),(1096, 39, 1, 1, NOW()),(1096, 41, 1, 1, NOW()),(1096, 59, 1, 1, NOW()),(1096, 23, 1, 1, NOW()),(1096, 40, 1, 1, NOW()),(1096, 43, 1, 1, NOW()),(1096, 44, 1, 1, NOW()),(1096, 45, 1, 1, NOW()),(1096, 46, 1, 1, NOW()),(1096, 47, 1, 1, NOW()),(1096, 48, 1, 1, NOW()),(1096, 49, 1, 1, NOW()),(1096, 50, 1, 1, NOW()),(1096, 51, 1, 1, NOW()),(1096, 52, 1, 1, NOW()),(1096, 53, 1, 1, NOW()),(1096, 54, 1, 1, NOW()),(1096, 55, 1, 1, NOW())
2024-08-14 11:11:09;UPDATE `pe_pvisu_avant` SET `commentaires` = "" ,`date` = "2024-08-14" ,`id_user` = 1  WHERE `id` = 1096
2024-08-14 11:11:53;INSERT INTO `pe_pvisu_avant` (`commentaires`,`date`) VALUES ("" ,"2024-08-14" )
2024-08-14 11:11:53;DELETE FROM `pe_pvisu_avant_points` WHERE `id_pvisu_avant` = 1097
2024-08-14 11:11:53;INSERT IGNORE INTO `pe_pvisu_avant_points` (`id_pvisu_avant`, `id_point_controle`, `etat`, `id_user`, `date`) VALUES (1097, 4, 1, 1, NOW()),(1097, 5, 1, 1, NOW()),(1097, 36, 1, 1, NOW()),(1097, 58, 1, 1, NOW()),(1097, 7, 1, 1, NOW()),(1097, 11, 1, 1, NOW()),(1097, 12, 1, 1, NOW()),(1097, 13, 1, 1, NOW()),(1097, 14, 1, 1, NOW()),(1097, 15, 1, 1, NOW()),(1097, 17, 1, 1, NOW()),(1097, 18, 1, 1, NOW()),(1097, 19, 1, 1, NOW()),(1097, 20, 1, 1, NOW()),(1097, 21, 1, 1, NOW()),(1097, 37, 1, 1, NOW()),(1097, 39, 1, 1, NOW()),(1097, 41, 1, 1, NOW()),(1097, 59, 1, 1, NOW()),(1097, 23, 1, 1, NOW()),(1097, 40, 1, 1, NOW()),(1097, 43, 1, 1, NOW()),(1097, 44, 1, 1, NOW()),(1097, 45, 1, 1, NOW()),(1097, 46, 1, 1, NOW()),(1097, 47, 1, 1, NOW()),(1097, 48, 1, 1, NOW()),(1097, 49, 1, 1, NOW()),(1097, 50, 1, 1, NOW()),(1097, 51, 1, 1, NOW()),(1097, 52, 1, 1, NOW()),(1097, 53, 1, 1, NOW()),(1097, 54, 1, 1, NOW()),(1097, 55, 1, 1, NOW())
2024-08-14 11:11:53;UPDATE `pe_pvisu_avant` SET `commentaires` = "" ,`date` = "2024-08-14" ,`id_user` = 1  WHERE `id` = 1097
2024-08-14 11:12:24;UPDATE `pe_langues` SET `actif` = 1 WHERE `iso` = "FR"
2024-08-14 11:12:34;INSERT INTO `pe_pvisu_avant` (`commentaires`,`date`) VALUES ("" ,"2024-08-14" )
2024-08-14 11:12:34;DELETE FROM `pe_pvisu_avant_points` WHERE `id_pvisu_avant` = 1098
2024-08-14 11:12:34;INSERT IGNORE INTO `pe_pvisu_avant_points` (`id_pvisu_avant`, `id_point_controle`, `etat`, `id_user`, `date`) VALUES (1098, 4, 1, 1, NOW()),(1098, 5, 1, 1, NOW()),(1098, 36, 1, 1, NOW()),(1098, 58, 1, 1, NOW()),(1098, 7, 1, 1, NOW()),(1098, 11, 1, 1, NOW()),(1098, 12, 1, 1, NOW()),(1098, 13, 1, 1, NOW()),(1098, 14, 1, 1, NOW()),(1098, 15, 1, 1, NOW()),(1098, 17, 1, 1, NOW()),(1098, 18, 1, 1, NOW()),(1098, 19, 1, 1, NOW()),(1098, 20, 1, 1, NOW()),(1098, 21, 1, 1, NOW()),(1098, 37, 1, 1, NOW()),(1098, 39, 1, 1, NOW()),(1098, 41, 1, 1, NOW()),(1098, 59, 1, 1, NOW()),(1098, 23, 1, 1, NOW()),(1098, 40, 1, 1, NOW()),(1098, 43, 1, 1, NOW()),(1098, 44, 1, 1, NOW()),(1098, 45, 1, 1, NOW()),(1098, 46, 1, 1, NOW()),(1098, 47, 1, 1, NOW()),(1098, 48, 1, 1, NOW()),(1098, 49, 1, 1, NOW()),(1098, 50, 1, 1, NOW()),(1098, 51, 1, 1, NOW()),(1098, 52, 1, 1, NOW()),(1098, 53, 1, 1, NOW()),(1098, 54, 1, 1, NOW()),(1098, 55, 1, 1, NOW())
2024-08-14 11:12:34;UPDATE `pe_pvisu_avant` SET `commentaires` = "" ,`date` = "2024-08-14" ,`id_user` = 1  WHERE `id` = 1098
2024-08-14 11:13:04;UPDATE `pe_langues` SET `actif` = 1 WHERE `iso` = "FR"
2024-08-14 11:13:12;DELETE FROM `pe_pvisu_avant_points` WHERE `id_pvisu_avant` = 1095
2024-08-14 11:13:12;INSERT IGNORE INTO `pe_pvisu_avant_points` (`id_pvisu_avant`, `id_point_controle`, `etat`, `id_user`, `date`) VALUES (1095, 4, 1, 1, NOW()),(1095, 5, 1, 1, NOW()),(1095, 36, 1, 1, NOW()),(1095, 58, 1, 1, NOW()),(1095, 7, 1, 1, NOW()),(1095, 11, 1, 1, NOW()),(1095, 12, 1, 1, NOW()),(1095, 13, 1, 1, NOW()),(1095, 14, 1, 1, NOW()),(1095, 15, 1, 1, NOW()),(1095, 17, 1, 1, NOW()),(1095, 18, 1, 1, NOW()),(1095, 19, 1, 1, NOW()),(1095, 20, 1, 1, NOW()),(1095, 21, 1, 1, NOW()),(1095, 37, 1, 1, NOW()),(1095, 39, 1, 1, NOW()),(1095, 41, 1, 1, NOW()),(1095, 59, 1, 1, NOW()),(1095, 23, 1, 1, NOW()),(1095, 40, 1, 1, NOW()),(1095, 43, 1, 1, NOW()),(1095, 44, 1, 1, NOW()),(1095, 45, 1, 1, NOW()),(1095, 46, 1, 1, NOW()),(1095, 47, 1, 1, NOW()),(1095, 48, 1, 1, NOW()),(1095, 49, 1, 1, NOW()),(1095, 50, 1, 1, NOW()),(1095, 51, 1, 1, NOW()),(1095, 52, 1, 1, NOW()),(1095, 53, 1, 1, NOW()),(1095, 54, 1, 1, NOW()),(1095, 55, 1, 1, NOW())
2024-08-14 11:13:12;UPDATE `pe_pvisu_avant` SET `commentaires` = "" ,`id_user` = 1  WHERE `id` = 1095
2024-08-14 11:14:12;UPDATE `pe_langues` SET `actif` = 1 WHERE `iso` = "FR"
2024-08-14 11:19:21;UPDATE `pe_langues` SET `actif` = 1 WHERE `iso` = "FR"
2024-08-14 11:19:24;UPDATE `pe_loma` SET `id_lot_pdt_froid` = 30690 ,`test_pdt` = 0 ,`commentaire` = "" ,`date_test` = "2024-08-14 11:19:24" ,`id_user_visa` = 1  WHERE `id` = 2821
2024-08-14 11:19:24;INSERT INTO `pe_validations` (`type`,`id_vue`,`id_liaison`) VALUES (3 ,2 ,2821 )
2024-08-14 11:19:24;INSERT IGNORE INTO `pe_validations_lots` (`id_validation`, `id_lot`, `negoce`) VALUES  (11045, 5693, 0)
2024-08-14 11:19:24;INSERT IGNORE INTO `pe_lot_quantieme` (`id_lot`, `quantieme`) VALUES(5693, "227")
2024-08-14 11:19:32;UPDATE `pe_froid` SET `test_apres_fe` = 1 ,`test_apres_nfe` = 1 ,`test_apres_inox` = 1  WHERE `id` = 6424
2024-08-14 11:19:32;UPDATE `pe_loma` SET `test_pdt` = 0 ,`commentaire` = "" ,`date_test` = "2024-08-14 11:19:32" ,`id_user_visa` = 1  WHERE `id` = 2824
2024-08-14 11:19:32;INSERT INTO `pe_validations` (`type`,`id_vue`,`id_liaison`) VALUES (3 ,2 ,2824 )
2024-08-14 11:19:32;INSERT IGNORE INTO `pe_validations_lots` (`id_validation`, `id_lot`, `negoce`) VALUES  (11046, 5693, 0)
2024-08-14 11:19:32;UPDATE `pe_langues` SET `actif` = 1 WHERE `iso` = "FR"
2024-08-14 11:48:38;UPDATE `pe_langues` SET `actif` = 1 WHERE `iso` = "FR"
2024-08-14 13:18:47;DELETE FROM `pe_pvisu_avant_points` WHERE `id_pvisu_avant` = 1095
2024-08-14 13:18:47;INSERT IGNORE INTO `pe_pvisu_avant_points` (`id_pvisu_avant`, `id_point_controle`, `etat`, `id_user`, `date`) VALUES (1095, 4, 1, 1, NOW()),(1095, 5, 1, 1, NOW()),(1095, 36, 1, 1, NOW()),(1095, 58, 1, 1, NOW()),(1095, 7, 1, 1, NOW()),(1095, 11, 1, 1, NOW()),(1095, 12, 1, 1, NOW()),(1095, 13, 1, 1, NOW()),(1095, 14, 1, 1, NOW()),(1095, 15, 1, 1, NOW()),(1095, 17, 1, 1, NOW()),(1095, 18, 1, 1, NOW()),(1095, 19, 1, 1, NOW()),(1095, 20, 1, 1, NOW()),(1095, 21, 1, 1, NOW()),(1095, 37, 1, 1, NOW()),(1095, 39, 1, 1, NOW()),(1095, 41, 1, 1, NOW()),(1095, 59, 1, 1, NOW()),(1095, 23, 1, 1, NOW()),(1095, 40, 1, 1, NOW()),(1095, 43, 1, 1, NOW()),(1095, 44, 1, 1, NOW()),(1095, 45, 1, 1, NOW()),(1095, 46, 1, 1, NOW()),(1095, 47, 1, 1, NOW()),(1095, 48, 1, 1, NOW()),(1095, 49, 1, 1, NOW()),(1095, 50, 1, 1, NOW()),(1095, 51, 1, 1, NOW()),(1095, 52, 1, 1, NOW()),(1095, 53, 1, 1, NOW()),(1095, 54, 1, 1, NOW()),(1095, 55, 1, 1, NOW())
2024-08-14 13:18:47;UPDATE `pe_pvisu_avant` SET `commentaires` = "" ,`id_user` = 1  WHERE `id` = 1095
2024-08-14 14:30:47;DELETE FROM `pe_pvisu_avant_points` WHERE `id_pvisu_avant` = 1095
2024-08-14 14:30:47;INSERT IGNORE INTO `pe_pvisu_avant_points` (`id_pvisu_avant`, `id_point_controle`, `etat`, `id_user`, `date`) VALUES (1095, 4, 1, 1, NOW()),(1095, 5, 1, 1, NOW()),(1095, 36, 1, 1, NOW()),(1095, 58, 1, 1, NOW()),(1095, 7, 1, 1, NOW()),(1095, 11, 1, 1, NOW()),(1095, 12, 1, 1, NOW()),(1095, 13, 1, 1, NOW()),(1095, 14, 1, 1, NOW()),(1095, 15, 1, 1, NOW()),(1095, 17, 1, 1, NOW()),(1095, 18, 1, 1, NOW()),(1095, 19, 1, 1, NOW()),(1095, 20, 1, 1, NOW()),(1095, 21, 1, 1, NOW()),(1095, 37, 1, 1, NOW()),(1095, 39, 1, 1, NOW()),(1095, 41, 1, 1, NOW()),(1095, 59, 1, 1, NOW()),(1095, 23, 1, 1, NOW()),(1095, 40, 1, 1, NOW()),(1095, 43, 1, 1, NOW()),(1095, 44, 1, 1, NOW()),(1095, 45, 1, 1, NOW()),(1095, 46, 1, 1, NOW()),(1095, 47, 1, 1, NOW()),(1095, 48, 1, 1, NOW()),(1095, 49, 1, 1, NOW()),(1095, 50, 1, 1, NOW()),(1095, 51, 1, 1, NOW()),(1095, 52, 1, 1, NOW()),(1095, 53, 1, 1, NOW()),(1095, 54, 1, 1, NOW()),(1095, 55, 1, 1, NOW())
2024-08-14 14:30:47;UPDATE `pe_pvisu_avant` SET `commentaires` = "" ,`id_user` = 1  WHERE `id` = 1095
2024-08-14 14:30:52;DELETE FROM `pe_pvisu_avant_points` WHERE `id_pvisu_avant` = 1095
2024-08-14 14:30:52;INSERT IGNORE INTO `pe_pvisu_avant_points` (`id_pvisu_avant`, `id_point_controle`, `etat`, `id_user`, `date`) VALUES (1095, 4, 1, 1, NOW()),(1095, 5, 1, 1, NOW()),(1095, 36, 1, 1, NOW()),(1095, 58, 1, 1, NOW()),(1095, 7, 1, 1, NOW()),(1095, 11, 1, 1, NOW()),(1095, 12, 1, 1, NOW()),(1095, 13, 1, 1, NOW()),(1095, 14, 1, 1, NOW()),(1095, 15, 1, 1, NOW()),(1095, 17, 1, 1, NOW()),(1095, 18, 1, 1, NOW()),(1095, 19, 1, 1, NOW()),(1095, 20, 1, 1, NOW()),(1095, 21, 1, 1, NOW()),(1095, 37, 1, 1, NOW()),(1095, 39, 1, 1, NOW()),(1095, 41, 1, 1, NOW()),(1095, 59, 1, 1, NOW()),(1095, 23, 1, 1, NOW()),(1095, 40, 1, 1, NOW()),(1095, 43, 1, 1, NOW()),(1095, 44, 1, 1, NOW()),(1095, 45, 1, 1, NOW()),(1095, 46, 1, 1, NOW()),(1095, 47, 1, 1, NOW()),(1095, 48, 1, 1, NOW()),(1095, 49, 1, 1, NOW()),(1095, 50, 1, 1, NOW()),(1095, 51, 1, 1, NOW()),(1095, 52, 1, 1, NOW()),(1095, 53, 1, 1, NOW()),(1095, 54, 1, 1, NOW()),(1095, 55, 1, 1, NOW())
2024-08-14 14:30:52;UPDATE `pe_pvisu_avant` SET `commentaires` = "" ,`id_user` = 1  WHERE `id` = 1095
