2024-08-16 08:14:55;UPDATE `pe_langues` SET `actif` = 1 WHERE `iso` = "FR"
2024-08-16 08:14:55;UPDATE `pe_consommables` SET `id_precedent` = 0, `date_upd` = null WHERE `date_upd` < CURDATE()
2024-08-16 09:45:52;UPDATE `pe_langues` SET `actif` = 1 WHERE `iso` = "FR"
2024-08-16 09:45:52;UPDATE `pe_consommables` SET `id_precedent` = 0, `date_upd` = null WHERE `date_upd` < CURDATE()
2024-08-16 09:45:59;UPDATE `pe_langues` SET `actif` = 1 WHERE `iso` = "FR"
2024-08-16 09:46:06;UPDATE `pe_lot_reception` SET `temp` = 1  WHERE `id` = 2261
2024-08-16 09:46:06;UPDATE `pe_lots` SET `date_maj` = "2024-08-16- 09:46:06" ,`id_user_maj` = 1  WHERE `id` = 5805
2024-08-16 09:46:08;UPDATE `pe_lot_reception` SET `etat_visuel` = 1  WHERE `id` = 2261
2024-08-16 09:46:08;UPDATE `pe_lots` SET `date_maj` = "2024-08-16- 09:46:08" ,`id_user_maj` = 1  WHERE `id` = 5805
2024-08-16 09:46:17;UPDATE `pe_lot_reception` SET `observations` = "                                                                           RECEPTION                                            " ,`conformite` = 0 ,`id_user` = 1 ,`date_confirmation` = "2024-08-16 09:46:17"  WHERE `id` = 2261
2024-08-16 09:46:17;UPDATE `pe_lots` SET `date_maj` = "2024-08-16- 09:46:17" ,`id_user_maj` = 1  WHERE `id` = 5805
2024-08-16 09:54:51;UPDATE `pe_lot_reception` SET `observations` = "                                                                           RECEPTION                                            " ,`conformite` = 0 ,`id_user` = 1 ,`date_confirmation` = "2024-08-16 09:54:51"  WHERE `id` = 2261
2024-08-16 09:54:51;UPDATE `pe_lots` SET `date_maj` = "2024-08-16- 09:54:51" ,`id_user_maj` = 1  WHERE `id` = 5805
2024-08-16 09:58:01;UPDATE `pe_lot_reception` SET `observations` = "                                                                           RECEPTION                                            " ,`conformite` = 0 ,`id_user` = 1 ,`date_confirmation` = "2024-08-16 09:58:01"  WHERE `id` = 2261
2024-08-16 09:58:01;UPDATE `pe_lots` SET `date_maj` = "2024-08-16- 09:58:01" ,`id_user_maj` = 1  WHERE `id` = 5805
2024-08-16 10:00:29;UPDATE `pe_lot_reception` SET `observations` = "                                                                           RECEPTION                                            " ,`conformite` = 0 ,`id_user` = 1 ,`date_confirmation` = "2024-08-16 10:00:29"  WHERE `id` = 2261
2024-08-16 10:00:29;UPDATE `pe_lots` SET `date_maj` = "2024-08-16- 10:00:29" ,`id_user_maj` = 1  WHERE `id` = 5805
2024-08-16 10:01:11;UPDATE `pe_langues` SET `actif` = 1 WHERE `iso` = "FR"
2024-08-16 10:01:21;UPDATE `pe_lot_reception` SET `temp` = 1  WHERE `id` = 2261
2024-08-16 10:01:21;UPDATE `pe_lots` SET `date_maj` = "2024-08-16- 10:01:21" ,`id_user_maj` = 1  WHERE `id` = 5805
2024-08-16 10:01:25;UPDATE `pe_lot_reception` SET `etat_visuel` = 1  WHERE `id` = 2261
2024-08-16 10:01:25;UPDATE `pe_lots` SET `date_maj` = "2024-08-16- 10:01:25" ,`id_user_maj` = 1  WHERE `id` = 5805
2024-08-16 10:01:30;UPDATE `pe_lot_reception` SET `observations` = "                                                                                                               RECEPTION                                                                            " ,`conformite` = 0 ,`id_user` = 1 ,`date_confirmation` = "2024-08-16 10:01:30"  WHERE `id` = 2261
2024-08-16 10:01:30;UPDATE `pe_lots` SET `date_maj` = "2024-08-16- 10:01:30" ,`id_user_maj` = 1  WHERE `id` = 5805
2024-08-16 10:20:57;UPDATE `pe_lot_reception` SET `observations` = "                                                                                                               RECEPTION                                                                            " ,`conformite` = 0 ,`id_user` = 1 ,`date_confirmation` = "2024-08-16 10:20:57"  WHERE `id` = 2261
2024-08-16 10:20:57;UPDATE `pe_lots` SET `date_maj` = "2024-08-16- 10:20:57" ,`id_user_maj` = 1  WHERE `id` = 5805
2024-08-16 10:35:58;UPDATE `pe_langues` SET `actif` = 1 WHERE `iso` = "FR"
2024-08-16 10:36:07;UPDATE `pe_lot_reception` SET `temp` = 1  WHERE `id` = 2261
2024-08-16 10:36:07;UPDATE `pe_lots` SET `date_maj` = "2024-08-16- 10:36:07" ,`id_user_maj` = 1  WHERE `id` = 5805
2024-08-16 10:36:08;UPDATE `pe_lot_reception` SET `etat_visuel` = 1  WHERE `id` = 2261
2024-08-16 10:36:08;UPDATE `pe_lots` SET `date_maj` = "2024-08-16- 10:36:08" ,`id_user_maj` = 1  WHERE `id` = 5805
2024-08-16 10:36:17;UPDATE `pe_lot_reception` SET `observations` = "                                                                                                                                                   RECEPTION                                                                                                            " ,`conformite` = 0 ,`id_user` = 1 ,`date_confirmation` = "2024-08-16 10:36:17"  WHERE `id` = 2261
2024-08-16 10:36:17;UPDATE `pe_lots` SET `date_maj` = "2024-08-16- 10:36:17" ,`id_user_maj` = 1  WHERE `id` = 5805
2024-08-16 10:44:45;UPDATE `pe_langues` SET `actif` = 1 WHERE `iso` = "FR"
2024-08-16 10:44:53;UPDATE `pe_lot_reception` SET `temp` = 1  WHERE `id` = 2261
2024-08-16 10:44:53;UPDATE `pe_lots` SET `date_maj` = "2024-08-16- 10:44:53" ,`id_user_maj` = 1  WHERE `id` = 5805
2024-08-16 10:44:55;UPDATE `pe_lot_reception` SET `etat_visuel` = 1  WHERE `id` = 2261
2024-08-16 10:44:55;UPDATE `pe_lots` SET `date_maj` = "2024-08-16- 10:44:55" ,`id_user_maj` = 1  WHERE `id` = 5805
2024-08-16 10:44:59;UPDATE `pe_lot_reception` SET `observations` = "                                                                                                                                                                                       RECEPTION                                                                                                                                            " ,`conformite` = 0 ,`id_user` = 1 ,`date_confirmation` = "2024-08-16 10:44:59"  WHERE `id` = 2261
2024-08-16 10:44:59;UPDATE `pe_lots` SET `date_maj` = "2024-08-16- 10:44:59" ,`id_user_maj` = 1  WHERE `id` = 5805
2024-08-16 11:02:20;UPDATE `pe_langues` SET `actif` = 1 WHERE `iso` = "FR"
2024-08-16 11:02:55;UPDATE `pe_lot_reception` SET `temp` = 1  WHERE `id` = 2261
2024-08-16 11:02:55;UPDATE `pe_lots` SET `date_maj` = "2024-08-16- 11:02:55" ,`id_user_maj` = 1  WHERE `id` = 5805
2024-08-16 11:02:57;UPDATE `pe_lot_reception` SET `etat_visuel` = 1  WHERE `id` = 2261
2024-08-16 11:02:57;UPDATE `pe_lots` SET `date_maj` = "2024-08-16- 11:02:57" ,`id_user_maj` = 1  WHERE `id` = 5805
2024-08-16 11:03:01;UPDATE `pe_lot_reception` SET `observations` = "                                                                                                                                                                                                                           RECEPTION                                                                                                                                                                            " ,`conformite` = 0 ,`id_user` = 1 ,`date_confirmation` = "2024-08-16 11:03:01"  WHERE `id` = 2261
2024-08-16 11:03:01;UPDATE `pe_lots` SET `date_maj` = "2024-08-16- 11:03:01" ,`id_user_maj` = 1  WHERE `id` = 5805
2024-08-16 11:03:01;INSERT INTO `pe_pvisu_avant` (`commentaires`,`date`) VALUES ("" ,"2024-08-16" )
2024-08-16 11:03:01;DELETE FROM `pe_pvisu_avant_points` WHERE `id_pvisu_avant` = 1099
2024-08-16 11:03:01;INSERT IGNORE INTO `pe_pvisu_avant_points` (`id_pvisu_avant`, `id_point_controle`, `etat`, `id_user`, `date`) VALUES (1099, 75, 1, 1, NOW()),(1099, 73, 0, 1, NOW())
2024-08-16 11:23:14;UPDATE `pe_langues` SET `actif` = 1 WHERE `iso` = "FR"
2024-08-16 11:25:57;UPDATE `pe_lot_reception` SET `temp` = 1  WHERE `id` = 2261
2024-08-16 11:25:57;UPDATE `pe_lots` SET `date_maj` = "2024-08-16- 11:25:57" ,`id_user_maj` = 1  WHERE `id` = 5805
2024-08-16 11:25:59;UPDATE `pe_lot_reception` SET `etat_visuel` = 1  WHERE `id` = 2261
2024-08-16 11:25:59;UPDATE `pe_lots` SET `date_maj` = "2024-08-16- 11:25:59" ,`id_user_maj` = 1  WHERE `id` = 5805
2024-08-16 11:26:02;UPDATE `pe_lot_reception` SET `observations` = "                                                                                                                                                                                                                                                               RECEPTION                                                                                                                                                                                                            " ,`conformite` = 0 ,`id_user` = 1 ,`date_confirmation` = "2024-08-16 11:26:02"  WHERE `id` = 2261
2024-08-16 11:26:02;UPDATE `pe_lots` SET `date_maj` = "2024-08-16- 11:26:02" ,`id_user_maj` = 1  WHERE `id` = 5805
2024-08-16 11:26:02;INSERT INTO `pe_pvisu_avant` (`commentaires`,`id_user`,`id_lot`,`date`) VALUES ("" ,1 ,5805 ,"2024-08-16" )
2024-08-16 11:26:02;DELETE FROM `pe_pvisu_avant_points` WHERE `id_pvisu_avant` = 1100
2024-08-16 11:26:02;INSERT IGNORE INTO `pe_pvisu_avant_points` (`id_pvisu_avant`, `id_point_controle`, `etat`, `id_user`, `date`) VALUES (1100, 75, 1, 1, NOW()),(1100, 73, 0, 1, NOW())
2024-08-16 11:31:19;UPDATE `pe_lot_reception` SET `crochets_recus` = 1 ,`crochets_rendus` = 0  WHERE `id` = 2261
2024-08-16 11:31:21;UPDATE `pe_lot_reception` SET `id_transporteur` = 231  WHERE `id` = 2261
2024-08-16 11:31:21;UPDATE `pe_tiers` SET `solde_crochets` = 53  WHERE `id` = 231
2024-08-16 11:31:21;UPDATE `pe_tiers_types` SET `id_famille` = 0 WHERE `id_tiers` = 231
2024-08-16 11:31:24;INSERT INTO `pe_validations` (`type`,`id_vue`,`id_liaison`) VALUES (1 ,1 ,5805 )
2024-08-16 11:31:24;INSERT IGNORE INTO `pe_validations_lots` (`id_validation`, `id_lot`, `negoce`) VALUES  (11047, 5805, 0)
2024-08-16 11:31:24;DELETE FROM `pe_lot_vues` 
						  WHERE `id_lot` = 5805 
						  AND `id_vue` = 1
2024-08-16 11:31:24;INSERT IGNORE INTO `pe_lot_vues` (`id_lot`, `id_vue`, `date_entree`) VALUES (5805, 2, "2024-08-16 11:31:24")
2024-08-16 11:31:24;UPDATE `pe_lots` SET `date_reception` = "2024-08-16" ,`date_prod` = "2024-08-16 11:31:24" ,`date_atelier` = "2024-08-16 11:31:24"  WHERE `id` = 5805
2024-08-16 11:31:24;UPDATE `pe_langues` SET `actif` = 1 WHERE `iso` = "FR"
2024-08-16 11:32:36;INSERT INTO `pe_lots` (`numlot`,`date_add`,`visible`,`id_fournisseur`,`id_espece`,`composition`,`id_origine`,`id_abattoir`,`date_abattage`,`date_reception`,`poids_abattoir`,`poids_reception`) VALUES ("247033CFR" ,"2024-08-16 11:32:36" ,1 ,287 ,1 ,1 ,1 ,69 ,"2024-08-14" ,"2024-08-16" ,280 ,279.4 )
2024-08-16 11:32:36;INSERT INTO `pe_lot_vues` (`id_lot`,`id_vue`,`date_entree`) VALUES (5808 ,1 ,"2024-08-16 11:32:36" )
2024-08-16 11:32:41;UPDATE `pe_langues` SET `actif` = 1 WHERE `iso` = "FR"
2024-08-16 11:32:46;UPDATE `pe_lots` SET `composition_viande` = 1  WHERE `id` = 5808
2024-08-16 11:32:50;INSERT INTO `pe_lot_reception` (`id_lot`,`temp`) VALUES (5808 ,1 )
2024-08-16 11:32:50;UPDATE `pe_lots` SET `date_maj` = "2024-08-16- 11:32:50" ,`id_user_maj` = 1  WHERE `id` = 5808
2024-08-16 11:32:51;UPDATE `pe_lot_reception` SET `etat_visuel` = 1  WHERE `id` = 2262
2024-08-16 11:32:51;UPDATE `pe_lots` SET `date_maj` = "2024-08-16- 11:32:51" ,`id_user_maj` = 1  WHERE `id` = 5808
2024-08-16 11:32:55;UPDATE `pe_lot_reception` SET `observations` = "                                                                    " ,`conformite` = 1 ,`id_user` = 1 ,`date_confirmation` = "2024-08-16 11:32:55"  WHERE `id` = 2262
2024-08-16 11:32:55;UPDATE `pe_lots` SET `date_maj` = "2024-08-16- 11:32:55" ,`id_user_maj` = 1  WHERE `id` = 5808
2024-08-16 11:32:56;INSERT INTO `pe_pvisu_avant` (`commentaires`,`id_user`,`id_lot`,`date`) VALUES ("" ,1 ,5808 ,"2024-08-16" )
2024-08-16 11:32:56;DELETE FROM `pe_pvisu_avant_points` WHERE `id_pvisu_avant` = 1101
2024-08-16 11:32:56;INSERT IGNORE INTO `pe_pvisu_avant_points` (`id_pvisu_avant`, `id_point_controle`, `etat`, `id_user`, `date`) VALUES (1101, 75, 1, 1, NOW()),(1101, 73, 1, 1, NOW())
2024-08-16 11:33:00;UPDATE `pe_lot_reception` SET `crochets_recus` = 1 ,`crochets_rendus` = 0  WHERE `id` = 2262
2024-08-16 11:33:06;UPDATE `pe_lot_reception` SET `id_transporteur` = 231  WHERE `id` = 2262
2024-08-16 11:33:06;UPDATE `pe_tiers` SET `solde_crochets` = 54  WHERE `id` = 231
2024-08-16 11:33:06;UPDATE `pe_tiers_types` SET `id_famille` = 0 WHERE `id_tiers` = 231
2024-08-16 11:33:07;INSERT INTO `pe_validations` (`type`,`id_vue`,`id_liaison`) VALUES (1 ,1 ,5808 )
2024-08-16 11:33:07;INSERT IGNORE INTO `pe_validations_lots` (`id_validation`, `id_lot`, `negoce`) VALUES  (11048, 5808, 0)
2024-08-16 11:33:07;DELETE FROM `pe_lot_vues` 
						  WHERE `id_lot` = 5808 
						  AND `id_vue` = 1
2024-08-16 11:33:07;INSERT IGNORE INTO `pe_lot_vues` (`id_lot`, `id_vue`, `date_entree`) VALUES (5808, 2, "2024-08-16 11:33:07")
2024-08-16 11:33:07;UPDATE `pe_lots` SET `date_reception` = "2024-08-16" ,`date_prod` = "2024-08-16 11:33:07" ,`date_atelier` = "2024-08-16 11:33:07"  WHERE `id` = 5808
2024-08-16 11:33:08;UPDATE `pe_langues` SET `actif` = 1 WHERE `iso` = "FR"
2024-08-16 13:37:54;UPDATE `pe_langues` SET `actif` = 1 WHERE `iso` = "FR"
2024-08-16 13:37:57;DELETE FROM `pe_prp_op` WHERE `id` IN (2456)
2024-08-16 13:37:57;DELETE FROM `pe_prp_bls` WHERE `id_prp_op` IN (2456)
2024-08-16 13:37:57;INSERT INTO `pe_prp_op` (`id_user`) VALUES (0 )
2024-08-16 13:38:00;UPDATE `pe_prp_op` SET `id_transporteur` = 231  WHERE `id` = 2457
2024-08-16 13:38:08;UPDATE `pe_langues` SET `actif` = 1 WHERE `iso` = "FR"
2024-08-16 13:38:10;DELETE FROM `pe_prp_op` WHERE `id` IN (2457)
2024-08-16 13:38:10;DELETE FROM `pe_prp_bls` WHERE `id_prp_op` IN (2457)
2024-08-16 13:38:10;INSERT INTO `pe_prp_op` (`id_user`) VALUES (0 )
2024-08-16 13:38:27;UPDATE `pe_bl` SET `supprime` = 1 WHERE `id` IN (1,3,4,9,10,40,42,51,53,65,72,80,81,84,85,86,88,93,96,108,111,112,139,140,147,150,160,168,173,174,176,182,191,195,196,199,202,203,211,236,237,247,248,251,252,274,275,276,282,284,285,287,298,301,307,308,310,311,336,343,366,367,379,380,401,402,403,404,407,409,411,502,510,512,521,527,534,568,569,641,691,692,715,716,717,718,719,720,721,722,730,731,797,856,957,1038,1040,1041,1062,1087,1101,1110,1125,1142,1143,1144,1243,1343,1378,1514,1533,1565,1571,1642,1676,1771,1814,1832,1860,1881,1929,1943,1992,2004,2039,2040,2041,2042,2106,2132,2133,2145,2146,2184,2195,2197,2201,2205,2210,2216,2223,2230,2238,2275,2290,2304,2318,2354,2508,2529,2584,2585,2588,2646,2681,2687,2692,2694,2706,2713,2714,2911,3003,3007,3042,3062,3080,3081,3098,3155,3204,3215,3267,3271,3273,3360,3449,3464,3479,3526,3615,3635,3643,3653,3688,3706,3707,3711,3794,3804,3888,3965,3982,3983,4112,4209,4223,4232,4233,4307,4308,4336,4439,4463,4472,4473,4474,4514,4526,4530,4531,4557,4568,4679,4703,4711,4713,4720,4737,4816,4976,5054,5083,5095,5124,5150,5253,5295,5334,5376,5411,5413,5415,5423,5481,5486,5492,5554,5631,5632,5669,5689,5714,5812,5874,5914,5941,5948,6004,6068,6118,6121,6160,6163,6260,6322,6379,6464,6506,6570,6608,6712,6780,6799,6800,6926,7004,7256,7369,7575,7610,7641,7713,7747,7749,7849,7856,8026,8028,8035,8041,8043,8046,8061,8092,8181,8254,8257,8259)
2024-08-16 13:38:39;INSERT INTO `pe_bl` (`num_bl`,`supprime`,`statut`,`date`) VALUES ("BL2408016" ,0 ,1 ,"2024-08-16" )
2024-08-16 13:39:13;UPDATE `pe_bl` SET `supprime` = 0 ,`num_cmd` = "" ,`date` = "2024-08-16" ,`id_tiers_facturation` = 473 ,`id_tiers_livraison` = 473 ,`id_adresse_livraison` = 749 ,`id_tiers_transporteur` = 231 ,`regroupement` = 0 ,`date_livraison` = "2024-08-15" ,`chiffrage` = 0 ,`statut` = 1  WHERE id = 8337
2024-08-16 13:39:17;UPDATE `pe_bl` SET `supprime` = 1 WHERE `id` IN (1,3,4,9,10,40,42,51,53,65,72,80,81,84,85,86,88,93,96,108,111,112,139,140,147,150,160,168,173,174,176,182,191,195,196,199,202,203,211,236,237,247,248,251,252,274,275,276,282,284,285,287,298,301,307,308,310,311,336,343,366,367,379,380,401,402,403,404,407,409,411,502,510,512,521,527,534,568,569,641,691,692,715,716,717,718,719,720,721,722,730,731,797,856,957,1038,1040,1041,1062,1087,1101,1110,1125,1142,1143,1144,1243,1343,1378,1514,1533,1565,1571,1642,1676,1771,1814,1832,1860,1881,1929,1943,1992,2004,2039,2040,2041,2042,2106,2132,2133,2145,2146,2184,2195,2197,2201,2205,2210,2216,2223,2230,2238,2275,2290,2304,2318,2354,2508,2529,2584,2585,2588,2646,2681,2687,2692,2694,2706,2713,2714,2911,3003,3007,3042,3062,3080,3081,3098,3155,3204,3215,3267,3271,3273,3360,3449,3464,3479,3526,3615,3635,3643,3653,3688,3706,3707,3711,3794,3804,3888,3965,3982,3983,4112,4209,4223,4232,4233,4307,4308,4336,4439,4463,4472,4473,4474,4514,4526,4530,4531,4557,4568,4679,4703,4711,4713,4720,4737,4816,4976,5054,5083,5095,5124,5150,5253,5295,5334,5376,5411,5413,5415,5423,5481,5486,5492,5554,5631,5632,5669,5689,5714,5812,5874,5914,5941,5948,6004,6068,6118,6121,6160,6163,6260,6322,6379,6464,6506,6570,6608,6712,6780,6799,6800,6926,7004,7256,7369,7575,7610,7641,7713,7747,7749,7849,7856,8026,8028,8035,8041,8043,8046,8061,8092,8181,8254,8257,8259,8337)
2024-08-16 13:39:44;UPDATE `pe_bl` SET `supprime` = 1 WHERE `id` IN (1,3,4,9,10,40,42,51,53,65,72,80,81,84,85,86,88,93,96,108,111,112,139,140,147,150,160,168,173,174,176,182,191,195,196,199,202,203,211,236,237,247,248,251,252,274,275,276,282,284,285,287,298,301,307,308,310,311,336,343,366,367,379,380,401,402,403,404,407,409,411,502,510,512,521,527,534,568,569,641,691,692,715,716,717,718,719,720,721,722,730,731,797,856,957,1038,1040,1041,1062,1087,1101,1110,1125,1142,1143,1144,1243,1343,1378,1514,1533,1565,1571,1642,1676,1771,1814,1832,1860,1881,1929,1943,1992,2004,2039,2040,2041,2042,2106,2132,2133,2145,2146,2184,2195,2197,2201,2205,2210,2216,2223,2230,2238,2275,2290,2304,2318,2354,2508,2529,2584,2585,2588,2646,2681,2687,2692,2694,2706,2713,2714,2911,3003,3007,3042,3062,3080,3081,3098,3155,3204,3215,3267,3271,3273,3360,3449,3464,3479,3526,3615,3635,3643,3653,3688,3706,3707,3711,3794,3804,3888,3965,3982,3983,4112,4209,4223,4232,4233,4307,4308,4336,4439,4463,4472,4473,4474,4514,4526,4530,4531,4557,4568,4679,4703,4711,4713,4720,4737,4816,4976,5054,5083,5095,5124,5150,5253,5295,5334,5376,5411,5413,5415,5423,5481,5486,5492,5554,5631,5632,5669,5689,5714,5812,5874,5914,5941,5948,6004,6068,6118,6121,6160,6163,6260,6322,6379,6464,6506,6570,6608,6712,6780,6799,6800,6926,7004,7256,7369,7575,7610,7641,7713,7747,7749,7849,7856,8026,8028,8035,8041,8043,8046,8061,8092,8181,8254,8257,8259,8337)
2024-08-16 13:39:51;UPDATE `pe_bl` SET `supprime` = 1 WHERE `id` IN (1,3,4,9,10,40,42,51,53,65,72,80,81,84,85,86,88,93,96,108,111,112,139,140,147,150,160,168,173,174,176,182,191,195,196,199,202,203,211,236,237,247,248,251,252,274,275,276,282,284,285,287,298,301,307,308,310,311,336,343,366,367,379,380,401,402,403,404,407,409,411,502,510,512,521,527,534,568,569,641,691,692,715,716,717,718,719,720,721,722,730,731,797,856,957,1038,1040,1041,1062,1087,1101,1110,1125,1142,1143,1144,1243,1343,1378,1514,1533,1565,1571,1642,1676,1771,1814,1832,1860,1881,1929,1943,1992,2004,2039,2040,2041,2042,2106,2132,2133,2145,2146,2184,2195,2197,2201,2205,2210,2216,2223,2230,2238,2275,2290,2304,2318,2354,2508,2529,2584,2585,2588,2646,2681,2687,2692,2694,2706,2713,2714,2911,3003,3007,3042,3062,3080,3081,3098,3155,3204,3215,3267,3271,3273,3360,3449,3464,3479,3526,3615,3635,3643,3653,3688,3706,3707,3711,3794,3804,3888,3965,3982,3983,4112,4209,4223,4232,4233,4307,4308,4336,4439,4463,4472,4473,4474,4514,4526,4530,4531,4557,4568,4679,4703,4711,4713,4720,4737,4816,4976,5054,5083,5095,5124,5150,5253,5295,5334,5376,5411,5413,5415,5423,5481,5486,5492,5554,5631,5632,5669,5689,5714,5812,5874,5914,5941,5948,6004,6068,6118,6121,6160,6163,6260,6322,6379,6464,6506,6570,6608,6712,6780,6799,6800,6926,7004,7256,7369,7575,7610,7641,7713,7747,7749,7849,7856,8026,8028,8035,8041,8043,8046,8061,8092,8181,8254,8257,8259,8337)
2024-08-16 13:40:12;INSERT INTO `pe_bl` (`num_bl`,`supprime`,`statut`,`date`) VALUES ("BL2408017" ,0 ,1 ,"2024-08-16" )
2024-08-16 13:40:59;INSERT INTO `pe_palette_composition` (`id_palette`,`id_client`,`id_produit`,`id_lot_pdt_froid`,`id_frais`,`id_lot_pdt_negoce`,`id_lot_regroupement`,`poids`,`nb_colis`,`date`,`id_user`,`id_lot_hors_stock`,`archive`,`supprime`) VALUES (0 ,473 ,75 ,0 ,0 ,0 ,0 ,20 ,10 ,"2024-08-16 13:40:59" ,1 ,0 ,0 ,0 )
2024-08-16 13:40:59;INSERT INTO `pe_bl_lignes` (`id_bl`,`id_compo`,`id_palette`,`id_produit`,`id_lot`,`numlot`,`poids`,`nb_colis`,`qte`,`pu_ht`,`tva`,`date_add`,`supprime`) VALUES (8338 ,88846 ,0 ,75 ,0 ,"" ,20 ,10 ,1 ,0 ,5.5 ,"2024-08-16 13:40:59" ,0 )
2024-08-16 13:41:00;UPDATE `pe_bl` SET `id_tiers_facturation` = 473  WHERE id = 8338
2024-08-16 13:41:07;UPDATE `pe_bl` SET `supprime` = 0 ,`num_cmd` = "" ,`date` = "2024-08-16" ,`id_tiers_facturation` = 473 ,`id_tiers_livraison` = 473 ,`id_adresse_livraison` = 749 ,`id_tiers_transporteur` = 231 ,`regroupement` = 0 ,`date_livraison` = "2024-08-16" ,`chiffrage` = 0 ,`statut` = 1  WHERE id = 8338
2024-08-16 13:42:50;UPDATE `pe_bl` SET `supprime` = 1 WHERE `id` IN (1,3,4,9,10,40,42,51,53,65,72,80,81,84,85,86,88,93,96,108,111,112,139,140,147,150,160,168,173,174,176,182,191,195,196,199,202,203,211,236,237,247,248,251,252,274,275,276,282,284,285,287,298,301,307,308,310,311,336,343,366,367,379,380,401,402,403,404,407,409,411,502,510,512,521,527,534,568,569,641,691,692,715,716,717,718,719,720,721,722,730,731,797,856,957,1038,1040,1041,1062,1087,1101,1110,1125,1142,1143,1144,1243,1343,1378,1514,1533,1565,1571,1642,1676,1771,1814,1832,1860,1881,1929,1943,1992,2004,2039,2040,2041,2042,2106,2132,2133,2145,2146,2184,2195,2197,2201,2205,2210,2216,2223,2230,2238,2275,2290,2304,2318,2354,2508,2529,2584,2585,2588,2646,2681,2687,2692,2694,2706,2713,2714,2911,3003,3007,3042,3062,3080,3081,3098,3155,3204,3215,3267,3271,3273,3360,3449,3464,3479,3526,3615,3635,3643,3653,3688,3706,3707,3711,3794,3804,3888,3965,3982,3983,4112,4209,4223,4232,4233,4307,4308,4336,4439,4463,4472,4473,4474,4514,4526,4530,4531,4557,4568,4679,4703,4711,4713,4720,4737,4816,4976,5054,5083,5095,5124,5150,5253,5295,5334,5376,5411,5413,5415,5423,5481,5486,5492,5554,5631,5632,5669,5689,5714,5812,5874,5914,5941,5948,6004,6068,6118,6121,6160,6163,6260,6322,6379,6464,6506,6570,6608,6712,6780,6799,6800,6926,7004,7256,7369,7575,7610,7641,7713,7747,7749,7849,7856,8026,8028,8035,8041,8043,8046,8061,8092,8181,8254,8257,8259,8337)
2024-08-16 13:42:57;UPDATE `pe_bl` SET `supprime` = 1 WHERE `id` IN (1,3,4,9,10,40,42,51,53,65,72,80,81,84,85,86,88,93,96,108,111,112,139,140,147,150,160,168,173,174,176,182,191,195,196,199,202,203,211,236,237,247,248,251,252,274,275,276,282,284,285,287,298,301,307,308,310,311,336,343,366,367,379,380,401,402,403,404,407,409,411,502,510,512,521,527,534,568,569,641,691,692,715,716,717,718,719,720,721,722,730,731,797,856,957,1038,1040,1041,1062,1087,1101,1110,1125,1142,1143,1144,1243,1343,1378,1514,1533,1565,1571,1642,1676,1771,1814,1832,1860,1881,1929,1943,1992,2004,2039,2040,2041,2042,2106,2132,2133,2145,2146,2184,2195,2197,2201,2205,2210,2216,2223,2230,2238,2275,2290,2304,2318,2354,2508,2529,2584,2585,2588,2646,2681,2687,2692,2694,2706,2713,2714,2911,3003,3007,3042,3062,3080,3081,3098,3155,3204,3215,3267,3271,3273,3360,3449,3464,3479,3526,3615,3635,3643,3653,3688,3706,3707,3711,3794,3804,3888,3965,3982,3983,4112,4209,4223,4232,4233,4307,4308,4336,4439,4463,4472,4473,4474,4514,4526,4530,4531,4557,4568,4679,4703,4711,4713,4720,4737,4816,4976,5054,5083,5095,5124,5150,5253,5295,5334,5376,5411,5413,5415,5423,5481,5486,5492,5554,5631,5632,5669,5689,5714,5812,5874,5914,5941,5948,6004,6068,6118,6121,6160,6163,6260,6322,6379,6464,6506,6570,6608,6712,6780,6799,6800,6926,7004,7256,7369,7575,7610,7641,7713,7747,7749,7849,7856,8026,8028,8035,8041,8043,8046,8061,8092,8181,8254,8257,8259,8337)
2024-08-16 13:43:03;UPDATE `pe_bl` SET `supprime` = 1 WHERE `id` IN (1,3,4,9,10,40,42,51,53,65,72,80,81,84,85,86,88,93,96,108,111,112,139,140,147,150,160,168,173,174,176,182,191,195,196,199,202,203,211,236,237,247,248,251,252,274,275,276,282,284,285,287,298,301,307,308,310,311,336,343,366,367,379,380,401,402,403,404,407,409,411,502,510,512,521,527,534,568,569,641,691,692,715,716,717,718,719,720,721,722,730,731,797,856,957,1038,1040,1041,1062,1087,1101,1110,1125,1142,1143,1144,1243,1343,1378,1514,1533,1565,1571,1642,1676,1771,1814,1832,1860,1881,1929,1943,1992,2004,2039,2040,2041,2042,2106,2132,2133,2145,2146,2184,2195,2197,2201,2205,2210,2216,2223,2230,2238,2275,2290,2304,2318,2354,2508,2529,2584,2585,2588,2646,2681,2687,2692,2694,2706,2713,2714,2911,3003,3007,3042,3062,3080,3081,3098,3155,3204,3215,3267,3271,3273,3360,3449,3464,3479,3526,3615,3635,3643,3653,3688,3706,3707,3711,3794,3804,3888,3965,3982,3983,4112,4209,4223,4232,4233,4307,4308,4336,4439,4463,4472,4473,4474,4514,4526,4530,4531,4557,4568,4679,4703,4711,4713,4720,4737,4816,4976,5054,5083,5095,5124,5150,5253,5295,5334,5376,5411,5413,5415,5423,5481,5486,5492,5554,5631,5632,5669,5689,5714,5812,5874,5914,5941,5948,6004,6068,6118,6121,6160,6163,6260,6322,6379,6464,6506,6570,6608,6712,6780,6799,6800,6926,7004,7256,7369,7575,7610,7641,7713,7747,7749,7849,7856,8026,8028,8035,8041,8043,8046,8061,8092,8181,8254,8257,8259,8337)
2024-08-16 13:43:09;UPDATE `pe_bl` SET `supprime` = 1 WHERE `id` IN (1,3,4,9,10,40,42,51,53,65,72,80,81,84,85,86,88,93,96,108,111,112,139,140,147,150,160,168,173,174,176,182,191,195,196,199,202,203,211,236,237,247,248,251,252,274,275,276,282,284,285,287,298,301,307,308,310,311,336,343,366,367,379,380,401,402,403,404,407,409,411,502,510,512,521,527,534,568,569,641,691,692,715,716,717,718,719,720,721,722,730,731,797,856,957,1038,1040,1041,1062,1087,1101,1110,1125,1142,1143,1144,1243,1343,1378,1514,1533,1565,1571,1642,1676,1771,1814,1832,1860,1881,1929,1943,1992,2004,2039,2040,2041,2042,2106,2132,2133,2145,2146,2184,2195,2197,2201,2205,2210,2216,2223,2230,2238,2275,2290,2304,2318,2354,2508,2529,2584,2585,2588,2646,2681,2687,2692,2694,2706,2713,2714,2911,3003,3007,3042,3062,3080,3081,3098,3155,3204,3215,3267,3271,3273,3360,3449,3464,3479,3526,3615,3635,3643,3653,3688,3706,3707,3711,3794,3804,3888,3965,3982,3983,4112,4209,4223,4232,4233,4307,4308,4336,4439,4463,4472,4473,4474,4514,4526,4530,4531,4557,4568,4679,4703,4711,4713,4720,4737,4816,4976,5054,5083,5095,5124,5150,5253,5295,5334,5376,5411,5413,5415,5423,5481,5486,5492,5554,5631,5632,5669,5689,5714,5812,5874,5914,5941,5948,6004,6068,6118,6121,6160,6163,6260,6322,6379,6464,6506,6570,6608,6712,6780,6799,6800,6926,7004,7256,7369,7575,7610,7641,7713,7747,7749,7849,7856,8026,8028,8035,8041,8043,8046,8061,8092,8181,8254,8257,8259,8337)
2024-08-16 13:43:33;UPDATE `pe_bl` SET `num_cmd` = "" ,`id_tiers_facturation` = 473 ,`id_tiers_livraison` = 473 ,`id_tiers_transporteur` = 231 ,`id_adresse_livraison` = 749 ,`nom_client` = "" ,`statut` = 1 ,`supprime` = 0 ,`date_livraison` = "2024-08-16"  WHERE id = 8338
2024-08-16 13:43:42;UPDATE `pe_bl_lignes` SET `pu_ht` = 10  WHERE `id` = 75994
2024-08-16 13:43:46;INSERT INTO `pe_tarif_client` (`id_tiers`,`id_produit`,`prix`) VALUES (473 ,75 ,10 )
2024-08-16 13:43:49;UPDATE `pe_bl` SET `num_cmd` = "" ,`date` = "2024-08-16" ,`id_tiers_facturation` = 473 ,`id_tiers_livraison` = 473 ,`id_adresse_livraison` = 749 ,`id_tiers_transporteur` = 231 ,`date_livraison` = "2024-08-16"  WHERE id = 8338
2024-08-16 13:43:49;UPDATE `pe_tiers` SET `id_langue` = 1  WHERE `id` = 473
2024-08-16 13:43:49;UPDATE `pe_tiers_types` SET `id_famille` = 0 WHERE `id_tiers` = 473
2024-08-16 13:43:50;UPDATE `pe_bl` SET `num_cmd` = "" ,`date` = "2024-08-16" ,`id_tiers_facturation` = 473 ,`id_tiers_livraison` = 473 ,`id_adresse_livraison` = 749 ,`id_tiers_transporteur` = 231 ,`date_livraison` = "2024-08-16" ,`chiffrage` = 0  WHERE id = 8338
2024-08-16 13:43:50;UPDATE `pe_bl` SET `num_cmd` = "" ,`date` = "2024-08-16" ,`id_tiers_facturation` = 473 ,`id_tiers_livraison` = 473 ,`id_adresse_livraison` = 749 ,`id_tiers_transporteur` = 231 ,`date_livraison` = "2024-08-16" ,`chiffrage` = 0 ,`statut` = 2 ,`supprime` = 0  WHERE id = 8338
2024-08-16 13:43:50;UPDATE `pe_palette_composition` SET `supprime` = 1, `archive` = 1 WHERE `id` IN (88846)
2024-08-16 13:43:50;UPDATE `pe_bl` SET `date_envoi` = NULL WHERE `id` = 8338
2024-08-16 13:44:04;UPDATE `pe_bl` SET `supprime` = 1 WHERE `id` IN (1,3,4,9,10,40,42,51,53,65,72,80,81,84,85,86,88,93,96,108,111,112,139,140,147,150,160,168,173,174,176,182,191,195,196,199,202,203,211,236,237,247,248,251,252,274,275,276,282,284,285,287,298,301,307,308,310,311,336,343,366,367,379,380,401,402,403,404,407,409,411,502,510,512,521,527,534,568,569,641,691,692,715,716,717,718,719,720,721,722,730,731,797,856,957,1038,1040,1041,1062,1087,1101,1110,1125,1142,1143,1144,1243,1343,1378,1514,1533,1565,1571,1642,1676,1771,1814,1832,1860,1881,1929,1943,1992,2004,2039,2040,2041,2042,2106,2132,2133,2145,2146,2184,2195,2197,2201,2205,2210,2216,2223,2230,2238,2275,2290,2304,2318,2354,2508,2529,2584,2585,2588,2646,2681,2687,2692,2694,2706,2713,2714,2911,3003,3007,3042,3062,3080,3081,3098,3155,3204,3215,3267,3271,3273,3360,3449,3464,3479,3526,3615,3635,3643,3653,3688,3706,3707,3711,3794,3804,3888,3965,3982,3983,4112,4209,4223,4232,4233,4307,4308,4336,4439,4463,4472,4473,4474,4514,4526,4530,4531,4557,4568,4679,4703,4711,4713,4720,4737,4816,4976,5054,5083,5095,5124,5150,5253,5295,5334,5376,5411,5413,5415,5423,5481,5486,5492,5554,5631,5632,5669,5689,5714,5812,5874,5914,5941,5948,6004,6068,6118,6121,6160,6163,6260,6322,6379,6464,6506,6570,6608,6712,6780,6799,6800,6926,7004,7256,7369,7575,7610,7641,7713,7747,7749,7849,7856,8026,8028,8035,8041,8043,8046,8061,8092,8181,8254,8257,8259,8337)
2024-08-16 13:44:43;UPDATE `pe_langues` SET `actif` = 1 WHERE `iso` = "FR"
2024-08-16 13:44:46;DELETE FROM `pe_prp_op` WHERE `id` IN (2458)
2024-08-16 13:44:46;DELETE FROM `pe_prp_bls` WHERE `id_prp_op` IN (2458)
2024-08-16 13:44:46;INSERT INTO `pe_prp_op` (`id_user`) VALUES (0 )
2024-08-16 13:44:49;UPDATE `pe_prp_op` SET `id_transporteur` = 231  WHERE `id` = 2459
2024-08-16 13:44:55;DELETE FROM `pe_prp_bls` WHERE `id_prp_op` = 2459
2024-08-16 13:44:55;INSERT IGNORE INTO `pe_prp_bls` (`id_prp_op`, `id_bl`) VALUES (2459, 8338)
2024-08-16 13:44:58;UPDATE `pe_prp_op` SET `date` = "2024-08-16"  WHERE `id` = 2459
2024-08-16 13:45:12;UPDATE `pe_prp_op` SET `cmd_conforme` = 1  WHERE `id` = 2459
2024-08-16 13:45:17;UPDATE `pe_prp_op` SET `t_surface` = 1 ,`t_surface_conforme` = 1  WHERE `id` = 2459
2024-08-16 13:45:24;UPDATE `pe_prp_op` SET `t_camion` = 1 ,`t_camion_conforme` = 1  WHERE `id` = 2459
2024-08-16 13:55:04;UPDATE `pe_langues` SET `actif` = 1 WHERE `iso` = "FR"
2024-08-16 13:55:04;UPDATE `pe_consommables` SET `id_precedent` = 0, `date_upd` = null WHERE `date_upd` < CURDATE()
2024-08-16 13:55:08;UPDATE `pe_langues` SET `actif` = 1 WHERE `iso` = "FR"
2024-08-16 13:56:38;UPDATE `pe_langues` SET `actif` = 1 WHERE `iso` = "FR"
2024-08-16 13:57:09;UPDATE `pe_langues` SET `actif` = 1 WHERE `iso` = "FR"
2024-08-16 13:57:13;UPDATE `pe_langues` SET `actif` = 1 WHERE `iso` = "FR"
2024-08-16 13:57:20;INSERT INTO `pe_froid` (`id_type`,`id_user_maj`,`date_entree`) VALUES (6 ,1 ,"2024-08-16 13:57:20" )
2024-08-16 13:57:20;INSERT IGNORE INTO `pe_lot_vues` (`id_lot`, `id_vue`, `date_entree`) VALUES (5808, 2, "2024-08-16 13:57:20")
2024-08-16 13:57:20;INSERT IGNORE INTO `pe_lot_quantieme` (`id_lot`, `quantieme`) VALUES(5808, "229")
2024-08-16 13:57:20;INSERT INTO `pe_froid_produits` (`id_lot`,`id_pdt`,`id_froid`,`id_palette`,`quantieme`,`date_add`,`user_add`) VALUES (5808 ,488 ,6663 ,0 ,"" ,"2024-08-16 13:57:20" ,1 )
2024-08-16 13:57:20;UPDATE `pe_lots` SET `date_maj` = "2024-08-16 13:57:20"  WHERE `id` = 5808
2024-08-16 13:57:20;UPDATE `pe_froid_produits` SET `id_lot` = 5808 ,`id_pdt` = 488 ,`id_froid` = 6663 ,`id_palette` = 0 ,`quantieme` = "" ,`date_add` = "2024-08-16 13:57:20" ,`user_add` = 1 ,`poids` = 0 ,`nb_colis` = 0  WHERE `id_lot_pdt_froid` = 31264
2024-08-16 13:57:26;UPDATE `pe_froid` SET `test_avant_fe` = 1 ,`test_avant_nfe` = 1 ,`test_avant_inox` = 1  WHERE `id` = 6663
2024-08-16 13:57:26;INSERT INTO `pe_loma` (`id_lot_pdt_froid`,`test_pdt`,`commentaire`,`date_test`,`id_user_visa`) VALUES (31264 ,0 ,"" ,"2024-08-16 13:57:26" ,1 )
2024-08-16 13:57:26;INSERT INTO `pe_validations` (`type`,`id_vue`,`id_liaison`) VALUES (3 ,2 ,2914 )
2024-08-16 13:57:26;INSERT IGNORE INTO `pe_validations_lots` (`id_validation`, `id_lot`, `negoce`) VALUES  (11049, 5808, 0)
2024-08-16 13:57:26;INSERT IGNORE INTO `pe_lot_quantieme` (`id_lot`, `quantieme`) VALUES(5808, "229")
2024-08-16 13:57:27;INSERT IGNORE INTO `pe_emballages_prod` (`id_emballage_lot`, `id_lot`, `id_froid`) VALUES (144, 5808,0),(210, 5808,0),(219, 5808,0),(231, 5808,0),(298, 5808,0),(304, 5808,0),(354, 5808,0),(382, 5808,0),(401, 5808,0),(405, 5808,0),(429, 5808,0),(441, 5808,0),(446, 5808,0),(448, 5808,0),(455, 5808,0),(457, 5808,0),(458, 5808,0)
2024-08-16 13:57:45;UPDATE `pe_langues` SET `actif` = 1 WHERE `iso` = "FR"
2024-08-16 13:57:58;UPDATE `pe_langues` SET `actif` = 1 WHERE `iso` = "FR"
2024-08-16 13:58:13;UPDATE `pe_langues` SET `actif` = 1 WHERE `iso` = "FR"
2024-08-16 13:58:41;UPDATE `pe_bl_lignes` SET `supprime` = 1 WHERE `supprime` = 0  AND `id_bl` IN (SELECT `id` FROM `pe_bl` WHERE `supprime` = 1)
2024-08-16 13:59:34;UPDATE `pe_bl_lignes` SET `supprime` = 1 WHERE `supprime` = 0  AND `id_bl` IN (SELECT `id` FROM `pe_bl` WHERE `supprime` = 1)
2024-08-16 14:02:06;DELETE FROM `pe_prp_op` WHERE `id` IN (2459)
2024-08-16 14:02:06;DELETE FROM `pe_prp_bls` WHERE `id_prp_op` IN (2459)
2024-08-16 14:02:06;INSERT INTO `pe_prp_op` (`id_user`) VALUES (0 )
2024-08-16 14:02:44;UPDATE `pe_prp_op` SET `id_transporteur` = 231  WHERE `id` = 2460
2024-08-16 14:03:02;DELETE FROM `pe_prp_bls` WHERE `id_prp_op` = 2460
2024-08-16 14:03:02;INSERT IGNORE INTO `pe_prp_bls` (`id_prp_op`, `id_bl`) VALUES (2460, 8338)
2024-08-16 14:03:15;UPDATE `pe_langues` SET `actif` = 1 WHERE `iso` = "FR"
2024-08-16 14:03:15;UPDATE `pe_consommables` SET `id_precedent` = 0, `date_upd` = null WHERE `date_upd` < CURDATE()
2024-08-16 14:03:24;UPDATE `pe_bl` SET `supprime` = 1 WHERE `id` IN (1,3,4,9,10,40,42,51,53,65,72,80,81,84,85,86,88,93,96,108,111,112,139,140,147,150,160,168,173,174,176,182,191,195,196,199,202,203,211,236,237,247,248,251,252,274,275,276,282,284,285,287,298,301,307,308,310,311,336,343,366,367,379,380,401,402,403,404,407,409,411,502,510,512,521,527,534,568,569,641,691,692,715,716,717,718,719,720,721,722,730,731,797,856,957,1038,1040,1041,1062,1087,1101,1110,1125,1142,1143,1144,1243,1343,1378,1514,1533,1565,1571,1642,1676,1771,1814,1832,1860,1881,1929,1943,1992,2004,2039,2040,2041,2042,2106,2132,2133,2145,2146,2184,2195,2197,2201,2205,2210,2216,2223,2230,2238,2275,2290,2304,2318,2354,2508,2529,2584,2585,2588,2646,2681,2687,2692,2694,2706,2713,2714,2911,3003,3007,3042,3062,3080,3081,3098,3155,3204,3215,3267,3271,3273,3360,3449,3464,3479,3526,3615,3635,3643,3653,3688,3706,3707,3711,3794,3804,3888,3965,3982,3983,4112,4209,4223,4232,4233,4307,4308,4336,4439,4463,4472,4473,4474,4514,4526,4530,4531,4557,4568,4679,4703,4711,4713,4720,4737,4816,4976,5054,5083,5095,5124,5150,5253,5295,5334,5376,5411,5413,5415,5423,5481,5486,5492,5554,5631,5632,5669,5689,5714,5812,5874,5914,5941,5948,6004,6068,6118,6121,6160,6163,6260,6322,6379,6464,6506,6570,6608,6712,6780,6799,6800,6926,7004,7256,7369,7575,7610,7641,7713,7747,7749,7849,7856,8026,8028,8035,8041,8043,8046,8061,8092,8181,8254,8257,8259,8337)
