2024-08-26 08:33:18;UPDATE `pe_langues` SET `actif` = 1 WHERE `iso` = "FR"
2024-08-26 08:33:18;UPDATE `pe_consommables` SET `id_precedent` = 0, `date_upd` = null WHERE `date_upd` < CURDATE()
2024-08-26 08:50:24;UPDATE `pe_langues` SET `actif` = 1 WHERE `iso` = "FR"
2024-08-26 08:50:27;DELETE FROM `pe_prp_op` WHERE `id` IN (2474)
2024-08-26 08:50:27;DELETE FROM `pe_prp_bls` WHERE `id_prp_op` IN (2474)
2024-08-26 08:50:27;INSERT INTO `pe_prp_op` (`id_user`) VALUES (0 )
2024-08-26 08:50:31;UPDATE `pe_prp_op` SET `id_transporteur` = 231  WHERE `id` = 2475
2024-08-26 08:51:06;DELETE FROM `pe_prp_bls` WHERE `id_prp_op` = 2475
2024-08-26 08:51:06;INSERT IGNORE INTO `pe_prp_bls` (`id_prp_op`, `id_bl`) VALUES (2475, 8357)
2024-08-26 08:51:08;UPDATE `pe_langues` SET `actif` = 1 WHERE `iso` = "FR"
2024-08-26 08:51:08;UPDATE `pe_consommables` SET `id_precedent` = 0, `date_upd` = null WHERE `date_upd` < CURDATE()
2024-08-26 08:51:16;UPDATE `pe_langues` SET `actif` = 1 WHERE `iso` = "FR"
2024-08-26 08:51:20;UPDATE `pe_langues` SET `actif` = 1 WHERE `iso` = "FR"
2024-08-26 08:51:22;DELETE FROM `pe_prp_op` WHERE `id` IN (2475)
2024-08-26 08:51:22;DELETE FROM `pe_prp_bls` WHERE `id_prp_op` IN (2475)
2024-08-26 08:51:22;INSERT INTO `pe_prp_op` (`id_user`) VALUES (0 )
2024-08-26 08:51:26;UPDATE `pe_prp_op` SET `id_transporteur` = 231  WHERE `id` = 2476
2024-08-26 08:51:28;DELETE FROM `pe_prp_bls` WHERE `id_prp_op` = 2476
2024-08-26 08:51:28;INSERT IGNORE INTO `pe_prp_bls` (`id_prp_op`, `id_bl`) VALUES (2476, 8338)
2024-08-26 08:51:30;UPDATE `pe_prp_op` SET `date` = "2024-08-26"  WHERE `id` = 2476
2024-08-26 09:05:41;UPDATE `pe_prp_op` SET `cmd_conforme` = 1  WHERE `id` = 2476
2024-08-26 09:05:47;UPDATE `pe_prp_op` SET `t_surface` = 2 ,`t_surface_conforme` = 1  WHERE `id` = 2476
2024-08-26 09:05:50;UPDATE `pe_prp_op` SET `t_camion` = 1 ,`t_camion_conforme` = 1  WHERE `id` = 2476
2024-08-26 09:20:02;UPDATE `pe_langues` SET `actif` = 1 WHERE `iso` = "FR"
2024-08-26 09:20:02;UPDATE `pe_consommables` SET `id_precedent` = 0, `date_upd` = null WHERE `date_upd` < CURDATE()
2024-08-26 09:20:21;UPDATE `pe_bl` SET `supprime` = 1 WHERE `id` IN (1,3,4,9,10,40,42,51,53,65,72,80,81,84,85,86,88,93,96,108,111,112,139,140,147,150,160,168,173,174,176,182,191,195,196,199,202,203,211,236,237,247,248,251,252,274,275,276,282,284,285,287,298,301,307,308,310,311,336,343,366,367,379,380,401,402,403,404,407,409,411,502,510,512,521,527,534,568,569,641,691,692,715,716,717,718,719,720,721,722,730,731,797,856,957,1038,1040,1041,1062,1087,1101,1110,1125,1142,1143,1144,1243,1343,1378,1514,1533,1565,1571,1642,1676,1771,1814,1832,1860,1881,1929,1943,1992,2004,2039,2040,2041,2042,2106,2132,2133,2145,2146,2184,2195,2197,2201,2205,2210,2216,2223,2230,2238,2275,2290,2304,2318,2354,2508,2529,2584,2585,2588,2646,2681,2687,2692,2694,2706,2713,2714,2911,3003,3007,3042,3062,3080,3081,3098,3155,3204,3215,3267,3271,3273,3360,3449,3464,3479,3526,3615,3635,3643,3653,3688,3706,3707,3711,3794,3804,3888,3965,3982,3983,4112,4209,4223,4232,4233,4307,4308,4336,4439,4463,4472,4473,4474,4514,4526,4530,4531,4557,4568,4679,4703,4711,4713,4720,4737,4816,4976,5054,5083,5095,5124,5150,5253,5295,5334,5376,5411,5413,5415,5423,5481,5486,5492,5554,5631,5632,5669,5689,5714,5812,5874,5914,5941,5948,6004,6068,6118,6121,6160,6163,6260,6322,6379,6464,6506,6570,6608,6712,6780,6799,6800,6926,7004,7256,7369,7575,7610,7641,7713,7747,7749,7849,7856,8026,8028,8035,8041,8043,8046,8061,8092,8181,8254,8257,8259,8337,8339,8340,8341,8342,8343,8344,8345,8346,8347,8348,8349,8350,8351,8352,8353,8355,8356)
2024-08-26 09:20:26;UPDATE `pe_bl` SET `id_tiers_livraison` = 277  WHERE id = 8358
2024-08-26 09:21:37;UPDATE `pe_langues` SET `actif` = 1 WHERE `iso` = "FR"
2024-08-26 09:21:39;DELETE FROM `pe_prp_op` WHERE `id` IN (2476)
2024-08-26 09:21:39;DELETE FROM `pe_prp_bls` WHERE `id_prp_op` IN (2476)
2024-08-26 09:21:39;INSERT INTO `pe_prp_op` (`id_user`) VALUES (0 )
2024-08-26 09:21:42;UPDATE `pe_prp_op` SET `id_transporteur` = 231  WHERE `id` = 2477
2024-08-26 09:21:45;DELETE FROM `pe_prp_bls` WHERE `id_prp_op` = 2477
2024-08-26 09:21:45;INSERT IGNORE INTO `pe_prp_bls` (`id_prp_op`, `id_bl`) VALUES (2477, 8338)
2024-08-26 09:21:47;UPDATE `pe_prp_op` SET `date` = "2024-08-26"  WHERE `id` = 2477
2024-08-26 09:21:52;UPDATE `pe_langues` SET `actif` = 1 WHERE `iso` = "FR"
2024-08-26 09:21:56;UPDATE `pe_langues` SET `actif` = 1 WHERE `iso` = "FR"
2024-08-26 09:21:59;DELETE FROM `pe_prp_op` WHERE `id` IN (2477)
2024-08-26 09:21:59;DELETE FROM `pe_prp_bls` WHERE `id_prp_op` IN (2477)
2024-08-26 09:21:59;INSERT INTO `pe_prp_op` (`id_user`) VALUES (0 )
2024-08-26 09:22:01;UPDATE `pe_prp_op` SET `id_transporteur` = 231  WHERE `id` = 2478
2024-08-26 09:22:04;DELETE FROM `pe_prp_bls` WHERE `id_prp_op` = 2478
2024-08-26 09:22:04;INSERT IGNORE INTO `pe_prp_bls` (`id_prp_op`, `id_bl`) VALUES (2478, 8357)
2024-08-26 09:22:07;UPDATE `pe_prp_op` SET `date` = "2024-08-26"  WHERE `id` = 2478
2024-08-26 09:22:55;UPDATE `pe_langues` SET `actif` = 1 WHERE `iso` = "FR"
2024-08-26 09:22:58;UPDATE `pe_langues` SET `actif` = 1 WHERE `iso` = "FR"
2024-08-26 09:22:59;DELETE FROM `pe_prp_op` WHERE `id` IN (2478)
2024-08-26 09:22:59;DELETE FROM `pe_prp_bls` WHERE `id_prp_op` IN (2478)
2024-08-26 09:23:00;INSERT INTO `pe_prp_op` (`id_user`) VALUES (0 )
2024-08-26 09:23:01;UPDATE `pe_prp_op` SET `id_transporteur` = 231  WHERE `id` = 2479
2024-08-26 09:23:04;DELETE FROM `pe_prp_bls` WHERE `id_prp_op` = 2479
2024-08-26 09:23:04;INSERT IGNORE INTO `pe_prp_bls` (`id_prp_op`, `id_bl`) VALUES (2479, 8338)
2024-08-26 09:47:00;UPDATE `pe_langues` SET `actif` = 1 WHERE `iso` = "FR"
2024-08-26 09:47:05;DELETE FROM `pe_prp_op` WHERE `id` IN (2479)
2024-08-26 09:47:05;DELETE FROM `pe_prp_bls` WHERE `id_prp_op` IN (2479)
2024-08-26 09:47:05;INSERT INTO `pe_prp_op` (`id_user`) VALUES (0 )
2024-08-26 09:47:07;UPDATE `pe_prp_op` SET `id_transporteur` = 231  WHERE `id` = 2480
2024-08-26 09:47:11;DELETE FROM `pe_prp_bls` WHERE `id_prp_op` = 2480
2024-08-26 09:47:11;INSERT IGNORE INTO `pe_prp_bls` (`id_prp_op`, `id_bl`) VALUES (2480, 8338)
2024-08-26 09:47:14;UPDATE `pe_prp_op` SET `date` = "2024-08-26"  WHERE `id` = 2480
2024-08-26 09:47:15;UPDATE `pe_prp_op` SET `cmd_conforme` = 1  WHERE `id` = 2480
2024-08-26 09:47:19;UPDATE `pe_prp_op` SET `t_surface` = 1 ,`t_surface_conforme` = 1  WHERE `id` = 2480
2024-08-26 09:47:22;UPDATE `pe_prp_op` SET `t_camion` = 1 ,`t_camion_conforme` = 1  WHERE `id` = 2480
2024-08-26 09:51:40;UPDATE `pe_bl` SET `supprime` = 1 WHERE `id` IN (1,3,4,9,10,40,42,51,53,65,72,80,81,84,85,86,88,93,96,108,111,112,139,140,147,150,160,168,173,174,176,182,191,195,196,199,202,203,211,236,237,247,248,251,252,274,275,276,282,284,285,287,298,301,307,308,310,311,336,343,366,367,379,380,401,402,403,404,407,409,411,502,510,512,521,527,534,568,569,641,691,692,715,716,717,718,719,720,721,722,730,731,797,856,957,1038,1040,1041,1062,1087,1101,1110,1125,1142,1143,1144,1243,1343,1378,1514,1533,1565,1571,1642,1676,1771,1814,1832,1860,1881,1929,1943,1992,2004,2039,2040,2041,2042,2106,2132,2133,2145,2146,2184,2195,2197,2201,2205,2210,2216,2223,2230,2238,2275,2290,2304,2318,2354,2508,2529,2584,2585,2588,2646,2681,2687,2692,2694,2706,2713,2714,2911,3003,3007,3042,3062,3080,3081,3098,3155,3204,3215,3267,3271,3273,3360,3449,3464,3479,3526,3615,3635,3643,3653,3688,3706,3707,3711,3794,3804,3888,3965,3982,3983,4112,4209,4223,4232,4233,4307,4308,4336,4439,4463,4472,4473,4474,4514,4526,4530,4531,4557,4568,4679,4703,4711,4713,4720,4737,4816,4976,5054,5083,5095,5124,5150,5253,5295,5334,5376,5411,5413,5415,5423,5481,5486,5492,5554,5631,5632,5669,5689,5714,5812,5874,5914,5941,5948,6004,6068,6118,6121,6160,6163,6260,6322,6379,6464,6506,6570,6608,6712,6780,6799,6800,6926,7004,7256,7369,7575,7610,7641,7713,7747,7749,7849,7856,8026,8028,8035,8041,8043,8046,8061,8092,8181,8254,8257,8259,8337,8339,8340,8341,8342,8343,8344,8345,8346,8347,8348,8349,8350,8351,8352,8353,8355,8356)
2024-08-26 09:51:44;UPDATE `pe_langues` SET `actif` = 1 WHERE `iso` = "FR"
2024-08-26 09:51:47;UPDATE `pe_langues` SET `actif` = 1 WHERE `iso` = "FR"
2024-08-26 09:51:49;DELETE FROM `pe_prp_op` WHERE `id` IN (2480)
2024-08-26 09:51:49;DELETE FROM `pe_prp_bls` WHERE `id_prp_op` IN (2480)
2024-08-26 09:51:49;INSERT INTO `pe_prp_op` (`id_user`) VALUES (0 )
2024-08-26 09:51:51;UPDATE `pe_prp_op` SET `id_transporteur` = 231  WHERE `id` = 2481
2024-08-26 09:51:56;DELETE FROM `pe_prp_bls` WHERE `id_prp_op` = 2481
2024-08-26 09:51:56;INSERT IGNORE INTO `pe_prp_bls` (`id_prp_op`, `id_bl`) VALUES (2481, 8357)
2024-08-26 09:51:58;UPDATE `pe_prp_op` SET `date` = "2024-08-26"  WHERE `id` = 2481
2024-08-26 09:52:00;UPDATE `pe_prp_op` SET `cmd_conforme` = 1  WHERE `id` = 2481
2024-08-26 09:52:04;UPDATE `pe_prp_op` SET `t_surface` = 1 ,`t_surface_conforme` = 1  WHERE `id` = 2481
2024-08-26 09:52:09;UPDATE `pe_prp_op` SET `t_camion` = 1 ,`t_camion_conforme` = 1  WHERE `id` = 2481
2024-08-26 09:59:44;UPDATE `pe_bl_lignes` SET `pu_ht` = 10  WHERE `id` = 75997
2024-08-26 09:59:45;INSERT INTO `pe_tarif_client` (`id_tiers`,`id_produit`,`prix`) VALUES (473 ,142 ,10 )
2024-08-26 10:00:48;UPDATE `pe_bl_lignes` SET `pu_ht` = 10  WHERE `id` = 75997
2024-08-26 10:03:32;UPDATE `pe_bl_lignes` SET `pu_ht` = 10  WHERE `id` = 75997
2024-08-26 10:06:54;UPDATE `pe_bl_lignes` SET `pu_ht` = 10  WHERE `id` = 75997
2024-08-26 10:41:18;UPDATE `pe_langues` SET `actif` = 1 WHERE `iso` = "FR"
2024-08-26 10:41:22;DELETE FROM `pe_prp_op` WHERE `id` IN (2481)
2024-08-26 10:41:22;DELETE FROM `pe_prp_bls` WHERE `id_prp_op` IN (2481)
2024-08-26 10:41:22;INSERT INTO `pe_prp_op` (`id_user`) VALUES (0 )
2024-08-26 10:41:24;UPDATE `pe_prp_op` SET `id_transporteur` = 231  WHERE `id` = 2482
2024-08-26 10:41:28;DELETE FROM `pe_prp_bls` WHERE `id_prp_op` = 2482
2024-08-26 10:41:28;INSERT IGNORE INTO `pe_prp_bls` (`id_prp_op`, `id_bl`) VALUES (2482, 8357)
2024-08-26 10:41:29;UPDATE `pe_prp_op` SET `date` = "2024-08-26"  WHERE `id` = 2482
2024-08-26 10:41:31;UPDATE `pe_prp_op` SET `cmd_conforme` = 1  WHERE `id` = 2482
2024-08-26 10:41:37;UPDATE `pe_prp_op` SET `t_surface` = 4 ,`t_surface_conforme` = 1  WHERE `id` = 2482
2024-08-26 10:41:40;UPDATE `pe_prp_op` SET `t_camion` = 2 ,`t_camion_conforme` = 1  WHERE `id` = 2482
2024-08-26 10:42:38;UPDATE `pe_langues` SET `actif` = 1 WHERE `iso` = "FR"
2024-08-26 10:42:41;DELETE FROM `pe_prp_op` WHERE `id` IN (2482)
2024-08-26 10:42:41;DELETE FROM `pe_prp_bls` WHERE `id_prp_op` IN (2482)
2024-08-26 10:42:41;INSERT INTO `pe_prp_op` (`id_user`) VALUES (0 )
2024-08-26 10:42:43;UPDATE `pe_prp_op` SET `id_transporteur` = 231  WHERE `id` = 2483
2024-08-26 10:42:45;DELETE FROM `pe_prp_bls` WHERE `id_prp_op` = 2483
2024-08-26 10:42:45;INSERT IGNORE INTO `pe_prp_bls` (`id_prp_op`, `id_bl`) VALUES (2483, 8357)
2024-08-26 10:42:47;UPDATE `pe_prp_op` SET `date` = "2024-08-26"  WHERE `id` = 2483
2024-08-26 10:42:48;UPDATE `pe_prp_op` SET `cmd_conforme` = 1  WHERE `id` = 2483
2024-08-26 10:42:56;UPDATE `pe_prp_op` SET `t_surface` = 1 ,`t_surface_conforme` = 1  WHERE `id` = 2483
2024-08-26 10:42:59;UPDATE `pe_prp_op` SET `t_camion` = 5 ,`t_camion_conforme` = 1  WHERE `id` = 2483
2024-08-26 10:44:11;UPDATE `pe_langues` SET `actif` = 1 WHERE `iso` = "FR"
2024-08-26 10:44:15;UPDATE `pe_langues` SET `actif` = 1 WHERE `iso` = "FR"
2024-08-26 10:44:19;DELETE FROM `pe_prp_op` WHERE `id` IN (2483)
2024-08-26 10:44:19;DELETE FROM `pe_prp_bls` WHERE `id_prp_op` IN (2483)
2024-08-26 10:44:19;INSERT INTO `pe_prp_op` (`id_user`) VALUES (0 )
2024-08-26 10:44:20;UPDATE `pe_prp_op` SET `id_transporteur` = 231  WHERE `id` = 2484
2024-08-26 10:44:25;DELETE FROM `pe_prp_bls` WHERE `id_prp_op` = 2484
2024-08-26 10:44:25;INSERT IGNORE INTO `pe_prp_bls` (`id_prp_op`, `id_bl`) VALUES (2484, 8357)
2024-08-26 10:44:26;UPDATE `pe_prp_op` SET `date` = "2024-08-26"  WHERE `id` = 2484
2024-08-26 10:44:27;UPDATE `pe_prp_op` SET `cmd_conforme` = 1  WHERE `id` = 2484
2024-08-26 10:44:31;UPDATE `pe_prp_op` SET `t_surface` = 1 ,`t_surface_conforme` = 1  WHERE `id` = 2484
2024-08-26 10:44:35;UPDATE `pe_prp_op` SET `t_camion` = 1 ,`t_camion_conforme` = 1  WHERE `id` = 2484
2024-08-26 10:45:26;UPDATE `pe_langues` SET `actif` = 1 WHERE `iso` = "FR"
2024-08-26 10:45:27;DELETE FROM `pe_prp_op` WHERE `id` IN (2484)
2024-08-26 10:45:27;DELETE FROM `pe_prp_bls` WHERE `id_prp_op` IN (2484)
2024-08-26 10:45:27;INSERT INTO `pe_prp_op` (`id_user`) VALUES (0 )
2024-08-26 10:45:29;UPDATE `pe_prp_op` SET `id_transporteur` = 231  WHERE `id` = 2485
2024-08-26 10:45:32;DELETE FROM `pe_prp_bls` WHERE `id_prp_op` = 2485
2024-08-26 10:45:32;INSERT IGNORE INTO `pe_prp_bls` (`id_prp_op`, `id_bl`) VALUES (2485, 8357)
2024-08-26 10:45:33;UPDATE `pe_prp_op` SET `date` = "2024-08-26"  WHERE `id` = 2485
2024-08-26 10:45:34;UPDATE `pe_prp_op` SET `cmd_conforme` = 1  WHERE `id` = 2485
2024-08-26 10:45:38;UPDATE `pe_prp_op` SET `t_surface` = 1 ,`t_surface_conforme` = 1  WHERE `id` = 2485
2024-08-26 10:45:51;UPDATE `pe_prp_op` SET `t_camion` = 3 ,`t_camion_conforme` = 1  WHERE `id` = 2485
2024-08-26 11:15:25;UPDATE `pe_langues` SET `actif` = 1 WHERE `iso` = "FR"
2024-08-26 11:15:29;DELETE FROM `pe_prp_op` WHERE `id` IN (2485)
2024-08-26 11:15:29;DELETE FROM `pe_prp_bls` WHERE `id_prp_op` IN (2485)
2024-08-26 11:15:29;INSERT INTO `pe_prp_op` (`id_user`) VALUES (0 )
2024-08-26 11:15:31;UPDATE `pe_prp_op` SET `id_transporteur` = 231  WHERE `id` = 2486
2024-08-26 11:15:34;DELETE FROM `pe_prp_bls` WHERE `id_prp_op` = 2486
2024-08-26 11:15:34;INSERT IGNORE INTO `pe_prp_bls` (`id_prp_op`, `id_bl`) VALUES (2486, 8338)
2024-08-26 11:15:36;UPDATE `pe_prp_op` SET `date` = "2024-08-26"  WHERE `id` = 2486
2024-08-26 11:15:37;UPDATE `pe_prp_op` SET `cmd_conforme` = 1  WHERE `id` = 2486
2024-08-26 11:15:41;UPDATE `pe_prp_op` SET `t_surface` = 1 ,`t_surface_conforme` = 1  WHERE `id` = 2486
2024-08-26 11:15:44;UPDATE `pe_prp_op` SET `t_camion` = 1 ,`t_camion_conforme` = 1  WHERE `id` = 2486
2024-08-26 11:16:55;UPDATE `pe_langues` SET `actif` = 1 WHERE `iso` = "FR"
2024-08-26 11:16:56;DELETE FROM `pe_prp_op` WHERE `id` IN (2486)
2024-08-26 11:16:56;DELETE FROM `pe_prp_bls` WHERE `id_prp_op` IN (2486)
2024-08-26 11:16:56;INSERT INTO `pe_prp_op` (`id_user`) VALUES (0 )
2024-08-26 11:16:58;UPDATE `pe_prp_op` SET `id_transporteur` = 231  WHERE `id` = 2487
2024-08-26 11:17:01;DELETE FROM `pe_prp_bls` WHERE `id_prp_op` = 2487
2024-08-26 11:17:01;INSERT IGNORE INTO `pe_prp_bls` (`id_prp_op`, `id_bl`) VALUES (2487, 8357)
2024-08-26 11:17:03;UPDATE `pe_prp_op` SET `date` = "2024-08-26"  WHERE `id` = 2487
2024-08-26 11:17:04;UPDATE `pe_prp_op` SET `cmd_conforme` = 1  WHERE `id` = 2487
2024-08-26 11:17:06;UPDATE `pe_prp_op` SET `t_surface` = 1 ,`t_surface_conforme` = 1  WHERE `id` = 2487
2024-08-26 11:17:09;UPDATE `pe_prp_op` SET `t_camion` = 2 ,`t_camion_conforme` = 1  WHERE `id` = 2487
2024-08-26 11:21:26;UPDATE `pe_langues` SET `actif` = 1 WHERE `iso` = "FR"
2024-08-26 11:21:29;DELETE FROM `pe_prp_op` WHERE `id` IN (2487)
2024-08-26 11:21:29;DELETE FROM `pe_prp_bls` WHERE `id_prp_op` IN (2487)
2024-08-26 11:21:29;INSERT INTO `pe_prp_op` (`id_user`) VALUES (0 )
2024-08-26 11:21:32;UPDATE `pe_prp_op` SET `id_transporteur` = 98  WHERE `id` = 2488
2024-08-26 11:21:34;UPDATE `pe_langues` SET `actif` = 1 WHERE `iso` = "FR"
2024-08-26 11:21:38;UPDATE `pe_langues` SET `actif` = 1 WHERE `iso` = "FR"
2024-08-26 11:21:39;DELETE FROM `pe_prp_op` WHERE `id` IN (2488)
2024-08-26 11:21:39;DELETE FROM `pe_prp_bls` WHERE `id_prp_op` IN (2488)
2024-08-26 11:21:39;INSERT INTO `pe_prp_op` (`id_user`) VALUES (0 )
2024-08-26 11:21:41;UPDATE `pe_prp_op` SET `id_transporteur` = 231  WHERE `id` = 2489
2024-08-26 11:21:44;DELETE FROM `pe_prp_bls` WHERE `id_prp_op` = 2489
2024-08-26 11:21:44;INSERT IGNORE INTO `pe_prp_bls` (`id_prp_op`, `id_bl`) VALUES (2489, 8357)
2024-08-26 11:21:46;UPDATE `pe_prp_op` SET `date` = "2024-08-26"  WHERE `id` = 2489
2024-08-26 11:21:49;UPDATE `pe_prp_op` SET `cmd_conforme` = 1  WHERE `id` = 2489
2024-08-26 11:21:52;UPDATE `pe_prp_op` SET `t_surface` = 1 ,`t_surface_conforme` = 1  WHERE `id` = 2489
2024-08-26 11:21:55;UPDATE `pe_prp_op` SET `t_camion` = 2 ,`t_camion_conforme` = 1  WHERE `id` = 2489
2024-08-26 11:22:39;UPDATE `pe_langues` SET `actif` = 1 WHERE `iso` = "FR"
2024-08-26 11:22:43;DELETE FROM `pe_prp_op` WHERE `id` IN (2489)
2024-08-26 11:22:43;DELETE FROM `pe_prp_bls` WHERE `id_prp_op` IN (2489)
2024-08-26 11:22:43;INSERT INTO `pe_prp_op` (`id_user`) VALUES (0 )
2024-08-26 11:22:44;UPDATE `pe_prp_op` SET `id_transporteur` = 231  WHERE `id` = 2490
2024-08-26 11:22:47;DELETE FROM `pe_prp_bls` WHERE `id_prp_op` = 2490
2024-08-26 11:22:47;INSERT IGNORE INTO `pe_prp_bls` (`id_prp_op`, `id_bl`) VALUES (2490, 8357)
2024-08-26 11:22:49;UPDATE `pe_prp_op` SET `date` = "2024-08-26"  WHERE `id` = 2490
2024-08-26 11:22:50;UPDATE `pe_prp_op` SET `cmd_conforme` = 1  WHERE `id` = 2490
2024-08-26 11:23:09;UPDATE `pe_langues` SET `actif` = 1 WHERE `iso` = "FR"
2024-08-26 11:23:13;DELETE FROM `pe_prp_op` WHERE `id` IN (2490)
2024-08-26 11:23:13;DELETE FROM `pe_prp_bls` WHERE `id_prp_op` IN (2490)
2024-08-26 11:23:13;INSERT INTO `pe_prp_op` (`id_user`) VALUES (0 )
2024-08-26 11:23:14;UPDATE `pe_prp_op` SET `id_transporteur` = 231  WHERE `id` = 2491
2024-08-26 11:23:17;DELETE FROM `pe_prp_bls` WHERE `id_prp_op` = 2491
2024-08-26 11:23:17;INSERT IGNORE INTO `pe_prp_bls` (`id_prp_op`, `id_bl`) VALUES (2491, 8357)
2024-08-26 11:23:20;UPDATE `pe_prp_op` SET `date` = "2024-08-26"  WHERE `id` = 2491
2024-08-26 11:23:22;UPDATE `pe_prp_op` SET `cmd_conforme` = 1  WHERE `id` = 2491
2024-08-26 11:23:25;UPDATE `pe_prp_op` SET `t_surface` = 1 ,`t_surface_conforme` = 1  WHERE `id` = 2491
2024-08-26 11:23:27;UPDATE `pe_prp_op` SET `t_camion` = 2 ,`t_camion_conforme` = 1  WHERE `id` = 2491
2024-08-26 11:25:03;UPDATE `pe_langues` SET `actif` = 1 WHERE `iso` = "FR"
2024-08-26 11:25:08;UPDATE `pe_lot_reception` SET `temp` = 1  WHERE `id` = 2255
2024-08-26 11:25:08;UPDATE `pe_lots` SET `date_maj` = "2024-08-26- 11:25:08" ,`id_user_maj` = 1  WHERE `id` = 5801
2024-08-26 11:25:10;UPDATE `pe_lot_reception` SET `etat_visuel` = 1  WHERE `id` = 2255
2024-08-26 11:25:10;UPDATE `pe_lots` SET `date_maj` = "2024-08-26- 11:25:10" ,`id_user_maj` = 1  WHERE `id` = 5801
2024-08-26 11:25:23;UPDATE `pe_langues` SET `actif` = 1 WHERE `iso` = "FR"
2024-08-26 11:25:24;DELETE FROM `pe_prp_op` WHERE `id` IN (2491)
2024-08-26 11:25:24;DELETE FROM `pe_prp_bls` WHERE `id_prp_op` IN (2491)
2024-08-26 11:25:24;INSERT INTO `pe_prp_op` (`id_user`) VALUES (0 )
2024-08-26 11:25:26;UPDATE `pe_prp_op` SET `id_transporteur` = 231  WHERE `id` = 2492
2024-08-26 11:25:28;DELETE FROM `pe_prp_bls` WHERE `id_prp_op` = 2492
2024-08-26 11:25:28;INSERT IGNORE INTO `pe_prp_bls` (`id_prp_op`, `id_bl`) VALUES (2492, 8357)
2024-08-26 11:26:10;UPDATE `pe_langues` SET `actif` = 1 WHERE `iso` = "FR"
2024-08-26 11:26:14;UPDATE `pe_langues` SET `actif` = 1 WHERE `iso` = "FR"
2024-08-26 11:26:19;UPDATE `pe_lot_reception` SET `temp` = 1  WHERE `id` = 2255
2024-08-26 11:26:19;UPDATE `pe_lots` SET `date_maj` = "2024-08-26- 11:26:19" ,`id_user_maj` = 1  WHERE `id` = 5801
2024-08-26 11:26:52;UPDATE `pe_langues` SET `actif` = 1 WHERE `iso` = "FR"
2024-08-26 11:26:53;DELETE FROM `pe_prp_op` WHERE `id` IN (2492)
2024-08-26 11:26:53;DELETE FROM `pe_prp_bls` WHERE `id_prp_op` IN (2492)
2024-08-26 11:26:53;INSERT INTO `pe_prp_op` (`id_user`) VALUES (0 )
2024-08-26 11:26:55;UPDATE `pe_prp_op` SET `id_transporteur` = 231  WHERE `id` = 2493
2024-08-26 11:26:57;DELETE FROM `pe_prp_bls` WHERE `id_prp_op` = 2493
2024-08-26 11:26:57;INSERT IGNORE INTO `pe_prp_bls` (`id_prp_op`, `id_bl`) VALUES (2493, 8357)
2024-08-26 11:26:59;UPDATE `pe_prp_op` SET `date` = "2024-08-26"  WHERE `id` = 2493
2024-08-26 11:27:06;UPDATE `pe_prp_op` SET `cmd_conforme` = 1  WHERE `id` = 2493
2024-08-26 11:30:32;UPDATE `pe_langues` SET `actif` = 1 WHERE `iso` = "FR"
2024-08-26 11:30:37;DELETE FROM `pe_prp_op` WHERE `id` IN (2493)
2024-08-26 11:30:37;DELETE FROM `pe_prp_bls` WHERE `id_prp_op` IN (2493)
2024-08-26 11:30:37;INSERT INTO `pe_prp_op` (`id_user`) VALUES (0 )
2024-08-26 11:30:38;UPDATE `pe_prp_op` SET `id_transporteur` = 231  WHERE `id` = 2494
2024-08-26 11:30:41;DELETE FROM `pe_prp_bls` WHERE `id_prp_op` = 2494
2024-08-26 11:30:41;INSERT IGNORE INTO `pe_prp_bls` (`id_prp_op`, `id_bl`) VALUES (2494, 8357)
2024-08-26 11:30:43;UPDATE `pe_prp_op` SET `date` = "2024-08-26"  WHERE `id` = 2494
2024-08-26 11:30:44;UPDATE `pe_prp_op` SET `cmd_conforme` = 1  WHERE `id` = 2494
2024-08-26 11:30:49;UPDATE `pe_prp_op` SET `t_surface` = 22 ,`t_surface_conforme` = 1  WHERE `id` = 2494
2024-08-26 11:30:51;UPDATE `pe_prp_op` SET `t_camion` = 3 ,`t_camion_conforme` = 1  WHERE `id` = 2494
2024-08-26 11:50:05;UPDATE `pe_langues` SET `actif` = 1 WHERE `iso` = "FR"
2024-08-26 11:50:09;DELETE FROM `pe_prp_op` WHERE `id` IN (2494)
2024-08-26 11:50:09;DELETE FROM `pe_prp_bls` WHERE `id_prp_op` IN (2494)
2024-08-26 11:50:09;INSERT INTO `pe_prp_op` (`id_user`) VALUES (0 )
2024-08-26 11:50:10;UPDATE `pe_prp_op` SET `id_transporteur` = 231  WHERE `id` = 2495
2024-08-26 11:50:16;DELETE FROM `pe_prp_bls` WHERE `id_prp_op` = 2495
2024-08-26 11:50:16;INSERT IGNORE INTO `pe_prp_bls` (`id_prp_op`, `id_bl`) VALUES (2495, 8357)
2024-08-26 11:50:17;UPDATE `pe_prp_op` SET `date` = "2024-08-26"  WHERE `id` = 2495
2024-08-26 11:50:18;UPDATE `pe_prp_op` SET `cmd_conforme` = 1  WHERE `id` = 2495
2024-08-26 11:50:21;UPDATE `pe_prp_op` SET `t_surface` = 2 ,`t_surface_conforme` = 1  WHERE `id` = 2495
2024-08-26 11:50:24;UPDATE `pe_prp_op` SET `t_camion` = 2 ,`t_camion_conforme` = 1  WHERE `id` = 2495
2024-08-26 11:51:17;UPDATE `pe_langues` SET `actif` = 1 WHERE `iso` = "FR"
2024-08-26 11:51:21;DELETE FROM `pe_prp_op` WHERE `id` IN (2495)
2024-08-26 11:51:21;DELETE FROM `pe_prp_bls` WHERE `id_prp_op` IN (2495)
2024-08-26 11:51:21;INSERT INTO `pe_prp_op` (`id_user`) VALUES (0 )
2024-08-26 11:51:22;UPDATE `pe_prp_op` SET `id_transporteur` = 231  WHERE `id` = 2496
2024-08-26 11:51:25;DELETE FROM `pe_prp_bls` WHERE `id_prp_op` = 2496
2024-08-26 11:51:25;INSERT IGNORE INTO `pe_prp_bls` (`id_prp_op`, `id_bl`) VALUES (2496, 8357)
2024-08-26 11:51:27;UPDATE `pe_prp_op` SET `date` = "2024-08-26"  WHERE `id` = 2496
2024-08-26 11:51:29;UPDATE `pe_prp_op` SET `cmd_conforme` = 1  WHERE `id` = 2496
2024-08-26 11:51:32;UPDATE `pe_prp_op` SET `t_surface` = 3 ,`t_surface_conforme` = 1  WHERE `id` = 2496
2024-08-26 11:51:35;UPDATE `pe_prp_op` SET `t_camion` = 3 ,`t_camion_conforme` = 1  WHERE `id` = 2496
2024-08-26 13:26:45;UPDATE `pe_langues` SET `actif` = 1 WHERE `iso` = "FR"
2024-08-26 13:26:49;DELETE FROM `pe_prp_op` WHERE `id` IN (2496)
2024-08-26 13:26:49;DELETE FROM `pe_prp_bls` WHERE `id_prp_op` IN (2496)
2024-08-26 13:26:49;INSERT INTO `pe_prp_op` (`id_user`) VALUES (0 )
2024-08-26 13:26:51;UPDATE `pe_prp_op` SET `id_transporteur` = 231  WHERE `id` = 2497
2024-08-26 13:26:53;DELETE FROM `pe_prp_bls` WHERE `id_prp_op` = 2497
2024-08-26 13:26:53;INSERT IGNORE INTO `pe_prp_bls` (`id_prp_op`, `id_bl`) VALUES (2497, 8357)
2024-08-26 13:26:55;UPDATE `pe_prp_op` SET `date` = "2024-08-26"  WHERE `id` = 2497
2024-08-26 13:26:56;UPDATE `pe_prp_op` SET `cmd_conforme` = 1  WHERE `id` = 2497
2024-08-26 13:27:04;UPDATE `pe_prp_op` SET `t_surface` = 3 ,`t_surface_conforme` = 1  WHERE `id` = 2497
2024-08-26 13:27:09;UPDATE `pe_prp_op` SET `t_camion` = 3 ,`t_camion_conforme` = 1  WHERE `id` = 2497
2024-08-26 13:28:20;UPDATE `pe_langues` SET `actif` = 1 WHERE `iso` = "FR"
2024-08-26 13:28:26;DELETE FROM `pe_prp_op` WHERE `id` IN (2497)
2024-08-26 13:28:26;DELETE FROM `pe_prp_bls` WHERE `id_prp_op` IN (2497)
2024-08-26 13:28:26;INSERT INTO `pe_prp_op` (`id_user`) VALUES (0 )
2024-08-26 13:28:28;UPDATE `pe_prp_op` SET `id_transporteur` = 231  WHERE `id` = 2498
2024-08-26 13:28:32;DELETE FROM `pe_prp_bls` WHERE `id_prp_op` = 2498
2024-08-26 13:28:32;INSERT IGNORE INTO `pe_prp_bls` (`id_prp_op`, `id_bl`) VALUES (2498, 8357)
2024-08-26 13:28:34;UPDATE `pe_prp_op` SET `date` = "2024-08-26"  WHERE `id` = 2498
2024-08-26 13:28:35;UPDATE `pe_prp_op` SET `cmd_conforme` = 1  WHERE `id` = 2498
2024-08-26 13:28:38;UPDATE `pe_prp_op` SET `t_surface` = 3 ,`t_surface_conforme` = 1  WHERE `id` = 2498
2024-08-26 13:28:41;UPDATE `pe_prp_op` SET `t_camion` = 3 ,`t_camion_conforme` = 1  WHERE `id` = 2498
2024-08-26 13:28:44;INSERT INTO `pe_pvisu_apres` (`commentaires`,`id_user`,`id_lot`,`date`) VALUES ("" ,1 ,5045 ,"2024-08-26" )
2024-08-26 13:29:09;UPDATE `pe_langues` SET `actif` = 1 WHERE `iso` = "FR"
2024-08-26 13:29:15;UPDATE `pe_langues` SET `actif` = 1 WHERE `iso` = "FR"
2024-08-26 13:29:18;DELETE FROM `pe_prp_op` WHERE `id` IN (2498)
2024-08-26 13:29:18;DELETE FROM `pe_prp_bls` WHERE `id_prp_op` IN (2498)
2024-08-26 13:29:18;INSERT INTO `pe_prp_op` (`id_user`) VALUES (0 )
2024-08-26 13:29:19;UPDATE `pe_prp_op` SET `id_transporteur` = 231  WHERE `id` = 2499
2024-08-26 13:29:22;DELETE FROM `pe_prp_bls` WHERE `id_prp_op` = 2499
2024-08-26 13:29:22;INSERT IGNORE INTO `pe_prp_bls` (`id_prp_op`, `id_bl`) VALUES (2499, 8357)
2024-08-26 13:29:23;UPDATE `pe_prp_op` SET `date` = "2024-08-26"  WHERE `id` = 2499
2024-08-26 13:29:26;UPDATE `pe_prp_op` SET `cmd_conforme` = 1  WHERE `id` = 2499
2024-08-26 13:29:29;UPDATE `pe_prp_op` SET `t_surface` = 1 ,`t_surface_conforme` = 1  WHERE `id` = 2499
2024-08-26 13:29:32;UPDATE `pe_prp_op` SET `t_camion` = 1 ,`t_camion_conforme` = 1  WHERE `id` = 2499
2024-08-26 13:29:35;INSERT INTO `pe_pvisu_apres` (`commentaires`,`id_user`,`id_lot`,`date`) VALUES ("" ,1 ,5045 ,"2024-08-26" )
2024-08-26 13:29:35;DELETE FROM `pe_pvisu_apres_points` WHERE `id_pvisu_apres` = 651
2024-08-26 13:29:35;INSERT IGNORE INTO `pe_pvisu_apres_points` (`id_pvisu_apres`, `id_point_controle`, `etat`, `id_pvisu_action`, `fiche_nc`, `id_user`, `date`) VALUES (651, 76, 0, 0, 0, 1, NOW()),(651, 74, 0, 0, 0, 1, NOW())
2024-08-26 13:29:35;INSERT INTO `pe_pvisu_apres` (`commentaires`,`id_user`,`id_lot`,`date`) VALUES ("" ,1 ,5678 ,"2024-08-26" )
2024-08-26 13:29:35;DELETE FROM `pe_pvisu_apres_points` WHERE `id_pvisu_apres` = 652
2024-08-26 13:29:35;INSERT IGNORE INTO `pe_pvisu_apres_points` (`id_pvisu_apres`, `id_point_controle`, `etat`, `id_pvisu_action`, `fiche_nc`, `id_user`, `date`) VALUES (652, 76, 0, 0, 0, 1, NOW()),(652, 74, 0, 0, 0, 1, NOW())
2024-08-26 13:31:05;UPDATE `pe_prp_op` SET `palettes_poids` = 10 ,`palettes_recues` = 0 ,`palettes_rendues` = 0  WHERE `id` = 2499
2024-08-26 13:31:11;UPDATE `pe_prp_op` SET `crochets_recus` = 10 ,`crochets_rendus` = 1  WHERE `id` = 2499
2024-08-26 13:31:13;UPDATE `pe_tiers` SET `solde_palettes` = 10 ,`solde_crochets` = 45  WHERE `id` = 231
2024-08-26 13:31:13;UPDATE `pe_tiers_types` SET `id_famille` = 0 WHERE `id_tiers` = 231
2024-08-26 13:31:14;UPDATE `pe_prp_op` SET `id_user` = 1 ,`date_add` = "2024-08-26 13:31:13"  WHERE `id` = 2499
2024-08-26 13:31:19;INSERT INTO `pe_prp_op` (`id_user`) VALUES (0 )
2024-08-26 13:31:23;UPDATE `pe_prp_op` SET `id_transporteur` = 231  WHERE `id` = 2500
2024-08-26 13:31:30;UPDATE `pe_bl` SET `supprime` = 1 WHERE `id` IN (1,3,4,9,10,40,42,51,53,65,72,80,81,84,85,86,88,93,96,108,111,112,139,140,147,150,160,168,173,174,176,182,191,195,196,199,202,203,211,236,237,247,248,251,252,274,275,276,282,284,285,287,298,301,307,308,310,311,336,343,366,367,379,380,401,402,403,404,407,409,411,502,510,512,521,527,534,568,569,641,691,692,715,716,717,718,719,720,721,722,730,731,797,856,957,1038,1040,1041,1062,1087,1101,1110,1125,1142,1143,1144,1243,1343,1378,1514,1533,1565,1571,1642,1676,1771,1814,1832,1860,1881,1929,1943,1992,2004,2039,2040,2041,2042,2106,2132,2133,2145,2146,2184,2195,2197,2201,2205,2210,2216,2223,2230,2238,2275,2290,2304,2318,2354,2508,2529,2584,2585,2588,2646,2681,2687,2692,2694,2706,2713,2714,2911,3003,3007,3042,3062,3080,3081,3098,3155,3204,3215,3267,3271,3273,3360,3449,3464,3479,3526,3615,3635,3643,3653,3688,3706,3707,3711,3794,3804,3888,3965,3982,3983,4112,4209,4223,4232,4233,4307,4308,4336,4439,4463,4472,4473,4474,4514,4526,4530,4531,4557,4568,4679,4703,4711,4713,4720,4737,4816,4976,5054,5083,5095,5124,5150,5253,5295,5334,5376,5411,5413,5415,5423,5481,5486,5492,5554,5631,5632,5669,5689,5714,5812,5874,5914,5941,5948,6004,6068,6118,6121,6160,6163,6260,6322,6379,6464,6506,6570,6608,6712,6780,6799,6800,6926,7004,7256,7369,7575,7610,7641,7713,7747,7749,7849,7856,8026,8028,8035,8041,8043,8046,8061,8092,8181,8254,8257,8259,8337,8339,8340,8341,8342,8343,8344,8345,8346,8347,8348,8349,8350,8351,8352,8353,8355,8356)
2024-08-26 13:31:58;UPDATE `pe_bl` SET `num_cmd` = "" ,`id_tiers_facturation` = 473 ,`id_tiers_livraison` = 473 ,`id_tiers_transporteur` = 231 ,`id_adresse_livraison` = 749 ,`nom_client` = "" ,`statut` = 1 ,`supprime` = 0 ,`date_livraison` = "2024-08-20"  WHERE id = 8354
2024-08-26 13:32:05;UPDATE `pe_bl_lignes` SET `pu_ht` = 10  WHERE `id` = 75995
2024-08-26 13:32:07;INSERT INTO `pe_tarif_client` (`id_tiers`,`id_produit`,`prix`) VALUES (473 ,473 ,10 )
2024-08-26 13:32:14;UPDATE `pe_langues` SET `actif` = 1 WHERE `iso` = "FR"
2024-08-26 13:32:15;DELETE FROM `pe_prp_op` WHERE `id` IN (2500)
2024-08-26 13:32:15;DELETE FROM `pe_prp_bls` WHERE `id_prp_op` IN (2500)
2024-08-26 13:32:15;INSERT INTO `pe_prp_op` (`id_user`) VALUES (0 )
2024-08-26 13:32:17;UPDATE `pe_prp_op` SET `id_transporteur` = 231  WHERE `id` = 2501
2024-08-26 13:32:25;UPDATE `pe_bl` SET `num_cmd` = "" ,`date` = "2024-08-21" ,`id_tiers_facturation` = 473 ,`id_tiers_livraison` = 473 ,`id_adresse_livraison` = 749 ,`id_tiers_transporteur` = 231 ,`date_livraison` = "2024-08-20"  WHERE id = 8354
2024-08-26 13:32:25;UPDATE `pe_tiers` SET `id_langue` = 1  WHERE `id` = 473
2024-08-26 13:32:25;UPDATE `pe_tiers_types` SET `id_famille` = 0 WHERE `id_tiers` = 473
2024-08-26 13:32:25;UPDATE `pe_bl` SET `num_cmd` = "" ,`date` = "2024-08-21" ,`id_tiers_facturation` = 473 ,`id_tiers_livraison` = 473 ,`id_adresse_livraison` = 749 ,`id_tiers_transporteur` = 231 ,`date_livraison` = "2024-08-20" ,`chiffrage` = 0  WHERE id = 8354
2024-08-26 13:32:25;UPDATE `pe_bl` SET `num_cmd` = "" ,`date` = "2024-08-21" ,`id_tiers_facturation` = 473 ,`id_tiers_livraison` = 473 ,`id_adresse_livraison` = 749 ,`id_tiers_transporteur` = 231 ,`date_livraison` = "2024-08-20" ,`chiffrage` = 0 ,`statut` = 2 ,`supprime` = 0  WHERE id = 8354
2024-08-26 13:32:25;UPDATE `pe_palette_composition` SET `supprime` = 1, `archive` = 1 WHERE `id` IN (88847)
2024-08-26 13:32:25;UPDATE `pe_bl` SET `date_envoi` = NULL WHERE `id` = 8354
2024-08-26 13:32:34;UPDATE `pe_langues` SET `actif` = 1 WHERE `iso` = "FR"
2024-08-26 13:32:36;DELETE FROM `pe_prp_op` WHERE `id` IN (2501)
2024-08-26 13:32:36;DELETE FROM `pe_prp_bls` WHERE `id_prp_op` IN (2501)
2024-08-26 13:32:36;INSERT INTO `pe_prp_op` (`id_user`) VALUES (0 )
2024-08-26 13:32:37;UPDATE `pe_prp_op` SET `id_transporteur` = 238  WHERE `id` = 2502
2024-08-26 13:32:39;UPDATE `pe_langues` SET `actif` = 1 WHERE `iso` = "FR"
2024-08-26 13:32:41;UPDATE `pe_langues` SET `actif` = 1 WHERE `iso` = "FR"
2024-08-26 13:32:42;DELETE FROM `pe_prp_op` WHERE `id` IN (2502)
2024-08-26 13:32:42;DELETE FROM `pe_prp_bls` WHERE `id_prp_op` IN (2502)
2024-08-26 13:32:42;INSERT INTO `pe_prp_op` (`id_user`) VALUES (0 )
2024-08-26 13:32:44;UPDATE `pe_prp_op` SET `id_transporteur` = 231  WHERE `id` = 2503
2024-08-26 13:32:48;DELETE FROM `pe_prp_bls` WHERE `id_prp_op` = 2503
2024-08-26 13:32:48;INSERT IGNORE INTO `pe_prp_bls` (`id_prp_op`, `id_bl`) VALUES (2503, 8354)
2024-08-26 13:32:50;UPDATE `pe_prp_op` SET `date` = "2024-08-26"  WHERE `id` = 2503
2024-08-26 13:32:51;UPDATE `pe_prp_op` SET `cmd_conforme` = 1  WHERE `id` = 2503
2024-08-26 13:32:55;UPDATE `pe_prp_op` SET `t_surface` = 1 ,`t_surface_conforme` = 1  WHERE `id` = 2503
2024-08-26 13:32:57;UPDATE `pe_prp_op` SET `t_camion` = 1 ,`t_camion_conforme` = 1  WHERE `id` = 2503
2024-08-26 13:33:23;UPDATE `pe_prp_op` SET `palettes_poids` = 1 ,`palettes_recues` = 0 ,`palettes_rendues` = 0  WHERE `id` = 2503
2024-08-26 13:33:27;UPDATE `pe_prp_op` SET `crochets_recus` = 10 ,`crochets_rendus` = 0  WHERE `id` = 2503
2024-08-26 13:33:28;UPDATE `pe_tiers` SET `solde_palettes` = 10 ,`solde_crochets` = 35  WHERE `id` = 231
2024-08-26 13:33:28;UPDATE `pe_tiers_types` SET `id_famille` = 0 WHERE `id_tiers` = 231
2024-08-26 13:33:28;UPDATE `pe_prp_op` SET `id_user` = 1 ,`date_add` = "2024-08-26 13:33:28"  WHERE `id` = 2503
2024-08-26 13:33:47;INSERT INTO `pe_retour_palettes_rcp` (`date_retour`,`date_add`,`id_transporteur`,`palettes_recues`,`palettes_rendues`,`id_user`) VALUES ("2024-08-26" ,"2024-08-26 13:33:47" ,231 ,10 ,10 ,1 )
2024-08-26 13:33:47;UPDATE `pe_tiers` SET `solde_palettes` = 10  WHERE `id` = 231
2024-08-26 13:33:47;UPDATE `pe_tiers_types` SET `id_famille` = 0 WHERE `id_tiers` = 231
2024-08-26 13:33:47;INSERT INTO `pe_lot_reception` (`id_lot`,`observations`,`crochets_recus`,`crochets_rendus`,`id_transporteur`,`id_user`,`date_confirmation`) VALUES (0 ,"Retour crochets manuels" ,10 ,10 ,231 ,1 ,"2024-08-26 13:33:47" )
2024-08-26 13:33:47;UPDATE `pe_tiers` SET `solde_crochets` = 35  WHERE `id` = 231
2024-08-26 13:33:47;UPDATE `pe_tiers_types` SET `id_famille` = 0 WHERE `id_tiers` = 231
2024-08-26 13:34:22;INSERT INTO `pe_prp_op` (`id_user`) VALUES (0 )
2024-08-26 13:34:26;UPDATE `pe_prp_op` SET `id_transporteur` = 231  WHERE `id` = 2504
2024-08-26 13:34:32;UPDATE `pe_bl` SET `num_cmd` = "" ,`date` = "2024-08-21" ,`id_tiers_facturation` = 473 ,`id_tiers_livraison` = 473 ,`id_adresse_livraison` = 749 ,`id_tiers_transporteur` = 231 ,`date_livraison` = "2024-08-20"  WHERE id = 8354
2024-08-26 13:34:32;UPDATE `pe_tiers` SET `id_langue` = 1  WHERE `id` = 473
2024-08-26 13:34:32;UPDATE `pe_tiers_types` SET `id_famille` = 0 WHERE `id_tiers` = 473
2024-08-26 13:34:32;UPDATE `pe_bl` SET `num_cmd` = "" ,`date` = "2024-08-21" ,`id_tiers_facturation` = 473 ,`id_tiers_livraison` = 473 ,`id_adresse_livraison` = 749 ,`id_tiers_transporteur` = 231 ,`date_livraison` = "2024-08-20" ,`chiffrage` = 0  WHERE id = 8354
2024-08-26 13:34:32;UPDATE `pe_bl` SET `num_cmd` = "" ,`date` = "2024-08-21" ,`id_tiers_facturation` = 473 ,`id_tiers_livraison` = 473 ,`id_adresse_livraison` = 749 ,`id_tiers_transporteur` = 231 ,`date_livraison` = "2024-08-20" ,`chiffrage` = 0 ,`statut` = 2 ,`supprime` = 0  WHERE id = 8354
2024-08-26 13:34:32;UPDATE `pe_palette_composition` SET `supprime` = 1, `archive` = 1 WHERE `id` IN (88847)
2024-08-26 13:34:32;UPDATE `pe_bl` SET `date_envoi` = NULL WHERE `id` = 8354
2024-08-26 13:34:42;UPDATE `pe_bl` SET `supprime` = 1 WHERE `id` IN (1,3,4,9,10,40,42,51,53,65,72,80,81,84,85,86,88,93,96,108,111,112,139,140,147,150,160,168,173,174,176,182,191,195,196,199,202,203,211,236,237,247,248,251,252,274,275,276,282,284,285,287,298,301,307,308,310,311,336,343,366,367,379,380,401,402,403,404,407,409,411,502,510,512,521,527,534,568,569,641,691,692,715,716,717,718,719,720,721,722,730,731,797,856,957,1038,1040,1041,1062,1087,1101,1110,1125,1142,1143,1144,1243,1343,1378,1514,1533,1565,1571,1642,1676,1771,1814,1832,1860,1881,1929,1943,1992,2004,2039,2040,2041,2042,2106,2132,2133,2145,2146,2184,2195,2197,2201,2205,2210,2216,2223,2230,2238,2275,2290,2304,2318,2354,2508,2529,2584,2585,2588,2646,2681,2687,2692,2694,2706,2713,2714,2911,3003,3007,3042,3062,3080,3081,3098,3155,3204,3215,3267,3271,3273,3360,3449,3464,3479,3526,3615,3635,3643,3653,3688,3706,3707,3711,3794,3804,3888,3965,3982,3983,4112,4209,4223,4232,4233,4307,4308,4336,4439,4463,4472,4473,4474,4514,4526,4530,4531,4557,4568,4679,4703,4711,4713,4720,4737,4816,4976,5054,5083,5095,5124,5150,5253,5295,5334,5376,5411,5413,5415,5423,5481,5486,5492,5554,5631,5632,5669,5689,5714,5812,5874,5914,5941,5948,6004,6068,6118,6121,6160,6163,6260,6322,6379,6464,6506,6570,6608,6712,6780,6799,6800,6926,7004,7256,7369,7575,7610,7641,7713,7747,7749,7849,7856,8026,8028,8035,8041,8043,8046,8061,8092,8181,8254,8257,8259,8337,8339,8340,8341,8342,8343,8344,8345,8346,8347,8348,8349,8350,8351,8352,8353,8355,8356)
2024-08-26 13:34:46;UPDATE `pe_langues` SET `actif` = 1 WHERE `iso` = "FR"
2024-08-26 13:34:51;DELETE FROM `pe_prp_op` WHERE `id` IN (2504)
2024-08-26 13:34:51;DELETE FROM `pe_prp_bls` WHERE `id_prp_op` IN (2504)
2024-08-26 13:34:51;INSERT INTO `pe_prp_op` (`id_user`) VALUES (0 )
2024-08-26 13:34:53;UPDATE `pe_prp_op` SET `id_transporteur` = 231  WHERE `id` = 2505
2024-08-26 13:35:07;UPDATE `pe_bl` SET `supprime` = 1 WHERE `id` IN (1,3,4,9,10,40,42,51,53,65,72,80,81,84,85,86,88,93,96,108,111,112,139,140,147,150,160,168,173,174,176,182,191,195,196,199,202,203,211,236,237,247,248,251,252,274,275,276,282,284,285,287,298,301,307,308,310,311,336,343,366,367,379,380,401,402,403,404,407,409,411,502,510,512,521,527,534,568,569,641,691,692,715,716,717,718,719,720,721,722,730,731,797,856,957,1038,1040,1041,1062,1087,1101,1110,1125,1142,1143,1144,1243,1343,1378,1514,1533,1565,1571,1642,1676,1771,1814,1832,1860,1881,1929,1943,1992,2004,2039,2040,2041,2042,2106,2132,2133,2145,2146,2184,2195,2197,2201,2205,2210,2216,2223,2230,2238,2275,2290,2304,2318,2354,2508,2529,2584,2585,2588,2646,2681,2687,2692,2694,2706,2713,2714,2911,3003,3007,3042,3062,3080,3081,3098,3155,3204,3215,3267,3271,3273,3360,3449,3464,3479,3526,3615,3635,3643,3653,3688,3706,3707,3711,3794,3804,3888,3965,3982,3983,4112,4209,4223,4232,4233,4307,4308,4336,4439,4463,4472,4473,4474,4514,4526,4530,4531,4557,4568,4679,4703,4711,4713,4720,4737,4816,4976,5054,5083,5095,5124,5150,5253,5295,5334,5376,5411,5413,5415,5423,5481,5486,5492,5554,5631,5632,5669,5689,5714,5812,5874,5914,5941,5948,6004,6068,6118,6121,6160,6163,6260,6322,6379,6464,6506,6570,6608,6712,6780,6799,6800,6926,7004,7256,7369,7575,7610,7641,7713,7747,7749,7849,7856,8026,8028,8035,8041,8043,8046,8061,8092,8181,8254,8257,8259,8337,8339,8340,8341,8342,8343,8344,8345,8346,8347,8348,8349,8350,8351,8352,8353,8355,8356)
2024-08-26 13:35:11;INSERT INTO `pe_bl` (`num_bl`,`supprime`,`statut`,`date`) VALUES ("BL2408038" ,0 ,1 ,"2024-08-26" )
2024-08-26 13:35:18;INSERT INTO `pe_bl` (`num_bl`,`supprime`,`statut`,`date`) VALUES ("BL2408039" ,0 ,1 ,"2024-08-26" )
2024-08-26 13:36:04;UPDATE `pe_langues` SET `actif` = 1 WHERE `iso` = "FR"
2024-08-26 13:36:04;UPDATE `pe_palette_composition` SET `supprime` = 1 WHERE `id_lot_hors_stock` > 0 AND `id` NOT IN
                        ( SELECT `id_compo` FROM `pe_bl_lignes`) 
                        AND  `id_lot_hors_stock` NOT IN (SELECT `id` FROM `pe_lots`)
2024-08-26 13:57:41;UPDATE `pe_bl` SET `supprime` = 1 WHERE `id` IN (1,3,4,9,10,40,42,51,53,65,72,80,81,84,85,86,88,93,96,108,111,112,139,140,147,150,160,168,173,174,176,182,191,195,196,199,202,203,211,236,237,247,248,251,252,274,275,276,282,284,285,287,298,301,307,308,310,311,336,343,366,367,379,380,401,402,403,404,407,409,411,502,510,512,521,527,534,568,569,641,691,692,715,716,717,718,719,720,721,722,730,731,797,856,957,1038,1040,1041,1062,1087,1101,1110,1125,1142,1143,1144,1243,1343,1378,1514,1533,1565,1571,1642,1676,1771,1814,1832,1860,1881,1929,1943,1992,2004,2039,2040,2041,2042,2106,2132,2133,2145,2146,2184,2195,2197,2201,2205,2210,2216,2223,2230,2238,2275,2290,2304,2318,2354,2508,2529,2584,2585,2588,2646,2681,2687,2692,2694,2706,2713,2714,2911,3003,3007,3042,3062,3080,3081,3098,3155,3204,3215,3267,3271,3273,3360,3449,3464,3479,3526,3615,3635,3643,3653,3688,3706,3707,3711,3794,3804,3888,3965,3982,3983,4112,4209,4223,4232,4233,4307,4308,4336,4439,4463,4472,4473,4474,4514,4526,4530,4531,4557,4568,4679,4703,4711,4713,4720,4737,4816,4976,5054,5083,5095,5124,5150,5253,5295,5334,5376,5411,5413,5415,5423,5481,5486,5492,5554,5631,5632,5669,5689,5714,5812,5874,5914,5941,5948,6004,6068,6118,6121,6160,6163,6260,6322,6379,6464,6506,6570,6608,6712,6780,6799,6800,6926,7004,7256,7369,7575,7610,7641,7713,7747,7749,7849,7856,8026,8028,8035,8041,8043,8046,8061,8092,8181,8254,8257,8259,8337,8339,8340,8341,8342,8343,8344,8345,8346,8347,8348,8349,8350,8351,8352,8353,8355,8356,8359,8360)
2024-08-26 14:23:26;UPDATE `pe_bl` SET `supprime` = 1 WHERE `id` IN (1,3,4,9,10,40,42,51,53,65,72,80,81,84,85,86,88,93,96,108,111,112,139,140,147,150,160,168,173,174,176,182,191,195,196,199,202,203,211,236,237,247,248,251,252,274,275,276,282,284,285,287,298,301,307,308,310,311,336,343,366,367,379,380,401,402,403,404,407,409,411,502,510,512,521,527,534,568,569,641,691,692,715,716,717,718,719,720,721,722,730,731,797,856,957,1038,1040,1041,1062,1087,1101,1110,1125,1142,1143,1144,1243,1343,1378,1514,1533,1565,1571,1642,1676,1771,1814,1832,1860,1881,1929,1943,1992,2004,2039,2040,2041,2042,2106,2132,2133,2145,2146,2184,2195,2197,2201,2205,2210,2216,2223,2230,2238,2275,2290,2304,2318,2354,2508,2529,2584,2585,2588,2646,2681,2687,2692,2694,2706,2713,2714,2911,3003,3007,3042,3062,3080,3081,3098,3155,3204,3215,3267,3271,3273,3360,3449,3464,3479,3526,3615,3635,3643,3653,3688,3706,3707,3711,3794,3804,3888,3965,3982,3983,4112,4209,4223,4232,4233,4307,4308,4336,4439,4463,4472,4473,4474,4514,4526,4530,4531,4557,4568,4679,4703,4711,4713,4720,4737,4816,4976,5054,5083,5095,5124,5150,5253,5295,5334,5376,5411,5413,5415,5423,5481,5486,5492,5554,5631,5632,5669,5689,5714,5812,5874,5914,5941,5948,6004,6068,6118,6121,6160,6163,6260,6322,6379,6464,6506,6570,6608,6712,6780,6799,6800,6926,7004,7256,7369,7575,7610,7641,7713,7747,7749,7849,7856,8026,8028,8035,8041,8043,8046,8061,8092,8181,8254,8257,8259,8337,8339,8340,8341,8342,8343,8344,8345,8346,8347,8348,8349,8350,8351,8352,8353,8355,8356,8359,8360)
2024-08-26 14:27:12;INSERT INTO `pe_bl` (`num_bl`,`supprime`,`statut`,`date`) VALUES ("BL2408040" ,0 ,1 ,"2024-08-26" )
2024-08-26 14:27:56;INSERT INTO `pe_bl` (`num_bl`,`supprime`,`statut`,`date`) VALUES ("BL2408041" ,0 ,1 ,"2024-08-26" )
2024-08-26 14:28:03;INSERT INTO `pe_bl` (`num_bl`,`supprime`,`statut`,`date`) VALUES ("BL2408042" ,0 ,1 ,"2024-08-26" )
2024-08-26 14:28:11;UPDATE `pe_langues` SET `actif` = 1 WHERE `iso` = "FR"
2024-08-26 14:28:26;UPDATE `pe_bl` SET `supprime` = 0 ,`num_cmd` = "" ,`date` = "2024-08-26" ,`id_tiers_facturation` = 473 ,`id_tiers_livraison` = 329 ,`id_adresse_livraison` = 487 ,`id_tiers_transporteur` = 338 ,`regroupement` = 0 ,`chiffrage` = 0 ,`statut` = 1  WHERE id = 8363
2024-08-26 14:30:41;INSERT INTO `pe_bl` (`num_bl`,`supprime`,`statut`,`date`) VALUES ("BL2408043" ,0 ,1 ,"2024-08-26" )
2024-08-26 14:35:46;INSERT INTO `pe_bl` (`num_bl`,`supprime`,`statut`,`date`) VALUES ("BL2408044" ,0 ,1 ,"2024-08-26" )
2024-08-26 14:35:54;UPDATE `pe_langues` SET `actif` = 1 WHERE `iso` = "FR"
2024-08-26 14:35:54;UPDATE `pe_consommables` SET `id_precedent` = 0, `date_upd` = null WHERE `date_upd` < CURDATE()
2024-08-26 14:36:09;DELETE FROM `pe_prp_op` WHERE `id` IN (2505)
2024-08-26 14:36:09;DELETE FROM `pe_prp_bls` WHERE `id_prp_op` IN (2505)
2024-08-26 14:36:09;INSERT INTO `pe_prp_op` (`id_user`) VALUES (0 )
2024-08-26 14:36:10;UPDATE `pe_prp_op` SET `id_transporteur` = 231  WHERE `id` = 2506
2024-08-26 14:36:15;UPDATE `pe_bl` SET `supprime` = 1 WHERE `id` IN (1,3,4,9,10,40,42,51,53,65,72,80,81,84,85,86,88,93,96,108,111,112,139,140,147,150,160,168,173,174,176,182,191,195,196,199,202,203,211,236,237,247,248,251,252,274,275,276,282,284,285,287,298,301,307,308,310,311,336,343,366,367,379,380,401,402,403,404,407,409,411,502,510,512,521,527,534,568,569,641,691,692,715,716,717,718,719,720,721,722,730,731,797,856,957,1038,1040,1041,1062,1087,1101,1110,1125,1142,1143,1144,1243,1343,1378,1514,1533,1565,1571,1642,1676,1771,1814,1832,1860,1881,1929,1943,1992,2004,2039,2040,2041,2042,2106,2132,2133,2145,2146,2184,2195,2197,2201,2205,2210,2216,2223,2230,2238,2275,2290,2304,2318,2354,2508,2529,2584,2585,2588,2646,2681,2687,2692,2694,2706,2713,2714,2911,3003,3007,3042,3062,3080,3081,3098,3155,3204,3215,3267,3271,3273,3360,3449,3464,3479,3526,3615,3635,3643,3653,3688,3706,3707,3711,3794,3804,3888,3965,3982,3983,4112,4209,4223,4232,4233,4307,4308,4336,4439,4463,4472,4473,4474,4514,4526,4530,4531,4557,4568,4679,4703,4711,4713,4720,4737,4816,4976,5054,5083,5095,5124,5150,5253,5295,5334,5376,5411,5413,5415,5423,5481,5486,5492,5554,5631,5632,5669,5689,5714,5812,5874,5914,5941,5948,6004,6068,6118,6121,6160,6163,6260,6322,6379,6464,6506,6570,6608,6712,6780,6799,6800,6926,7004,7256,7369,7575,7610,7641,7713,7747,7749,7849,7856,8026,8028,8035,8041,8043,8046,8061,8092,8181,8254,8257,8259,8337,8339,8340,8341,8342,8343,8344,8345,8346,8347,8348,8349,8350,8351,8352,8353,8355,8356,8359,8360,8361,8362,8363,8364,8365)
2024-08-26 14:36:33;INSERT INTO `pe_bl` (`num_bl`,`supprime`,`statut`,`date`) VALUES ("BL2408045" ,0 ,1 ,"2024-08-26" )
2024-08-26 14:37:09;UPDATE `pe_langues` SET `actif` = 1 WHERE `iso` = "FR"
2024-08-26 14:37:09;UPDATE `pe_palette_composition` SET `supprime` = 1 WHERE `id_lot_hors_stock` > 0 AND `id` NOT IN
                        ( SELECT `id_compo` FROM `pe_bl_lignes`) 
                        AND  `id_lot_hors_stock` NOT IN (SELECT `id` FROM `pe_lots`)
2024-08-26 14:38:10;INSERT INTO `pe_bl_lignes` (`id_produit`,`id_palette`,`numlot`,`id_lot`,`poids`,`nb_colis`,`id_compo`,`num_palette`,`id_bl`,`id_produit_bl`,`pu_ht`,`tva`,`qte`,`supprime`,`date_add`) VALUES (43 ,342 ,"203610EUE070" ,396 ,132 ,1 ,1206 ,0 ,8366 ,0 ,0 ,5.5 ,1 ,0 ,"2024-08-26 14:38:10" )
2024-08-26 14:38:11;UPDATE `pe_bl` SET `id_tiers_facturation` = 473  WHERE id = 8366
2024-08-26 14:42:31;UPDATE `pe_bl_lignes` SET `pu_ht` = 100  WHERE `id` = 76000
2024-08-26 14:42:33;INSERT INTO `pe_tarif_client` (`id_tiers`,`id_produit`,`prix`) VALUES (473 ,43 ,100 )
2024-08-26 14:42:40;UPDATE `pe_bl` SET `supprime` = 1 WHERE `id` IN (1,3,4,9,10,40,42,51,53,65,72,80,81,84,85,86,88,93,96,108,111,112,139,140,147,150,160,168,173,174,176,182,191,195,196,199,202,203,211,236,237,247,248,251,252,274,275,276,282,284,285,287,298,301,307,308,310,311,336,343,366,367,379,380,401,402,403,404,407,409,411,502,510,512,521,527,534,568,569,641,691,692,715,716,717,718,719,720,721,722,730,731,797,856,957,1038,1040,1041,1062,1087,1101,1110,1125,1142,1143,1144,1243,1343,1378,1514,1533,1565,1571,1642,1676,1771,1814,1832,1860,1881,1929,1943,1992,2004,2039,2040,2041,2042,2106,2132,2133,2145,2146,2184,2195,2197,2201,2205,2210,2216,2223,2230,2238,2275,2290,2304,2318,2354,2508,2529,2584,2585,2588,2646,2681,2687,2692,2694,2706,2713,2714,2911,3003,3007,3042,3062,3080,3081,3098,3155,3204,3215,3267,3271,3273,3360,3449,3464,3479,3526,3615,3635,3643,3653,3688,3706,3707,3711,3794,3804,3888,3965,3982,3983,4112,4209,4223,4232,4233,4307,4308,4336,4439,4463,4472,4473,4474,4514,4526,4530,4531,4557,4568,4679,4703,4711,4713,4720,4737,4816,4976,5054,5083,5095,5124,5150,5253,5295,5334,5376,5411,5413,5415,5423,5481,5486,5492,5554,5631,5632,5669,5689,5714,5812,5874,5914,5941,5948,6004,6068,6118,6121,6160,6163,6260,6322,6379,6464,6506,6570,6608,6712,6780,6799,6800,6926,7004,7256,7369,7575,7610,7641,7713,7747,7749,7849,7856,8026,8028,8035,8041,8043,8046,8061,8092,8181,8254,8257,8259,8337,8339,8340,8341,8342,8343,8344,8345,8346,8347,8348,8349,8350,8351,8352,8353,8355,8356,8359,8360,8361,8362,8363,8364,8365)
2024-08-26 14:42:44;UPDATE `pe_bl` SET `id_tiers_livraison` = 473  WHERE id = 8366
2024-08-26 14:43:26;UPDATE `pe_bl` SET `num_cmd` = "" ,`id_tiers_facturation` = 473 ,`id_tiers_livraison` = 473 ,`id_tiers_transporteur` = 0 ,`id_adresse_livraison` = 749 ,`nom_client` = "" ,`statut` = 1 ,`supprime` = 0  WHERE id = 8366
2024-08-26 14:46:36;UPDATE `pe_bl` SET `num_cmd` = "" ,`date` = "2024-08-26" ,`id_tiers_facturation` = 473 ,`id_tiers_livraison` = 473 ,`id_adresse_livraison` = 749 ,`id_tiers_transporteur` = 0  WHERE id = 8366
2024-08-26 14:46:36;UPDATE `pe_tiers` SET `id_langue` = 1  WHERE `id` = 473
2024-08-26 14:46:36;UPDATE `pe_tiers_types` SET `id_famille` = 0 WHERE `id_tiers` = 473
2024-08-26 14:46:36;UPDATE `pe_bl` SET `num_cmd` = "" ,`date` = "2024-08-26" ,`id_tiers_facturation` = 473 ,`id_tiers_livraison` = 473 ,`id_adresse_livraison` = 749 ,`id_tiers_transporteur` = 0 ,`chiffrage` = 0  WHERE id = 8366
2024-08-26 14:46:36;UPDATE `pe_bl` SET `num_cmd` = "" ,`date` = "2024-08-26" ,`id_tiers_facturation` = 473 ,`id_tiers_livraison` = 473 ,`id_adresse_livraison` = 749 ,`id_tiers_transporteur` = 0 ,`chiffrage` = 0 ,`statut` = 2 ,`supprime` = 0  WHERE id = 8366
2024-08-26 14:46:36;UPDATE `pe_palette_composition` SET `supprime` = 1, `archive` = 1 WHERE `id` IN (1206)
2024-08-26 14:46:36;UPDATE `pe_bl` SET `date_envoi` = NULL WHERE `id` = 8366
2024-08-26 14:46:53;UPDATE `pe_bl` SET `num_cmd` = "" ,`date` = "2024-08-26" ,`id_tiers_facturation` = 473 ,`id_tiers_livraison` = 473 ,`id_adresse_livraison` = 749 ,`id_tiers_transporteur` = 0  WHERE id = 8366
2024-08-26 14:46:53;UPDATE `pe_tiers` SET `id_langue` = 1  WHERE `id` = 473
2024-08-26 14:46:53;UPDATE `pe_tiers_types` SET `id_famille` = 0 WHERE `id_tiers` = 473
2024-08-26 14:46:53;UPDATE `pe_bl` SET `num_cmd` = "" ,`date` = "2024-08-26" ,`id_tiers_facturation` = 473 ,`id_tiers_livraison` = 473 ,`id_adresse_livraison` = 749 ,`id_tiers_transporteur` = 0 ,`chiffrage` = 0  WHERE id = 8366
2024-08-26 14:46:53;UPDATE `pe_bl` SET `num_cmd` = "" ,`date` = "2024-08-26" ,`id_tiers_facturation` = 473 ,`id_tiers_livraison` = 473 ,`id_adresse_livraison` = 749 ,`id_tiers_transporteur` = 0 ,`chiffrage` = 0 ,`statut` = 2 ,`supprime` = 0  WHERE id = 8366
2024-08-26 14:46:53;UPDATE `pe_palette_composition` SET `supprime` = 1, `archive` = 1 WHERE `id` IN (1206)
2024-08-26 14:46:53;UPDATE `pe_bl` SET `date_envoi` = NULL WHERE `id` = 8366
2024-08-26 14:47:25;UPDATE `pe_langues` SET `actif` = 1 WHERE `iso` = "FR"
2024-08-26 14:47:27;DELETE FROM `pe_prp_op` WHERE `id` IN (2506)
2024-08-26 14:47:27;DELETE FROM `pe_prp_bls` WHERE `id_prp_op` IN (2506)
2024-08-26 14:47:27;INSERT INTO `pe_prp_op` (`id_user`) VALUES (0 )
2024-08-26 14:47:28;UPDATE `pe_prp_op` SET `id_transporteur` = 231  WHERE `id` = 2507
2024-08-26 14:47:31;UPDATE `pe_langues` SET `actif` = 1 WHERE `iso` = "FR"
2024-08-26 14:47:36;UPDATE `pe_bl` SET `supprime` = 1 WHERE `id` IN (1,3,4,9,10,40,42,51,53,65,72,80,81,84,85,86,88,93,96,108,111,112,139,140,147,150,160,168,173,174,176,182,191,195,196,199,202,203,211,236,237,247,248,251,252,274,275,276,282,284,285,287,298,301,307,308,310,311,336,343,366,367,379,380,401,402,403,404,407,409,411,502,510,512,521,527,534,568,569,641,691,692,715,716,717,718,719,720,721,722,730,731,797,856,957,1038,1040,1041,1062,1087,1101,1110,1125,1142,1143,1144,1243,1343,1378,1514,1533,1565,1571,1642,1676,1771,1814,1832,1860,1881,1929,1943,1992,2004,2039,2040,2041,2042,2106,2132,2133,2145,2146,2184,2195,2197,2201,2205,2210,2216,2223,2230,2238,2275,2290,2304,2318,2354,2508,2529,2584,2585,2588,2646,2681,2687,2692,2694,2706,2713,2714,2911,3003,3007,3042,3062,3080,3081,3098,3155,3204,3215,3267,3271,3273,3360,3449,3464,3479,3526,3615,3635,3643,3653,3688,3706,3707,3711,3794,3804,3888,3965,3982,3983,4112,4209,4223,4232,4233,4307,4308,4336,4439,4463,4472,4473,4474,4514,4526,4530,4531,4557,4568,4679,4703,4711,4713,4720,4737,4816,4976,5054,5083,5095,5124,5150,5253,5295,5334,5376,5411,5413,5415,5423,5481,5486,5492,5554,5631,5632,5669,5689,5714,5812,5874,5914,5941,5948,6004,6068,6118,6121,6160,6163,6260,6322,6379,6464,6506,6570,6608,6712,6780,6799,6800,6926,7004,7256,7369,7575,7610,7641,7713,7747,7749,7849,7856,8026,8028,8035,8041,8043,8046,8061,8092,8181,8254,8257,8259,8337,8339,8340,8341,8342,8343,8344,8345,8346,8347,8348,8349,8350,8351,8352,8353,8355,8356,8359,8360,8361,8362,8363,8364,8365)
2024-08-26 14:47:51;UPDATE `pe_langues` SET `actif` = 1 WHERE `iso` = "FR"
2024-08-26 14:47:53;DELETE FROM `pe_prp_op` WHERE `id` IN (2507)
2024-08-26 14:47:53;DELETE FROM `pe_prp_bls` WHERE `id_prp_op` IN (2507)
2024-08-26 14:47:53;INSERT INTO `pe_prp_op` (`id_user`) VALUES (0 )
2024-08-26 14:47:55;UPDATE `pe_prp_op` SET `id_transporteur` = 231  WHERE `id` = 2508
2024-08-26 14:47:57;UPDATE `pe_langues` SET `actif` = 1 WHERE `iso` = "FR"
2024-08-26 14:48:06;UPDATE `pe_langues` SET `actif` = 1 WHERE `iso` = "FR"
2024-08-26 14:48:08;DELETE FROM `pe_prp_op` WHERE `id` IN (2508)
2024-08-26 14:48:08;DELETE FROM `pe_prp_bls` WHERE `id_prp_op` IN (2508)
2024-08-26 14:48:08;INSERT INTO `pe_prp_op` (`id_user`) VALUES (0 )
2024-08-26 14:48:09;UPDATE `pe_prp_op` SET `id_transporteur` = 238  WHERE `id` = 2509
2024-08-26 14:48:11;UPDATE `pe_langues` SET `actif` = 1 WHERE `iso` = "FR"
2024-08-26 14:48:55;UPDATE `pe_bl` SET `num_cmd` = "" ,`date` = "2024-08-26" ,`id_tiers_facturation` = 473 ,`id_tiers_livraison` = 473 ,`id_adresse_livraison` = 749 ,`id_tiers_transporteur` = 231  WHERE id = 8366
2024-08-26 14:48:55;UPDATE `pe_tiers` SET `id_langue` = 1  WHERE `id` = 473
2024-08-26 14:48:55;UPDATE `pe_tiers_types` SET `id_famille` = 0 WHERE `id_tiers` = 473
2024-08-26 14:48:55;UPDATE `pe_bl` SET `num_cmd` = "" ,`date` = "2024-08-26" ,`id_tiers_facturation` = 473 ,`id_tiers_livraison` = 473 ,`id_adresse_livraison` = 749 ,`id_tiers_transporteur` = 231 ,`chiffrage` = 0  WHERE id = 8366
2024-08-26 14:48:56;UPDATE `pe_bl` SET `num_cmd` = "" ,`date` = "2024-08-26" ,`id_tiers_facturation` = 473 ,`id_tiers_livraison` = 473 ,`id_adresse_livraison` = 749 ,`id_tiers_transporteur` = 231 ,`chiffrage` = 0 ,`statut` = 2 ,`supprime` = 0  WHERE id = 8366
2024-08-26 14:48:56;UPDATE `pe_palette_composition` SET `supprime` = 1, `archive` = 1 WHERE `id` IN (1206)
2024-08-26 14:48:56;UPDATE `pe_bl` SET `date_envoi` = NULL WHERE `id` = 8366
2024-08-26 14:49:04;UPDATE `pe_langues` SET `actif` = 1 WHERE `iso` = "FR"
2024-08-26 14:49:05;DELETE FROM `pe_prp_op` WHERE `id` IN (2509)
2024-08-26 14:49:05;DELETE FROM `pe_prp_bls` WHERE `id_prp_op` IN (2509)
2024-08-26 14:49:05;INSERT INTO `pe_prp_op` (`id_user`) VALUES (0 )
2024-08-26 14:49:06;UPDATE `pe_prp_op` SET `id_transporteur` = 231  WHERE `id` = 2510
2024-08-26 14:49:08;DELETE FROM `pe_prp_bls` WHERE `id_prp_op` = 2510
2024-08-26 14:49:08;INSERT IGNORE INTO `pe_prp_bls` (`id_prp_op`, `id_bl`) VALUES (2510, 8366)
2024-08-26 14:49:10;UPDATE `pe_prp_op` SET `date` = "2024-08-26"  WHERE `id` = 2510
2024-08-26 14:49:11;UPDATE `pe_prp_op` SET `cmd_conforme` = 1  WHERE `id` = 2510
2024-08-26 14:49:13;UPDATE `pe_prp_op` SET `t_surface` = 3 ,`t_surface_conforme` = 1  WHERE `id` = 2510
2024-08-26 14:49:16;UPDATE `pe_prp_op` SET `t_camion` = 2 ,`t_camion_conforme` = 1  WHERE `id` = 2510
2024-08-26 14:49:22;UPDATE `pe_prp_op` SET `palettes_poids` = 1 ,`palettes_recues` = 0 ,`palettes_rendues` = 0  WHERE `id` = 2510
2024-08-26 14:49:25;UPDATE `pe_prp_op` SET `crochets_recus` = 10 ,`crochets_rendus` = 0  WHERE `id` = 2510
2024-08-26 14:49:27;UPDATE `pe_tiers` SET `solde_palettes` = 10 ,`solde_crochets` = 25  WHERE `id` = 231
2024-08-26 14:49:27;UPDATE `pe_tiers_types` SET `id_famille` = 0 WHERE `id_tiers` = 231
2024-08-26 14:49:27;UPDATE `pe_prp_op` SET `id_user` = 1 ,`date_add` = "2024-08-26 14:49:27"  WHERE `id` = 2510
2024-08-26 14:55:08;INSERT INTO `pe_prp_op` (`id_user`) VALUES (0 )
2024-08-26 14:55:13;UPDATE `pe_bl` SET `supprime` = 1 WHERE `id` IN (1,3,4,9,10,40,42,51,53,65,72,80,81,84,85,86,88,93,96,108,111,112,139,140,147,150,160,168,173,174,176,182,191,195,196,199,202,203,211,236,237,247,248,251,252,274,275,276,282,284,285,287,298,301,307,308,310,311,336,343,366,367,379,380,401,402,403,404,407,409,411,502,510,512,521,527,534,568,569,641,691,692,715,716,717,718,719,720,721,722,730,731,797,856,957,1038,1040,1041,1062,1087,1101,1110,1125,1142,1143,1144,1243,1343,1378,1514,1533,1565,1571,1642,1676,1771,1814,1832,1860,1881,1929,1943,1992,2004,2039,2040,2041,2042,2106,2132,2133,2145,2146,2184,2195,2197,2201,2205,2210,2216,2223,2230,2238,2275,2290,2304,2318,2354,2508,2529,2584,2585,2588,2646,2681,2687,2692,2694,2706,2713,2714,2911,3003,3007,3042,3062,3080,3081,3098,3155,3204,3215,3267,3271,3273,3360,3449,3464,3479,3526,3615,3635,3643,3653,3688,3706,3707,3711,3794,3804,3888,3965,3982,3983,4112,4209,4223,4232,4233,4307,4308,4336,4439,4463,4472,4473,4474,4514,4526,4530,4531,4557,4568,4679,4703,4711,4713,4720,4737,4816,4976,5054,5083,5095,5124,5150,5253,5295,5334,5376,5411,5413,5415,5423,5481,5486,5492,5554,5631,5632,5669,5689,5714,5812,5874,5914,5941,5948,6004,6068,6118,6121,6160,6163,6260,6322,6379,6464,6506,6570,6608,6712,6780,6799,6800,6926,7004,7256,7369,7575,7610,7641,7713,7747,7749,7849,7856,8026,8028,8035,8041,8043,8046,8061,8092,8181,8254,8257,8259,8337,8339,8340,8341,8342,8343,8344,8345,8346,8347,8348,8349,8350,8351,8352,8353,8355,8356,8359,8360,8361,8362,8363,8364,8365)
2024-08-26 14:55:17;INSERT INTO `pe_bl` (`num_bl`,`supprime`,`statut`,`date`) VALUES ("BL2408046" ,0 ,1 ,"2024-08-26" )
2024-08-26 14:56:46;INSERT INTO `pe_bl_lignes` (`id_produit`,`id_palette`,`numlot`,`id_lot`,`poids`,`nb_colis`,`id_compo`,`num_palette`,`id_bl`,`id_produit_bl`,`pu_ht`,`tva`,`qte`,`supprime`,`date_add`) VALUES (43 ,0 ,"212014BES100" ,881 ,360 ,1 ,9336 ,0 ,8367 ,0 ,0.25 ,5.5 ,1 ,0 ,"2024-08-26 14:56:46" )
2024-08-26 14:56:47;UPDATE `pe_bl` SET `id_tiers_facturation` = 473  WHERE id = 8367
2024-08-26 14:58:45;UPDATE `pe_bl_lignes` SET `pu_ht` = 100  WHERE `id` = 76001
2024-08-26 14:58:58;UPDATE `pe_bl` SET `supprime` = 0 ,`num_cmd` = "" ,`date` = "2024-08-26" ,`id_tiers_facturation` = 473 ,`id_tiers_livraison` = 473 ,`id_adresse_livraison` = 749 ,`id_tiers_transporteur` = 231 ,`regroupement` = 0 ,`chiffrage` = 0 ,`statut` = 1  WHERE id = 8367
2024-08-26 14:59:00;UPDATE `pe_bl` SET `supprime` = 1 WHERE `id` IN (1,3,4,9,10,40,42,51,53,65,72,80,81,84,85,86,88,93,96,108,111,112,139,140,147,150,160,168,173,174,176,182,191,195,196,199,202,203,211,236,237,247,248,251,252,274,275,276,282,284,285,287,298,301,307,308,310,311,336,343,366,367,379,380,401,402,403,404,407,409,411,502,510,512,521,527,534,568,569,641,691,692,715,716,717,718,719,720,721,722,730,731,797,856,957,1038,1040,1041,1062,1087,1101,1110,1125,1142,1143,1144,1243,1343,1378,1514,1533,1565,1571,1642,1676,1771,1814,1832,1860,1881,1929,1943,1992,2004,2039,2040,2041,2042,2106,2132,2133,2145,2146,2184,2195,2197,2201,2205,2210,2216,2223,2230,2238,2275,2290,2304,2318,2354,2508,2529,2584,2585,2588,2646,2681,2687,2692,2694,2706,2713,2714,2911,3003,3007,3042,3062,3080,3081,3098,3155,3204,3215,3267,3271,3273,3360,3449,3464,3479,3526,3615,3635,3643,3653,3688,3706,3707,3711,3794,3804,3888,3965,3982,3983,4112,4209,4223,4232,4233,4307,4308,4336,4439,4463,4472,4473,4474,4514,4526,4530,4531,4557,4568,4679,4703,4711,4713,4720,4737,4816,4976,5054,5083,5095,5124,5150,5253,5295,5334,5376,5411,5413,5415,5423,5481,5486,5492,5554,5631,5632,5669,5689,5714,5812,5874,5914,5941,5948,6004,6068,6118,6121,6160,6163,6260,6322,6379,6464,6506,6570,6608,6712,6780,6799,6800,6926,7004,7256,7369,7575,7610,7641,7713,7747,7749,7849,7856,8026,8028,8035,8041,8043,8046,8061,8092,8181,8254,8257,8259,8337,8339,8340,8341,8342,8343,8344,8345,8346,8347,8348,8349,8350,8351,8352,8353,8355,8356,8359,8360,8361,8362,8363,8364,8365)
2024-08-26 14:59:27;UPDATE `pe_bl` SET `num_cmd` = "" ,`id_tiers_facturation` = 473 ,`id_tiers_livraison` = 473 ,`id_tiers_transporteur` = 231 ,`id_adresse_livraison` = 749 ,`nom_client` = "" ,`statut` = 1 ,`supprime` = 0  WHERE id = 8367
2024-08-26 15:00:36;UPDATE `pe_bl` SET `num_cmd` = "" ,`date` = "2024-08-26" ,`id_tiers_facturation` = 473 ,`id_tiers_livraison` = 473 ,`id_adresse_livraison` = 749 ,`id_tiers_transporteur` = 231  WHERE id = 8367
2024-08-26 15:00:36;UPDATE `pe_tiers` SET `id_langue` = 1  WHERE `id` = 473
2024-08-26 15:00:36;UPDATE `pe_tiers_types` SET `id_famille` = 0 WHERE `id_tiers` = 473
2024-08-26 15:00:36;UPDATE `pe_bl` SET `num_cmd` = "" ,`date` = "2024-08-26" ,`id_tiers_facturation` = 473 ,`id_tiers_livraison` = 473 ,`id_adresse_livraison` = 749 ,`id_tiers_transporteur` = 231 ,`chiffrage` = 0  WHERE id = 8367
2024-08-26 15:00:36;UPDATE `pe_bl` SET `num_cmd` = "" ,`date` = "2024-08-26" ,`id_tiers_facturation` = 473 ,`id_tiers_livraison` = 473 ,`id_adresse_livraison` = 749 ,`id_tiers_transporteur` = 231 ,`chiffrage` = 0 ,`statut` = 2 ,`supprime` = 0  WHERE id = 8367
2024-08-26 15:00:36;UPDATE `pe_palette_composition` SET `supprime` = 1, `archive` = 1 WHERE `id` IN (9336)
2024-08-26 15:00:36;UPDATE `pe_bl` SET `date_envoi` = NULL WHERE `id` = 8367
2024-08-26 15:00:48;UPDATE `pe_langues` SET `actif` = 1 WHERE `iso` = "FR"
2024-08-26 15:00:52;DELETE FROM `pe_prp_op` WHERE `id` IN (2511)
2024-08-26 15:00:52;DELETE FROM `pe_prp_bls` WHERE `id_prp_op` IN (2511)
2024-08-26 15:00:52;INSERT INTO `pe_prp_op` (`id_user`) VALUES (0 )
2024-08-26 15:00:53;UPDATE `pe_prp_op` SET `id_transporteur` = 231  WHERE `id` = 2512
2024-08-26 15:00:56;DELETE FROM `pe_prp_bls` WHERE `id_prp_op` = 2512
2024-08-26 15:00:56;INSERT IGNORE INTO `pe_prp_bls` (`id_prp_op`, `id_bl`) VALUES (2512, 8367)
2024-08-26 15:00:57;UPDATE `pe_prp_op` SET `date` = "2024-08-26"  WHERE `id` = 2512
2024-08-26 15:00:59;UPDATE `pe_prp_op` SET `cmd_conforme` = 1  WHERE `id` = 2512
2024-08-26 15:01:10;UPDATE `pe_prp_op` SET `t_surface` = 1 ,`t_surface_conforme` = 1  WHERE `id` = 2512
2024-08-26 15:01:14;UPDATE `pe_prp_op` SET `t_camion` = 1 ,`t_camion_conforme` = 1  WHERE `id` = 2512
2024-08-26 15:02:16;UPDATE `pe_langues` SET `actif` = 1 WHERE `iso` = "FR"
2024-08-26 15:02:18;DELETE FROM `pe_prp_op` WHERE `id` IN (2512)
2024-08-26 15:02:18;DELETE FROM `pe_prp_bls` WHERE `id_prp_op` IN (2512)
2024-08-26 15:02:18;INSERT INTO `pe_prp_op` (`id_user`) VALUES (0 )
2024-08-26 15:02:19;UPDATE `pe_prp_op` SET `id_transporteur` = 231  WHERE `id` = 2513
2024-08-26 15:02:22;DELETE FROM `pe_prp_bls` WHERE `id_prp_op` = 2513
2024-08-26 15:02:22;INSERT IGNORE INTO `pe_prp_bls` (`id_prp_op`, `id_bl`) VALUES (2513, 8367)
2024-08-26 15:02:23;UPDATE `pe_prp_op` SET `date` = "2024-08-26"  WHERE `id` = 2513
2024-08-26 15:02:25;UPDATE `pe_prp_op` SET `cmd_conforme` = 1  WHERE `id` = 2513
2024-08-26 15:02:27;UPDATE `pe_prp_op` SET `t_surface` = 9 ,`t_surface_conforme` = 1  WHERE `id` = 2513
2024-08-26 15:02:29;UPDATE `pe_prp_op` SET `t_camion` = 1 ,`t_camion_conforme` = 1  WHERE `id` = 2513
2024-08-26 15:06:03;UPDATE `pe_langues` SET `actif` = 1 WHERE `iso` = "FR"
2024-08-26 15:06:10;UPDATE `pe_langues` SET `actif` = 1 WHERE `iso` = "FR"
2024-08-26 15:06:45;UPDATE `pe_langues` SET `actif` = 1 WHERE `iso` = "FR"
2024-08-26 15:06:53;UPDATE `pe_langues` SET `actif` = 1 WHERE `iso` = "FR"
2024-08-26 15:07:16;UPDATE `pe_langues` SET `actif` = 1 WHERE `iso` = "FR"
2024-08-26 15:07:41;DELETE FROM `pe_prp_op` WHERE `id` IN (2513)
2024-08-26 15:07:41;DELETE FROM `pe_prp_bls` WHERE `id_prp_op` IN (2513)
2024-08-26 15:07:41;INSERT INTO `pe_prp_op` (`id_user`) VALUES (0 )
2024-08-26 15:07:42;UPDATE `pe_prp_op` SET `id_transporteur` = 231  WHERE `id` = 2514
2024-08-26 15:07:45;UPDATE `pe_langues` SET `actif` = 1 WHERE `iso` = "FR"
2024-08-26 15:07:47;DELETE FROM `pe_prp_op` WHERE `id` IN (2514)
2024-08-26 15:07:47;DELETE FROM `pe_prp_bls` WHERE `id_prp_op` IN (2514)
2024-08-26 15:07:47;INSERT INTO `pe_prp_op` (`id_user`) VALUES (0 )
2024-08-26 15:07:49;UPDATE `pe_prp_op` SET `id_transporteur` = 231  WHERE `id` = 2515
2024-08-26 15:07:50;DELETE FROM `pe_prp_bls` WHERE `id_prp_op` = 2515
2024-08-26 15:07:50;INSERT IGNORE INTO `pe_prp_bls` (`id_prp_op`, `id_bl`) VALUES (2515, 8367)
2024-08-26 15:07:52;UPDATE `pe_prp_op` SET `date` = "2024-08-26"  WHERE `id` = 2515
2024-08-26 15:07:53;UPDATE `pe_prp_op` SET `cmd_conforme` = 1  WHERE `id` = 2515
2024-08-26 15:07:55;UPDATE `pe_prp_op` SET `t_surface` = 2 ,`t_surface_conforme` = 1  WHERE `id` = 2515
2024-08-26 15:07:58;UPDATE `pe_prp_op` SET `t_camion` = 2 ,`t_camion_conforme` = 1  WHERE `id` = 2515
2024-08-26 15:08:51;UPDATE `pe_langues` SET `actif` = 1 WHERE `iso` = "FR"
2024-08-26 15:08:54;DELETE FROM `pe_prp_op` WHERE `id` IN (2515)
2024-08-26 15:08:54;DELETE FROM `pe_prp_bls` WHERE `id_prp_op` IN (2515)
2024-08-26 15:08:54;INSERT INTO `pe_prp_op` (`id_user`) VALUES (0 )
2024-08-26 15:08:56;UPDATE `pe_prp_op` SET `id_transporteur` = 231  WHERE `id` = 2516
2024-08-26 15:08:58;DELETE FROM `pe_prp_bls` WHERE `id_prp_op` = 2516
2024-08-26 15:08:58;INSERT IGNORE INTO `pe_prp_bls` (`id_prp_op`, `id_bl`) VALUES (2516, 8367)
2024-08-26 15:08:59;UPDATE `pe_prp_op` SET `date` = "2024-08-26"  WHERE `id` = 2516
2024-08-26 15:09:00;UPDATE `pe_prp_op` SET `cmd_conforme` = 1  WHERE `id` = 2516
2024-08-26 15:09:03;UPDATE `pe_prp_op` SET `t_surface` = 1 ,`t_surface_conforme` = 1  WHERE `id` = 2516
2024-08-26 15:09:06;UPDATE `pe_prp_op` SET `t_camion` = 1 ,`t_camion_conforme` = 1  WHERE `id` = 2516
2024-08-26 15:11:11;UPDATE `pe_langues` SET `actif` = 1 WHERE `iso` = "FR"
2024-08-26 15:11:14;DELETE FROM `pe_prp_op` WHERE `id` IN (2516)
2024-08-26 15:11:14;DELETE FROM `pe_prp_bls` WHERE `id_prp_op` IN (2516)
2024-08-26 15:11:14;INSERT INTO `pe_prp_op` (`id_user`) VALUES (0 )
2024-08-26 15:11:15;UPDATE `pe_prp_op` SET `id_transporteur` = 231  WHERE `id` = 2517
2024-08-26 15:11:18;DELETE FROM `pe_prp_bls` WHERE `id_prp_op` = 2517
2024-08-26 15:11:18;INSERT IGNORE INTO `pe_prp_bls` (`id_prp_op`, `id_bl`) VALUES (2517, 8367)
2024-08-26 15:11:19;UPDATE `pe_prp_op` SET `date` = "2024-08-26"  WHERE `id` = 2517
2024-08-26 15:11:20;UPDATE `pe_prp_op` SET `cmd_conforme` = 1  WHERE `id` = 2517
2024-08-26 15:11:22;UPDATE `pe_prp_op` SET `t_surface` = 3 ,`t_surface_conforme` = 1  WHERE `id` = 2517
2024-08-26 15:11:24;UPDATE `pe_prp_op` SET `t_camion` = 3 ,`t_camion_conforme` = 1  WHERE `id` = 2517
2024-08-26 15:15:13;UPDATE `pe_langues` SET `actif` = 1 WHERE `iso` = "FR"
2024-08-26 15:15:17;DELETE FROM `pe_prp_op` WHERE `id` IN (2517)
2024-08-26 15:15:17;DELETE FROM `pe_prp_bls` WHERE `id_prp_op` IN (2517)
2024-08-26 15:15:17;INSERT INTO `pe_prp_op` (`id_user`) VALUES (0 )
2024-08-26 15:15:18;UPDATE `pe_prp_op` SET `id_transporteur` = 231  WHERE `id` = 2518
2024-08-26 15:15:20;DELETE FROM `pe_prp_bls` WHERE `id_prp_op` = 2518
2024-08-26 15:15:20;INSERT IGNORE INTO `pe_prp_bls` (`id_prp_op`, `id_bl`) VALUES (2518, 8367)
2024-08-26 15:15:21;UPDATE `pe_prp_op` SET `date` = "2024-08-26"  WHERE `id` = 2518
2024-08-26 15:15:23;UPDATE `pe_prp_op` SET `cmd_conforme` = 1  WHERE `id` = 2518
2024-08-26 15:15:25;UPDATE `pe_prp_op` SET `t_surface` = 1 ,`t_surface_conforme` = 1  WHERE `id` = 2518
2024-08-26 15:15:28;UPDATE `pe_prp_op` SET `t_camion` = 1 ,`t_camion_conforme` = 1  WHERE `id` = 2518
2024-08-26 15:15:42;UPDATE `pe_langues` SET `actif` = 1 WHERE `iso` = "FR"
2024-08-26 15:15:45;DELETE FROM `pe_prp_op` WHERE `id` IN (2518)
2024-08-26 15:15:45;DELETE FROM `pe_prp_bls` WHERE `id_prp_op` IN (2518)
2024-08-26 15:15:45;INSERT INTO `pe_prp_op` (`id_user`) VALUES (0 )
2024-08-26 15:15:47;UPDATE `pe_prp_op` SET `id_transporteur` = 231  WHERE `id` = 2519
2024-08-26 15:15:48;DELETE FROM `pe_prp_bls` WHERE `id_prp_op` = 2519
2024-08-26 15:15:48;INSERT IGNORE INTO `pe_prp_bls` (`id_prp_op`, `id_bl`) VALUES (2519, 8367)
2024-08-26 15:15:50;UPDATE `pe_prp_op` SET `date` = "2024-08-26"  WHERE `id` = 2519
2024-08-26 15:15:51;UPDATE `pe_prp_op` SET `cmd_conforme` = 1  WHERE `id` = 2519
2024-08-26 15:15:54;UPDATE `pe_prp_op` SET `t_surface` = 1 ,`t_surface_conforme` = 1  WHERE `id` = 2519
2024-08-26 15:15:57;UPDATE `pe_prp_op` SET `t_camion` = 1 ,`t_camion_conforme` = 1  WHERE `id` = 2519
2024-08-26 15:17:07;UPDATE `pe_langues` SET `actif` = 1 WHERE `iso` = "FR"
2024-08-26 15:17:19;DELETE FROM `pe_prp_op` WHERE `id` IN (2519)
2024-08-26 15:17:19;DELETE FROM `pe_prp_bls` WHERE `id_prp_op` IN (2519)
2024-08-26 15:17:19;INSERT INTO `pe_prp_op` (`id_user`) VALUES (0 )
2024-08-26 15:17:20;UPDATE `pe_prp_op` SET `id_transporteur` = 231  WHERE `id` = 2520
2024-08-26 15:17:24;DELETE FROM `pe_prp_bls` WHERE `id_prp_op` = 2520
2024-08-26 15:17:24;INSERT IGNORE INTO `pe_prp_bls` (`id_prp_op`, `id_bl`) VALUES (2520, 8367)
2024-08-26 15:17:25;UPDATE `pe_prp_op` SET `date` = "2024-08-26"  WHERE `id` = 2520
2024-08-26 15:17:27;UPDATE `pe_prp_op` SET `cmd_conforme` = 1  WHERE `id` = 2520
2024-08-26 15:17:29;UPDATE `pe_prp_op` SET `t_surface` = 1 ,`t_surface_conforme` = 1  WHERE `id` = 2520
2024-08-26 15:17:35;UPDATE `pe_prp_op` SET `t_camion` = 1 ,`t_camion_conforme` = 1  WHERE `id` = 2520
2024-08-26 15:17:45;UPDATE `pe_langues` SET `actif` = 1 WHERE `iso` = "FR"
2024-08-26 15:17:46;UPDATE `pe_langues` SET `actif` = 1 WHERE `iso` = "FR"
2024-08-26 15:17:46;UPDATE `pe_langues` SET `actif` = 1 WHERE `iso` = "FR"
2024-08-26 15:17:46;UPDATE `pe_langues` SET `actif` = 1 WHERE `iso` = "FR"
2024-08-26 15:17:46;UPDATE `pe_langues` SET `actif` = 1 WHERE `iso` = "FR"
2024-08-26 15:17:46;UPDATE `pe_langues` SET `actif` = 1 WHERE `iso` = "FR"
2024-08-26 15:17:47;UPDATE `pe_langues` SET `actif` = 1 WHERE `iso` = "FR"
2024-08-26 15:17:47;UPDATE `pe_langues` SET `actif` = 1 WHERE `iso` = "FR"
2024-08-26 15:17:47;UPDATE `pe_langues` SET `actif` = 1 WHERE `iso` = "FR"
2024-08-26 15:17:53;DELETE FROM `pe_prp_op` WHERE `id` IN (2520)
2024-08-26 15:17:53;DELETE FROM `pe_prp_bls` WHERE `id_prp_op` IN (2520)
2024-08-26 15:17:53;INSERT INTO `pe_prp_op` (`id_user`) VALUES (0 )
2024-08-26 15:17:55;UPDATE `pe_prp_op` SET `id_transporteur` = 231  WHERE `id` = 2521
2024-08-26 15:17:58;DELETE FROM `pe_prp_bls` WHERE `id_prp_op` = 2521
2024-08-26 15:17:58;INSERT IGNORE INTO `pe_prp_bls` (`id_prp_op`, `id_bl`) VALUES (2521, 8367)
2024-08-26 15:17:59;UPDATE `pe_prp_op` SET `date` = "2024-08-26"  WHERE `id` = 2521
2024-08-26 15:18:00;UPDATE `pe_prp_op` SET `cmd_conforme` = 1  WHERE `id` = 2521
2024-08-26 15:18:03;UPDATE `pe_prp_op` SET `t_surface` = 1 ,`t_surface_conforme` = 1  WHERE `id` = 2521
2024-08-26 15:18:06;UPDATE `pe_prp_op` SET `t_camion` = 1 ,`t_camion_conforme` = 1  WHERE `id` = 2521
2024-08-26 15:18:56;UPDATE `pe_langues` SET `actif` = 1 WHERE `iso` = "FR"
2024-08-26 15:18:59;DELETE FROM `pe_prp_op` WHERE `id` IN (2521)
2024-08-26 15:18:59;DELETE FROM `pe_prp_bls` WHERE `id_prp_op` IN (2521)
2024-08-26 15:18:59;INSERT INTO `pe_prp_op` (`id_user`) VALUES (0 )
2024-08-26 15:19:01;UPDATE `pe_prp_op` SET `id_transporteur` = 231  WHERE `id` = 2522
2024-08-26 15:19:03;DELETE FROM `pe_prp_bls` WHERE `id_prp_op` = 2522
2024-08-26 15:19:03;INSERT IGNORE INTO `pe_prp_bls` (`id_prp_op`, `id_bl`) VALUES (2522, 8367)
2024-08-26 15:19:05;UPDATE `pe_prp_op` SET `date` = "2024-08-26"  WHERE `id` = 2522
2024-08-26 15:19:06;UPDATE `pe_prp_op` SET `cmd_conforme` = 1  WHERE `id` = 2522
2024-08-26 15:19:08;UPDATE `pe_prp_op` SET `t_surface` = 3 ,`t_surface_conforme` = 1  WHERE `id` = 2522
2024-08-26 15:19:11;UPDATE `pe_prp_op` SET `t_camion` = 1 ,`t_camion_conforme` = 1  WHERE `id` = 2522
2024-08-26 15:21:35;UPDATE `pe_langues` SET `actif` = 1 WHERE `iso` = "FR"
2024-08-26 15:21:39;DELETE FROM `pe_prp_op` WHERE `id` IN (2522)
2024-08-26 15:21:39;DELETE FROM `pe_prp_bls` WHERE `id_prp_op` IN (2522)
2024-08-26 15:21:39;INSERT INTO `pe_prp_op` (`id_user`) VALUES (0 )
2024-08-26 15:21:41;UPDATE `pe_prp_op` SET `id_transporteur` = 231  WHERE `id` = 2523
2024-08-26 15:21:43;DELETE FROM `pe_prp_bls` WHERE `id_prp_op` = 2523
2024-08-26 15:21:43;INSERT IGNORE INTO `pe_prp_bls` (`id_prp_op`, `id_bl`) VALUES (2523, 8367)
2024-08-26 15:21:45;UPDATE `pe_prp_op` SET `date` = "2024-08-26"  WHERE `id` = 2523
2024-08-26 15:21:46;UPDATE `pe_prp_op` SET `cmd_conforme` = 1  WHERE `id` = 2523
2024-08-26 15:21:49;UPDATE `pe_prp_op` SET `t_surface` = 1 ,`t_surface_conforme` = 1  WHERE `id` = 2523
2024-08-26 15:21:52;UPDATE `pe_prp_op` SET `t_camion` = 1 ,`t_camion_conforme` = 1  WHERE `id` = 2523
2024-08-26 15:25:53;UPDATE `pe_langues` SET `actif` = 1 WHERE `iso` = "FR"
2024-08-26 15:26:02;UPDATE `pe_langues` SET `actif` = 1 WHERE `iso` = "FR"
2024-08-26 15:26:03;DELETE FROM `pe_prp_op` WHERE `id` IN (2523)
2024-08-26 15:26:03;DELETE FROM `pe_prp_bls` WHERE `id_prp_op` IN (2523)
2024-08-26 15:26:03;INSERT INTO `pe_prp_op` (`id_user`) VALUES (0 )
2024-08-26 15:26:17;UPDATE `pe_langues` SET `actif` = 1 WHERE `iso` = "FR"
2024-08-26 15:26:20;DELETE FROM `pe_prp_op` WHERE `id` IN (2524)
2024-08-26 15:26:20;DELETE FROM `pe_prp_bls` WHERE `id_prp_op` IN (2524)
2024-08-26 15:26:20;INSERT INTO `pe_prp_op` (`id_user`) VALUES (0 )
2024-08-26 15:26:21;UPDATE `pe_prp_op` SET `id_transporteur` = 231  WHERE `id` = 2525
2024-08-26 15:26:24;DELETE FROM `pe_prp_bls` WHERE `id_prp_op` = 2525
2024-08-26 15:26:24;INSERT IGNORE INTO `pe_prp_bls` (`id_prp_op`, `id_bl`) VALUES (2525, 8367)
2024-08-26 15:26:25;UPDATE `pe_prp_op` SET `date` = "2024-08-26"  WHERE `id` = 2525
2024-08-26 15:26:26;UPDATE `pe_prp_op` SET `cmd_conforme` = 1  WHERE `id` = 2525
2024-08-26 15:26:31;UPDATE `pe_prp_op` SET `t_surface` = 1 ,`t_surface_conforme` = 1  WHERE `id` = 2525
2024-08-26 15:26:34;UPDATE `pe_prp_op` SET `t_camion` = 1 ,`t_camion_conforme` = 1  WHERE `id` = 2525
2024-08-26 15:26:52;UPDATE `pe_langues` SET `actif` = 1 WHERE `iso` = "FR"
2024-08-26 15:26:54;DELETE FROM `pe_prp_op` WHERE `id` IN (2525)
2024-08-26 15:26:54;DELETE FROM `pe_prp_bls` WHERE `id_prp_op` IN (2525)
2024-08-26 15:26:54;INSERT INTO `pe_prp_op` (`id_user`) VALUES (0 )
2024-08-26 15:26:58;UPDATE `pe_prp_op` SET `id_transporteur` = 231  WHERE `id` = 2526
2024-08-26 15:27:01;DELETE FROM `pe_prp_bls` WHERE `id_prp_op` = 2526
2024-08-26 15:27:01;INSERT IGNORE INTO `pe_prp_bls` (`id_prp_op`, `id_bl`) VALUES (2526, 8367)
2024-08-26 15:27:14;UPDATE `pe_prp_op` SET `date` = "2024-08-26"  WHERE `id` = 2526
2024-08-26 15:27:42;UPDATE `pe_prp_op` SET `cmd_conforme` = 1  WHERE `id` = 2526
2024-08-26 15:31:24;UPDATE `pe_langues` SET `actif` = 1 WHERE `iso` = "FR"
2024-08-26 15:31:30;DELETE FROM `pe_prp_op` WHERE `id` IN (2526)
2024-08-26 15:31:30;DELETE FROM `pe_prp_bls` WHERE `id_prp_op` IN (2526)
2024-08-26 15:31:30;INSERT INTO `pe_prp_op` (`id_user`) VALUES (0 )
2024-08-26 15:31:31;UPDATE `pe_prp_op` SET `id_transporteur` = 231  WHERE `id` = 2527
2024-08-26 15:31:33;DELETE FROM `pe_prp_bls` WHERE `id_prp_op` = 2527
2024-08-26 15:31:33;INSERT IGNORE INTO `pe_prp_bls` (`id_prp_op`, `id_bl`) VALUES (2527, 8367)
2024-08-26 15:31:35;UPDATE `pe_prp_op` SET `date` = "2024-08-26"  WHERE `id` = 2527
2024-08-26 15:31:36;UPDATE `pe_prp_op` SET `cmd_conforme` = 1  WHERE `id` = 2527
2024-08-26 15:31:38;UPDATE `pe_prp_op` SET `t_surface` = 2 ,`t_surface_conforme` = 1  WHERE `id` = 2527
2024-08-26 15:31:42;UPDATE `pe_prp_op` SET `t_camion` = 2 ,`t_camion_conforme` = 1  WHERE `id` = 2527
2024-08-26 15:32:08;DELETE FROM `pe_prp_bls` WHERE `id_prp_op` = 2527
2024-08-26 15:32:08;INSERT IGNORE INTO `pe_prp_bls` (`id_prp_op`, `id_bl`) VALUES (2527, 8338),(2527, 8367)
2024-08-26 15:32:10;UPDATE `pe_prp_op` SET `date` = "2024-08-26"  WHERE `id` = 2527
2024-08-26 15:32:11;UPDATE `pe_prp_op` SET `cmd_conforme` = 1  WHERE `id` = 2527
2024-08-26 15:32:14;UPDATE `pe_prp_op` SET `t_surface` = 2 ,`t_surface_conforme` = 1  WHERE `id` = 2527
2024-08-26 15:32:15;UPDATE `pe_prp_op` SET `t_camion` = 2 ,`t_camion_conforme` = 1  WHERE `id` = 2527
2024-08-26 15:33:00;UPDATE `pe_bl` SET `supprime` = 1 WHERE `id` IN (1,3,4,9,10,40,42,51,53,65,72,80,81,84,85,86,88,93,96,108,111,112,139,140,147,150,160,168,173,174,176,182,191,195,196,199,202,203,211,236,237,247,248,251,252,274,275,276,282,284,285,287,298,301,307,308,310,311,336,343,366,367,379,380,401,402,403,404,407,409,411,502,510,512,521,527,534,568,569,641,691,692,715,716,717,718,719,720,721,722,730,731,797,856,957,1038,1040,1041,1062,1087,1101,1110,1125,1142,1143,1144,1243,1343,1378,1514,1533,1565,1571,1642,1676,1771,1814,1832,1860,1881,1929,1943,1992,2004,2039,2040,2041,2042,2106,2132,2133,2145,2146,2184,2195,2197,2201,2205,2210,2216,2223,2230,2238,2275,2290,2304,2318,2354,2508,2529,2584,2585,2588,2646,2681,2687,2692,2694,2706,2713,2714,2911,3003,3007,3042,3062,3080,3081,3098,3155,3204,3215,3267,3271,3273,3360,3449,3464,3479,3526,3615,3635,3643,3653,3688,3706,3707,3711,3794,3804,3888,3965,3982,3983,4112,4209,4223,4232,4233,4307,4308,4336,4439,4463,4472,4473,4474,4514,4526,4530,4531,4557,4568,4679,4703,4711,4713,4720,4737,4816,4976,5054,5083,5095,5124,5150,5253,5295,5334,5376,5411,5413,5415,5423,5481,5486,5492,5554,5631,5632,5669,5689,5714,5812,5874,5914,5941,5948,6004,6068,6118,6121,6160,6163,6260,6322,6379,6464,6506,6570,6608,6712,6780,6799,6800,6926,7004,7256,7369,7575,7610,7641,7713,7747,7749,7849,7856,8026,8028,8035,8041,8043,8046,8061,8092,8181,8254,8257,8259,8337,8339,8340,8341,8342,8343,8344,8345,8346,8347,8348,8349,8350,8351,8352,8353,8355,8356,8359,8360,8361,8362,8363,8364,8365)
2024-08-26 15:33:46;UPDATE `pe_bl` SET `supprime` = 1 WHERE `id` IN (1,3,4,9,10,40,42,51,53,65,72,80,81,84,85,86,88,93,96,108,111,112,139,140,147,150,160,168,173,174,176,182,191,195,196,199,202,203,211,236,237,247,248,251,252,274,275,276,282,284,285,287,298,301,307,308,310,311,336,343,366,367,379,380,401,402,403,404,407,409,411,502,510,512,521,527,534,568,569,641,691,692,715,716,717,718,719,720,721,722,730,731,797,856,957,1038,1040,1041,1062,1087,1101,1110,1125,1142,1143,1144,1243,1343,1378,1514,1533,1565,1571,1642,1676,1771,1814,1832,1860,1881,1929,1943,1992,2004,2039,2040,2041,2042,2106,2132,2133,2145,2146,2184,2195,2197,2201,2205,2210,2216,2223,2230,2238,2275,2290,2304,2318,2354,2508,2529,2584,2585,2588,2646,2681,2687,2692,2694,2706,2713,2714,2911,3003,3007,3042,3062,3080,3081,3098,3155,3204,3215,3267,3271,3273,3360,3449,3464,3479,3526,3615,3635,3643,3653,3688,3706,3707,3711,3794,3804,3888,3965,3982,3983,4112,4209,4223,4232,4233,4307,4308,4336,4439,4463,4472,4473,4474,4514,4526,4530,4531,4557,4568,4679,4703,4711,4713,4720,4737,4816,4976,5054,5083,5095,5124,5150,5253,5295,5334,5376,5411,5413,5415,5423,5481,5486,5492,5554,5631,5632,5669,5689,5714,5812,5874,5914,5941,5948,6004,6068,6118,6121,6160,6163,6260,6322,6379,6464,6506,6570,6608,6712,6780,6799,6800,6926,7004,7256,7369,7575,7610,7641,7713,7747,7749,7849,7856,8026,8028,8035,8041,8043,8046,8061,8092,8181,8254,8257,8259,8337,8339,8340,8341,8342,8343,8344,8345,8346,8347,8348,8349,8350,8351,8352,8353,8355,8356,8359,8360,8361,8362,8363,8364,8365)
2024-08-26 15:34:22;UPDATE `pe_bl` SET `supprime` = 1 WHERE `id` IN (1,3,4,9,10,40,42,51,53,65,72,80,81,84,85,86,88,93,96,108,111,112,139,140,147,150,160,168,173,174,176,182,191,195,196,199,202,203,211,236,237,247,248,251,252,274,275,276,282,284,285,287,298,301,307,308,310,311,336,343,366,367,379,380,401,402,403,404,407,409,411,502,510,512,521,527,534,568,569,641,691,692,715,716,717,718,719,720,721,722,730,731,797,856,957,1038,1040,1041,1062,1087,1101,1110,1125,1142,1143,1144,1243,1343,1378,1514,1533,1565,1571,1642,1676,1771,1814,1832,1860,1881,1929,1943,1992,2004,2039,2040,2041,2042,2106,2132,2133,2145,2146,2184,2195,2197,2201,2205,2210,2216,2223,2230,2238,2275,2290,2304,2318,2354,2508,2529,2584,2585,2588,2646,2681,2687,2692,2694,2706,2713,2714,2911,3003,3007,3042,3062,3080,3081,3098,3155,3204,3215,3267,3271,3273,3360,3449,3464,3479,3526,3615,3635,3643,3653,3688,3706,3707,3711,3794,3804,3888,3965,3982,3983,4112,4209,4223,4232,4233,4307,4308,4336,4439,4463,4472,4473,4474,4514,4526,4530,4531,4557,4568,4679,4703,4711,4713,4720,4737,4816,4976,5054,5083,5095,5124,5150,5253,5295,5334,5376,5411,5413,5415,5423,5481,5486,5492,5554,5631,5632,5669,5689,5714,5812,5874,5914,5941,5948,6004,6068,6118,6121,6160,6163,6260,6322,6379,6464,6506,6570,6608,6712,6780,6799,6800,6926,7004,7256,7369,7575,7610,7641,7713,7747,7749,7849,7856,8026,8028,8035,8041,8043,8046,8061,8092,8181,8254,8257,8259,8337,8339,8340,8341,8342,8343,8344,8345,8346,8347,8348,8349,8350,8351,8352,8353,8355,8356,8359,8360,8361,8362,8363,8364,8365)
2024-08-26 15:36:01;UPDATE `pe_bl_lignes` SET `numlot` = "212014BES100"  WHERE `id` = 76001
2024-08-26 15:41:05;UPDATE `pe_froid_produits` SET `id_lot` = 5617  WHERE `id_lot_pdt_froid` = 30584
2024-08-26 15:41:05;INSERT INTO `pe_bl_lignes` (`id_produit`,`id_palette`,`numlot`,`id_lot`,`poids`,`nb_colis`,`id_compo`,`num_palette`,`id_bl`,`id_produit_bl`,`pu_ht`,`tva`,`qte`,`supprime`,`date_add`) VALUES (149 ,10420 ,"242024BESA" ,5617 ,10 ,1 ,87143 ,10 ,8367 ,0 ,3000 ,5.5 ,1 ,0 ,"2024-08-26 15:41:05" )
2024-08-26 15:41:35;UPDATE `pe_bl_lignes` SET `poids` = 360  WHERE `id` = 76001
2024-08-26 15:41:35;UPDATE `pe_palette_composition` SET `poids` = 360  WHERE `id` = 9336
2024-08-26 15:41:41;UPDATE `pe_bl_lignes` SET `pu_ht` = 100  WHERE `id` = 76001
2024-08-26 15:41:44;UPDATE `pe_bl_lignes` SET `poids` = 360  WHERE `id` = 76001
2024-08-26 15:41:44;UPDATE `pe_palette_composition` SET `poids` = 360  WHERE `id` = 9336
2024-08-26 15:41:47;UPDATE `pe_bl_lignes` SET `num_palette` = 0, `id_palette` = 10420 WHERE `id` IN (76002)
2024-08-26 15:41:47;UPDATE `pe_palette_composition` SET `id_palette` = 10420 WHERE `id` IN (87143)
2024-08-26 15:42:12;UPDATE `pe_bl` SET `num_cmd` = "" ,`date` = "2024-08-26" ,`id_tiers_facturation` = 473 ,`id_tiers_livraison` = 473 ,`id_adresse_livraison` = 749 ,`id_tiers_transporteur` = 231  WHERE id = 8367
2024-08-26 15:42:12;UPDATE `pe_bl_lignes` SET `qte` = 1 ,`id_palette` = 10420 ,`id_produit` = 149 ,`id_produit_bl` = 0 ,`id_lot` = 5617 ,`numlot` = "242024BESA" ,`poids` = 10 ,`nb_colis` = 1 ,`pu_ht` = 3000 ,`tva` = 5.5 ,`id_pays` = 5  WHERE `id` = 76002
2024-08-26 15:42:12;UPDATE `pe_tiers` SET `id_langue` = 1  WHERE `id` = 473
2024-08-26 15:42:12;UPDATE `pe_tiers_types` SET `id_famille` = 0 WHERE `id_tiers` = 473
2024-08-26 15:42:12;UPDATE `pe_bl` SET `num_cmd` = "" ,`date` = "2024-08-26" ,`id_tiers_facturation` = 473 ,`id_tiers_livraison` = 473 ,`id_adresse_livraison` = 749 ,`id_tiers_transporteur` = 231 ,`chiffrage` = 0  WHERE id = 8367
2024-08-26 15:42:12;UPDATE `pe_bl` SET `num_cmd` = "" ,`date` = "2024-08-26" ,`id_tiers_facturation` = 473 ,`id_tiers_livraison` = 473 ,`id_adresse_livraison` = 749 ,`id_tiers_transporteur` = 231 ,`chiffrage` = 0 ,`statut` = 2 ,`supprime` = 0  WHERE id = 8367
2024-08-26 15:42:12;UPDATE `pe_palette_composition` SET `supprime` = 1, `archive` = 1 WHERE `id` IN (9336,87143)
2024-08-26 15:42:12;UPDATE `pe_bl` SET `date_envoi` = NULL WHERE `id` = 8367
2024-08-26 15:42:19;UPDATE `pe_langues` SET `actif` = 1 WHERE `iso` = "FR"
2024-08-26 15:42:23;DELETE FROM `pe_prp_op` WHERE `id` IN (2527)
2024-08-26 15:42:23;DELETE FROM `pe_prp_bls` WHERE `id_prp_op` IN (2527)
2024-08-26 15:42:23;INSERT INTO `pe_prp_op` (`id_user`) VALUES (0 )
2024-08-26 15:42:24;UPDATE `pe_prp_op` SET `id_transporteur` = 231  WHERE `id` = 2528
2024-08-26 15:42:28;DELETE FROM `pe_prp_bls` WHERE `id_prp_op` = 2528
2024-08-26 15:42:28;INSERT IGNORE INTO `pe_prp_bls` (`id_prp_op`, `id_bl`) VALUES (2528, 8367)
2024-08-26 15:42:29;UPDATE `pe_prp_op` SET `date` = "2024-08-26"  WHERE `id` = 2528
2024-08-26 15:42:31;UPDATE `pe_prp_op` SET `cmd_conforme` = 1  WHERE `id` = 2528
2024-08-26 15:42:33;UPDATE `pe_prp_op` SET `t_surface` = 3 ,`t_surface_conforme` = 1  WHERE `id` = 2528
2024-08-26 15:42:35;UPDATE `pe_prp_op` SET `t_camion` = 3 ,`t_camion_conforme` = 1  WHERE `id` = 2528
2024-08-26 15:43:05;INSERT INTO `pe_pvisu_apres` (`commentaires`,`id_user`,`id_lot`,`date`) VALUES ("" ,1 ,5617 ,"2024-08-26" )
2024-08-26 15:43:05;DELETE FROM `pe_pvisu_apres_points` WHERE `id_pvisu_apres` = 653
2024-08-26 15:43:05;INSERT IGNORE INTO `pe_pvisu_apres_points` (`id_pvisu_apres`, `id_point_controle`, `etat`, `id_pvisu_action`, `fiche_nc`, `id_user`, `date`) VALUES (653, 76, 0, 0, 0, 1, NOW()),(653, 74, 0, 0, 0, 1, NOW())
2024-08-26 15:43:56;UPDATE `pe_langues` SET `actif` = 1 WHERE `iso` = "FR"
2024-08-26 15:43:59;DELETE FROM `pe_prp_op` WHERE `id` IN (2528)
2024-08-26 15:43:59;DELETE FROM `pe_prp_bls` WHERE `id_prp_op` IN (2528)
2024-08-26 15:43:59;INSERT INTO `pe_prp_op` (`id_user`) VALUES (0 )
2024-08-26 15:44:00;UPDATE `pe_prp_op` SET `id_transporteur` = 231  WHERE `id` = 2529
2024-08-26 15:44:02;DELETE FROM `pe_prp_bls` WHERE `id_prp_op` = 2529
2024-08-26 15:44:02;INSERT IGNORE INTO `pe_prp_bls` (`id_prp_op`, `id_bl`) VALUES (2529, 8367)
2024-08-26 15:44:04;UPDATE `pe_prp_op` SET `date` = "2024-08-26"  WHERE `id` = 2529
2024-08-26 15:44:05;UPDATE `pe_prp_op` SET `cmd_conforme` = 1  WHERE `id` = 2529
2024-08-26 15:44:08;UPDATE `pe_prp_op` SET `t_surface` = 1 ,`t_surface_conforme` = 1  WHERE `id` = 2529
2024-08-26 15:44:12;UPDATE `pe_prp_op` SET `t_camion` = 1 ,`t_camion_conforme` = 1  WHERE `id` = 2529
2024-08-26 15:44:16;INSERT INTO `pe_pvisu_apres` (`commentaires`,`id_user`,`id_lot`,`date`) VALUES ("" ,1 ,5617 ,"2024-08-26" )
2024-08-26 15:44:16;DELETE FROM `pe_pvisu_apres_points` WHERE `id_pvisu_apres` = 654
2024-08-26 15:44:16;INSERT IGNORE INTO `pe_pvisu_apres_points` (`id_pvisu_apres`, `id_point_controle`, `etat`, `id_pvisu_action`, `fiche_nc`, `id_user`, `date`) VALUES (654, 76, 0, 0, 0, 1, NOW()),(654, 74, 0, 0, 0, 1, NOW())
2024-08-26 15:44:19;UPDATE `pe_prp_op` SET `palettes_poids` = 0 ,`palettes_recues` = 1 ,`palettes_rendues` = 0  WHERE `id` = 2529
2024-08-26 15:44:22;UPDATE `pe_prp_op` SET `crochets_recus` = 10 ,`crochets_rendus` = 0  WHERE `id` = 2529
2024-08-26 15:44:24;UPDATE `pe_tiers` SET `solde_palettes` = 9 ,`solde_crochets` = 15  WHERE `id` = 231
2024-08-26 15:44:24;UPDATE `pe_tiers_types` SET `id_famille` = 0 WHERE `id_tiers` = 231
2024-08-26 15:44:24;UPDATE `pe_prp_op` SET `id_user` = 1 ,`date_add` = "2024-08-26 15:44:24"  WHERE `id` = 2529
2024-08-26 15:58:38;INSERT INTO `pe_prp_op` (`id_user`) VALUES (0 )
2024-08-26 15:58:40;UPDATE `pe_prp_op` SET `id_transporteur` = 231  WHERE `id` = 2530
2024-08-26 15:58:46;UPDATE `pe_langues` SET `actif` = 1 WHERE `iso` = "FR"
2024-08-26 16:04:35;UPDATE `pe_palette_composition` SET `archive` = 1, `supprime` = 1 WHERE `id` IN (81506,82980)
2024-08-26 16:04:35;UPDATE `pe_bl_lignes` SET `supprime` = 1 WHERE `supprime` = 0  AND `id_bl` IN (SELECT `id` FROM `pe_bl` WHERE `supprime` = 1)
2024-08-26 16:12:07;UPDATE `pe_bl_lignes` SET `supprime` = 1 WHERE `supprime` = 0  AND `id_bl` IN (SELECT `id` FROM `pe_bl` WHERE `supprime` = 1)
2024-08-26 16:12:26;UPDATE `pe_langues` SET `actif` = 1 WHERE `iso` = "FR"
2024-08-26 16:13:44;UPDATE `pe_lot_reception` SET `temp` = 2  WHERE `id` = 2255
2024-08-26 16:13:44;UPDATE `pe_lots` SET `date_maj` = "2024-08-26- 16:13:44" ,`id_user_maj` = 1  WHERE `id` = 5801
2024-08-26 16:13:45;UPDATE `pe_lot_reception` SET `etat_visuel` = 1  WHERE `id` = 2255
2024-08-26 16:13:45;UPDATE `pe_lots` SET `date_maj` = "2024-08-26- 16:13:45" ,`id_user_maj` = 1  WHERE `id` = 5801
2024-08-26 16:13:48;UPDATE `pe_lot_reception` SET `observations` = "                                                                    " ,`conformite` = 1 ,`id_user` = 1 ,`date_confirmation` = "2024-08-26 16:13:48"  WHERE `id` = 2255
2024-08-26 16:13:48;UPDATE `pe_lots` SET `date_maj` = "2024-08-26- 16:13:48" ,`id_user_maj` = 1  WHERE `id` = 5801
2024-08-26 16:13:48;INSERT INTO `pe_pvisu_avant` (`commentaires`,`id_user`,`id_lot`,`date`) VALUES ("" ,1 ,5801 ,"2024-08-26" )
2024-08-26 16:13:48;DELETE FROM `pe_pvisu_avant_points` WHERE `id_pvisu_avant` = 1103
2024-08-26 16:13:48;INSERT IGNORE INTO `pe_pvisu_avant_points` (`id_pvisu_avant`, `id_point_controle`, `etat`, `id_user`, `date`) VALUES (1103, 75, 1, 1, NOW()),(1103, 73, 1, 1, NOW())
2024-08-26 16:13:52;UPDATE `pe_lot_reception` SET `crochets_recus` = 1 ,`crochets_rendus` = 0  WHERE `id` = 2255
2024-08-26 16:13:54;UPDATE `pe_lot_reception` SET `id_transporteur` = 231  WHERE `id` = 2255
2024-08-26 16:13:54;UPDATE `pe_tiers` SET `solde_crochets` = 16  WHERE `id` = 231
2024-08-26 16:13:54;UPDATE `pe_tiers_types` SET `id_famille` = 0 WHERE `id_tiers` = 231
2024-08-26 16:13:56;INSERT INTO `pe_validations` (`type`,`id_vue`,`id_liaison`) VALUES (1 ,1 ,5801 )
2024-08-26 16:13:56;INSERT IGNORE INTO `pe_validations_lots` (`id_validation`, `id_lot`, `negoce`) VALUES  (11055, 5801, 0)
2024-08-26 16:13:56;DELETE FROM `pe_lot_vues` 
						  WHERE `id_lot` = 5801 
						  AND `id_vue` = 1
2024-08-26 16:13:56;INSERT IGNORE INTO `pe_lot_vues` (`id_lot`, `id_vue`, `date_entree`) VALUES (5801, 2, "2024-08-26 16:13:56")
2024-08-26 16:13:56;UPDATE `pe_lots` SET `date_reception` = "2024-08-26" ,`date_prod` = "2024-08-26 16:13:56" ,`date_atelier` = "2024-08-26 16:13:56"  WHERE `id` = 5801
2024-08-26 16:13:57;UPDATE `pe_langues` SET `actif` = 1 WHERE `iso` = "FR"
2024-08-26 16:14:00;UPDATE `pe_langues` SET `actif` = 1 WHERE `iso` = "FR"
2024-08-26 16:15:05;UPDATE `pe_bl_lignes` SET `supprime` = 1 WHERE `supprime` = 0  AND `id_bl` IN (SELECT `id` FROM `pe_bl` WHERE `supprime` = 1)
2024-08-26 16:23:40;UPDATE `pe_bl_lignes` SET `supprime` = 1 WHERE `supprime` = 0  AND `id_bl` IN (SELECT `id` FROM `pe_bl` WHERE `supprime` = 1)
2024-08-26 16:23:54;UPDATE `pe_bl_lignes` SET `supprime` = 1 WHERE `supprime` = 0  AND `id_bl` IN (SELECT `id` FROM `pe_bl` WHERE `supprime` = 1)
2024-08-26 16:24:53;UPDATE `pe_bl_lignes` SET `supprime` = 1 WHERE `supprime` = 0  AND `id_bl` IN (SELECT `id` FROM `pe_bl` WHERE `supprime` = 1)
2024-08-26 16:25:58;UPDATE `pe_bl_lignes` SET `supprime` = 1 WHERE `supprime` = 0  AND `id_bl` IN (SELECT `id` FROM `pe_bl` WHERE `supprime` = 1)
2024-08-26 16:28:50;UPDATE `pe_bl_lignes` SET `supprime` = 1 WHERE `supprime` = 0  AND `id_bl` IN (SELECT `id` FROM `pe_bl` WHERE `supprime` = 1)
2024-08-26 16:29:01;UPDATE `pe_bl_lignes` SET `supprime` = 1 WHERE `supprime` = 0  AND `id_bl` IN (SELECT `id` FROM `pe_bl` WHERE `supprime` = 1)
2024-08-26 16:30:51;UPDATE `pe_bl_lignes` SET `supprime` = 1 WHERE `supprime` = 0  AND `id_bl` IN (SELECT `id` FROM `pe_bl` WHERE `supprime` = 1)
2024-08-26 16:32:47;UPDATE `pe_bl_lignes` SET `supprime` = 1 WHERE `supprime` = 0  AND `id_bl` IN (SELECT `id` FROM `pe_bl` WHERE `supprime` = 1)
2024-08-26 16:34:34;UPDATE `pe_bl_lignes` SET `supprime` = 1 WHERE `supprime` = 0  AND `id_bl` IN (SELECT `id` FROM `pe_bl` WHERE `supprime` = 1)
2024-08-26 16:36:16;UPDATE `pe_bl_lignes` SET `supprime` = 1 WHERE `supprime` = 0  AND `id_bl` IN (SELECT `id` FROM `pe_bl` WHERE `supprime` = 1)
2024-08-26 16:37:29;UPDATE `pe_bl_lignes` SET `supprime` = 1 WHERE `supprime` = 0  AND `id_bl` IN (SELECT `id` FROM `pe_bl` WHERE `supprime` = 1)
2024-08-26 16:38:26;UPDATE `pe_bl_lignes` SET `supprime` = 1 WHERE `supprime` = 0  AND `id_bl` IN (SELECT `id` FROM `pe_bl` WHERE `supprime` = 1)
2024-08-26 16:38:43;UPDATE `pe_bl_lignes` SET `supprime` = 1 WHERE `supprime` = 0  AND `id_bl` IN (SELECT `id` FROM `pe_bl` WHERE `supprime` = 1)
2024-08-26 16:39:51;UPDATE `pe_bl_lignes` SET `supprime` = 1 WHERE `supprime` = 0  AND `id_bl` IN (SELECT `id` FROM `pe_bl` WHERE `supprime` = 1)
2024-08-26 16:40:38;UPDATE `pe_bl_lignes` SET `supprime` = 1 WHERE `supprime` = 0  AND `id_bl` IN (SELECT `id` FROM `pe_bl` WHERE `supprime` = 1)
2024-08-26 16:41:23;UPDATE `pe_bl_lignes` SET `supprime` = 1 WHERE `supprime` = 0  AND `id_bl` IN (SELECT `id` FROM `pe_bl` WHERE `supprime` = 1)
2024-08-26 16:42:52;UPDATE `pe_bl_lignes` SET `supprime` = 1 WHERE `supprime` = 0  AND `id_bl` IN (SELECT `id` FROM `pe_bl` WHERE `supprime` = 1)
2024-08-26 16:45:42;UPDATE `pe_bl_lignes` SET `supprime` = 1 WHERE `supprime` = 0  AND `id_bl` IN (SELECT `id` FROM `pe_bl` WHERE `supprime` = 1)
2024-08-26 16:46:18;UPDATE `pe_bl_lignes` SET `supprime` = 1 WHERE `supprime` = 0  AND `id_bl` IN (SELECT `id` FROM `pe_bl` WHERE `supprime` = 1)
2024-08-26 16:46:43;UPDATE `pe_bl_lignes` SET `supprime` = 1 WHERE `supprime` = 0  AND `id_bl` IN (SELECT `id` FROM `pe_bl` WHERE `supprime` = 1)
2024-08-26 16:49:04;UPDATE `pe_bl_lignes` SET `supprime` = 1 WHERE `supprime` = 0  AND `id_bl` IN (SELECT `id` FROM `pe_bl` WHERE `supprime` = 1)
