2024-08-21 08:18:38;UPDATE `pe_langues` SET `actif` = 1 WHERE `iso` = "FR"
2024-08-21 08:18:38;UPDATE `pe_consommables` SET `id_precedent` = 0, `date_upd` = null WHERE `date_upd` < CURDATE()
2024-08-21 08:19:50;UPDATE `pe_langues` SET `actif` = 1 WHERE `iso` = "FR"
2024-08-21 08:19:53;UPDATE `pe_langues` SET `actif` = 1 WHERE `iso` = "FR"
2024-08-21 08:19:56;UPDATE `pe_langues` SET `actif` = 1 WHERE `iso` = "FR"
2024-08-21 08:19:58;UPDATE `pe_langues` SET `actif` = 1 WHERE `iso` = "FR"
2024-08-21 08:19:59;UPDATE `pe_langues` SET `actif` = 1 WHERE `iso` = "FR"
2024-08-21 08:20:47;UPDATE `pe_langues` SET `actif` = 1 WHERE `iso` = "FR"
2024-08-21 08:20:50;DELETE FROM `pe_prp_op` WHERE `id` IN (2467)
2024-08-21 08:20:50;DELETE FROM `pe_prp_bls` WHERE `id_prp_op` IN (2467)
2024-08-21 08:20:50;INSERT INTO `pe_prp_op` (`id_user`) VALUES (0 )
2024-08-21 08:20:53;UPDATE `pe_prp_op` SET `id_transporteur` = 231  WHERE `id` = 2468
2024-08-21 08:21:28;DELETE FROM `pe_prp_bls` WHERE `id_prp_op` = 2468
2024-08-21 08:21:28;INSERT IGNORE INTO `pe_prp_bls` (`id_prp_op`, `id_bl`) VALUES (2468, 8338)
2024-08-21 08:21:32;UPDATE `pe_prp_op` SET `date` = "2024-08-21"  WHERE `id` = 2468
2024-08-21 08:21:38;UPDATE `pe_prp_op` SET `cmd_conforme` = 1  WHERE `id` = 2468
2024-08-21 08:23:20;UPDATE `pe_prp_op` SET `t_surface` = 2 ,`t_surface_conforme` = 1  WHERE `id` = 2468
2024-08-21 08:23:24;UPDATE `pe_prp_op` SET `t_camion` = 1 ,`t_camion_conforme` = 1  WHERE `id` = 2468
2024-08-21 08:28:30;UPDATE `pe_prp_op` SET `t_camion` = 1 ,`t_camion_conforme` = 1  WHERE `id` = 2468
2024-08-21 09:29:48;UPDATE `pe_langues` SET `actif` = 1 WHERE `iso` = "FR"
2024-08-21 09:29:51;DELETE FROM `pe_prp_op` WHERE `id` IN (2468)
2024-08-21 09:29:51;DELETE FROM `pe_prp_bls` WHERE `id_prp_op` IN (2468)
2024-08-21 09:29:52;INSERT INTO `pe_prp_op` (`id_user`) VALUES (0 )
2024-08-21 09:29:54;UPDATE `pe_prp_op` SET `id_transporteur` = 231  WHERE `id` = 2469
2024-08-21 09:29:57;DELETE FROM `pe_prp_bls` WHERE `id_prp_op` = 2469
2024-08-21 09:29:57;INSERT IGNORE INTO `pe_prp_bls` (`id_prp_op`, `id_bl`) VALUES (2469, 8338)
2024-08-21 09:29:58;UPDATE `pe_prp_op` SET `date` = "2024-08-21"  WHERE `id` = 2469
2024-08-21 09:30:00;UPDATE `pe_prp_op` SET `cmd_conforme` = 1  WHERE `id` = 2469
2024-08-21 09:30:07;UPDATE `pe_prp_op` SET `t_surface` = 1 ,`t_surface_conforme` = 1  WHERE `id` = 2469
2024-08-21 09:30:11;UPDATE `pe_prp_op` SET `t_camion` = 1 ,`t_camion_conforme` = 1  WHERE `id` = 2469
2024-08-21 09:31:30;UPDATE `pe_langues` SET `actif` = 1 WHERE `iso` = "FR"
2024-08-21 09:31:36;UPDATE `pe_langues` SET `actif` = 1 WHERE `iso` = "FR"
2024-08-21 09:31:38;DELETE FROM `pe_prp_op` WHERE `id` IN (2469)
2024-08-21 09:31:38;DELETE FROM `pe_prp_bls` WHERE `id_prp_op` IN (2469)
2024-08-21 09:31:38;INSERT INTO `pe_prp_op` (`id_user`) VALUES (0 )
2024-08-21 09:31:40;UPDATE `pe_prp_op` SET `id_transporteur` = 231  WHERE `id` = 2470
2024-08-21 09:31:43;DELETE FROM `pe_prp_bls` WHERE `id_prp_op` = 2470
2024-08-21 09:31:43;INSERT IGNORE INTO `pe_prp_bls` (`id_prp_op`, `id_bl`) VALUES (2470, 8338)
2024-08-21 09:31:45;UPDATE `pe_prp_op` SET `date` = "2024-08-21"  WHERE `id` = 2470
2024-08-21 09:31:46;UPDATE `pe_prp_op` SET `cmd_conforme` = 1  WHERE `id` = 2470
2024-08-21 09:31:51;UPDATE `pe_prp_op` SET `t_surface` = 1 ,`t_surface_conforme` = 1  WHERE `id` = 2470
2024-08-21 09:31:55;UPDATE `pe_prp_op` SET `t_camion` = 1 ,`t_camion_conforme` = 1  WHERE `id` = 2470
2024-08-21 09:31:59;INSERT INTO `pe_pvisu_apres` (`commentaires`,`date`,`id_user`) VALUES ("" ,"2024-08-21" ,1 )
2024-08-21 09:31:59;INSERT INTO `pe_pvisu_apres_points` (`id_pvisu_apres`, `id_point_controle`, `etat`, `id_pvisu_action`, `fiche_nc`, `id_user`, `date`) VALUES (649, 76, 1, 0, 0, 1, NOW()),(649, 74, 0, 0, 0, 1, NOW()) ON DUPLICATE KEY UPDATE `etat` = VALUES(`etat`), `id_pvisu_action` = VALUES(`id_pvisu_action`), `fiche_nc` = VALUES(`fiche_nc`), `id_user` = VALUES(`id_user`), `date` = VALUES(`date`)
2024-08-21 09:32:03;UPDATE `pe_prp_op` SET `palettes_poids` = 1 ,`palettes_recues` = 0 ,`palettes_rendues` = 0  WHERE `id` = 2470
2024-08-21 09:32:07;UPDATE `pe_prp_op` SET `crochets_recus` = 1 ,`crochets_rendus` = 0  WHERE `id` = 2470
2024-08-21 09:32:35;INSERT INTO `pe_pvisu_apres_points` (`id_pvisu_apres`, `id_point_controle`, `etat`, `id_pvisu_action`, `fiche_nc`, `id_user`, `date`) VALUES (649, 76, 1, 0, 0, 1, NOW()),(649, 74, 0, 0, 0, 1, NOW()) ON DUPLICATE KEY UPDATE `etat` = VALUES(`etat`), `id_pvisu_action` = VALUES(`id_pvisu_action`), `fiche_nc` = VALUES(`fiche_nc`), `id_user` = VALUES(`id_user`), `date` = VALUES(`date`)
2024-08-21 09:32:38;UPDATE `pe_prp_op` SET `palettes_poids` = 1 ,`palettes_recues` = 0 ,`palettes_rendues` = 0  WHERE `id` = 2470
2024-08-21 09:32:40;UPDATE `pe_prp_op` SET `crochets_recus` = 1 ,`crochets_rendus` = 0  WHERE `id` = 2470
2024-08-21 09:33:00;UPDATE `pe_langues` SET `actif` = 1 WHERE `iso` = "FR"
2024-08-21 09:33:12;UPDATE `pe_langues` SET `actif` = 1 WHERE `iso` = "FR"
2024-08-21 09:33:24;UPDATE `pe_langues` SET `actif` = 1 WHERE `iso` = "FR"
2024-08-21 09:34:13;DELETE FROM `pe_prp_op` WHERE `id` IN (2470)
2024-08-21 09:34:13;DELETE FROM `pe_prp_bls` WHERE `id_prp_op` IN (2470)
2024-08-21 09:34:13;INSERT INTO `pe_prp_op` (`id_user`) VALUES (0 )
2024-08-21 09:34:15;UPDATE `pe_prp_op` SET `id_transporteur` = 231  WHERE `id` = 2471
2024-08-21 09:34:18;DELETE FROM `pe_prp_bls` WHERE `id_prp_op` = 2471
2024-08-21 09:34:18;INSERT IGNORE INTO `pe_prp_bls` (`id_prp_op`, `id_bl`) VALUES (2471, 8338)
2024-08-21 09:34:20;UPDATE `pe_prp_op` SET `date` = "2024-08-21"  WHERE `id` = 2471
2024-08-21 09:34:22;UPDATE `pe_prp_op` SET `cmd_conforme` = 1  WHERE `id` = 2471
2024-08-21 09:34:26;UPDATE `pe_prp_op` SET `t_surface` = 1 ,`t_surface_conforme` = 1  WHERE `id` = 2471
2024-08-21 09:34:29;UPDATE `pe_prp_op` SET `t_camion` = 1 ,`t_camion_conforme` = 1  WHERE `id` = 2471
2024-08-21 09:51:18;UPDATE `pe_langues` SET `actif` = 1 WHERE `iso` = "FR"
2024-08-21 09:51:53;DELETE FROM `pe_prp_op` WHERE `id` IN (2471)
2024-08-21 09:51:53;DELETE FROM `pe_prp_bls` WHERE `id_prp_op` IN (2471)
2024-08-21 09:51:53;INSERT INTO `pe_prp_op` (`id_user`) VALUES (0 )
2024-08-21 09:52:08;UPDATE `pe_langues` SET `actif` = 1 WHERE `iso` = "FR"
2024-08-21 09:52:08;UPDATE `pe_consommables` SET `id_precedent` = 0, `date_upd` = null WHERE `date_upd` < CURDATE()
2024-08-21 09:52:17;UPDATE `pe_langues` SET `actif` = 1 WHERE `iso` = "FR"
2024-08-21 09:52:31;UPDATE `pe_bl` SET `supprime` = 1 WHERE `id` IN (1,3,4,9,10,40,42,51,53,65,72,80,81,84,85,86,88,93,96,108,111,112,139,140,147,150,160,168,173,174,176,182,191,195,196,199,202,203,211,236,237,247,248,251,252,274,275,276,282,284,285,287,298,301,307,308,310,311,336,343,366,367,379,380,401,402,403,404,407,409,411,502,510,512,521,527,534,568,569,641,691,692,715,716,717,718,719,720,721,722,730,731,797,856,957,1038,1040,1041,1062,1087,1101,1110,1125,1142,1143,1144,1243,1343,1378,1514,1533,1565,1571,1642,1676,1771,1814,1832,1860,1881,1929,1943,1992,2004,2039,2040,2041,2042,2106,2132,2133,2145,2146,2184,2195,2197,2201,2205,2210,2216,2223,2230,2238,2275,2290,2304,2318,2354,2508,2529,2584,2585,2588,2646,2681,2687,2692,2694,2706,2713,2714,2911,3003,3007,3042,3062,3080,3081,3098,3155,3204,3215,3267,3271,3273,3360,3449,3464,3479,3526,3615,3635,3643,3653,3688,3706,3707,3711,3794,3804,3888,3965,3982,3983,4112,4209,4223,4232,4233,4307,4308,4336,4439,4463,4472,4473,4474,4514,4526,4530,4531,4557,4568,4679,4703,4711,4713,4720,4737,4816,4976,5054,5083,5095,5124,5150,5253,5295,5334,5376,5411,5413,5415,5423,5481,5486,5492,5554,5631,5632,5669,5689,5714,5812,5874,5914,5941,5948,6004,6068,6118,6121,6160,6163,6260,6322,6379,6464,6506,6570,6608,6712,6780,6799,6800,6926,7004,7256,7369,7575,7610,7641,7713,7747,7749,7849,7856,8026,8028,8035,8041,8043,8046,8061,8092,8181,8254,8257,8259,8337)
2024-08-21 09:52:50;INSERT INTO `pe_bl` (`num_bl`,`supprime`,`statut`,`date`) VALUES ("BL2408018" ,0 ,1 ,"2024-08-21" )
2024-08-21 09:52:58;INSERT INTO `pe_bl` (`num_bl`,`supprime`,`statut`,`date`) VALUES ("BL2408019" ,0 ,1 ,"2024-08-21" )
2024-08-21 09:53:05;INSERT INTO `pe_bl` (`num_bl`,`supprime`,`statut`,`date`) VALUES ("BL2408020" ,0 ,1 ,"2024-08-21" )
2024-08-21 09:54:19;UPDATE `pe_bl_lignes` SET `supprime` = 1 WHERE `supprime` = 0  AND `id_bl` IN (SELECT `id` FROM `pe_bl` WHERE `supprime` = 1)
2024-08-21 09:55:49;UPDATE `pe_langues` SET `actif` = 1 WHERE `iso` = "FR"
2024-08-21 09:55:51;UPDATE `pe_langues` SET `actif` = 1 WHERE `iso` = "FR"
2024-08-21 09:56:00;INSERT INTO `pe_pvisu_avant` (`commentaires`,`date`) VALUES ("" ,"2024-08-21" )
2024-08-21 09:56:00;DELETE FROM `pe_pvisu_avant_points` WHERE `id_pvisu_avant` = 1102
2024-08-21 09:56:00;INSERT IGNORE INTO `pe_pvisu_avant_points` (`id_pvisu_avant`, `id_point_controle`, `etat`, `id_user`, `date`) VALUES (1102, 4, 1, 1, NOW()),(1102, 5, 1, 1, NOW()),(1102, 36, 1, 1, NOW()),(1102, 58, 1, 1, NOW()),(1102, 7, 1, 1, NOW()),(1102, 11, 1, 1, NOW()),(1102, 12, 1, 1, NOW()),(1102, 13, 1, 1, NOW()),(1102, 14, 1, 1, NOW()),(1102, 15, 1, 1, NOW()),(1102, 17, 1, 1, NOW()),(1102, 18, 1, 1, NOW()),(1102, 19, 1, 1, NOW()),(1102, 20, 1, 1, NOW()),(1102, 21, 1, 1, NOW()),(1102, 37, 1, 1, NOW()),(1102, 39, 1, 1, NOW()),(1102, 41, 1, 1, NOW()),(1102, 59, 1, 1, NOW()),(1102, 23, 1, 1, NOW()),(1102, 40, 1, 1, NOW()),(1102, 43, 1, 1, NOW()),(1102, 44, 1, 1, NOW()),(1102, 45, 1, 1, NOW()),(1102, 46, 1, 1, NOW()),(1102, 47, 1, 1, NOW()),(1102, 48, 1, 1, NOW()),(1102, 49, 1, 1, NOW()),(1102, 50, 1, 1, NOW()),(1102, 51, 1, 1, NOW()),(1102, 52, 1, 1, NOW()),(1102, 53, 1, 1, NOW()),(1102, 54, 1, 1, NOW()),(1102, 55, 1, 1, NOW())
2024-08-21 09:56:00;UPDATE `pe_pvisu_avant` SET `commentaires` = "" ,`date` = "2024-08-21" ,`id_user` = 1  WHERE `id` = 1102
2024-08-21 09:56:04;UPDATE `pe_langues` SET `actif` = 1 WHERE `iso` = "FR"
2024-08-21 09:56:08;UPDATE `pe_loma` SET `id_lot_pdt_froid` = 30718 ,`test_pdt` = 0 ,`commentaire` = "" ,`date_test` = "2024-08-21 09:56:08" ,`id_user_visa` = 1  WHERE `id` = 2823
2024-08-21 09:56:08;INSERT INTO `pe_validations` (`type`,`id_vue`,`id_liaison`) VALUES (3 ,2 ,2823 )
2024-08-21 09:56:08;INSERT IGNORE INTO `pe_validations_lots` (`id_validation`, `id_lot`, `negoce`) VALUES  (11050, 5694, 0)
2024-08-21 09:56:08;INSERT IGNORE INTO `pe_lot_quantieme` (`id_lot`, `quantieme`) VALUES(5694, "234")
2024-08-21 09:56:19;UPDATE `pe_langues` SET `actif` = 1 WHERE `iso` = "FR"
2024-08-21 09:56:28;UPDATE `pe_loma` SET `id_lot_pdt_froid` = 31264 ,`test_pdt` = 0 ,`commentaire` = "" ,`date_test` = "2024-08-21 09:56:28" ,`id_user_visa` = 1  WHERE `id` = 2914
2024-08-21 09:56:28;INSERT INTO `pe_validations` (`type`,`id_vue`,`id_liaison`) VALUES (3 ,2 ,2914 )
2024-08-21 09:56:28;INSERT IGNORE INTO `pe_validations_lots` (`id_validation`, `id_lot`, `negoce`) VALUES  (11051, 5808, 0)
2024-08-21 09:56:29;INSERT IGNORE INTO `pe_lot_quantieme` (`id_lot`, `quantieme`) VALUES(5808, "234")
2024-08-21 09:56:38;INSERT INTO `pe_froid` (`id_type`,`id_user_maj`,`date_entree`) VALUES (6 ,1 ,"2024-08-21 09:56:38" )
2024-08-21 09:56:38;INSERT IGNORE INTO `pe_lot_vues` (`id_lot`, `id_vue`, `date_entree`) VALUES (5808, 2, "2024-08-21 09:56:38")
2024-08-21 09:56:38;INSERT IGNORE INTO `pe_lot_quantieme` (`id_lot`, `quantieme`) VALUES(5808, "234")
2024-08-21 09:56:38;INSERT INTO `pe_froid_produits` (`id_lot`,`id_pdt`,`id_froid`,`id_palette`,`quantieme`,`date_add`,`user_add`) VALUES (5808 ,489 ,6664 ,0 ,"" ,"2024-08-21 09:56:38" ,1 )
2024-08-21 09:56:38;UPDATE `pe_lots` SET `date_maj` = "2024-08-21 09:56:38"  WHERE `id` = 5808
2024-08-21 09:56:38;UPDATE `pe_froid_produits` SET `id_lot` = 5808 ,`id_pdt` = 489 ,`id_froid` = 6664 ,`id_palette` = 0 ,`quantieme` = "" ,`date_add` = "2024-08-21 09:56:38" ,`user_add` = 1 ,`poids` = 0 ,`nb_colis` = 0  WHERE `id_lot_pdt_froid` = 31265
2024-08-21 09:56:41;UPDATE `pe_froid` SET `test_apres_fe` = 1 ,`test_apres_nfe` = 1 ,`test_apres_inox` = 0  WHERE `id` = 6664
2024-08-21 09:56:41;INSERT INTO `pe_loma` (`id_lot_pdt_froid`,`test_pdt`,`commentaire`,`date_test`,`id_user_visa`) VALUES (31265 ,0 ,"" ,"2024-08-21 09:56:41" ,1 )
2024-08-21 09:56:41;INSERT INTO `pe_validations` (`type`,`id_vue`,`id_liaison`) VALUES (3 ,2 ,2915 )
2024-08-21 09:56:41;INSERT IGNORE INTO `pe_validations_lots` (`id_validation`, `id_lot`, `negoce`) VALUES  (11052, 5808, 0)
2024-08-21 09:56:41;UPDATE `pe_langues` SET `actif` = 1 WHERE `iso` = "FR"
2024-08-21 09:56:45;INSERT INTO `pe_pvisu_pendant` (`commentaires`,`id_user`,`id_lot`,`date`) VALUES ("" ,1 ,5808 ,"2024-08-21" )
2024-08-21 09:56:45;DELETE FROM `pe_pvisu_pendant_points` WHERE `id_pvisu_pendant` = 1802
2024-08-21 09:56:45;INSERT IGNORE INTO `pe_pvisu_pendant_points` (`id_pvisu_pendant`, `id_point_controle`, `etat`, `id_pvisu_action`, `fiche_nc`, `id_user`, `date`) VALUES (1802, 24, 1, 0, 0, 1, NOW()),(1802, 25, 1, 0, 0, 1, NOW()),(1802, 26, 1, 0, 0, 1, NOW()),(1802, 27, 1, 0, 0, 1, NOW()),(1802, 28, 1, 0, 0, 1, NOW()),(1802, 29, 1, 0, 0, 1, NOW()),(1802, 30, 1, 0, 0, 1, NOW()),(1802, 31, 1, 0, 0, 1, NOW()),(1802, 32, 1, 0, 0, 1, NOW()),(1802, 33, 1, 0, 0, 1, NOW())
2024-08-21 09:56:45;UPDATE `pe_langues` SET `actif` = 1 WHERE `iso` = "FR"
2024-08-21 09:56:58;UPDATE `pe_langues` SET `actif` = 1 WHERE `iso` = "FR"
2024-08-21 09:57:19;INSERT INTO `pe_froid` (`supprime`,`id_type`,`statut`) VALUES (0 ,5 ,0 )
2024-08-21 09:57:19;INSERT INTO `pe_froid_produits` (`id_lot`,`id_pdt`,`id_froid`,`poids`,`date_add`,`loma`,`user_add`) VALUES (5808 ,380 ,6665 ,10 ,"2024-08-21 09:57:19" ,1 ,1 )
2024-08-21 09:57:26;UPDATE `pe_froid` SET `test_avant_fe` = 1 ,`test_avant_nfe` = 1 ,`test_avant_inox` = 1  WHERE `id` = 6665
2024-08-21 09:57:32;UPDATE `pe_froid` SET `temp_debut` = 1 ,`date_entree` = "2024-08-21 09:57:32" ,`id_user_debut` = 1 ,`id_user_maj` = 1  WHERE `id` = 6665
2024-08-21 09:57:34;UPDATE `pe_froid` SET `date_sortie` = "2024-08-21 09:57:34" ,`id_user_fin` = 1 ,`id_user_maj` = 1  WHERE `id` = 6665
2024-08-21 09:57:37;UPDATE `pe_froid` SET `temp_fin` = 1 ,`id_user_maj` = 1  WHERE `id` = 6665
2024-08-21 09:57:40;UPDATE `pe_froid` SET `test_avant_fe` = 1 ,`test_avant_nfe` = 1 ,`test_avant_inox` = 1  WHERE `id` = 6665
2024-08-21 09:57:43;INSERT INTO `pe_loma` (`id_lot_pdt_froid`,`test_pdt`,`commentaire`,`date_test`,`id_user_visa`) VALUES (31266 ,0 ,"" ,"2024-08-21 09:57:43" ,1 )
2024-08-21 09:57:43;INSERT INTO `pe_validations` (`type`,`id_vue`,`id_liaison`) VALUES (3 ,17 ,2916 )
2024-08-21 09:57:43;INSERT IGNORE INTO `pe_validations_lots` (`id_validation`, `id_lot`, `negoce`) VALUES  (11053, 5808, 0)
2024-08-21 09:57:46;UPDATE `pe_froid` SET `test_apres_fe` = 1 ,`test_apres_nfe` = 1 ,`test_apres_inox` = 1  WHERE `id` = 6665
2024-08-21 09:57:49;UPDATE `pe_froid` SET `statut` = 2 ,`conformite` = 1 ,`date_controle` = "2024-08-21 09:57:49" ,`id_visa_controleur` = 1  WHERE `id` = 6665
2024-08-21 09:57:49;INSERT INTO `pe_validations` (`type`,`id_vue`,`id_liaison`) VALUES (2 ,17 ,6665 )
2024-08-21 09:57:49;INSERT IGNORE INTO `pe_validations_lots` (`id_validation`, `id_lot`, `negoce`) VALUES  (11054, 5808, 0)
2024-08-21 09:57:54;UPDATE `pe_langues` SET `actif` = 1 WHERE `iso` = "FR"
2024-08-21 09:57:54;UPDATE `pe_palette_composition` SET `supprime` = 1 WHERE `id_lot_hors_stock` > 0 AND `id` NOT IN
                        ( SELECT `id_compo` FROM `pe_bl_lignes`) 
                        AND  `id_lot_hors_stock` NOT IN (SELECT `id` FROM `pe_lots`)
2024-08-21 10:04:24;INSERT INTO `pe_bl` (`num_bl`,`supprime`,`statut`,`date`) VALUES ("BL2408021" ,0 ,1 ,"2024-08-21" )
2024-08-21 10:06:09;INSERT INTO `pe_bl` (`num_bl`,`supprime`,`statut`,`date`) VALUES ("BL2408022" ,0 ,1 ,"2024-08-21" )
2024-08-21 10:06:52;UPDATE `pe_bl` SET `supprime` = 0 ,`num_cmd` = "" ,`date` = "2024-08-21" ,`id_tiers_facturation` = 473 ,`id_tiers_livraison` = 473 ,`id_adresse_livraison` = 749 ,`id_tiers_transporteur` = 231 ,`regroupement` = 0 ,`date_livraison` = "2024-08-20" ,`chiffrage` = 0 ,`statut` = 1  WHERE id = 8343
2024-08-21 10:06:57;UPDATE `pe_bl` SET `supprime` = 1 WHERE `id` IN (1,3,4,9,10,40,42,51,53,65,72,80,81,84,85,86,88,93,96,108,111,112,139,140,147,150,160,168,173,174,176,182,191,195,196,199,202,203,211,236,237,247,248,251,252,274,275,276,282,284,285,287,298,301,307,308,310,311,336,343,366,367,379,380,401,402,403,404,407,409,411,502,510,512,521,527,534,568,569,641,691,692,715,716,717,718,719,720,721,722,730,731,797,856,957,1038,1040,1041,1062,1087,1101,1110,1125,1142,1143,1144,1243,1343,1378,1514,1533,1565,1571,1642,1676,1771,1814,1832,1860,1881,1929,1943,1992,2004,2039,2040,2041,2042,2106,2132,2133,2145,2146,2184,2195,2197,2201,2205,2210,2216,2223,2230,2238,2275,2290,2304,2318,2354,2508,2529,2584,2585,2588,2646,2681,2687,2692,2694,2706,2713,2714,2911,3003,3007,3042,3062,3080,3081,3098,3155,3204,3215,3267,3271,3273,3360,3449,3464,3479,3526,3615,3635,3643,3653,3688,3706,3707,3711,3794,3804,3888,3965,3982,3983,4112,4209,4223,4232,4233,4307,4308,4336,4439,4463,4472,4473,4474,4514,4526,4530,4531,4557,4568,4679,4703,4711,4713,4720,4737,4816,4976,5054,5083,5095,5124,5150,5253,5295,5334,5376,5411,5413,5415,5423,5481,5486,5492,5554,5631,5632,5669,5689,5714,5812,5874,5914,5941,5948,6004,6068,6118,6121,6160,6163,6260,6322,6379,6464,6506,6570,6608,6712,6780,6799,6800,6926,7004,7256,7369,7575,7610,7641,7713,7747,7749,7849,7856,8026,8028,8035,8041,8043,8046,8061,8092,8181,8254,8257,8259,8337,8339,8340,8341,8342,8343)
2024-08-21 10:07:06;UPDATE `pe_bl` SET `supprime` = 1 WHERE `id` IN (1,3,4,9,10,40,42,51,53,65,72,80,81,84,85,86,88,93,96,108,111,112,139,140,147,150,160,168,173,174,176,182,191,195,196,199,202,203,211,236,237,247,248,251,252,274,275,276,282,284,285,287,298,301,307,308,310,311,336,343,366,367,379,380,401,402,403,404,407,409,411,502,510,512,521,527,534,568,569,641,691,692,715,716,717,718,719,720,721,722,730,731,797,856,957,1038,1040,1041,1062,1087,1101,1110,1125,1142,1143,1144,1243,1343,1378,1514,1533,1565,1571,1642,1676,1771,1814,1832,1860,1881,1929,1943,1992,2004,2039,2040,2041,2042,2106,2132,2133,2145,2146,2184,2195,2197,2201,2205,2210,2216,2223,2230,2238,2275,2290,2304,2318,2354,2508,2529,2584,2585,2588,2646,2681,2687,2692,2694,2706,2713,2714,2911,3003,3007,3042,3062,3080,3081,3098,3155,3204,3215,3267,3271,3273,3360,3449,3464,3479,3526,3615,3635,3643,3653,3688,3706,3707,3711,3794,3804,3888,3965,3982,3983,4112,4209,4223,4232,4233,4307,4308,4336,4439,4463,4472,4473,4474,4514,4526,4530,4531,4557,4568,4679,4703,4711,4713,4720,4737,4816,4976,5054,5083,5095,5124,5150,5253,5295,5334,5376,5411,5413,5415,5423,5481,5486,5492,5554,5631,5632,5669,5689,5714,5812,5874,5914,5941,5948,6004,6068,6118,6121,6160,6163,6260,6322,6379,6464,6506,6570,6608,6712,6780,6799,6800,6926,7004,7256,7369,7575,7610,7641,7713,7747,7749,7849,7856,8026,8028,8035,8041,8043,8046,8061,8092,8181,8254,8257,8259,8337,8339,8340,8341,8342,8343)
2024-08-21 10:07:18;INSERT INTO `pe_bl` (`num_bl`,`supprime`,`statut`,`date`) VALUES ("BL2408023" ,0 ,1 ,"2024-08-21" )
2024-08-21 10:07:26;INSERT INTO `pe_bl` (`num_bl`,`supprime`,`statut`,`date`) VALUES ("BL2408024" ,0 ,1 ,"2024-08-21" )
2024-08-21 10:07:33;INSERT INTO `pe_bl` (`num_bl`,`supprime`,`statut`,`date`) VALUES ("BL2408025" ,0 ,1 ,"2024-08-21" )
2024-08-21 10:07:41;INSERT INTO `pe_bl` (`num_bl`,`supprime`,`statut`,`date`) VALUES ("BL2408026" ,0 ,1 ,"2024-08-21" )
2024-08-21 10:11:14;UPDATE `pe_bl` SET `supprime` = 0 ,`num_cmd` = "" ,`date` = "2024-08-21" ,`id_tiers_facturation` = 473 ,`id_tiers_livraison` = 473 ,`id_adresse_livraison` = 749 ,`id_tiers_transporteur` = 231 ,`regroupement` = 0 ,`date_livraison` = "2024-08-22" ,`chiffrage` = 0 ,`statut` = 1  WHERE id = 8346
2024-08-21 10:11:17;UPDATE `pe_bl` SET `supprime` = 1 WHERE `id` IN (1,3,4,9,10,40,42,51,53,65,72,80,81,84,85,86,88,93,96,108,111,112,139,140,147,150,160,168,173,174,176,182,191,195,196,199,202,203,211,236,237,247,248,251,252,274,275,276,282,284,285,287,298,301,307,308,310,311,336,343,366,367,379,380,401,402,403,404,407,409,411,502,510,512,521,527,534,568,569,641,691,692,715,716,717,718,719,720,721,722,730,731,797,856,957,1038,1040,1041,1062,1087,1101,1110,1125,1142,1143,1144,1243,1343,1378,1514,1533,1565,1571,1642,1676,1771,1814,1832,1860,1881,1929,1943,1992,2004,2039,2040,2041,2042,2106,2132,2133,2145,2146,2184,2195,2197,2201,2205,2210,2216,2223,2230,2238,2275,2290,2304,2318,2354,2508,2529,2584,2585,2588,2646,2681,2687,2692,2694,2706,2713,2714,2911,3003,3007,3042,3062,3080,3081,3098,3155,3204,3215,3267,3271,3273,3360,3449,3464,3479,3526,3615,3635,3643,3653,3688,3706,3707,3711,3794,3804,3888,3965,3982,3983,4112,4209,4223,4232,4233,4307,4308,4336,4439,4463,4472,4473,4474,4514,4526,4530,4531,4557,4568,4679,4703,4711,4713,4720,4737,4816,4976,5054,5083,5095,5124,5150,5253,5295,5334,5376,5411,5413,5415,5423,5481,5486,5492,5554,5631,5632,5669,5689,5714,5812,5874,5914,5941,5948,6004,6068,6118,6121,6160,6163,6260,6322,6379,6464,6506,6570,6608,6712,6780,6799,6800,6926,7004,7256,7369,7575,7610,7641,7713,7747,7749,7849,7856,8026,8028,8035,8041,8043,8046,8061,8092,8181,8254,8257,8259,8337,8339,8340,8341,8342,8343,8344,8345,8346,8347)
2024-08-21 10:11:33;UPDATE `pe_bl` SET `supprime` = 1 WHERE `id` IN (1,3,4,9,10,40,42,51,53,65,72,80,81,84,85,86,88,93,96,108,111,112,139,140,147,150,160,168,173,174,176,182,191,195,196,199,202,203,211,236,237,247,248,251,252,274,275,276,282,284,285,287,298,301,307,308,310,311,336,343,366,367,379,380,401,402,403,404,407,409,411,502,510,512,521,527,534,568,569,641,691,692,715,716,717,718,719,720,721,722,730,731,797,856,957,1038,1040,1041,1062,1087,1101,1110,1125,1142,1143,1144,1243,1343,1378,1514,1533,1565,1571,1642,1676,1771,1814,1832,1860,1881,1929,1943,1992,2004,2039,2040,2041,2042,2106,2132,2133,2145,2146,2184,2195,2197,2201,2205,2210,2216,2223,2230,2238,2275,2290,2304,2318,2354,2508,2529,2584,2585,2588,2646,2681,2687,2692,2694,2706,2713,2714,2911,3003,3007,3042,3062,3080,3081,3098,3155,3204,3215,3267,3271,3273,3360,3449,3464,3479,3526,3615,3635,3643,3653,3688,3706,3707,3711,3794,3804,3888,3965,3982,3983,4112,4209,4223,4232,4233,4307,4308,4336,4439,4463,4472,4473,4474,4514,4526,4530,4531,4557,4568,4679,4703,4711,4713,4720,4737,4816,4976,5054,5083,5095,5124,5150,5253,5295,5334,5376,5411,5413,5415,5423,5481,5486,5492,5554,5631,5632,5669,5689,5714,5812,5874,5914,5941,5948,6004,6068,6118,6121,6160,6163,6260,6322,6379,6464,6506,6570,6608,6712,6780,6799,6800,6926,7004,7256,7369,7575,7610,7641,7713,7747,7749,7849,7856,8026,8028,8035,8041,8043,8046,8061,8092,8181,8254,8257,8259,8337,8339,8340,8341,8342,8343,8344,8345,8346,8347)
2024-08-21 10:11:45;UPDATE `pe_bl` SET `supprime` = 1 WHERE `id` IN (1,3,4,9,10,40,42,51,53,65,72,80,81,84,85,86,88,93,96,108,111,112,139,140,147,150,160,168,173,174,176,182,191,195,196,199,202,203,211,236,237,247,248,251,252,274,275,276,282,284,285,287,298,301,307,308,310,311,336,343,366,367,379,380,401,402,403,404,407,409,411,502,510,512,521,527,534,568,569,641,691,692,715,716,717,718,719,720,721,722,730,731,797,856,957,1038,1040,1041,1062,1087,1101,1110,1125,1142,1143,1144,1243,1343,1378,1514,1533,1565,1571,1642,1676,1771,1814,1832,1860,1881,1929,1943,1992,2004,2039,2040,2041,2042,2106,2132,2133,2145,2146,2184,2195,2197,2201,2205,2210,2216,2223,2230,2238,2275,2290,2304,2318,2354,2508,2529,2584,2585,2588,2646,2681,2687,2692,2694,2706,2713,2714,2911,3003,3007,3042,3062,3080,3081,3098,3155,3204,3215,3267,3271,3273,3360,3449,3464,3479,3526,3615,3635,3643,3653,3688,3706,3707,3711,3794,3804,3888,3965,3982,3983,4112,4209,4223,4232,4233,4307,4308,4336,4439,4463,4472,4473,4474,4514,4526,4530,4531,4557,4568,4679,4703,4711,4713,4720,4737,4816,4976,5054,5083,5095,5124,5150,5253,5295,5334,5376,5411,5413,5415,5423,5481,5486,5492,5554,5631,5632,5669,5689,5714,5812,5874,5914,5941,5948,6004,6068,6118,6121,6160,6163,6260,6322,6379,6464,6506,6570,6608,6712,6780,6799,6800,6926,7004,7256,7369,7575,7610,7641,7713,7747,7749,7849,7856,8026,8028,8035,8041,8043,8046,8061,8092,8181,8254,8257,8259,8337,8339,8340,8341,8342,8343,8344,8345,8346,8347)
2024-08-21 10:12:11;UPDATE `pe_bl` SET `supprime` = 1 WHERE `id` IN (1,3,4,9,10,40,42,51,53,65,72,80,81,84,85,86,88,93,96,108,111,112,139,140,147,150,160,168,173,174,176,182,191,195,196,199,202,203,211,236,237,247,248,251,252,274,275,276,282,284,285,287,298,301,307,308,310,311,336,343,366,367,379,380,401,402,403,404,407,409,411,502,510,512,521,527,534,568,569,641,691,692,715,716,717,718,719,720,721,722,730,731,797,856,957,1038,1040,1041,1062,1087,1101,1110,1125,1142,1143,1144,1243,1343,1378,1514,1533,1565,1571,1642,1676,1771,1814,1832,1860,1881,1929,1943,1992,2004,2039,2040,2041,2042,2106,2132,2133,2145,2146,2184,2195,2197,2201,2205,2210,2216,2223,2230,2238,2275,2290,2304,2318,2354,2508,2529,2584,2585,2588,2646,2681,2687,2692,2694,2706,2713,2714,2911,3003,3007,3042,3062,3080,3081,3098,3155,3204,3215,3267,3271,3273,3360,3449,3464,3479,3526,3615,3635,3643,3653,3688,3706,3707,3711,3794,3804,3888,3965,3982,3983,4112,4209,4223,4232,4233,4307,4308,4336,4439,4463,4472,4473,4474,4514,4526,4530,4531,4557,4568,4679,4703,4711,4713,4720,4737,4816,4976,5054,5083,5095,5124,5150,5253,5295,5334,5376,5411,5413,5415,5423,5481,5486,5492,5554,5631,5632,5669,5689,5714,5812,5874,5914,5941,5948,6004,6068,6118,6121,6160,6163,6260,6322,6379,6464,6506,6570,6608,6712,6780,6799,6800,6926,7004,7256,7369,7575,7610,7641,7713,7747,7749,7849,7856,8026,8028,8035,8041,8043,8046,8061,8092,8181,8254,8257,8259,8337,8339,8340,8341,8342,8343,8344,8345,8346,8347)
2024-08-21 10:12:28;INSERT INTO `pe_bl` (`num_bl`,`supprime`,`statut`,`date`) VALUES ("BL2408027" ,0 ,1 ,"2024-08-21" )
2024-08-21 10:13:19;UPDATE `pe_bl` SET `supprime` = 0 ,`num_cmd` = "" ,`date` = "2024-08-21" ,`id_tiers_facturation` = 473 ,`id_tiers_livraison` = 473 ,`id_adresse_livraison` = 749 ,`id_tiers_transporteur` = 231 ,`regroupement` = 0 ,`date_livraison` = "2024-08-21" ,`chiffrage` = 0 ,`statut` = 1  WHERE id = 8348
2024-08-21 10:13:37;UPDATE `pe_bl` SET `supprime` = 0 ,`num_cmd` = "test0001" ,`date` = "2024-08-21" ,`id_tiers_facturation` = 473 ,`id_tiers_livraison` = 473 ,`id_adresse_livraison` = 749 ,`id_tiers_transporteur` = 231 ,`regroupement` = 0 ,`date_livraison` = "2024-08-21" ,`chiffrage` = 0 ,`statut` = 1  WHERE id = 8348
2024-08-21 10:13:39;UPDATE `pe_bl` SET `supprime` = 1 WHERE `id` IN (1,3,4,9,10,40,42,51,53,65,72,80,81,84,85,86,88,93,96,108,111,112,139,140,147,150,160,168,173,174,176,182,191,195,196,199,202,203,211,236,237,247,248,251,252,274,275,276,282,284,285,287,298,301,307,308,310,311,336,343,366,367,379,380,401,402,403,404,407,409,411,502,510,512,521,527,534,568,569,641,691,692,715,716,717,718,719,720,721,722,730,731,797,856,957,1038,1040,1041,1062,1087,1101,1110,1125,1142,1143,1144,1243,1343,1378,1514,1533,1565,1571,1642,1676,1771,1814,1832,1860,1881,1929,1943,1992,2004,2039,2040,2041,2042,2106,2132,2133,2145,2146,2184,2195,2197,2201,2205,2210,2216,2223,2230,2238,2275,2290,2304,2318,2354,2508,2529,2584,2585,2588,2646,2681,2687,2692,2694,2706,2713,2714,2911,3003,3007,3042,3062,3080,3081,3098,3155,3204,3215,3267,3271,3273,3360,3449,3464,3479,3526,3615,3635,3643,3653,3688,3706,3707,3711,3794,3804,3888,3965,3982,3983,4112,4209,4223,4232,4233,4307,4308,4336,4439,4463,4472,4473,4474,4514,4526,4530,4531,4557,4568,4679,4703,4711,4713,4720,4737,4816,4976,5054,5083,5095,5124,5150,5253,5295,5334,5376,5411,5413,5415,5423,5481,5486,5492,5554,5631,5632,5669,5689,5714,5812,5874,5914,5941,5948,6004,6068,6118,6121,6160,6163,6260,6322,6379,6464,6506,6570,6608,6712,6780,6799,6800,6926,7004,7256,7369,7575,7610,7641,7713,7747,7749,7849,7856,8026,8028,8035,8041,8043,8046,8061,8092,8181,8254,8257,8259,8337,8339,8340,8341,8342,8343,8344,8345,8346,8347,8348)
2024-08-21 10:13:54;UPDATE `pe_bl` SET `supprime` = 1 WHERE `id` IN (1,3,4,9,10,40,42,51,53,65,72,80,81,84,85,86,88,93,96,108,111,112,139,140,147,150,160,168,173,174,176,182,191,195,196,199,202,203,211,236,237,247,248,251,252,274,275,276,282,284,285,287,298,301,307,308,310,311,336,343,366,367,379,380,401,402,403,404,407,409,411,502,510,512,521,527,534,568,569,641,691,692,715,716,717,718,719,720,721,722,730,731,797,856,957,1038,1040,1041,1062,1087,1101,1110,1125,1142,1143,1144,1243,1343,1378,1514,1533,1565,1571,1642,1676,1771,1814,1832,1860,1881,1929,1943,1992,2004,2039,2040,2041,2042,2106,2132,2133,2145,2146,2184,2195,2197,2201,2205,2210,2216,2223,2230,2238,2275,2290,2304,2318,2354,2508,2529,2584,2585,2588,2646,2681,2687,2692,2694,2706,2713,2714,2911,3003,3007,3042,3062,3080,3081,3098,3155,3204,3215,3267,3271,3273,3360,3449,3464,3479,3526,3615,3635,3643,3653,3688,3706,3707,3711,3794,3804,3888,3965,3982,3983,4112,4209,4223,4232,4233,4307,4308,4336,4439,4463,4472,4473,4474,4514,4526,4530,4531,4557,4568,4679,4703,4711,4713,4720,4737,4816,4976,5054,5083,5095,5124,5150,5253,5295,5334,5376,5411,5413,5415,5423,5481,5486,5492,5554,5631,5632,5669,5689,5714,5812,5874,5914,5941,5948,6004,6068,6118,6121,6160,6163,6260,6322,6379,6464,6506,6570,6608,6712,6780,6799,6800,6926,7004,7256,7369,7575,7610,7641,7713,7747,7749,7849,7856,8026,8028,8035,8041,8043,8046,8061,8092,8181,8254,8257,8259,8337,8339,8340,8341,8342,8343,8344,8345,8346,8347,8348)
2024-08-21 10:14:01;UPDATE `pe_bl` SET `supprime` = 1 WHERE `id` IN (1,3,4,9,10,40,42,51,53,65,72,80,81,84,85,86,88,93,96,108,111,112,139,140,147,150,160,168,173,174,176,182,191,195,196,199,202,203,211,236,237,247,248,251,252,274,275,276,282,284,285,287,298,301,307,308,310,311,336,343,366,367,379,380,401,402,403,404,407,409,411,502,510,512,521,527,534,568,569,641,691,692,715,716,717,718,719,720,721,722,730,731,797,856,957,1038,1040,1041,1062,1087,1101,1110,1125,1142,1143,1144,1243,1343,1378,1514,1533,1565,1571,1642,1676,1771,1814,1832,1860,1881,1929,1943,1992,2004,2039,2040,2041,2042,2106,2132,2133,2145,2146,2184,2195,2197,2201,2205,2210,2216,2223,2230,2238,2275,2290,2304,2318,2354,2508,2529,2584,2585,2588,2646,2681,2687,2692,2694,2706,2713,2714,2911,3003,3007,3042,3062,3080,3081,3098,3155,3204,3215,3267,3271,3273,3360,3449,3464,3479,3526,3615,3635,3643,3653,3688,3706,3707,3711,3794,3804,3888,3965,3982,3983,4112,4209,4223,4232,4233,4307,4308,4336,4439,4463,4472,4473,4474,4514,4526,4530,4531,4557,4568,4679,4703,4711,4713,4720,4737,4816,4976,5054,5083,5095,5124,5150,5253,5295,5334,5376,5411,5413,5415,5423,5481,5486,5492,5554,5631,5632,5669,5689,5714,5812,5874,5914,5941,5948,6004,6068,6118,6121,6160,6163,6260,6322,6379,6464,6506,6570,6608,6712,6780,6799,6800,6926,7004,7256,7369,7575,7610,7641,7713,7747,7749,7849,7856,8026,8028,8035,8041,8043,8046,8061,8092,8181,8254,8257,8259,8337,8339,8340,8341,8342,8343,8344,8345,8346,8347,8348)
2024-08-21 10:14:23;UPDATE `pe_bl` SET `supprime` = 1 WHERE `id` IN (1,3,4,9,10,40,42,51,53,65,72,80,81,84,85,86,88,93,96,108,111,112,139,140,147,150,160,168,173,174,176,182,191,195,196,199,202,203,211,236,237,247,248,251,252,274,275,276,282,284,285,287,298,301,307,308,310,311,336,343,366,367,379,380,401,402,403,404,407,409,411,502,510,512,521,527,534,568,569,641,691,692,715,716,717,718,719,720,721,722,730,731,797,856,957,1038,1040,1041,1062,1087,1101,1110,1125,1142,1143,1144,1243,1343,1378,1514,1533,1565,1571,1642,1676,1771,1814,1832,1860,1881,1929,1943,1992,2004,2039,2040,2041,2042,2106,2132,2133,2145,2146,2184,2195,2197,2201,2205,2210,2216,2223,2230,2238,2275,2290,2304,2318,2354,2508,2529,2584,2585,2588,2646,2681,2687,2692,2694,2706,2713,2714,2911,3003,3007,3042,3062,3080,3081,3098,3155,3204,3215,3267,3271,3273,3360,3449,3464,3479,3526,3615,3635,3643,3653,3688,3706,3707,3711,3794,3804,3888,3965,3982,3983,4112,4209,4223,4232,4233,4307,4308,4336,4439,4463,4472,4473,4474,4514,4526,4530,4531,4557,4568,4679,4703,4711,4713,4720,4737,4816,4976,5054,5083,5095,5124,5150,5253,5295,5334,5376,5411,5413,5415,5423,5481,5486,5492,5554,5631,5632,5669,5689,5714,5812,5874,5914,5941,5948,6004,6068,6118,6121,6160,6163,6260,6322,6379,6464,6506,6570,6608,6712,6780,6799,6800,6926,7004,7256,7369,7575,7610,7641,7713,7747,7749,7849,7856,8026,8028,8035,8041,8043,8046,8061,8092,8181,8254,8257,8259,8337,8339,8340,8341,8342,8343,8344,8345,8346,8347,8348)
2024-08-21 10:15:12;UPDATE `pe_bl` SET `supprime` = 1 WHERE `id` IN (1,3,4,9,10,40,42,51,53,65,72,80,81,84,85,86,88,93,96,108,111,112,139,140,147,150,160,168,173,174,176,182,191,195,196,199,202,203,211,236,237,247,248,251,252,274,275,276,282,284,285,287,298,301,307,308,310,311,336,343,366,367,379,380,401,402,403,404,407,409,411,502,510,512,521,527,534,568,569,641,691,692,715,716,717,718,719,720,721,722,730,731,797,856,957,1038,1040,1041,1062,1087,1101,1110,1125,1142,1143,1144,1243,1343,1378,1514,1533,1565,1571,1642,1676,1771,1814,1832,1860,1881,1929,1943,1992,2004,2039,2040,2041,2042,2106,2132,2133,2145,2146,2184,2195,2197,2201,2205,2210,2216,2223,2230,2238,2275,2290,2304,2318,2354,2508,2529,2584,2585,2588,2646,2681,2687,2692,2694,2706,2713,2714,2911,3003,3007,3042,3062,3080,3081,3098,3155,3204,3215,3267,3271,3273,3360,3449,3464,3479,3526,3615,3635,3643,3653,3688,3706,3707,3711,3794,3804,3888,3965,3982,3983,4112,4209,4223,4232,4233,4307,4308,4336,4439,4463,4472,4473,4474,4514,4526,4530,4531,4557,4568,4679,4703,4711,4713,4720,4737,4816,4976,5054,5083,5095,5124,5150,5253,5295,5334,5376,5411,5413,5415,5423,5481,5486,5492,5554,5631,5632,5669,5689,5714,5812,5874,5914,5941,5948,6004,6068,6118,6121,6160,6163,6260,6322,6379,6464,6506,6570,6608,6712,6780,6799,6800,6926,7004,7256,7369,7575,7610,7641,7713,7747,7749,7849,7856,8026,8028,8035,8041,8043,8046,8061,8092,8181,8254,8257,8259,8337,8339,8340,8341,8342,8343,8344,8345,8346,8347,8348)
2024-08-21 10:17:27;INSERT INTO `pe_bl` (`num_bl`,`supprime`,`statut`,`date`) VALUES ("BL2408028" ,0 ,1 ,"2024-08-21" )
2024-08-21 10:17:35;INSERT INTO `pe_bl` (`num_bl`,`supprime`,`statut`,`date`) VALUES ("BL2408029" ,0 ,1 ,"2024-08-21" )
2024-08-21 10:17:52;UPDATE `pe_bl` SET `supprime` = 1 WHERE `id` IN (1,3,4,9,10,40,42,51,53,65,72,80,81,84,85,86,88,93,96,108,111,112,139,140,147,150,160,168,173,174,176,182,191,195,196,199,202,203,211,236,237,247,248,251,252,274,275,276,282,284,285,287,298,301,307,308,310,311,336,343,366,367,379,380,401,402,403,404,407,409,411,502,510,512,521,527,534,568,569,641,691,692,715,716,717,718,719,720,721,722,730,731,797,856,957,1038,1040,1041,1062,1087,1101,1110,1125,1142,1143,1144,1243,1343,1378,1514,1533,1565,1571,1642,1676,1771,1814,1832,1860,1881,1929,1943,1992,2004,2039,2040,2041,2042,2106,2132,2133,2145,2146,2184,2195,2197,2201,2205,2210,2216,2223,2230,2238,2275,2290,2304,2318,2354,2508,2529,2584,2585,2588,2646,2681,2687,2692,2694,2706,2713,2714,2911,3003,3007,3042,3062,3080,3081,3098,3155,3204,3215,3267,3271,3273,3360,3449,3464,3479,3526,3615,3635,3643,3653,3688,3706,3707,3711,3794,3804,3888,3965,3982,3983,4112,4209,4223,4232,4233,4307,4308,4336,4439,4463,4472,4473,4474,4514,4526,4530,4531,4557,4568,4679,4703,4711,4713,4720,4737,4816,4976,5054,5083,5095,5124,5150,5253,5295,5334,5376,5411,5413,5415,5423,5481,5486,5492,5554,5631,5632,5669,5689,5714,5812,5874,5914,5941,5948,6004,6068,6118,6121,6160,6163,6260,6322,6379,6464,6506,6570,6608,6712,6780,6799,6800,6926,7004,7256,7369,7575,7610,7641,7713,7747,7749,7849,7856,8026,8028,8035,8041,8043,8046,8061,8092,8181,8254,8257,8259,8337,8339,8340,8341,8342,8343,8344,8345,8346,8347,8348,8349,8350)
2024-08-21 10:18:43;UPDATE `pe_bl` SET `supprime` = 1 WHERE `id` IN (1,3,4,9,10,40,42,51,53,65,72,80,81,84,85,86,88,93,96,108,111,112,139,140,147,150,160,168,173,174,176,182,191,195,196,199,202,203,211,236,237,247,248,251,252,274,275,276,282,284,285,287,298,301,307,308,310,311,336,343,366,367,379,380,401,402,403,404,407,409,411,502,510,512,521,527,534,568,569,641,691,692,715,716,717,718,719,720,721,722,730,731,797,856,957,1038,1040,1041,1062,1087,1101,1110,1125,1142,1143,1144,1243,1343,1378,1514,1533,1565,1571,1642,1676,1771,1814,1832,1860,1881,1929,1943,1992,2004,2039,2040,2041,2042,2106,2132,2133,2145,2146,2184,2195,2197,2201,2205,2210,2216,2223,2230,2238,2275,2290,2304,2318,2354,2508,2529,2584,2585,2588,2646,2681,2687,2692,2694,2706,2713,2714,2911,3003,3007,3042,3062,3080,3081,3098,3155,3204,3215,3267,3271,3273,3360,3449,3464,3479,3526,3615,3635,3643,3653,3688,3706,3707,3711,3794,3804,3888,3965,3982,3983,4112,4209,4223,4232,4233,4307,4308,4336,4439,4463,4472,4473,4474,4514,4526,4530,4531,4557,4568,4679,4703,4711,4713,4720,4737,4816,4976,5054,5083,5095,5124,5150,5253,5295,5334,5376,5411,5413,5415,5423,5481,5486,5492,5554,5631,5632,5669,5689,5714,5812,5874,5914,5941,5948,6004,6068,6118,6121,6160,6163,6260,6322,6379,6464,6506,6570,6608,6712,6780,6799,6800,6926,7004,7256,7369,7575,7610,7641,7713,7747,7749,7849,7856,8026,8028,8035,8041,8043,8046,8061,8092,8181,8254,8257,8259,8337,8339,8340,8341,8342,8343,8344,8345,8346,8347,8348,8349,8350)
2024-08-21 10:20:09;INSERT INTO `pe_bl` (`num_bl`,`supprime`,`statut`,`date`) VALUES ("BL2408030" ,0 ,1 ,"2024-08-21" )
2024-08-21 10:21:05;UPDATE `pe_bl` SET `supprime` = 0 ,`num_cmd` = "" ,`date` = "2024-08-21" ,`id_tiers_facturation` = 473 ,`id_tiers_livraison` = 473 ,`id_adresse_livraison` = 749 ,`id_tiers_transporteur` = 231 ,`regroupement` = 0 ,`date_livraison` = "2024-08-19" ,`chiffrage` = 0 ,`statut` = 1  WHERE id = 8351
2024-08-21 10:21:09;UPDATE `pe_bl` SET `supprime` = 1 WHERE `id` IN (1,3,4,9,10,40,42,51,53,65,72,80,81,84,85,86,88,93,96,108,111,112,139,140,147,150,160,168,173,174,176,182,191,195,196,199,202,203,211,236,237,247,248,251,252,274,275,276,282,284,285,287,298,301,307,308,310,311,336,343,366,367,379,380,401,402,403,404,407,409,411,502,510,512,521,527,534,568,569,641,691,692,715,716,717,718,719,720,721,722,730,731,797,856,957,1038,1040,1041,1062,1087,1101,1110,1125,1142,1143,1144,1243,1343,1378,1514,1533,1565,1571,1642,1676,1771,1814,1832,1860,1881,1929,1943,1992,2004,2039,2040,2041,2042,2106,2132,2133,2145,2146,2184,2195,2197,2201,2205,2210,2216,2223,2230,2238,2275,2290,2304,2318,2354,2508,2529,2584,2585,2588,2646,2681,2687,2692,2694,2706,2713,2714,2911,3003,3007,3042,3062,3080,3081,3098,3155,3204,3215,3267,3271,3273,3360,3449,3464,3479,3526,3615,3635,3643,3653,3688,3706,3707,3711,3794,3804,3888,3965,3982,3983,4112,4209,4223,4232,4233,4307,4308,4336,4439,4463,4472,4473,4474,4514,4526,4530,4531,4557,4568,4679,4703,4711,4713,4720,4737,4816,4976,5054,5083,5095,5124,5150,5253,5295,5334,5376,5411,5413,5415,5423,5481,5486,5492,5554,5631,5632,5669,5689,5714,5812,5874,5914,5941,5948,6004,6068,6118,6121,6160,6163,6260,6322,6379,6464,6506,6570,6608,6712,6780,6799,6800,6926,7004,7256,7369,7575,7610,7641,7713,7747,7749,7849,7856,8026,8028,8035,8041,8043,8046,8061,8092,8181,8254,8257,8259,8337,8339,8340,8341,8342,8343,8344,8345,8346,8347,8348,8349,8350,8351)
2024-08-21 10:27:44;UPDATE `pe_bl` SET `supprime` = 1 WHERE `id` IN (1,3,4,9,10,40,42,51,53,65,72,80,81,84,85,86,88,93,96,108,111,112,139,140,147,150,160,168,173,174,176,182,191,195,196,199,202,203,211,236,237,247,248,251,252,274,275,276,282,284,285,287,298,301,307,308,310,311,336,343,366,367,379,380,401,402,403,404,407,409,411,502,510,512,521,527,534,568,569,641,691,692,715,716,717,718,719,720,721,722,730,731,797,856,957,1038,1040,1041,1062,1087,1101,1110,1125,1142,1143,1144,1243,1343,1378,1514,1533,1565,1571,1642,1676,1771,1814,1832,1860,1881,1929,1943,1992,2004,2039,2040,2041,2042,2106,2132,2133,2145,2146,2184,2195,2197,2201,2205,2210,2216,2223,2230,2238,2275,2290,2304,2318,2354,2508,2529,2584,2585,2588,2646,2681,2687,2692,2694,2706,2713,2714,2911,3003,3007,3042,3062,3080,3081,3098,3155,3204,3215,3267,3271,3273,3360,3449,3464,3479,3526,3615,3635,3643,3653,3688,3706,3707,3711,3794,3804,3888,3965,3982,3983,4112,4209,4223,4232,4233,4307,4308,4336,4439,4463,4472,4473,4474,4514,4526,4530,4531,4557,4568,4679,4703,4711,4713,4720,4737,4816,4976,5054,5083,5095,5124,5150,5253,5295,5334,5376,5411,5413,5415,5423,5481,5486,5492,5554,5631,5632,5669,5689,5714,5812,5874,5914,5941,5948,6004,6068,6118,6121,6160,6163,6260,6322,6379,6464,6506,6570,6608,6712,6780,6799,6800,6926,7004,7256,7369,7575,7610,7641,7713,7747,7749,7849,7856,8026,8028,8035,8041,8043,8046,8061,8092,8181,8254,8257,8259,8337,8339,8340,8341,8342,8343,8344,8345,8346,8347,8348,8349,8350,8351)
2024-08-21 10:27:55;UPDATE `pe_bl` SET `supprime` = 1 WHERE `id` IN (1,3,4,9,10,40,42,51,53,65,72,80,81,84,85,86,88,93,96,108,111,112,139,140,147,150,160,168,173,174,176,182,191,195,196,199,202,203,211,236,237,247,248,251,252,274,275,276,282,284,285,287,298,301,307,308,310,311,336,343,366,367,379,380,401,402,403,404,407,409,411,502,510,512,521,527,534,568,569,641,691,692,715,716,717,718,719,720,721,722,730,731,797,856,957,1038,1040,1041,1062,1087,1101,1110,1125,1142,1143,1144,1243,1343,1378,1514,1533,1565,1571,1642,1676,1771,1814,1832,1860,1881,1929,1943,1992,2004,2039,2040,2041,2042,2106,2132,2133,2145,2146,2184,2195,2197,2201,2205,2210,2216,2223,2230,2238,2275,2290,2304,2318,2354,2508,2529,2584,2585,2588,2646,2681,2687,2692,2694,2706,2713,2714,2911,3003,3007,3042,3062,3080,3081,3098,3155,3204,3215,3267,3271,3273,3360,3449,3464,3479,3526,3615,3635,3643,3653,3688,3706,3707,3711,3794,3804,3888,3965,3982,3983,4112,4209,4223,4232,4233,4307,4308,4336,4439,4463,4472,4473,4474,4514,4526,4530,4531,4557,4568,4679,4703,4711,4713,4720,4737,4816,4976,5054,5083,5095,5124,5150,5253,5295,5334,5376,5411,5413,5415,5423,5481,5486,5492,5554,5631,5632,5669,5689,5714,5812,5874,5914,5941,5948,6004,6068,6118,6121,6160,6163,6260,6322,6379,6464,6506,6570,6608,6712,6780,6799,6800,6926,7004,7256,7369,7575,7610,7641,7713,7747,7749,7849,7856,8026,8028,8035,8041,8043,8046,8061,8092,8181,8254,8257,8259,8337,8339,8340,8341,8342,8343,8344,8345,8346,8347,8348,8349,8350,8351)
2024-08-21 10:28:10;INSERT INTO `pe_bl` (`num_bl`,`supprime`,`statut`,`date`) VALUES ("BL2408031" ,0 ,1 ,"2024-08-21" )
2024-08-21 10:30:28;UPDATE `pe_bl` SET `supprime` = 0 ,`num_cmd` = "" ,`date` = "2024-08-21" ,`id_tiers_facturation` = 37 ,`id_tiers_livraison` = 473 ,`id_adresse_livraison` = 748 ,`id_tiers_transporteur` = 238 ,`regroupement` = 0 ,`date_livraison` = "2024-08-21" ,`chiffrage` = 0 ,`statut` = 1  WHERE id = 8352
2024-08-21 10:30:31;UPDATE `pe_bl` SET `supprime` = 1 WHERE `id` IN (1,3,4,9,10,40,42,51,53,65,72,80,81,84,85,86,88,93,96,108,111,112,139,140,147,150,160,168,173,174,176,182,191,195,196,199,202,203,211,236,237,247,248,251,252,274,275,276,282,284,285,287,298,301,307,308,310,311,336,343,366,367,379,380,401,402,403,404,407,409,411,502,510,512,521,527,534,568,569,641,691,692,715,716,717,718,719,720,721,722,730,731,797,856,957,1038,1040,1041,1062,1087,1101,1110,1125,1142,1143,1144,1243,1343,1378,1514,1533,1565,1571,1642,1676,1771,1814,1832,1860,1881,1929,1943,1992,2004,2039,2040,2041,2042,2106,2132,2133,2145,2146,2184,2195,2197,2201,2205,2210,2216,2223,2230,2238,2275,2290,2304,2318,2354,2508,2529,2584,2585,2588,2646,2681,2687,2692,2694,2706,2713,2714,2911,3003,3007,3042,3062,3080,3081,3098,3155,3204,3215,3267,3271,3273,3360,3449,3464,3479,3526,3615,3635,3643,3653,3688,3706,3707,3711,3794,3804,3888,3965,3982,3983,4112,4209,4223,4232,4233,4307,4308,4336,4439,4463,4472,4473,4474,4514,4526,4530,4531,4557,4568,4679,4703,4711,4713,4720,4737,4816,4976,5054,5083,5095,5124,5150,5253,5295,5334,5376,5411,5413,5415,5423,5481,5486,5492,5554,5631,5632,5669,5689,5714,5812,5874,5914,5941,5948,6004,6068,6118,6121,6160,6163,6260,6322,6379,6464,6506,6570,6608,6712,6780,6799,6800,6926,7004,7256,7369,7575,7610,7641,7713,7747,7749,7849,7856,8026,8028,8035,8041,8043,8046,8061,8092,8181,8254,8257,8259,8337,8339,8340,8341,8342,8343,8344,8345,8346,8347,8348,8349,8350,8351,8352)
2024-08-21 10:30:43;INSERT INTO `pe_bl` (`num_bl`,`supprime`,`statut`,`date`) VALUES ("BL2408032" ,0 ,1 ,"2024-08-21" )
2024-08-21 10:30:52;UPDATE `pe_langues` SET `actif` = 1 WHERE `iso` = "FR"
2024-08-21 10:30:52;UPDATE `pe_palette_composition` SET `supprime` = 1 WHERE `id_lot_hors_stock` > 0 AND `id` NOT IN
                        ( SELECT `id_compo` FROM `pe_bl_lignes`) 
                        AND  `id_lot_hors_stock` NOT IN (SELECT `id` FROM `pe_lots`)
2024-08-21 10:32:41;UPDATE `pe_bl` SET `supprime` = 1 WHERE `id` IN (1,3,4,9,10,40,42,51,53,65,72,80,81,84,85,86,88,93,96,108,111,112,139,140,147,150,160,168,173,174,176,182,191,195,196,199,202,203,211,236,237,247,248,251,252,274,275,276,282,284,285,287,298,301,307,308,310,311,336,343,366,367,379,380,401,402,403,404,407,409,411,502,510,512,521,527,534,568,569,641,691,692,715,716,717,718,719,720,721,722,730,731,797,856,957,1038,1040,1041,1062,1087,1101,1110,1125,1142,1143,1144,1243,1343,1378,1514,1533,1565,1571,1642,1676,1771,1814,1832,1860,1881,1929,1943,1992,2004,2039,2040,2041,2042,2106,2132,2133,2145,2146,2184,2195,2197,2201,2205,2210,2216,2223,2230,2238,2275,2290,2304,2318,2354,2508,2529,2584,2585,2588,2646,2681,2687,2692,2694,2706,2713,2714,2911,3003,3007,3042,3062,3080,3081,3098,3155,3204,3215,3267,3271,3273,3360,3449,3464,3479,3526,3615,3635,3643,3653,3688,3706,3707,3711,3794,3804,3888,3965,3982,3983,4112,4209,4223,4232,4233,4307,4308,4336,4439,4463,4472,4473,4474,4514,4526,4530,4531,4557,4568,4679,4703,4711,4713,4720,4737,4816,4976,5054,5083,5095,5124,5150,5253,5295,5334,5376,5411,5413,5415,5423,5481,5486,5492,5554,5631,5632,5669,5689,5714,5812,5874,5914,5941,5948,6004,6068,6118,6121,6160,6163,6260,6322,6379,6464,6506,6570,6608,6712,6780,6799,6800,6926,7004,7256,7369,7575,7610,7641,7713,7747,7749,7849,7856,8026,8028,8035,8041,8043,8046,8061,8092,8181,8254,8257,8259,8337,8339,8340,8341,8342,8343,8344,8345,8346,8347,8348,8349,8350,8351,8352,8353)
2024-08-21 10:33:23;INSERT INTO `pe_bl` (`num_bl`,`supprime`,`statut`,`date`) VALUES ("BL2408033" ,0 ,1 ,"2024-08-21" )
2024-08-21 10:35:18;INSERT INTO `pe_palette_composition` (`id_palette`,`id_client`,`id_produit`,`id_lot_pdt_froid`,`id_frais`,`id_lot_pdt_negoce`,`id_lot_regroupement`,`poids`,`nb_colis`,`date`,`id_user`,`id_lot_hors_stock`,`archive`,`supprime`) VALUES (0 ,473 ,473 ,0 ,0 ,0 ,0 ,20 ,0 ,"2024-08-21 10:35:18" ,1 ,5808 ,0 ,0 )
2024-08-21 10:35:18;INSERT INTO `pe_bl_lignes` (`id_bl`,`id_compo`,`id_palette`,`id_produit`,`id_lot`,`numlot`,`poids`,`nb_colis`,`qte`,`pu_ht`,`tva`,`date_add`,`supprime`) VALUES (8354 ,88847 ,0 ,473 ,5808 ,"247033CFR" ,20 ,0 ,1 ,0 ,5.5 ,"2024-08-21 10:35:18" ,0 )
2024-08-21 10:35:18;UPDATE `pe_bl` SET `id_tiers_facturation` = 473  WHERE id = 8354
2024-08-21 10:35:28;UPDATE `pe_bl` SET `supprime` = 0 ,`num_cmd` = "" ,`date` = "2024-08-21" ,`id_tiers_facturation` = 473 ,`id_tiers_livraison` = 473 ,`id_adresse_livraison` = 749 ,`id_tiers_transporteur` = 231 ,`regroupement` = 0 ,`date_livraison` = "2024-08-20" ,`chiffrage` = 0 ,`statut` = 1  WHERE id = 8354
2024-08-21 10:37:07;UPDATE `pe_langues` SET `actif` = 1 WHERE `iso` = "FR"
2024-08-21 10:37:07;UPDATE `pe_consommables` SET `id_precedent` = 0, `date_upd` = null WHERE `date_upd` < CURDATE()
2024-08-21 10:37:37;UPDATE `pe_bl` SET `supprime` = 1 WHERE `id` IN (1,3,4,9,10,40,42,51,53,65,72,80,81,84,85,86,88,93,96,108,111,112,139,140,147,150,160,168,173,174,176,182,191,195,196,199,202,203,211,236,237,247,248,251,252,274,275,276,282,284,285,287,298,301,307,308,310,311,336,343,366,367,379,380,401,402,403,404,407,409,411,502,510,512,521,527,534,568,569,641,691,692,715,716,717,718,719,720,721,722,730,731,797,856,957,1038,1040,1041,1062,1087,1101,1110,1125,1142,1143,1144,1243,1343,1378,1514,1533,1565,1571,1642,1676,1771,1814,1832,1860,1881,1929,1943,1992,2004,2039,2040,2041,2042,2106,2132,2133,2145,2146,2184,2195,2197,2201,2205,2210,2216,2223,2230,2238,2275,2290,2304,2318,2354,2508,2529,2584,2585,2588,2646,2681,2687,2692,2694,2706,2713,2714,2911,3003,3007,3042,3062,3080,3081,3098,3155,3204,3215,3267,3271,3273,3360,3449,3464,3479,3526,3615,3635,3643,3653,3688,3706,3707,3711,3794,3804,3888,3965,3982,3983,4112,4209,4223,4232,4233,4307,4308,4336,4439,4463,4472,4473,4474,4514,4526,4530,4531,4557,4568,4679,4703,4711,4713,4720,4737,4816,4976,5054,5083,5095,5124,5150,5253,5295,5334,5376,5411,5413,5415,5423,5481,5486,5492,5554,5631,5632,5669,5689,5714,5812,5874,5914,5941,5948,6004,6068,6118,6121,6160,6163,6260,6322,6379,6464,6506,6570,6608,6712,6780,6799,6800,6926,7004,7256,7369,7575,7610,7641,7713,7747,7749,7849,7856,8026,8028,8035,8041,8043,8046,8061,8092,8181,8254,8257,8259,8337,8339,8340,8341,8342,8343,8344,8345,8346,8347,8348,8349,8350,8351,8352,8353)
2024-08-21 10:38:13;INSERT INTO `pe_bl` (`num_bl`,`supprime`,`statut`,`date`) VALUES ("BL2408034" ,0 ,1 ,"2024-08-21" )
2024-08-21 10:41:06;INSERT INTO `pe_bl` (`num_bl`,`supprime`,`statut`,`date`) VALUES ("BL2408035" ,0 ,1 ,"2024-08-21" )
2024-08-21 10:41:19;UPDATE `pe_langues` SET `actif` = 1 WHERE `iso` = "FR"
2024-08-21 10:41:19;UPDATE `pe_consommables` SET `id_precedent` = 0, `date_upd` = null WHERE `date_upd` < CURDATE()
2024-08-21 10:41:29;UPDATE `pe_bl` SET `supprime` = 1 WHERE `id` IN (1,3,4,9,10,40,42,51,53,65,72,80,81,84,85,86,88,93,96,108,111,112,139,140,147,150,160,168,173,174,176,182,191,195,196,199,202,203,211,236,237,247,248,251,252,274,275,276,282,284,285,287,298,301,307,308,310,311,336,343,366,367,379,380,401,402,403,404,407,409,411,502,510,512,521,527,534,568,569,641,691,692,715,716,717,718,719,720,721,722,730,731,797,856,957,1038,1040,1041,1062,1087,1101,1110,1125,1142,1143,1144,1243,1343,1378,1514,1533,1565,1571,1642,1676,1771,1814,1832,1860,1881,1929,1943,1992,2004,2039,2040,2041,2042,2106,2132,2133,2145,2146,2184,2195,2197,2201,2205,2210,2216,2223,2230,2238,2275,2290,2304,2318,2354,2508,2529,2584,2585,2588,2646,2681,2687,2692,2694,2706,2713,2714,2911,3003,3007,3042,3062,3080,3081,3098,3155,3204,3215,3267,3271,3273,3360,3449,3464,3479,3526,3615,3635,3643,3653,3688,3706,3707,3711,3794,3804,3888,3965,3982,3983,4112,4209,4223,4232,4233,4307,4308,4336,4439,4463,4472,4473,4474,4514,4526,4530,4531,4557,4568,4679,4703,4711,4713,4720,4737,4816,4976,5054,5083,5095,5124,5150,5253,5295,5334,5376,5411,5413,5415,5423,5481,5486,5492,5554,5631,5632,5669,5689,5714,5812,5874,5914,5941,5948,6004,6068,6118,6121,6160,6163,6260,6322,6379,6464,6506,6570,6608,6712,6780,6799,6800,6926,7004,7256,7369,7575,7610,7641,7713,7747,7749,7849,7856,8026,8028,8035,8041,8043,8046,8061,8092,8181,8254,8257,8259,8337,8339,8340,8341,8342,8343,8344,8345,8346,8347,8348,8349,8350,8351,8352,8353,8355,8356)
2024-08-21 10:41:43;UPDATE `pe_bl` SET `supprime` = 1 WHERE `id` IN (1,3,4,9,10,40,42,51,53,65,72,80,81,84,85,86,88,93,96,108,111,112,139,140,147,150,160,168,173,174,176,182,191,195,196,199,202,203,211,236,237,247,248,251,252,274,275,276,282,284,285,287,298,301,307,308,310,311,336,343,366,367,379,380,401,402,403,404,407,409,411,502,510,512,521,527,534,568,569,641,691,692,715,716,717,718,719,720,721,722,730,731,797,856,957,1038,1040,1041,1062,1087,1101,1110,1125,1142,1143,1144,1243,1343,1378,1514,1533,1565,1571,1642,1676,1771,1814,1832,1860,1881,1929,1943,1992,2004,2039,2040,2041,2042,2106,2132,2133,2145,2146,2184,2195,2197,2201,2205,2210,2216,2223,2230,2238,2275,2290,2304,2318,2354,2508,2529,2584,2585,2588,2646,2681,2687,2692,2694,2706,2713,2714,2911,3003,3007,3042,3062,3080,3081,3098,3155,3204,3215,3267,3271,3273,3360,3449,3464,3479,3526,3615,3635,3643,3653,3688,3706,3707,3711,3794,3804,3888,3965,3982,3983,4112,4209,4223,4232,4233,4307,4308,4336,4439,4463,4472,4473,4474,4514,4526,4530,4531,4557,4568,4679,4703,4711,4713,4720,4737,4816,4976,5054,5083,5095,5124,5150,5253,5295,5334,5376,5411,5413,5415,5423,5481,5486,5492,5554,5631,5632,5669,5689,5714,5812,5874,5914,5941,5948,6004,6068,6118,6121,6160,6163,6260,6322,6379,6464,6506,6570,6608,6712,6780,6799,6800,6926,7004,7256,7369,7575,7610,7641,7713,7747,7749,7849,7856,8026,8028,8035,8041,8043,8046,8061,8092,8181,8254,8257,8259,8337,8339,8340,8341,8342,8343,8344,8345,8346,8347,8348,8349,8350,8351,8352,8353,8355,8356)
2024-08-21 10:42:03;UPDATE `pe_bl` SET `supprime` = 1 WHERE `id` IN (1,3,4,9,10,40,42,51,53,65,72,80,81,84,85,86,88,93,96,108,111,112,139,140,147,150,160,168,173,174,176,182,191,195,196,199,202,203,211,236,237,247,248,251,252,274,275,276,282,284,285,287,298,301,307,308,310,311,336,343,366,367,379,380,401,402,403,404,407,409,411,502,510,512,521,527,534,568,569,641,691,692,715,716,717,718,719,720,721,722,730,731,797,856,957,1038,1040,1041,1062,1087,1101,1110,1125,1142,1143,1144,1243,1343,1378,1514,1533,1565,1571,1642,1676,1771,1814,1832,1860,1881,1929,1943,1992,2004,2039,2040,2041,2042,2106,2132,2133,2145,2146,2184,2195,2197,2201,2205,2210,2216,2223,2230,2238,2275,2290,2304,2318,2354,2508,2529,2584,2585,2588,2646,2681,2687,2692,2694,2706,2713,2714,2911,3003,3007,3042,3062,3080,3081,3098,3155,3204,3215,3267,3271,3273,3360,3449,3464,3479,3526,3615,3635,3643,3653,3688,3706,3707,3711,3794,3804,3888,3965,3982,3983,4112,4209,4223,4232,4233,4307,4308,4336,4439,4463,4472,4473,4474,4514,4526,4530,4531,4557,4568,4679,4703,4711,4713,4720,4737,4816,4976,5054,5083,5095,5124,5150,5253,5295,5334,5376,5411,5413,5415,5423,5481,5486,5492,5554,5631,5632,5669,5689,5714,5812,5874,5914,5941,5948,6004,6068,6118,6121,6160,6163,6260,6322,6379,6464,6506,6570,6608,6712,6780,6799,6800,6926,7004,7256,7369,7575,7610,7641,7713,7747,7749,7849,7856,8026,8028,8035,8041,8043,8046,8061,8092,8181,8254,8257,8259,8337,8339,8340,8341,8342,8343,8344,8345,8346,8347,8348,8349,8350,8351,8352,8353,8355,8356)
2024-08-21 10:42:12;INSERT INTO `pe_bl` (`num_bl`,`supprime`,`statut`,`date`) VALUES ("BL2408036" ,0 ,1 ,"2024-08-21" )
2024-08-21 10:44:31;UPDATE `pe_bl` SET `id_tiers_facturation` = 473  WHERE id = 8357
2024-08-21 10:48:33;UPDATE `pe_froid_produits` SET `id_lot` = 5045  WHERE `id_lot_pdt_froid` = 29753
2024-08-21 10:48:33;INSERT INTO `pe_bl_lignes` (`id_produit`,`id_palette`,`numlot`,`id_lot`,`poids`,`nb_colis`,`id_compo`,`num_palette`,`id_bl`,`id_produit_bl`,`pu_ht`,`tva`,`qte`,`supprime`,`date_add`) VALUES (147 ,10072 ,"243913AFRA" ,5045 ,40 ,2 ,81448 ,66 ,8357 ,0 ,0 ,5.5 ,1 ,0 ,"2024-08-21 10:48:33" )
2024-08-21 10:48:41;UPDATE `pe_bl` SET `supprime` = 0 ,`num_cmd` = "" ,`date` = "2024-08-21" ,`id_tiers_facturation` = 473 ,`id_tiers_livraison` = 473 ,`id_adresse_livraison` = 749 ,`id_tiers_transporteur` = 231 ,`regroupement` = 0 ,`date_livraison` = "2024-08-21" ,`chiffrage` = 0 ,`statut` = 1  WHERE id = 8357
2024-08-21 10:48:50;UPDATE `pe_bl` SET `supprime` = 1 WHERE `id` IN (1,3,4,9,10,40,42,51,53,65,72,80,81,84,85,86,88,93,96,108,111,112,139,140,147,150,160,168,173,174,176,182,191,195,196,199,202,203,211,236,237,247,248,251,252,274,275,276,282,284,285,287,298,301,307,308,310,311,336,343,366,367,379,380,401,402,403,404,407,409,411,502,510,512,521,527,534,568,569,641,691,692,715,716,717,718,719,720,721,722,730,731,797,856,957,1038,1040,1041,1062,1087,1101,1110,1125,1142,1143,1144,1243,1343,1378,1514,1533,1565,1571,1642,1676,1771,1814,1832,1860,1881,1929,1943,1992,2004,2039,2040,2041,2042,2106,2132,2133,2145,2146,2184,2195,2197,2201,2205,2210,2216,2223,2230,2238,2275,2290,2304,2318,2354,2508,2529,2584,2585,2588,2646,2681,2687,2692,2694,2706,2713,2714,2911,3003,3007,3042,3062,3080,3081,3098,3155,3204,3215,3267,3271,3273,3360,3449,3464,3479,3526,3615,3635,3643,3653,3688,3706,3707,3711,3794,3804,3888,3965,3982,3983,4112,4209,4223,4232,4233,4307,4308,4336,4439,4463,4472,4473,4474,4514,4526,4530,4531,4557,4568,4679,4703,4711,4713,4720,4737,4816,4976,5054,5083,5095,5124,5150,5253,5295,5334,5376,5411,5413,5415,5423,5481,5486,5492,5554,5631,5632,5669,5689,5714,5812,5874,5914,5941,5948,6004,6068,6118,6121,6160,6163,6260,6322,6379,6464,6506,6570,6608,6712,6780,6799,6800,6926,7004,7256,7369,7575,7610,7641,7713,7747,7749,7849,7856,8026,8028,8035,8041,8043,8046,8061,8092,8181,8254,8257,8259,8337,8339,8340,8341,8342,8343,8344,8345,8346,8347,8348,8349,8350,8351,8352,8353,8355,8356)
2024-08-21 10:49:34;UPDATE `pe_bl` SET `num_cmd` = "" ,`id_tiers_facturation` = 473 ,`id_tiers_livraison` = 473 ,`id_tiers_transporteur` = 231 ,`id_adresse_livraison` = 749 ,`nom_client` = "" ,`statut` = 1 ,`supprime` = 0 ,`date_livraison` = "2024-08-21"  WHERE id = 8357
2024-08-21 10:49:34;UPDATE `pe_bl_lignes` SET `qte` = 1 ,`id_palette` = 10072 ,`id_produit` = 147 ,`id_produit_bl` = 0 ,`id_lot` = 5045 ,`numlot` = "243913AFRA" ,`poids` = 40 ,`nb_colis` = 2 ,`pu_ht` = 0 ,`tva` = 5.5 ,`supprime` = 0  WHERE `id` = 75996
2024-08-21 10:49:38;UPDATE `pe_bl_lignes` SET `pu_ht` = 10  WHERE `id` = 75996
2024-08-21 10:49:40;INSERT INTO `pe_tarif_client` (`id_tiers`,`id_produit`,`prix`) VALUES (473 ,147 ,10 )
2024-08-21 10:49:56;UPDATE `pe_langues` SET `actif` = 1 WHERE `iso` = "FR"
2024-08-21 10:49:56;UPDATE `pe_palette_composition` SET `supprime` = 1 WHERE `id_lot_hors_stock` > 0 AND `id` NOT IN
                        ( SELECT `id_compo` FROM `pe_bl_lignes`) 
                        AND  `id_lot_hors_stock` NOT IN (SELECT `id` FROM `pe_lots`)
2024-08-21 10:53:34;UPDATE `pe_froid_produits` SET `id_lot` = 5678  WHERE `id_lot_pdt_froid` = 30740
2024-08-21 10:53:34;INSERT INTO `pe_bl_lignes` (`id_produit`,`id_palette`,`numlot`,`id_lot`,`poids`,`nb_colis`,`id_compo`,`num_palette`,`id_bl`,`id_produit_bl`,`pu_ht`,`tva`,`qte`,`supprime`,`date_add`) VALUES (142 ,10542 ,"243926AFRA" ,5678 ,10 ,1 ,88284 ,44 ,8357 ,0 ,0 ,5.5 ,1 ,0 ,"2024-08-21 10:53:34" )
2024-08-21 10:53:34;UPDATE `pe_bl` SET `num_cmd` = "" ,`id_tiers_facturation` = 473 ,`id_tiers_livraison` = 473 ,`id_tiers_transporteur` = 231 ,`id_adresse_livraison` = 749 ,`nom_client` = "" ,`statut` = 1 ,`supprime` = 0 ,`date_livraison` = "2024-08-21"  WHERE id = 8357
2024-08-21 10:53:34;UPDATE `pe_bl_lignes` SET `qte` = 1 ,`id_palette` = 10072 ,`id_produit` = 147 ,`id_produit_bl` = 0 ,`id_lot` = 5045 ,`numlot` = "243913AFRA" ,`poids` = 40 ,`nb_colis` = 2 ,`pu_ht` = 10 ,`tva` = 5.5 ,`supprime` = 0  WHERE `id` = 75996
2024-08-21 10:53:34;UPDATE `pe_bl_lignes` SET `qte` = 1 ,`id_palette` = 10542 ,`id_produit` = 142 ,`id_produit_bl` = 0 ,`id_lot` = 5678 ,`numlot` = "243926AFRA" ,`poids` = 10 ,`nb_colis` = 1 ,`pu_ht` = 0 ,`tva` = 5.5 ,`supprime` = 0  WHERE `id` = 75997
2024-08-21 10:54:02;UPDATE `pe_bl` SET `num_cmd` = "" ,`id_tiers_facturation` = 473 ,`id_tiers_livraison` = 473 ,`id_tiers_transporteur` = 231 ,`id_adresse_livraison` = 749 ,`nom_client` = "" ,`statut` = 1 ,`supprime` = 0 ,`date_livraison` = "2024-08-21"  WHERE id = 8357
2024-08-21 10:54:02;UPDATE `pe_bl_lignes` SET `qte` = 1 ,`id_palette` = 10072 ,`id_produit` = 147 ,`id_produit_bl` = 0 ,`id_lot` = 5045 ,`numlot` = "243913AFRA" ,`poids` = 40 ,`nb_colis` = 2 ,`pu_ht` = 10 ,`tva` = 5.5 ,`supprime` = 0  WHERE `id` = 75996
2024-08-21 10:54:02;UPDATE `pe_bl_lignes` SET `qte` = 1 ,`id_palette` = 10542 ,`id_produit` = 142 ,`id_produit_bl` = 0 ,`id_lot` = 5678 ,`numlot` = "243926AFRA" ,`poids` = 10 ,`nb_colis` = 1 ,`pu_ht` = 0 ,`tva` = 5.5 ,`supprime` = 0  WHERE `id` = 75997
2024-08-21 10:54:19;UPDATE `pe_bl` SET `num_cmd` = "" ,`date` = "2024-08-21" ,`id_tiers_facturation` = 473 ,`id_tiers_livraison` = 473 ,`id_adresse_livraison` = 749 ,`id_tiers_transporteur` = 231 ,`date_livraison` = "2024-08-21"  WHERE id = 8357
2024-08-21 10:54:19;UPDATE `pe_bl_lignes` SET `qte` = 1 ,`id_palette` = 10072 ,`id_produit` = 147 ,`id_produit_bl` = 0 ,`id_lot` = 5045 ,`numlot` = "243913AFRA" ,`poids` = 40 ,`nb_colis` = 2 ,`pu_ht` = 10 ,`tva` = 5.5 ,`id_pays` = 1  WHERE `id` = 75996
2024-08-21 10:54:19;UPDATE `pe_bl_lignes` SET `qte` = 1 ,`id_palette` = 10542 ,`id_produit` = 142 ,`id_produit_bl` = 0 ,`id_lot` = 5678 ,`numlot` = "243926AFRA" ,`poids` = 10 ,`nb_colis` = 1 ,`pu_ht` = 0 ,`tva` = 5.5 ,`id_pays` = 1  WHERE `id` = 75997
2024-08-21 10:54:19;UPDATE `pe_tiers` SET `id_langue` = 1  WHERE `id` = 473
2024-08-21 10:54:19;UPDATE `pe_tiers_types` SET `id_famille` = 0 WHERE `id_tiers` = 473
2024-08-21 10:54:19;UPDATE `pe_bl` SET `num_cmd` = "" ,`date` = "2024-08-21" ,`id_tiers_facturation` = 473 ,`id_tiers_livraison` = 473 ,`id_adresse_livraison` = 749 ,`id_tiers_transporteur` = 231 ,`date_livraison` = "2024-08-21" ,`chiffrage` = 0  WHERE id = 8357
2024-08-21 10:54:20;UPDATE `pe_bl` SET `num_cmd` = "" ,`date` = "2024-08-21" ,`id_tiers_facturation` = 473 ,`id_tiers_livraison` = 473 ,`id_adresse_livraison` = 749 ,`id_tiers_transporteur` = 231 ,`date_livraison` = "2024-08-21" ,`chiffrage` = 0 ,`statut` = 2 ,`supprime` = 0  WHERE id = 8357
2024-08-21 10:54:20;UPDATE `pe_palette_composition` SET `supprime` = 1, `archive` = 1 WHERE `id` IN (81448,88284)
2024-08-21 10:54:20;UPDATE `pe_bl` SET `date_envoi` = NULL WHERE `id` = 8357
2024-08-21 10:54:24;UPDATE `pe_langues` SET `actif` = 1 WHERE `iso` = "FR"
2024-08-21 10:54:24;UPDATE `pe_palette_composition` SET `supprime` = 1 WHERE `id_lot_hors_stock` > 0 AND `id` NOT IN
                        ( SELECT `id_compo` FROM `pe_bl_lignes`) 
                        AND  `id_lot_hors_stock` NOT IN (SELECT `id` FROM `pe_lots`)
2024-08-21 10:54:40;UPDATE `pe_langues` SET `actif` = 1 WHERE `iso` = "FR"
2024-08-21 10:54:42;DELETE FROM `pe_prp_op` WHERE `id` IN (2472)
2024-08-21 10:54:42;DELETE FROM `pe_prp_bls` WHERE `id_prp_op` IN (2472)
2024-08-21 10:54:42;INSERT INTO `pe_prp_op` (`id_user`) VALUES (0 )
2024-08-21 10:54:44;UPDATE `pe_prp_op` SET `id_transporteur` = 231  WHERE `id` = 2473
2024-08-21 10:54:50;DELETE FROM `pe_prp_bls` WHERE `id_prp_op` = 2473
2024-08-21 10:54:50;INSERT IGNORE INTO `pe_prp_bls` (`id_prp_op`, `id_bl`) VALUES (2473, 8338)
2024-08-21 10:54:53;UPDATE `pe_prp_op` SET `date` = "2024-08-21"  WHERE `id` = 2473
2024-08-21 10:54:59;UPDATE `pe_prp_op` SET `cmd_conforme` = 1  WHERE `id` = 2473
2024-08-21 10:55:04;UPDATE `pe_prp_op` SET `t_surface` = 1 ,`t_surface_conforme` = 1  WHERE `id` = 2473
2024-08-21 10:55:07;UPDATE `pe_prp_op` SET `t_camion` = 1 ,`t_camion_conforme` = 1  WHERE `id` = 2473
2024-08-21 11:15:20;UPDATE `pe_langues` SET `actif` = 1 WHERE `iso` = "FR"
2024-08-21 11:15:20;UPDATE `pe_consommables` SET `id_precedent` = 0, `date_upd` = null WHERE `date_upd` < CURDATE()
2024-08-21 11:15:46;UPDATE `pe_langues` SET `actif` = 1 WHERE `iso` = "FR"
2024-08-21 11:15:46;UPDATE `pe_consommables` SET `id_precedent` = 0, `date_upd` = null WHERE `date_upd` < CURDATE()
2024-08-21 11:19:03;UPDATE `pe_bl` SET `supprime` = 1 WHERE `id` IN (1,3,4,9,10,40,42,51,53,65,72,80,81,84,85,86,88,93,96,108,111,112,139,140,147,150,160,168,173,174,176,182,191,195,196,199,202,203,211,236,237,247,248,251,252,274,275,276,282,284,285,287,298,301,307,308,310,311,336,343,366,367,379,380,401,402,403,404,407,409,411,502,510,512,521,527,534,568,569,641,691,692,715,716,717,718,719,720,721,722,730,731,797,856,957,1038,1040,1041,1062,1087,1101,1110,1125,1142,1143,1144,1243,1343,1378,1514,1533,1565,1571,1642,1676,1771,1814,1832,1860,1881,1929,1943,1992,2004,2039,2040,2041,2042,2106,2132,2133,2145,2146,2184,2195,2197,2201,2205,2210,2216,2223,2230,2238,2275,2290,2304,2318,2354,2508,2529,2584,2585,2588,2646,2681,2687,2692,2694,2706,2713,2714,2911,3003,3007,3042,3062,3080,3081,3098,3155,3204,3215,3267,3271,3273,3360,3449,3464,3479,3526,3615,3635,3643,3653,3688,3706,3707,3711,3794,3804,3888,3965,3982,3983,4112,4209,4223,4232,4233,4307,4308,4336,4439,4463,4472,4473,4474,4514,4526,4530,4531,4557,4568,4679,4703,4711,4713,4720,4737,4816,4976,5054,5083,5095,5124,5150,5253,5295,5334,5376,5411,5413,5415,5423,5481,5486,5492,5554,5631,5632,5669,5689,5714,5812,5874,5914,5941,5948,6004,6068,6118,6121,6160,6163,6260,6322,6379,6464,6506,6570,6608,6712,6780,6799,6800,6926,7004,7256,7369,7575,7610,7641,7713,7747,7749,7849,7856,8026,8028,8035,8041,8043,8046,8061,8092,8181,8254,8257,8259,8337,8339,8340,8341,8342,8343,8344,8345,8346,8347,8348,8349,8350,8351,8352,8353,8355,8356)
2024-08-21 11:19:08;INSERT INTO `pe_bl` (`num_bl`,`supprime`,`statut`,`date`) VALUES ("BL2408037" ,0 ,1 ,"2024-08-21" )
2024-08-21 11:20:31;UPDATE `pe_froid_produits` SET `id_lot` = 5075  WHERE `id_lot_pdt_froid` = 29767
2024-08-21 11:20:31;INSERT INTO `pe_bl_lignes` (`id_produit`,`id_palette`,`numlot`,`id_lot`,`poids`,`nb_colis`,`id_compo`,`num_palette`,`id_bl`,`id_produit_bl`,`pu_ht`,`tva`,`qte`,`supprime`,`date_add`) VALUES (147 ,10072 ,"242013AESA" ,5075 ,60 ,3 ,81506 ,66 ,8358 ,0 ,0 ,5.5 ,1 ,0 ,"2024-08-21 11:20:31" )
2024-08-21 11:20:32;UPDATE `pe_bl` SET `id_tiers_facturation` = 277  WHERE id = 8358
2024-08-21 11:22:27;UPDATE `pe_froid_produits` SET `id_lot` = 5149  WHERE `id_lot_pdt_froid` = 29961
2024-08-21 11:22:27;INSERT INTO `pe_bl_lignes` (`id_produit`,`id_palette`,`numlot`,`id_lot`,`poids`,`nb_colis`,`id_compo`,`num_palette`,`id_bl`,`id_produit_bl`,`pu_ht`,`tva`,`qte`,`supprime`,`date_add`) VALUES (147 ,10072 ,"243915AFRA" ,5149 ,40 ,2 ,82980 ,66 ,8358 ,0 ,0 ,5.5 ,1 ,0 ,"2024-08-21 11:22:27" )
2024-08-21 11:23:09;UPDATE `pe_bl_lignes` SET `numlot` = "242013AESA"  WHERE `id` = 75998
2024-08-21 13:07:53;UPDATE `pe_langues` SET `actif` = 1 WHERE `iso` = "FR"
2024-08-21 13:07:53;UPDATE `pe_palette_composition` SET `supprime` = 1 WHERE `id_lot_hors_stock` > 0 AND `id` NOT IN
                        ( SELECT `id_compo` FROM `pe_bl_lignes`) 
                        AND  `id_lot_hors_stock` NOT IN (SELECT `id` FROM `pe_lots`)
2024-08-21 13:08:07;UPDATE `pe_langues` SET `actif` = 1 WHERE `iso` = "FR"
2024-08-21 13:08:12;UPDATE `pe_langues` SET `actif` = 1 WHERE `iso` = "FR"
2024-08-21 13:08:23;DELETE FROM `pe_prp_op` WHERE `id` IN (2473)
2024-08-21 13:08:23;DELETE FROM `pe_prp_bls` WHERE `id_prp_op` IN (2473)
2024-08-21 13:08:23;INSERT INTO `pe_prp_op` (`id_user`) VALUES (0 )
2024-08-21 13:08:25;UPDATE `pe_prp_op` SET `id_transporteur` = 231  WHERE `id` = 2474
2024-08-21 13:08:28;DELETE FROM `pe_prp_bls` WHERE `id_prp_op` = 2474
2024-08-21 13:08:28;INSERT IGNORE INTO `pe_prp_bls` (`id_prp_op`, `id_bl`) VALUES (2474, 8338)
