2024-09-26 07:47:42;UPDATE `pe_langues` SET `actif` = 1 WHERE `iso` = "FR"
2024-09-26 07:47:42;UPDATE `pe_consommables` SET `id_precedent` = 0, `date_upd` = null WHERE `date_upd` < CURDATE()
2024-09-26 07:48:14;UPDATE `pe_langues` SET `actif` = 1 WHERE `iso` = "FR"
2024-09-26 09:15:51;UPDATE `pe_langues` SET `actif` = 1 WHERE `iso` = "FR"
2024-09-26 09:19:27;UPDATE `pe_langues` SET `actif` = 1 WHERE `iso` = "FR"
2024-09-26 09:19:27;UPDATE `pe_consommables` SET `id_precedent` = 0, `date_upd` = null WHERE `date_upd` < CURDATE()
2024-09-26 09:23:27;INSERT INTO `pe_lots` (`numlot`,`date_add`,`visible`,`id_fournisseur`,`id_espece`,`composition`,`id_origine`,`id_abattoir`,`date_abattage`,`date_reception`,`poids_abattoir`,`poids_reception`) VALUES ("242939FDN" ,"2024-09-26 09:23:27" ,1 ,392 ,1 ,1 ,18 ,44 ,"2024-09-28" ,"2024-09-30" ,400 ,450 )
2024-09-26 09:23:27;INSERT INTO `pe_lot_vues` (`id_lot`,`id_vue`,`date_entree`) VALUES (5811 ,1 ,"2024-09-26 09:23:27" )
2024-09-26 09:23:27;INSERT INTO `pe_lots` (`numlot`,`date_add`,`visible`,`id_fournisseur`,`id_espece`,`composition`,`id_origine`,`id_abattoir`,`date_abattage`,`date_reception`,`poids_abattoir`,`poids_reception`) VALUES ("242939FDNA" ,"2024-09-26 09:23:27" ,1 ,392 ,2 ,2 ,18 ,44 ,"2024-09-28" ,"2024-09-30" ,0 ,450 )
2024-09-26 09:23:27;INSERT INTO `pe_lot_vues` (`id_lot`,`id_vue`,`date_entree`) VALUES (5812 ,1 ,"2024-09-26 09:23:27" )
2024-09-26 11:00:13;UPDATE `pe_bl_lignes` SET `supprime` = 1 WHERE `supprime` = 0  AND `id_bl` IN (SELECT `id` FROM `pe_bl` WHERE `supprime` = 1)
2024-09-26 13:45:37;UPDATE `pe_bl_lignes` SET `supprime` = 1 WHERE `supprime` = 0  AND `id_bl` IN (SELECT `id` FROM `pe_bl` WHERE `supprime` = 1)
2024-09-26 13:46:00;UPDATE `pe_bl_lignes` SET `supprime` = 1 WHERE `supprime` = 0  AND `id_bl` IN (SELECT `id` FROM `pe_bl` WHERE `supprime` = 1)
2024-09-26 13:48:04;INSERT INTO `pe_lots` (`numlot`,`date_add`,`visible`,`id_fournisseur`,`id_espece`,`composition`,`id_origine`,`id_abattoir`,`date_abattage`,`date_reception`,`poids_abattoir`,`poids_reception`) VALUES ("243039GBR" ,"2024-09-26 13:48:04" ,1 ,50 ,5 ,1 ,22 ,60 ,"2024-09-29" ,"2024-09-26" ,500 ,550 )
2024-09-26 13:48:04;INSERT INTO `pe_lot_vues` (`id_lot`,`id_vue`,`date_entree`) VALUES (5813 ,1 ,"2024-09-26 13:48:04" )
2024-09-26 13:49:01;UPDATE `pe_bl_lignes` SET `supprime` = 1 WHERE `supprime` = 0  AND `id_bl` IN (SELECT `id` FROM `pe_bl` WHERE `supprime` = 1)
2024-09-26 13:50:51;INSERT INTO `pe_lots_negoce` (`date_add`,`visible`,`id_fournisseur`,`chasse`,`num_bl`,`num_agrement`,`ddm_bl`,`dlc_bl`,`id_origine`,`nb_piece`,`id_espece`,`composition`,`poids_bl`,`poids_reception`,`date_entree`) VALUES ("2024-09-26 13:50:51" ,1 ,287 ,0 ,"" ,"" ,"2024-09-26" ,"2024-09-26" ,5 ,2 ,5 ,1 ,400 ,500 ,"2024-09-28" )
2024-09-26 13:51:56;UPDATE `pe_lots_negoce` SET `num_bl` = "1456NGF" ,`ddm_bl` = "2024-09-26" ,`dlc_bl` = "2024-09-26" ,`id_origine` = 29  WHERE `id` = 30
2024-09-26 13:52:01;UPDATE `pe_lots_negoce` SET `visible` = 0  WHERE `id` = 30
2024-09-26 13:52:01;UPDATE `pe_lots_negoce` SET `visible` = 1  WHERE `id` = 30
2024-09-26 14:25:16;UPDATE `pe_langues` SET `actif` = 1 WHERE `iso` = "FR"
2024-09-26 14:26:00;INSERT INTO `pe_incidents` (`id_user`,`id_lot`,`negoce`,`date`,`type_incident`) VALUES (1 ,5812 ,0 ,"2024-09-26 14:26:00" ,8 )
2024-09-26 14:26:00;INSERT INTO `pe_commentaires` (`date`,`id_lot`,`negoce`,`incident`,`id_user`,`commentaire`) VALUES ("2024-09-26 14:26:00" ,5812 ,0 ,1 ,1 ,"Incident d'abcès : NULL" )
2024-09-26 14:26:23;UPDATE `pe_bl_lignes` SET `supprime` = 1 WHERE `supprime` = 0  AND `id_bl` IN (SELECT `id` FROM `pe_bl` WHERE `supprime` = 1)
2024-09-26 14:26:34;DELETE FROM `pe_incidents` WHERE `id` = 10
2024-09-26 14:26:34;DELETE FROM `pe_commentaires` WHERE `incident` = 1 AND `id_lot` =  5812
2024-09-26 14:26:36;UPDATE `pe_bl_lignes` SET `supprime` = 1 WHERE `supprime` = 0  AND `id_bl` IN (SELECT `id` FROM `pe_bl` WHERE `supprime` = 1)
2024-09-26 14:27:03;UPDATE `pe_langues` SET `actif` = 1 WHERE `iso` = "FR"
2024-09-26 14:27:08;UPDATE `pe_langues` SET `actif` = 1 WHERE `iso` = "FR"
2024-09-26 14:27:26;INSERT INTO `pe_pvisu_avant` (`commentaires`,`date`) VALUES ("" ,"2024-09-26" )
2024-09-26 14:27:26;DELETE FROM `pe_pvisu_avant_points` WHERE `id_pvisu_avant` = 1106
2024-09-26 14:27:26;INSERT IGNORE INTO `pe_pvisu_avant_points` (`id_pvisu_avant`, `id_point_controle`, `etat`, `id_user`, `date`) VALUES (1106, 4, 1, 1, NOW()),(1106, 5, 1, 1, NOW()),(1106, 36, 1, 1, NOW()),(1106, 58, 1, 1, NOW()),(1106, 7, 1, 1, NOW()),(1106, 11, 1, 1, NOW()),(1106, 12, 1, 1, NOW()),(1106, 13, 1, 1, NOW()),(1106, 14, 1, 1, NOW()),(1106, 15, 1, 1, NOW()),(1106, 17, 1, 1, NOW()),(1106, 18, 1, 1, NOW()),(1106, 19, 1, 1, NOW()),(1106, 20, 1, 1, NOW()),(1106, 21, 1, 1, NOW()),(1106, 37, 1, 1, NOW()),(1106, 39, 1, 1, NOW()),(1106, 41, 1, 1, NOW()),(1106, 59, 1, 1, NOW()),(1106, 23, 1, 1, NOW()),(1106, 40, 1, 1, NOW()),(1106, 43, 1, 1, NOW()),(1106, 44, 1, 1, NOW()),(1106, 45, 1, 1, NOW()),(1106, 46, 1, 1, NOW()),(1106, 47, 1, 1, NOW()),(1106, 48, 1, 1, NOW()),(1106, 49, 1, 1, NOW()),(1106, 50, 1, 1, NOW()),(1106, 51, 1, 1, NOW()),(1106, 52, 1, 1, NOW()),(1106, 53, 1, 1, NOW()),(1106, 54, 1, 1, NOW()),(1106, 55, 1, 1, NOW())
2024-09-26 14:27:26;UPDATE `pe_pvisu_avant` SET `commentaires` = "UG" ,`date` = "2024-09-26" ,`id_user` = 1  WHERE `id` = 1106
2024-09-26 14:27:35;UPDATE `pe_langues` SET `actif` = 1 WHERE `iso` = "FR"
2024-09-26 14:28:05;INSERT INTO `pe_pvisu_apres` (`commentaires`,`date`,`id_user`) VALUES ("" ,"2024-09-26" ,1 )
2024-09-26 14:28:05;DELETE FROM `pe_pvisu_apres_points` WHERE `id_pvisu_apres` = 655
2024-09-26 14:28:05;INSERT IGNORE INTO `pe_pvisu_apres_points` (`id_pvisu_apres`, `id_point_controle`, `etat`, `id_pvisu_action`, `fiche_nc`, `id_user`, `date`) VALUES (655, 34, 1, 0, 0, 1, NOW()),(655, 35, 1, 0, 0, 1, NOW())
2024-09-26 14:28:09;UPDATE `pe_langues` SET `actif` = 1 WHERE `iso` = "FR"
2024-09-26 14:28:22;UPDATE `pe_langues` SET `actif` = 1 WHERE `iso` = "FR"
2024-09-26 14:28:31;INSERT INTO `pe_lot_reception` (`id_lot`,`temp`) VALUES (5812 ,2 )
2024-09-26 14:28:31;UPDATE `pe_lots` SET `date_maj` = "2024-09-26- 14:28:31" ,`id_user_maj` = 1  WHERE `id` = 5812
2024-09-26 14:29:05;INSERT INTO `pe_retour_palettes_rcp` (`id_transporteur`,`date_retour`,`palettes_recues`,`palettes_rendues`,`id_user`,`date_add`) VALUES (238 ,"2024-09-26" ,1 ,1 ,1 ,"2024-09-26 14:29:05" )
2024-09-26 14:29:09;UPDATE `pe_lot_reception` SET `etat_visuel` = 1  WHERE `id` = 2265
2024-09-26 14:29:09;UPDATE `pe_lots` SET `date_maj` = "2024-09-26- 14:29:09" ,`id_user_maj` = 1  WHERE `id` = 5812
2024-09-26 14:29:54;UPDATE `pe_lot_reception` SET `observations` =                                                                     12 ,`conformite` = 0 ,`id_user` = 1 ,`date_confirmation` = "2024-09-26 14:29:54"  WHERE `id` = 2265
2024-09-26 14:29:54;UPDATE `pe_lots` SET `date_maj` = "2024-09-26- 14:29:54" ,`id_user_maj` = 1  WHERE `id` = 5812
2024-09-26 14:29:54;INSERT INTO `pe_pvisu_avant` (`commentaires`,`id_user`,`id_lot`,`date`) VALUES ("" ,1 ,5812 ,"2024-09-26" )
2024-09-26 14:29:54;DELETE FROM `pe_pvisu_avant_points` WHERE `id_pvisu_avant` = 1107
2024-09-26 14:29:54;INSERT IGNORE INTO `pe_pvisu_avant_points` (`id_pvisu_avant`, `id_point_controle`, `etat`, `id_user`, `date`) VALUES (1107, 75, 1, 1, NOW()),(1107, 73, 0, 1, NOW())
2024-09-26 14:30:03;UPDATE `pe_lot_reception` SET `crochets_recus` = 1 ,`crochets_rendus` = 1  WHERE `id` = 2265
2024-09-26 14:30:18;UPDATE `pe_lot_reception` SET `observations` = "                                                                                                        12                                " ,`conformite` = 1 ,`id_user` = 1 ,`date_confirmation` = "2024-09-26 14:30:18"  WHERE `id` = 2265
2024-09-26 14:30:18;UPDATE `pe_lots` SET `date_maj` = "2024-09-26- 14:30:18" ,`id_user_maj` = 1  WHERE `id` = 5812
2024-09-26 14:30:18;INSERT INTO `pe_pvisu_avant` (`commentaires`,`id_user`,`id_lot`,`date`) VALUES ("" ,1 ,5812 ,"2024-09-26" )
2024-09-26 14:30:18;DELETE FROM `pe_pvisu_avant_points` WHERE `id_pvisu_avant` = 1108
2024-09-26 14:30:18;INSERT IGNORE INTO `pe_pvisu_avant_points` (`id_pvisu_avant`, `id_point_controle`, `etat`, `id_user`, `date`) VALUES (1108, 75, 1, 1, NOW()),(1108, 73, 1, 1, NOW())
2024-09-26 14:30:21;UPDATE `pe_lot_reception` SET `crochets_recus` = 1 ,`crochets_rendus` = 1  WHERE `id` = 2265
2024-09-26 14:30:25;UPDATE `pe_lot_reception` SET `id_transporteur` = 238  WHERE `id` = 2265
2024-09-26 14:30:30;INSERT INTO `pe_validations` (`type`,`id_vue`,`id_liaison`) VALUES (1 ,1 ,5812 )
2024-09-26 14:30:30;INSERT IGNORE INTO `pe_validations_lots` (`id_validation`, `id_lot`, `negoce`) VALUES  (11060, 5812, 0)
2024-09-26 14:30:30;DELETE FROM `pe_lot_vues` 
						  WHERE `id_lot` = 5812 
						  AND `id_vue` = 1
2024-09-26 14:30:31;INSERT IGNORE INTO `pe_lot_vues` (`id_lot`, `id_vue`, `date_entree`) VALUES (5812, 2, "2024-09-26 14:30:31")
2024-09-26 14:30:31;UPDATE `pe_lots` SET `date_reception` = "2024-09-26" ,`date_prod` = "2024-09-26 14:30:31" ,`date_atelier` = "2024-09-26 14:30:31"  WHERE `id` = 5812
2024-09-26 14:30:31;UPDATE `pe_langues` SET `actif` = 1 WHERE `iso` = "FR"
2024-09-26 14:30:36;UPDATE `pe_langues` SET `actif` = 1 WHERE `iso` = "FR"
2024-09-26 14:31:03;INSERT INTO `pe_loma` (`id_lot_pdt_froid`,`test_pdt`,`commentaire`,`date_test`,`id_user_visa`) VALUES (30864 ,0 ,"" ,"2024-09-26 14:31:03" ,1 )
2024-09-26 14:31:03;INSERT INTO `pe_validations` (`type`,`id_vue`,`id_liaison`) VALUES (3 ,2 ,2918 )
2024-09-26 14:31:03;INSERT IGNORE INTO `pe_validations_lots` (`id_validation`, `id_lot`, `negoce`) VALUES  (11061, 5812, 0)
2024-09-26 14:31:06;INSERT INTO `pe_froid` (`id_type`,`id_user_maj`,`date_entree`) VALUES (6 ,1 ,"2024-09-26 14:31:06" )
2024-09-26 14:31:06;INSERT IGNORE INTO `pe_lot_vues` (`id_lot`, `id_vue`, `date_entree`) VALUES (5812, 2, "2024-09-26 14:31:06")
2024-09-26 14:31:06;INSERT INTO `pe_froid_produits` (`id_lot`,`id_pdt`,`id_froid`,`id_palette`,`date_add`,`user_add`) VALUES (5812 ,489 ,6666 ,0 ,"2024-09-26 14:31:06" ,1 )
2024-09-26 14:31:06;UPDATE `pe_lots` SET `date_maj` = "2024-09-26 14:31:06"  WHERE `id` = 5812
2024-09-26 14:31:06;UPDATE `pe_froid_produits` SET `id_lot` = 5812 ,`id_pdt` = 489 ,`id_froid` = 6666 ,`id_palette` = 0 ,`date_add` = "2024-09-26 14:31:06" ,`user_add` = 1 ,`poids` = 0 ,`nb_colis` = 0  WHERE `id_lot_pdt_froid` = 31267
2024-09-26 14:31:10;UPDATE `pe_froid` SET `test_apres_fe` = 1 ,`test_apres_nfe` = 1 ,`test_apres_inox` = 1  WHERE `id` = 6666
2024-09-26 14:31:10;INSERT INTO `pe_loma` (`id_lot_pdt_froid`,`test_pdt`,`commentaire`,`date_test`,`id_user_visa`) VALUES (31267 ,0 ,"" ,"2024-09-26 14:31:10" ,1 )
2024-09-26 14:31:10;INSERT INTO `pe_validations` (`type`,`id_vue`,`id_liaison`) VALUES (3 ,2 ,2919 )
2024-09-26 14:31:10;INSERT IGNORE INTO `pe_validations_lots` (`id_validation`, `id_lot`, `negoce`) VALUES  (11062, 5812, 0)
2024-09-26 14:31:11;UPDATE `pe_langues` SET `actif` = 1 WHERE `iso` = "FR"
2024-09-26 14:31:22;INSERT INTO `pe_pvisu_pendant` (`commentaires`,`id_user`,`id_lot`,`date`) VALUES ("" ,1 ,5812 ,"2024-09-26" )
2024-09-26 14:31:22;DELETE FROM `pe_pvisu_pendant_points` WHERE `id_pvisu_pendant` = 1804
2024-09-26 14:31:22;INSERT IGNORE INTO `pe_pvisu_pendant_points` (`id_pvisu_pendant`, `id_point_controle`, `etat`, `id_pvisu_action`, `fiche_nc`, `id_user`, `date`) VALUES (1804, 24, 1, 0, 0, 1, NOW()),(1804, 25, 1, 0, 0, 1, NOW()),(1804, 26, 1, 0, 0, 1, NOW()),(1804, 27, 1, 0, 0, 1, NOW()),(1804, 28, 1, 0, 0, 1, NOW()),(1804, 29, 1, 0, 0, 1, NOW()),(1804, 30, 1, 0, 0, 1, NOW()),(1804, 31, 1, 0, 0, 1, NOW()),(1804, 32, 1, 0, 0, 1, NOW()),(1804, 33, 1, 0, 0, 1, NOW())
2024-09-26 14:31:22;UPDATE `pe_langues` SET `actif` = 1 WHERE `iso` = "FR"
2024-09-26 14:31:36;UPDATE `pe_loma` SET `id_lot_pdt_froid` = 30864 ,`test_pdt` = 0 ,`commentaire` = "" ,`date_test` = "2024-09-26 14:31:36" ,`id_user_visa` = 1  WHERE `id` = 2918
2024-09-26 14:31:36;INSERT INTO `pe_validations` (`type`,`id_vue`,`id_liaison`) VALUES (3 ,2 ,2918 )
2024-09-26 14:31:36;INSERT IGNORE INTO `pe_validations_lots` (`id_validation`, `id_lot`, `negoce`) VALUES  (11063, 5812, 0)
2024-09-26 14:31:43;UPDATE `pe_froid` SET `test_apres_fe` = 1 ,`test_apres_nfe` = 1 ,`test_apres_inox` = 1  WHERE `id` = 6666
2024-09-26 14:31:43;UPDATE `pe_loma` SET `test_pdt` = 0 ,`commentaire` = "" ,`date_test` = "2024-09-26 14:31:43" ,`id_user_visa` = 1  WHERE `id` = 2919
2024-09-26 14:31:43;INSERT INTO `pe_validations` (`type`,`id_vue`,`id_liaison`) VALUES (3 ,2 ,2919 )
2024-09-26 14:31:43;INSERT IGNORE INTO `pe_validations_lots` (`id_validation`, `id_lot`, `negoce`) VALUES  (11064, 5812, 0)
2024-09-26 14:32:04;UPDATE `pe_langues` SET `actif` = 1 WHERE `iso` = "FR"
2024-09-26 14:32:14;UPDATE `pe_langues` SET `actif` = 1 WHERE `iso` = "FR"
2024-09-26 14:32:32;UPDATE `pe_langues` SET `actif` = 1 WHERE `iso` = "FR"
2024-09-26 14:32:57;UPDATE `pe_langues` SET `actif` = 1 WHERE `iso` = "FR"
2024-09-26 14:36:07;UPDATE `pe_langues` SET `actif` = 1 WHERE `iso` = "FR"
2024-09-26 14:36:15;UPDATE `pe_loma` SET `id_lot_pdt_froid` = 30864 ,`test_pdt` = 0 ,`commentaire` = "" ,`date_test` = "2024-09-26 14:36:15" ,`id_user_visa` = 1  WHERE `id` = 2918
2024-09-26 14:36:15;INSERT INTO `pe_validations` (`type`,`id_vue`,`id_liaison`) VALUES (3 ,2 ,2918 )
2024-09-26 14:36:15;INSERT IGNORE INTO `pe_validations_lots` (`id_validation`, `id_lot`, `negoce`) VALUES  (11065, 5812, 0)
2024-09-26 14:36:24;UPDATE `pe_froid` SET `test_apres_fe` = 1 ,`test_apres_nfe` = 1 ,`test_apres_inox` = 1  WHERE `id` = 6666
2024-09-26 14:36:24;UPDATE `pe_loma` SET `test_pdt` = 0 ,`commentaire` = "" ,`date_test` = "2024-09-26 14:36:24" ,`id_user_visa` = 1  WHERE `id` = 2919
2024-09-26 14:36:24;INSERT INTO `pe_validations` (`type`,`id_vue`,`id_liaison`) VALUES (3 ,2 ,2919 )
2024-09-26 14:36:24;INSERT IGNORE INTO `pe_validations_lots` (`id_validation`, `id_lot`, `negoce`) VALUES  (11066, 5812, 0)
2024-09-26 14:36:24;UPDATE `pe_langues` SET `actif` = 1 WHERE `iso` = "FR"
2024-09-26 14:36:30;DELETE FROM `pe_pvisu_pendant_points` WHERE `id_pvisu_pendant` = 1804
2024-09-26 14:36:30;INSERT IGNORE INTO `pe_pvisu_pendant_points` (`id_pvisu_pendant`, `id_point_controle`, `etat`, `id_pvisu_action`, `fiche_nc`, `id_user`, `date`) VALUES (1804, 24, 1, 0, 0, 1, NOW()),(1804, 25, 1, 0, 0, 1, NOW()),(1804, 26, 1, 0, 0, 1, NOW()),(1804, 27, 1, 0, 0, 1, NOW()),(1804, 28, 1, 0, 0, 1, NOW()),(1804, 29, 1, 0, 0, 1, NOW()),(1804, 30, 1, 0, 0, 1, NOW()),(1804, 31, 1, 0, 0, 1, NOW()),(1804, 32, 1, 0, 0, 1, NOW()),(1804, 33, 1, 0, 0, 1, NOW())
2024-09-26 14:36:30;UPDATE `pe_langues` SET `actif` = 1 WHERE `iso` = "FR"
2024-09-26 14:38:03;UPDATE `pe_validations` SET `validation_id_user` = 1 ,`validation_date` = "2024-09-26- 14:38:03"  WHERE `id` = 11065
2024-09-26 14:38:06;UPDATE `pe_validations` SET `validation_id_user` = 1 ,`validation_date` = "2024-09-26- 14:38:06"  WHERE `id` = 11066
2024-09-26 16:20:07;UPDATE `pe_lots` SET `test_tracabilite` = "2024-09-26 16:20:07"  WHERE `id` = 5812
2024-09-26 16:20:08;UPDATE `pe_lots` SET `test_tracabilite` = ""  WHERE `id` = 5812
2024-09-26 16:20:11;UPDATE `pe_bl_lignes` SET `supprime` = 1 WHERE `supprime` = 0  AND `id_bl` IN (SELECT `id` FROM `pe_bl` WHERE `supprime` = 1)
2024-09-26 16:20:48;UPDATE `pe_langues` SET `actif` = 1 WHERE `iso` = "FR"
2024-09-26 16:21:01;UPDATE `pe_langues` SET `actif` = 1 WHERE `iso` = "FR"
2024-09-26 16:21:20;UPDATE `pe_froid` SET `test_avant_fe` = 1 ,`test_avant_nfe` = 1 ,`test_avant_inox` = 1  WHERE `id` = 6554
2024-09-26 16:21:25;UPDATE `pe_froid` SET `temp_debut` = 1 ,`date_entree` = "2024-09-26 16:21:25" ,`id_user_debut` = 1 ,`id_user_maj` = 1  WHERE `id` = 6554
2024-09-26 16:21:46;UPDATE `pe_froid` SET `date_sortie` = "2024-09-26 16:21:46" ,`id_user_fin` = 1 ,`id_user_maj` = 1  WHERE `id` = 6605
2024-09-26 16:21:49;UPDATE `pe_froid` SET `temp_fin` = 2 ,`id_user_maj` = 1  WHERE `id` = 6605
2024-09-26 16:21:52;UPDATE `pe_froid` SET `test_avant_fe` = 1 ,`test_avant_nfe` = 1 ,`test_avant_inox` = 1  WHERE `id` = 6605
2024-09-26 16:21:59;INSERT INTO `pe_loma` (`id_lot_pdt_froid`,`test_pdt`,`commentaire`,`date_test`,`id_user_visa`) VALUES (31205 ,0 ,"" ,"2024-09-26 16:21:59" ,1 )
2024-09-26 16:21:59;INSERT INTO `pe_validations` (`type`,`id_vue`,`id_liaison`) VALUES (3 ,17 ,2920 )
2024-09-26 16:21:59;INSERT IGNORE INTO `pe_validations_lots` (`id_validation`, `id_lot`, `negoce`) VALUES  (11067, 5694, 0)
2024-09-26 16:22:02;UPDATE `pe_froid` SET `test_apres_fe` = 1 ,`test_apres_nfe` = 1 ,`test_apres_inox` = 1  WHERE `id` = 6605
2024-09-26 16:22:04;UPDATE `pe_froid` SET `statut` = 2 ,`conformite` = 1 ,`date_controle` = "2024-09-26 16:22:04" ,`id_visa_controleur` = 1  WHERE `id` = 6605
2024-09-26 16:22:04;INSERT INTO `pe_validations` (`type`,`id_vue`,`id_liaison`) VALUES (2 ,17 ,6605 )
2024-09-26 16:22:04;INSERT IGNORE INTO `pe_validations_lots` (`id_validation`, `id_lot`, `negoce`) VALUES  (11068, 5694, 0)
2024-09-26 16:22:18;UPDATE `pe_langues` SET `actif` = 1 WHERE `iso` = "FR"
2024-09-26 16:22:24;UPDATE `pe_langues` SET `actif` = 1 WHERE `iso` = "FR"
2024-09-26 16:22:50;UPDATE `pe_langues` SET `actif` = 1 WHERE `iso` = "FR"
2024-09-26 16:23:27;UPDATE `pe_langues` SET `actif` = 1 WHERE `iso` = "FR"
2024-09-26 16:23:42;UPDATE `pe_langues` SET `actif` = 1 WHERE `iso` = "FR"
2024-09-26 16:23:49;UPDATE `pe_langues` SET `actif` = 1 WHERE `iso` = "FR"
2024-09-26 16:23:59;UPDATE `pe_langues` SET `actif` = 1 WHERE `iso` = "FR"
2024-09-26 16:24:40;INSERT INTO `pe_palette_composition` (`poids`,`nb_colis`,`id_produit`,`id_client`,`date`,`id_user`,`id_palette`,`id_lot_pdt_froid`,`supprime`) VALUES (15 ,4 ,30 ,62 ,"2024-09-26 16:24:40" ,1 ,10420 ,0 ,1 )
2024-09-26 16:24:40;INSERT INTO `pe_froid` (`id_type`,`id_user_maj`) VALUES (1 ,1 )
2024-09-26 16:24:40;INSERT IGNORE INTO `pe_lot_vues` (`id_lot`, `id_vue`, `date_entree`) VALUES (5812, 4, "2024-09-26 16:24:40")
2024-09-26 16:24:40;INSERT INTO `pe_froid_produits` (`id_lot`,`id_pdt`,`id_froid`,`id_palette`,`date_add`,`user_add`) VALUES (5812 ,30 ,6667 ,10420 ,"2024-09-26 16:24:40" ,1 )
2024-09-26 16:24:40;UPDATE `pe_lots` SET `date_maj` = "2024-09-26 16:24:40"  WHERE `id` = 5812
2024-09-26 16:24:40;UPDATE `pe_palette_composition` SET `id_lot_pdt_froid` = 31268 ,`supprime` = 0 ,`poids` = 15 ,`nb_colis` = 4  WHERE `id` = 88848
2024-09-26 16:24:40;UPDATE `pe_froid_produits` SET `id_lot` = 5812 ,`id_pdt` = 30 ,`id_froid` = 6667 ,`id_palette` = 10420 ,`date_add` = "2024-09-26 16:24:40" ,`user_add` = 1 ,`poids` = 15 ,`nb_colis` = 4  WHERE `id_lot_pdt_froid` = 31268
2024-09-26 16:24:41;INSERT IGNORE INTO `pe_emballages_prod` (`id_emballage_lot`, `id_lot`, `id_froid`) VALUES (386, 0,6667),(388, 0,6667),(292, 0,6667),(259, 0,6667),(260, 0,6667),(290, 0,6667),(269, 0,6667)
2024-09-26 16:25:04;UPDATE `pe_consommables` SET `stock_actuel` = 0 ,`consomme` = 1  WHERE `id` = 290
2024-09-26 16:25:04;INSERT IGNORE INTO `pe_consommables_histo` (`id_consommable`, `stock_mouvement`, `date`, `user_id`, `id_vue`) 
						VALUES (290, -1, "2024-09-26 16:25:04", 1, 4 )
2024-09-26 16:25:04;UPDATE `pe_consommables` SET `encours` = 0 WHERE `id_famille` = 33
2024-09-26 16:25:04;UPDATE `pe_consommables` SET `encours` = 1  WHERE `id` = 290
2024-09-26 16:25:04;INSERT IGNORE INTO `pe_consommables_changements` (`id_consommable_famille`, `date`) VALUES (33, "2024-09-26");
2024-09-26 16:25:08;UPDATE `pe_palette_composition` SET `supprime` = 1 WHERE `id_lot_pdt_froid` = 0 AND `id_lot_hors_stock` = 0 AND `id_user` = 1
2024-09-26 16:25:08;DELETE FROM `pe_palettes` WHERE `id` IN (9377,1165,1166,1168,1169,1170,1171,1172,1173,1623,1637,1638,1639,1641,1647,1675,1676,1678,1679,1680,1681,1685,1686,1687,1691,1693,2073,2080,2100,2101,2143,2144,2145,2146,2147,2168,2263,2264,2469,2470,2479,2486,2580,2592,2602,2603,2613,2614,2650,2679,2680,2681,2695,2696,2702,2707,2713,2718,2722,2724,2730,2739,2751,2774,2778,2803,2804,2806,2807,2811,2834,2836,2849,2906,2932,2947,2952,2954,2955,2972,2973,2974,2977,2982,2983,3001,3016,3018,3019,3020,3039,3049,3050,3051,3052,3053,3065,3066,3068,3070,3071,3074,3083,3085,3099,3101,3117,3118,3121,3124,3172,3184,3186,3196,3201,3209,3211,3212,3222,3223,3225,3226,3227,3228,3270,3271,3272,3273,3309,3323,3324,3334,3335,3338,3343,3376,3379,3409,3436,3457,3478,3485,3523,3539,3545,3551,3552,3560,3569,3588,3623,3660,3661,3668,3677,3686,3687,3688,3689,3690,3691,3708,3724,3738,3746,3787,3805,3812,3834,3843,3844,3845,3865,3876,3890,3925,3940,3961,3962,3986,3994,4037,4038,4039,4078,4108,4115,4117,4128,4131,4132,4133,4134,4173,4188,4189,4197,4236,4246,4317,4326,4329,4367,4377,4378,4444,4446,4482,4483,4484,4548,4582,4583,4604,4605,4609,4610,4613,4622,4657,4676,4678,4690,4711,4718,4721,4760,4814,4866,4884,4925,4938,4939,4940,4945,4985,4988,5015,5016,5061,5084,5150,5151,5152,5184,5185,5241,5242,5270,5283,5286,5326,5416,5441,5444,5487,5522,5543,5546,5574,5620,5682,5692,5824,5825,5826,5846,5849,5851,5871,5872,5874,5884,5885,5887,5918,5929,5971,5976,5989,5999,6000,6006,6007,6008,6055,6056,6059,6085,6099,6100,6101,6102,6106,6113,6114,6121,6126,6127,6139,6160,6161,6179,6183,6186,6189,6191,6200,6207,6217,6237,6238,6255,6258,6286,6287,6289,6323,6335,6346,6352,6364,6463,6479,6495,6510,6526,6568,6572,6573,6680,6697,6727,6741,6788,6832,6846,6863,6874,6912,6919,6920,6925,6926,6938,6939,6959,6969,6975,6992,7084,7093,7094,7095,7096,7100,7102,7106,7116,7118,7122,7125,7128,7133,7136,7138,7140,7144,7149,7151,7152,7169,7180,7184,7185,7196,7212,7216,7222,7223,7249,7260,7265,7289,7291,7299,7304,7307,7318,7322,7331,7332,7333,7335,7336,7354,7382,7386,7390,7391,7393,7396,7399,7410,7435,7439,7441,7448,7449,7455,7457,7470,7472,7473,7475,7478,7482,7486,7489,7525,7531,7545,7549,7550,7562,7566,7582,7598,7624,7631,7632,7637,7640,7645,7646,7647,7650,7651,7660,7661,7664,7665,7666,7678,7679,7681,7682,7683,7684,7692,7693,7695,7700,7703,7705,7718,7724,7747,7748,7749,7750,7751,7754,7756,7777,7778,7779,7780,7785,7786,7787,7788,7790,7795,7799,7807,7817,7818,7827,7830,7832,7834,7835,7840,7841,7842,7843,7850,7855,7859,7869,7874,7875,7878,7879,7880,7886,7887,7892,7896,7897,7906,7916,7920,7927,7932,7933,7935,7937,7944,7945,7954,7977,7978,7999,8001,8003,8004,8005,8014,8041,8054,8056,8057,8062,8069,8076,8078,8098,8107,8117,8119,8120,8123,8130,8132,8143,8146,8171,8175,8183,8187,8189,8199,8200,8202,8203,8205,8207,8236,8238,8246,8250,8251,8253,8255,8258,8267,8268,8271,8277,8278,8280,8282,8288,8289,8310,8317,8325,8326,8356,8362,8363,8365,8366,8368,8374,8378,8382,8383,8384,8385,8424,8426,8427,8428,8430,8435,8441,8444,8448,8449,8450,8451,8452,8483,8484,8486,8488,8491,8493,8499,8500,8510,8514,8533,8535,8539,8540,8543,8550,8551,8552,8556,8561,8566,8568,8587,8591,8597,8598,8604,8619,8621,8627,8635,8636,8641,8642,8646,8649,8654,8658,8663,8665,8688,8690,8693,8696,8697,8698,8699,8701,8702,8703,8710,8711,8737,8746,8748,8749,8753,8756,8759,8765,8774,8784,8800,8809,8810,8819,8820,8833,8834,8862,8865,8885,8887,8888,8901,8903,8926,8927,8940,8941,8948,8951,8952,8954,8956,8963,8980,8982,8999,9007,9013,9014,9015,9017,9026,9037,9050,9056,9058,9067,9083,9085,9086,9100,9105,9106,9107,9112,9116,9119,9120,9121,9122,9147,9155,9169,9175,9196,9205,9207,9208,9209,9211,9215,9229,9241,9242,9243,9247,9249,9250,9251,9255,9258,9264,9268,9278,9291,9292,9295,9296,9299,9304,9311,9313,9321,9343,9345,9349,9350,9356,9363,9364,9375,9376,9380,9384,9407,9411,9414,9416,9418,9420,9424,9426,9427,9429,9438,9462,9466,9468,9474,9475,9480,9490,9491,9517,9518,9519,9521,9523,9525,9536,9553,9554,9567,9572,9576,9579,9585,9590,9593,9600,9621,9625,9627,9629,9631,9637,9639,9646,9652,9680,9682,9687,9691,9697,9698,9707,9733,9734,9735,9737,9743,9744,9746,9747,9749,9751,9754,9755,9786,9787,9796,9798,9802,9809,9810,9813,9814,9833,9834,9835,9840,9844,9848,9849,9853,9855,9857,9867,9869,9873,9887,9894,9897,9900,9906,9928,9930,9931,9942,9943,9946,9950,9951,9963,9971,9975,9976,9991,9992,9996,10000,10003,10004,10008,10009,10010,10018,10019,10026,10027,10038,10040,10044,10046,10050,10056,10061,10067,10076,10081,10098,10104,10115,10116,10118,10121,10143,10144,10146,10148,10151,10154,10155,10157,10159,10161,10164,10180,10182,10186,10187,10195,10196,10197,10199,10200,10202,10207,10209,10213,10215,10216,10217,10236,10240,10242,10243,10244,10248,10272,10274,10275,10276,10278,10284,10285,10287,10292,10295,10296,10297,10298,10299,10303,10304,10313,10331,10336,10343,10346,10352,10355,10356,10362,10363,10364,10367,10372,10373,10389,10391,10392,10395,10403,10407,10409,10412,10415,10416,10417,10421,10422,10443,10448,10450,10463,10465,10467,10474,10476,10480,10504,10506,10508,10514,10516,10518,10525,10528,10529,10530,10536,10566,10567,10570,10578,10583,10591,10593) AND `id_user` = 1
2024-09-26 16:25:18;UPDATE `pe_palette_composition` SET `supprime` = 1 WHERE `id_lot_pdt_froid` = 0 AND `id_lot_hors_stock` = 0 AND `id_user` = 1
2024-09-26 16:25:18;DELETE FROM `pe_palettes` WHERE `id` IN (9377,1165,1166,1168,1169,1170,1171,1172,1173,1623,1637,1638,1639,1641,1647,1675,1676,1678,1679,1680,1681,1685,1686,1687,1691,1693,2073,2080,2100,2101,2143,2144,2145,2146,2147,2168,2263,2264,2469,2470,2479,2486,2580,2592,2602,2603,2613,2614,2650,2679,2680,2681,2695,2696,2702,2707,2713,2718,2722,2724,2730,2739,2751,2774,2778,2803,2804,2806,2807,2811,2834,2836,2849,2906,2932,2947,2952,2954,2955,2972,2973,2974,2977,2982,2983,3001,3016,3018,3019,3020,3039,3049,3050,3051,3052,3053,3065,3066,3068,3070,3071,3074,3083,3085,3099,3101,3117,3118,3121,3124,3172,3184,3186,3196,3201,3209,3211,3212,3222,3223,3225,3226,3227,3228,3270,3271,3272,3273,3309,3323,3324,3334,3335,3338,3343,3376,3379,3409,3436,3457,3478,3485,3523,3539,3545,3551,3552,3560,3569,3588,3623,3660,3661,3668,3677,3686,3687,3688,3689,3690,3691,3708,3724,3738,3746,3787,3805,3812,3834,3843,3844,3845,3865,3876,3890,3925,3940,3961,3962,3986,3994,4037,4038,4039,4078,4108,4115,4117,4128,4131,4132,4133,4134,4173,4188,4189,4197,4236,4246,4317,4326,4329,4367,4377,4378,4444,4446,4482,4483,4484,4548,4582,4583,4604,4605,4609,4610,4613,4622,4657,4676,4678,4690,4711,4718,4721,4760,4814,4866,4884,4925,4938,4939,4940,4945,4985,4988,5015,5016,5061,5084,5150,5151,5152,5184,5185,5241,5242,5270,5283,5286,5326,5416,5441,5444,5487,5522,5543,5546,5574,5620,5682,5692,5824,5825,5826,5846,5849,5851,5871,5872,5874,5884,5885,5887,5918,5929,5971,5976,5989,5999,6000,6006,6007,6008,6055,6056,6059,6085,6099,6100,6101,6102,6106,6113,6114,6121,6126,6127,6139,6160,6161,6179,6183,6186,6189,6191,6200,6207,6217,6237,6238,6255,6258,6286,6287,6289,6323,6335,6346,6352,6364,6463,6479,6495,6510,6526,6568,6572,6573,6680,6697,6727,6741,6788,6832,6846,6863,6874,6912,6919,6920,6925,6926,6938,6939,6959,6969,6975,6992,7084,7093,7094,7095,7096,7100,7102,7106,7116,7118,7122,7125,7128,7133,7136,7138,7140,7144,7149,7151,7152,7169,7180,7184,7185,7196,7212,7216,7222,7223,7249,7260,7265,7289,7291,7299,7304,7307,7318,7322,7331,7332,7333,7335,7336,7354,7382,7386,7390,7391,7393,7396,7399,7410,7435,7439,7441,7448,7449,7455,7457,7470,7472,7473,7475,7478,7482,7486,7489,7525,7531,7545,7549,7550,7562,7566,7582,7598,7624,7631,7632,7637,7640,7645,7646,7647,7650,7651,7660,7661,7664,7665,7666,7678,7679,7681,7682,7683,7684,7692,7693,7695,7700,7703,7705,7718,7724,7747,7748,7749,7750,7751,7754,7756,7777,7778,7779,7780,7785,7786,7787,7788,7790,7795,7799,7807,7817,7818,7827,7830,7832,7834,7835,7840,7841,7842,7843,7850,7855,7859,7869,7874,7875,7878,7879,7880,7886,7887,7892,7896,7897,7906,7916,7920,7927,7932,7933,7935,7937,7944,7945,7954,7977,7978,7999,8001,8003,8004,8005,8014,8041,8054,8056,8057,8062,8069,8076,8078,8098,8107,8117,8119,8120,8123,8130,8132,8143,8146,8171,8175,8183,8187,8189,8199,8200,8202,8203,8205,8207,8236,8238,8246,8250,8251,8253,8255,8258,8267,8268,8271,8277,8278,8280,8282,8288,8289,8310,8317,8325,8326,8356,8362,8363,8365,8366,8368,8374,8378,8382,8383,8384,8385,8424,8426,8427,8428,8430,8435,8441,8444,8448,8449,8450,8451,8452,8483,8484,8486,8488,8491,8493,8499,8500,8510,8514,8533,8535,8539,8540,8543,8550,8551,8552,8556,8561,8566,8568,8587,8591,8597,8598,8604,8619,8621,8627,8635,8636,8641,8642,8646,8649,8654,8658,8663,8665,8688,8690,8693,8696,8697,8698,8699,8701,8702,8703,8710,8711,8737,8746,8748,8749,8753,8756,8759,8765,8774,8784,8800,8809,8810,8819,8820,8833,8834,8862,8865,8885,8887,8888,8901,8903,8926,8927,8940,8941,8948,8951,8952,8954,8956,8963,8980,8982,8999,9007,9013,9014,9015,9017,9026,9037,9050,9056,9058,9067,9083,9085,9086,9100,9105,9106,9107,9112,9116,9119,9120,9121,9122,9147,9155,9169,9175,9196,9205,9207,9208,9209,9211,9215,9229,9241,9242,9243,9247,9249,9250,9251,9255,9258,9264,9268,9278,9291,9292,9295,9296,9299,9304,9311,9313,9321,9343,9345,9349,9350,9356,9363,9364,9375,9376,9380,9384,9407,9411,9414,9416,9418,9420,9424,9426,9427,9429,9438,9462,9466,9468,9474,9475,9480,9490,9491,9517,9518,9519,9521,9523,9525,9536,9553,9554,9567,9572,9576,9579,9585,9590,9593,9600,9621,9625,9627,9629,9631,9637,9639,9646,9652,9680,9682,9687,9691,9697,9698,9707,9733,9734,9735,9737,9743,9744,9746,9747,9749,9751,9754,9755,9786,9787,9796,9798,9802,9809,9810,9813,9814,9833,9834,9835,9840,9844,9848,9849,9853,9855,9857,9867,9869,9873,9887,9894,9897,9900,9906,9928,9930,9931,9942,9943,9946,9950,9951,9963,9971,9975,9976,9991,9992,9996,10000,10003,10004,10008,10009,10010,10018,10019,10026,10027,10038,10040,10044,10046,10050,10056,10061,10067,10076,10081,10098,10104,10115,10116,10118,10121,10143,10144,10146,10148,10151,10154,10155,10157,10159,10161,10164,10180,10182,10186,10187,10195,10196,10197,10199,10200,10202,10207,10209,10213,10215,10216,10217,10236,10240,10242,10243,10244,10248,10272,10274,10275,10276,10278,10284,10285,10287,10292,10295,10296,10297,10298,10299,10303,10304,10313,10331,10336,10343,10346,10352,10355,10356,10362,10363,10364,10367,10372,10373,10389,10391,10392,10395,10403,10407,10409,10412,10415,10416,10417,10421,10422,10443,10448,10450,10463,10465,10467,10474,10476,10480,10504,10506,10508,10514,10516,10518,10525,10528,10529,10530,10536,10566,10567,10570,10578,10583,10591,10593) AND `id_user` = 1
2024-09-26 16:25:19;UPDATE `pe_langues` SET `actif` = 1 WHERE `iso` = "FR"
2024-09-26 16:25:34;UPDATE `pe_froid` SET `supprime` = 1 ,`id_user_maj` = 1  WHERE `id` = 6537
2024-09-26 16:25:37;UPDATE `pe_palette_composition` SET `supprime` = 1 WHERE `id_lot_pdt_froid` = 0 AND `id_lot_hors_stock` = 0 AND `id_user` = 1
2024-09-26 16:25:37;DELETE FROM `pe_palettes` WHERE `id` IN (9377,1165,1166,1168,1169,1170,1171,1172,1173,1623,1637,1638,1639,1641,1647,1675,1676,1678,1679,1680,1681,1685,1686,1687,1691,1693,2073,2080,2100,2101,2143,2144,2145,2146,2147,2168,2263,2264,2469,2470,2479,2486,2580,2592,2602,2603,2613,2614,2650,2679,2680,2681,2695,2696,2702,2707,2713,2718,2722,2724,2730,2739,2751,2774,2778,2803,2804,2806,2807,2811,2834,2836,2849,2906,2932,2947,2952,2954,2955,2972,2973,2974,2977,2982,2983,3001,3016,3018,3019,3020,3039,3049,3050,3051,3052,3053,3065,3066,3068,3070,3071,3074,3083,3085,3099,3101,3117,3118,3121,3124,3172,3184,3186,3196,3201,3209,3211,3212,3222,3223,3225,3226,3227,3228,3270,3271,3272,3273,3309,3323,3324,3334,3335,3338,3343,3376,3379,3409,3436,3457,3478,3485,3523,3539,3545,3551,3552,3560,3569,3588,3623,3660,3661,3668,3677,3686,3687,3688,3689,3690,3691,3708,3724,3738,3746,3787,3805,3812,3834,3843,3844,3845,3865,3876,3890,3925,3940,3961,3962,3986,3994,4037,4038,4039,4078,4108,4115,4117,4128,4131,4132,4133,4134,4173,4188,4189,4197,4236,4246,4317,4326,4329,4367,4377,4378,4444,4446,4482,4483,4484,4548,4582,4583,4604,4605,4609,4610,4613,4622,4657,4676,4678,4690,4711,4718,4721,4760,4814,4866,4884,4925,4938,4939,4940,4945,4985,4988,5015,5016,5061,5084,5150,5151,5152,5184,5185,5241,5242,5270,5283,5286,5326,5416,5441,5444,5487,5522,5543,5546,5574,5620,5682,5692,5824,5825,5826,5846,5849,5851,5871,5872,5874,5884,5885,5887,5918,5929,5971,5976,5989,5999,6000,6006,6007,6008,6055,6056,6059,6085,6099,6100,6101,6102,6106,6113,6114,6121,6126,6127,6139,6160,6161,6179,6183,6186,6189,6191,6200,6207,6217,6237,6238,6255,6258,6286,6287,6289,6323,6335,6346,6352,6364,6463,6479,6495,6510,6526,6568,6572,6573,6680,6697,6727,6741,6788,6832,6846,6863,6874,6912,6919,6920,6925,6926,6938,6939,6959,6969,6975,6992,7084,7093,7094,7095,7096,7100,7102,7106,7116,7118,7122,7125,7128,7133,7136,7138,7140,7144,7149,7151,7152,7169,7180,7184,7185,7196,7212,7216,7222,7223,7249,7260,7265,7289,7291,7299,7304,7307,7318,7322,7331,7332,7333,7335,7336,7354,7382,7386,7390,7391,7393,7396,7399,7410,7435,7439,7441,7448,7449,7455,7457,7470,7472,7473,7475,7478,7482,7486,7489,7525,7531,7545,7549,7550,7562,7566,7582,7598,7624,7631,7632,7637,7640,7645,7646,7647,7650,7651,7660,7661,7664,7665,7666,7678,7679,7681,7682,7683,7684,7692,7693,7695,7700,7703,7705,7718,7724,7747,7748,7749,7750,7751,7754,7756,7777,7778,7779,7780,7785,7786,7787,7788,7790,7795,7799,7807,7817,7818,7827,7830,7832,7834,7835,7840,7841,7842,7843,7850,7855,7859,7869,7874,7875,7878,7879,7880,7886,7887,7892,7896,7897,7906,7916,7920,7927,7932,7933,7935,7937,7944,7945,7954,7977,7978,7999,8001,8003,8004,8005,8014,8041,8054,8056,8057,8062,8069,8076,8078,8098,8107,8117,8119,8120,8123,8130,8132,8143,8146,8171,8175,8183,8187,8189,8199,8200,8202,8203,8205,8207,8236,8238,8246,8250,8251,8253,8255,8258,8267,8268,8271,8277,8278,8280,8282,8288,8289,8310,8317,8325,8326,8356,8362,8363,8365,8366,8368,8374,8378,8382,8383,8384,8385,8424,8426,8427,8428,8430,8435,8441,8444,8448,8449,8450,8451,8452,8483,8484,8486,8488,8491,8493,8499,8500,8510,8514,8533,8535,8539,8540,8543,8550,8551,8552,8556,8561,8566,8568,8587,8591,8597,8598,8604,8619,8621,8627,8635,8636,8641,8642,8646,8649,8654,8658,8663,8665,8688,8690,8693,8696,8697,8698,8699,8701,8702,8703,8710,8711,8737,8746,8748,8749,8753,8756,8759,8765,8774,8784,8800,8809,8810,8819,8820,8833,8834,8862,8865,8885,8887,8888,8901,8903,8926,8927,8940,8941,8948,8951,8952,8954,8956,8963,8980,8982,8999,9007,9013,9014,9015,9017,9026,9037,9050,9056,9058,9067,9083,9085,9086,9100,9105,9106,9107,9112,9116,9119,9120,9121,9122,9147,9155,9169,9175,9196,9205,9207,9208,9209,9211,9215,9229,9241,9242,9243,9247,9249,9250,9251,9255,9258,9264,9268,9278,9291,9292,9295,9296,9299,9304,9311,9313,9321,9343,9345,9349,9350,9356,9363,9364,9375,9376,9380,9384,9407,9411,9414,9416,9418,9420,9424,9426,9427,9429,9438,9462,9466,9468,9474,9475,9480,9490,9491,9517,9518,9519,9521,9523,9525,9536,9553,9554,9567,9572,9576,9579,9585,9590,9593,9600,9621,9625,9627,9629,9631,9637,9639,9646,9652,9680,9682,9687,9691,9697,9698,9707,9733,9734,9735,9737,9743,9744,9746,9747,9749,9751,9754,9755,9786,9787,9796,9798,9802,9809,9810,9813,9814,9833,9834,9835,9840,9844,9848,9849,9853,9855,9857,9867,9869,9873,9887,9894,9897,9900,9906,9928,9930,9931,9942,9943,9946,9950,9951,9963,9971,9975,9976,9991,9992,9996,10000,10003,10004,10008,10009,10010,10018,10019,10026,10027,10038,10040,10044,10046,10050,10056,10061,10067,10076,10081,10098,10104,10115,10116,10118,10121,10143,10144,10146,10148,10151,10154,10155,10157,10159,10161,10164,10180,10182,10186,10187,10195,10196,10197,10199,10200,10202,10207,10209,10213,10215,10216,10217,10236,10240,10242,10243,10244,10248,10272,10274,10275,10276,10278,10284,10285,10287,10292,10295,10296,10297,10298,10299,10303,10304,10313,10331,10336,10343,10346,10352,10355,10356,10362,10363,10364,10367,10372,10373,10389,10391,10392,10395,10403,10407,10409,10412,10415,10416,10417,10421,10422,10443,10448,10450,10463,10465,10467,10474,10476,10480,10504,10506,10508,10514,10516,10518,10525,10528,10529,10530,10536,10566,10567,10570,10578,10583,10591,10593) AND `id_user` = 1
2024-09-26 16:25:39;UPDATE `pe_langues` SET `actif` = 1 WHERE `iso` = "FR"
2024-09-26 16:25:47;UPDATE `pe_palette_composition` SET `supprime` = 1 WHERE `id_lot_pdt_froid` = 0 AND `id_lot_hors_stock` = 0 AND `id_user` = 1
2024-09-26 16:25:48;DELETE FROM `pe_palettes` WHERE `id` IN (9377,1165,1166,1168,1169,1170,1171,1172,1173,1623,1637,1638,1639,1641,1647,1675,1676,1678,1679,1680,1681,1685,1686,1687,1691,1693,2073,2080,2100,2101,2143,2144,2145,2146,2147,2168,2263,2264,2469,2470,2479,2486,2580,2592,2602,2603,2613,2614,2650,2679,2680,2681,2695,2696,2702,2707,2713,2718,2722,2724,2730,2739,2751,2774,2778,2803,2804,2806,2807,2811,2834,2836,2849,2906,2932,2947,2952,2954,2955,2972,2973,2974,2977,2982,2983,3001,3016,3018,3019,3020,3039,3049,3050,3051,3052,3053,3065,3066,3068,3070,3071,3074,3083,3085,3099,3101,3117,3118,3121,3124,3172,3184,3186,3196,3201,3209,3211,3212,3222,3223,3225,3226,3227,3228,3270,3271,3272,3273,3309,3323,3324,3334,3335,3338,3343,3376,3379,3409,3436,3457,3478,3485,3523,3539,3545,3551,3552,3560,3569,3588,3623,3660,3661,3668,3677,3686,3687,3688,3689,3690,3691,3708,3724,3738,3746,3787,3805,3812,3834,3843,3844,3845,3865,3876,3890,3925,3940,3961,3962,3986,3994,4037,4038,4039,4078,4108,4115,4117,4128,4131,4132,4133,4134,4173,4188,4189,4197,4236,4246,4317,4326,4329,4367,4377,4378,4444,4446,4482,4483,4484,4548,4582,4583,4604,4605,4609,4610,4613,4622,4657,4676,4678,4690,4711,4718,4721,4760,4814,4866,4884,4925,4938,4939,4940,4945,4985,4988,5015,5016,5061,5084,5150,5151,5152,5184,5185,5241,5242,5270,5283,5286,5326,5416,5441,5444,5487,5522,5543,5546,5574,5620,5682,5692,5824,5825,5826,5846,5849,5851,5871,5872,5874,5884,5885,5887,5918,5929,5971,5976,5989,5999,6000,6006,6007,6008,6055,6056,6059,6085,6099,6100,6101,6102,6106,6113,6114,6121,6126,6127,6139,6160,6161,6179,6183,6186,6189,6191,6200,6207,6217,6237,6238,6255,6258,6286,6287,6289,6323,6335,6346,6352,6364,6463,6479,6495,6510,6526,6568,6572,6573,6680,6697,6727,6741,6788,6832,6846,6863,6874,6912,6919,6920,6925,6926,6938,6939,6959,6969,6975,6992,7084,7093,7094,7095,7096,7100,7102,7106,7116,7118,7122,7125,7128,7133,7136,7138,7140,7144,7149,7151,7152,7169,7180,7184,7185,7196,7212,7216,7222,7223,7249,7260,7265,7289,7291,7299,7304,7307,7318,7322,7331,7332,7333,7335,7336,7354,7382,7386,7390,7391,7393,7396,7399,7410,7435,7439,7441,7448,7449,7455,7457,7470,7472,7473,7475,7478,7482,7486,7489,7525,7531,7545,7549,7550,7562,7566,7582,7598,7624,7631,7632,7637,7640,7645,7646,7647,7650,7651,7660,7661,7664,7665,7666,7678,7679,7681,7682,7683,7684,7692,7693,7695,7700,7703,7705,7718,7724,7747,7748,7749,7750,7751,7754,7756,7777,7778,7779,7780,7785,7786,7787,7788,7790,7795,7799,7807,7817,7818,7827,7830,7832,7834,7835,7840,7841,7842,7843,7850,7855,7859,7869,7874,7875,7878,7879,7880,7886,7887,7892,7896,7897,7906,7916,7920,7927,7932,7933,7935,7937,7944,7945,7954,7977,7978,7999,8001,8003,8004,8005,8014,8041,8054,8056,8057,8062,8069,8076,8078,8098,8107,8117,8119,8120,8123,8130,8132,8143,8146,8171,8175,8183,8187,8189,8199,8200,8202,8203,8205,8207,8236,8238,8246,8250,8251,8253,8255,8258,8267,8268,8271,8277,8278,8280,8282,8288,8289,8310,8317,8325,8326,8356,8362,8363,8365,8366,8368,8374,8378,8382,8383,8384,8385,8424,8426,8427,8428,8430,8435,8441,8444,8448,8449,8450,8451,8452,8483,8484,8486,8488,8491,8493,8499,8500,8510,8514,8533,8535,8539,8540,8543,8550,8551,8552,8556,8561,8566,8568,8587,8591,8597,8598,8604,8619,8621,8627,8635,8636,8641,8642,8646,8649,8654,8658,8663,8665,8688,8690,8693,8696,8697,8698,8699,8701,8702,8703,8710,8711,8737,8746,8748,8749,8753,8756,8759,8765,8774,8784,8800,8809,8810,8819,8820,8833,8834,8862,8865,8885,8887,8888,8901,8903,8926,8927,8940,8941,8948,8951,8952,8954,8956,8963,8980,8982,8999,9007,9013,9014,9015,9017,9026,9037,9050,9056,9058,9067,9083,9085,9086,9100,9105,9106,9107,9112,9116,9119,9120,9121,9122,9147,9155,9169,9175,9196,9205,9207,9208,9209,9211,9215,9229,9241,9242,9243,9247,9249,9250,9251,9255,9258,9264,9268,9278,9291,9292,9295,9296,9299,9304,9311,9313,9321,9343,9345,9349,9350,9356,9363,9364,9375,9376,9380,9384,9407,9411,9414,9416,9418,9420,9424,9426,9427,9429,9438,9462,9466,9468,9474,9475,9480,9490,9491,9517,9518,9519,9521,9523,9525,9536,9553,9554,9567,9572,9576,9579,9585,9590,9593,9600,9621,9625,9627,9629,9631,9637,9639,9646,9652,9680,9682,9687,9691,9697,9698,9707,9733,9734,9735,9737,9743,9744,9746,9747,9749,9751,9754,9755,9786,9787,9796,9798,9802,9809,9810,9813,9814,9833,9834,9835,9840,9844,9848,9849,9853,9855,9857,9867,9869,9873,9887,9894,9897,9900,9906,9928,9930,9931,9942,9943,9946,9950,9951,9963,9971,9975,9976,9991,9992,9996,10000,10003,10004,10008,10009,10010,10018,10019,10026,10027,10038,10040,10044,10046,10050,10056,10061,10067,10076,10081,10098,10104,10115,10116,10118,10121,10143,10144,10146,10148,10151,10154,10155,10157,10159,10161,10164,10180,10182,10186,10187,10195,10196,10197,10199,10200,10202,10207,10209,10213,10215,10216,10217,10236,10240,10242,10243,10244,10248,10272,10274,10275,10276,10278,10284,10285,10287,10292,10295,10296,10297,10298,10299,10303,10304,10313,10331,10336,10343,10346,10352,10355,10356,10362,10363,10364,10367,10372,10373,10389,10391,10392,10395,10403,10407,10409,10412,10415,10416,10417,10421,10422,10443,10448,10450,10463,10465,10467,10474,10476,10480,10504,10506,10508,10514,10516,10518,10525,10528,10529,10530,10536,10566,10567,10570,10578,10583,10591,10593) AND `id_user` = 1
2024-09-26 16:26:14;UPDATE `pe_froid_produits` SET `date_maj` = "2024-09-26 16:26:14" ,`user_maj` = 1 ,`attente` = 1  WHERE `id_lot_pdt_froid` = 31268
2024-09-26 16:26:15;UPDATE `pe_palette_composition` SET `supprime` = 1 WHERE `id_lot_pdt_froid` = 0 AND `id_lot_hors_stock` = 0 AND `id_user` = 1
2024-09-26 16:26:15;DELETE FROM `pe_palettes` WHERE `id` IN (9377,1165,1166,1168,1169,1170,1171,1172,1173,1623,1637,1638,1639,1641,1647,1675,1676,1678,1679,1680,1681,1685,1686,1687,1691,1693,2073,2080,2100,2101,2143,2144,2145,2146,2147,2168,2263,2264,2469,2470,2479,2486,2580,2592,2602,2603,2613,2614,2650,2679,2680,2681,2695,2696,2702,2707,2713,2718,2722,2724,2730,2739,2751,2774,2778,2803,2804,2806,2807,2811,2834,2836,2849,2906,2932,2947,2952,2954,2955,2972,2973,2974,2977,2982,2983,3001,3016,3018,3019,3020,3039,3049,3050,3051,3052,3053,3065,3066,3068,3070,3071,3074,3083,3085,3099,3101,3117,3118,3121,3124,3172,3184,3186,3196,3201,3209,3211,3212,3222,3223,3225,3226,3227,3228,3270,3271,3272,3273,3309,3323,3324,3334,3335,3338,3343,3376,3379,3409,3436,3457,3478,3485,3523,3539,3545,3551,3552,3560,3569,3588,3623,3660,3661,3668,3677,3686,3687,3688,3689,3690,3691,3708,3724,3738,3746,3787,3805,3812,3834,3843,3844,3845,3865,3876,3890,3925,3940,3961,3962,3986,3994,4037,4038,4039,4078,4108,4115,4117,4128,4131,4132,4133,4134,4173,4188,4189,4197,4236,4246,4317,4326,4329,4367,4377,4378,4444,4446,4482,4483,4484,4548,4582,4583,4604,4605,4609,4610,4613,4622,4657,4676,4678,4690,4711,4718,4721,4760,4814,4866,4884,4925,4938,4939,4940,4945,4985,4988,5015,5016,5061,5084,5150,5151,5152,5184,5185,5241,5242,5270,5283,5286,5326,5416,5441,5444,5487,5522,5543,5546,5574,5620,5682,5692,5824,5825,5826,5846,5849,5851,5871,5872,5874,5884,5885,5887,5918,5929,5971,5976,5989,5999,6000,6006,6007,6008,6055,6056,6059,6085,6099,6100,6101,6102,6106,6113,6114,6121,6126,6127,6139,6160,6161,6179,6183,6186,6189,6191,6200,6207,6217,6237,6238,6255,6258,6286,6287,6289,6323,6335,6346,6352,6364,6463,6479,6495,6510,6526,6568,6572,6573,6680,6697,6727,6741,6788,6832,6846,6863,6874,6912,6919,6920,6925,6926,6938,6939,6959,6969,6975,6992,7084,7093,7094,7095,7096,7100,7102,7106,7116,7118,7122,7125,7128,7133,7136,7138,7140,7144,7149,7151,7152,7169,7180,7184,7185,7196,7212,7216,7222,7223,7249,7260,7265,7289,7291,7299,7304,7307,7318,7322,7331,7332,7333,7335,7336,7354,7382,7386,7390,7391,7393,7396,7399,7410,7435,7439,7441,7448,7449,7455,7457,7470,7472,7473,7475,7478,7482,7486,7489,7525,7531,7545,7549,7550,7562,7566,7582,7598,7624,7631,7632,7637,7640,7645,7646,7647,7650,7651,7660,7661,7664,7665,7666,7678,7679,7681,7682,7683,7684,7692,7693,7695,7700,7703,7705,7718,7724,7747,7748,7749,7750,7751,7754,7756,7777,7778,7779,7780,7785,7786,7787,7788,7790,7795,7799,7807,7817,7818,7827,7830,7832,7834,7835,7840,7841,7842,7843,7850,7855,7859,7869,7874,7875,7878,7879,7880,7886,7887,7892,7896,7897,7906,7916,7920,7927,7932,7933,7935,7937,7944,7945,7954,7977,7978,7999,8001,8003,8004,8005,8014,8041,8054,8056,8057,8062,8069,8076,8078,8098,8107,8117,8119,8120,8123,8130,8132,8143,8146,8171,8175,8183,8187,8189,8199,8200,8202,8203,8205,8207,8236,8238,8246,8250,8251,8253,8255,8258,8267,8268,8271,8277,8278,8280,8282,8288,8289,8310,8317,8325,8326,8356,8362,8363,8365,8366,8368,8374,8378,8382,8383,8384,8385,8424,8426,8427,8428,8430,8435,8441,8444,8448,8449,8450,8451,8452,8483,8484,8486,8488,8491,8493,8499,8500,8510,8514,8533,8535,8539,8540,8543,8550,8551,8552,8556,8561,8566,8568,8587,8591,8597,8598,8604,8619,8621,8627,8635,8636,8641,8642,8646,8649,8654,8658,8663,8665,8688,8690,8693,8696,8697,8698,8699,8701,8702,8703,8710,8711,8737,8746,8748,8749,8753,8756,8759,8765,8774,8784,8800,8809,8810,8819,8820,8833,8834,8862,8865,8885,8887,8888,8901,8903,8926,8927,8940,8941,8948,8951,8952,8954,8956,8963,8980,8982,8999,9007,9013,9014,9015,9017,9026,9037,9050,9056,9058,9067,9083,9085,9086,9100,9105,9106,9107,9112,9116,9119,9120,9121,9122,9147,9155,9169,9175,9196,9205,9207,9208,9209,9211,9215,9229,9241,9242,9243,9247,9249,9250,9251,9255,9258,9264,9268,9278,9291,9292,9295,9296,9299,9304,9311,9313,9321,9343,9345,9349,9350,9356,9363,9364,9375,9376,9380,9384,9407,9411,9414,9416,9418,9420,9424,9426,9427,9429,9438,9462,9466,9468,9474,9475,9480,9490,9491,9517,9518,9519,9521,9523,9525,9536,9553,9554,9567,9572,9576,9579,9585,9590,9593,9600,9621,9625,9627,9629,9631,9637,9639,9646,9652,9680,9682,9687,9691,9697,9698,9707,9733,9734,9735,9737,9743,9744,9746,9747,9749,9751,9754,9755,9786,9787,9796,9798,9802,9809,9810,9813,9814,9833,9834,9835,9840,9844,9848,9849,9853,9855,9857,9867,9869,9873,9887,9894,9897,9900,9906,9928,9930,9931,9942,9943,9946,9950,9951,9963,9971,9975,9976,9991,9992,9996,10000,10003,10004,10008,10009,10010,10018,10019,10026,10027,10038,10040,10044,10046,10050,10056,10061,10067,10076,10081,10098,10104,10115,10116,10118,10121,10143,10144,10146,10148,10151,10154,10155,10157,10159,10161,10164,10180,10182,10186,10187,10195,10196,10197,10199,10200,10202,10207,10209,10213,10215,10216,10217,10236,10240,10242,10243,10244,10248,10272,10274,10275,10276,10278,10284,10285,10287,10292,10295,10296,10297,10298,10299,10303,10304,10313,10331,10336,10343,10346,10352,10355,10356,10362,10363,10364,10367,10372,10373,10389,10391,10392,10395,10403,10407,10409,10412,10415,10416,10417,10421,10422,10443,10448,10450,10463,10465,10467,10474,10476,10480,10504,10506,10508,10514,10516,10518,10525,10528,10529,10530,10536,10566,10567,10570,10578,10583,10591,10593) AND `id_user` = 1
2024-09-26 16:26:23;INSERT INTO `pe_palette_composition` (`poids`,`nb_colis`,`id_produit`,`id_client`,`date`,`id_user`,`id_palette`,`id_lot_pdt_froid`,`supprime`) VALUES (15 ,4 ,30 ,62 ,"2024-09-26 16:26:23" ,1 ,10420 ,31268 ,0 )
2024-09-26 16:26:23;UPDATE `pe_froid_produits` SET `attente` = 0 ,`id_froid` = 6667 ,`id_palette` = 10420  WHERE `id_lot_pdt_froid` = 31268
2024-09-26 16:26:23;UPDATE `pe_palette_composition` SET `supprime` = 0  WHERE `id` = 88848
2024-09-26 16:26:24;UPDATE `pe_palette_composition` SET `supprime` = 1 WHERE `id_lot_pdt_froid` = 0 AND `id_lot_hors_stock` = 0 AND `id_user` = 1
2024-09-26 16:26:24;DELETE FROM `pe_palettes` WHERE `id` IN (9377,1165,1166,1168,1169,1170,1171,1172,1173,1623,1637,1638,1639,1641,1647,1675,1676,1678,1679,1680,1681,1685,1686,1687,1691,1693,2073,2080,2100,2101,2143,2144,2145,2146,2147,2168,2263,2264,2469,2470,2479,2486,2580,2592,2602,2603,2613,2614,2650,2679,2680,2681,2695,2696,2702,2707,2713,2718,2722,2724,2730,2739,2751,2774,2778,2803,2804,2806,2807,2811,2834,2836,2849,2906,2932,2947,2952,2954,2955,2972,2973,2974,2977,2982,2983,3001,3016,3018,3019,3020,3039,3049,3050,3051,3052,3053,3065,3066,3068,3070,3071,3074,3083,3085,3099,3101,3117,3118,3121,3124,3172,3184,3186,3196,3201,3209,3211,3212,3222,3223,3225,3226,3227,3228,3270,3271,3272,3273,3309,3323,3324,3334,3335,3338,3343,3376,3379,3409,3436,3457,3478,3485,3523,3539,3545,3551,3552,3560,3569,3588,3623,3660,3661,3668,3677,3686,3687,3688,3689,3690,3691,3708,3724,3738,3746,3787,3805,3812,3834,3843,3844,3845,3865,3876,3890,3925,3940,3961,3962,3986,3994,4037,4038,4039,4078,4108,4115,4117,4128,4131,4132,4133,4134,4173,4188,4189,4197,4236,4246,4317,4326,4329,4367,4377,4378,4444,4446,4482,4483,4484,4548,4582,4583,4604,4605,4609,4610,4613,4622,4657,4676,4678,4690,4711,4718,4721,4760,4814,4866,4884,4925,4938,4939,4940,4945,4985,4988,5015,5016,5061,5084,5150,5151,5152,5184,5185,5241,5242,5270,5283,5286,5326,5416,5441,5444,5487,5522,5543,5546,5574,5620,5682,5692,5824,5825,5826,5846,5849,5851,5871,5872,5874,5884,5885,5887,5918,5929,5971,5976,5989,5999,6000,6006,6007,6008,6055,6056,6059,6085,6099,6100,6101,6102,6106,6113,6114,6121,6126,6127,6139,6160,6161,6179,6183,6186,6189,6191,6200,6207,6217,6237,6238,6255,6258,6286,6287,6289,6323,6335,6346,6352,6364,6463,6479,6495,6510,6526,6568,6572,6573,6680,6697,6727,6741,6788,6832,6846,6863,6874,6912,6919,6920,6925,6926,6938,6939,6959,6969,6975,6992,7084,7093,7094,7095,7096,7100,7102,7106,7116,7118,7122,7125,7128,7133,7136,7138,7140,7144,7149,7151,7152,7169,7180,7184,7185,7196,7212,7216,7222,7223,7249,7260,7265,7289,7291,7299,7304,7307,7318,7322,7331,7332,7333,7335,7336,7354,7382,7386,7390,7391,7393,7396,7399,7410,7435,7439,7441,7448,7449,7455,7457,7470,7472,7473,7475,7478,7482,7486,7489,7525,7531,7545,7549,7550,7562,7566,7582,7598,7624,7631,7632,7637,7640,7645,7646,7647,7650,7651,7660,7661,7664,7665,7666,7678,7679,7681,7682,7683,7684,7692,7693,7695,7700,7703,7705,7718,7724,7747,7748,7749,7750,7751,7754,7756,7777,7778,7779,7780,7785,7786,7787,7788,7790,7795,7799,7807,7817,7818,7827,7830,7832,7834,7835,7840,7841,7842,7843,7850,7855,7859,7869,7874,7875,7878,7879,7880,7886,7887,7892,7896,7897,7906,7916,7920,7927,7932,7933,7935,7937,7944,7945,7954,7977,7978,7999,8001,8003,8004,8005,8014,8041,8054,8056,8057,8062,8069,8076,8078,8098,8107,8117,8119,8120,8123,8130,8132,8143,8146,8171,8175,8183,8187,8189,8199,8200,8202,8203,8205,8207,8236,8238,8246,8250,8251,8253,8255,8258,8267,8268,8271,8277,8278,8280,8282,8288,8289,8310,8317,8325,8326,8356,8362,8363,8365,8366,8368,8374,8378,8382,8383,8384,8385,8424,8426,8427,8428,8430,8435,8441,8444,8448,8449,8450,8451,8452,8483,8484,8486,8488,8491,8493,8499,8500,8510,8514,8533,8535,8539,8540,8543,8550,8551,8552,8556,8561,8566,8568,8587,8591,8597,8598,8604,8619,8621,8627,8635,8636,8641,8642,8646,8649,8654,8658,8663,8665,8688,8690,8693,8696,8697,8698,8699,8701,8702,8703,8710,8711,8737,8746,8748,8749,8753,8756,8759,8765,8774,8784,8800,8809,8810,8819,8820,8833,8834,8862,8865,8885,8887,8888,8901,8903,8926,8927,8940,8941,8948,8951,8952,8954,8956,8963,8980,8982,8999,9007,9013,9014,9015,9017,9026,9037,9050,9056,9058,9067,9083,9085,9086,9100,9105,9106,9107,9112,9116,9119,9120,9121,9122,9147,9155,9169,9175,9196,9205,9207,9208,9209,9211,9215,9229,9241,9242,9243,9247,9249,9250,9251,9255,9258,9264,9268,9278,9291,9292,9295,9296,9299,9304,9311,9313,9321,9343,9345,9349,9350,9356,9363,9364,9375,9376,9380,9384,9407,9411,9414,9416,9418,9420,9424,9426,9427,9429,9438,9462,9466,9468,9474,9475,9480,9490,9491,9517,9518,9519,9521,9523,9525,9536,9553,9554,9567,9572,9576,9579,9585,9590,9593,9600,9621,9625,9627,9629,9631,9637,9639,9646,9652,9680,9682,9687,9691,9697,9698,9707,9733,9734,9735,9737,9743,9744,9746,9747,9749,9751,9754,9755,9786,9787,9796,9798,9802,9809,9810,9813,9814,9833,9834,9835,9840,9844,9848,9849,9853,9855,9857,9867,9869,9873,9887,9894,9897,9900,9906,9928,9930,9931,9942,9943,9946,9950,9951,9963,9971,9975,9976,9991,9992,9996,10000,10003,10004,10008,10009,10010,10018,10019,10026,10027,10038,10040,10044,10046,10050,10056,10061,10067,10076,10081,10098,10104,10115,10116,10118,10121,10143,10144,10146,10148,10151,10154,10155,10157,10159,10161,10164,10180,10182,10186,10187,10195,10196,10197,10199,10200,10202,10207,10209,10213,10215,10216,10217,10236,10240,10242,10243,10244,10248,10272,10274,10275,10276,10278,10284,10285,10287,10292,10295,10296,10297,10298,10299,10303,10304,10313,10331,10336,10343,10346,10352,10355,10356,10362,10363,10364,10367,10372,10373,10389,10391,10392,10395,10403,10407,10409,10412,10415,10416,10417,10421,10422,10443,10448,10450,10463,10465,10467,10474,10476,10480,10504,10506,10508,10514,10516,10518,10525,10528,10529,10530,10536,10566,10567,10570,10578,10583,10591,10593) AND `id_user` = 1
2024-09-26 16:26:26;UPDATE `pe_froid_produits` SET `etiquetage` = 1 WHERE `id_lot_pdt_froid` = 31268
2024-09-26 16:26:29;UPDATE `pe_froid_produits` SET `etiquetage` = 0 WHERE `id_lot_pdt_froid` = 31268
2024-09-26 16:26:29;UPDATE `pe_froid_produits` SET `etiquetage` = 1 WHERE `id_lot_pdt_froid` = 31268
2024-09-26 16:26:37;UPDATE `pe_froid` SET `temp_debut` = 2 ,`id_user_maj` = 1  WHERE `id` = 6667
2024-09-26 16:26:39;UPDATE `pe_froid` SET `date_entree` = "2024-09-26 16:26:39" ,`id_user_debut` = 1 ,`id_user_maj` = 1  WHERE `id` = 6667
2024-09-26 16:26:39;UPDATE `pe_froid_produits` SET `etiquetage` = 1 WHERE `id_froid` = 6667
2024-09-26 16:27:02;UPDATE `pe_palette_composition` SET `supprime` = 1 WHERE `id_lot_pdt_froid` = 0 AND `id_lot_hors_stock` = 0 AND `id_user` = 1
2024-09-26 16:27:02;DELETE FROM `pe_palettes` WHERE `id` IN (9377,1165,1166,1168,1169,1170,1171,1172,1173,1623,1637,1638,1639,1641,1647,1675,1676,1678,1679,1680,1681,1685,1686,1687,1691,1693,2073,2080,2100,2101,2143,2144,2145,2146,2147,2168,2263,2264,2469,2470,2479,2486,2580,2592,2602,2603,2613,2614,2650,2679,2680,2681,2695,2696,2702,2707,2713,2718,2722,2724,2730,2739,2751,2774,2778,2803,2804,2806,2807,2811,2834,2836,2849,2906,2932,2947,2952,2954,2955,2972,2973,2974,2977,2982,2983,3001,3016,3018,3019,3020,3039,3049,3050,3051,3052,3053,3065,3066,3068,3070,3071,3074,3083,3085,3099,3101,3117,3118,3121,3124,3172,3184,3186,3196,3201,3209,3211,3212,3222,3223,3225,3226,3227,3228,3270,3271,3272,3273,3309,3323,3324,3334,3335,3338,3343,3376,3379,3409,3436,3457,3478,3485,3523,3539,3545,3551,3552,3560,3569,3588,3623,3660,3661,3668,3677,3686,3687,3688,3689,3690,3691,3708,3724,3738,3746,3787,3805,3812,3834,3843,3844,3845,3865,3876,3890,3925,3940,3961,3962,3986,3994,4037,4038,4039,4078,4108,4115,4117,4128,4131,4132,4133,4134,4173,4188,4189,4197,4236,4246,4317,4326,4329,4367,4377,4378,4444,4446,4482,4483,4484,4548,4582,4583,4604,4605,4609,4610,4613,4622,4657,4676,4678,4690,4711,4718,4721,4760,4814,4866,4884,4925,4938,4939,4940,4945,4985,4988,5015,5016,5061,5084,5150,5151,5152,5184,5185,5241,5242,5270,5283,5286,5326,5416,5441,5444,5487,5522,5543,5546,5574,5620,5682,5692,5824,5825,5826,5846,5849,5851,5871,5872,5874,5884,5885,5887,5918,5929,5971,5976,5989,5999,6000,6006,6007,6008,6055,6056,6059,6085,6099,6100,6101,6102,6106,6113,6114,6121,6126,6127,6139,6160,6161,6179,6183,6186,6189,6191,6200,6207,6217,6237,6238,6255,6258,6286,6287,6289,6323,6335,6346,6352,6364,6463,6479,6495,6510,6526,6568,6572,6573,6680,6697,6727,6741,6788,6832,6846,6863,6874,6912,6919,6920,6925,6926,6938,6939,6959,6969,6975,6992,7084,7093,7094,7095,7096,7100,7102,7106,7116,7118,7122,7125,7128,7133,7136,7138,7140,7144,7149,7151,7152,7169,7180,7184,7185,7196,7212,7216,7222,7223,7249,7260,7265,7289,7291,7299,7304,7307,7318,7322,7331,7332,7333,7335,7336,7354,7382,7386,7390,7391,7393,7396,7399,7410,7435,7439,7441,7448,7449,7455,7457,7470,7472,7473,7475,7478,7482,7486,7489,7525,7531,7545,7549,7550,7562,7566,7582,7598,7624,7631,7632,7637,7640,7645,7646,7647,7650,7651,7660,7661,7664,7665,7666,7678,7679,7681,7682,7683,7684,7692,7693,7695,7700,7703,7705,7718,7724,7747,7748,7749,7750,7751,7754,7756,7777,7778,7779,7780,7785,7786,7787,7788,7790,7795,7799,7807,7817,7818,7827,7830,7832,7834,7835,7840,7841,7842,7843,7850,7855,7859,7869,7874,7875,7878,7879,7880,7886,7887,7892,7896,7897,7906,7916,7920,7927,7932,7933,7935,7937,7944,7945,7954,7977,7978,7999,8001,8003,8004,8005,8014,8041,8054,8056,8057,8062,8069,8076,8078,8098,8107,8117,8119,8120,8123,8130,8132,8143,8146,8171,8175,8183,8187,8189,8199,8200,8202,8203,8205,8207,8236,8238,8246,8250,8251,8253,8255,8258,8267,8268,8271,8277,8278,8280,8282,8288,8289,8310,8317,8325,8326,8356,8362,8363,8365,8366,8368,8374,8378,8382,8383,8384,8385,8424,8426,8427,8428,8430,8435,8441,8444,8448,8449,8450,8451,8452,8483,8484,8486,8488,8491,8493,8499,8500,8510,8514,8533,8535,8539,8540,8543,8550,8551,8552,8556,8561,8566,8568,8587,8591,8597,8598,8604,8619,8621,8627,8635,8636,8641,8642,8646,8649,8654,8658,8663,8665,8688,8690,8693,8696,8697,8698,8699,8701,8702,8703,8710,8711,8737,8746,8748,8749,8753,8756,8759,8765,8774,8784,8800,8809,8810,8819,8820,8833,8834,8862,8865,8885,8887,8888,8901,8903,8926,8927,8940,8941,8948,8951,8952,8954,8956,8963,8980,8982,8999,9007,9013,9014,9015,9017,9026,9037,9050,9056,9058,9067,9083,9085,9086,9100,9105,9106,9107,9112,9116,9119,9120,9121,9122,9147,9155,9169,9175,9196,9205,9207,9208,9209,9211,9215,9229,9241,9242,9243,9247,9249,9250,9251,9255,9258,9264,9268,9278,9291,9292,9295,9296,9299,9304,9311,9313,9321,9343,9345,9349,9350,9356,9363,9364,9375,9376,9380,9384,9407,9411,9414,9416,9418,9420,9424,9426,9427,9429,9438,9462,9466,9468,9474,9475,9480,9490,9491,9517,9518,9519,9521,9523,9525,9536,9553,9554,9567,9572,9576,9579,9585,9590,9593,9600,9621,9625,9627,9629,9631,9637,9639,9646,9652,9680,9682,9687,9691,9697,9698,9707,9733,9734,9735,9737,9743,9744,9746,9747,9749,9751,9754,9755,9786,9787,9796,9798,9802,9809,9810,9813,9814,9833,9834,9835,9840,9844,9848,9849,9853,9855,9857,9867,9869,9873,9887,9894,9897,9900,9906,9928,9930,9931,9942,9943,9946,9950,9951,9963,9971,9975,9976,9991,9992,9996,10000,10003,10004,10008,10009,10010,10018,10019,10026,10027,10038,10040,10044,10046,10050,10056,10061,10067,10076,10081,10098,10104,10115,10116,10118,10121,10143,10144,10146,10148,10151,10154,10155,10157,10159,10161,10164,10180,10182,10186,10187,10195,10196,10197,10199,10200,10202,10207,10209,10213,10215,10216,10217,10236,10240,10242,10243,10244,10248,10272,10274,10275,10276,10278,10284,10285,10287,10292,10295,10296,10297,10298,10299,10303,10304,10313,10331,10336,10343,10346,10352,10355,10356,10362,10363,10364,10367,10372,10373,10389,10391,10392,10395,10403,10407,10409,10412,10415,10416,10417,10421,10422,10443,10448,10450,10463,10465,10467,10474,10476,10480,10504,10506,10508,10514,10516,10518,10525,10528,10529,10530,10536,10566,10567,10570,10578,10583,10591,10593) AND `id_user` = 1
2024-09-26 16:27:51;UPDATE `pe_froid` SET `date_sortie` = "2024-09-26 16:27:51" ,`id_user_maj` = 1 ,`id_user_fin` = 1  WHERE `id` = 6667
2024-09-26 16:28:38;INSERT INTO `pe_commentaires` (`date`,`id_user`,`id_lot`,`id_froid`,`commentaire`) VALUES ("2024-09-26 16:28:38" ,1 ,0 ,6667 ,"FAIT" )
2024-09-26 16:28:39;UPDATE `pe_froid` SET `temp_fin` = 20 ,`id_user_maj` = 1  WHERE `id` = 6667
2024-09-26 16:28:51;UPDATE `pe_consommables` SET `stock_actuel` = 0 ,`consomme` = 1  WHERE `id` = 386
2024-09-26 16:28:51;UPDATE `pe_consommables` SET `stock_actuel` = 0  WHERE `id` = 387
2024-09-26 16:28:51;INSERT IGNORE INTO `pe_consommables_histo` (`id_consommable`, `stock_mouvement`, `date`, `user_id`, `id_vue`) 
						VALUES (386, -1, "2024-09-26 16:28:51", 1, 4 )
2024-09-26 16:28:51;UPDATE `pe_consommables` SET `encours` = 0 WHERE `id_famille` = 16
2024-09-26 16:28:51;UPDATE `pe_consommables` SET `stock_actuel` = 0 ,`encours` = 1  WHERE `id` = 387
2024-09-26 16:28:51;UPDATE `pe_consommables` SET `id_precedent` = 0, `date_upd` = null, `consomme` = 1 WHERE `id` = 386
2024-09-26 16:28:51;UPDATE `pe_consommables` SET `id_precedent` = 386, `date_upd` = CURDATE(), `encours` = 1 WHERE `id` = 387
2024-09-26 16:28:51;INSERT IGNORE INTO `pe_consommables_changements` (`id_consommable_famille`, `date`) VALUES (16, "2024-09-26");
2024-09-26 16:28:51;INSERT IGNORE INTO `pe_emballages_prod` (`id_emballage_lot`, `id_lot`, `id_froid`) 
						VALUES (387, 0,6667)
2024-09-26 16:28:56;UPDATE `pe_froid` SET `conformite` = 1 ,`id_user_maj` = 1  WHERE `id` = 6667
2024-09-26 16:28:58;UPDATE `pe_froid` SET `id_visa_controleur` = 1 ,`date_controle` = "2024-09-26 16:28:58" ,`statut` = 2  WHERE `id` = 6667
2024-09-26 16:28:58;INSERT INTO `pe_validations` (`type`,`id_vue`,`id_liaison`) VALUES (2 ,4 ,6667 )
2024-09-26 16:28:58;INSERT IGNORE INTO `pe_validations_lots` (`id_validation`, `id_lot`, `negoce`) VALUES  (11069, 5812, 0)
2024-09-26 16:28:58;UPDATE `pe_langues` SET `actif` = 1 WHERE `iso` = "FR"
2024-09-26 16:29:05;UPDATE `pe_langues` SET `actif` = 1 WHERE `iso` = "FR"
2024-09-26 16:29:29;UPDATE `pe_langues` SET `actif` = 1 WHERE `iso` = "FR"
2024-09-26 16:29:56;INSERT INTO `pe_palette_composition` (`poids`,`nb_colis`,`id_produit`,`id_client`,`date`,`id_user`,`id_palette`,`id_lot_pdt_froid`,`supprime`) VALUES (40 ,2 ,145 ,39 ,"2024-09-26 16:29:56" ,1 ,10513 ,0 ,1 )
2024-09-26 16:29:57;INSERT INTO `pe_froid` (`id_type`,`id_user_maj`) VALUES (3 ,1 )
2024-09-26 16:29:57;INSERT IGNORE INTO `pe_lot_vues` (`id_lot`, `id_vue`, `date_entree`) VALUES (5812, 7, "2024-09-26 16:29:57")
2024-09-26 16:29:57;INSERT INTO `pe_froid_produits` (`id_lot`,`id_pdt`,`id_froid`,`id_palette`,`date_add`,`user_add`) VALUES (5812 ,145 ,6668 ,10513 ,"2024-09-26 16:29:57" ,1 )
2024-09-26 16:29:57;UPDATE `pe_lots` SET `date_maj` = "2024-09-26 16:29:57"  WHERE `id` = 5812
2024-09-26 16:29:57;UPDATE `pe_palette_composition` SET `id_lot_pdt_froid` = 31269 ,`supprime` = 0 ,`poids` = 40 ,`nb_colis` = 2  WHERE `id` = 88850
2024-09-26 16:29:57;UPDATE `pe_froid_produits` SET `id_lot` = 5812 ,`id_pdt` = 145 ,`id_froid` = 6668 ,`id_palette` = 10513 ,`date_add` = "2024-09-26 16:29:57" ,`user_add` = 1 ,`poids` = 40 ,`nb_colis` = 2  WHERE `id_lot_pdt_froid` = 31269
2024-09-26 16:29:58;INSERT IGNORE INTO `pe_emballages_prod` (`id_emballage_lot`, `id_lot`, `id_froid`) VALUES (403, 0,6668),(132, 0,6668),(388, 0,6668),(292, 0,6668),(46, 0,6668),(260, 0,6668)
2024-09-26 16:30:00;UPDATE `pe_palette_composition` SET `supprime` = 1 WHERE `id_lot_pdt_froid` = 0 AND `id_lot_hors_stock` = 0 AND `id_user` = 1
2024-09-26 16:30:00;DELETE FROM `pe_palettes` WHERE `id` IN (9377,1165,1166,1168,1169,1170,1171,1172,1173,1623,1637,1638,1639,1641,1647,1675,1676,1678,1679,1680,1681,1685,1686,1687,1691,1693,2073,2080,2100,2101,2143,2144,2145,2146,2147,2168,2263,2264,2469,2470,2479,2486,2580,2592,2602,2603,2613,2614,2650,2679,2680,2681,2695,2696,2702,2707,2713,2718,2722,2724,2730,2739,2751,2774,2778,2803,2804,2806,2807,2811,2834,2836,2849,2906,2932,2947,2952,2954,2955,2972,2973,2974,2977,2982,2983,3001,3016,3018,3019,3020,3039,3049,3050,3051,3052,3053,3065,3066,3068,3070,3071,3074,3083,3085,3099,3101,3117,3118,3121,3124,3172,3184,3186,3196,3201,3209,3211,3212,3222,3223,3225,3226,3227,3228,3270,3271,3272,3273,3309,3323,3324,3334,3335,3338,3343,3376,3379,3409,3436,3457,3478,3485,3523,3539,3545,3551,3552,3560,3569,3588,3623,3660,3661,3668,3677,3686,3687,3688,3689,3690,3691,3708,3724,3738,3746,3787,3805,3812,3834,3843,3844,3845,3865,3876,3890,3925,3940,3961,3962,3986,3994,4037,4038,4039,4078,4108,4115,4117,4128,4131,4132,4133,4134,4173,4188,4189,4197,4236,4246,4317,4326,4329,4367,4377,4378,4444,4446,4482,4483,4484,4548,4582,4583,4604,4605,4609,4610,4613,4622,4657,4676,4678,4690,4711,4718,4721,4760,4814,4866,4884,4925,4938,4939,4940,4945,4985,4988,5015,5016,5061,5084,5150,5151,5152,5184,5185,5241,5242,5270,5283,5286,5326,5416,5441,5444,5487,5522,5543,5546,5574,5620,5682,5692,5824,5825,5826,5846,5849,5851,5871,5872,5874,5884,5885,5887,5918,5929,5971,5976,5989,5999,6000,6006,6007,6008,6055,6056,6059,6085,6099,6100,6101,6102,6106,6113,6114,6121,6126,6127,6139,6160,6161,6179,6183,6186,6189,6191,6200,6207,6217,6237,6238,6255,6258,6286,6287,6289,6323,6335,6346,6352,6364,6463,6479,6495,6510,6526,6568,6572,6573,6680,6697,6727,6741,6788,6832,6846,6863,6874,6912,6919,6920,6925,6926,6938,6939,6959,6969,6975,6992,7084,7093,7094,7095,7096,7100,7102,7106,7116,7118,7122,7125,7128,7133,7136,7138,7140,7144,7149,7151,7152,7169,7180,7184,7185,7196,7212,7216,7222,7223,7249,7260,7265,7289,7291,7299,7304,7307,7318,7322,7331,7332,7333,7335,7336,7354,7382,7386,7390,7391,7393,7396,7399,7410,7435,7439,7441,7448,7449,7455,7457,7470,7472,7473,7475,7478,7482,7486,7489,7525,7531,7545,7549,7550,7562,7566,7582,7598,7624,7631,7632,7637,7640,7645,7646,7647,7650,7651,7660,7661,7664,7665,7666,7678,7679,7681,7682,7683,7684,7692,7693,7695,7700,7703,7705,7718,7724,7747,7748,7749,7750,7751,7754,7756,7777,7778,7779,7780,7785,7786,7787,7788,7790,7795,7799,7807,7817,7818,7827,7830,7832,7834,7835,7840,7841,7842,7843,7850,7855,7859,7869,7874,7875,7878,7879,7880,7886,7887,7892,7896,7897,7906,7916,7920,7927,7932,7933,7935,7937,7944,7945,7954,7977,7978,7999,8001,8003,8004,8005,8014,8041,8054,8056,8057,8062,8069,8076,8078,8098,8107,8117,8119,8120,8123,8130,8132,8143,8146,8171,8175,8183,8187,8189,8199,8200,8202,8203,8205,8207,8236,8238,8246,8250,8251,8253,8255,8258,8267,8268,8271,8277,8278,8280,8282,8288,8289,8310,8317,8325,8326,8356,8362,8363,8365,8366,8368,8374,8378,8382,8383,8384,8385,8424,8426,8427,8428,8430,8435,8441,8444,8448,8449,8450,8451,8452,8483,8484,8486,8488,8491,8493,8499,8500,8510,8514,8533,8535,8539,8540,8543,8550,8551,8552,8556,8561,8566,8568,8587,8591,8597,8598,8604,8619,8621,8627,8635,8636,8641,8642,8646,8649,8654,8658,8663,8665,8688,8690,8693,8696,8697,8698,8699,8701,8702,8703,8710,8711,8737,8746,8748,8749,8753,8756,8759,8765,8774,8784,8800,8809,8810,8819,8820,8833,8834,8862,8865,8885,8887,8888,8901,8903,8926,8927,8940,8941,8948,8951,8952,8954,8956,8963,8980,8982,8999,9007,9013,9014,9015,9017,9026,9037,9050,9056,9058,9067,9083,9085,9086,9100,9105,9106,9107,9112,9116,9119,9120,9121,9122,9147,9155,9169,9175,9196,9205,9207,9208,9209,9211,9215,9229,9241,9242,9243,9247,9249,9250,9251,9255,9258,9264,9268,9278,9291,9292,9295,9296,9299,9304,9311,9313,9321,9343,9345,9349,9350,9356,9363,9364,9375,9376,9380,9384,9407,9411,9414,9416,9418,9420,9424,9426,9427,9429,9438,9462,9466,9468,9474,9475,9480,9490,9491,9517,9518,9519,9521,9523,9525,9536,9553,9554,9567,9572,9576,9579,9585,9590,9593,9600,9621,9625,9627,9629,9631,9637,9639,9646,9652,9680,9682,9687,9691,9697,9698,9707,9733,9734,9735,9737,9743,9744,9746,9747,9749,9751,9754,9755,9786,9787,9796,9798,9802,9809,9810,9813,9814,9833,9834,9835,9840,9844,9848,9849,9853,9855,9857,9867,9869,9873,9887,9894,9897,9900,9906,9928,9930,9931,9942,9943,9946,9950,9951,9963,9971,9975,9976,9991,9992,9996,10000,10003,10004,10008,10009,10010,10018,10019,10026,10027,10038,10040,10044,10046,10050,10056,10061,10067,10076,10081,10098,10104,10115,10116,10118,10121,10143,10144,10146,10148,10151,10154,10155,10157,10159,10161,10164,10180,10182,10186,10187,10195,10196,10197,10199,10200,10202,10207,10209,10213,10215,10216,10217,10236,10240,10242,10243,10244,10248,10272,10274,10275,10276,10278,10284,10285,10287,10292,10295,10296,10297,10298,10299,10303,10304,10313,10331,10336,10343,10346,10352,10355,10356,10362,10363,10364,10367,10372,10373,10389,10391,10392,10395,10403,10407,10409,10412,10415,10416,10417,10421,10422,10443,10448,10450,10463,10465,10467,10474,10476,10480,10504,10506,10508,10514,10516,10518,10525,10528,10529,10530,10536,10566,10567,10570,10578,10583,10591,10593) AND `id_user` = 1
2024-09-26 16:30:03;UPDATE `pe_froid_produits` SET `etiquetage` = 1 WHERE `id_lot_pdt_froid` = 31269
2024-09-26 16:30:09;UPDATE `pe_froid` SET `temp_debut` = 18 ,`id_user_maj` = 1  WHERE `id` = 6668
2024-09-26 16:30:16;UPDATE `pe_froid` SET `date_entree` = "2024-09-26 16:30:16" ,`id_user_debut` = 1 ,`id_user_maj` = 1 ,`nuit` = 0  WHERE `id` = 6668
2024-09-26 16:30:16;UPDATE `pe_froid_produits` SET `etiquetage` = 1 WHERE `id_froid` = 6668
2024-09-26 16:30:21;UPDATE `pe_froid` SET `date_sortie` = "2024-09-26 16:30:21" ,`id_user_maj` = 1 ,`id_user_fin` = 1  WHERE `id` = 6668
2024-09-26 16:30:25;UPDATE `pe_froid` SET `temp_fin` = -18 ,`id_user_maj` = 1  WHERE `id` = 6668
2024-09-26 16:30:31;UPDATE `pe_consommables` SET `stock_actuel` = 0 ,`consomme` = 1  WHERE `id` = 292
2024-09-26 16:30:31;INSERT IGNORE INTO `pe_consommables_histo` (`id_consommable`, `stock_mouvement`, `date`, `user_id`, `id_vue`) 
						VALUES (292, -1, "2024-09-26 16:30:31", 1, 7 )
2024-09-26 16:30:31;UPDATE `pe_consommables` SET `encours` = 0 WHERE `id_famille` = 36
2024-09-26 16:30:31;UPDATE `pe_consommables` SET `encours` = 1  WHERE `id` = 292
2024-09-26 16:30:31;INSERT IGNORE INTO `pe_consommables_changements` (`id_consommable_famille`, `date`) VALUES (36, "2024-09-26");
2024-09-26 16:30:34;UPDATE `pe_froid` SET `conformite` = 1 ,`id_user_maj` = 1  WHERE `id` = 6668
2024-09-26 16:30:36;UPDATE `pe_froid` SET `id_visa_controleur` = 1 ,`date_controle` = "2024-09-26 16:30:36" ,`statut` = 2  WHERE `id` = 6668
2024-09-26 16:30:36;INSERT INTO `pe_validations` (`type`,`id_vue`,`id_liaison`) VALUES (2 ,7 ,6668 )
2024-09-26 16:30:36;INSERT IGNORE INTO `pe_validations_lots` (`id_validation`, `id_lot`, `negoce`) VALUES  (11070, 5812, 0)
2024-09-26 16:30:36;UPDATE `pe_langues` SET `actif` = 1 WHERE `iso` = "FR"
2024-09-26 16:30:42;UPDATE `pe_langues` SET `actif` = 1 WHERE `iso` = "FR"
2024-09-26 16:31:09;UPDATE `pe_langues` SET `actif` = 1 WHERE `iso` = "FR"
2024-09-26 16:34:45;UPDATE `pe_langues` SET `actif` = 1 WHERE `iso` = "FR"
2024-09-26 16:35:59;UPDATE `pe_langues` SET `actif` = 1 WHERE `iso` = "FR"
2024-09-26 16:36:27;UPDATE `pe_langues` SET `actif` = 1 WHERE `iso` = "FR"
2024-09-26 16:37:13;UPDATE `pe_langues` SET `actif` = 1 WHERE `iso` = "FR"
2024-09-26 16:38:19;UPDATE `pe_langues` SET `actif` = 1 WHERE `iso` = "FR"
2024-09-26 16:39:17;UPDATE `pe_consommables` SET `stock_actuel` = 0 ,`consomme` = 1  WHERE `id` = 304
2024-09-26 16:39:17;INSERT IGNORE INTO `pe_consommables_histo` (`id_consommable`, `stock_mouvement`, `date`, `user_id`, `id_vue`) 
						VALUES (304, -1, "2024-09-26 16:39:17", 1, 3 )
2024-09-26 16:39:17;UPDATE `pe_consommables` SET `encours` = 0 WHERE `id_famille` = 61
2024-09-26 16:39:17;UPDATE `pe_consommables` SET `encours` = 1  WHERE `id` = 304
2024-09-26 16:39:17;INSERT IGNORE INTO `pe_consommables_changements` (`id_consommable_famille`, `date`) VALUES (61, "2024-09-26");
2024-09-26 17:01:32;UPDATE `pe_langues` SET `actif` = 1 WHERE `iso` = "FR"
