2024-09-27 08:00:26;UPDATE `pe_langues` SET `actif` = 1 WHERE `iso` = "FR"
2024-09-27 08:00:26;UPDATE `pe_consommables` SET `id_precedent` = 0, `date_upd` = null WHERE `date_upd` < CURDATE()
2024-09-27 08:00:42;UPDATE `pe_langues` SET `actif` = 1 WHERE `iso` = "FR"
2024-09-27 08:01:41;UPDATE `pe_langues` SET `actif` = 1 WHERE `iso` = "FR"
2024-09-27 08:01:41;UPDATE `pe_consommables` SET `id_precedent` = 0, `date_upd` = null WHERE `date_upd` < CURDATE()
2024-09-27 08:01:44;UPDATE `pe_langues` SET `actif` = 1 WHERE `iso` = "FR"
2024-09-27 08:02:20;UPDATE `pe_langues` SET `actif` = 1 WHERE `iso` = "FR"
2024-09-27 08:02:40;UPDATE `pe_langues` SET `actif` = 1 WHERE `iso` = "FR"
2024-09-27 08:06:37;UPDATE `pe_langues` SET `actif` = 1 WHERE `iso` = "FR"
2024-09-27 08:06:38;UPDATE `pe_langues` SET `actif` = 1 WHERE `iso` = "FR"
2024-09-27 08:08:24;UPDATE `pe_langues` SET `actif` = 1 WHERE `iso` = "FR"
2024-09-27 08:08:42;UPDATE `pe_langues` SET `actif` = 1 WHERE `iso` = "FR"
2024-09-27 08:11:04;UPDATE `pe_langues` SET `actif` = 1 WHERE `iso` = "FR"
2024-09-27 08:11:53;UPDATE `pe_langues` SET `actif` = 1 WHERE `iso` = "FR"
2024-09-27 08:13:06;UPDATE `pe_langues` SET `actif` = 1 WHERE `iso` = "FR"
2024-09-27 08:19:31;UPDATE `pe_langues` SET `actif` = 1 WHERE `iso` = "FR"
2024-09-27 08:19:54;UPDATE `pe_langues` SET `actif` = 1 WHERE `iso` = "FR"
2024-09-27 10:22:43;UPDATE `pe_langues` SET `actif` = 1 WHERE `iso` = "FR"
2024-09-27 10:24:24;UPDATE `pe_langues` SET `actif` = 1 WHERE `iso` = "FR"
2024-09-27 10:25:05;UPDATE `pe_langues` SET `actif` = 1 WHERE `iso` = "FR"
2024-09-27 10:26:08;UPDATE `pe_langues` SET `actif` = 1 WHERE `iso` = "FR"
2024-09-27 10:27:05;UPDATE `pe_langues` SET `actif` = 1 WHERE `iso` = "FR"
2024-09-27 10:27:54;UPDATE `pe_langues` SET `actif` = 1 WHERE `iso` = "FR"
2024-09-27 10:28:22;UPDATE `pe_langues` SET `actif` = 1 WHERE `iso` = "FR"
2024-09-27 10:35:20;UPDATE `pe_langues` SET `actif` = 1 WHERE `iso` = "FR"
2024-09-27 10:36:22;UPDATE `pe_langues` SET `actif` = 1 WHERE `iso` = "FR"
2024-09-27 10:38:29;UPDATE `pe_langues` SET `actif` = 1 WHERE `iso` = "FR"
2024-09-27 10:42:00;UPDATE `pe_langues` SET `actif` = 1 WHERE `iso` = "FR"
2024-09-27 10:42:07;UPDATE `pe_langues` SET `actif` = 1 WHERE `iso` = "FR"
2024-09-27 10:42:41;UPDATE `pe_langues` SET `actif` = 1 WHERE `iso` = "FR"
2024-09-27 10:47:36;UPDATE `pe_langues` SET `actif` = 1 WHERE `iso` = "FR"
2024-09-27 10:48:59;UPDATE `pe_langues` SET `actif` = 1 WHERE `iso` = "FR"
2024-09-27 10:49:03;UPDATE `pe_langues` SET `actif` = 1 WHERE `iso` = "FR"
2024-09-27 10:49:03;UPDATE `pe_palette_composition` SET `supprime` = 1 WHERE `id_lot_hors_stock` > 0 AND `id` NOT IN
                        ( SELECT `id_compo` FROM `pe_bl_lignes`) 
                        AND  `id_lot_hors_stock` NOT IN (SELECT `id` FROM `pe_lots`)
