2024-09-23 11:23:31;UPDATE `pe_langues` SET `actif` = 1 WHERE `iso` = "FR"
2024-09-23 11:23:31;UPDATE `pe_consommables` SET `id_precedent` = 0, `date_upd` = null WHERE `date_upd` < CURDATE()
2024-09-23 11:23:45;UPDATE `pe_langues` SET `actif` = 1 WHERE `iso` = "FR"
2024-09-23 11:23:45;UPDATE `pe_consommables` SET `id_precedent` = 0, `date_upd` = null WHERE `date_upd` < CURDATE()
2024-09-23 11:24:18;UPDATE `pe_validations` SET `validation_id_user` = 1 ,`validation_date` = "2024-09-23- 11:24:18"  WHERE `id` = 11059
2024-09-23 11:24:25;UPDATE `pe_lots` SET `test_tracabilite` = ""  WHERE `id` = 5804
2024-09-23 11:24:26;UPDATE `pe_lots` SET `test_tracabilite` = "2024-09-23 11:24:26"  WHERE `id` = 5804
2024-09-23 11:24:41;UPDATE `pe_bl_lignes` SET `supprime` = 1 WHERE `supprime` = 0  AND `id_bl` IN (SELECT `id` FROM `pe_bl` WHERE `supprime` = 1)
2024-09-23 15:58:53;UPDATE `pe_langues` SET `actif` = 1 WHERE `iso` = "FR"
2024-09-23 15:58:53;UPDATE `pe_consommables` SET `id_precedent` = 0, `date_upd` = null WHERE `date_upd` < CURDATE()
2024-09-23 15:59:50;UPDATE `pe_langues` SET `actif` = 1 WHERE `iso` = "FR"
2024-09-23 15:59:50;UPDATE `pe_consommables` SET `id_precedent` = 0, `date_upd` = null WHERE `date_upd` < CURDATE()
2024-09-23 16:02:08;UPDATE `pe_langues` SET `actif` = 1 WHERE `iso` = "FR"
2024-09-23 16:02:08;UPDATE `pe_consommables` SET `id_precedent` = 0, `date_upd` = null WHERE `date_upd` < CURDATE()
2024-09-23 16:04:53;UPDATE `pe_bl` SET `supprime` = 1 WHERE `id` IN (1,3,4,9,10,40,42,51,53,65,72,80,81,84,85,86,88,93,96,108,111,112,139,140,147,150,160,168,173,174,176,182,191,195,196,199,202,203,211,236,237,247,248,251,252,274,275,276,282,284,285,287,298,301,307,308,310,311,336,343,366,367,379,380,401,402,403,404,407,409,411,502,510,512,521,527,534,568,569,641,691,692,715,716,717,718,719,720,721,722,730,731,797,856,957,1038,1040,1041,1062,1087,1101,1110,1125,1142,1143,1144,1243,1343,1378,1514,1533,1565,1571,1642,1676,1771,1814,1832,1860,1881,1929,1943,1992,2004,2039,2040,2041,2042,2106,2132,2133,2145,2146,2184,2195,2197,2201,2205,2210,2216,2223,2230,2238,2275,2290,2304,2318,2354,2508,2529,2584,2585,2588,2646,2681,2687,2692,2694,2706,2713,2714,2911,3003,3007,3042,3062,3080,3081,3098,3155,3204,3215,3267,3271,3273,3360,3449,3464,3479,3526,3615,3635,3643,3653,3688,3706,3707,3711,3794,3804,3888,3965,3982,3983,4112,4209,4223,4232,4233,4307,4308,4336,4439,4463,4472,4473,4474,4514,4526,4530,4531,4557,4568,4679,4703,4711,4713,4720,4737,4816,4976,5054,5083,5095,5124,5150,5253,5295,5334,5376,5411,5413,5415,5423,5481,5486,5492,5554,5631,5632,5669,5689,5714,5812,5874,5914,5941,5948,6004,6068,6118,6121,6160,6163,6260,6322,6379,6464,6506,6570,6608,6712,6780,6799,6800,6926,7004,7256,7369,7575,7610,7641,7713,7747,7749,7849,7856,8026,8028,8035,8041,8043,8046,8061,8092,8181,8254,8257,8259,8337,8339,8340,8341,8342,8343,8344,8345,8346,8347,8348,8349,8350,8351,8352,8353,8355,8356,8359,8360,8361,8362,8363,8364,8365)
2024-09-23 16:05:33;UPDATE `pe_bl` SET `num_cmd` = "" ,`date` = "2024-08-26" ,`id_tiers_facturation` = 473 ,`id_tiers_livraison` = 473 ,`id_adresse_livraison` = 749 ,`id_tiers_transporteur` = 231  WHERE id = 8367
2024-09-23 16:05:33;UPDATE `pe_bl_lignes` SET `qte` = 1 ,`id_palette` = 10420 ,`id_produit` = 149 ,`id_produit_bl` = 0 ,`id_lot` = 5617 ,`numlot` = "242024BESA" ,`poids` = 10 ,`nb_colis` = 1 ,`pu_ht` = 3000 ,`tva` = 5.5 ,`id_pays` = 5  WHERE `id` = 76002
2024-09-23 16:05:33;UPDATE `pe_tiers` SET `id_langue` = 1  WHERE `id` = 473
2024-09-23 16:05:33;UPDATE `pe_tiers_types` SET `id_famille` = 0 WHERE `id_tiers` = 473
2024-09-23 16:05:33;UPDATE `pe_bl` SET `num_cmd` = "" ,`date` = "2024-08-26" ,`id_tiers_facturation` = 473 ,`id_tiers_livraison` = 473 ,`id_adresse_livraison` = 749 ,`id_tiers_transporteur` = 231 ,`chiffrage` = 0  WHERE id = 8367
2024-09-23 16:05:33;UPDATE `pe_bl` SET `num_cmd` = "" ,`date` = "2024-08-26" ,`id_tiers_facturation` = 473 ,`id_tiers_livraison` = 473 ,`id_adresse_livraison` = 749 ,`id_tiers_transporteur` = 231 ,`chiffrage` = 0 ,`statut` = 2 ,`supprime` = 0  WHERE id = 8367
2024-09-23 16:05:33;UPDATE `pe_palette_composition` SET `supprime` = 1, `archive` = 1 WHERE `id` IN (9336,87143)
2024-09-23 16:05:33;UPDATE `pe_bl` SET `date_envoi` = NULL WHERE `id` = 8367
2024-09-23 16:06:57;UPDATE `pe_langues` SET `actif` = 1 WHERE `iso` = "FR"
2024-09-23 16:07:01;UPDATE `pe_langues` SET `actif` = 1 WHERE `iso` = "FR"
2024-09-23 16:07:03;UPDATE `pe_langues` SET `actif` = 1 WHERE `iso` = "FR"
2024-09-23 16:07:07;UPDATE `pe_langues` SET `actif` = 1 WHERE `iso` = "FR"
2024-09-23 16:09:56;INSERT INTO `pe_lots` (`numlot`,`date_add`,`visible`,`id_fournisseur`,`id_espece`,`composition`,`id_origine`,`id_abattoir`,`date_abattage`,`date_reception`,`poids_abattoir`,`poids_reception`) VALUES ("249538GFR" ,"2024-09-23 16:09:56" ,1 ,50 ,1 ,1 ,1 ,76 ,"2024-09-22" ,"2024-09-23" ,1200 ,1200 )
2024-09-23 16:09:56;INSERT INTO `pe_lot_vues` (`id_lot`,`id_vue`,`date_entree`) VALUES (5809 ,1 ,"2024-09-23 16:09:56" )
2024-09-23 16:09:56;INSERT INTO `pe_lots` (`numlot`,`date_add`,`visible`,`id_fournisseur`,`id_espece`,`composition`,`id_origine`,`id_abattoir`,`date_abattage`,`date_reception`,`poids_abattoir`,`poids_reception`) VALUES ("249538GFRA" ,"2024-09-23 16:09:56" ,1 ,50 ,2 ,2 ,1 ,76 ,"2024-09-22" ,"2024-09-23" ,0 ,1200 )
2024-09-23 16:09:56;INSERT INTO `pe_lot_vues` (`id_lot`,`id_vue`,`date_entree`) VALUES (5810 ,1 ,"2024-09-23 16:09:56" )
2024-09-23 16:10:08;UPDATE `pe_langues` SET `actif` = 1 WHERE `iso` = "FR"
2024-09-23 16:10:38;UPDATE `pe_lots` SET `composition_viande` = 1  WHERE `id` = 5809
2024-09-23 16:10:49;INSERT INTO `pe_lot_reception` (`id_lot`,`temp`) VALUES (5809 ,2.5 )
2024-09-23 16:10:49;UPDATE `pe_lots` SET `date_maj` = "2024-09-23- 16:10:49" ,`id_user_maj` = 1  WHERE `id` = 5809
2024-09-23 16:18:49;UPDATE `pe_langues` SET `actif` = 1 WHERE `iso` = "FR"
