2024-12-12 06:37:41;UPDATE `pe_langues` SET `actif` = 1 WHERE `iso` = "FR"
2024-12-12 06:37:41;UPDATE `pe_consommables` SET `id_precedent` = 0, `date_upd` = null WHERE `date_upd` < CURDATE()
2024-12-12 06:41:18;UPDATE `pe_langues` SET `actif` = 1 WHERE `iso` = "FR"
2024-12-12 06:41:18;UPDATE `pe_consommables` SET `id_precedent` = 0, `date_upd` = null WHERE `date_upd` < CURDATE()
2024-12-12 06:41:35;UPDATE `pe_langues` SET `actif` = 1 WHERE `iso` = "FR"
2024-12-12 06:41:35;UPDATE `pe_consommables` SET `id_precedent` = 0, `date_upd` = null WHERE `date_upd` < CURDATE()
2024-12-12 06:45:37;UPDATE `pe_bl_lignes` SET `supprime` = 1 WHERE `supprime` = 0  AND `id_bl` IN (SELECT `id` FROM `pe_bl` WHERE `supprime` = 1)
2024-12-12 06:53:28;INSERT INTO `pe_negoce_produits` (`poids`,`quantite`,`supprime`,`date_add`,`id_lot_negoce`,`id_pdt`,`nb_cartons`,`traite`,`user_add`,`num_lot`,`dlc`) VALUES (5 ,0 ,0 ,"2024-12-12 06:53:28" ,81 ,445 ,5 ,0 ,1 ,2445 ,"2024-12-12" )
2024-12-12 06:56:43;INSERT INTO `pe_negoce_produits` (`poids`,`quantite`,`supprime`,`date_add`,`id_lot_negoce`,`id_pdt`,`nb_cartons`,`traite`,`user_add`,`num_lot`,`dlc`) VALUES (100 ,5 ,0 ,"2024-12-12 06:56:43" ,81 ,171 ,20 ,0 ,1 ,2446 ,"2024-12-13" )
2024-12-12 06:58:58;UPDATE `pe_bl` SET `supprime` = 1 WHERE `id` IN (1,3,4,9,10,40,42,51,53,65,72,80,81,84,85,86,88,93,96,108,111,112,139,140,147,150,160,168,173,174,176,182,191,195,196,199,202,203,211,236,237,247,248,251,252,274,275,276,282,284,285,287,298,301,307,308,310,311,336,343,366,367,379,380,401,402,403,404,407,409,411,502,510,512,521,527,534,568,569,641,691,692,715,716,717,718,719,720,721,722,730,731,797,856,957,1038,1040,1041,1062,1087,1101,1110,1125,1142,1143,1144,1243,1343,1378,1514,1533,1565,1571,1642,1676,1771,1814,1832,1860,1881,1929,1943,1992,2004,2039,2040,2041,2042,2106,2132,2133,2145,2146,2184,2195,2197,2201,2205,2210,2216,2223,2230,2238,2275,2290,2304,2318,2354,2508,2529,2584,2585,2588,2646,2681,2687,2692,2694,2706,2713,2714,2911,3003,3007,3042,3062,3080,3081,3098,3155,3204,3215,3267,3271,3273,3360,3449,3464,3479,3526,3615,3635,3643,3653,3688,3706,3707,3711,3794,3804,3888,3965,3982,3983,4112,4209,4223,4232,4233,4307,4308,4336,4439,4463,4472,4473,4474,4514,4526,4530,4531,4557,4568,4679,4703,4711,4713,4720,4737,4816,4976,5054,5083,5095,5124,5150,5253,5295,5334,5376,5411,5413,5415,5423,5481,5486,5492,5554,5631,5632,5669,5689,5714,5812,5874,5914,5941,5948,6004,6068,6118,6121,6160,6163,6260,6322,6379,6464,6506,6570,6608,6712,6780,6799,6800,6926,7004,7256,7369,7575,7610,7641,7713,7747,7749,7849,7856,8026,8028,8035,8041,8043,8046,8061,8092,8181,8254,8257,8259,8337,8339,8340,8341,8342,8343,8344,8345,8346,8347,8348,8349,8350,8351,8352,8353,8355,8356,8359,8360,8361,8362,8363,8364,8365,8370,8371,8375,8377,8380,8387,8388,8389,8390,8391,8392,8393,8394,8396,8397,8400,8401,8402,8404,8405,8407,8408,8409,8395)
2024-12-12 06:59:09;INSERT INTO `pe_bl` (`num_bl`,`supprime`,`statut`,`date`) VALUES ("BL2412013" ,0 ,1 ,"2024-12-12" )
2024-12-12 07:00:25;INSERT INTO `pe_bl_lignes` (`id_produit`,`id_palette`,`numlot`,`id_lot`,`poids`,`nb_colis`,`id_compo`,`num_palette`,`id_bl`,`id_produit_bl`,`pu_ht`,`tva`,`qte`,`supprime`,`date_add`) VALUES (170 ,0 ,12345 ,0 ,20 ,5 ,0 ,0 ,8410 ,0 ,0 ,5.5 ,1 ,0 ,"2024-12-12 07:00:25" )
2024-12-12 07:00:26;UPDATE `pe_bl` SET `id_tiers_facturation` = 37  WHERE id = 8410
2024-12-12 07:00:34;UPDATE `pe_bl_lignes` SET `pu_ht` = 1000  WHERE `id` = 76051
2024-12-12 07:00:52;UPDATE `pe_bl_lignes` SET `numlot` = 12345  WHERE `id` = 76051
2024-12-12 07:01:26;INSERT INTO `pe_bl_lignes` (`id_produit`,`id_palette`,`numlot`,`id_lot`,`poids`,`nb_colis`,`id_compo`,`num_palette`,`id_bl`,`id_produit_bl`,`pu_ht`,`tva`,`qte`,`supprime`,`date_add`) VALUES (170 ,0 ,"BL244C14" ,0 ,50 ,1 ,0 ,0 ,8410 ,0 ,0 ,5.5 ,1 ,0 ,"2024-12-12 07:01:26" )
2024-12-12 07:01:35;UPDATE `pe_bl_lignes` SET `pu_ht` = 1000  WHERE `id` = 76051
2024-12-12 07:01:35;UPDATE `pe_bl_lignes` SET `pu_ht` = 1000  WHERE `id` = 76052
2024-12-12 07:01:35;UPDATE `pe_bl_lignes` SET `pu_ht` = 1000  WHERE `id` = 76052
2024-12-12 07:01:35;UPDATE `pe_bl_lignes` SET `pu_ht` = 1000  WHERE `id` = 76051
2024-12-12 07:01:35;UPDATE `pe_bl_lignes` SET `pu_ht` = 1000  WHERE `id` = 76051
2024-12-12 07:01:35;UPDATE `pe_bl_lignes` SET `pu_ht` = 1000  WHERE `id` = 76052
2024-12-12 07:01:35;UPDATE `pe_bl_lignes` SET `pu_ht` = 1000  WHERE `id` = 76052
2024-12-12 07:01:35;UPDATE `pe_bl_lignes` SET `pu_ht` = 1000  WHERE `id` = 76051
2024-12-12 07:02:29;UPDATE `pe_bl` SET `supprime` = 0 ,`num_cmd` = "" ,`date` = "2024-12-12" ,`id_tiers_facturation` = 37 ,`id_tiers_livraison` = 37 ,`id_adresse_livraison` = 35 ,`id_tiers_transporteur` = 231 ,`regroupement` = 0 ,`date_livraison` = "2024-12-12" ,`chiffrage` = 1 ,`statut` = 1  WHERE id = 8410
2024-12-12 07:02:35;UPDATE `pe_bl` SET `supprime` = 1 WHERE `id` IN (1,3,4,9,10,40,42,51,53,65,72,80,81,84,85,86,88,93,96,108,111,112,139,140,147,150,160,168,173,174,176,182,191,195,196,199,202,203,211,236,237,247,248,251,252,274,275,276,282,284,285,287,298,301,307,308,310,311,336,343,366,367,379,380,401,402,403,404,407,409,411,502,510,512,521,527,534,568,569,641,691,692,715,716,717,718,719,720,721,722,730,731,797,856,957,1038,1040,1041,1062,1087,1101,1110,1125,1142,1143,1144,1243,1343,1378,1514,1533,1565,1571,1642,1676,1771,1814,1832,1860,1881,1929,1943,1992,2004,2039,2040,2041,2042,2106,2132,2133,2145,2146,2184,2195,2197,2201,2205,2210,2216,2223,2230,2238,2275,2290,2304,2318,2354,2508,2529,2584,2585,2588,2646,2681,2687,2692,2694,2706,2713,2714,2911,3003,3007,3042,3062,3080,3081,3098,3155,3204,3215,3267,3271,3273,3360,3449,3464,3479,3526,3615,3635,3643,3653,3688,3706,3707,3711,3794,3804,3888,3965,3982,3983,4112,4209,4223,4232,4233,4307,4308,4336,4439,4463,4472,4473,4474,4514,4526,4530,4531,4557,4568,4679,4703,4711,4713,4720,4737,4816,4976,5054,5083,5095,5124,5150,5253,5295,5334,5376,5411,5413,5415,5423,5481,5486,5492,5554,5631,5632,5669,5689,5714,5812,5874,5914,5941,5948,6004,6068,6118,6121,6160,6163,6260,6322,6379,6464,6506,6570,6608,6712,6780,6799,6800,6926,7004,7256,7369,7575,7610,7641,7713,7747,7749,7849,7856,8026,8028,8035,8041,8043,8046,8061,8092,8181,8254,8257,8259,8337,8339,8340,8341,8342,8343,8344,8345,8346,8347,8348,8349,8350,8351,8352,8353,8355,8356,8359,8360,8361,8362,8363,8364,8365,8370,8371,8375,8377,8380,8387,8388,8389,8390,8391,8392,8393,8394,8396,8397,8400,8401,8402,8404,8405,8407,8408,8409,8395)
2024-12-12 07:03:31;UPDATE `pe_bl` SET `num_cmd` = "" ,`id_tiers_facturation` = 37 ,`id_tiers_livraison` = 37 ,`id_tiers_transporteur` = 231 ,`id_adresse_livraison` = 35 ,`nom_client` = "" ,`statut` = 1 ,`supprime` = 0 ,`date_livraison` = "2024-12-12"  WHERE id = 8410
2024-12-12 07:14:19;UPDATE `pe_bl` SET `num_cmd` = "" ,`id_tiers_facturation` = 37 ,`id_tiers_livraison` = 37 ,`id_tiers_transporteur` = 231 ,`id_adresse_livraison` = 35 ,`nom_client` = "" ,`statut` = 1 ,`supprime` = 0 ,`date_livraison` = "2024-12-12"  WHERE id = 8410
2024-12-12 07:14:36;UPDATE `pe_bl_lignes` SET `nb_colis` = 5  WHERE `id` = 76051
2024-12-12 07:15:06;UPDATE `pe_bl_lignes` SET `poids` = 20  WHERE `id` = 76051
2024-12-12 07:15:07;UPDATE `pe_bl_lignes` SET `poids` = 50  WHERE `id` = 76052
2024-12-12 07:15:11;UPDATE `pe_bl_lignes` SET `poids` = 70  WHERE `id` = 76051
2024-12-12 07:15:21;UPDATE `pe_bl_lignes` SET `pu_ht` = 1000  WHERE `id` = 76051
2024-12-12 07:15:22;UPDATE `pe_bl_lignes` SET `pu_ht` = 1000  WHERE `id` = 76052
2024-12-12 07:15:22;UPDATE `pe_bl_lignes` SET `poids` = 70  WHERE `id` = 76051
2024-12-12 07:15:28;UPDATE `pe_bl_lignes` SET `poids` = 60  WHERE `id` = 76052
2024-12-12 07:16:26;UPDATE `pe_bl` SET `num_cmd` = "" ,`id_tiers_facturation` = 37 ,`id_tiers_livraison` = 37 ,`id_tiers_transporteur` = 231 ,`id_adresse_livraison` = 35 ,`nom_client` = "" ,`statut` = 1 ,`supprime` = 0 ,`date_livraison` = "2024-12-12"  WHERE id = 8410
2024-12-12 07:16:50;UPDATE `pe_bl` SET `num_cmd` = "" ,`id_tiers_facturation` = 37 ,`id_tiers_livraison` = 37 ,`id_tiers_transporteur` = 231 ,`id_adresse_livraison` = 35 ,`nom_client` = "" ,`statut` = 1 ,`supprime` = 0 ,`date_livraison` = "2024-12-12"  WHERE id = 8410
2024-12-12 07:18:00;INSERT INTO `pe_bl_lignes` (`id_produit`,`id_palette`,`numlot`,`id_lot`,`poids`,`nb_colis`,`id_compo`,`num_palette`,`id_bl`,`id_produit_bl`,`pu_ht`,`tva`,`qte`,`supprime`,`date_add`) VALUES (170 ,0 ,"BL2447B" ,0 ,200 ,5 ,0 ,0 ,8410 ,0 ,0 ,5.5 ,1 ,0 ,"2024-12-12 07:18:00" )
2024-12-12 07:18:00;UPDATE `pe_bl` SET `num_cmd` = "COMMANDE1" ,`id_tiers_facturation` = 37 ,`id_tiers_livraison` = 37 ,`id_tiers_transporteur` = 231 ,`id_adresse_livraison` = 35 ,`nom_client` = "" ,`statut` = 1 ,`supprime` = 0 ,`date_livraison` = "2024-12-12"  WHERE id = 8410
2024-12-12 07:18:28;UPDATE `pe_bl` SET `num_cmd` = "COMMANDE1" ,`id_tiers_facturation` = 37 ,`id_tiers_livraison` = 37 ,`id_tiers_transporteur` = 231 ,`id_adresse_livraison` = 35 ,`nom_client` = "" ,`statut` = 1 ,`supprime` = 0 ,`date_livraison` = "2024-12-12"  WHERE id = 8410
2024-12-12 07:19:03;UPDATE `pe_bl_lignes` SET `pu_ht` = 100  WHERE `id` = 76053
2024-12-12 07:19:03;UPDATE `pe_bl_lignes` SET `pu_ht` = 100  WHERE `id` = 76051
2024-12-12 07:19:03;UPDATE `pe_bl_lignes` SET `pu_ht` = 100  WHERE `id` = 76052
2024-12-12 07:19:06;UPDATE `pe_tarif_client` SET `prix` = 100  WHERE `id` = 2092
2024-12-12 07:37:20;UPDATE `pe_bl` SET `supprime` = 1 WHERE `id` IN (1,3,4,9,10,40,42,51,53,65,72,80,81,84,85,86,88,93,96,108,111,112,139,140,147,150,160,168,173,174,176,182,191,195,196,199,202,203,211,236,237,247,248,251,252,274,275,276,282,284,285,287,298,301,307,308,310,311,336,343,366,367,379,380,401,402,403,404,407,409,411,502,510,512,521,527,534,568,569,641,691,692,715,716,717,718,719,720,721,722,730,731,797,856,957,1038,1040,1041,1062,1087,1101,1110,1125,1142,1143,1144,1243,1343,1378,1514,1533,1565,1571,1642,1676,1771,1814,1832,1860,1881,1929,1943,1992,2004,2039,2040,2041,2042,2106,2132,2133,2145,2146,2184,2195,2197,2201,2205,2210,2216,2223,2230,2238,2275,2290,2304,2318,2354,2508,2529,2584,2585,2588,2646,2681,2687,2692,2694,2706,2713,2714,2911,3003,3007,3042,3062,3080,3081,3098,3155,3204,3215,3267,3271,3273,3360,3449,3464,3479,3526,3615,3635,3643,3653,3688,3706,3707,3711,3794,3804,3888,3965,3982,3983,4112,4209,4223,4232,4233,4307,4308,4336,4439,4463,4472,4473,4474,4514,4526,4530,4531,4557,4568,4679,4703,4711,4713,4720,4737,4816,4976,5054,5083,5095,5124,5150,5253,5295,5334,5376,5411,5413,5415,5423,5481,5486,5492,5554,5631,5632,5669,5689,5714,5812,5874,5914,5941,5948,6004,6068,6118,6121,6160,6163,6260,6322,6379,6464,6506,6570,6608,6712,6780,6799,6800,6926,7004,7256,7369,7575,7610,7641,7713,7747,7749,7849,7856,8026,8028,8035,8041,8043,8046,8061,8092,8181,8254,8257,8259,8337,8339,8340,8341,8342,8343,8344,8345,8346,8347,8348,8349,8350,8351,8352,8353,8355,8356,8359,8360,8361,8362,8363,8364,8365,8370,8371,8375,8377,8380,8387,8388,8389,8390,8391,8392,8393,8394,8396,8397,8400,8401,8402,8404,8405,8407,8408,8409,8395)
2024-12-12 07:37:37;INSERT INTO `pe_bl` (`num_bl`,`supprime`,`statut`,`date`) VALUES ("BL2412014" ,0 ,1 ,"2024-12-12" )
2024-12-12 07:38:41;INSERT INTO `pe_bl_lignes` (`id_produit`,`id_palette`,`numlot`,`id_lot`,`poids`,`nb_colis`,`id_compo`,`num_palette`,`id_bl`,`id_produit_bl`,`pu_ht`,`tva`,`qte`,`supprime`,`date_add`) VALUES (473 ,0 ,1233 ,0 ,50 ,10 ,0 ,0 ,8411 ,0 ,0 ,5.5 ,1 ,0 ,"2024-12-12 07:38:41" )
2024-12-12 07:38:41;UPDATE `pe_bl` SET `id_tiers_facturation` = 37  WHERE id = 8411
2024-12-12 07:38:54;UPDATE `pe_bl_lignes` SET `pu_ht` = 1000  WHERE `id` = 76054
2024-12-12 07:39:16;UPDATE `pe_bl_lignes` SET `qte` = 1  WHERE `id` = 76054
2024-12-12 07:39:18;UPDATE `pe_bl_lignes` SET `poids` = 50  WHERE `id` = 76054
2024-12-12 07:39:20;UPDATE `pe_bl_lignes` SET `numlot` = 1233  WHERE `id` = 76054
2024-12-12 07:39:27;UPDATE `pe_bl` SET `supprime` = 0 ,`num_cmd` = "" ,`date` = "2024-12-12" ,`id_tiers_facturation` = 37 ,`id_tiers_livraison` = 37 ,`id_adresse_livraison` = 35 ,`id_tiers_transporteur` = 231 ,`regroupement` = 0 ,`date_livraison` = "2024-12-14" ,`chiffrage` = 1 ,`statut` = 1  WHERE id = 8411
2024-12-12 07:39:35;UPDATE `pe_bl` SET `supprime` = 1 WHERE `id` IN (1,3,4,9,10,40,42,51,53,65,72,80,81,84,85,86,88,93,96,108,111,112,139,140,147,150,160,168,173,174,176,182,191,195,196,199,202,203,211,236,237,247,248,251,252,274,275,276,282,284,285,287,298,301,307,308,310,311,336,343,366,367,379,380,401,402,403,404,407,409,411,502,510,512,521,527,534,568,569,641,691,692,715,716,717,718,719,720,721,722,730,731,797,856,957,1038,1040,1041,1062,1087,1101,1110,1125,1142,1143,1144,1243,1343,1378,1514,1533,1565,1571,1642,1676,1771,1814,1832,1860,1881,1929,1943,1992,2004,2039,2040,2041,2042,2106,2132,2133,2145,2146,2184,2195,2197,2201,2205,2210,2216,2223,2230,2238,2275,2290,2304,2318,2354,2508,2529,2584,2585,2588,2646,2681,2687,2692,2694,2706,2713,2714,2911,3003,3007,3042,3062,3080,3081,3098,3155,3204,3215,3267,3271,3273,3360,3449,3464,3479,3526,3615,3635,3643,3653,3688,3706,3707,3711,3794,3804,3888,3965,3982,3983,4112,4209,4223,4232,4233,4307,4308,4336,4439,4463,4472,4473,4474,4514,4526,4530,4531,4557,4568,4679,4703,4711,4713,4720,4737,4816,4976,5054,5083,5095,5124,5150,5253,5295,5334,5376,5411,5413,5415,5423,5481,5486,5492,5554,5631,5632,5669,5689,5714,5812,5874,5914,5941,5948,6004,6068,6118,6121,6160,6163,6260,6322,6379,6464,6506,6570,6608,6712,6780,6799,6800,6926,7004,7256,7369,7575,7610,7641,7713,7747,7749,7849,7856,8026,8028,8035,8041,8043,8046,8061,8092,8181,8254,8257,8259,8337,8339,8340,8341,8342,8343,8344,8345,8346,8347,8348,8349,8350,8351,8352,8353,8355,8356,8359,8360,8361,8362,8363,8364,8365,8370,8371,8375,8377,8380,8387,8388,8389,8390,8391,8392,8393,8394,8396,8397,8400,8401,8402,8404,8405,8407,8408,8409,8395)
2024-12-12 07:40:12;UPDATE `pe_bl` SET `num_cmd` = "" ,`id_tiers_facturation` = 37 ,`id_tiers_livraison` = 37 ,`id_tiers_transporteur` = 231 ,`id_adresse_livraison` = 35 ,`nom_client` = "" ,`statut` = 1 ,`supprime` = 0 ,`date_livraison` = "2024-12-14"  WHERE id = 8411
2024-12-12 07:40:21;UPDATE `pe_bl` SET `num_cmd` = "" ,`date` = "2024-12-12" ,`id_tiers_facturation` = 37 ,`id_tiers_livraison` = 37 ,`id_adresse_livraison` = 35 ,`id_tiers_transporteur` = 231 ,`date_livraison` = "2024-12-14"  WHERE id = 8411
2024-12-12 07:40:21;UPDATE `pe_tiers` SET `id_langue` = 1  WHERE `id` = 37
2024-12-12 07:40:21;UPDATE `pe_tiers_types` SET `id_famille` = 0 WHERE `id_tiers` = 37
2024-12-12 07:40:21;UPDATE `pe_bl` SET `num_cmd` = "" ,`date` = "2024-12-12" ,`id_tiers_facturation` = 37 ,`id_tiers_livraison` = 37 ,`id_adresse_livraison` = 35 ,`id_tiers_transporteur` = 231 ,`date_livraison` = "2024-12-14" ,`chiffrage` = 1  WHERE id = 8411
2024-12-12 07:40:21;UPDATE `pe_bl` SET `num_cmd` = "" ,`date` = "2024-12-12" ,`id_tiers_facturation` = 37 ,`id_tiers_livraison` = 37 ,`id_adresse_livraison` = 35 ,`id_tiers_transporteur` = 231 ,`date_livraison` = "2024-12-14" ,`chiffrage` = 1 ,`statut` = 2 ,`supprime` = 0  WHERE id = 8411
2024-12-12 07:40:21;UPDATE `pe_palette_composition` SET `supprime` = 1, `archive` = 1 WHERE `id` IN (0)
2024-12-12 07:40:21;UPDATE `pe_bl` SET `date_envoi` = NULL WHERE `id` = 8411
2024-12-12 07:41:16;UPDATE `pe_bl` SET `supprime` = 1 WHERE `id` IN (1,3,4,9,10,40,42,51,53,65,72,80,81,84,85,86,88,93,96,108,111,112,139,140,147,150,160,168,173,174,176,182,191,195,196,199,202,203,211,236,237,247,248,251,252,274,275,276,282,284,285,287,298,301,307,308,310,311,336,343,366,367,379,380,401,402,403,404,407,409,411,502,510,512,521,527,534,568,569,641,691,692,715,716,717,718,719,720,721,722,730,731,797,856,957,1038,1040,1041,1062,1087,1101,1110,1125,1142,1143,1144,1243,1343,1378,1514,1533,1565,1571,1642,1676,1771,1814,1832,1860,1881,1929,1943,1992,2004,2039,2040,2041,2042,2106,2132,2133,2145,2146,2184,2195,2197,2201,2205,2210,2216,2223,2230,2238,2275,2290,2304,2318,2354,2508,2529,2584,2585,2588,2646,2681,2687,2692,2694,2706,2713,2714,2911,3003,3007,3042,3062,3080,3081,3098,3155,3204,3215,3267,3271,3273,3360,3449,3464,3479,3526,3615,3635,3643,3653,3688,3706,3707,3711,3794,3804,3888,3965,3982,3983,4112,4209,4223,4232,4233,4307,4308,4336,4439,4463,4472,4473,4474,4514,4526,4530,4531,4557,4568,4679,4703,4711,4713,4720,4737,4816,4976,5054,5083,5095,5124,5150,5253,5295,5334,5376,5411,5413,5415,5423,5481,5486,5492,5554,5631,5632,5669,5689,5714,5812,5874,5914,5941,5948,6004,6068,6118,6121,6160,6163,6260,6322,6379,6464,6506,6570,6608,6712,6780,6799,6800,6926,7004,7256,7369,7575,7610,7641,7713,7747,7749,7849,7856,8026,8028,8035,8041,8043,8046,8061,8092,8181,8254,8257,8259,8337,8339,8340,8341,8342,8343,8344,8345,8346,8347,8348,8349,8350,8351,8352,8353,8355,8356,8359,8360,8361,8362,8363,8364,8365,8370,8371,8375,8377,8380,8387,8388,8389,8390,8391,8392,8393,8394,8396,8397,8400,8401,8402,8404,8405,8407,8408,8409,8395)
2024-12-12 07:49:54;UPDATE `pe_langues` SET `actif` = 1 WHERE `iso` = "FR"
2024-12-12 07:50:21;INSERT INTO `pe_palettes` (`id_user`,`date`,`statut`,`supprime`,`numero`) VALUES (1 ,"2024-12-12 07:50:21" ,0 ,0 ,1 )
2024-12-12 07:50:21;UPDATE `pe_produits` SET `poids` = 1 ,`palette_suiv` = 2  WHERE `id` = 171
2024-12-12 07:50:21;INSERT INTO `pe_palette_composition` (`supprime`,`date`,`id_user`,`id_palette`,`id_produit`,`id_client`,`id_lot_pdt_negoce`) VALUES (0 ,"2024-12-12 07:50:21" ,1 ,10653 ,171 ,39 ,114 )
2024-12-12 07:50:28;UPDATE `pe_langues` SET `actif` = 1 WHERE `iso` = "FR"
2024-12-12 07:50:46;UPDATE `pe_negoce_produits` SET `nb_cartons` = 2 ,`poids` = 50 ,`quantite` = 0  WHERE `id_lot_pdt_negoce` = 100
2024-12-12 07:51:04;UPDATE `pe_bl` SET `supprime` = 1 WHERE `id` IN (1,3,4,9,10,40,42,51,53,65,72,80,81,84,85,86,88,93,96,108,111,112,139,140,147,150,160,168,173,174,176,182,191,195,196,199,202,203,211,236,237,247,248,251,252,274,275,276,282,284,285,287,298,301,307,308,310,311,336,343,366,367,379,380,401,402,403,404,407,409,411,502,510,512,521,527,534,568,569,641,691,692,715,716,717,718,719,720,721,722,730,731,797,856,957,1038,1040,1041,1062,1087,1101,1110,1125,1142,1143,1144,1243,1343,1378,1514,1533,1565,1571,1642,1676,1771,1814,1832,1860,1881,1929,1943,1992,2004,2039,2040,2041,2042,2106,2132,2133,2145,2146,2184,2195,2197,2201,2205,2210,2216,2223,2230,2238,2275,2290,2304,2318,2354,2508,2529,2584,2585,2588,2646,2681,2687,2692,2694,2706,2713,2714,2911,3003,3007,3042,3062,3080,3081,3098,3155,3204,3215,3267,3271,3273,3360,3449,3464,3479,3526,3615,3635,3643,3653,3688,3706,3707,3711,3794,3804,3888,3965,3982,3983,4112,4209,4223,4232,4233,4307,4308,4336,4439,4463,4472,4473,4474,4514,4526,4530,4531,4557,4568,4679,4703,4711,4713,4720,4737,4816,4976,5054,5083,5095,5124,5150,5253,5295,5334,5376,5411,5413,5415,5423,5481,5486,5492,5554,5631,5632,5669,5689,5714,5812,5874,5914,5941,5948,6004,6068,6118,6121,6160,6163,6260,6322,6379,6464,6506,6570,6608,6712,6780,6799,6800,6926,7004,7256,7369,7575,7610,7641,7713,7747,7749,7849,7856,8026,8028,8035,8041,8043,8046,8061,8092,8181,8254,8257,8259,8337,8339,8340,8341,8342,8343,8344,8345,8346,8347,8348,8349,8350,8351,8352,8353,8355,8356,8359,8360,8361,8362,8363,8364,8365,8370,8371,8375,8377,8380,8387,8388,8389,8390,8391,8392,8393,8394,8396,8397,8400,8401,8402,8404,8405,8407,8408,8409,8395)
2024-12-12 07:51:08;INSERT INTO `pe_bl` (`num_bl`,`supprime`,`statut`,`date`) VALUES ("BL2412015" ,0 ,1 ,"2024-12-12" )
2024-12-12 07:52:08;UPDATE `pe_bl` SET `id_tiers_facturation` = 70  WHERE id = 8412
2024-12-12 07:53:06;UPDATE `pe_langues` SET `actif` = 1 WHERE `iso` = "FR"
2024-12-12 07:53:06;UPDATE `pe_palette_composition` SET `supprime` = 1 WHERE `id_lot_hors_stock` > 0 AND `id` NOT IN
                        ( SELECT `id_compo` FROM `pe_bl_lignes`) 
                        AND  `id_lot_hors_stock` NOT IN (SELECT `id` FROM `pe_lots`)
2024-12-12 07:53:14;UPDATE `pe_langues` SET `actif` = 1 WHERE `iso` = "FR"
2024-12-12 07:53:50;UPDATE `pe_negoce_produits` SET `nb_cartons` = 5 ,`poids` = 5 ,`quantite` = 0  WHERE `id_lot_pdt_negoce` = 113
2024-12-12 07:54:09;UPDATE `pe_bl` SET `supprime` = 1 WHERE `id` IN (1,3,4,9,10,40,42,51,53,65,72,80,81,84,85,86,88,93,96,108,111,112,139,140,147,150,160,168,173,174,176,182,191,195,196,199,202,203,211,236,237,247,248,251,252,274,275,276,282,284,285,287,298,301,307,308,310,311,336,343,366,367,379,380,401,402,403,404,407,409,411,502,510,512,521,527,534,568,569,641,691,692,715,716,717,718,719,720,721,722,730,731,797,856,957,1038,1040,1041,1062,1087,1101,1110,1125,1142,1143,1144,1243,1343,1378,1514,1533,1565,1571,1642,1676,1771,1814,1832,1860,1881,1929,1943,1992,2004,2039,2040,2041,2042,2106,2132,2133,2145,2146,2184,2195,2197,2201,2205,2210,2216,2223,2230,2238,2275,2290,2304,2318,2354,2508,2529,2584,2585,2588,2646,2681,2687,2692,2694,2706,2713,2714,2911,3003,3007,3042,3062,3080,3081,3098,3155,3204,3215,3267,3271,3273,3360,3449,3464,3479,3526,3615,3635,3643,3653,3688,3706,3707,3711,3794,3804,3888,3965,3982,3983,4112,4209,4223,4232,4233,4307,4308,4336,4439,4463,4472,4473,4474,4514,4526,4530,4531,4557,4568,4679,4703,4711,4713,4720,4737,4816,4976,5054,5083,5095,5124,5150,5253,5295,5334,5376,5411,5413,5415,5423,5481,5486,5492,5554,5631,5632,5669,5689,5714,5812,5874,5914,5941,5948,6004,6068,6118,6121,6160,6163,6260,6322,6379,6464,6506,6570,6608,6712,6780,6799,6800,6926,7004,7256,7369,7575,7610,7641,7713,7747,7749,7849,7856,8026,8028,8035,8041,8043,8046,8061,8092,8181,8254,8257,8259,8337,8339,8340,8341,8342,8343,8344,8345,8346,8347,8348,8349,8350,8351,8352,8353,8355,8356,8359,8360,8361,8362,8363,8364,8365,8370,8371,8375,8377,8380,8387,8388,8389,8390,8391,8392,8393,8394,8396,8397,8400,8401,8402,8404,8405,8407,8408,8409,8412,8395)
2024-12-12 07:54:13;INSERT INTO `pe_bl` (`num_bl`,`supprime`,`statut`,`date`) VALUES ("BL2412016" ,0 ,1 ,"2024-12-12" )
2024-12-12 07:55:32;UPDATE `pe_bl` SET `id_tiers_facturation` = 332  WHERE id = 8413
2024-12-12 08:29:25;UPDATE `pe_bl_lignes` SET `supprime` = 1 WHERE `supprime` = 0  AND `id_bl` IN (SELECT `id` FROM `pe_bl` WHERE `supprime` = 1)
2024-12-12 08:36:11;INSERT INTO `pe_negoce_produits` (`poids`,`quantite`,`supprime`,`date_add`,`id_lot_negoce`,`id_pdt`,`nb_cartons`,`traite`,`user_add`,`num_lot`,`dlc`) VALUES (20 ,10 ,0 ,"2024-12-12 08:36:11" ,81 ,445 ,5 ,0 ,1 ,12122024 ,"2024-12-12" )
2024-12-12 08:36:18;INSERT INTO `pe_bl` (`num_bl`,`supprime`,`statut`,`date`) VALUES ("BL2412017" ,0 ,1 ,"2024-12-12" )
2024-12-12 08:37:18;INSERT INTO `pe_palettes` (`numero`,`date`,`id_user`,`statut`,`id_poids_palette`,`id_client`,`scan_frais`,`supprime`) VALUES (1 ,"2024-12-12 08:37:18" ,1 ,0 ,0 ,0 ,0 ,0 )
2024-12-12 08:37:18;UPDATE `pe_bl` SET `id_tiers_facturation` = 465  WHERE id = 8414
2024-12-12 08:37:55;UPDATE `pe_bl` SET `supprime` = 1 WHERE `id` IN (1,3,4,9,10,40,42,51,53,65,72,80,81,84,85,86,88,93,96,108,111,112,139,140,147,150,160,168,173,174,176,182,191,195,196,199,202,203,211,236,237,247,248,251,252,274,275,276,282,284,285,287,298,301,307,308,310,311,336,343,366,367,379,380,401,402,403,404,407,409,411,502,510,512,521,527,534,568,569,641,691,692,715,716,717,718,719,720,721,722,730,731,797,856,957,1038,1040,1041,1062,1087,1101,1110,1125,1142,1143,1144,1243,1343,1378,1514,1533,1565,1571,1642,1676,1771,1814,1832,1860,1881,1929,1943,1992,2004,2039,2040,2041,2042,2106,2132,2133,2145,2146,2184,2195,2197,2201,2205,2210,2216,2223,2230,2238,2275,2290,2304,2318,2354,2508,2529,2584,2585,2588,2646,2681,2687,2692,2694,2706,2713,2714,2911,3003,3007,3042,3062,3080,3081,3098,3155,3204,3215,3267,3271,3273,3360,3449,3464,3479,3526,3615,3635,3643,3653,3688,3706,3707,3711,3794,3804,3888,3965,3982,3983,4112,4209,4223,4232,4233,4307,4308,4336,4439,4463,4472,4473,4474,4514,4526,4530,4531,4557,4568,4679,4703,4711,4713,4720,4737,4816,4976,5054,5083,5095,5124,5150,5253,5295,5334,5376,5411,5413,5415,5423,5481,5486,5492,5554,5631,5632,5669,5689,5714,5812,5874,5914,5941,5948,6004,6068,6118,6121,6160,6163,6260,6322,6379,6464,6506,6570,6608,6712,6780,6799,6800,6926,7004,7256,7369,7575,7610,7641,7713,7747,7749,7849,7856,8026,8028,8035,8041,8043,8046,8061,8092,8181,8254,8257,8259,8337,8339,8340,8341,8342,8343,8344,8345,8346,8347,8348,8349,8350,8351,8352,8353,8355,8356,8359,8360,8361,8362,8363,8364,8365,8370,8371,8375,8377,8380,8387,8388,8389,8390,8391,8392,8393,8394,8396,8397,8400,8401,8402,8404,8405,8407,8408,8409,8412,8413,8414,8395)
2024-12-12 08:38:01;INSERT INTO `pe_bl` (`num_bl`,`supprime`,`statut`,`date`) VALUES ("BL2412018" ,0 ,1 ,"2024-12-12" )
2024-12-12 08:38:42;INSERT INTO `pe_bl_lignes` (`id_produit`,`id_palette`,`numlot`,`id_lot`,`poids`,`nb_colis`,`id_compo`,`num_palette`,`id_bl`,`id_produit_bl`,`pu_ht`,`tva`,`qte`,`supprime`,`date_add`) VALUES (445 ,0 ,12122024 ,0 ,20 ,5 ,0 ,0 ,8415 ,0 ,0 ,5.5 ,1 ,0 ,"2024-12-12 08:38:42" )
2024-12-12 08:38:42;UPDATE `pe_bl` SET `id_tiers_facturation` = 451  WHERE id = 8415
2024-12-12 08:38:51;UPDATE `pe_bl_lignes` SET `pu_ht` = 100  WHERE `id` = 76055
2024-12-12 08:39:30;UPDATE `pe_bl` SET `supprime` = 0 ,`num_cmd` = "bl" ,`date` = "2024-12-12" ,`id_tiers_facturation` = 451 ,`id_tiers_livraison` = 451 ,`id_adresse_livraison` = 701 ,`id_tiers_transporteur` = 321 ,`regroupement` = 0 ,`date_livraison` = "2024-12-12" ,`chiffrage` = 0 ,`statut` = 1  WHERE id = 8415
2024-12-12 08:39:36;UPDATE `pe_bl` SET `supprime` = 1 WHERE `id` IN (1,3,4,9,10,40,42,51,53,65,72,80,81,84,85,86,88,93,96,108,111,112,139,140,147,150,160,168,173,174,176,182,191,195,196,199,202,203,211,236,237,247,248,251,252,274,275,276,282,284,285,287,298,301,307,308,310,311,336,343,366,367,379,380,401,402,403,404,407,409,411,502,510,512,521,527,534,568,569,641,691,692,715,716,717,718,719,720,721,722,730,731,797,856,957,1038,1040,1041,1062,1087,1101,1110,1125,1142,1143,1144,1243,1343,1378,1514,1533,1565,1571,1642,1676,1771,1814,1832,1860,1881,1929,1943,1992,2004,2039,2040,2041,2042,2106,2132,2133,2145,2146,2184,2195,2197,2201,2205,2210,2216,2223,2230,2238,2275,2290,2304,2318,2354,2508,2529,2584,2585,2588,2646,2681,2687,2692,2694,2706,2713,2714,2911,3003,3007,3042,3062,3080,3081,3098,3155,3204,3215,3267,3271,3273,3360,3449,3464,3479,3526,3615,3635,3643,3653,3688,3706,3707,3711,3794,3804,3888,3965,3982,3983,4112,4209,4223,4232,4233,4307,4308,4336,4439,4463,4472,4473,4474,4514,4526,4530,4531,4557,4568,4679,4703,4711,4713,4720,4737,4816,4976,5054,5083,5095,5124,5150,5253,5295,5334,5376,5411,5413,5415,5423,5481,5486,5492,5554,5631,5632,5669,5689,5714,5812,5874,5914,5941,5948,6004,6068,6118,6121,6160,6163,6260,6322,6379,6464,6506,6570,6608,6712,6780,6799,6800,6926,7004,7256,7369,7575,7610,7641,7713,7747,7749,7849,7856,8026,8028,8035,8041,8043,8046,8061,8092,8181,8254,8257,8259,8337,8339,8340,8341,8342,8343,8344,8345,8346,8347,8348,8349,8350,8351,8352,8353,8355,8356,8359,8360,8361,8362,8363,8364,8365,8370,8371,8375,8377,8380,8387,8388,8389,8390,8391,8392,8393,8394,8396,8397,8400,8401,8402,8404,8405,8407,8408,8409,8412,8413,8414,8395)
2024-12-12 08:40:24;UPDATE `pe_bl` SET `num_cmd` = "bl" ,`id_tiers_facturation` = 451 ,`id_tiers_livraison` = 451 ,`id_tiers_transporteur` = 321 ,`id_adresse_livraison` = 701 ,`nom_client` = "" ,`statut` = 1 ,`supprime` = 0 ,`date_livraison` = "2024-12-12"  WHERE id = 8415
2024-12-12 08:45:00;UPDATE `pe_bl` SET `supprime` = 1 WHERE `id` IN (1,3,4,9,10,40,42,51,53,65,72,80,81,84,85,86,88,93,96,108,111,112,139,140,147,150,160,168,173,174,176,182,191,195,196,199,202,203,211,236,237,247,248,251,252,274,275,276,282,284,285,287,298,301,307,308,310,311,336,343,366,367,379,380,401,402,403,404,407,409,411,502,510,512,521,527,534,568,569,641,691,692,715,716,717,718,719,720,721,722,730,731,797,856,957,1038,1040,1041,1062,1087,1101,1110,1125,1142,1143,1144,1243,1343,1378,1514,1533,1565,1571,1642,1676,1771,1814,1832,1860,1881,1929,1943,1992,2004,2039,2040,2041,2042,2106,2132,2133,2145,2146,2184,2195,2197,2201,2205,2210,2216,2223,2230,2238,2275,2290,2304,2318,2354,2508,2529,2584,2585,2588,2646,2681,2687,2692,2694,2706,2713,2714,2911,3003,3007,3042,3062,3080,3081,3098,3155,3204,3215,3267,3271,3273,3360,3449,3464,3479,3526,3615,3635,3643,3653,3688,3706,3707,3711,3794,3804,3888,3965,3982,3983,4112,4209,4223,4232,4233,4307,4308,4336,4439,4463,4472,4473,4474,4514,4526,4530,4531,4557,4568,4679,4703,4711,4713,4720,4737,4816,4976,5054,5083,5095,5124,5150,5253,5295,5334,5376,5411,5413,5415,5423,5481,5486,5492,5554,5631,5632,5669,5689,5714,5812,5874,5914,5941,5948,6004,6068,6118,6121,6160,6163,6260,6322,6379,6464,6506,6570,6608,6712,6780,6799,6800,6926,7004,7256,7369,7575,7610,7641,7713,7747,7749,7849,7856,8026,8028,8035,8041,8043,8046,8061,8092,8181,8254,8257,8259,8337,8339,8340,8341,8342,8343,8344,8345,8346,8347,8348,8349,8350,8351,8352,8353,8355,8356,8359,8360,8361,8362,8363,8364,8365,8370,8371,8375,8377,8380,8387,8388,8389,8390,8391,8392,8393,8394,8396,8397,8400,8401,8402,8404,8405,8407,8408,8409,8412,8413,8414,8395)
2024-12-12 08:45:36;UPDATE `pe_langues` SET `actif` = 1 WHERE `iso` = "FR"
2024-12-12 08:45:40;UPDATE `pe_langues` SET `actif` = 1 WHERE `iso` = "FR"
2024-12-12 08:46:17;UPDATE `pe_negoce_produits` SET `nb_cartons` = 5 ,`poids` = 20 ,`quantite` = 0  WHERE `id_lot_pdt_negoce` = 115
2024-12-12 08:52:24;UPDATE `pe_negoce_produits` SET `nb_cartons` = 5 ,`poids` = 20 ,`quantite` = 0  WHERE `id_lot_pdt_negoce` = 115
2024-12-12 08:56:20;UPDATE `pe_negoce_produits` SET `nb_cartons` = 5 ,`poids` = 20 ,`quantite` = 0  WHERE `id_lot_pdt_negoce` = 115
2024-12-12 08:58:32;UPDATE `pe_langues` SET `actif` = 1 WHERE `iso` = "FR"
2024-12-12 08:58:48;UPDATE `pe_negoce_produits` SET `nb_cartons` = 5 ,`poids` = 20 ,`quantite` = 0  WHERE `id_lot_pdt_negoce` = 115
2024-12-12 08:58:48;INSERT INTO `pe_palette_composition` (`id_palette`,`poids`,`nb_colis`,`id_client`,`id_produit`,`id_lot_pdt_froid`,`id_lot_pdt_negoce`,`id_lot_regroupement`,`date`,`id_user`,`supprime`) VALUES (10603 ,20 ,5 ,451 ,445 ,0 ,115 ,0 ,"2024-12-12 08:58:48" ,1 ,0 )
2024-12-12 09:01:08;UPDATE `pe_langues` SET `actif` = 1 WHERE `iso` = "FR"
2024-12-12 09:01:19;INSERT INTO `pe_bl` (`supprime`,`date_add`,`date`,`num_cmd`,`id_lot_negoce`,`id_tiers_facturation`,`id_tiers_livraison`,`id_tiers_transporteur`,`regroupement`,`chiffrage`) VALUES (1 ,"2024-12-12 09:01:19" ,"2024-12-12" ,"BL2412019" ,81 ,0 ,0 ,0 ,0 ,0 )
2024-12-12 09:01:41;UPDATE `pe_bl` SET `num_cmd` = "BL2412019" ,`id_tiers_facturation` = 37 ,`id_tiers_livraison` = 37 ,`id_tiers_transporteur` = 0 ,`id_adresse_livraison` = 35 ,`nom_client` = "" ,`statut` = 1 ,`supprime` = 0  WHERE id = 8416
2024-12-12 09:02:09;UPDATE `pe_bl` SET `num_cmd` = "BL2412019" ,`id_tiers_facturation` = 37 ,`id_tiers_livraison` = 37 ,`id_tiers_transporteur` = 147 ,`id_adresse_livraison` = 35 ,`nom_client` = "" ,`statut` = 1 ,`supprime` = 0 ,`date_livraison` = "2024-12-12"  WHERE id = 8416
2024-12-12 09:02:31;UPDATE `pe_bl` SET `num_cmd` = "BL2412019" ,`id_tiers_facturation` = 37 ,`id_tiers_livraison` = 37 ,`id_tiers_transporteur` = 147 ,`id_adresse_livraison` = 35 ,`nom_client` = "" ,`statut` = 1 ,`supprime` = 0 ,`date_livraison` = "2024-12-12"  WHERE id = 8416
2024-12-12 09:03:08;UPDATE `pe_langues` SET `actif` = 1 WHERE `iso` = "FR"
2024-12-12 09:03:34;UPDATE `pe_negoce_produits` SET `nb_cartons` = 5 ,`poids` = 20  WHERE `id_lot_pdt_negoce` = 115
2024-12-12 09:03:34;DELETE FROM `pe_palette_composition` WHERE `id` = 88955
2024-12-12 09:03:34;INSERT INTO `pe_palette_composition` (`id_palette`,`poids`,`nb_colis`,`id_client`,`id_produit`,`id_lot_pdt_froid`,`id_lot_pdt_negoce`,`id_lot_regroupement`,`date`,`id_user`,`supprime`) VALUES (10603 ,20 ,5 ,451 ,445 ,0 ,115 ,0 ,"2024-12-12 09:03:34" ,1 ,0 )
2024-12-12 09:03:43;UPDATE `pe_negoce_produits` SET `traite` = 1  WHERE `id_lot_pdt_negoce` = 115
2024-12-12 09:03:51;UPDATE `pe_negoce_produits` SET `nb_cartons` = 5 ,`poids` = 20  WHERE `id_lot_pdt_negoce` = 115
2024-12-12 09:03:51;DELETE FROM `pe_palette_composition` WHERE `id` = 88956
2024-12-12 09:03:51;INSERT INTO `pe_palette_composition` (`id_palette`,`poids`,`nb_colis`,`id_client`,`id_produit`,`id_lot_pdt_froid`,`id_lot_pdt_negoce`,`id_lot_regroupement`,`date`,`id_user`,`supprime`) VALUES (10603 ,20 ,5 ,451 ,445 ,0 ,115 ,0 ,"2024-12-12 09:03:51" ,1 ,0 )
2024-12-12 09:03:58;UPDATE `pe_langues` SET `actif` = 1 WHERE `iso` = "FR"
2024-12-12 09:04:03;UPDATE `pe_bl` SET `supprime` = 1 WHERE `id` IN (1,3,4,9,10,40,42,51,53,65,72,80,81,84,85,86,88,93,96,108,111,112,139,140,147,150,160,168,173,174,176,182,191,195,196,199,202,203,211,236,237,247,248,251,252,274,275,276,282,284,285,287,298,301,307,308,310,311,336,343,366,367,379,380,401,402,403,404,407,409,411,502,510,512,521,527,534,568,569,641,691,692,715,716,717,718,719,720,721,722,730,731,797,856,957,1038,1040,1041,1062,1087,1101,1110,1125,1142,1143,1144,1243,1343,1378,1514,1533,1565,1571,1642,1676,1771,1814,1832,1860,1881,1929,1943,1992,2004,2039,2040,2041,2042,2106,2132,2133,2145,2146,2184,2195,2197,2201,2205,2210,2216,2223,2230,2238,2275,2290,2304,2318,2354,2508,2529,2584,2585,2588,2646,2681,2687,2692,2694,2706,2713,2714,2911,3003,3007,3042,3062,3080,3081,3098,3155,3204,3215,3267,3271,3273,3360,3449,3464,3479,3526,3615,3635,3643,3653,3688,3706,3707,3711,3794,3804,3888,3965,3982,3983,4112,4209,4223,4232,4233,4307,4308,4336,4439,4463,4472,4473,4474,4514,4526,4530,4531,4557,4568,4679,4703,4711,4713,4720,4737,4816,4976,5054,5083,5095,5124,5150,5253,5295,5334,5376,5411,5413,5415,5423,5481,5486,5492,5554,5631,5632,5669,5689,5714,5812,5874,5914,5941,5948,6004,6068,6118,6121,6160,6163,6260,6322,6379,6464,6506,6570,6608,6712,6780,6799,6800,6926,7004,7256,7369,7575,7610,7641,7713,7747,7749,7849,7856,8026,8028,8035,8041,8043,8046,8061,8092,8181,8254,8257,8259,8337,8339,8340,8341,8342,8343,8344,8345,8346,8347,8348,8349,8350,8351,8352,8353,8355,8356,8359,8360,8361,8362,8363,8364,8365,8370,8371,8375,8377,8380,8387,8388,8389,8390,8391,8392,8393,8394,8396,8397,8400,8401,8402,8404,8405,8407,8408,8409,8412,8413,8414,8416,8395)
2024-12-12 09:04:07;INSERT INTO `pe_bl` (`num_bl`,`supprime`,`statut`,`date`) VALUES ("BL2412019" ,0 ,1 ,"2024-12-12" )
2024-12-12 09:06:18;INSERT INTO `pe_negoce_produits` (`poids`,`quantite`,`supprime`,`date_add`,`id_lot_negoce`,`id_pdt`,`nb_cartons`,`traite`,`user_add`,`num_lot`,`dlc`) VALUES (200 ,50 ,0 ,"2024-12-12 09:06:18" ,81 ,172 ,5 ,0 ,1 ,2024 ,"2024-12-15" )
2024-12-12 09:06:39;UPDATE `pe_langues` SET `actif` = 1 WHERE `iso` = "FR"
2024-12-12 09:07:06;INSERT INTO `pe_palettes` (`id_user`,`date`,`statut`,`supprime`,`numero`) VALUES (1 ,"2024-12-12 09:07:06" ,0 ,0 ,1 )
2024-12-12 09:07:06;UPDATE `pe_produits` SET `poids` = 1 ,`palette_suiv` = 2  WHERE `id` = 172
2024-12-12 09:07:06;INSERT INTO `pe_palette_composition` (`supprime`,`date`,`id_user`,`id_palette`,`id_produit`,`id_client`,`id_lot_pdt_negoce`) VALUES (0 ,"2024-12-12 09:07:06" ,1 ,10655 ,172 ,121 ,116 )
2024-12-12 09:07:18;UPDATE `pe_negoce_produits` SET `nb_cartons` = 5 ,`poids` = 200  WHERE `id_lot_pdt_negoce` = 116
2024-12-12 09:07:18;DELETE FROM `pe_palette_composition` WHERE `id` = 88958
2024-12-12 09:07:18;INSERT INTO `pe_palette_composition` (`id_palette`,`poids`,`nb_colis`,`id_client`,`id_produit`,`id_lot_pdt_froid`,`id_lot_pdt_negoce`,`id_lot_regroupement`,`date`,`id_user`,`supprime`) VALUES (10655 ,200 ,5 ,10655 ,172 ,0 ,116 ,0 ,"2024-12-12 09:07:18" ,1 ,0 )
2024-12-12 09:07:18;UPDATE `pe_palettes` SET `statut` = 1  WHERE `id` = 10655
2024-12-12 09:07:34;UPDATE `pe_bl` SET `supprime` = 1 WHERE `id` IN (1,3,4,9,10,40,42,51,53,65,72,80,81,84,85,86,88,93,96,108,111,112,139,140,147,150,160,168,173,174,176,182,191,195,196,199,202,203,211,236,237,247,248,251,252,274,275,276,282,284,285,287,298,301,307,308,310,311,336,343,366,367,379,380,401,402,403,404,407,409,411,502,510,512,521,527,534,568,569,641,691,692,715,716,717,718,719,720,721,722,730,731,797,856,957,1038,1040,1041,1062,1087,1101,1110,1125,1142,1143,1144,1243,1343,1378,1514,1533,1565,1571,1642,1676,1771,1814,1832,1860,1881,1929,1943,1992,2004,2039,2040,2041,2042,2106,2132,2133,2145,2146,2184,2195,2197,2201,2205,2210,2216,2223,2230,2238,2275,2290,2304,2318,2354,2508,2529,2584,2585,2588,2646,2681,2687,2692,2694,2706,2713,2714,2911,3003,3007,3042,3062,3080,3081,3098,3155,3204,3215,3267,3271,3273,3360,3449,3464,3479,3526,3615,3635,3643,3653,3688,3706,3707,3711,3794,3804,3888,3965,3982,3983,4112,4209,4223,4232,4233,4307,4308,4336,4439,4463,4472,4473,4474,4514,4526,4530,4531,4557,4568,4679,4703,4711,4713,4720,4737,4816,4976,5054,5083,5095,5124,5150,5253,5295,5334,5376,5411,5413,5415,5423,5481,5486,5492,5554,5631,5632,5669,5689,5714,5812,5874,5914,5941,5948,6004,6068,6118,6121,6160,6163,6260,6322,6379,6464,6506,6570,6608,6712,6780,6799,6800,6926,7004,7256,7369,7575,7610,7641,7713,7747,7749,7849,7856,8026,8028,8035,8041,8043,8046,8061,8092,8181,8254,8257,8259,8337,8339,8340,8341,8342,8343,8344,8345,8346,8347,8348,8349,8350,8351,8352,8353,8355,8356,8359,8360,8361,8362,8363,8364,8365,8370,8371,8375,8377,8380,8387,8388,8389,8390,8391,8392,8393,8394,8396,8397,8400,8401,8402,8404,8405,8407,8408,8409,8412,8413,8414,8416,8417,8395)
2024-12-12 09:07:42;INSERT INTO `pe_bl` (`num_bl`,`supprime`,`statut`,`date`) VALUES ("BL2412020" ,0 ,1 ,"2024-12-12" )
2024-12-12 09:08:35;INSERT INTO `pe_bl` (`num_bl`,`supprime`,`statut`,`date`) VALUES ("BL2412021" ,0 ,1 ,"2024-12-12" )
2024-12-12 09:26:50;UPDATE `pe_langues` SET `actif` = 1 WHERE `iso` = "FR"
2024-12-12 09:27:09;UPDATE `pe_negoce_produits` SET `nb_cartons` = 5 ,`poids` = 20  WHERE `id_lot_pdt_negoce` = 115
2024-12-12 09:27:09;DELETE FROM `pe_palette_composition` WHERE `id` = 88957
2024-12-12 09:27:09;INSERT INTO `pe_palette_composition` (`id_palette`,`poids`,`nb_colis`,`id_client`,`id_produit`,`id_lot_pdt_froid`,`id_lot_pdt_negoce`,`id_lot_regroupement`,`date`,`id_user`,`supprime`) VALUES (10603 ,20 ,5 ,451 ,445 ,0 ,115 ,0 ,"2024-12-12 09:27:09" ,1 ,0 )
2024-12-12 09:29:35;UPDATE `pe_langues` SET `actif` = 1 WHERE `iso` = "FR"
2024-12-12 09:29:48;UPDATE `pe_langues` SET `actif` = 1 WHERE `iso` = "FR"
2024-12-12 09:30:06;UPDATE `pe_negoce_produits` SET `nb_cartons` = 5 ,`poids` = 20  WHERE `id_lot_pdt_negoce` = 115
2024-12-12 09:30:06;DELETE FROM `pe_palette_composition` WHERE `id` = 88960
2024-12-12 09:30:06;INSERT INTO `pe_palette_composition` (`id_palette`,`poids`,`nb_colis`,`id_client`,`id_produit`,`id_lot_pdt_froid`,`id_lot_pdt_negoce`,`id_lot_regroupement`,`date`,`id_user`,`supprime`) VALUES (10600 ,20 ,5 ,412 ,445 ,0 ,115 ,0 ,"2024-12-12 09:30:06" ,1 ,0 )
2024-12-12 09:30:14;UPDATE `pe_negoce_produits` SET `nb_cartons` = 5 ,`poids` = 20  WHERE `id_lot_pdt_negoce` = 115
2024-12-12 09:30:14;DELETE FROM `pe_palette_composition` WHERE `id` = 88961
2024-12-12 09:30:14;INSERT INTO `pe_palette_composition` (`id_palette`,`poids`,`nb_colis`,`id_client`,`id_produit`,`id_lot_pdt_froid`,`id_lot_pdt_negoce`,`id_lot_regroupement`,`date`,`id_user`,`supprime`) VALUES (10603 ,20 ,5 ,451 ,445 ,0 ,115 ,0 ,"2024-12-12 09:30:14" ,1 ,0 )
2024-12-12 09:31:23;UPDATE `pe_negoce_produits` SET `nb_cartons` = 5 ,`poids` = 20  WHERE `id_lot_pdt_negoce` = 115
2024-12-12 09:31:23;DELETE FROM `pe_palette_composition` WHERE `id` = 88962
2024-12-12 09:31:23;INSERT INTO `pe_palette_composition` (`id_palette`,`poids`,`nb_colis`,`id_client`,`id_produit`,`id_lot_pdt_froid`,`id_lot_pdt_negoce`,`id_lot_regroupement`,`date`,`id_user`,`supprime`) VALUES (10603 ,20 ,5 ,451 ,445 ,0 ,115 ,0 ,"2024-12-12 09:31:23" ,1 ,0 )
2024-12-12 09:32:42;UPDATE `pe_negoce_produits` SET `nb_cartons` = 5 ,`poids` = 20  WHERE `id_lot_pdt_negoce` = 115
2024-12-12 09:32:42;DELETE FROM `pe_palette_composition` WHERE `id` = 88963
2024-12-12 09:32:42;INSERT INTO `pe_palette_composition` (`id_palette`,`poids`,`nb_colis`,`id_client`,`id_produit`,`id_lot_pdt_froid`,`id_lot_pdt_negoce`,`id_lot_regroupement`,`date`,`id_user`,`supprime`) VALUES (10603 ,20 ,5 ,451 ,445 ,0 ,115 ,0 ,"2024-12-12 09:32:42" ,1 ,0 )
2024-12-12 09:33:18;UPDATE `pe_langues` SET `actif` = 1 WHERE `iso` = "FR"
2024-12-12 09:33:41;UPDATE `pe_negoce_produits` SET `nb_cartons` = 1 ,`poids` = 5  WHERE `id_lot_pdt_negoce` = 51
2024-12-12 09:33:41;INSERT INTO `pe_palette_composition` (`id_palette`,`poids`,`nb_colis`,`id_client`,`id_produit`,`id_lot_pdt_froid`,`id_lot_pdt_negoce`,`id_lot_regroupement`,`date`,`id_user`,`supprime`) VALUES (10603 ,5 ,1 ,451 ,445 ,0 ,51 ,0 ,"2024-12-12 09:33:41" ,1 ,0 )
2024-12-12 09:35:46;UPDATE `pe_langues` SET `actif` = 1 WHERE `iso` = "FR"
2024-12-12 09:35:56;UPDATE `pe_negoce_produits` SET `nb_cartons` = 1 ,`poids` = 5  WHERE `id_lot_pdt_negoce` = 51
2024-12-12 09:35:56;DELETE FROM `pe_palette_composition` WHERE `id` = 88965
2024-12-12 09:35:56;INSERT INTO `pe_palette_composition` (`id_palette`,`poids`,`nb_colis`,`id_client`,`id_produit`,`id_lot_pdt_froid`,`id_lot_pdt_negoce`,`id_lot_regroupement`,`date`,`id_user`,`supprime`) VALUES (10603 ,5 ,1 ,451 ,445 ,0 ,51 ,0 ,"2024-12-12 09:35:56" ,1 ,0 )
2024-12-12 09:36:28;UPDATE `pe_negoce_produits` SET `nb_cartons` = 1 ,`poids` = 5  WHERE `id_lot_pdt_negoce` = 51
2024-12-12 09:36:28;DELETE FROM `pe_palette_composition` WHERE `id` = 88966
2024-12-12 09:36:28;INSERT INTO `pe_palette_composition` (`id_palette`,`poids`,`nb_colis`,`id_client`,`id_produit`,`id_lot_pdt_froid`,`id_lot_pdt_negoce`,`id_lot_regroupement`,`date`,`id_user`,`supprime`) VALUES (10603 ,5 ,1 ,451 ,445 ,0 ,51 ,0 ,"2024-12-12 09:36:28" ,1 ,0 )
2024-12-12 09:37:10;UPDATE `pe_langues` SET `actif` = 1 WHERE `iso` = "FR"
2024-12-12 09:37:26;UPDATE `pe_negoce_produits` SET `nb_cartons` = 5 ,`poids` = 20  WHERE `id_lot_pdt_negoce` = 115
2024-12-12 09:37:26;DELETE FROM `pe_palette_composition` WHERE `id` = 88964
2024-12-12 09:37:26;INSERT INTO `pe_palette_composition` (`id_palette`,`poids`,`nb_colis`,`id_client`,`id_produit`,`id_lot_pdt_froid`,`id_lot_pdt_negoce`,`id_lot_regroupement`,`date`,`id_user`,`supprime`) VALUES (10603 ,20 ,5 ,451 ,445 ,0 ,115 ,0 ,"2024-12-12 09:37:26" ,1 ,0 )
2024-12-12 09:37:52;UPDATE `pe_langues` SET `actif` = 1 WHERE `iso` = "FR"
2024-12-12 09:38:05;UPDATE `pe_negoce_produits` SET `nb_cartons` = 5 ,`poids` = 20  WHERE `id_lot_pdt_negoce` = 115
2024-12-12 09:38:05;DELETE FROM `pe_palette_composition` WHERE `id` = 88968
2024-12-12 09:38:05;INSERT INTO `pe_palette_composition` (`id_palette`,`poids`,`nb_colis`,`id_client`,`id_produit`,`id_lot_pdt_froid`,`id_lot_pdt_negoce`,`id_lot_regroupement`,`date`,`id_user`,`supprime`) VALUES (10603 ,20 ,5 ,451 ,445 ,0 ,115 ,0 ,"2024-12-12 09:38:05" ,1 ,0 )
2024-12-12 09:39:16;UPDATE `pe_langues` SET `actif` = 1 WHERE `iso` = "FR"
2024-12-12 09:39:27;UPDATE `pe_langues` SET `actif` = 1 WHERE `iso` = "FR"
2024-12-12 09:39:42;UPDATE `pe_negoce_produits` SET `nb_cartons` = 1 ,`poids` = 5  WHERE `id_lot_pdt_negoce` = 51
2024-12-12 09:39:42;DELETE FROM `pe_palette_composition` WHERE `id` = 88967
2024-12-12 09:39:42;INSERT INTO `pe_palette_composition` (`id_palette`,`poids`,`nb_colis`,`id_client`,`id_produit`,`id_lot_pdt_froid`,`id_lot_pdt_negoce`,`id_lot_regroupement`,`date`,`id_user`,`supprime`) VALUES (10603 ,5 ,1 ,451 ,445 ,0 ,51 ,0 ,"2024-12-12 09:39:42" ,1 ,0 )
2024-12-12 09:41:08;UPDATE `pe_langues` SET `actif` = 1 WHERE `iso` = "FR"
2024-12-12 09:41:19;UPDATE `pe_langues` SET `actif` = 1 WHERE `iso` = "FR"
2024-12-12 09:41:30;UPDATE `pe_negoce_produits` SET `nb_cartons` = 1 ,`poids` = 5  WHERE `id_lot_pdt_negoce` = 51
2024-12-12 09:41:30;DELETE FROM `pe_palette_composition` WHERE `id` = 88970
2024-12-12 09:41:30;INSERT INTO `pe_palette_composition` (`id_palette`,`poids`,`nb_colis`,`id_client`,`id_produit`,`id_lot_pdt_froid`,`id_lot_pdt_negoce`,`id_lot_regroupement`,`date`,`id_user`,`supprime`) VALUES (10603 ,5 ,1 ,451 ,445 ,0 ,51 ,0 ,"2024-12-12 09:41:30" ,1 ,0 )
2024-12-12 09:41:54;UPDATE `pe_langues` SET `actif` = 1 WHERE `iso` = "FR"
2024-12-12 09:42:03;UPDATE `pe_langues` SET `actif` = 1 WHERE `iso` = "FR"
2024-12-12 09:42:16;UPDATE `pe_negoce_produits` SET `nb_cartons` = 1 ,`poids` = 5  WHERE `id_lot_pdt_negoce` = 51
2024-12-12 09:42:16;DELETE FROM `pe_palette_composition` WHERE `id` = 88971
2024-12-12 09:42:16;INSERT INTO `pe_palette_composition` (`id_palette`,`poids`,`nb_colis`,`id_client`,`id_produit`,`id_lot_pdt_froid`,`id_lot_pdt_negoce`,`id_lot_regroupement`,`date`,`id_user`,`supprime`) VALUES (10603 ,5 ,1 ,451 ,445 ,0 ,51 ,0 ,"2024-12-12 09:42:16" ,1 ,0 )
2024-12-12 09:42:59;UPDATE `pe_langues` SET `actif` = 1 WHERE `iso` = "FR"
2024-12-12 09:43:15;UPDATE `pe_negoce_produits` SET `nb_cartons` = 5 ,`poids` = 20  WHERE `id_lot_pdt_negoce` = 115
2024-12-12 09:43:15;DELETE FROM `pe_palette_composition` WHERE `id` = 88969
2024-12-12 09:43:16;INSERT INTO `pe_palette_composition` (`id_palette`,`poids`,`nb_colis`,`id_client`,`id_produit`,`id_lot_pdt_froid`,`id_lot_pdt_negoce`,`id_lot_regroupement`,`date`,`id_user`,`supprime`) VALUES (10603 ,20 ,5 ,451 ,445 ,0 ,115 ,0 ,"2024-12-12 09:43:15" ,1 ,0 )
2024-12-12 09:44:25;UPDATE `pe_langues` SET `actif` = 1 WHERE `iso` = "FR"
2024-12-12 09:44:39;UPDATE `pe_negoce_produits` SET `nb_cartons` = 1 ,`poids` = 5  WHERE `id_lot_pdt_negoce` = 51
2024-12-12 09:44:39;DELETE FROM `pe_palette_composition` WHERE `id` = 88972
2024-12-12 09:44:39;INSERT INTO `pe_palette_composition` (`id_palette`,`poids`,`nb_colis`,`id_client`,`id_produit`,`id_lot_pdt_froid`,`id_lot_pdt_negoce`,`id_lot_regroupement`,`date`,`id_user`,`supprime`) VALUES (10603 ,5 ,1 ,451 ,445 ,0 ,51 ,0 ,"2024-12-12 09:44:39" ,1 ,0 )
2024-12-12 09:44:51;UPDATE `pe_langues` SET `actif` = 1 WHERE `iso` = "FR"
2024-12-12 09:45:06;UPDATE `pe_langues` SET `actif` = 1 WHERE `iso` = "FR"
2024-12-12 09:45:12;UPDATE `pe_langues` SET `actif` = 1 WHERE `iso` = "FR"
2024-12-12 09:45:29;UPDATE `pe_negoce_produits` SET `nb_cartons` = 5 ,`poids` = 20  WHERE `id_lot_pdt_negoce` = 115
2024-12-12 09:45:29;DELETE FROM `pe_palette_composition` WHERE `id` = 88973
2024-12-12 09:45:29;INSERT INTO `pe_palette_composition` (`id_palette`,`poids`,`nb_colis`,`id_client`,`id_produit`,`id_lot_pdt_froid`,`id_lot_pdt_negoce`,`id_lot_regroupement`,`date`,`id_user`,`supprime`) VALUES (10603 ,20 ,5 ,451 ,445 ,0 ,115 ,0 ,"2024-12-12 09:45:29" ,1 ,0 )
2024-12-12 09:46:09;UPDATE `pe_langues` SET `actif` = 1 WHERE `iso` = "FR"
2024-12-12 09:46:23;UPDATE `pe_negoce_produits` SET `nb_cartons` = 5 ,`poids` = 20  WHERE `id_lot_pdt_negoce` = 115
2024-12-12 09:46:23;DELETE FROM `pe_palette_composition` WHERE `id` = 88975
2024-12-12 09:46:23;INSERT INTO `pe_palette_composition` (`id_palette`,`poids`,`nb_colis`,`id_client`,`id_produit`,`id_lot_pdt_froid`,`id_lot_pdt_negoce`,`id_lot_regroupement`,`date`,`id_user`,`supprime`) VALUES (10603 ,20 ,5 ,451 ,445 ,0 ,115 ,0 ,"2024-12-12 09:46:23" ,1 ,0 )
2024-12-12 09:46:35;UPDATE `pe_langues` SET `actif` = 1 WHERE `iso` = "FR"
2024-12-12 09:46:48;UPDATE `pe_negoce_produits` SET `nb_cartons` = 5 ,`poids` = 20  WHERE `id_lot_pdt_negoce` = 115
2024-12-12 09:46:48;DELETE FROM `pe_palette_composition` WHERE `id` = 88976
2024-12-12 09:46:48;INSERT INTO `pe_palette_composition` (`id_palette`,`poids`,`nb_colis`,`id_client`,`id_produit`,`id_lot_pdt_froid`,`id_lot_pdt_negoce`,`id_lot_regroupement`,`date`,`id_user`,`supprime`) VALUES (10603 ,20 ,5 ,451 ,445 ,0 ,115 ,0 ,"2024-12-12 09:46:48" ,1 ,0 )
2024-12-12 09:47:21;UPDATE `pe_langues` SET `actif` = 1 WHERE `iso` = "FR"
2024-12-12 09:47:32;UPDATE `pe_negoce_produits` SET `nb_cartons` = 5 ,`poids` = 20  WHERE `id_lot_pdt_negoce` = 115
2024-12-12 09:47:32;DELETE FROM `pe_palette_composition` WHERE `id` = 88977
2024-12-12 09:47:32;INSERT INTO `pe_palette_composition` (`id_palette`,`poids`,`nb_colis`,`id_client`,`id_produit`,`id_lot_pdt_froid`,`id_lot_pdt_negoce`,`id_lot_regroupement`,`date`,`id_user`,`supprime`) VALUES (10603 ,20 ,5 ,451 ,445 ,0 ,115 ,0 ,"2024-12-12 09:47:32" ,1 ,0 )
2024-12-12 09:53:31;INSERT INTO `pe_bl` (`num_bl`,`supprime`,`statut`,`date`) VALUES ("BL2412022" ,0 ,1 ,"2024-12-12" )
2024-12-12 10:16:59;UPDATE `pe_bl_lignes` SET `supprime` = 1 WHERE `supprime` = 0  AND `id_bl` IN (SELECT `id` FROM `pe_bl` WHERE `supprime` = 1)
2024-12-12 10:17:23;UPDATE `pe_palette_composition` SET `archive` = 1, `supprime` = 1 WHERE `id` IN (88954,88959,88974,88978)
2024-12-12 10:17:23;UPDATE `pe_bl_lignes` SET `supprime` = 1 WHERE `supprime` = 0  AND `id_bl` IN (SELECT `id` FROM `pe_bl` WHERE `supprime` = 1)
2024-12-12 10:17:29;UPDATE `pe_bl_lignes` SET `supprime` = 1 WHERE `supprime` = 0  AND `id_bl` IN (SELECT `id` FROM `pe_bl` WHERE `supprime` = 1)
2024-12-12 10:48:22;UPDATE `pe_bl_lignes` SET `supprime` = 1 WHERE `supprime` = 0  AND `id_bl` IN (SELECT `id` FROM `pe_bl` WHERE `supprime` = 1)
2024-12-12 10:51:40;UPDATE `pe_bl_lignes` SET `supprime` = 1 WHERE `supprime` = 0  AND `id_bl` IN (SELECT `id` FROM `pe_bl` WHERE `supprime` = 1)
2024-12-12 12:19:06;UPDATE `pe_bl_lignes` SET `supprime` = 1 WHERE `supprime` = 0  AND `id_bl` IN (SELECT `id` FROM `pe_bl` WHERE `supprime` = 1)
2024-12-12 12:20:18;UPDATE `pe_lots_negoce` SET `visible` = 0  WHERE `id` = 81
2024-12-12 12:20:18;UPDATE `pe_lots_negoce` SET `visible` = 1  WHERE `id` = 81
2024-12-12 12:22:02;UPDATE `pe_bl_lignes` SET `supprime` = 1 WHERE `supprime` = 0  AND `id_bl` IN (SELECT `id` FROM `pe_bl` WHERE `supprime` = 1)
2024-12-12 12:24:59;INSERT INTO `pe_palettes` (`numero`,`date`,`id_user`,`statut`,`id_poids_palette`,`id_client`,`scan_frais`,`supprime`) VALUES (5 ,"2024-12-12 12:24:59" ,1 ,0 ,0 ,0 ,0 ,0 )
2024-12-12 12:24:59;UPDATE `pe_bl` SET `id_tiers_facturation` = 37  WHERE id = 8420
2024-12-12 12:25:21;INSERT INTO `pe_bl` (`num_bl`,`supprime`,`statut`,`date`) VALUES ("BL2412023" ,0 ,1 ,"2024-12-12" )
2024-12-12 12:26:01;INSERT INTO `pe_bl_lignes` (`id_produit`,`id_palette`,`numlot`,`id_lot`,`poids`,`nb_colis`,`id_compo`,`num_palette`,`id_bl`,`id_produit_bl`,`pu_ht`,`tva`,`qte`,`supprime`,`date_add`) VALUES (445 ,0 ,"BL30000" ,0 ,20 ,2 ,0 ,0 ,8421 ,0 ,0 ,5.5 ,1 ,0 ,"2024-12-12 12:26:01" )
2024-12-12 12:26:01;UPDATE `pe_bl` SET `id_tiers_facturation` = 37  WHERE id = 8421
2024-12-12 12:26:10;UPDATE `pe_bl_lignes` SET `pu_ht` = 500  WHERE `id` = 76056
2024-12-12 12:26:28;UPDATE `pe_bl_lignes` SET `numlot` = "BL30000"  WHERE `id` = 76056
2024-12-12 12:26:36;UPDATE `pe_bl_lignes` SET `numlot` = "BL30000"  WHERE `id` = 76056
2024-12-12 12:28:14;UPDATE `pe_bl` SET `supprime` = 0 ,`num_cmd` = "" ,`date` = "2024-12-12" ,`id_tiers_facturation` = 37 ,`id_tiers_livraison` = 37 ,`id_adresse_livraison` = 35 ,`id_tiers_transporteur` = 231 ,`regroupement` = 0 ,`date_livraison` = "2024-12-12" ,`chiffrage` = 1 ,`statut` = 1  WHERE id = 8421
2024-12-12 12:28:20;UPDATE `pe_bl` SET `supprime` = 1 WHERE `id` IN (1,3,4,9,10,40,42,51,53,65,72,80,81,84,85,86,88,93,96,108,111,112,139,140,147,150,160,168,173,174,176,182,191,195,196,199,202,203,211,236,237,247,248,251,252,274,275,276,282,284,285,287,298,301,307,308,310,311,336,343,366,367,379,380,401,402,403,404,407,409,411,502,510,512,521,527,534,568,569,641,691,692,715,716,717,718,719,720,721,722,730,731,797,856,957,1038,1040,1041,1062,1087,1101,1110,1125,1142,1143,1144,1243,1343,1378,1514,1533,1565,1571,1642,1676,1771,1814,1832,1860,1881,1929,1943,1992,2004,2039,2040,2041,2042,2106,2132,2133,2145,2146,2184,2195,2197,2201,2205,2210,2216,2223,2230,2238,2275,2290,2304,2318,2354,2508,2529,2584,2585,2588,2646,2681,2687,2692,2694,2706,2713,2714,2911,3003,3007,3042,3062,3080,3081,3098,3155,3204,3215,3267,3271,3273,3360,3449,3464,3479,3526,3615,3635,3643,3653,3688,3706,3707,3711,3794,3804,3888,3965,3982,3983,4112,4209,4223,4232,4233,4307,4308,4336,4439,4463,4472,4473,4474,4514,4526,4530,4531,4557,4568,4679,4703,4711,4713,4720,4737,4816,4976,5054,5083,5095,5124,5150,5253,5295,5334,5376,5411,5413,5415,5423,5481,5486,5492,5554,5631,5632,5669,5689,5714,5812,5874,5914,5941,5948,6004,6068,6118,6121,6160,6163,6260,6322,6379,6464,6506,6570,6608,6712,6780,6799,6800,6926,7004,7256,7369,7575,7610,7641,7713,7747,7749,7849,7856,8026,8028,8035,8041,8043,8046,8061,8092,8181,8254,8257,8259,8337,8339,8340,8341,8342,8343,8344,8345,8346,8347,8348,8349,8350,8351,8352,8353,8355,8356,8359,8360,8361,8362,8363,8364,8365,8370,8371,8375,8377,8380,8387,8388,8389,8390,8391,8392,8393,8394,8396,8397,8400,8401,8402,8404,8405,8407,8408,8409,8412,8413,8414,8416,8417,8418,8419,8420,8395)
2024-12-12 12:29:13;UPDATE `pe_bl` SET `num_cmd` = "" ,`id_tiers_facturation` = 37 ,`id_tiers_livraison` = 37 ,`id_tiers_transporteur` = 231 ,`id_adresse_livraison` = 35 ,`nom_client` = "" ,`statut` = 1 ,`supprime` = 0 ,`date_livraison` = "2024-12-12"  WHERE id = 8421
2024-12-12 12:30:24;INSERT INTO `pe_bl_lignes` (`id_produit`,`id_palette`,`numlot`,`id_lot`,`poids`,`nb_colis`,`id_compo`,`num_palette`,`id_bl`,`id_produit_bl`,`pu_ht`,`tva`,`qte`,`supprime`,`date_add`) VALUES (445 ,0 ,1425 ,0 ,50 ,50 ,0 ,0 ,8421 ,0 ,0 ,5.5 ,1 ,0 ,"2024-12-12 12:30:24" )
2024-12-12 12:30:25;UPDATE `pe_bl` SET `num_cmd` = "" ,`id_tiers_facturation` = 37 ,`id_tiers_livraison` = 37 ,`id_tiers_transporteur` = 231 ,`id_adresse_livraison` = 35 ,`nom_client` = "" ,`statut` = 1 ,`supprime` = 0 ,`date_livraison` = "2024-12-12"  WHERE id = 8421
2024-12-12 12:30:55;UPDATE `pe_bl` SET `num_cmd` = "" ,`id_tiers_facturation` = 37 ,`id_tiers_livraison` = 37 ,`id_tiers_transporteur` = 231 ,`id_adresse_livraison` = 35 ,`nom_client` = "" ,`statut` = 1 ,`supprime` = 0 ,`date_livraison` = "2024-12-12"  WHERE id = 8421
2024-12-12 12:34:06;UPDATE `pe_bl` SET `num_cmd` = "" ,`id_tiers_facturation` = 37 ,`id_tiers_livraison` = 37 ,`id_tiers_transporteur` = 231 ,`id_adresse_livraison` = 35 ,`nom_client` = "" ,`statut` = 1 ,`supprime` = 0 ,`date_livraison` = "2024-12-12"  WHERE id = 8421
2024-12-12 12:34:29;UPDATE `pe_bl` SET `num_cmd` = "" ,`id_tiers_facturation` = 37 ,`id_tiers_livraison` = 37 ,`id_tiers_transporteur` = 231 ,`id_adresse_livraison` = 35 ,`nom_client` = "" ,`statut` = 1 ,`supprime` = 0 ,`date_livraison` = "2024-12-12"  WHERE id = 8421
2024-12-12 12:34:41;UPDATE `pe_bl_lignes` SET `pu_ht` = 100  WHERE `id` = 76057
2024-12-12 12:34:41;UPDATE `pe_bl_lignes` SET `pu_ht` = 100  WHERE `id` = 76056
2024-12-12 12:34:43;UPDATE `pe_tarif_client` SET `prix` = 100  WHERE `id` = 2062
2024-12-12 12:39:50;INSERT INTO `pe_bl_lignes` (`id_produit`,`id_palette`,`numlot`,`id_lot`,`poids`,`nb_colis`,`id_compo`,`num_palette`,`id_bl`,`id_produit_bl`,`pu_ht`,`tva`,`qte`,`supprime`,`date_add`) VALUES (445 ,0 ,1425 ,0 ,10 ,10 ,0 ,0 ,8421 ,0 ,0 ,5.5 ,1 ,0 ,"2024-12-12 12:39:50" )
2024-12-12 12:39:50;UPDATE `pe_bl` SET `num_cmd` = "" ,`id_tiers_facturation` = 37 ,`id_tiers_livraison` = 37 ,`id_tiers_transporteur` = 231 ,`id_adresse_livraison` = 35 ,`nom_client` = "" ,`statut` = 1 ,`supprime` = 0 ,`date_livraison` = "2024-12-12"  WHERE id = 8421
2024-12-12 12:40:18;UPDATE `pe_bl` SET `num_cmd` = "" ,`id_tiers_facturation` = 37 ,`id_tiers_livraison` = 37 ,`id_tiers_transporteur` = 231 ,`id_adresse_livraison` = 35 ,`nom_client` = "" ,`statut` = 1 ,`supprime` = 0 ,`date_livraison` = "2024-12-12"  WHERE id = 8421
2024-12-12 12:41:46;UPDATE `pe_bl_lignes` SET `supprime` = 1 WHERE `supprime` = 0  AND `id_bl` IN (SELECT `id` FROM `pe_bl` WHERE `supprime` = 1)
2024-12-12 12:43:49;UPDATE `pe_bl_lignes` SET `supprime` = 1 WHERE `supprime` = 0  AND `id_bl` IN (SELECT `id` FROM `pe_bl` WHERE `supprime` = 1)
2024-12-12 12:45:34;UPDATE `pe_bl_lignes` SET `supprime` = 1 WHERE `supprime` = 0  AND `id_bl` IN (SELECT `id` FROM `pe_bl` WHERE `supprime` = 1)
2024-12-12 12:54:13;INSERT INTO `pe_negoce_produits` (`poids`,`quantite`,`supprime`,`date_add`,`id_lot_negoce`,`id_pdt`,`nb_cartons`,`traite`,`user_add`,`num_lot`,`dlc`) VALUES (10 ,10 ,0 ,"2024-12-12 12:54:13" ,29 ,395 ,5 ,0 ,1 ,"bl15" ,"2024-12-12" )
2024-12-12 12:54:28;UPDATE `pe_bl` SET `supprime` = 1 WHERE `id` IN (1,3,4,9,10,40,42,51,53,65,72,80,81,84,85,86,88,93,96,108,111,112,139,140,147,150,160,168,173,174,176,182,191,195,196,199,202,203,211,236,237,247,248,251,252,274,275,276,282,284,285,287,298,301,307,308,310,311,336,343,366,367,379,380,401,402,403,404,407,409,411,502,510,512,521,527,534,568,569,641,691,692,715,716,717,718,719,720,721,722,730,731,797,856,957,1038,1040,1041,1062,1087,1101,1110,1125,1142,1143,1144,1243,1343,1378,1514,1533,1565,1571,1642,1676,1771,1814,1832,1860,1881,1929,1943,1992,2004,2039,2040,2041,2042,2106,2132,2133,2145,2146,2184,2195,2197,2201,2205,2210,2216,2223,2230,2238,2275,2290,2304,2318,2354,2508,2529,2584,2585,2588,2646,2681,2687,2692,2694,2706,2713,2714,2911,3003,3007,3042,3062,3080,3081,3098,3155,3204,3215,3267,3271,3273,3360,3449,3464,3479,3526,3615,3635,3643,3653,3688,3706,3707,3711,3794,3804,3888,3965,3982,3983,4112,4209,4223,4232,4233,4307,4308,4336,4439,4463,4472,4473,4474,4514,4526,4530,4531,4557,4568,4679,4703,4711,4713,4720,4737,4816,4976,5054,5083,5095,5124,5150,5253,5295,5334,5376,5411,5413,5415,5423,5481,5486,5492,5554,5631,5632,5669,5689,5714,5812,5874,5914,5941,5948,6004,6068,6118,6121,6160,6163,6260,6322,6379,6464,6506,6570,6608,6712,6780,6799,6800,6926,7004,7256,7369,7575,7610,7641,7713,7747,7749,7849,7856,8026,8028,8035,8041,8043,8046,8061,8092,8181,8254,8257,8259,8337,8339,8340,8341,8342,8343,8344,8345,8346,8347,8348,8349,8350,8351,8352,8353,8355,8356,8359,8360,8361,8362,8363,8364,8365,8370,8371,8375,8377,8380,8387,8388,8389,8390,8391,8392,8393,8394,8396,8397,8400,8401,8402,8404,8405,8407,8408,8409,8412,8413,8414,8416,8417,8418,8419,8420,8395)
2024-12-12 12:54:33;UPDATE `pe_palette_composition` SET `archive` = 0, `supprime` = 0 WHERE `id` IN (SELECT `id_compo` FROM `pe_bl_lignes` WHERE `id_bl` = 8421);DELETE FROM `pe_bl_lignes` WHERE `id_bl` = 8421;DELETE FROM `pe_bl` WHERE `id` = 8421;
2024-12-12 12:54:33;UPDATE `pe_bl` SET `supprime` = 1 WHERE `id` IN (1,3,4,9,10,40,42,51,53,65,72,80,81,84,85,86,88,93,96,108,111,112,139,140,147,150,160,168,173,174,176,182,191,195,196,199,202,203,211,236,237,247,248,251,252,274,275,276,282,284,285,287,298,301,307,308,310,311,336,343,366,367,379,380,401,402,403,404,407,409,411,502,510,512,521,527,534,568,569,641,691,692,715,716,717,718,719,720,721,722,730,731,797,856,957,1038,1040,1041,1062,1087,1101,1110,1125,1142,1143,1144,1243,1343,1378,1514,1533,1565,1571,1642,1676,1771,1814,1832,1860,1881,1929,1943,1992,2004,2039,2040,2041,2042,2106,2132,2133,2145,2146,2184,2195,2197,2201,2205,2210,2216,2223,2230,2238,2275,2290,2304,2318,2354,2508,2529,2584,2585,2588,2646,2681,2687,2692,2694,2706,2713,2714,2911,3003,3007,3042,3062,3080,3081,3098,3155,3204,3215,3267,3271,3273,3360,3449,3464,3479,3526,3615,3635,3643,3653,3688,3706,3707,3711,3794,3804,3888,3965,3982,3983,4112,4209,4223,4232,4233,4307,4308,4336,4439,4463,4472,4473,4474,4514,4526,4530,4531,4557,4568,4679,4703,4711,4713,4720,4737,4816,4976,5054,5083,5095,5124,5150,5253,5295,5334,5376,5411,5413,5415,5423,5481,5486,5492,5554,5631,5632,5669,5689,5714,5812,5874,5914,5941,5948,6004,6068,6118,6121,6160,6163,6260,6322,6379,6464,6506,6570,6608,6712,6780,6799,6800,6926,7004,7256,7369,7575,7610,7641,7713,7747,7749,7849,7856,8026,8028,8035,8041,8043,8046,8061,8092,8181,8254,8257,8259,8337,8339,8340,8341,8342,8343,8344,8345,8346,8347,8348,8349,8350,8351,8352,8353,8355,8356,8359,8360,8361,8362,8363,8364,8365,8370,8371,8375,8377,8380,8387,8388,8389,8390,8391,8392,8393,8394,8396,8397,8400,8401,8402,8404,8405,8407,8408,8409,8412,8413,8414,8416,8417,8418,8419,8420,8395)
2024-12-12 12:54:36;UPDATE `pe_palette_composition` SET `archive` = 0, `supprime` = 0 WHERE `id` IN (SELECT `id_compo` FROM `pe_bl_lignes` WHERE `id_bl` = 8415);DELETE FROM `pe_bl_lignes` WHERE `id_bl` = 8415;DELETE FROM `pe_bl` WHERE `id` = 8415;
2024-12-12 12:54:36;UPDATE `pe_bl` SET `supprime` = 1 WHERE `id` IN (1,3,4,9,10,40,42,51,53,65,72,80,81,84,85,86,88,93,96,108,111,112,139,140,147,150,160,168,173,174,176,182,191,195,196,199,202,203,211,236,237,247,248,251,252,274,275,276,282,284,285,287,298,301,307,308,310,311,336,343,366,367,379,380,401,402,403,404,407,409,411,502,510,512,521,527,534,568,569,641,691,692,715,716,717,718,719,720,721,722,730,731,797,856,957,1038,1040,1041,1062,1087,1101,1110,1125,1142,1143,1144,1243,1343,1378,1514,1533,1565,1571,1642,1676,1771,1814,1832,1860,1881,1929,1943,1992,2004,2039,2040,2041,2042,2106,2132,2133,2145,2146,2184,2195,2197,2201,2205,2210,2216,2223,2230,2238,2275,2290,2304,2318,2354,2508,2529,2584,2585,2588,2646,2681,2687,2692,2694,2706,2713,2714,2911,3003,3007,3042,3062,3080,3081,3098,3155,3204,3215,3267,3271,3273,3360,3449,3464,3479,3526,3615,3635,3643,3653,3688,3706,3707,3711,3794,3804,3888,3965,3982,3983,4112,4209,4223,4232,4233,4307,4308,4336,4439,4463,4472,4473,4474,4514,4526,4530,4531,4557,4568,4679,4703,4711,4713,4720,4737,4816,4976,5054,5083,5095,5124,5150,5253,5295,5334,5376,5411,5413,5415,5423,5481,5486,5492,5554,5631,5632,5669,5689,5714,5812,5874,5914,5941,5948,6004,6068,6118,6121,6160,6163,6260,6322,6379,6464,6506,6570,6608,6712,6780,6799,6800,6926,7004,7256,7369,7575,7610,7641,7713,7747,7749,7849,7856,8026,8028,8035,8041,8043,8046,8061,8092,8181,8254,8257,8259,8337,8339,8340,8341,8342,8343,8344,8345,8346,8347,8348,8349,8350,8351,8352,8353,8355,8356,8359,8360,8361,8362,8363,8364,8365,8370,8371,8375,8377,8380,8387,8388,8389,8390,8391,8392,8393,8394,8396,8397,8400,8401,8402,8404,8405,8407,8408,8409,8412,8413,8414,8416,8417,8418,8419,8420,8395)
2024-12-12 12:54:37;INSERT INTO `pe_bl` (`num_bl`,`supprime`,`statut`,`date`) VALUES ("BL2412023" ,0 ,1 ,"2024-12-12" )
2024-12-12 12:55:34;INSERT INTO `pe_bl_lignes` (`id_produit`,`id_palette`,`numlot`,`id_lot`,`poids`,`nb_colis`,`id_compo`,`num_palette`,`id_bl`,`id_produit_bl`,`pu_ht`,`tva`,`qte`,`supprime`,`date_add`) VALUES (395 ,0 ,"BL" ,0 ,10 ,1 ,0 ,0 ,8422 ,0 ,0 ,5.5 ,1 ,0 ,"2024-12-12 12:55:34" )
2024-12-12 12:55:35;UPDATE `pe_bl` SET `id_tiers_facturation` = 465  WHERE id = 8422
2024-12-12 12:56:03;UPDATE `pe_bl_lignes` SET `pu_ht` = 51  WHERE `id` = 76059
2024-12-12 12:56:06;UPDATE `pe_bl` SET `supprime` = 0 ,`num_cmd` = "" ,`date` = "2024-12-12" ,`id_tiers_facturation` = 465 ,`id_tiers_livraison` = 465 ,`id_adresse_livraison` = 733 ,`id_tiers_transporteur` = 338 ,`regroupement` = 0 ,`date_livraison` = "2024-12-12" ,`chiffrage` = 0 ,`statut` = 1  WHERE id = 8422
2024-12-12 12:56:09;UPDATE `pe_bl` SET `supprime` = 1 WHERE `id` IN (1,3,4,9,10,40,42,51,53,65,72,80,81,84,85,86,88,93,96,108,111,112,139,140,147,150,160,168,173,174,176,182,191,195,196,199,202,203,211,236,237,247,248,251,252,274,275,276,282,284,285,287,298,301,307,308,310,311,336,343,366,367,379,380,401,402,403,404,407,409,411,502,510,512,521,527,534,568,569,641,691,692,715,716,717,718,719,720,721,722,730,731,797,856,957,1038,1040,1041,1062,1087,1101,1110,1125,1142,1143,1144,1243,1343,1378,1514,1533,1565,1571,1642,1676,1771,1814,1832,1860,1881,1929,1943,1992,2004,2039,2040,2041,2042,2106,2132,2133,2145,2146,2184,2195,2197,2201,2205,2210,2216,2223,2230,2238,2275,2290,2304,2318,2354,2508,2529,2584,2585,2588,2646,2681,2687,2692,2694,2706,2713,2714,2911,3003,3007,3042,3062,3080,3081,3098,3155,3204,3215,3267,3271,3273,3360,3449,3464,3479,3526,3615,3635,3643,3653,3688,3706,3707,3711,3794,3804,3888,3965,3982,3983,4112,4209,4223,4232,4233,4307,4308,4336,4439,4463,4472,4473,4474,4514,4526,4530,4531,4557,4568,4679,4703,4711,4713,4720,4737,4816,4976,5054,5083,5095,5124,5150,5253,5295,5334,5376,5411,5413,5415,5423,5481,5486,5492,5554,5631,5632,5669,5689,5714,5812,5874,5914,5941,5948,6004,6068,6118,6121,6160,6163,6260,6322,6379,6464,6506,6570,6608,6712,6780,6799,6800,6926,7004,7256,7369,7575,7610,7641,7713,7747,7749,7849,7856,8026,8028,8035,8041,8043,8046,8061,8092,8181,8254,8257,8259,8337,8339,8340,8341,8342,8343,8344,8345,8346,8347,8348,8349,8350,8351,8352,8353,8355,8356,8359,8360,8361,8362,8363,8364,8365,8370,8371,8375,8377,8380,8387,8388,8389,8390,8391,8392,8393,8394,8396,8397,8400,8401,8402,8404,8405,8407,8408,8409,8412,8413,8414,8416,8417,8418,8419,8420,8395)
2024-12-12 12:57:07;INSERT INTO `pe_bl` (`num_bl`,`supprime`,`statut`,`date`) VALUES ("BL2412024" ,0 ,1 ,"2024-12-12" )
2024-12-12 12:58:50;INSERT INTO `pe_bl_lignes` (`id_produit`,`id_palette`,`numlot`,`id_lot`,`poids`,`nb_colis`,`id_compo`,`num_palette`,`id_bl`,`id_produit_bl`,`pu_ht`,`tva`,`qte`,`supprime`,`date_add`) VALUES (473 ,0 ,1233 ,0 ,5 ,5 ,0 ,0 ,8423 ,0 ,0 ,5.5 ,1 ,0 ,"2024-12-12 12:58:50" )
2024-12-12 12:58:51;UPDATE `pe_bl` SET `id_tiers_facturation` = 37  WHERE id = 8423
2024-12-12 12:58:59;UPDATE `pe_bl_lignes` SET `pu_ht` = 1000  WHERE `id` = 76060
2024-12-12 14:22:57;INSERT INTO `pe_bl` (`num_bl`,`supprime`,`statut`,`date`) VALUES ("BL2412025" ,0 ,1 ,"2024-12-12" )
2024-12-12 14:24:47;INSERT INTO `pe_bl_lignes` (`id_produit`,`id_palette`,`numlot`,`id_lot`,`poids`,`nb_colis`,`id_compo`,`num_palette`,`id_bl`,`id_produit_bl`,`pu_ht`,`tva`,`qte`,`supprime`,`date_add`) VALUES (445 ,0 ,1425 ,0 ,10 ,20 ,0 ,0 ,8424 ,0 ,0 ,5.5 ,1 ,0 ,"2024-12-12 14:24:47" )
2024-12-12 14:24:48;UPDATE `pe_bl` SET `id_tiers_facturation` = 465  WHERE id = 8424
2024-12-12 14:31:59;INSERT INTO `pe_bl` (`num_bl`,`supprime`,`statut`,`date`) VALUES ("BL2412026" ,0 ,1 ,"2024-12-12" )
2024-12-12 14:32:59;UPDATE `pe_bl` SET `id_tiers_facturation` = 391  WHERE id = 8425
2024-12-12 14:42:59;INSERT INTO `pe_bl` (`num_bl`,`supprime`,`statut`,`date`) VALUES ("BL2412027" ,0 ,1 ,"2024-12-12" )
2024-12-12 14:44:17;INSERT INTO `pe_bl_lignes` (`id_produit`,`id_palette`,`numlot`,`id_lot`,`poids`,`nb_colis`,`id_compo`,`num_palette`,`id_bl`,`id_produit_bl`,`pu_ht`,`tva`,`qte`,`supprime`,`date_add`) VALUES (473 ,0 ,1233 ,0 ,5 ,5 ,0 ,0 ,8426 ,0 ,0 ,5.5 ,1 ,0 ,"2024-12-12 14:44:17" )
2024-12-12 14:44:17;UPDATE `pe_bl` SET `id_tiers_facturation` = 70  WHERE id = 8426
2024-12-12 14:45:27;INSERT INTO `pe_bl` (`num_bl`,`supprime`,`statut`,`date`) VALUES ("BL2412028" ,0 ,1 ,"2024-12-12" )
2024-12-12 14:50:08;INSERT INTO `pe_bl_lignes` (`id_produit`,`id_palette`,`numlot`,`id_lot`,`poids`,`nb_colis`,`id_compo`,`num_palette`,`id_bl`,`id_produit_bl`,`pu_ht`,`tva`,`qte`,`supprime`,`date_add`) VALUES (473 ,0 ,1233 ,0 ,5 ,5 ,0 ,0 ,8427 ,0 ,0 ,5.5 ,1 ,0 ,"2024-12-12 14:50:08" )
2024-12-12 14:50:08;UPDATE `pe_bl` SET `id_tiers_facturation` = 37  WHERE id = 8427
2024-12-12 14:50:17;UPDATE `pe_bl_lignes` SET `pu_ht` = 1000  WHERE `id` = 76063
2024-12-12 14:51:16;INSERT INTO `pe_bl` (`num_bl`,`supprime`,`statut`,`date`) VALUES ("BL2412029" ,0 ,1 ,"2024-12-12" )
2024-12-12 14:51:57;UPDATE `pe_bl` SET `id_tiers_facturation` = 37  WHERE id = 8428
2024-12-12 14:54:43;INSERT INTO `pe_bl` (`num_bl`,`supprime`,`statut`,`date`) VALUES ("BL2412030" ,0 ,1 ,"2024-12-12" )
2024-12-12 14:55:22;INSERT INTO `pe_bl_lignes` (`id_produit`,`id_palette`,`numlot`,`id_lot`,`poids`,`nb_colis`,`id_compo`,`num_palette`,`id_bl`,`id_produit_bl`,`pu_ht`,`tva`,`qte`,`supprime`,`date_add`) VALUES (445 ,0 ,1425 ,0 ,10 ,20 ,0 ,0 ,8429 ,0 ,0 ,5.5 ,1 ,0 ,"2024-12-12 14:55:22" )
2024-12-12 14:55:22;UPDATE `pe_bl` SET `id_tiers_facturation` = 37  WHERE id = 8429
2024-12-12 14:55:31;UPDATE `pe_bl_lignes` SET `pu_ht` = 100  WHERE `id` = 76064
2024-12-12 15:00:41;UPDATE `pe_bl_lignes` SET `supprime` = 1  WHERE `id` = 76064
2024-12-12 15:00:49;UPDATE `pe_bl` SET `supprime` = 1 WHERE `id` IN (1,3,4,9,10,40,42,51,53,65,72,80,81,84,85,86,88,93,96,108,111,112,139,140,147,150,160,168,173,174,176,182,191,195,196,199,202,203,211,236,237,247,248,251,252,274,275,276,282,284,285,287,298,301,307,308,310,311,336,343,366,367,379,380,401,402,403,404,407,409,411,502,510,512,521,527,534,568,569,641,691,692,715,716,717,718,719,720,721,722,730,731,797,856,957,1038,1040,1041,1062,1087,1101,1110,1125,1142,1143,1144,1243,1343,1378,1514,1533,1565,1571,1642,1676,1771,1814,1832,1860,1881,1929,1943,1992,2004,2039,2040,2041,2042,2106,2132,2133,2145,2146,2184,2195,2197,2201,2205,2210,2216,2223,2230,2238,2275,2290,2304,2318,2354,2508,2529,2584,2585,2588,2646,2681,2687,2692,2694,2706,2713,2714,2911,3003,3007,3042,3062,3080,3081,3098,3155,3204,3215,3267,3271,3273,3360,3449,3464,3479,3526,3615,3635,3643,3653,3688,3706,3707,3711,3794,3804,3888,3965,3982,3983,4112,4209,4223,4232,4233,4307,4308,4336,4439,4463,4472,4473,4474,4514,4526,4530,4531,4557,4568,4679,4703,4711,4713,4720,4737,4816,4976,5054,5083,5095,5124,5150,5253,5295,5334,5376,5411,5413,5415,5423,5481,5486,5492,5554,5631,5632,5669,5689,5714,5812,5874,5914,5941,5948,6004,6068,6118,6121,6160,6163,6260,6322,6379,6464,6506,6570,6608,6712,6780,6799,6800,6926,7004,7256,7369,7575,7610,7641,7713,7747,7749,7849,7856,8026,8028,8035,8041,8043,8046,8061,8092,8181,8254,8257,8259,8337,8339,8340,8341,8342,8343,8344,8345,8346,8347,8348,8349,8350,8351,8352,8353,8355,8356,8359,8360,8361,8362,8363,8364,8365,8370,8371,8375,8377,8380,8387,8388,8389,8390,8391,8392,8393,8394,8396,8397,8400,8401,8402,8404,8405,8407,8408,8409,8412,8413,8414,8416,8417,8418,8419,8420,8425,8428,8395)
2024-12-12 15:00:56;UPDATE `pe_bl` SET `supprime` = 1 WHERE `id` IN (1,3,4,9,10,40,42,51,53,65,72,80,81,84,85,86,88,93,96,108,111,112,139,140,147,150,160,168,173,174,176,182,191,195,196,199,202,203,211,236,237,247,248,251,252,274,275,276,282,284,285,287,298,301,307,308,310,311,336,343,366,367,379,380,401,402,403,404,407,409,411,502,510,512,521,527,534,568,569,641,691,692,715,716,717,718,719,720,721,722,730,731,797,856,957,1038,1040,1041,1062,1087,1101,1110,1125,1142,1143,1144,1243,1343,1378,1514,1533,1565,1571,1642,1676,1771,1814,1832,1860,1881,1929,1943,1992,2004,2039,2040,2041,2042,2106,2132,2133,2145,2146,2184,2195,2197,2201,2205,2210,2216,2223,2230,2238,2275,2290,2304,2318,2354,2508,2529,2584,2585,2588,2646,2681,2687,2692,2694,2706,2713,2714,2911,3003,3007,3042,3062,3080,3081,3098,3155,3204,3215,3267,3271,3273,3360,3449,3464,3479,3526,3615,3635,3643,3653,3688,3706,3707,3711,3794,3804,3888,3965,3982,3983,4112,4209,4223,4232,4233,4307,4308,4336,4439,4463,4472,4473,4474,4514,4526,4530,4531,4557,4568,4679,4703,4711,4713,4720,4737,4816,4976,5054,5083,5095,5124,5150,5253,5295,5334,5376,5411,5413,5415,5423,5481,5486,5492,5554,5631,5632,5669,5689,5714,5812,5874,5914,5941,5948,6004,6068,6118,6121,6160,6163,6260,6322,6379,6464,6506,6570,6608,6712,6780,6799,6800,6926,7004,7256,7369,7575,7610,7641,7713,7747,7749,7849,7856,8026,8028,8035,8041,8043,8046,8061,8092,8181,8254,8257,8259,8337,8339,8340,8341,8342,8343,8344,8345,8346,8347,8348,8349,8350,8351,8352,8353,8355,8356,8359,8360,8361,8362,8363,8364,8365,8370,8371,8375,8377,8380,8387,8388,8389,8390,8391,8392,8393,8394,8396,8397,8400,8401,8402,8404,8405,8407,8408,8409,8412,8413,8414,8416,8417,8418,8419,8420,8425,8428,8395)
2024-12-12 15:00:56;UPDATE `pe_bl` SET `id_tiers_livraison` = 37  WHERE id = 8429
2024-12-12 15:00:56;UPDATE `pe_bl` SET `id_tiers_livraison` = 37  WHERE id = 8427
2024-12-12 15:00:56;UPDATE `pe_bl` SET `id_tiers_livraison` = 70  WHERE id = 8426
2024-12-12 15:00:56;UPDATE `pe_bl` SET `id_tiers_livraison` = 465  WHERE id = 8424
2024-12-12 15:00:56;UPDATE `pe_bl` SET `id_tiers_livraison` = 37  WHERE id = 8423
2024-12-12 15:01:06;UPDATE `pe_palette_composition` SET `archive` = 0, `supprime` = 0 WHERE `id` IN (SELECT `id_compo` FROM `pe_bl_lignes` WHERE `id_bl` = 8429);DELETE FROM `pe_bl_lignes` WHERE `id_bl` = 8429;DELETE FROM `pe_bl` WHERE `id` = 8429;
2024-12-12 15:01:06;UPDATE `pe_bl` SET `supprime` = 1 WHERE `id` IN (1,3,4,9,10,40,42,51,53,65,72,80,81,84,85,86,88,93,96,108,111,112,139,140,147,150,160,168,173,174,176,182,191,195,196,199,202,203,211,236,237,247,248,251,252,274,275,276,282,284,285,287,298,301,307,308,310,311,336,343,366,367,379,380,401,402,403,404,407,409,411,502,510,512,521,527,534,568,569,641,691,692,715,716,717,718,719,720,721,722,730,731,797,856,957,1038,1040,1041,1062,1087,1101,1110,1125,1142,1143,1144,1243,1343,1378,1514,1533,1565,1571,1642,1676,1771,1814,1832,1860,1881,1929,1943,1992,2004,2039,2040,2041,2042,2106,2132,2133,2145,2146,2184,2195,2197,2201,2205,2210,2216,2223,2230,2238,2275,2290,2304,2318,2354,2508,2529,2584,2585,2588,2646,2681,2687,2692,2694,2706,2713,2714,2911,3003,3007,3042,3062,3080,3081,3098,3155,3204,3215,3267,3271,3273,3360,3449,3464,3479,3526,3615,3635,3643,3653,3688,3706,3707,3711,3794,3804,3888,3965,3982,3983,4112,4209,4223,4232,4233,4307,4308,4336,4439,4463,4472,4473,4474,4514,4526,4530,4531,4557,4568,4679,4703,4711,4713,4720,4737,4816,4976,5054,5083,5095,5124,5150,5253,5295,5334,5376,5411,5413,5415,5423,5481,5486,5492,5554,5631,5632,5669,5689,5714,5812,5874,5914,5941,5948,6004,6068,6118,6121,6160,6163,6260,6322,6379,6464,6506,6570,6608,6712,6780,6799,6800,6926,7004,7256,7369,7575,7610,7641,7713,7747,7749,7849,7856,8026,8028,8035,8041,8043,8046,8061,8092,8181,8254,8257,8259,8337,8339,8340,8341,8342,8343,8344,8345,8346,8347,8348,8349,8350,8351,8352,8353,8355,8356,8359,8360,8361,8362,8363,8364,8365,8370,8371,8375,8377,8380,8387,8388,8389,8390,8391,8392,8393,8394,8396,8397,8400,8401,8402,8404,8405,8407,8408,8409,8412,8413,8414,8416,8417,8418,8419,8420,8425,8428,8395)
2024-12-12 15:01:09;UPDATE `pe_palette_composition` SET `archive` = 0, `supprime` = 0 WHERE `id` IN (SELECT `id_compo` FROM `pe_bl_lignes` WHERE `id_bl` = 8427);DELETE FROM `pe_bl_lignes` WHERE `id_bl` = 8427;DELETE FROM `pe_bl` WHERE `id` = 8427;
2024-12-12 15:01:09;UPDATE `pe_bl` SET `supprime` = 1 WHERE `id` IN (1,3,4,9,10,40,42,51,53,65,72,80,81,84,85,86,88,93,96,108,111,112,139,140,147,150,160,168,173,174,176,182,191,195,196,199,202,203,211,236,237,247,248,251,252,274,275,276,282,284,285,287,298,301,307,308,310,311,336,343,366,367,379,380,401,402,403,404,407,409,411,502,510,512,521,527,534,568,569,641,691,692,715,716,717,718,719,720,721,722,730,731,797,856,957,1038,1040,1041,1062,1087,1101,1110,1125,1142,1143,1144,1243,1343,1378,1514,1533,1565,1571,1642,1676,1771,1814,1832,1860,1881,1929,1943,1992,2004,2039,2040,2041,2042,2106,2132,2133,2145,2146,2184,2195,2197,2201,2205,2210,2216,2223,2230,2238,2275,2290,2304,2318,2354,2508,2529,2584,2585,2588,2646,2681,2687,2692,2694,2706,2713,2714,2911,3003,3007,3042,3062,3080,3081,3098,3155,3204,3215,3267,3271,3273,3360,3449,3464,3479,3526,3615,3635,3643,3653,3688,3706,3707,3711,3794,3804,3888,3965,3982,3983,4112,4209,4223,4232,4233,4307,4308,4336,4439,4463,4472,4473,4474,4514,4526,4530,4531,4557,4568,4679,4703,4711,4713,4720,4737,4816,4976,5054,5083,5095,5124,5150,5253,5295,5334,5376,5411,5413,5415,5423,5481,5486,5492,5554,5631,5632,5669,5689,5714,5812,5874,5914,5941,5948,6004,6068,6118,6121,6160,6163,6260,6322,6379,6464,6506,6570,6608,6712,6780,6799,6800,6926,7004,7256,7369,7575,7610,7641,7713,7747,7749,7849,7856,8026,8028,8035,8041,8043,8046,8061,8092,8181,8254,8257,8259,8337,8339,8340,8341,8342,8343,8344,8345,8346,8347,8348,8349,8350,8351,8352,8353,8355,8356,8359,8360,8361,8362,8363,8364,8365,8370,8371,8375,8377,8380,8387,8388,8389,8390,8391,8392,8393,8394,8396,8397,8400,8401,8402,8404,8405,8407,8408,8409,8412,8413,8414,8416,8417,8418,8419,8420,8425,8428,8395)
2024-12-12 15:01:11;UPDATE `pe_palette_composition` SET `archive` = 0, `supprime` = 0 WHERE `id` IN (SELECT `id_compo` FROM `pe_bl_lignes` WHERE `id_bl` = 8426);DELETE FROM `pe_bl_lignes` WHERE `id_bl` = 8426;DELETE FROM `pe_bl` WHERE `id` = 8426;
2024-12-12 15:01:11;UPDATE `pe_bl` SET `supprime` = 1 WHERE `id` IN (1,3,4,9,10,40,42,51,53,65,72,80,81,84,85,86,88,93,96,108,111,112,139,140,147,150,160,168,173,174,176,182,191,195,196,199,202,203,211,236,237,247,248,251,252,274,275,276,282,284,285,287,298,301,307,308,310,311,336,343,366,367,379,380,401,402,403,404,407,409,411,502,510,512,521,527,534,568,569,641,691,692,715,716,717,718,719,720,721,722,730,731,797,856,957,1038,1040,1041,1062,1087,1101,1110,1125,1142,1143,1144,1243,1343,1378,1514,1533,1565,1571,1642,1676,1771,1814,1832,1860,1881,1929,1943,1992,2004,2039,2040,2041,2042,2106,2132,2133,2145,2146,2184,2195,2197,2201,2205,2210,2216,2223,2230,2238,2275,2290,2304,2318,2354,2508,2529,2584,2585,2588,2646,2681,2687,2692,2694,2706,2713,2714,2911,3003,3007,3042,3062,3080,3081,3098,3155,3204,3215,3267,3271,3273,3360,3449,3464,3479,3526,3615,3635,3643,3653,3688,3706,3707,3711,3794,3804,3888,3965,3982,3983,4112,4209,4223,4232,4233,4307,4308,4336,4439,4463,4472,4473,4474,4514,4526,4530,4531,4557,4568,4679,4703,4711,4713,4720,4737,4816,4976,5054,5083,5095,5124,5150,5253,5295,5334,5376,5411,5413,5415,5423,5481,5486,5492,5554,5631,5632,5669,5689,5714,5812,5874,5914,5941,5948,6004,6068,6118,6121,6160,6163,6260,6322,6379,6464,6506,6570,6608,6712,6780,6799,6800,6926,7004,7256,7369,7575,7610,7641,7713,7747,7749,7849,7856,8026,8028,8035,8041,8043,8046,8061,8092,8181,8254,8257,8259,8337,8339,8340,8341,8342,8343,8344,8345,8346,8347,8348,8349,8350,8351,8352,8353,8355,8356,8359,8360,8361,8362,8363,8364,8365,8370,8371,8375,8377,8380,8387,8388,8389,8390,8391,8392,8393,8394,8396,8397,8400,8401,8402,8404,8405,8407,8408,8409,8412,8413,8414,8416,8417,8418,8419,8420,8425,8428,8395)
2024-12-12 15:01:13;UPDATE `pe_palette_composition` SET `archive` = 0, `supprime` = 0 WHERE `id` IN (SELECT `id_compo` FROM `pe_bl_lignes` WHERE `id_bl` = 8424);DELETE FROM `pe_bl_lignes` WHERE `id_bl` = 8424;DELETE FROM `pe_bl` WHERE `id` = 8424;
2024-12-12 15:01:13;UPDATE `pe_bl` SET `supprime` = 1 WHERE `id` IN (1,3,4,9,10,40,42,51,53,65,72,80,81,84,85,86,88,93,96,108,111,112,139,140,147,150,160,168,173,174,176,182,191,195,196,199,202,203,211,236,237,247,248,251,252,274,275,276,282,284,285,287,298,301,307,308,310,311,336,343,366,367,379,380,401,402,403,404,407,409,411,502,510,512,521,527,534,568,569,641,691,692,715,716,717,718,719,720,721,722,730,731,797,856,957,1038,1040,1041,1062,1087,1101,1110,1125,1142,1143,1144,1243,1343,1378,1514,1533,1565,1571,1642,1676,1771,1814,1832,1860,1881,1929,1943,1992,2004,2039,2040,2041,2042,2106,2132,2133,2145,2146,2184,2195,2197,2201,2205,2210,2216,2223,2230,2238,2275,2290,2304,2318,2354,2508,2529,2584,2585,2588,2646,2681,2687,2692,2694,2706,2713,2714,2911,3003,3007,3042,3062,3080,3081,3098,3155,3204,3215,3267,3271,3273,3360,3449,3464,3479,3526,3615,3635,3643,3653,3688,3706,3707,3711,3794,3804,3888,3965,3982,3983,4112,4209,4223,4232,4233,4307,4308,4336,4439,4463,4472,4473,4474,4514,4526,4530,4531,4557,4568,4679,4703,4711,4713,4720,4737,4816,4976,5054,5083,5095,5124,5150,5253,5295,5334,5376,5411,5413,5415,5423,5481,5486,5492,5554,5631,5632,5669,5689,5714,5812,5874,5914,5941,5948,6004,6068,6118,6121,6160,6163,6260,6322,6379,6464,6506,6570,6608,6712,6780,6799,6800,6926,7004,7256,7369,7575,7610,7641,7713,7747,7749,7849,7856,8026,8028,8035,8041,8043,8046,8061,8092,8181,8254,8257,8259,8337,8339,8340,8341,8342,8343,8344,8345,8346,8347,8348,8349,8350,8351,8352,8353,8355,8356,8359,8360,8361,8362,8363,8364,8365,8370,8371,8375,8377,8380,8387,8388,8389,8390,8391,8392,8393,8394,8396,8397,8400,8401,8402,8404,8405,8407,8408,8409,8412,8413,8414,8416,8417,8418,8419,8420,8425,8428,8395)
2024-12-12 15:01:16;INSERT INTO `pe_bl` (`num_bl`,`supprime`,`statut`,`date`) VALUES ("BL2412030" ,0 ,1 ,"2024-12-12" )
2024-12-12 15:01:57;INSERT INTO `pe_bl_lignes` (`id_produit`,`id_palette`,`numlot`,`id_lot`,`poids`,`nb_colis`,`id_compo`,`num_palette`,`id_bl`,`id_produit_bl`,`id_pdt_negoce`,`pu_ht`,`tva`,`qte`,`supprime`,`date_add`) VALUES (445 ,0 ,1425 ,0 ,10 ,20 ,0 ,0 ,8430 ,0 ,2500 ,0 ,5.5 ,1 ,0 ,"2024-12-12 15:01:57" )
2024-12-12 15:01:58;UPDATE `pe_bl` SET `id_tiers_facturation` = 37  WHERE id = 8430
2024-12-12 15:02:07;UPDATE `pe_bl_lignes` SET `pu_ht` = 100  WHERE `id` = 76065
2024-12-12 15:04:22;UPDATE `pe_bl_lignes` SET `supprime` = 1  WHERE `id` = 76065
2024-12-12 15:04:24;INSERT INTO `pe_bl` (`num_bl`,`supprime`,`statut`,`date`) VALUES ("BL2412031" ,0 ,1 ,"2024-12-12" )
2024-12-12 15:04:58;UPDATE `pe_bl_lignes` SET `supprime` = 1 WHERE `supprime` = 0  AND `id_bl` IN (SELECT `id` FROM `pe_bl` WHERE `supprime` = 1)
2024-12-12 15:05:58;INSERT INTO `pe_bl_lignes` (`id_produit`,`id_palette`,`numlot`,`id_lot`,`poids`,`nb_colis`,`id_compo`,`num_palette`,`id_bl`,`id_produit_bl`,`id_pdt_negoce`,`pu_ht`,`tva`,`qte`,`supprime`,`date_add`) VALUES (445 ,0 ,1425 ,0 ,10 ,20 ,0 ,0 ,8431 ,0 ,106 ,0 ,5.5 ,1 ,0 ,"2024-12-12 15:05:58" )
2024-12-12 15:05:58;UPDATE `pe_bl` SET `id_tiers_facturation` = 37  WHERE id = 8431
2024-12-12 15:06:08;UPDATE `pe_bl_lignes` SET `pu_ht` = 100  WHERE `id` = 76066
2024-12-12 15:06:35;UPDATE `pe_bl` SET `supprime` = 0 ,`num_cmd` = "" ,`date` = "2024-12-12" ,`id_tiers_facturation` = 37 ,`id_tiers_livraison` = 37 ,`id_adresse_livraison` = 35 ,`id_tiers_transporteur` = 231 ,`regroupement` = 0 ,`date_livraison` = "2024-12-12" ,`chiffrage` = 1 ,`statut` = 1  WHERE id = 8431
2024-12-12 15:06:44;UPDATE `pe_bl` SET `supprime` = 0 ,`num_cmd` = "bl1425" ,`date` = "2024-12-12" ,`id_tiers_facturation` = 37 ,`id_tiers_livraison` = 37 ,`id_adresse_livraison` = 35 ,`id_tiers_transporteur` = 231 ,`regroupement` = 0 ,`date_livraison` = "2024-12-12" ,`chiffrage` = 1 ,`statut` = 1  WHERE id = 8431
2024-12-12 15:06:48;UPDATE `pe_bl` SET `supprime` = 1 WHERE `id` IN (1,3,4,9,10,40,42,51,53,65,72,80,81,84,85,86,88,93,96,108,111,112,139,140,147,150,160,168,173,174,176,182,191,195,196,199,202,203,211,236,237,247,248,251,252,274,275,276,282,284,285,287,298,301,307,308,310,311,336,343,366,367,379,380,401,402,403,404,407,409,411,502,510,512,521,527,534,568,569,641,691,692,715,716,717,718,719,720,721,722,730,731,797,856,957,1038,1040,1041,1062,1087,1101,1110,1125,1142,1143,1144,1243,1343,1378,1514,1533,1565,1571,1642,1676,1771,1814,1832,1860,1881,1929,1943,1992,2004,2039,2040,2041,2042,2106,2132,2133,2145,2146,2184,2195,2197,2201,2205,2210,2216,2223,2230,2238,2275,2290,2304,2318,2354,2508,2529,2584,2585,2588,2646,2681,2687,2692,2694,2706,2713,2714,2911,3003,3007,3042,3062,3080,3081,3098,3155,3204,3215,3267,3271,3273,3360,3449,3464,3479,3526,3615,3635,3643,3653,3688,3706,3707,3711,3794,3804,3888,3965,3982,3983,4112,4209,4223,4232,4233,4307,4308,4336,4439,4463,4472,4473,4474,4514,4526,4530,4531,4557,4568,4679,4703,4711,4713,4720,4737,4816,4976,5054,5083,5095,5124,5150,5253,5295,5334,5376,5411,5413,5415,5423,5481,5486,5492,5554,5631,5632,5669,5689,5714,5812,5874,5914,5941,5948,6004,6068,6118,6121,6160,6163,6260,6322,6379,6464,6506,6570,6608,6712,6780,6799,6800,6926,7004,7256,7369,7575,7610,7641,7713,7747,7749,7849,7856,8026,8028,8035,8041,8043,8046,8061,8092,8181,8254,8257,8259,8337,8339,8340,8341,8342,8343,8344,8345,8346,8347,8348,8349,8350,8351,8352,8353,8355,8356,8359,8360,8361,8362,8363,8364,8365,8370,8371,8375,8377,8380,8387,8388,8389,8390,8391,8392,8393,8394,8396,8397,8400,8401,8402,8404,8405,8407,8408,8409,8412,8413,8414,8416,8417,8418,8419,8420,8425,8428,8395)
2024-12-12 15:06:48;UPDATE `pe_bl` SET `id_tiers_livraison` = 37  WHERE id = 8430
2024-12-12 15:07:25;UPDATE `pe_bl` SET `num_cmd` = "bl1425" ,`id_tiers_facturation` = 37 ,`id_tiers_livraison` = 37 ,`id_tiers_transporteur` = 231 ,`id_adresse_livraison` = 35 ,`nom_client` = "" ,`statut` = 1 ,`supprime` = 0 ,`date_livraison` = "2024-12-12"  WHERE id = 8431
2024-12-12 15:08:00;INSERT INTO `pe_lots_negoce` (`date_add`,`visible`,`id_fournisseur`,`num_bl`,`date_reception`,`date_entree`) VALUES ("2024-12-12 15:08:00" ,1 ,287 ,20241220 ,"2024-12-12" ,"2024-12-12" )
2024-12-12 15:08:29;INSERT INTO `pe_negoce_produits` (`poids`,`quantite`,`supprime`,`date_add`,`id_lot_negoce`,`id_pdt`,`nb_cartons`,`traite`,`user_add`,`num_lot`,`dlc`) VALUES (100 ,10 ,0 ,"2024-12-12 15:08:29" ,82 ,445 ,50 ,0 ,1 ,202425 ,"2024-12-12" )
2024-12-12 15:08:40;UPDATE `pe_negoce_produits` SET `nb_cartons` = 50 ,`poids` = 100 ,`num_lot` = 202425 ,`quantite` = 10 ,`dlc` = "2024-12-12"  WHERE `id_lot_pdt_negoce` = 118
2024-12-12 15:09:06;UPDATE `pe_bl_lignes` SET `supprime` = 1 WHERE `supprime` = 0  AND `id_bl` IN (SELECT `id` FROM `pe_bl` WHERE `supprime` = 1)
2024-12-12 15:09:15;UPDATE `pe_bl_lignes` SET `supprime` = 1 WHERE `supprime` = 0  AND `id_bl` IN (SELECT `id` FROM `pe_bl` WHERE `supprime` = 1)
2024-12-12 15:10:35;UPDATE `pe_bl` SET `num_cmd` = "bl1425" ,`id_tiers_facturation` = 37 ,`id_tiers_livraison` = 37 ,`id_tiers_transporteur` = 231 ,`id_adresse_livraison` = 35 ,`nom_client` = "" ,`statut` = 1 ,`supprime` = 0 ,`date_livraison` = "2024-12-12"  WHERE id = 8431
2024-12-12 15:12:44;INSERT INTO `pe_bl_lignes` (`id_produit`,`id_palette`,`numlot`,`id_lot`,`poids`,`nb_colis`,`id_compo`,`num_palette`,`id_bl`,`id_produit_bl`,`id_pdt_negoce`,`pu_ht`,`tva`,`qte`,`supprime`,`date_add`) VALUES (445 ,0 ,202425 ,0 ,50 ,150 ,0 ,0 ,8431 ,0 ,118 ,0 ,5.5 ,1 ,0 ,"2024-12-12 15:12:44" )
2024-12-12 15:12:45;UPDATE `pe_bl` SET `num_cmd` = "bl1425" ,`id_tiers_facturation` = 37 ,`id_tiers_livraison` = 37 ,`id_tiers_transporteur` = 231 ,`id_adresse_livraison` = 35 ,`nom_client` = "" ,`statut` = 1 ,`supprime` = 0 ,`date_livraison` = "2024-12-12"  WHERE id = 8431
2024-12-12 15:13:13;UPDATE `pe_bl` SET `num_cmd` = "bl1425" ,`id_tiers_facturation` = 37 ,`id_tiers_livraison` = 37 ,`id_tiers_transporteur` = 231 ,`id_adresse_livraison` = 35 ,`nom_client` = "" ,`statut` = 1 ,`supprime` = 0 ,`date_livraison` = "2024-12-12"  WHERE id = 8431
2024-12-12 15:13:25;UPDATE `pe_bl_lignes` SET `pu_ht` = 150  WHERE `id` = 76067
2024-12-12 15:13:25;UPDATE `pe_bl_lignes` SET `pu_ht` = 150  WHERE `id` = 76066
2024-12-12 15:13:26;UPDATE `pe_tarif_client` SET `prix` = 150  WHERE `id` = 2062
2024-12-12 15:13:41;UPDATE `pe_bl` SET `num_cmd` = "bl1425" ,`date` = "2024-12-12" ,`id_tiers_facturation` = 37 ,`id_tiers_livraison` = 37 ,`id_adresse_livraison` = 35 ,`id_tiers_transporteur` = 231 ,`date_livraison` = "2024-12-12"  WHERE id = 8431
2024-12-12 15:13:41;UPDATE `pe_tiers` SET `id_langue` = 1  WHERE `id` = 37
2024-12-12 15:13:41;UPDATE `pe_tiers_types` SET `id_famille` = 0 WHERE `id_tiers` = 37
2024-12-12 15:13:41;UPDATE `pe_bl` SET `num_cmd` = "bl1425" ,`date` = "2024-12-12" ,`id_tiers_facturation` = 37 ,`id_tiers_livraison` = 37 ,`id_adresse_livraison` = 35 ,`id_tiers_transporteur` = 231 ,`date_livraison` = "2024-12-12" ,`chiffrage` = 1  WHERE id = 8431
2024-12-12 15:13:41;UPDATE `pe_bl` SET `num_cmd` = "bl1425" ,`date` = "2024-12-12" ,`id_tiers_facturation` = 37 ,`id_tiers_livraison` = 37 ,`id_adresse_livraison` = 35 ,`id_tiers_transporteur` = 231 ,`date_livraison` = "2024-12-12" ,`chiffrage` = 1 ,`statut` = 2 ,`supprime` = 0  WHERE id = 8431
2024-12-12 15:13:41;UPDATE `pe_palette_composition` SET `supprime` = 1, `archive` = 1 WHERE `id` IN (0,0)
2024-12-12 15:13:41;UPDATE `pe_bl` SET `date_envoi` = NULL WHERE `id` = 8431
2024-12-12 15:14:11;UPDATE `pe_bl_lignes` SET `supprime` = 1 WHERE `supprime` = 0  AND `id_bl` IN (SELECT `id` FROM `pe_bl` WHERE `supprime` = 1)
2024-12-12 15:14:37;UPDATE `pe_bl` SET `supprime` = 1 WHERE `id` IN (1,3,4,9,10,40,42,51,53,65,72,80,81,84,85,86,88,93,96,108,111,112,139,140,147,150,160,168,173,174,176,182,191,195,196,199,202,203,211,236,237,247,248,251,252,274,275,276,282,284,285,287,298,301,307,308,310,311,336,343,366,367,379,380,401,402,403,404,407,409,411,502,510,512,521,527,534,568,569,641,691,692,715,716,717,718,719,720,721,722,730,731,797,856,957,1038,1040,1041,1062,1087,1101,1110,1125,1142,1143,1144,1243,1343,1378,1514,1533,1565,1571,1642,1676,1771,1814,1832,1860,1881,1929,1943,1992,2004,2039,2040,2041,2042,2106,2132,2133,2145,2146,2184,2195,2197,2201,2205,2210,2216,2223,2230,2238,2275,2290,2304,2318,2354,2508,2529,2584,2585,2588,2646,2681,2687,2692,2694,2706,2713,2714,2911,3003,3007,3042,3062,3080,3081,3098,3155,3204,3215,3267,3271,3273,3360,3449,3464,3479,3526,3615,3635,3643,3653,3688,3706,3707,3711,3794,3804,3888,3965,3982,3983,4112,4209,4223,4232,4233,4307,4308,4336,4439,4463,4472,4473,4474,4514,4526,4530,4531,4557,4568,4679,4703,4711,4713,4720,4737,4816,4976,5054,5083,5095,5124,5150,5253,5295,5334,5376,5411,5413,5415,5423,5481,5486,5492,5554,5631,5632,5669,5689,5714,5812,5874,5914,5941,5948,6004,6068,6118,6121,6160,6163,6260,6322,6379,6464,6506,6570,6608,6712,6780,6799,6800,6926,7004,7256,7369,7575,7610,7641,7713,7747,7749,7849,7856,8026,8028,8035,8041,8043,8046,8061,8092,8181,8254,8257,8259,8337,8339,8340,8341,8342,8343,8344,8345,8346,8347,8348,8349,8350,8351,8352,8353,8355,8356,8359,8360,8361,8362,8363,8364,8365,8370,8371,8375,8377,8380,8387,8388,8389,8390,8391,8392,8393,8394,8396,8397,8400,8401,8402,8404,8405,8407,8408,8409,8412,8413,8414,8416,8417,8418,8419,8420,8425,8428,8395)
2024-12-12 15:15:05;INSERT INTO `pe_bl` (`num_bl`,`supprime`,`statut`,`date`) VALUES ("BL2412032" ,0 ,1 ,"2024-12-12" )
2024-12-12 15:15:39;INSERT INTO `pe_palettes` (`numero`,`date`,`id_user`,`statut`,`id_poids_palette`,`id_client`,`scan_frais`,`supprime`) VALUES (5 ,"2024-12-12 03:15:39" ,1 ,0 ,0 ,0 ,0 ,0 )
2024-12-12 15:15:40;UPDATE `pe_bl` SET `id_tiers_facturation` = 331  WHERE id = 8432
2024-12-12 15:25:07;UPDATE `pe_bl_lignes` SET `supprime` = 1 WHERE `supprime` = 0  AND `id_bl` IN (SELECT `id` FROM `pe_bl` WHERE `supprime` = 1)
2024-12-12 15:25:59;UPDATE `pe_bl_lignes` SET `supprime` = 1 WHERE `supprime` = 0  AND `id_bl` IN (SELECT `id` FROM `pe_bl` WHERE `supprime` = 1)
2024-12-12 15:27:33;UPDATE `pe_bl_lignes` SET `supprime` = 1 WHERE `supprime` = 0  AND `id_bl` IN (SELECT `id` FROM `pe_bl` WHERE `supprime` = 1)
2024-12-12 15:27:50;UPDATE `pe_bl_lignes` SET `supprime` = 1 WHERE `supprime` = 0  AND `id_bl` IN (SELECT `id` FROM `pe_bl` WHERE `supprime` = 1)
2024-12-12 15:28:22;UPDATE `pe_bl_lignes` SET `supprime` = 1 WHERE `supprime` = 0  AND `id_bl` IN (SELECT `id` FROM `pe_bl` WHERE `supprime` = 1)
2024-12-12 15:44:29;UPDATE `pe_bl_lignes` SET `supprime` = 1 WHERE `supprime` = 0  AND `id_bl` IN (SELECT `id` FROM `pe_bl` WHERE `supprime` = 1)
2024-12-12 15:48:55;UPDATE `pe_bl_lignes` SET `supprime` = 1 WHERE `supprime` = 0  AND `id_bl` IN (SELECT `id` FROM `pe_bl` WHERE `supprime` = 1)
2024-12-12 15:50:47;UPDATE `pe_bl_lignes` SET `supprime` = 1 WHERE `supprime` = 0  AND `id_bl` IN (SELECT `id` FROM `pe_bl` WHERE `supprime` = 1)
2024-12-12 15:52:05;UPDATE `pe_bl_lignes` SET `supprime` = 1 WHERE `supprime` = 0  AND `id_bl` IN (SELECT `id` FROM `pe_bl` WHERE `supprime` = 1)
2024-12-12 15:55:21;UPDATE `pe_bl_lignes` SET `supprime` = 1 WHERE `supprime` = 0  AND `id_bl` IN (SELECT `id` FROM `pe_bl` WHERE `supprime` = 1)
2024-12-12 16:09:29;UPDATE `pe_bl_lignes` SET `supprime` = 1 WHERE `supprime` = 0  AND `id_bl` IN (SELECT `id` FROM `pe_bl` WHERE `supprime` = 1)
2024-12-12 16:10:25;UPDATE `pe_bl_lignes` SET `supprime` = 1 WHERE `supprime` = 0  AND `id_bl` IN (SELECT `id` FROM `pe_bl` WHERE `supprime` = 1)
2024-12-12 16:17:25;UPDATE `pe_bl_lignes` SET `supprime` = 1 WHERE `supprime` = 0  AND `id_bl` IN (SELECT `id` FROM `pe_bl` WHERE `supprime` = 1)
