2024-12-11 06:51:50;UPDATE `pe_langues` SET `actif` = 1 WHERE `iso` = "FR"
2024-12-11 06:51:50;UPDATE `pe_consommables` SET `id_precedent` = 0, `date_upd` = null WHERE `date_upd` < CURDATE()
2024-12-11 06:54:15;UPDATE `pe_langues` SET `actif` = 1 WHERE `iso` = "FR"
2024-12-11 06:54:15;UPDATE `pe_consommables` SET `id_precedent` = 0, `date_upd` = null WHERE `date_upd` < CURDATE()
2024-12-11 06:57:04;INSERT INTO `pe_negoce_produits` (`poids`,`quantite`,`supprime`,`date_add`,`id_lot_negoce`,`id_pdt`,`nb_cartons`,`traite`,`user_add`,`num_lot`,`dlc`) VALUES (10 ,0 ,0 ,"2024-12-11 06:57:04" ,80 ,445 ,20 ,0 ,1 ,1425 ,"2024-12-11" )
2024-12-11 06:58:31;INSERT INTO `pe_negoce_produits` (`poids`,`quantite`,`supprime`,`date_add`,`id_lot_negoce`,`id_pdt`,`nb_cartons`,`traite`,`user_add`,`num_lot`,`dlc`) VALUES (20 ,0 ,0 ,"2024-12-11 06:58:31" ,80 ,170 ,5 ,0 ,1 ,12345 ,"2024-12-11" )
2024-12-11 07:05:27;UPDATE `pe_lots_negoce` SET `visible` = 1  WHERE `id` = 80
2024-12-11 07:15:20;DELETE FROM `pe_negoce_produits` WHERE `id_lot_pdt_negoce` =102
2024-12-11 07:15:22;DELETE FROM `pe_negoce_produits` WHERE `id_lot_pdt_negoce` =104
2024-12-11 07:15:33;INSERT INTO `pe_negoce_produits` (`poids`,`quantite`,`supprime`,`date_add`,`id_lot_negoce`,`id_pdt`,`nb_cartons`,`traite`,`user_add`,`num_lot`,`dlc`) VALUES (50 ,60 ,0 ,"2024-12-11 07:15:33" ,80 ,445 ,5 ,0 ,1 ,"" ,"2024-12-11" )
2024-12-11 07:16:04;INSERT INTO `pe_negoce_produits` (`poids`,`quantite`,`supprime`,`date_add`,`id_lot_negoce`,`id_pdt`,`nb_cartons`,`traite`,`user_add`,`num_lot`,`dlc`) VALUES (50 ,50 ,0 ,"2024-12-11 07:16:04" ,80 ,473 ,10 ,0 ,1 ,1233 ,"2024-12-11" )
2024-12-11 07:18:01;INSERT INTO `pe_negoce_produits` (`poids`,`quantite`,`supprime`,`date_add`,`id_lot_negoce`,`id_pdt`,`nb_cartons`,`traite`,`user_add`,`num_lot`,`dlc`) VALUES (5 ,0 ,0 ,"2024-12-11 07:18:01" ,80 ,473 ,5 ,0 ,1 ,1233 ,"2024-12-11" )
2024-12-11 07:18:32;DELETE FROM `pe_negoce_produits` WHERE `id_lot_pdt_negoce` =108
2024-12-11 08:14:20;UPDATE `pe_bl_lignes` SET `supprime` = 1 WHERE `supprime` = 0  AND `id_bl` IN (SELECT `id` FROM `pe_bl` WHERE `supprime` = 1)
2024-12-11 08:14:57;UPDATE `pe_bl_lignes` SET `supprime` = 1 WHERE `supprime` = 0  AND `id_bl` IN (SELECT `id` FROM `pe_bl` WHERE `supprime` = 1)
2024-12-11 08:16:08;UPDATE `pe_bl_lignes` SET `supprime` = 1 WHERE `supprime` = 0  AND `id_bl` IN (SELECT `id` FROM `pe_bl` WHERE `supprime` = 1)
2024-12-11 08:16:54;UPDATE `pe_bl_lignes` SET `supprime` = 1 WHERE `supprime` = 0  AND `id_bl` IN (SELECT `id` FROM `pe_bl` WHERE `supprime` = 1)
2024-12-11 08:17:21;UPDATE `pe_bl_lignes` SET `supprime` = 1 WHERE `supprime` = 0  AND `id_bl` IN (SELECT `id` FROM `pe_bl` WHERE `supprime` = 1)
2024-12-11 08:17:54;UPDATE `pe_bl_lignes` SET `supprime` = 1 WHERE `supprime` = 0  AND `id_bl` IN (SELECT `id` FROM `pe_bl` WHERE `supprime` = 1)
2024-12-11 08:19:14;UPDATE `pe_bl_lignes` SET `supprime` = 1 WHERE `supprime` = 0  AND `id_bl` IN (SELECT `id` FROM `pe_bl` WHERE `supprime` = 1)
2024-12-11 08:20:35;UPDATE `pe_bl_lignes` SET `supprime` = 1 WHERE `supprime` = 0  AND `id_bl` IN (SELECT `id` FROM `pe_bl` WHERE `supprime` = 1)
2024-12-11 08:20:52;UPDATE `pe_bl_lignes` SET `supprime` = 1 WHERE `supprime` = 0  AND `id_bl` IN (SELECT `id` FROM `pe_bl` WHERE `supprime` = 1)
2024-12-11 08:21:18;UPDATE `pe_bl_lignes` SET `supprime` = 1 WHERE `supprime` = 0  AND `id_bl` IN (SELECT `id` FROM `pe_bl` WHERE `supprime` = 1)
2024-12-11 08:22:15;UPDATE `pe_bl_lignes` SET `supprime` = 1 WHERE `supprime` = 0  AND `id_bl` IN (SELECT `id` FROM `pe_bl` WHERE `supprime` = 1)
2024-12-11 08:23:19;UPDATE `pe_bl_lignes` SET `supprime` = 1 WHERE `supprime` = 0  AND `id_bl` IN (SELECT `id` FROM `pe_bl` WHERE `supprime` = 1)
2024-12-11 08:23:50;UPDATE `pe_bl_lignes` SET `supprime` = 1 WHERE `supprime` = 0  AND `id_bl` IN (SELECT `id` FROM `pe_bl` WHERE `supprime` = 1)
2024-12-11 08:25:54;UPDATE `pe_langues` SET `actif` = 1 WHERE `iso` = "FR"
2024-12-11 08:27:54;UPDATE `pe_bl_lignes` SET `supprime` = 1 WHERE `supprime` = 0  AND `id_bl` IN (SELECT `id` FROM `pe_bl` WHERE `supprime` = 1)
2024-12-11 08:32:48;UPDATE `pe_bl_lignes` SET `supprime` = 1 WHERE `supprime` = 0  AND `id_bl` IN (SELECT `id` FROM `pe_bl` WHERE `supprime` = 1)
2024-12-11 08:33:54;UPDATE `pe_bl_lignes` SET `supprime` = 1 WHERE `supprime` = 0  AND `id_bl` IN (SELECT `id` FROM `pe_bl` WHERE `supprime` = 1)
2024-12-11 08:35:59;UPDATE `pe_bl_lignes` SET `supprime` = 1 WHERE `supprime` = 0  AND `id_bl` IN (SELECT `id` FROM `pe_bl` WHERE `supprime` = 1)
2024-12-11 08:36:49;UPDATE `pe_bl_lignes` SET `supprime` = 1 WHERE `supprime` = 0  AND `id_bl` IN (SELECT `id` FROM `pe_bl` WHERE `supprime` = 1)
2024-12-11 08:37:16;UPDATE `pe_bl_lignes` SET `supprime` = 1 WHERE `supprime` = 0  AND `id_bl` IN (SELECT `id` FROM `pe_bl` WHERE `supprime` = 1)
2024-12-11 08:40:53;UPDATE `pe_bl_lignes` SET `supprime` = 1 WHERE `supprime` = 0  AND `id_bl` IN (SELECT `id` FROM `pe_bl` WHERE `supprime` = 1)
2024-12-11 08:41:19;UPDATE `pe_bl_lignes` SET `supprime` = 1 WHERE `supprime` = 0  AND `id_bl` IN (SELECT `id` FROM `pe_bl` WHERE `supprime` = 1)
2024-12-11 08:52:16;UPDATE `pe_bl_lignes` SET `supprime` = 1 WHERE `supprime` = 0  AND `id_bl` IN (SELECT `id` FROM `pe_bl` WHERE `supprime` = 1)
2024-12-11 08:55:22;UPDATE `pe_bl_lignes` SET `supprime` = 1 WHERE `supprime` = 0  AND `id_bl` IN (SELECT `id` FROM `pe_bl` WHERE `supprime` = 1)
2024-12-11 08:56:26;UPDATE `pe_bl_lignes` SET `supprime` = 1 WHERE `supprime` = 0  AND `id_bl` IN (SELECT `id` FROM `pe_bl` WHERE `supprime` = 1)
2024-12-11 09:27:19;UPDATE `pe_bl_lignes` SET `supprime` = 1 WHERE `supprime` = 0  AND `id_bl` IN (SELECT `id` FROM `pe_bl` WHERE `supprime` = 1)
2024-12-11 09:28:55;UPDATE `pe_bl_lignes` SET `supprime` = 1 WHERE `supprime` = 0  AND `id_bl` IN (SELECT `id` FROM `pe_bl` WHERE `supprime` = 1)
2024-12-11 09:34:52;UPDATE `pe_bl_lignes` SET `supprime` = 1 WHERE `supprime` = 0  AND `id_bl` IN (SELECT `id` FROM `pe_bl` WHERE `supprime` = 1)
2024-12-11 09:36:41;UPDATE `pe_bl_lignes` SET `supprime` = 1 WHERE `supprime` = 0  AND `id_bl` IN (SELECT `id` FROM `pe_bl` WHERE `supprime` = 1)
2024-12-11 09:37:30;UPDATE `pe_bl` SET `supprime` = 1 WHERE `id` IN (1,3,4,9,10,40,42,51,53,65,72,80,81,84,85,86,88,93,96,108,111,112,139,140,147,150,160,168,173,174,176,182,191,195,196,199,202,203,211,236,237,247,248,251,252,274,275,276,282,284,285,287,298,301,307,308,310,311,336,343,366,367,379,380,401,402,403,404,407,409,411,502,510,512,521,527,534,568,569,641,691,692,715,716,717,718,719,720,721,722,730,731,797,856,957,1038,1040,1041,1062,1087,1101,1110,1125,1142,1143,1144,1243,1343,1378,1514,1533,1565,1571,1642,1676,1771,1814,1832,1860,1881,1929,1943,1992,2004,2039,2040,2041,2042,2106,2132,2133,2145,2146,2184,2195,2197,2201,2205,2210,2216,2223,2230,2238,2275,2290,2304,2318,2354,2508,2529,2584,2585,2588,2646,2681,2687,2692,2694,2706,2713,2714,2911,3003,3007,3042,3062,3080,3081,3098,3155,3204,3215,3267,3271,3273,3360,3449,3464,3479,3526,3615,3635,3643,3653,3688,3706,3707,3711,3794,3804,3888,3965,3982,3983,4112,4209,4223,4232,4233,4307,4308,4336,4439,4463,4472,4473,4474,4514,4526,4530,4531,4557,4568,4679,4703,4711,4713,4720,4737,4816,4976,5054,5083,5095,5124,5150,5253,5295,5334,5376,5411,5413,5415,5423,5481,5486,5492,5554,5631,5632,5669,5689,5714,5812,5874,5914,5941,5948,6004,6068,6118,6121,6160,6163,6260,6322,6379,6464,6506,6570,6608,6712,6780,6799,6800,6926,7004,7256,7369,7575,7610,7641,7713,7747,7749,7849,7856,8026,8028,8035,8041,8043,8046,8061,8092,8181,8254,8257,8259,8337,8339,8340,8341,8342,8343,8344,8345,8346,8347,8348,8349,8350,8351,8352,8353,8355,8356,8359,8360,8361,8362,8363,8364,8365,8370,8371,8375,8377,8380,8387,8388,8389,8390,8391,8392,8393,8394,8396,8397,8395)
2024-12-11 09:38:34;UPDATE `pe_bl_lignes` SET `supprime` = 1 WHERE `supprime` = 0  AND `id_bl` IN (SELECT `id` FROM `pe_bl` WHERE `supprime` = 1)
2024-12-11 09:43:42;UPDATE `pe_bl_lignes` SET `supprime` = 1 WHERE `supprime` = 0  AND `id_bl` IN (SELECT `id` FROM `pe_bl` WHERE `supprime` = 1)
2024-12-11 09:48:52;UPDATE `pe_bl_lignes` SET `supprime` = 1 WHERE `supprime` = 0  AND `id_bl` IN (SELECT `id` FROM `pe_bl` WHERE `supprime` = 1)
2024-12-11 09:52:48;UPDATE `pe_bl_lignes` SET `supprime` = 1 WHERE `supprime` = 0  AND `id_bl` IN (SELECT `id` FROM `pe_bl` WHERE `supprime` = 1)
2024-12-11 09:53:53;UPDATE `pe_bl_lignes` SET `supprime` = 1 WHERE `supprime` = 0  AND `id_bl` IN (SELECT `id` FROM `pe_bl` WHERE `supprime` = 1)
2024-12-11 09:58:42;UPDATE `pe_bl_lignes` SET `supprime` = 1 WHERE `supprime` = 0  AND `id_bl` IN (SELECT `id` FROM `pe_bl` WHERE `supprime` = 1)
2024-12-11 10:00:40;UPDATE `pe_bl_lignes` SET `supprime` = 1 WHERE `supprime` = 0  AND `id_bl` IN (SELECT `id` FROM `pe_bl` WHERE `supprime` = 1)
2024-12-11 10:10:18;UPDATE `pe_bl_lignes` SET `supprime` = 1 WHERE `supprime` = 0  AND `id_bl` IN (SELECT `id` FROM `pe_bl` WHERE `supprime` = 1)
2024-12-11 10:11:09;UPDATE `pe_bl_lignes` SET `supprime` = 1 WHERE `supprime` = 0  AND `id_bl` IN (SELECT `id` FROM `pe_bl` WHERE `supprime` = 1)
2024-12-11 10:24:55;UPDATE `pe_bl_lignes` SET `supprime` = 1 WHERE `supprime` = 0  AND `id_bl` IN (SELECT `id` FROM `pe_bl` WHERE `supprime` = 1)
2024-12-11 10:27:07;UPDATE `pe_bl_lignes` SET `supprime` = 1 WHERE `supprime` = 0  AND `id_bl` IN (SELECT `id` FROM `pe_bl` WHERE `supprime` = 1)
2024-12-11 10:43:46;UPDATE `pe_bl_lignes` SET `supprime` = 1 WHERE `supprime` = 0  AND `id_bl` IN (SELECT `id` FROM `pe_bl` WHERE `supprime` = 1)
2024-12-11 10:56:32;UPDATE `pe_bl_lignes` SET `supprime` = 1 WHERE `supprime` = 0  AND `id_bl` IN (SELECT `id` FROM `pe_bl` WHERE `supprime` = 1)
2024-12-11 10:56:38;UPDATE `pe_bl_lignes` SET `supprime` = 1 WHERE `supprime` = 0  AND `id_bl` IN (SELECT `id` FROM `pe_bl` WHERE `supprime` = 1)
2024-12-11 11:52:28;UPDATE `pe_bl_lignes` SET `supprime` = 1 WHERE `supprime` = 0  AND `id_bl` IN (SELECT `id` FROM `pe_bl` WHERE `supprime` = 1)
2024-12-11 12:04:52;UPDATE `pe_langues` SET `actif` = 1 WHERE `iso` = "FR"
2024-12-11 12:04:52;UPDATE `pe_consommables` SET `id_precedent` = 0, `date_upd` = null WHERE `date_upd` < CURDATE()
2024-12-11 12:55:29;UPDATE `pe_lots_negoce` SET `visible` = 0  WHERE `id` = 80
2024-12-11 12:55:30;UPDATE `pe_lots_negoce` SET `visible` = 1  WHERE `id` = 80
2024-12-11 13:00:24;UPDATE `pe_bl_lignes` SET `supprime` = 1 WHERE `supprime` = 0  AND `id_bl` IN (SELECT `id` FROM `pe_bl` WHERE `supprime` = 1)
2024-12-11 13:08:58;UPDATE `pe_langues` SET `actif` = 1 WHERE `iso` = "FR"
2024-12-11 13:09:10;UPDATE `pe_negoce_produits` SET `traite` = 1  WHERE `id_lot_pdt_negoce` = 110
2024-12-11 13:09:11;UPDATE `pe_negoce_produits` SET `traite` = 1  WHERE `id_lot_pdt_negoce` = 109
2024-12-11 13:11:33;UPDATE `pe_negoce_produits` SET `traite` = 0  WHERE `id_lot_pdt_negoce` = 110
2024-12-11 13:11:35;UPDATE `pe_negoce_produits` SET `traite` = 1  WHERE `id_lot_pdt_negoce` = 110
2024-12-11 13:11:41;UPDATE `pe_negoce_produits` SET `traite` = 0  WHERE `id_lot_pdt_negoce` = 110
2024-12-11 13:12:01;UPDATE `pe_negoce_produits` SET `traite` = 1  WHERE `id_lot_pdt_negoce` = 107
2024-12-11 13:15:21;UPDATE `pe_bl_lignes` SET `supprime` = 1 WHERE `supprime` = 0  AND `id_bl` IN (SELECT `id` FROM `pe_bl` WHERE `supprime` = 1)
2024-12-11 13:27:43;INSERT INTO `pe_documents` (`nom`,`supprime`,`date`,`filename`,`lot_id`,`type_lot`,`type_id`) VALUES ("bl" ,0 ,"2024-12-11 13:27:43" ,"20241211132743.pdf" ,80 ,1 ,2 )
2024-12-11 13:28:19;UPDATE `pe_lots_negoce` SET `date_out` = "2024-12-11 13:28:19"  WHERE `id` = 80
2024-12-11 13:33:43;UPDATE `pe_bl_lignes` SET `supprime` = 1 WHERE `supprime` = 0  AND `id_bl` IN (SELECT `id` FROM `pe_bl` WHERE `supprime` = 1)
2024-12-11 13:39:58;UPDATE `pe_bl_lignes` SET `supprime` = 1 WHERE `supprime` = 0  AND `id_bl` IN (SELECT `id` FROM `pe_bl` WHERE `supprime` = 1)
2024-12-11 13:40:08;UPDATE `pe_bl_lignes` SET `supprime` = 1 WHERE `supprime` = 0  AND `id_bl` IN (SELECT `id` FROM `pe_bl` WHERE `supprime` = 1)
2024-12-11 13:44:09;UPDATE `pe_bl_lignes` SET `supprime` = 1 WHERE `supprime` = 0  AND `id_bl` IN (SELECT `id` FROM `pe_bl` WHERE `supprime` = 1)
2024-12-11 13:46:11;UPDATE `pe_bl_lignes` SET `supprime` = 1 WHERE `supprime` = 0  AND `id_bl` IN (SELECT `id` FROM `pe_bl` WHERE `supprime` = 1)
2024-12-11 13:52:09;UPDATE `pe_bl_lignes` SET `supprime` = 1 WHERE `supprime` = 0  AND `id_bl` IN (SELECT `id` FROM `pe_bl` WHERE `supprime` = 1)
2024-12-11 13:52:41;UPDATE `pe_langues` SET `actif` = 1 WHERE `iso` = "FR"
2024-12-11 13:53:11;UPDATE `pe_bl_lignes` SET `supprime` = 1 WHERE `supprime` = 0  AND `id_bl` IN (SELECT `id` FROM `pe_bl` WHERE `supprime` = 1)
2024-12-11 13:53:25;UPDATE `pe_negoce_produits` SET `traite` = 0  WHERE `id_lot_pdt_negoce` = 100
2024-12-11 13:53:26;UPDATE `pe_negoce_produits` SET `traite` = 0  WHERE `id_lot_pdt_negoce` = 67
2024-12-11 13:53:33;UPDATE `pe_bl_lignes` SET `supprime` = 1 WHERE `supprime` = 0  AND `id_bl` IN (SELECT `id` FROM `pe_bl` WHERE `supprime` = 1)
2024-12-11 13:53:47;UPDATE `pe_bl_lignes` SET `supprime` = 1 WHERE `supprime` = 0  AND `id_bl` IN (SELECT `id` FROM `pe_bl` WHERE `supprime` = 1)
2024-12-11 13:54:54;UPDATE `pe_bl_lignes` SET `supprime` = 1 WHERE `supprime` = 0  AND `id_bl` IN (SELECT `id` FROM `pe_bl` WHERE `supprime` = 1)
2024-12-11 13:56:58;UPDATE `pe_bl_lignes` SET `supprime` = 1 WHERE `supprime` = 0  AND `id_bl` IN (SELECT `id` FROM `pe_bl` WHERE `supprime` = 1)
2024-12-11 14:02:41;UPDATE `pe_bl_lignes` SET `supprime` = 1 WHERE `supprime` = 0  AND `id_bl` IN (SELECT `id` FROM `pe_bl` WHERE `supprime` = 1)
2024-12-11 14:03:28;UPDATE `pe_bl_lignes` SET `supprime` = 1 WHERE `supprime` = 0  AND `id_bl` IN (SELECT `id` FROM `pe_bl` WHERE `supprime` = 1)
2024-12-11 14:05:34;UPDATE `pe_bl_lignes` SET `supprime` = 1 WHERE `supprime` = 0  AND `id_bl` IN (SELECT `id` FROM `pe_bl` WHERE `supprime` = 1)
2024-12-11 14:06:37;UPDATE `pe_bl_lignes` SET `supprime` = 1 WHERE `supprime` = 0  AND `id_bl` IN (SELECT `id` FROM `pe_bl` WHERE `supprime` = 1)
2024-12-11 14:07:12;UPDATE `pe_negoce_produits` SET `nb_cartons` = 10 ,`poids` = 50 ,`quantite` = 0  WHERE `id_lot_pdt_negoce` = 109
2024-12-11 14:07:28;UPDATE `pe_langues` SET `actif` = 1 WHERE `iso` = "FR"
2024-12-11 14:07:49;UPDATE `pe_negoce_produits` SET `nb_cartons` = 2 ,`poids` = 50 ,`quantite` = 0  WHERE `id_lot_pdt_negoce` = 100
2024-12-11 14:08:17;UPDATE `pe_bl` SET `num_cmd` = "BL2412002" ,`id_tiers_facturation` = 37 ,`id_tiers_livraison` = 37 ,`id_tiers_transporteur` = 0 ,`id_adresse_livraison` = 35 ,`nom_client` = "" ,`statut` = 1 ,`supprime` = 0  WHERE id = 8397
2024-12-11 14:43:52;UPDATE `pe_bl_lignes` SET `supprime` = 1 WHERE `supprime` = 0  AND `id_bl` IN (SELECT `id` FROM `pe_bl` WHERE `supprime` = 1)
2024-12-11 14:49:40;UPDATE `pe_bl_lignes` SET `supprime` = 1 WHERE `supprime` = 0  AND `id_bl` IN (SELECT `id` FROM `pe_bl` WHERE `supprime` = 1)
2024-12-11 14:50:20;UPDATE `pe_bl` SET `supprime` = 1 WHERE `id` IN (1,3,4,9,10,40,42,51,53,65,72,80,81,84,85,86,88,93,96,108,111,112,139,140,147,150,160,168,173,174,176,182,191,195,196,199,202,203,211,236,237,247,248,251,252,274,275,276,282,284,285,287,298,301,307,308,310,311,336,343,366,367,379,380,401,402,403,404,407,409,411,502,510,512,521,527,534,568,569,641,691,692,715,716,717,718,719,720,721,722,730,731,797,856,957,1038,1040,1041,1062,1087,1101,1110,1125,1142,1143,1144,1243,1343,1378,1514,1533,1565,1571,1642,1676,1771,1814,1832,1860,1881,1929,1943,1992,2004,2039,2040,2041,2042,2106,2132,2133,2145,2146,2184,2195,2197,2201,2205,2210,2216,2223,2230,2238,2275,2290,2304,2318,2354,2508,2529,2584,2585,2588,2646,2681,2687,2692,2694,2706,2713,2714,2911,3003,3007,3042,3062,3080,3081,3098,3155,3204,3215,3267,3271,3273,3360,3449,3464,3479,3526,3615,3635,3643,3653,3688,3706,3707,3711,3794,3804,3888,3965,3982,3983,4112,4209,4223,4232,4233,4307,4308,4336,4439,4463,4472,4473,4474,4514,4526,4530,4531,4557,4568,4679,4703,4711,4713,4720,4737,4816,4976,5054,5083,5095,5124,5150,5253,5295,5334,5376,5411,5413,5415,5423,5481,5486,5492,5554,5631,5632,5669,5689,5714,5812,5874,5914,5941,5948,6004,6068,6118,6121,6160,6163,6260,6322,6379,6464,6506,6570,6608,6712,6780,6799,6800,6926,7004,7256,7369,7575,7610,7641,7713,7747,7749,7849,7856,8026,8028,8035,8041,8043,8046,8061,8092,8181,8254,8257,8259,8337,8339,8340,8341,8342,8343,8344,8345,8346,8347,8348,8349,8350,8351,8352,8353,8355,8356,8359,8360,8361,8362,8363,8364,8365,8370,8371,8375,8377,8380,8387,8388,8389,8390,8391,8392,8393,8394,8396,8397,8395)
2024-12-11 14:51:55;UPDATE `pe_bl` SET `supprime` = 1 WHERE `id` IN (1,3,4,9,10,40,42,51,53,65,72,80,81,84,85,86,88,93,96,108,111,112,139,140,147,150,160,168,173,174,176,182,191,195,196,199,202,203,211,236,237,247,248,251,252,274,275,276,282,284,285,287,298,301,307,308,310,311,336,343,366,367,379,380,401,402,403,404,407,409,411,502,510,512,521,527,534,568,569,641,691,692,715,716,717,718,719,720,721,722,730,731,797,856,957,1038,1040,1041,1062,1087,1101,1110,1125,1142,1143,1144,1243,1343,1378,1514,1533,1565,1571,1642,1676,1771,1814,1832,1860,1881,1929,1943,1992,2004,2039,2040,2041,2042,2106,2132,2133,2145,2146,2184,2195,2197,2201,2205,2210,2216,2223,2230,2238,2275,2290,2304,2318,2354,2508,2529,2584,2585,2588,2646,2681,2687,2692,2694,2706,2713,2714,2911,3003,3007,3042,3062,3080,3081,3098,3155,3204,3215,3267,3271,3273,3360,3449,3464,3479,3526,3615,3635,3643,3653,3688,3706,3707,3711,3794,3804,3888,3965,3982,3983,4112,4209,4223,4232,4233,4307,4308,4336,4439,4463,4472,4473,4474,4514,4526,4530,4531,4557,4568,4679,4703,4711,4713,4720,4737,4816,4976,5054,5083,5095,5124,5150,5253,5295,5334,5376,5411,5413,5415,5423,5481,5486,5492,5554,5631,5632,5669,5689,5714,5812,5874,5914,5941,5948,6004,6068,6118,6121,6160,6163,6260,6322,6379,6464,6506,6570,6608,6712,6780,6799,6800,6926,7004,7256,7369,7575,7610,7641,7713,7747,7749,7849,7856,8026,8028,8035,8041,8043,8046,8061,8092,8181,8254,8257,8259,8337,8339,8340,8341,8342,8343,8344,8345,8346,8347,8348,8349,8350,8351,8352,8353,8355,8356,8359,8360,8361,8362,8363,8364,8365,8370,8371,8375,8377,8380,8387,8388,8389,8390,8391,8392,8393,8394,8396,8397,8395)
2024-12-11 14:51:59;INSERT INTO `pe_bl` (`num_bl`,`supprime`,`statut`,`date`) VALUES ("BL2412004" ,0 ,1 ,"2024-12-11" )
2024-12-11 14:56:59;UPDATE `pe_bl` SET `id_tiers_facturation` = 37  WHERE id = 8400
2024-12-11 14:57:09;UPDATE `pe_bl_lignes` SET `supprime` = 1 WHERE `supprime` = 0  AND `id_bl` IN (SELECT `id` FROM `pe_bl` WHERE `supprime` = 1)
2024-12-11 15:19:38;INSERT INTO `pe_bl` (`num_bl`,`supprime`,`statut`,`date`) VALUES ("BL2412005" ,0 ,1 ,"2024-12-11" )
2024-12-11 15:21:26;UPDATE `pe_bl` SET `id_tiers_facturation` = 332  WHERE id = 8401
2024-12-11 15:24:21;INSERT INTO `pe_bl` (`num_bl`,`supprime`,`statut`,`date`) VALUES ("BL2412006" ,0 ,1 ,"2024-12-11" )
2024-12-11 15:29:41;UPDATE `pe_bl` SET `supprime` = 1 WHERE `id` IN (1,3,4,9,10,40,42,51,53,65,72,80,81,84,85,86,88,93,96,108,111,112,139,140,147,150,160,168,173,174,176,182,191,195,196,199,202,203,211,236,237,247,248,251,252,274,275,276,282,284,285,287,298,301,307,308,310,311,336,343,366,367,379,380,401,402,403,404,407,409,411,502,510,512,521,527,534,568,569,641,691,692,715,716,717,718,719,720,721,722,730,731,797,856,957,1038,1040,1041,1062,1087,1101,1110,1125,1142,1143,1144,1243,1343,1378,1514,1533,1565,1571,1642,1676,1771,1814,1832,1860,1881,1929,1943,1992,2004,2039,2040,2041,2042,2106,2132,2133,2145,2146,2184,2195,2197,2201,2205,2210,2216,2223,2230,2238,2275,2290,2304,2318,2354,2508,2529,2584,2585,2588,2646,2681,2687,2692,2694,2706,2713,2714,2911,3003,3007,3042,3062,3080,3081,3098,3155,3204,3215,3267,3271,3273,3360,3449,3464,3479,3526,3615,3635,3643,3653,3688,3706,3707,3711,3794,3804,3888,3965,3982,3983,4112,4209,4223,4232,4233,4307,4308,4336,4439,4463,4472,4473,4474,4514,4526,4530,4531,4557,4568,4679,4703,4711,4713,4720,4737,4816,4976,5054,5083,5095,5124,5150,5253,5295,5334,5376,5411,5413,5415,5423,5481,5486,5492,5554,5631,5632,5669,5689,5714,5812,5874,5914,5941,5948,6004,6068,6118,6121,6160,6163,6260,6322,6379,6464,6506,6570,6608,6712,6780,6799,6800,6926,7004,7256,7369,7575,7610,7641,7713,7747,7749,7849,7856,8026,8028,8035,8041,8043,8046,8061,8092,8181,8254,8257,8259,8337,8339,8340,8341,8342,8343,8344,8345,8346,8347,8348,8349,8350,8351,8352,8353,8355,8356,8359,8360,8361,8362,8363,8364,8365,8370,8371,8375,8377,8380,8387,8388,8389,8390,8391,8392,8393,8394,8396,8397,8400,8401,8402,8395)
2024-12-11 15:29:48;INSERT INTO `pe_bl` (`num_bl`,`supprime`,`statut`,`date`) VALUES ("BL2412007" ,0 ,1 ,"2024-12-11" )
2024-12-11 15:30:53;UPDATE `pe_negoce_produits` SET `num_lot` = "BL"  WHERE `id_lot_pdt_negoce` = 99
2024-12-11 15:30:53;UPDATE `pe_negoce_produits` SET `num_lot` = "BL"  WHERE `id_lot_pdt_negoce` = 99
2024-12-11 15:30:53;INSERT INTO `pe_bl_lignes` (`numlot`,`id_produit`,`id_palette`,`id_lot`,`poids`,`nb_colis`,`id_compo`,`num_palette`,`id_bl`,`id_produit_bl`,`pu_ht`,`tva`,`qte`,`supprime`,`date_add`) VALUES ("BL" ,395 ,10600 ,0 ,10 ,1 ,0 ,1 ,8403 ,0 ,0 ,5.5 ,1 ,0 ,"2024-12-11 15:30:53" )
2024-12-11 15:30:53;UPDATE `pe_bl` SET `id_tiers_facturation` = 412  WHERE id = 8403
2024-12-11 15:31:26;UPDATE `pe_bl_lignes` SET `numlot` = "BL"  WHERE `id` = 76049
2024-12-11 15:31:32;UPDATE `pe_bl_lignes` SET `pu_ht` = 0  WHERE `id` = 76049
2024-12-11 15:31:56;UPDATE `pe_bl_lignes` SET `numlot` = "BL"  WHERE `id` = 76049
2024-12-11 15:32:02;UPDATE `pe_bl_lignes` SET `numlot` = "BL"  WHERE `id` = 76049
2024-12-11 15:32:16;UPDATE `pe_negoce_produits` SET `nb_cartons` = 5 ,`poids` = 20 ,`num_lot` = "BL3" ,`quantite` = 10 ,`dlc` = "2024-12-04"  WHERE `id_lot_pdt_negoce` = 63
2024-12-11 15:32:22;UPDATE `pe_bl_lignes` SET `numlot` = "BL"  WHERE `id` = 76049
2024-12-11 15:33:18;UPDATE `pe_bl_lignes` SET `pu_ht` = 10  WHERE `id` = 76049
2024-12-11 15:33:31;UPDATE `pe_bl_lignes` SET `numlot` = "BL"  WHERE `id` = 76049
2024-12-11 15:33:35;INSERT INTO `pe_bl` (`num_bl`,`supprime`,`statut`,`date`) VALUES ("BL2412008" ,0 ,1 ,"2024-12-11" )
2024-12-11 15:34:41;UPDATE `pe_bl` SET `id_tiers_facturation` = 331  WHERE id = 8404
2024-12-11 15:35:34;UPDATE `pe_bl` SET `supprime` = 0 ,`num_cmd` = "bl1525" ,`date` = "2024-12-11" ,`id_tiers_facturation` = 331 ,`id_tiers_livraison` = 331 ,`id_adresse_livraison` = 491 ,`id_tiers_transporteur` = 338 ,`regroupement` = 0 ,`date_livraison` = "2024-12-11" ,`chiffrage` = 0 ,`statut` = 1  WHERE id = 8404
2024-12-11 15:35:40;UPDATE `pe_bl` SET `supprime` = 1 WHERE `id` IN (1,3,4,9,10,40,42,51,53,65,72,80,81,84,85,86,88,93,96,108,111,112,139,140,147,150,160,168,173,174,176,182,191,195,196,199,202,203,211,236,237,247,248,251,252,274,275,276,282,284,285,287,298,301,307,308,310,311,336,343,366,367,379,380,401,402,403,404,407,409,411,502,510,512,521,527,534,568,569,641,691,692,715,716,717,718,719,720,721,722,730,731,797,856,957,1038,1040,1041,1062,1087,1101,1110,1125,1142,1143,1144,1243,1343,1378,1514,1533,1565,1571,1642,1676,1771,1814,1832,1860,1881,1929,1943,1992,2004,2039,2040,2041,2042,2106,2132,2133,2145,2146,2184,2195,2197,2201,2205,2210,2216,2223,2230,2238,2275,2290,2304,2318,2354,2508,2529,2584,2585,2588,2646,2681,2687,2692,2694,2706,2713,2714,2911,3003,3007,3042,3062,3080,3081,3098,3155,3204,3215,3267,3271,3273,3360,3449,3464,3479,3526,3615,3635,3643,3653,3688,3706,3707,3711,3794,3804,3888,3965,3982,3983,4112,4209,4223,4232,4233,4307,4308,4336,4439,4463,4472,4473,4474,4514,4526,4530,4531,4557,4568,4679,4703,4711,4713,4720,4737,4816,4976,5054,5083,5095,5124,5150,5253,5295,5334,5376,5411,5413,5415,5423,5481,5486,5492,5554,5631,5632,5669,5689,5714,5812,5874,5914,5941,5948,6004,6068,6118,6121,6160,6163,6260,6322,6379,6464,6506,6570,6608,6712,6780,6799,6800,6926,7004,7256,7369,7575,7610,7641,7713,7747,7749,7849,7856,8026,8028,8035,8041,8043,8046,8061,8092,8181,8254,8257,8259,8337,8339,8340,8341,8342,8343,8344,8345,8346,8347,8348,8349,8350,8351,8352,8353,8355,8356,8359,8360,8361,8362,8363,8364,8365,8370,8371,8375,8377,8380,8387,8388,8389,8390,8391,8392,8393,8394,8396,8397,8400,8401,8402,8404,8395)
2024-12-11 15:35:40;UPDATE `pe_bl` SET `id_tiers_livraison` = 412  WHERE id = 8403
2024-12-11 15:36:14;UPDATE `pe_bl` SET `num_cmd` = "" ,`id_tiers_facturation` = 412 ,`id_tiers_livraison` = 412 ,`id_tiers_transporteur` = 0 ,`id_adresse_livraison` = 634 ,`nom_client` = "" ,`statut` = 1 ,`supprime` = 0  WHERE id = 8403
2024-12-11 15:39:16;UPDATE `pe_bl` SET `num_cmd` = "" ,`id_tiers_facturation` = 412 ,`id_tiers_livraison` = 412 ,`id_tiers_transporteur` = 0 ,`id_adresse_livraison` = 634 ,`nom_client` = "" ,`statut` = 1 ,`supprime` = 0  WHERE id = 8403
2024-12-11 15:39:43;UPDATE `pe_bl` SET `num_cmd` = "" ,`id_tiers_facturation` = 412 ,`id_tiers_livraison` = 412 ,`id_tiers_transporteur` = 0 ,`id_adresse_livraison` = 634 ,`nom_client` = "" ,`statut` = 1 ,`supprime` = 0  WHERE id = 8403
2024-12-11 15:41:33;UPDATE `pe_bl` SET `num_cmd` = "" ,`id_tiers_facturation` = 412 ,`id_tiers_livraison` = 412 ,`id_tiers_transporteur` = 0 ,`id_adresse_livraison` = 0 ,`nom_client` = "" ,`statut` = 1 ,`supprime` = 0  WHERE id = 8403
2024-12-11 15:42:23;UPDATE `pe_bl` SET `num_cmd` = "" ,`id_tiers_facturation` = 412 ,`id_tiers_livraison` = 412 ,`id_tiers_transporteur` = 0 ,`id_adresse_livraison` = 634 ,`nom_client` = "" ,`statut` = 1 ,`supprime` = 0  WHERE id = 8403
2024-12-11 15:42:46;UPDATE `pe_bl` SET `num_cmd` = "" ,`id_tiers_facturation` = 412 ,`id_tiers_livraison` = 412 ,`id_tiers_transporteur` = 0 ,`id_adresse_livraison` = 634 ,`nom_client` = "" ,`statut` = 1 ,`supprime` = 0  WHERE id = 8403
2024-12-11 15:44:19;UPDATE `pe_langues` SET `actif` = 1 WHERE `iso` = "FR"
2024-12-11 15:44:19;UPDATE `pe_palette_composition` SET `supprime` = 1 WHERE `id_lot_hors_stock` > 0 AND `id` NOT IN
                        ( SELECT `id_compo` FROM `pe_bl_lignes`) 
                        AND  `id_lot_hors_stock` NOT IN (SELECT `id` FROM `pe_lots`)
2024-12-11 15:44:32;UPDATE `pe_bl` SET `supprime` = 1 WHERE `id` IN (1,3,4,9,10,40,42,51,53,65,72,80,81,84,85,86,88,93,96,108,111,112,139,140,147,150,160,168,173,174,176,182,191,195,196,199,202,203,211,236,237,247,248,251,252,274,275,276,282,284,285,287,298,301,307,308,310,311,336,343,366,367,379,380,401,402,403,404,407,409,411,502,510,512,521,527,534,568,569,641,691,692,715,716,717,718,719,720,721,722,730,731,797,856,957,1038,1040,1041,1062,1087,1101,1110,1125,1142,1143,1144,1243,1343,1378,1514,1533,1565,1571,1642,1676,1771,1814,1832,1860,1881,1929,1943,1992,2004,2039,2040,2041,2042,2106,2132,2133,2145,2146,2184,2195,2197,2201,2205,2210,2216,2223,2230,2238,2275,2290,2304,2318,2354,2508,2529,2584,2585,2588,2646,2681,2687,2692,2694,2706,2713,2714,2911,3003,3007,3042,3062,3080,3081,3098,3155,3204,3215,3267,3271,3273,3360,3449,3464,3479,3526,3615,3635,3643,3653,3688,3706,3707,3711,3794,3804,3888,3965,3982,3983,4112,4209,4223,4232,4233,4307,4308,4336,4439,4463,4472,4473,4474,4514,4526,4530,4531,4557,4568,4679,4703,4711,4713,4720,4737,4816,4976,5054,5083,5095,5124,5150,5253,5295,5334,5376,5411,5413,5415,5423,5481,5486,5492,5554,5631,5632,5669,5689,5714,5812,5874,5914,5941,5948,6004,6068,6118,6121,6160,6163,6260,6322,6379,6464,6506,6570,6608,6712,6780,6799,6800,6926,7004,7256,7369,7575,7610,7641,7713,7747,7749,7849,7856,8026,8028,8035,8041,8043,8046,8061,8092,8181,8254,8257,8259,8337,8339,8340,8341,8342,8343,8344,8345,8346,8347,8348,8349,8350,8351,8352,8353,8355,8356,8359,8360,8361,8362,8363,8364,8365,8370,8371,8375,8377,8380,8387,8388,8389,8390,8391,8392,8393,8394,8396,8397,8400,8401,8402,8404,8395)
2024-12-11 15:45:31;INSERT INTO `pe_bl` (`num_bl`,`supprime`,`statut`,`date`) VALUES ("BL2412009" ,0 ,1 ,"2024-12-11" )
2024-12-11 15:46:21;INSERT INTO `pe_palettes` (`numero`,`date`,`id_user`,`statut`,`id_poids_palette`,`id_client`,`scan_frais`,`supprime`) VALUES (1 ,"2024-12-11 03:46:21" ,1 ,0 ,0 ,0 ,0 ,0 )
2024-12-11 15:46:21;UPDATE `pe_bl` SET `id_tiers_facturation` = 465  WHERE id = 8405
2024-12-11 15:46:31;INSERT INTO `pe_bl` (`num_bl`,`supprime`,`statut`,`date`) VALUES ("BL2412010" ,0 ,1 ,"2024-12-11" )
2024-12-11 15:47:19;UPDATE `pe_bl` SET `id_tiers_facturation` = 331  WHERE id = 8406
2024-12-11 15:50:41;INSERT INTO `pe_bl_lignes` (`id_produit`,`id_palette`,`numlot`,`id_lot`,`poids`,`nb_colis`,`id_compo`,`num_palette`,`id_bl`,`id_produit_bl`,`pu_ht`,`tva`,`qte`,`supprime`,`date_add`) VALUES (445 ,0 ,1425 ,0 ,10 ,20 ,0 ,0 ,8406 ,0 ,0 ,5.5 ,1 ,0 ,"2024-12-11 15:50:41" )
2024-12-11 15:50:51;UPDATE `pe_bl_lignes` SET `pu_ht` = 13.25  WHERE `id` = 76050
2024-12-11 15:51:27;UPDATE `pe_bl_lignes` SET `pu_ht` = 13.25  WHERE `id` = 76050
2024-12-11 15:52:08;UPDATE `pe_bl_lignes` SET `qte` = 3  WHERE `id` = 76050
2024-12-11 15:52:11;UPDATE `pe_bl_lignes` SET `poids` = 10  WHERE `id` = 76050
2024-12-11 15:52:20;UPDATE `pe_bl_lignes` SET `supprime` = 1  WHERE `id` = 76050
2024-12-11 15:52:49;UPDATE `pe_negoce_produits` SET `nb_cartons` = 10 ,`poids` = 50 ,`num_lot` = "BL225" ,`quantite` = 10 ,`dlc` = "2024-12-04"  WHERE `id_lot_pdt_negoce` = 64
2024-12-11 15:52:59;UPDATE `pe_bl` SET `supprime` = 1 WHERE `id` IN (1,3,4,9,10,40,42,51,53,65,72,80,81,84,85,86,88,93,96,108,111,112,139,140,147,150,160,168,173,174,176,182,191,195,196,199,202,203,211,236,237,247,248,251,252,274,275,276,282,284,285,287,298,301,307,308,310,311,336,343,366,367,379,380,401,402,403,404,407,409,411,502,510,512,521,527,534,568,569,641,691,692,715,716,717,718,719,720,721,722,730,731,797,856,957,1038,1040,1041,1062,1087,1101,1110,1125,1142,1143,1144,1243,1343,1378,1514,1533,1565,1571,1642,1676,1771,1814,1832,1860,1881,1929,1943,1992,2004,2039,2040,2041,2042,2106,2132,2133,2145,2146,2184,2195,2197,2201,2205,2210,2216,2223,2230,2238,2275,2290,2304,2318,2354,2508,2529,2584,2585,2588,2646,2681,2687,2692,2694,2706,2713,2714,2911,3003,3007,3042,3062,3080,3081,3098,3155,3204,3215,3267,3271,3273,3360,3449,3464,3479,3526,3615,3635,3643,3653,3688,3706,3707,3711,3794,3804,3888,3965,3982,3983,4112,4209,4223,4232,4233,4307,4308,4336,4439,4463,4472,4473,4474,4514,4526,4530,4531,4557,4568,4679,4703,4711,4713,4720,4737,4816,4976,5054,5083,5095,5124,5150,5253,5295,5334,5376,5411,5413,5415,5423,5481,5486,5492,5554,5631,5632,5669,5689,5714,5812,5874,5914,5941,5948,6004,6068,6118,6121,6160,6163,6260,6322,6379,6464,6506,6570,6608,6712,6780,6799,6800,6926,7004,7256,7369,7575,7610,7641,7713,7747,7749,7849,7856,8026,8028,8035,8041,8043,8046,8061,8092,8181,8254,8257,8259,8337,8339,8340,8341,8342,8343,8344,8345,8346,8347,8348,8349,8350,8351,8352,8353,8355,8356,8359,8360,8361,8362,8363,8364,8365,8370,8371,8375,8377,8380,8387,8388,8389,8390,8391,8392,8393,8394,8396,8397,8400,8401,8402,8404,8405,8395)
2024-12-11 15:52:59;UPDATE `pe_bl` SET `id_tiers_livraison` = 331  WHERE id = 8406
2024-12-11 15:53:36;UPDATE `pe_bl` SET `num_cmd` = "" ,`id_tiers_facturation` = 331 ,`id_tiers_livraison` = 331 ,`id_tiers_transporteur` = 0 ,`id_adresse_livraison` = 491 ,`nom_client` = "" ,`statut` = 1 ,`supprime` = 0  WHERE id = 8406
2024-12-11 15:54:18;DELETE FROM `pe_negoce_produits` WHERE `id_lot_pdt_negoce` =64
2024-12-11 15:54:21;DELETE FROM `pe_negoce_produits` WHERE `id_lot_pdt_negoce` =65
2024-12-11 15:54:23;DELETE FROM `pe_negoce_produits` WHERE `id_lot_pdt_negoce` =63
2024-12-11 15:54:41;INSERT INTO `pe_negoce_produits` (`poids`,`quantite`,`supprime`,`date_add`,`id_lot_negoce`,`id_pdt`,`nb_cartons`,`traite`,`user_add`,`num_lot`,`dlc`) VALUES (1000 ,50 ,0 ,"2024-12-11 15:54:41" ,56 ,445 ,10 ,0 ,1 ,"TEST1525" ,"2024-12-12" )
2024-12-11 15:55:06;UPDATE `pe_bl` SET `num_cmd` = "" ,`id_tiers_facturation` = 331 ,`id_tiers_livraison` = 331 ,`id_tiers_transporteur` = 0 ,`id_adresse_livraison` = 491 ,`nom_client` = "" ,`statut` = 1 ,`supprime` = 0  WHERE id = 8406
2024-12-11 15:55:27;UPDATE `pe_negoce_produits` SET `nb_cartons` = 10 ,`poids` = 1000 ,`num_lot` = "TEST1525" ,`quantite` = 50 ,`dlc` = "2024-12-12"  WHERE `id_lot_pdt_negoce` = 111
2024-12-11 15:55:53;UPDATE `pe_bl` SET `num_cmd` = "" ,`id_tiers_facturation` = 331 ,`id_tiers_livraison` = 331 ,`id_tiers_transporteur` = 0 ,`id_adresse_livraison` = 491 ,`nom_client` = "" ,`statut` = 1 ,`supprime` = 0  WHERE id = 8406
2024-12-11 15:56:23;UPDATE `pe_bl` SET `num_cmd` = "" ,`id_tiers_facturation` = 331 ,`id_tiers_livraison` = 331 ,`id_tiers_transporteur` = 0 ,`id_adresse_livraison` = 491 ,`nom_client` = "" ,`statut` = 1 ,`supprime` = 0  WHERE id = 8406
2024-12-11 15:56:44;UPDATE `pe_bl` SET `num_cmd` = "" ,`id_tiers_facturation` = 331 ,`id_tiers_livraison` = 331 ,`id_tiers_transporteur` = 0 ,`id_adresse_livraison` = 491 ,`nom_client` = "" ,`statut` = 1 ,`supprime` = 0  WHERE id = 8406
2024-12-11 15:56:49;UPDATE `pe_langues` SET `actif` = 1 WHERE `iso` = "FR"
2024-12-11 15:56:49;UPDATE `pe_palette_composition` SET `supprime` = 1 WHERE `id_lot_hors_stock` > 0 AND `id` NOT IN
                        ( SELECT `id_compo` FROM `pe_bl_lignes`) 
                        AND  `id_lot_hors_stock` NOT IN (SELECT `id` FROM `pe_lots`)
2024-12-11 15:57:11;UPDATE `pe_bl` SET `supprime` = 1 WHERE `id` IN (1,3,4,9,10,40,42,51,53,65,72,80,81,84,85,86,88,93,96,108,111,112,139,140,147,150,160,168,173,174,176,182,191,195,196,199,202,203,211,236,237,247,248,251,252,274,275,276,282,284,285,287,298,301,307,308,310,311,336,343,366,367,379,380,401,402,403,404,407,409,411,502,510,512,521,527,534,568,569,641,691,692,715,716,717,718,719,720,721,722,730,731,797,856,957,1038,1040,1041,1062,1087,1101,1110,1125,1142,1143,1144,1243,1343,1378,1514,1533,1565,1571,1642,1676,1771,1814,1832,1860,1881,1929,1943,1992,2004,2039,2040,2041,2042,2106,2132,2133,2145,2146,2184,2195,2197,2201,2205,2210,2216,2223,2230,2238,2275,2290,2304,2318,2354,2508,2529,2584,2585,2588,2646,2681,2687,2692,2694,2706,2713,2714,2911,3003,3007,3042,3062,3080,3081,3098,3155,3204,3215,3267,3271,3273,3360,3449,3464,3479,3526,3615,3635,3643,3653,3688,3706,3707,3711,3794,3804,3888,3965,3982,3983,4112,4209,4223,4232,4233,4307,4308,4336,4439,4463,4472,4473,4474,4514,4526,4530,4531,4557,4568,4679,4703,4711,4713,4720,4737,4816,4976,5054,5083,5095,5124,5150,5253,5295,5334,5376,5411,5413,5415,5423,5481,5486,5492,5554,5631,5632,5669,5689,5714,5812,5874,5914,5941,5948,6004,6068,6118,6121,6160,6163,6260,6322,6379,6464,6506,6570,6608,6712,6780,6799,6800,6926,7004,7256,7369,7575,7610,7641,7713,7747,7749,7849,7856,8026,8028,8035,8041,8043,8046,8061,8092,8181,8254,8257,8259,8337,8339,8340,8341,8342,8343,8344,8345,8346,8347,8348,8349,8350,8351,8352,8353,8355,8356,8359,8360,8361,8362,8363,8364,8365,8370,8371,8375,8377,8380,8387,8388,8389,8390,8391,8392,8393,8394,8396,8397,8400,8401,8402,8404,8405,8395)
2024-12-11 15:57:22;UPDATE `pe_palette_composition` SET `archive` = 0, `supprime` = 0 WHERE `id` IN (SELECT `id_compo` FROM `pe_bl_lignes` WHERE `id_bl` = 8406);DELETE FROM `pe_bl_lignes` WHERE `id_bl` = 8406;DELETE FROM `pe_bl` WHERE `id` = 8406;
2024-12-11 15:57:22;UPDATE `pe_bl` SET `supprime` = 1 WHERE `id` IN (1,3,4,9,10,40,42,51,53,65,72,80,81,84,85,86,88,93,96,108,111,112,139,140,147,150,160,168,173,174,176,182,191,195,196,199,202,203,211,236,237,247,248,251,252,274,275,276,282,284,285,287,298,301,307,308,310,311,336,343,366,367,379,380,401,402,403,404,407,409,411,502,510,512,521,527,534,568,569,641,691,692,715,716,717,718,719,720,721,722,730,731,797,856,957,1038,1040,1041,1062,1087,1101,1110,1125,1142,1143,1144,1243,1343,1378,1514,1533,1565,1571,1642,1676,1771,1814,1832,1860,1881,1929,1943,1992,2004,2039,2040,2041,2042,2106,2132,2133,2145,2146,2184,2195,2197,2201,2205,2210,2216,2223,2230,2238,2275,2290,2304,2318,2354,2508,2529,2584,2585,2588,2646,2681,2687,2692,2694,2706,2713,2714,2911,3003,3007,3042,3062,3080,3081,3098,3155,3204,3215,3267,3271,3273,3360,3449,3464,3479,3526,3615,3635,3643,3653,3688,3706,3707,3711,3794,3804,3888,3965,3982,3983,4112,4209,4223,4232,4233,4307,4308,4336,4439,4463,4472,4473,4474,4514,4526,4530,4531,4557,4568,4679,4703,4711,4713,4720,4737,4816,4976,5054,5083,5095,5124,5150,5253,5295,5334,5376,5411,5413,5415,5423,5481,5486,5492,5554,5631,5632,5669,5689,5714,5812,5874,5914,5941,5948,6004,6068,6118,6121,6160,6163,6260,6322,6379,6464,6506,6570,6608,6712,6780,6799,6800,6926,7004,7256,7369,7575,7610,7641,7713,7747,7749,7849,7856,8026,8028,8035,8041,8043,8046,8061,8092,8181,8254,8257,8259,8337,8339,8340,8341,8342,8343,8344,8345,8346,8347,8348,8349,8350,8351,8352,8353,8355,8356,8359,8360,8361,8362,8363,8364,8365,8370,8371,8375,8377,8380,8387,8388,8389,8390,8391,8392,8393,8394,8396,8397,8400,8401,8402,8404,8405,8395)
2024-12-11 15:57:24;UPDATE `pe_palette_composition` SET `archive` = 0, `supprime` = 0 WHERE `id` IN (SELECT `id_compo` FROM `pe_bl_lignes` WHERE `id_bl` = 8403);DELETE FROM `pe_bl_lignes` WHERE `id_bl` = 8403;DELETE FROM `pe_bl` WHERE `id` = 8403;
2024-12-11 15:57:25;UPDATE `pe_bl` SET `supprime` = 1 WHERE `id` IN (1,3,4,9,10,40,42,51,53,65,72,80,81,84,85,86,88,93,96,108,111,112,139,140,147,150,160,168,173,174,176,182,191,195,196,199,202,203,211,236,237,247,248,251,252,274,275,276,282,284,285,287,298,301,307,308,310,311,336,343,366,367,379,380,401,402,403,404,407,409,411,502,510,512,521,527,534,568,569,641,691,692,715,716,717,718,719,720,721,722,730,731,797,856,957,1038,1040,1041,1062,1087,1101,1110,1125,1142,1143,1144,1243,1343,1378,1514,1533,1565,1571,1642,1676,1771,1814,1832,1860,1881,1929,1943,1992,2004,2039,2040,2041,2042,2106,2132,2133,2145,2146,2184,2195,2197,2201,2205,2210,2216,2223,2230,2238,2275,2290,2304,2318,2354,2508,2529,2584,2585,2588,2646,2681,2687,2692,2694,2706,2713,2714,2911,3003,3007,3042,3062,3080,3081,3098,3155,3204,3215,3267,3271,3273,3360,3449,3464,3479,3526,3615,3635,3643,3653,3688,3706,3707,3711,3794,3804,3888,3965,3982,3983,4112,4209,4223,4232,4233,4307,4308,4336,4439,4463,4472,4473,4474,4514,4526,4530,4531,4557,4568,4679,4703,4711,4713,4720,4737,4816,4976,5054,5083,5095,5124,5150,5253,5295,5334,5376,5411,5413,5415,5423,5481,5486,5492,5554,5631,5632,5669,5689,5714,5812,5874,5914,5941,5948,6004,6068,6118,6121,6160,6163,6260,6322,6379,6464,6506,6570,6608,6712,6780,6799,6800,6926,7004,7256,7369,7575,7610,7641,7713,7747,7749,7849,7856,8026,8028,8035,8041,8043,8046,8061,8092,8181,8254,8257,8259,8337,8339,8340,8341,8342,8343,8344,8345,8346,8347,8348,8349,8350,8351,8352,8353,8355,8356,8359,8360,8361,8362,8363,8364,8365,8370,8371,8375,8377,8380,8387,8388,8389,8390,8391,8392,8393,8394,8396,8397,8400,8401,8402,8404,8405,8395)
2024-12-11 15:57:27;UPDATE `pe_palette_composition` SET `archive` = 0, `supprime` = 0 WHERE `id` IN (SELECT `id_compo` FROM `pe_bl_lignes` WHERE `id_bl` = 8399);DELETE FROM `pe_bl_lignes` WHERE `id_bl` = 8399;DELETE FROM `pe_bl` WHERE `id` = 8399;
2024-12-11 15:57:27;UPDATE `pe_bl` SET `supprime` = 1 WHERE `id` IN (1,3,4,9,10,40,42,51,53,65,72,80,81,84,85,86,88,93,96,108,111,112,139,140,147,150,160,168,173,174,176,182,191,195,196,199,202,203,211,236,237,247,248,251,252,274,275,276,282,284,285,287,298,301,307,308,310,311,336,343,366,367,379,380,401,402,403,404,407,409,411,502,510,512,521,527,534,568,569,641,691,692,715,716,717,718,719,720,721,722,730,731,797,856,957,1038,1040,1041,1062,1087,1101,1110,1125,1142,1143,1144,1243,1343,1378,1514,1533,1565,1571,1642,1676,1771,1814,1832,1860,1881,1929,1943,1992,2004,2039,2040,2041,2042,2106,2132,2133,2145,2146,2184,2195,2197,2201,2205,2210,2216,2223,2230,2238,2275,2290,2304,2318,2354,2508,2529,2584,2585,2588,2646,2681,2687,2692,2694,2706,2713,2714,2911,3003,3007,3042,3062,3080,3081,3098,3155,3204,3215,3267,3271,3273,3360,3449,3464,3479,3526,3615,3635,3643,3653,3688,3706,3707,3711,3794,3804,3888,3965,3982,3983,4112,4209,4223,4232,4233,4307,4308,4336,4439,4463,4472,4473,4474,4514,4526,4530,4531,4557,4568,4679,4703,4711,4713,4720,4737,4816,4976,5054,5083,5095,5124,5150,5253,5295,5334,5376,5411,5413,5415,5423,5481,5486,5492,5554,5631,5632,5669,5689,5714,5812,5874,5914,5941,5948,6004,6068,6118,6121,6160,6163,6260,6322,6379,6464,6506,6570,6608,6712,6780,6799,6800,6926,7004,7256,7369,7575,7610,7641,7713,7747,7749,7849,7856,8026,8028,8035,8041,8043,8046,8061,8092,8181,8254,8257,8259,8337,8339,8340,8341,8342,8343,8344,8345,8346,8347,8348,8349,8350,8351,8352,8353,8355,8356,8359,8360,8361,8362,8363,8364,8365,8370,8371,8375,8377,8380,8387,8388,8389,8390,8391,8392,8393,8394,8396,8397,8400,8401,8402,8404,8405,8395)
2024-12-11 15:57:30;UPDATE `pe_palette_composition` SET `archive` = 0, `supprime` = 0 WHERE `id` IN (SELECT `id_compo` FROM `pe_bl_lignes` WHERE `id_bl` = 8398);DELETE FROM `pe_bl_lignes` WHERE `id_bl` = 8398;DELETE FROM `pe_bl` WHERE `id` = 8398;
2024-12-11 15:57:30;UPDATE `pe_bl` SET `supprime` = 1 WHERE `id` IN (1,3,4,9,10,40,42,51,53,65,72,80,81,84,85,86,88,93,96,108,111,112,139,140,147,150,160,168,173,174,176,182,191,195,196,199,202,203,211,236,237,247,248,251,252,274,275,276,282,284,285,287,298,301,307,308,310,311,336,343,366,367,379,380,401,402,403,404,407,409,411,502,510,512,521,527,534,568,569,641,691,692,715,716,717,718,719,720,721,722,730,731,797,856,957,1038,1040,1041,1062,1087,1101,1110,1125,1142,1143,1144,1243,1343,1378,1514,1533,1565,1571,1642,1676,1771,1814,1832,1860,1881,1929,1943,1992,2004,2039,2040,2041,2042,2106,2132,2133,2145,2146,2184,2195,2197,2201,2205,2210,2216,2223,2230,2238,2275,2290,2304,2318,2354,2508,2529,2584,2585,2588,2646,2681,2687,2692,2694,2706,2713,2714,2911,3003,3007,3042,3062,3080,3081,3098,3155,3204,3215,3267,3271,3273,3360,3449,3464,3479,3526,3615,3635,3643,3653,3688,3706,3707,3711,3794,3804,3888,3965,3982,3983,4112,4209,4223,4232,4233,4307,4308,4336,4439,4463,4472,4473,4474,4514,4526,4530,4531,4557,4568,4679,4703,4711,4713,4720,4737,4816,4976,5054,5083,5095,5124,5150,5253,5295,5334,5376,5411,5413,5415,5423,5481,5486,5492,5554,5631,5632,5669,5689,5714,5812,5874,5914,5941,5948,6004,6068,6118,6121,6160,6163,6260,6322,6379,6464,6506,6570,6608,6712,6780,6799,6800,6926,7004,7256,7369,7575,7610,7641,7713,7747,7749,7849,7856,8026,8028,8035,8041,8043,8046,8061,8092,8181,8254,8257,8259,8337,8339,8340,8341,8342,8343,8344,8345,8346,8347,8348,8349,8350,8351,8352,8353,8355,8356,8359,8360,8361,8362,8363,8364,8365,8370,8371,8375,8377,8380,8387,8388,8389,8390,8391,8392,8393,8394,8396,8397,8400,8401,8402,8404,8405,8395)
2024-12-11 15:57:35;INSERT INTO `pe_bl` (`num_bl`,`supprime`,`statut`,`date`) VALUES ("BL2412010" ,0 ,1 ,"2024-12-11" )
2024-12-11 15:58:39;UPDATE `pe_negoce_produits` SET `nb_cartons` = 10 ,`poids` = 1000 ,`num_lot` = "TEST1525" ,`quantite` = 50 ,`dlc` = "2024-12-12"  WHERE `id_lot_pdt_negoce` = 111
2024-12-11 15:59:15;UPDATE `pe_langues` SET `actif` = 1 WHERE `iso` = "FR"
2024-12-11 15:59:59;UPDATE `pe_documents` SET `supprime` = 1  WHERE `id` = 3074
2024-12-11 16:02:43;INSERT INTO `pe_lots_negoce` (`date_add`,`visible`,`id_fournisseur`,`num_bl`,`date_reception`,`date_entree`) VALUES ("2024-12-11 16:02:43" ,1 ,49 ,"24253625TST" ,"2024-12-11" ,"2024-12-11" )
2024-12-11 16:03:27;INSERT INTO `pe_negoce_produits` (`poids`,`quantite`,`supprime`,`date_add`,`id_lot_negoce`,`id_pdt`,`nb_cartons`,`traite`,`user_add`,`num_lot`,`dlc`) VALUES (100 ,10 ,0 ,"2024-12-11 16:03:27" ,81 ,164 ,5 ,0 ,1 ,"FFI" ,"2024-12-20" )
2024-12-11 16:04:06;INSERT INTO `pe_bl` (`num_bl`,`supprime`,`statut`,`date`) VALUES ("BL2412011" ,0 ,1 ,"2024-12-11" )
2024-12-11 16:05:16;UPDATE `pe_bl` SET `id_tiers_facturation` = 451  WHERE id = 8408
2024-12-11 16:06:46;INSERT INTO `pe_bl` (`num_bl`,`supprime`,`statut`,`date`) VALUES ("BL2412012" ,0 ,1 ,"2024-12-11" )
