2024-12-05 07:15:52;UPDATE `pe_langues` SET `actif` = 1 WHERE `iso` = "FR"
2024-12-05 07:15:52;UPDATE `pe_consommables` SET `id_precedent` = 0, `date_upd` = null WHERE `date_upd` < CURDATE()
2024-12-05 07:18:13;UPDATE `pe_langues` SET `actif` = 1 WHERE `iso` = "FR"
2024-12-05 07:18:13;UPDATE `pe_consommables` SET `id_precedent` = 0, `date_upd` = null WHERE `date_upd` < CURDATE()
2024-12-05 07:30:15;DELETE FROM `pe_negoce_produits` WHERE `id_lot_pdt_negoce` =81
2024-12-05 07:33:06;INSERT INTO `pe_negoce_produits` (`poids`,`quantite`,`supprime`,`date_add`,`id_lot_negoce`,`id_pdt`,`nb_cartons`,`traite`,`user_add`,`num_lot`,`dlc`) VALUES (10 ,10 ,0 ,"2024-12-05 07:33:06" ,79 ,445 ,2 ,0 ,1 ,"" ,"2024-12-05" )
2024-12-05 08:12:23;UPDATE `pe_langues` SET `actif` = 1 WHERE `iso` = "FR"
2024-12-05 08:14:42;UPDATE `pe_langues` SET `actif` = 1 WHERE `iso` = "FR"
2024-12-05 08:14:42;UPDATE `pe_palette_composition` SET `supprime` = 1 WHERE `id_lot_hors_stock` > 0 AND `id` NOT IN
                        ( SELECT `id_compo` FROM `pe_bl_lignes`) 
                        AND  `id_lot_hors_stock` NOT IN (SELECT `id` FROM `pe_lots`)
2024-12-05 08:14:49;UPDATE `pe_langues` SET `actif` = 1 WHERE `iso` = "FR"
2024-12-05 08:15:50;UPDATE `pe_langues` SET `actif` = 1 WHERE `iso` = "FR"
2024-12-05 08:19:20;UPDATE `pe_langues` SET `actif` = 1 WHERE `iso` = "FR"
2024-12-05 08:19:35;UPDATE `pe_langues` SET `actif` = 1 WHERE `iso` = "FR"
2024-12-05 08:23:52;UPDATE `pe_langues` SET `actif` = 1 WHERE `iso` = "FR"
2024-12-05 08:24:12;UPDATE `pe_langues` SET `actif` = 1 WHERE `iso` = "FR"
2024-12-05 08:24:53;UPDATE `pe_langues` SET `actif` = 1 WHERE `iso` = "FR"
2024-12-05 08:25:38;UPDATE `pe_langues` SET `actif` = 1 WHERE `iso` = "FR"
2024-12-05 08:27:10;UPDATE `pe_langues` SET `actif` = 1 WHERE `iso` = "FR"
2024-12-05 08:27:21;UPDATE `pe_langues` SET `actif` = 1 WHERE `iso` = "FR"
2024-12-05 08:29:40;UPDATE `pe_langues` SET `actif` = 1 WHERE `iso` = "FR"
2024-12-05 08:29:46;UPDATE `pe_langues` SET `actif` = 1 WHERE `iso` = "FR"
2024-12-05 08:30:30;UPDATE `pe_langues` SET `actif` = 1 WHERE `iso` = "FR"
2024-12-05 08:33:35;UPDATE `pe_langues` SET `actif` = 1 WHERE `iso` = "FR"
2024-12-05 08:33:56;UPDATE `pe_langues` SET `actif` = 1 WHERE `iso` = "FR"
2024-12-05 08:34:13;UPDATE `pe_langues` SET `actif` = 1 WHERE `iso` = "FR"
2024-12-05 08:34:13;UPDATE `pe_palette_composition` SET `supprime` = 1 WHERE `id_lot_hors_stock` > 0 AND `id` NOT IN
                        ( SELECT `id_compo` FROM `pe_bl_lignes`) 
                        AND  `id_lot_hors_stock` NOT IN (SELECT `id` FROM `pe_lots`)
2024-12-05 08:34:19;UPDATE `pe_langues` SET `actif` = 1 WHERE `iso` = "FR"
2024-12-05 08:34:58;UPDATE `pe_langues` SET `actif` = 1 WHERE `iso` = "FR"
2024-12-05 08:35:06;UPDATE `pe_langues` SET `actif` = 1 WHERE `iso` = "FR"
2024-12-05 08:35:06;UPDATE `pe_palette_composition` SET `supprime` = 1 WHERE `id_lot_hors_stock` > 0 AND `id` NOT IN
                        ( SELECT `id_compo` FROM `pe_bl_lignes`) 
                        AND  `id_lot_hors_stock` NOT IN (SELECT `id` FROM `pe_lots`)
2024-12-05 08:35:25;UPDATE `pe_langues` SET `actif` = 1 WHERE `iso` = "FR"
2024-12-05 08:35:31;UPDATE `pe_langues` SET `actif` = 1 WHERE `iso` = "FR"
2024-12-05 08:35:43;INSERT INTO `pe_pvisu_avant` (`commentaires`,`date`) VALUES ("" ,"2024-12-05" )
2024-12-05 08:35:43;DELETE FROM `pe_pvisu_avant_points` WHERE `id_pvisu_avant` = 1143
2024-12-05 08:35:43;INSERT IGNORE INTO `pe_pvisu_avant_points` (`id_pvisu_avant`, `id_point_controle`, `etat`, `id_user`, `date`) VALUES (1143, 4, 1, 1, NOW()),(1143, 5, 1, 1, NOW()),(1143, 36, 1, 1, NOW()),(1143, 58, 1, 1, NOW()),(1143, 7, 1, 1, NOW()),(1143, 11, 1, 1, NOW()),(1143, 12, 1, 1, NOW()),(1143, 13, 1, 1, NOW()),(1143, 14, 1, 1, NOW()),(1143, 15, 1, 1, NOW()),(1143, 17, 1, 1, NOW()),(1143, 18, 1, 1, NOW()),(1143, 19, 1, 1, NOW()),(1143, 20, 1, 1, NOW()),(1143, 21, 1, 1, NOW()),(1143, 37, 1, 1, NOW()),(1143, 39, 1, 1, NOW()),(1143, 41, 1, 1, NOW()),(1143, 59, 1, 1, NOW()),(1143, 23, 1, 1, NOW()),(1143, 40, 1, 1, NOW()),(1143, 43, 1, 1, NOW()),(1143, 44, 1, 1, NOW()),(1143, 45, 1, 1, NOW()),(1143, 46, 1, 1, NOW()),(1143, 47, 1, 1, NOW()),(1143, 48, 1, 1, NOW()),(1143, 49, 1, 1, NOW()),(1143, 50, 1, 1, NOW()),(1143, 51, 1, 1, NOW()),(1143, 52, 1, 1, NOW()),(1143, 53, 1, 1, NOW()),(1143, 54, 1, 1, NOW()),(1143, 55, 1, 1, NOW())
2024-12-05 08:35:43;UPDATE `pe_pvisu_avant` SET `commentaires` = 0 ,`date` = "2024-12-05" ,`id_user` = 1  WHERE `id` = 1143
2024-12-05 08:35:46;UPDATE `pe_langues` SET `actif` = 1 WHERE `iso` = "FR"
2024-12-05 08:38:25;UPDATE `pe_langues` SET `actif` = 1 WHERE `iso` = "FR"
2024-12-05 08:39:19;UPDATE `pe_langues` SET `actif` = 1 WHERE `iso` = "FR"
2024-12-05 08:39:36;UPDATE `pe_langues` SET `actif` = 1 WHERE `iso` = "FR"
2024-12-05 08:40:03;UPDATE `pe_langues` SET `actif` = 1 WHERE `iso` = "FR"
2024-12-05 08:40:05;UPDATE `pe_langues` SET `actif` = 1 WHERE `iso` = "FR"
2024-12-05 08:40:29;UPDATE `pe_langues` SET `actif` = 1 WHERE `iso` = "FR"
2024-12-05 08:44:22;UPDATE `pe_langues` SET `actif` = 1 WHERE `iso` = "FR"
2024-12-05 08:44:55;UPDATE `pe_langues` SET `actif` = 1 WHERE `iso` = "FR"
2024-12-05 08:45:23;UPDATE `pe_langues` SET `actif` = 1 WHERE `iso` = "FR"
2024-12-05 08:48:25;UPDATE `pe_langues` SET `actif` = 1 WHERE `iso` = "FR"
2024-12-05 08:48:51;UPDATE `pe_langues` SET `actif` = 1 WHERE `iso` = "FR"
2024-12-05 08:49:02;UPDATE `pe_langues` SET `actif` = 1 WHERE `iso` = "FR"
2024-12-05 08:49:15;UPDATE `pe_langues` SET `actif` = 1 WHERE `iso` = "FR"
2024-12-05 08:49:15;UPDATE `pe_palette_composition` SET `supprime` = 1 WHERE `id_lot_hors_stock` > 0 AND `id` NOT IN
                        ( SELECT `id_compo` FROM `pe_bl_lignes`) 
                        AND  `id_lot_hors_stock` NOT IN (SELECT `id` FROM `pe_lots`)
2024-12-05 08:49:19;UPDATE `pe_langues` SET `actif` = 1 WHERE `iso` = "FR"
2024-12-05 08:49:35;UPDATE `pe_negoce_produits` SET `traite` = 1  WHERE `id_lot_pdt_negoce` = 82
2024-12-05 08:49:36;UPDATE `pe_negoce_produits` SET `traite` = 0  WHERE `id_lot_pdt_negoce` = 82
2024-12-05 08:49:52;UPDATE `pe_langues` SET `actif` = 1 WHERE `iso` = "FR"
2024-12-05 08:50:11;UPDATE `pe_langues` SET `actif` = 1 WHERE `iso` = "FR"
2024-12-05 08:50:14;UPDATE `pe_langues` SET `actif` = 1 WHERE `iso` = "FR"
2024-12-05 08:51:12;UPDATE `pe_langues` SET `actif` = 1 WHERE `iso` = "FR"
2024-12-05 08:52:52;UPDATE `pe_langues` SET `actif` = 1 WHERE `iso` = "FR"
2024-12-05 08:53:00;UPDATE `pe_langues` SET `actif` = 1 WHERE `iso` = "FR"
2024-12-05 08:53:16;UPDATE `pe_langues` SET `actif` = 1 WHERE `iso` = "FR"
2024-12-05 08:53:39;UPDATE `pe_langues` SET `actif` = 1 WHERE `iso` = "FR"
2024-12-05 08:54:01;UPDATE `pe_langues` SET `actif` = 1 WHERE `iso` = "FR"
2024-12-05 08:57:58;UPDATE `pe_langues` SET `actif` = 1 WHERE `iso` = "FR"
2024-12-05 09:00:00;UPDATE `pe_langues` SET `actif` = 1 WHERE `iso` = "FR"
2024-12-05 09:00:43;UPDATE `pe_negoce_produits` SET `traite` = 1  WHERE `id_lot_pdt_negoce` = 10
2024-12-05 09:00:45;UPDATE `pe_negoce_produits` SET `traite` = 0  WHERE `id_lot_pdt_negoce` = 10
2024-12-05 09:01:01;UPDATE `pe_langues` SET `actif` = 1 WHERE `iso` = "FR"
2024-12-05 09:02:20;UPDATE `pe_langues` SET `actif` = 1 WHERE `iso` = "FR"
2024-12-05 09:02:50;UPDATE `pe_langues` SET `actif` = 1 WHERE `iso` = "FR"
2024-12-05 09:03:39;UPDATE `pe_langues` SET `actif` = 1 WHERE `iso` = "FR"
2024-12-05 09:03:58;UPDATE `pe_langues` SET `actif` = 1 WHERE `iso` = "FR"
2024-12-05 09:04:14;UPDATE `pe_langues` SET `actif` = 1 WHERE `iso` = "FR"
2024-12-05 09:05:02;UPDATE `pe_langues` SET `actif` = 1 WHERE `iso` = "FR"
2024-12-05 09:07:09;UPDATE `pe_langues` SET `actif` = 1 WHERE `iso` = "FR"
2024-12-05 09:09:36;UPDATE `pe_langues` SET `actif` = 1 WHERE `iso` = "FR"
2024-12-05 09:43:47;UPDATE `pe_langues` SET `actif` = 1 WHERE `iso` = "FR"
2024-12-05 09:44:57;UPDATE `pe_langues` SET `actif` = 1 WHERE `iso` = "FR"
2024-12-05 09:45:27;UPDATE `pe_langues` SET `actif` = 1 WHERE `iso` = "FR"
2024-12-05 09:45:27;UPDATE `pe_langues` SET `actif` = 1 WHERE `iso` = "FR"
2024-12-05 09:45:35;UPDATE `pe_langues` SET `actif` = 1 WHERE `iso` = "FR"
2024-12-05 09:45:54;UPDATE `pe_loma` SET `test_pdt` = 0 ,`commentaire` = "" ,`date_test` = "2024-12-05 09:45:54" ,`id_user_visa` = 1  WHERE `id` = 2951
2024-12-05 09:45:55;INSERT INTO `pe_validations` (`type`,`id_vue`,`id_liaison`) VALUES (3 ,17 ,2951 )
2024-12-05 09:45:55;INSERT IGNORE INTO `pe_validations_lots` (`id_validation`, `id_lot`, `negoce`) VALUES  (11657, 5677, 0)
2024-12-05 09:46:57;UPDATE `pe_langues` SET `actif` = 1 WHERE `iso` = "FR"
2024-12-05 09:51:56;UPDATE `pe_langues` SET `actif` = 1 WHERE `iso` = "FR"
2024-12-05 09:53:23;UPDATE `pe_langues` SET `actif` = 1 WHERE `iso` = "FR"
2024-12-05 09:53:23;UPDATE `pe_consommables` SET `id_precedent` = 0, `date_upd` = null WHERE `date_upd` < CURDATE()
2024-12-05 09:53:28;UPDATE `pe_langues` SET `actif` = 1 WHERE `iso` = "FR"
2024-12-05 09:53:43;UPDATE `pe_langues` SET `actif` = 1 WHERE `iso` = "FR"
2024-12-05 09:53:45;UPDATE `pe_langues` SET `actif` = 1 WHERE `iso` = "FR"
2024-12-05 09:54:57;UPDATE `pe_langues` SET `actif` = 1 WHERE `iso` = "FR"
2024-12-05 09:57:44;UPDATE `pe_negoce_produits` SET `traite` = 1  WHERE `id_lot_pdt_negoce` = 66
2024-12-05 09:57:45;UPDATE `pe_negoce_produits` SET `traite` = 0  WHERE `id_lot_pdt_negoce` = 66
2024-12-05 09:57:47;UPDATE `pe_langues` SET `actif` = 1 WHERE `iso` = "FR"
2024-12-05 09:57:56;UPDATE `pe_langues` SET `actif` = 1 WHERE `iso` = "FR"
2024-12-05 09:59:00;UPDATE `pe_langues` SET `actif` = 1 WHERE `iso` = "FR"
2024-12-05 09:59:15;UPDATE `pe_langues` SET `actif` = 1 WHERE `iso` = "FR"
2024-12-05 09:59:18;UPDATE `pe_langues` SET `actif` = 1 WHERE `iso` = "FR"
2024-12-05 10:01:20;UPDATE `pe_langues` SET `actif` = 1 WHERE `iso` = "FR"
2024-12-05 10:02:15;UPDATE `pe_langues` SET `actif` = 1 WHERE `iso` = "FR"
2024-12-05 10:02:26;UPDATE `pe_langues` SET `actif` = 1 WHERE `iso` = "FR"
2024-12-05 10:03:30;UPDATE `pe_langues` SET `actif` = 1 WHERE `iso` = "FR"
2024-12-05 10:03:31;UPDATE `pe_langues` SET `actif` = 1 WHERE `iso` = "FR"
2024-12-05 10:03:33;UPDATE `pe_langues` SET `actif` = 1 WHERE `iso` = "FR"
2024-12-05 10:03:54;UPDATE `pe_langues` SET `actif` = 1 WHERE `iso` = "FR"
2024-12-05 10:03:57;UPDATE `pe_langues` SET `actif` = 1 WHERE `iso` = "FR"
2024-12-05 10:06:13;UPDATE `pe_langues` SET `actif` = 1 WHERE `iso` = "FR"
2024-12-05 10:06:32;UPDATE `pe_langues` SET `actif` = 1 WHERE `iso` = "FR"
2024-12-05 10:06:34;UPDATE `pe_langues` SET `actif` = 1 WHERE `iso` = "FR"
2024-12-05 10:06:57;UPDATE `pe_langues` SET `actif` = 1 WHERE `iso` = "FR"
2024-12-05 10:07:06;UPDATE `pe_langues` SET `actif` = 1 WHERE `iso` = "FR"
2024-12-05 10:09:49;UPDATE `pe_langues` SET `actif` = 1 WHERE `iso` = "FR"
2024-12-05 10:10:58;UPDATE `pe_langues` SET `actif` = 1 WHERE `iso` = "FR"
2024-12-05 10:11:00;UPDATE `pe_langues` SET `actif` = 1 WHERE `iso` = "FR"
2024-12-05 10:12:03;UPDATE `pe_langues` SET `actif` = 1 WHERE `iso` = "FR"
2024-12-05 10:12:05;UPDATE `pe_langues` SET `actif` = 1 WHERE `iso` = "FR"
2024-12-05 10:13:14;UPDATE `pe_froid` SET `test_apres_fe` = 0 ,`test_apres_nfe` = 0 ,`test_apres_inox` = 0  WHERE `id` = 6642
2024-12-05 10:13:17;UPDATE `pe_loma` SET `test_pdt` = 0 ,`commentaire` = "" ,`date_test` = "2024-12-05 10:13:17" ,`id_user_visa` = 1  WHERE `id` = 2951
2024-12-05 10:13:17;INSERT INTO `pe_validations` (`type`,`id_vue`,`id_liaison`) VALUES (3 ,17 ,2951 )
2024-12-05 10:13:17;INSERT IGNORE INTO `pe_validations_lots` (`id_validation`, `id_lot`, `negoce`) VALUES  (11658, 5677, 0)
2024-12-05 10:13:28;INSERT INTO `pe_froid_produits` (`id_lot`,`id_pdt`,`id_froid`,`poids`,`loma`,`date_add`,`user_add`) VALUES (5694 ,75 ,6642 ,2 ,1 ,"2024-12-05 10:13:28" ,1 )
2024-12-05 10:13:41;INSERT INTO `pe_froid_produits` (`id_lot`,`id_pdt`,`id_froid`,`poids`,`loma`,`date_add`,`user_add`) VALUES (5677 ,75 ,6642 ,20 ,1 ,"2024-12-05 10:13:41" ,1 )
2024-12-05 10:15:13;UPDATE `pe_langues` SET `actif` = 1 WHERE `iso` = "FR"
2024-12-05 10:15:14;UPDATE `pe_langues` SET `actif` = 1 WHERE `iso` = "FR"
2024-12-05 10:15:20;UPDATE `pe_langues` SET `actif` = 1 WHERE `iso` = "FR"
2024-12-05 10:16:08;UPDATE `pe_langues` SET `actif` = 1 WHERE `iso` = "FR"
2024-12-05 10:16:10;UPDATE `pe_langues` SET `actif` = 1 WHERE `iso` = "FR"
2024-12-05 10:18:05;UPDATE `pe_langues` SET `actif` = 1 WHERE `iso` = "FR"
2024-12-05 10:18:09;UPDATE `pe_langues` SET `actif` = 1 WHERE `iso` = "FR"
2024-12-05 10:18:26;UPDATE `pe_langues` SET `actif` = 1 WHERE `iso` = "FR"
2024-12-05 10:18:27;UPDATE `pe_langues` SET `actif` = 1 WHERE `iso` = "FR"
2024-12-05 10:29:44;UPDATE `pe_langues` SET `actif` = 1 WHERE `iso` = "FR"
2024-12-05 10:29:46;UPDATE `pe_langues` SET `actif` = 1 WHERE `iso` = "FR"
2024-12-05 10:30:02;UPDATE `pe_langues` SET `actif` = 1 WHERE `iso` = "FR"
2024-12-05 10:31:25;UPDATE `pe_langues` SET `actif` = 1 WHERE `iso` = "FR"
2024-12-05 10:31:51;UPDATE `pe_langues` SET `actif` = 1 WHERE `iso` = "FR"
2024-12-05 10:31:53;UPDATE `pe_langues` SET `actif` = 1 WHERE `iso` = "FR"
2024-12-05 10:32:23;UPDATE `pe_langues` SET `actif` = 1 WHERE `iso` = "FR"
2024-12-05 10:34:22;UPDATE `pe_langues` SET `actif` = 1 WHERE `iso` = "FR"
2024-12-05 10:34:52;UPDATE `pe_langues` SET `actif` = 1 WHERE `iso` = "FR"
2024-12-05 10:34:55;UPDATE `pe_langues` SET `actif` = 1 WHERE `iso` = "FR"
2024-12-05 10:35:45;UPDATE `pe_langues` SET `actif` = 1 WHERE `iso` = "FR"
2024-12-05 10:36:06;UPDATE `pe_langues` SET `actif` = 1 WHERE `iso` = "FR"
2024-12-05 10:36:09;UPDATE `pe_langues` SET `actif` = 1 WHERE `iso` = "FR"
2024-12-05 10:38:59;UPDATE `pe_langues` SET `actif` = 1 WHERE `iso` = "FR"
2024-12-05 10:39:24;UPDATE `pe_langues` SET `actif` = 1 WHERE `iso` = "FR"
2024-12-05 10:39:56;UPDATE `pe_langues` SET `actif` = 1 WHERE `iso` = "FR"
2024-12-05 10:39:58;UPDATE `pe_langues` SET `actif` = 1 WHERE `iso` = "FR"
2024-12-05 10:49:55;UPDATE `pe_langues` SET `actif` = 1 WHERE `iso` = "FR"
2024-12-05 10:50:38;UPDATE `pe_langues` SET `actif` = 1 WHERE `iso` = "FR"
2024-12-05 10:51:31;UPDATE `pe_langues` SET `actif` = 1 WHERE `iso` = "FR"
2024-12-05 10:51:34;UPDATE `pe_langues` SET `actif` = 1 WHERE `iso` = "FR"
2024-12-05 10:52:20;UPDATE `pe_langues` SET `actif` = 1 WHERE `iso` = "FR"
2024-12-05 10:53:02;UPDATE `pe_langues` SET `actif` = 1 WHERE `iso` = "FR"
2024-12-05 10:53:06;UPDATE `pe_langues` SET `actif` = 1 WHERE `iso` = "FR"
2024-12-05 10:53:47;UPDATE `pe_langues` SET `actif` = 1 WHERE `iso` = "FR"
2024-12-05 10:54:05;UPDATE `pe_langues` SET `actif` = 1 WHERE `iso` = "FR"
2024-12-05 10:54:35;UPDATE `pe_langues` SET `actif` = 1 WHERE `iso` = "FR"
2024-12-05 10:55:18;UPDATE `pe_langues` SET `actif` = 1 WHERE `iso` = "FR"
2024-12-05 10:55:50;UPDATE `pe_langues` SET `actif` = 1 WHERE `iso` = "FR"
2024-12-05 10:56:13;UPDATE `pe_langues` SET `actif` = 1 WHERE `iso` = "FR"
2024-12-05 10:58:12;UPDATE `pe_langues` SET `actif` = 1 WHERE `iso` = "FR"
2024-12-05 10:59:54;UPDATE `pe_langues` SET `actif` = 1 WHERE `iso` = "FR"
2024-12-05 11:00:27;UPDATE `pe_langues` SET `actif` = 1 WHERE `iso` = "FR"
2024-12-05 11:01:32;UPDATE `pe_langues` SET `actif` = 1 WHERE `iso` = "FR"
2024-12-05 11:01:59;UPDATE `pe_langues` SET `actif` = 1 WHERE `iso` = "FR"
2024-12-05 11:29:25;UPDATE `pe_langues` SET `actif` = 1 WHERE `iso` = "FR"
2024-12-05 11:29:33;UPDATE `pe_langues` SET `actif` = 1 WHERE `iso` = "FR"
2024-12-05 11:29:35;UPDATE `pe_langues` SET `actif` = 1 WHERE `iso` = "FR"
2024-12-05 11:30:04;INSERT INTO `pe_bl` (`supprime`,`date_add`,`date`,`num_cmd`,`id_lot_negoce`,`id_tiers_facturation`,`id_tiers_livraison`,`id_tiers_transporteur`,`regroupement`,`chiffrage`) VALUES (1 ,"2024-12-05 11:30:04" ,"2024-12-05" ,"BL2412001" ,56 ,0 ,0 ,0 ,0 ,0 )
2024-12-05 11:30:26;UPDATE `pe_bl` SET `num_cmd` = "BL2412001" ,`id_tiers_facturation` = 37 ,`id_tiers_livraison` = 37 ,`id_tiers_transporteur` = 0 ,`id_adresse_livraison` = 35 ,`nom_client` = "" ,`statut` = 1 ,`supprime` = 0  WHERE id = 8393
2024-12-05 11:31:04;UPDATE `pe_langues` SET `actif` = 1 WHERE `iso` = "FR"
2024-12-05 11:32:54;UPDATE `pe_langues` SET `actif` = 1 WHERE `iso` = "FR"
2024-12-05 11:33:23;UPDATE `pe_langues` SET `actif` = 1 WHERE `iso` = "FR"
2024-12-05 11:34:59;UPDATE `pe_langues` SET `actif` = 1 WHERE `iso` = "FR"
2024-12-05 11:35:20;UPDATE `pe_langues` SET `actif` = 1 WHERE `iso` = "FR"
2024-12-05 11:35:36;UPDATE `pe_langues` SET `actif` = 1 WHERE `iso` = "FR"
2024-12-05 11:39:39;UPDATE `pe_langues` SET `actif` = 1 WHERE `iso` = "FR"
2024-12-05 11:40:10;UPDATE `pe_langues` SET `actif` = 1 WHERE `iso` = "FR"
2024-12-05 11:41:11;UPDATE `pe_langues` SET `actif` = 1 WHERE `iso` = "FR"
2024-12-05 11:43:12;UPDATE `pe_langues` SET `actif` = 1 WHERE `iso` = "FR"
2024-12-05 11:43:37;UPDATE `pe_langues` SET `actif` = 1 WHERE `iso` = "FR"
2024-12-05 11:44:48;UPDATE `pe_langues` SET `actif` = 1 WHERE `iso` = "FR"
2024-12-05 11:45:33;UPDATE `pe_langues` SET `actif` = 1 WHERE `iso` = "FR"
2024-12-05 11:46:55;UPDATE `pe_langues` SET `actif` = 1 WHERE `iso` = "FR"
2024-12-05 11:47:03;UPDATE `pe_langues` SET `actif` = 1 WHERE `iso` = "FR"
2024-12-05 11:48:51;UPDATE `pe_langues` SET `actif` = 1 WHERE `iso` = "FR"
2024-12-05 11:49:51;UPDATE `pe_langues` SET `actif` = 1 WHERE `iso` = "FR"
2024-12-05 11:51:49;UPDATE `pe_langues` SET `actif` = 1 WHERE `iso` = "FR"
2024-12-05 11:52:31;UPDATE `pe_langues` SET `actif` = 1 WHERE `iso` = "FR"
2024-12-05 11:53:02;UPDATE `pe_langues` SET `actif` = 1 WHERE `iso` = "FR"
2024-12-05 11:54:48;UPDATE `pe_langues` SET `actif` = 1 WHERE `iso` = "FR"
2024-12-05 11:56:12;UPDATE `pe_langues` SET `actif` = 1 WHERE `iso` = "FR"
2024-12-05 11:56:57;UPDATE `pe_langues` SET `actif` = 1 WHERE `iso` = "FR"
2024-12-05 11:57:43;UPDATE `pe_langues` SET `actif` = 1 WHERE `iso` = "FR"
2024-12-05 11:59:39;UPDATE `pe_langues` SET `actif` = 1 WHERE `iso` = "FR"
2024-12-05 12:01:37;UPDATE `pe_langues` SET `actif` = 1 WHERE `iso` = "FR"
2024-12-05 12:02:26;UPDATE `pe_langues` SET `actif` = 1 WHERE `iso` = "FR"
2024-12-05 12:03:24;UPDATE `pe_langues` SET `actif` = 1 WHERE `iso` = "FR"
2024-12-05 12:04:12;UPDATE `pe_langues` SET `actif` = 1 WHERE `iso` = "FR"
2024-12-05 12:04:43;UPDATE `pe_langues` SET `actif` = 1 WHERE `iso` = "FR"
2024-12-05 12:04:53;UPDATE `pe_palette_composition` SET `supprime` = 1 WHERE `id_lot_pdt_froid` = 0 AND `id_lot_hors_stock` = 0 AND `id_user` = 1
2024-12-05 12:04:53;DELETE FROM `pe_palettes` WHERE `id` IN (9377,1165,1166,1168,1169,1170,1171,1172,1173,1623,1637,1638,1639,1641,1647,1675,1676,1678,1679,1680,1681,1685,1686,1687,1691,1693,2073,2080,2100,2101,2143,2144,2145,2146,2147,2168,2263,2264,2469,2470,2479,2486,2580,2592,2602,2603,2613,2614,2650,2679,2680,2681,2695,2696,2702,2707,2713,2718,2722,2724,2730,2739,2751,2774,2778,2803,2804,2806,2807,2811,2834,2836,2849,2906,2932,2947,2952,2954,2955,2972,2973,2974,2977,2982,2983,3001,3016,3018,3019,3020,3039,3049,3050,3051,3052,3053,3065,3066,3068,3070,3071,3074,3083,3085,3099,3101,3117,3118,3121,3124,3172,3184,3186,3196,3201,3209,3211,3212,3222,3223,3225,3226,3227,3228,3270,3271,3272,3273,3309,3323,3324,3334,3335,3338,3343,3376,3379,3409,3436,3457,3478,3485,3523,3539,3545,3551,3552,3560,3569,3588,3623,3660,3661,3668,3677,3686,3687,3688,3689,3690,3691,3708,3724,3738,3746,3787,3805,3812,3834,3843,3844,3845,3865,3876,3890,3925,3940,3961,3962,3986,3994,4037,4038,4039,4078,4108,4115,4117,4128,4131,4132,4133,4134,4173,4188,4189,4197,4236,4246,4317,4326,4329,4367,4377,4378,4444,4446,4482,4483,4484,4548,4582,4583,4604,4605,4609,4610,4613,4622,4657,4676,4678,4690,4711,4718,4721,4760,4814,4866,4884,4925,4938,4939,4940,4945,4985,4988,5015,5016,5061,5084,5150,5151,5152,5184,5185,5241,5242,5270,5283,5286,5326,5416,5441,5444,5487,5522,5543,5546,5574,5620,5682,5692,5824,5825,5826,5846,5849,5851,5871,5872,5874,5884,5885,5887,5918,5929,5971,5976,5989,5999,6000,6006,6007,6008,6055,6056,6059,6085,6099,6100,6101,6102,6106,6113,6114,6121,6126,6127,6139,6160,6161,6179,6183,6186,6189,6191,6200,6207,6217,6237,6238,6255,6258,6286,6287,6289,6323,6335,6346,6352,6364,6463,6479,6495,6510,6526,6568,6572,6573,6680,6697,6727,6741,6788,6832,6846,6863,6874,6912,6919,6920,6925,6926,6938,6939,6959,6969,6975,6992,7084,7093,7094,7095,7096,7100,7102,7106,7116,7118,7122,7125,7128,7133,7136,7138,7140,7144,7149,7151,7152,7169,7180,7184,7185,7196,7212,7216,7222,7223,7249,7260,7265,7289,7291,7299,7304,7307,7318,7322,7331,7332,7333,7335,7336,7354,7382,7386,7390,7391,7393,7396,7399,7410,7435,7439,7441,7448,7449,7455,7457,7470,7472,7473,7475,7478,7482,7486,7489,7525,7531,7545,7549,7550,7562,7566,7582,7598,7624,7631,7632,7637,7640,7645,7646,7647,7650,7651,7660,7661,7664,7665,7666,7678,7679,7681,7682,7683,7684,7692,7693,7695,7700,7703,7705,7718,7724,7747,7748,7749,7750,7751,7754,7756,7777,7778,7779,7780,7785,7786,7787,7788,7790,7795,7799,7807,7817,7818,7827,7830,7832,7834,7835,7840,7841,7842,7843,7850,7855,7859,7869,7874,7875,7878,7879,7880,7886,7887,7892,7896,7897,7906,7916,7920,7927,7932,7933,7935,7937,7944,7945,7954,7977,7978,7999,8001,8003,8004,8005,8014,8041,8054,8056,8057,8062,8069,8076,8078,8098,8107,8117,8119,8120,8123,8130,8132,8143,8146,8171,8175,8183,8187,8189,8199,8200,8202,8203,8205,8207,8236,8238,8246,8250,8251,8253,8255,8258,8267,8268,8271,8277,8278,8280,8282,8288,8289,8310,8317,8325,8326,8356,8362,8363,8365,8366,8368,8374,8378,8382,8383,8384,8385,8424,8426,8427,8428,8430,8435,8441,8444,8448,8449,8450,8451,8452,8483,8484,8486,8488,8491,8493,8499,8500,8510,8514,8533,8535,8539,8540,8543,8550,8551,8552,8556,8561,8566,8568,8587,8591,8597,8598,8604,8619,8621,8627,8635,8636,8641,8642,8646,8649,8654,8658,8663,8665,8688,8690,8693,8696,8697,8698,8699,8701,8702,8703,8710,8711,8737,8746,8748,8749,8753,8756,8759,8765,8774,8784,8800,8809,8810,8819,8820,8833,8834,8862,8865,8885,8887,8888,8901,8903,8926,8927,8940,8941,8948,8951,8952,8954,8956,8963,8980,8982,8999,9007,9013,9014,9015,9017,9026,9037,9050,9056,9058,9067,9083,9085,9086,9100,9105,9106,9107,9112,9116,9119,9120,9121,9122,9147,9155,9169,9175,9196,9205,9207,9208,9209,9211,9215,9229,9241,9242,9243,9247,9249,9250,9251,9255,9258,9264,9268,9278,9291,9292,9295,9296,9299,9304,9311,9313,9321,9343,9345,9349,9350,9356,9363,9364,9375,9376,9380,9384,9407,9411,9414,9416,9418,9420,9424,9426,9427,9429,9438,9462,9466,9468,9474,9475,9480,9490,9491,9517,9518,9519,9521,9523,9525,9536,9553,9554,9567,9572,9576,9579,9585,9590,9593,9600,9621,9625,9627,9629,9631,9637,9639,9646,9652,9680,9682,9687,9691,9697,9698,9707,9733,9734,9735,9737,9743,9744,9746,9747,9749,9751,9754,9755,9786,9787,9796,9798,9802,9809,9810,9813,9814,9833,9834,9835,9840,9844,9848,9849,9853,9855,9857,9867,9869,9873,9887,9894,9897,9900,9906,9928,9930,9931,9942,9943,9946,9950,9951,9963,9971,9975,9976,9991,9992,9996,10000,10003,10004,10008,10009,10010,10018,10019,10026,10027,10038,10040,10044,10046,10050,10056,10061,10067,10076,10081,10098,10104,10115,10116,10118,10121,10143,10144,10146,10148,10151,10154,10155,10157,10159,10161,10164,10180,10182,10186,10187,10195,10196,10197,10199,10200,10202,10207,10209,10213,10215,10216,10217,10236,10240,10242,10243,10244,10248,10272,10274,10275,10276,10278,10284,10285,10287,10292,10295,10296,10297,10298,10299,10303,10304,10313,10331,10336,10343,10346,10352,10355,10356,10362,10363,10364,10367,10372,10373,10389,10391,10392,10395,10403,10407,10409,10412,10415,10416,10417,10421,10422,10443,10448,10450,10463,10465,10467,10474,10476,10480,10504,10506,10508,10514,10516,10518,10525,10528,10529,10530,10536,10566,10567,10570,10578,10583,10591,10593) AND `id_user` = 1
2024-12-05 12:05:49;UPDATE `pe_langues` SET `actif` = 1 WHERE `iso` = "FR"
2024-12-05 12:13:43;UPDATE `pe_langues` SET `actif` = 1 WHERE `iso` = "FR"
2024-12-05 12:15:00;UPDATE `pe_langues` SET `actif` = 1 WHERE `iso` = "FR"
2024-12-05 12:17:39;UPDATE `pe_langues` SET `actif` = 1 WHERE `iso` = "FR"
2024-12-05 12:17:48;UPDATE `pe_langues` SET `actif` = 1 WHERE `iso` = "FR"
2024-12-05 12:17:58;UPDATE `pe_langues` SET `actif` = 1 WHERE `iso` = "FR"
2024-12-05 12:23:12;UPDATE `pe_langues` SET `actif` = 1 WHERE `iso` = "FR"
2024-12-05 12:28:14;UPDATE `pe_langues` SET `actif` = 1 WHERE `iso` = "FR"
2024-12-05 12:28:23;UPDATE `pe_langues` SET `actif` = 1 WHERE `iso` = "FR"
2024-12-05 12:31:17;UPDATE `pe_langues` SET `actif` = 1 WHERE `iso` = "FR"
2024-12-05 12:31:29;UPDATE `pe_langues` SET `actif` = 1 WHERE `iso` = "FR"
2024-12-05 12:32:13;UPDATE `pe_langues` SET `actif` = 1 WHERE `iso` = "FR"
2024-12-05 12:32:40;UPDATE `pe_langues` SET `actif` = 1 WHERE `iso` = "FR"
2024-12-05 12:32:52;UPDATE `pe_negoce_produits` SET `nb_cartons` = 4 ,`poids` = 5 ,`quantite` = 5  WHERE `id_lot_pdt_negoce` = 49
2024-12-05 12:33:06;UPDATE `pe_negoce_produits` SET `nb_cartons` = 2 ,`poids` = 2 ,`quantite` = 15  WHERE `id_lot_pdt_negoce` = 80
2024-12-05 12:33:22;UPDATE `pe_negoce_produits` SET `nb_cartons` = 1 ,`poids` = 20 ,`quantite` = 4  WHERE `id_lot_pdt_negoce` = 79
2024-12-05 12:33:39;UPDATE `pe_langues` SET `actif` = 1 WHERE `iso` = "FR"
2024-12-05 12:34:13;INSERT INTO `pe_bl` (`supprime`,`date_add`,`date`,`num_cmd`,`id_lot_negoce`,`id_tiers_facturation`,`id_tiers_livraison`,`id_tiers_transporteur`,`regroupement`,`chiffrage`) VALUES (1 ,"2024-12-05 12:34:13" ,"2024-12-05" ,"BL2412001" ,79 ,0 ,0 ,0 ,0 ,0 )
2024-12-05 12:34:35;UPDATE `pe_bl` SET `num_cmd` = "BL2412001" ,`id_tiers_facturation` = 37 ,`id_tiers_livraison` = 37 ,`id_tiers_transporteur` = 0 ,`id_adresse_livraison` = 35 ,`nom_client` = "" ,`statut` = 1 ,`supprime` = 0  WHERE id = 8394
2024-12-05 12:37:58;UPDATE `pe_bl` SET `supprime` = 1 WHERE `id` IN (1,3,4,9,10,40,42,51,53,65,72,80,81,84,85,86,88,93,96,108,111,112,139,140,147,150,160,168,173,174,176,182,191,195,196,199,202,203,211,236,237,247,248,251,252,274,275,276,282,284,285,287,298,301,307,308,310,311,336,343,366,367,379,380,401,402,403,404,407,409,411,502,510,512,521,527,534,568,569,641,691,692,715,716,717,718,719,720,721,722,730,731,797,856,957,1038,1040,1041,1062,1087,1101,1110,1125,1142,1143,1144,1243,1343,1378,1514,1533,1565,1571,1642,1676,1771,1814,1832,1860,1881,1929,1943,1992,2004,2039,2040,2041,2042,2106,2132,2133,2145,2146,2184,2195,2197,2201,2205,2210,2216,2223,2230,2238,2275,2290,2304,2318,2354,2508,2529,2584,2585,2588,2646,2681,2687,2692,2694,2706,2713,2714,2911,3003,3007,3042,3062,3080,3081,3098,3155,3204,3215,3267,3271,3273,3360,3449,3464,3479,3526,3615,3635,3643,3653,3688,3706,3707,3711,3794,3804,3888,3965,3982,3983,4112,4209,4223,4232,4233,4307,4308,4336,4439,4463,4472,4473,4474,4514,4526,4530,4531,4557,4568,4679,4703,4711,4713,4720,4737,4816,4976,5054,5083,5095,5124,5150,5253,5295,5334,5376,5411,5413,5415,5423,5481,5486,5492,5554,5631,5632,5669,5689,5714,5812,5874,5914,5941,5948,6004,6068,6118,6121,6160,6163,6260,6322,6379,6464,6506,6570,6608,6712,6780,6799,6800,6926,7004,7256,7369,7575,7610,7641,7713,7747,7749,7849,7856,8026,8028,8035,8041,8043,8046,8061,8092,8181,8254,8257,8259,8337,8339,8340,8341,8342,8343,8344,8345,8346,8347,8348,8349,8350,8351,8352,8353,8355,8356,8359,8360,8361,8362,8363,8364,8365,8370,8371,8375,8377,8380,8387,8388,8389,8390,8391,8392,8393,8394)
2024-12-05 12:38:54;UPDATE `pe_langues` SET `actif` = 1 WHERE `iso` = "FR"
2024-12-05 12:39:25;UPDATE `pe_negoce_produits` SET `traite` = 1  WHERE `id_lot_pdt_negoce` = 49
2024-12-05 12:39:31;UPDATE `pe_negoce_produits` SET `traite` = 0  WHERE `id_lot_pdt_negoce` = 49
2024-12-05 12:39:34;UPDATE `pe_negoce_produits` SET `traite` = 1  WHERE `id_lot_pdt_negoce` = 49
2024-12-05 12:50:52;INSERT INTO `pe_bl` (`supprime`,`date_add`,`date`,`num_cmd`,`id_lot_negoce`,`id_tiers_facturation`,`id_tiers_livraison`,`id_tiers_transporteur`,`regroupement`,`chiffrage`) VALUES (1 ,"2024-12-05 12:50:52" ,"2024-12-05" ,"BL2412001" ,77 ,0 ,0 ,0 ,0 ,0 )
2024-12-05 12:51:28;UPDATE `pe_bl` SET `num_cmd` = "BL2412001" ,`id_tiers_facturation` = 37 ,`id_tiers_livraison` = 37 ,`id_tiers_transporteur` = 0 ,`id_adresse_livraison` = 35 ,`nom_client` = "" ,`statut` = 1 ,`supprime` = 0  WHERE id = 8395
2024-12-05 12:52:45;UPDATE `pe_langues` SET `actif` = 1 WHERE `iso` = "FR"
2024-12-05 12:53:18;UPDATE `pe_bl` SET `num_cmd` = "BL2412001" ,`id_tiers_facturation` = 37 ,`id_tiers_livraison` = 37 ,`id_tiers_transporteur` = 0 ,`id_adresse_livraison` = 35 ,`nom_client` = "" ,`statut` = 1 ,`supprime` = 0  WHERE id = 8393
2024-12-05 12:54:06;UPDATE `pe_langues` SET `actif` = 1 WHERE `iso` = "FR"
2024-12-05 12:54:06;UPDATE `pe_palette_composition` SET `supprime` = 1 WHERE `id_lot_hors_stock` > 0 AND `id` NOT IN
                        ( SELECT `id_compo` FROM `pe_bl_lignes`) 
                        AND  `id_lot_hors_stock` NOT IN (SELECT `id` FROM `pe_lots`)
2024-12-05 12:54:15;UPDATE `pe_langues` SET `actif` = 1 WHERE `iso` = "FR"
2024-12-05 12:54:23;UPDATE `pe_langues` SET `actif` = 1 WHERE `iso` = "FR"
2024-12-05 12:54:53;UPDATE `pe_bl` SET `num_cmd` = "BL2412001" ,`id_tiers_facturation` = 37 ,`id_tiers_livraison` = 37 ,`id_tiers_transporteur` = 0 ,`id_adresse_livraison` = 35 ,`nom_client` = "" ,`statut` = 1 ,`supprime` = 0  WHERE id = 8395
2024-12-05 12:57:11;UPDATE `pe_bl` SET `num_cmd` = "BL2412001" ,`id_tiers_facturation` = 37 ,`id_tiers_livraison` = 37 ,`id_tiers_transporteur` = 0 ,`id_adresse_livraison` = 35 ,`nom_client` = "" ,`statut` = 1 ,`supprime` = 0  WHERE id = 8395
2024-12-05 12:57:14;UPDATE `pe_langues` SET `actif` = 1 WHERE `iso` = "FR"
2024-12-05 13:01:12;UPDATE `pe_negoce_produits` SET `traite` = 1  WHERE `id_lot_pdt_negoce` = 78
2024-12-05 13:01:15;INSERT INTO `pe_bl` (`supprime`,`date_add`,`date`,`num_cmd`,`id_lot_negoce`,`id_tiers_facturation`,`id_tiers_livraison`,`id_tiers_transporteur`,`regroupement`,`chiffrage`) VALUES (1 ,"2024-12-05 13:01:15" ,"2024-12-05" ,"BL2412001" ,78 ,0 ,0 ,0 ,0 ,0 )
2024-12-05 13:02:04;UPDATE `pe_bl` SET `num_cmd` = "BL2412001" ,`id_tiers_facturation` = 37 ,`id_tiers_livraison` = 37 ,`id_tiers_transporteur` = 0 ,`id_adresse_livraison` = 35 ,`nom_client` = "" ,`statut` = 1 ,`supprime` = 0  WHERE id = 8396
2024-12-05 13:02:20;UPDATE `pe_langues` SET `actif` = 1 WHERE `iso` = "FR"
2024-12-05 13:02:53;UPDATE `pe_bl` SET `num_cmd` = "BL2412001" ,`id_tiers_facturation` = 37 ,`id_tiers_livraison` = 37 ,`id_tiers_transporteur` = 0 ,`id_adresse_livraison` = 35 ,`nom_client` = "" ,`statut` = 1 ,`supprime` = 0  WHERE id = 8395
2024-12-05 13:12:39;UPDATE `pe_bl` SET `num_cmd` = "bl2412001" ,`date` = "2024-12-05" ,`id_tiers_facturation` = 37 ,`id_tiers_livraison` = 37 ,`id_adresse_livraison` = 35 ,`id_tiers_transporteur` = 98 ,`date_livraison` = "2024-12-05"  WHERE id = 8395
2024-12-05 13:12:39;UPDATE `pe_tiers` SET `id_langue` = 1  WHERE `id` = 37
2024-12-05 13:12:39;UPDATE `pe_tiers_types` SET `id_famille` = 0 WHERE `id_tiers` = 37
2024-12-05 13:12:40;UPDATE `pe_bl` SET `num_cmd` = "bl2412001" ,`date` = "2024-12-05" ,`id_tiers_facturation` = 37 ,`id_tiers_livraison` = 37 ,`id_adresse_livraison` = 35 ,`id_tiers_transporteur` = 98 ,`date_livraison` = "2024-12-05" ,`num_bl` = "BL2412001"  WHERE id = 8395
2024-12-05 13:12:40;UPDATE `pe_bl` SET `num_cmd` = "bl2412001" ,`date` = "2024-12-05" ,`id_tiers_facturation` = 37 ,`id_tiers_livraison` = 37 ,`id_adresse_livraison` = 35 ,`id_tiers_transporteur` = 98 ,`date_livraison` = "2024-12-05" ,`num_bl` = "BL2412001" ,`chiffrage` = 1  WHERE id = 8395
2024-12-05 13:12:40;UPDATE `pe_bl` SET `num_cmd` = "bl2412001" ,`date` = "2024-12-05" ,`id_tiers_facturation` = 37 ,`id_tiers_livraison` = 37 ,`id_adresse_livraison` = 35 ,`id_tiers_transporteur` = 98 ,`date_livraison` = "2024-12-05" ,`num_bl` = "BL2412001" ,`chiffrage` = 1 ,`statut` = 2 ,`supprime` = 0  WHERE id = 8395
2024-12-05 13:12:40;UPDATE `pe_bl` SET `date_envoi` = NULL WHERE `id` = 8395
2024-12-05 13:13:26;UPDATE `pe_langues` SET `actif` = 1 WHERE `iso` = "FR"
2024-12-05 13:33:37;UPDATE `pe_negoce_produits` SET `nb_cartons` = 10 ,`poids` = 10 ,`dlc` = "2024-12-04"  WHERE `id_lot_pdt_negoce` = 66
2024-12-05 13:33:49;UPDATE `pe_negoce_produits` SET `nb_cartons` = 10 ,`poids` = 10 ,`dlc` = "2024-12-04"  WHERE `id_lot_pdt_negoce` = 66
2024-12-05 13:34:03;DELETE FROM `pe_negoce_produits` WHERE `id_lot_pdt_negoce` =66
2024-12-05 13:36:24;UPDATE `pe_negoce_produits` SET `nb_cartons` = 5 ,`poids` = 10 ,`dlc` = "2024-12-04"  WHERE `id_lot_pdt_negoce` = 65
2024-12-05 13:36:39;UPDATE `pe_negoce_produits` SET `nb_cartons` = 5 ,`poids` = 10 ,`dlc` = "2024-12-04"  WHERE `id_lot_pdt_negoce` = 65
2024-12-05 13:38:00;UPDATE `pe_negoce_produits` SET `nb_cartons` = 2 ,`poids` = 10 ,`dlc` = "2024-12-05"  WHERE `id_lot_pdt_negoce` = 83
2024-12-05 13:39:20;UPDATE `pe_negoce_produits` SET `nb_cartons` = 5 ,`poids` = 5 ,`dlc` = ""  WHERE `id_lot_pdt_negoce` = 75
2024-12-05 13:39:23;UPDATE `pe_negoce_produits` SET `nb_cartons` = 2 ,`poids` = 2 ,`dlc` = ""  WHERE `id_lot_pdt_negoce` = 80
2024-12-05 13:39:25;UPDATE `pe_negoce_produits` SET `nb_cartons` = 1 ,`poids` = 20 ,`dlc` = "2024-12-04"  WHERE `id_lot_pdt_negoce` = 79
2024-12-05 13:39:29;UPDATE `pe_negoce_produits` SET `nb_cartons` = 2 ,`poids` = 10 ,`dlc` = "2024-12-05"  WHERE `id_lot_pdt_negoce` = 83
2024-12-05 13:39:33;UPDATE `pe_negoce_produits` SET `nb_cartons` = 2 ,`poids` = 2 ,`dlc` = ""  WHERE `id_lot_pdt_negoce` = 80
2024-12-05 13:40:29;UPDATE `pe_negoce_produits` SET `nb_cartons` = 5 ,`poids` = 10 ,`dlc` = "2024-12-04"  WHERE `id_lot_pdt_negoce` = 65
2024-12-05 13:40:34;UPDATE `pe_negoce_produits` SET `nb_cartons` = 10 ,`poids` = 50 ,`dlc` = "2024-12-04"  WHERE `id_lot_pdt_negoce` = 64
2024-12-05 13:40:39;UPDATE `pe_negoce_produits` SET `nb_cartons` = 5 ,`poids` = 20 ,`dlc` = "2024-12-04"  WHERE `id_lot_pdt_negoce` = 63
2024-12-05 13:42:43;UPDATE `pe_negoce_produits` SET `nb_cartons` = 5 ,`poids` = 10 ,`dlc` = "2024-12-04"  WHERE `id_lot_pdt_negoce` = 65
2024-12-05 13:43:45;UPDATE `pe_negoce_produits` SET `nb_cartons` = 5 ,`poids` = 15 ,`dlc` = "2024-12-04"  WHERE `id_lot_pdt_negoce` = 65
2024-12-05 13:47:50;UPDATE `pe_negoce_produits` SET `nb_cartons` = 2 ,`poids` = 2 ,`dlc` = "2024-12-05"  WHERE `id_lot_pdt_negoce` = 80
2024-12-05 13:47:58;UPDATE `pe_negoce_produits` SET `nb_cartons` = 2 ,`poids` = 10 ,`dlc` = "2024-12-05"  WHERE `id_lot_pdt_negoce` = 83
2024-12-05 13:48:08;UPDATE `pe_negoce_produits` SET `nb_cartons` = 2 ,`poids` = 2 ,`dlc` = "2024-12-05"  WHERE `id_lot_pdt_negoce` = 80
2024-12-05 13:49:09;DELETE FROM `pe_negoce_produits` WHERE `id_lot_pdt_negoce` =79
2024-12-05 13:49:11;DELETE FROM `pe_negoce_produits` WHERE `id_lot_pdt_negoce` =75
2024-12-05 13:49:16;UPDATE `pe_negoce_produits` SET `nb_cartons` = 2 ,`poids` = 10 ,`dlc` = "2024-12-05"  WHERE `id_lot_pdt_negoce` = 83
2024-12-05 13:49:42;UPDATE `pe_negoce_produits` SET `nb_cartons` = 2 ,`poids` = 10 ,`dlc` = "2024-12-05"  WHERE `id_lot_pdt_negoce` = 83
2024-12-05 13:50:18;UPDATE `pe_negoce_produits` SET `nb_cartons` = 2 ,`poids` = 2 ,`dlc` = "2024-12-05"  WHERE `id_lot_pdt_negoce` = 80
2024-12-05 13:50:25;UPDATE `pe_negoce_produits` SET `nb_cartons` = 2 ,`poids` = 2 ,`dlc` = "2024-12-05"  WHERE `id_lot_pdt_negoce` = 80
2024-12-05 13:53:56;UPDATE `pe_negoce_produits` SET `nb_cartons` = 2 ,`poids` = 10 ,`quantite` = 10 ,`dlc` = "2024-12-05"  WHERE `id_lot_pdt_negoce` = 83
2024-12-05 13:56:09;INSERT INTO `pe_negoce_produits` (`poids`,`quantite`,`supprime`,`date_add`,`id_lot_negoce`,`id_pdt`,`nb_cartons`,`traite`,`user_add`,`dlc`) VALUES (10 ,10 ,0 ,"2024-12-05 13:56:09" ,79 ,445 ,1 ,0 ,1 ,"2024-12-05" )
2024-12-05 13:57:54;UPDATE `pe_negoce_produits` SET `nb_cartons` = 1 ,`poids` = 10 ,`quantite` = 10 ,`dlc` = "2024-12-05"  WHERE `id_lot_pdt_negoce` = 84
2024-12-05 14:02:59;INSERT INTO `pe_negoce_produits` (`poids`,`quantite`,`supprime`,`date_add`,`id_lot_negoce`,`id_pdt`,`nb_cartons`,`traite`,`user_add`,`dlc`) VALUES (20 ,10 ,0 ,"2024-12-05 14:02:59" ,79 ,395 ,10 ,0 ,1 ,"2024-12-05" )
2024-12-05 14:03:18;INSERT INTO `pe_negoce_produits` (`poids`,`quantite`,`supprime`,`date_add`,`id_lot_negoce`,`id_pdt`,`nb_cartons`,`traite`,`user_add`,`dlc`) VALUES (1 ,1 ,0 ,"2024-12-05 14:03:18" ,79 ,395 ,1 ,0 ,1 ,"2024-12-05" )
2024-12-05 14:04:18;UPDATE `pe_negoce_produits` SET `nb_cartons` = 1 ,`poids` = 1 ,`quantite` = 1 ,`dlc` = "2024-12-05"  WHERE `id_lot_pdt_negoce` = 86
2024-12-05 14:04:26;UPDATE `pe_negoce_produits` SET `nb_cartons` = 1 ,`poids` = 2 ,`quantite` = 1 ,`dlc` = "2024-12-05"  WHERE `id_lot_pdt_negoce` = 86
2024-12-05 14:04:33;UPDATE `pe_negoce_produits` SET `nb_cartons` = 1 ,`poids` = 2 ,`quantite` = 41 ,`dlc` = "2024-12-05"  WHERE `id_lot_pdt_negoce` = 86
2024-12-05 14:04:39;UPDATE `pe_negoce_produits` SET `nb_cartons` = 1 ,`poids` = 2 ,`quantite` = 41 ,`dlc` = "2024-12-05"  WHERE `id_lot_pdt_negoce` = 86
2024-12-05 14:04:45;UPDATE `pe_negoce_produits` SET `nb_cartons` = 10 ,`poids` = 2 ,`quantite` = 41 ,`dlc` = "2024-12-05"  WHERE `id_lot_pdt_negoce` = 86
2024-12-05 14:04:49;UPDATE `pe_negoce_produits` SET `nb_cartons` = 10 ,`poids` = 2 ,`quantite` = 41 ,`dlc` = "2024-12-06"  WHERE `id_lot_pdt_negoce` = 86
2024-12-05 14:07:22;UPDATE `pe_negoce_produits` SET `nb_cartons` = 10 ,`poids` = 2 ,`quantite` = 41 ,`dlc` = "2024-12-06"  WHERE `id_lot_pdt_negoce` = 86
2024-12-05 14:07:44;INSERT INTO `pe_negoce_produits` (`poids`,`quantite`,`supprime`,`date_add`,`id_lot_negoce`,`id_pdt`,`nb_cartons`,`traite`,`user_add`,`dlc`) VALUES (1 ,0 ,0 ,"2024-12-05 14:07:44" ,79 ,445 ,1 ,0 ,1 ,"2024-12-06" )
2024-12-05 14:08:55;INSERT INTO `pe_negoce_produits` (`poids`,`quantite`,`supprime`,`date_add`,`id_lot_negoce`,`id_pdt`,`nb_cartons`,`traite`,`user_add`,`dlc`) VALUES (5 ,0 ,0 ,"2024-12-05 14:08:55" ,79 ,473 ,10 ,0 ,1 ,"2024-12-06" )
2024-12-05 14:15:24;DELETE FROM `pe_negoce_produits` WHERE `id_lot_pdt_negoce` =88
2024-12-05 14:15:26;DELETE FROM `pe_negoce_produits` WHERE `id_lot_pdt_negoce` =87
2024-12-05 14:15:28;DELETE FROM `pe_negoce_produits` WHERE `id_lot_pdt_negoce` =86
2024-12-05 14:15:30;DELETE FROM `pe_negoce_produits` WHERE `id_lot_pdt_negoce` =85
2024-12-05 14:17:10;UPDATE `pe_negoce_produits` SET `nb_cartons` = 2 ,`poids` = 10 ,`quantite` = 10 ,`dlc` = "2024-12-05"  WHERE `id_lot_pdt_negoce` = 83
2024-12-05 14:30:21;UPDATE `pe_negoce_produits` SET `nb_cartons` = 1 ,`poids` = 10 ,`quantite` = 10 ,`dlc` = "2024-12-05"  WHERE `id_lot_pdt_negoce` = 84
2024-12-05 14:47:14;UPDATE `pe_langues` SET `actif` = 1 WHERE `iso` = "FR"
2024-12-05 14:50:07;UPDATE `pe_langues` SET `actif` = 1 WHERE `iso` = "FR"
2024-12-05 14:50:22;UPDATE `pe_lots_negoce` SET `num_bl` = "24493848ED" ,`date_reception` = "2024-11-29" ,`date_entree` = ""  WHERE `id` = 79
2024-12-05 14:53:20;UPDATE `pe_langues` SET `actif` = 1 WHERE `iso` = "FR"
2024-12-05 14:54:02;UPDATE `pe_bl` SET `num_cmd` = "BL2412001" ,`id_tiers_facturation` = 37 ,`id_tiers_livraison` = 37 ,`id_tiers_transporteur` = 0 ,`id_adresse_livraison` = 35 ,`nom_client` = "" ,`statut` = 1 ,`supprime` = 0  WHERE id = 8396
2024-12-05 14:54:44;INSERT INTO `pe_negoce_produits` (`poids`,`quantite`,`supprime`,`date_add`,`id_lot_negoce`,`id_pdt`,`nb_cartons`,`traite`,`user_add`,`num_lot`,`dlc`) VALUES (1 ,0 ,0 ,"2024-12-05 14:54:44" ,79 ,445 ,1 ,0 ,1 ,"AB" ,"2024-12-05" )
2024-12-05 14:54:55;UPDATE `pe_negoce_produits` SET `nb_cartons` = 1 ,`poids` = 10 ,`num_lot` = "" ,`quantite` = 10 ,`dlc` = "2024-12-05"  WHERE `id_lot_pdt_negoce` = 84
2024-12-05 14:54:57;UPDATE `pe_negoce_produits` SET `nb_cartons` = 1 ,`poids` = 1 ,`num_lot` = "" ,`quantite` = 0 ,`dlc` = "2024-12-05"  WHERE `id_lot_pdt_negoce` = 89
2024-12-05 14:55:00;UPDATE `pe_negoce_produits` SET `nb_cartons` = 2 ,`poids` = 2 ,`num_lot` = "" ,`quantite` = 15 ,`dlc` = "2024-12-05"  WHERE `id_lot_pdt_negoce` = 80
2024-12-05 14:55:07;DELETE FROM `pe_negoce_produits` WHERE `id_lot_pdt_negoce` =89
2024-12-05 14:55:08;DELETE FROM `pe_negoce_produits` WHERE `id_lot_pdt_negoce` =89
2024-12-05 14:55:10;DELETE FROM `pe_negoce_produits` WHERE `id_lot_pdt_negoce` =84
2024-12-05 14:55:14;DELETE FROM `pe_negoce_produits` WHERE `id_lot_pdt_negoce` =84
2024-12-05 14:55:31;INSERT INTO `pe_negoce_produits` (`poids`,`quantite`,`supprime`,`date_add`,`id_lot_negoce`,`id_pdt`,`nb_cartons`,`traite`,`user_add`,`num_lot`,`dlc`) VALUES (5 ,0 ,0 ,"2024-12-05 14:55:31" ,79 ,395 ,5 ,0 ,1 ,"BL20030" ,"2024-12-05" )
2024-12-05 14:56:41;UPDATE `pe_bl` SET `num_cmd` = "BL2412001" ,`id_tiers_facturation` = 37 ,`id_tiers_livraison` = 37 ,`id_tiers_transporteur` = 0 ,`id_adresse_livraison` = 35 ,`nom_client` = "" ,`statut` = 1 ,`supprime` = 0 ,`date_livraison` = "2024-12-07"  WHERE id = 8396
2024-12-05 14:57:05;UPDATE `pe_bl` SET `num_cmd` = "BL2412001" ,`id_tiers_facturation` = 37 ,`id_tiers_livraison` = 37 ,`id_tiers_transporteur` = 0 ,`id_adresse_livraison` = 35 ,`nom_client` = "" ,`statut` = 1 ,`supprime` = 0 ,`date_livraison` = "2024-12-07"  WHERE id = 8396
2024-12-05 14:57:58;UPDATE `pe_bl` SET `num_cmd` = "BL2412001" ,`id_tiers_facturation` = 37 ,`id_tiers_livraison` = 37 ,`id_tiers_transporteur` = 238 ,`id_adresse_livraison` = 35 ,`nom_client` = "" ,`statut` = 1 ,`supprime` = 0 ,`date_livraison` = "2024-12-07"  WHERE id = 8396
2024-12-05 14:58:24;UPDATE `pe_bl` SET `num_cmd` = "BL2412001" ,`id_tiers_facturation` = 37 ,`id_tiers_livraison` = 37 ,`id_tiers_transporteur` = 238 ,`id_adresse_livraison` = 35 ,`nom_client` = "" ,`statut` = 1 ,`supprime` = 0 ,`date_livraison` = "2024-12-07"  WHERE id = 8396
2024-12-05 14:59:29;INSERT INTO `pe_negoce_produits` (`poids`,`quantite`,`supprime`,`date_add`,`id_lot_negoce`,`id_pdt`,`nb_cartons`,`traite`,`user_add`,`num_lot`,`dlc`) VALUES (20 ,0 ,0 ,"2024-12-05 14:59:29" ,79 ,445 ,5 ,0 ,1 ,"" ,"2024-12-05" )
2024-12-05 14:59:54;INSERT INTO `pe_negoce_produits` (`poids`,`quantite`,`supprime`,`date_add`,`id_lot_negoce`,`id_pdt`,`nb_cartons`,`traite`,`user_add`,`num_lot`,`dlc`) VALUES (10 ,0 ,0 ,"2024-12-05 14:59:54" ,79 ,473 ,1 ,0 ,1 ,"" ,"2024-12-05" )
2024-12-05 15:00:59;DELETE FROM `pe_negoce_produits` WHERE `id_lot_pdt_negoce` =92
2024-12-05 15:01:01;DELETE FROM `pe_negoce_produits` WHERE `id_lot_pdt_negoce` =91
2024-12-05 15:01:15;INSERT INTO `pe_negoce_produits` (`poids`,`quantite`,`supprime`,`date_add`,`id_lot_negoce`,`id_pdt`,`nb_cartons`,`traite`,`user_add`,`num_lot`,`dlc`) VALUES (10 ,0 ,0 ,"2024-12-05 15:01:15" ,79 ,445 ,5 ,0 ,1 ,"" ,"2024-12-04" )
2024-12-05 15:02:50;INSERT INTO `pe_negoce_produits` (`poids`,`quantite`,`supprime`,`date_add`,`id_lot_negoce`,`id_pdt`,`nb_cartons`,`traite`,`user_add`,`num_lot`,`dlc`) VALUES (1 ,0 ,0 ,"2024-12-05 15:02:50" ,79 ,445 ,2 ,0 ,1 ,"" ,"2024-12-05" )
2024-12-05 15:04:41;INSERT INTO `pe_negoce_produits` (`poids`,`quantite`,`supprime`,`date_add`,`id_lot_negoce`,`id_pdt`,`nb_cartons`,`traite`,`user_add`,`num_lot`,`dlc`) VALUES (5 ,0 ,0 ,"2024-12-05 15:04:41" ,79 ,445 ,5 ,0 ,1 ,"bl15" ,"2024-12-05" )
2024-12-05 15:04:44;UPDATE `pe_negoce_produits` SET `nb_cartons` = 5 ,`poids` = 5 ,`num_lot` = "" ,`quantite` = 0 ,`dlc` = "2024-12-05"  WHERE `id_lot_pdt_negoce` = 95
2024-12-05 15:04:54;INSERT INTO `pe_negoce_produits` (`poids`,`quantite`,`supprime`,`date_add`,`id_lot_negoce`,`id_pdt`,`nb_cartons`,`traite`,`user_add`,`num_lot`,`dlc`) VALUES (5 ,0 ,0 ,"2024-12-05 15:04:54" ,79 ,171 ,5 ,0 ,1 ,"bl15" ,"2024-12-05" )
2024-12-05 15:05:43;UPDATE `pe_negoce_produits` SET `nb_cartons` = 5 ,`poids` = 5 ,`num_lot` = "" ,`quantite` = 0 ,`dlc` = "2024-12-05"  WHERE `id_lot_pdt_negoce` = 95
2024-12-05 15:06:46;INSERT INTO `pe_negoce_produits` (`poids`,`quantite`,`supprime`,`date_add`,`id_lot_negoce`,`id_pdt`,`nb_cartons`,`traite`,`user_add`,`num_lot`,`dlc`) VALUES (20 ,0 ,0 ,"2024-12-05 15:06:46" ,78 ,445 ,5 ,0 ,1 ,"" ,"2024-12-05" )
2024-12-05 15:06:57;UPDATE `pe_negoce_produits` SET `nb_cartons` = 5 ,`poids` = 20 ,`num_lot` = "" ,`quantite` = 0 ,`dlc` = "2024-12-05"  WHERE `id_lot_pdt_negoce` = 97
2024-12-05 15:08:41;UPDATE `pe_negoce_produits` SET `nb_cartons` = 2 ,`poids` = 1 ,`num_lot` = "GYI" ,`quantite` = 0 ,`dlc` = "2024-12-05"  WHERE `id_lot_pdt_negoce` = 94
2024-12-05 15:09:06;UPDATE `pe_negoce_produits` SET `nb_cartons` = 5 ,`poids` = 5 ,`num_lot` = "BL400" ,`quantite` = 0 ,`dlc` = "2024-12-05"  WHERE `id_lot_pdt_negoce` = 95
2024-12-05 15:09:13;UPDATE `pe_negoce_produits` SET `nb_cartons` = 5 ,`poids` = 10 ,`num_lot` = "BL250" ,`quantite` = 0 ,`dlc` = "2024-12-04"  WHERE `id_lot_pdt_negoce` = 93
2024-12-05 15:09:18;UPDATE `pe_negoce_produits` SET `nb_cartons` = 2 ,`poids` = 10 ,`num_lot` = "BL350" ,`quantite` = 10 ,`dlc` = "2024-12-05"  WHERE `id_lot_pdt_negoce` = 83
2024-12-05 15:09:24;UPDATE `pe_negoce_produits` SET `nb_cartons` = 2 ,`poids` = 2 ,`num_lot` = "BLD" ,`quantite` = 15 ,`dlc` = "2024-12-05"  WHERE `id_lot_pdt_negoce` = 80
2024-12-05 15:09:29;UPDATE `pe_negoce_produits` SET `nb_cartons` = 2 ,`poids` = 2 ,`num_lot` = "BLD" ,`quantite` = 15 ,`dlc` = "2024-12-05"  WHERE `id_lot_pdt_negoce` = 80
2024-12-05 15:11:45;UPDATE `pe_lots_negoce` SET `num_bl` = "BL25152024" ,`date_reception` = "2024-12-04" ,`date_entree` = ""  WHERE `id` = 50
2024-12-05 15:12:10;UPDATE `pe_negoce_produits` SET `nb_cartons` = 1 ,`poids` = 25 ,`num_lot` = "BL05122024" ,`quantite` = 10604 ,`dlc` = "2024-11-15"  WHERE `id_lot_pdt_negoce` = 10
2024-12-05 15:12:30;INSERT INTO `pe_negoce_produits` (`poids`,`quantite`,`supprime`,`date_add`,`id_lot_negoce`,`id_pdt`,`nb_cartons`,`traite`,`user_add`,`num_lot`,`dlc`) VALUES (10 ,0 ,0 ,"2024-12-05 15:12:30" ,50 ,445 ,5 ,0 ,1 ,"24BL25" ,"2024-12-06" )
2024-12-05 15:12:39;UPDATE `pe_langues` SET `actif` = 1 WHERE `iso` = "FR"
2024-12-05 15:13:17;UPDATE `pe_negoce_produits` SET `traite` = 1  WHERE `id_lot_pdt_negoce` = 65
2024-12-05 15:13:54;UPDATE `pe_negoce_produits` SET `nb_cartons` = 5 ,`poids` = 20 ,`num_lot` = "BL3" ,`quantite` = 10 ,`dlc` = "2024-12-04"  WHERE `id_lot_pdt_negoce` = 63
2024-12-05 15:14:02;UPDATE `pe_negoce_produits` SET `nb_cartons` = 10 ,`poids` = 50 ,`num_lot` = "BL2" ,`quantite` = 10 ,`dlc` = "2024-12-04"  WHERE `id_lot_pdt_negoce` = 64
2024-12-05 15:14:06;UPDATE `pe_negoce_produits` SET `nb_cartons` = 5 ,`poids` = 15 ,`num_lot` = "BL1" ,`quantite` = 5 ,`dlc` = "2024-12-04"  WHERE `id_lot_pdt_negoce` = 65
2024-12-05 15:16:18;UPDATE `pe_langues` SET `actif` = 1 WHERE `iso` = "FR"
2024-12-05 15:52:22;INSERT INTO `pe_factures` (`date`,`date_add`,`num_cmd`,`id_tiers_facturation`,`id_tiers_livraison`,`id_adresse_facturation`,`id_tiers_transporteur`,`num_facture`) VALUES ("2024-12-05" ,"2024-12-05 15:52:22" ,"test1" ,329 ,329 ,487 ,338 ,"FA2412001" )
2024-12-05 15:52:23;INSERT INTO `pe_facture_lignes` (`id_facture`,`date_add`,`nb_colis`,`poids`,`id_produit`,`numlot`,`vendu_piece`,`id_pays`,`pu_ht`,`pa_ht`,`qte`,`tva`,`tarif_interbev`) VALUES (100294 ,"2024-12-05 15:52:22" ,0 ,0 ,445 ,"" ,0 ,27 ,13.25 ,0 ,1 ,5.5 ,0.018 )
2024-12-05 15:52:23;UPDATE `pe_factures` SET `montant_interbev` = 0 ,`montant_ht` = 13.25  WHERE `id` = 100294
2024-12-05 15:52:23;UPDATE `pe_tiers` SET `tva` = 1 WHERE `id` = 329
2024-12-05 15:52:24;UPDATE `pe_facture_lignes` SET `montant_interbev` = 0  WHERE `id` = 101526
2024-12-05 15:52:24;UPDATE `pe_factures` SET `montant_interbev` = 0 ,`montant_ht` = 13.25  WHERE `id` = 100294
2024-12-05 15:52:24;UPDATE `pe_factures` SET `montant_interbev` = 0 ,`montant_ht` = 13.25 ,`total_ttc` = 1107.75  WHERE `id` = 100294
2024-12-05 15:52:24;UPDATE `pe_factures` SET `montant_ht` = 1050 WHERE `id` = 100294
2024-12-05 15:52:24;UPDATE `pe_factures` SET `montant_interbev` = 0 ,`montant_ht` = 13.25 ,`total_ttc` = 1107.75  WHERE `id` = 100294
2024-12-05 15:52:24;UPDATE `pe_factures` SET `date_envoi` = NULL WHERE `id` = 100294
2024-12-05 15:52:56;UPDATE `pe_facture_lignes` SET `pa_ht` = 0  WHERE `id` = 101526
2024-12-05 15:53:19;UPDATE `pe_facture_lignes` SET `pa_ht` = 0  WHERE `id` = 101526
2024-12-05 15:53:19;UPDATE `pe_factures` SET `montant_interbev` = 0 ,`date` = "2024-12-05" ,`num_cmd` = "test1"  WHERE `id` = 100294
2024-12-05 15:53:20;UPDATE `pe_facture_lignes` SET `designation` = "ANDOUILLE CHEVAL<br/>origine : AUSTRALIE<br/>EAN : 3700293551537" ,`pu_ht` = 13.25 ,`qte` = 1 ,`poids` = 0  WHERE `id` = 101526
2024-12-05 15:53:20;UPDATE `pe_factures` SET `montant_ht` = 1050 WHERE `id` = 100294
2024-12-05 15:53:20;UPDATE `pe_tiers` SET `tva` = 1 WHERE `id` = 329
2024-12-05 15:53:21;UPDATE `pe_facture_lignes` SET `montant_interbev` = 0  WHERE `id` = 101526
2024-12-05 15:53:21;UPDATE `pe_factures` SET `montant_interbev` = 0 ,`date` = "2024-12-05" ,`num_cmd` = "test1"  WHERE `id` = 100294
2024-12-05 15:53:21;UPDATE `pe_factures` SET `montant_interbev` = 0 ,`date` = "2024-12-05" ,`num_cmd` = "test1" ,`total_ttc` = 1107.75  WHERE `id` = 100294
2024-12-05 15:53:21;UPDATE `pe_factures` SET `montant_ht` = 1050 WHERE `id` = 100294
2024-12-05 15:53:21;UPDATE `pe_factures` SET `montant_interbev` = 0 ,`date` = "2024-12-05" ,`num_cmd` = "test1" ,`total_ttc` = 1107.75  WHERE `id` = 100294
2024-12-05 15:53:21;UPDATE `pe_factures` SET `date_envoi` = NULL WHERE `id` = 100294
2024-12-05 15:53:22;UPDATE `pe_tiers` SET `tva` = 1 WHERE `id` = 329
2024-12-05 15:53:22;UPDATE `pe_facture_lignes` SET `montant_interbev` = 0  WHERE `id` = 101526
2024-12-05 15:53:22;UPDATE `pe_factures` SET `montant_interbev` = 0  WHERE `id` = 100294
2024-12-05 15:53:22;UPDATE `pe_factures` SET `montant_interbev` = 0 ,`total_ttc` = 1107.75  WHERE `id` = 100294
2024-12-05 15:53:23;UPDATE `pe_factures` SET `montant_ht` = 1050 WHERE `id` = 100294
2024-12-05 15:53:23;UPDATE `pe_factures` SET `montant_interbev` = 0 ,`total_ttc` = 1107.75  WHERE `id` = 100294
2024-12-05 15:53:23;UPDATE `pe_factures` SET `date_envoi` = NULL WHERE `id` = 100294
2024-12-05 15:53:23;UPDATE `pe_factures` SET `montant_ht` = 1050 WHERE `id` = 100294
2024-12-05 15:53:23;UPDATE `pe_factures` SET `montant_interbev` = 0 ,`total_ttc` = 1107.75  WHERE `id` = 100294
2024-12-05 15:53:27;UPDATE `pe_factures` SET `montant_interbev` = 0.27  WHERE `id` = 100293
2024-12-05 15:53:27;UPDATE `pe_factures` SET `montant_interbev` = 2.99  WHERE `id` = 100292
2024-12-05 15:53:27;UPDATE `pe_factures` SET `montant_interbev` = 1.43  WHERE `id` = 100291
2024-12-05 15:53:27;UPDATE `pe_factures` SET `montant_interbev` = 2.3  WHERE `id` = 100290
2024-12-05 15:53:27;UPDATE `pe_factures` SET `montant_interbev` = 3.76  WHERE `id` = 100288
2024-12-05 15:53:27;UPDATE `pe_factures` SET `montant_interbev` = 3.97  WHERE `id` = 100287
2024-12-05 15:53:27;UPDATE `pe_factures` SET `montant_interbev` = 0.92  WHERE `id` = 100286
2024-12-05 15:53:27;UPDATE `pe_factures` SET `montant_interbev` = 5.01  WHERE `id` = 100285
2024-12-05 15:53:27;UPDATE `pe_factures` SET `montant_interbev` = 6.9  WHERE `id` = 100284
2024-12-05 15:53:27;UPDATE `pe_factures` SET `montant_interbev` = 2.16  WHERE `id` = 100280
2024-12-05 15:53:27;UPDATE `pe_factures` SET `montant_interbev` = 4.32  WHERE `id` = 100278
2024-12-05 15:53:27;UPDATE `pe_factures` SET `montant_interbev` = 6.82  WHERE `id` = 100277
2024-12-05 15:53:27;UPDATE `pe_factures` SET `montant_interbev` = 4.25  WHERE `id` = 100276
2024-12-05 15:53:27;UPDATE `pe_factures` SET `montant_interbev` = 5.14  WHERE `id` = 100275
2024-12-05 15:53:27;UPDATE `pe_factures` SET `montant_interbev` = 0.52  WHERE `id` = 100274
2024-12-05 15:53:27;UPDATE `pe_factures` SET `montant_interbev` = 0.14  WHERE `id` = 100273
2024-12-05 15:53:27;UPDATE `pe_factures` SET `montant_interbev` = 0.45  WHERE `id` = 100271
2024-12-05 15:53:27;UPDATE `pe_factures` SET `montant_interbev` = 1.12  WHERE `id` = 100270
2024-12-05 15:54:04;UPDATE `pe_tiers` SET `tva` = 1 WHERE `id` = 329
2024-12-05 15:54:05;UPDATE `pe_facture_lignes` SET `montant_interbev` = 0  WHERE `id` = 101526
2024-12-05 15:54:05;UPDATE `pe_factures` SET `montant_interbev` = 0  WHERE `id` = 100294
2024-12-05 15:54:05;UPDATE `pe_factures` SET `montant_interbev` = 0 ,`total_ttc` = 1107.75  WHERE `id` = 100294
2024-12-05 15:54:05;UPDATE `pe_factures` SET `montant_ht` = 1050 WHERE `id` = 100294
2024-12-05 15:54:05;UPDATE `pe_factures` SET `montant_interbev` = 0 ,`total_ttc` = 1107.75  WHERE `id` = 100294
2024-12-05 15:54:05;UPDATE `pe_factures` SET `date_envoi` = NULL WHERE `id` = 100294
2024-12-05 15:54:05;UPDATE `pe_factures` SET `montant_ht` = 1050 WHERE `id` = 100294
2024-12-05 15:54:05;UPDATE `pe_factures` SET `montant_interbev` = 0 ,`total_ttc` = 1107.75  WHERE `id` = 100294
2024-12-05 15:55:04;UPDATE `pe_facture_lignes` SET `pa_ht` = 10  WHERE `id` = 101526
2024-12-05 15:55:04;INSERT INTO `pe_tarif_fournisseur` (`id_tiers`,`id_produit`,`prix`) VALUES (228 ,445 ,10 )
2024-12-05 15:57:28;UPDATE `pe_facture_lignes` SET `pa_ht` = 10 WHERE `id` = 101397
2024-12-05 15:57:29;UPDATE `pe_facture_lignes` SET `pa_ht` = 10 WHERE `id` = 101388
2024-12-05 15:57:30;UPDATE `pe_factures` SET `montant_interbev` = 0.27  WHERE `id` = 100293
2024-12-05 15:57:30;UPDATE `pe_factures` SET `montant_interbev` = 2.99  WHERE `id` = 100292
2024-12-05 15:57:30;UPDATE `pe_factures` SET `montant_interbev` = 1.43  WHERE `id` = 100291
2024-12-05 15:57:30;UPDATE `pe_factures` SET `montant_interbev` = 2.3  WHERE `id` = 100290
2024-12-05 15:57:30;UPDATE `pe_factures` SET `montant_interbev` = 3.76  WHERE `id` = 100288
2024-12-05 15:57:30;UPDATE `pe_factures` SET `montant_interbev` = 3.97  WHERE `id` = 100287
2024-12-05 15:57:30;UPDATE `pe_factures` SET `montant_interbev` = 0.92  WHERE `id` = 100286
2024-12-05 15:57:30;UPDATE `pe_factures` SET `montant_interbev` = 5.01  WHERE `id` = 100285
2024-12-05 15:57:30;UPDATE `pe_factures` SET `montant_interbev` = 6.9  WHERE `id` = 100284
2024-12-05 15:57:30;UPDATE `pe_factures` SET `montant_interbev` = 2.16  WHERE `id` = 100280
2024-12-05 15:57:30;UPDATE `pe_factures` SET `montant_interbev` = 4.32  WHERE `id` = 100278
2024-12-05 15:57:30;UPDATE `pe_factures` SET `montant_interbev` = 6.82  WHERE `id` = 100277
2024-12-05 15:57:30;UPDATE `pe_factures` SET `montant_interbev` = 4.25  WHERE `id` = 100276
2024-12-05 15:57:30;UPDATE `pe_factures` SET `montant_interbev` = 5.14  WHERE `id` = 100275
2024-12-05 15:57:30;UPDATE `pe_factures` SET `montant_interbev` = 0.52  WHERE `id` = 100274
2024-12-05 15:57:30;UPDATE `pe_factures` SET `montant_interbev` = 0.14  WHERE `id` = 100273
2024-12-05 15:57:30;UPDATE `pe_factures` SET `montant_interbev` = 0.45  WHERE `id` = 100271
2024-12-05 15:57:30;UPDATE `pe_factures` SET `montant_interbev` = 1.12  WHERE `id` = 100270
2024-12-05 15:58:04;UPDATE `pe_tiers` SET `tva` = 1 WHERE `id` = 411
2024-12-05 15:58:05;UPDATE `pe_facture_lignes` SET `montant_interbev` = 1.42  WHERE `id` = 101500
2024-12-05 15:58:06;UPDATE `pe_facture_lignes` SET `montant_interbev` = 1.11  WHERE `id` = 101499
2024-12-05 15:58:07;UPDATE `pe_facture_lignes` SET `montant_interbev` = 0.86  WHERE `id` = 101498
2024-12-05 15:58:07;UPDATE `pe_facture_lignes` SET `montant_interbev` = 3.51  WHERE `id` = 101497
2024-12-05 15:58:07;UPDATE `pe_factures` SET `montant_interbev` = 6.9  WHERE `id` = 100284
2024-12-05 15:58:07;UPDATE `pe_factures` SET `montant_interbev` = 6.9 ,`total_ttc` = 269.04  WHERE `id` = 100284
2024-12-05 15:58:08;UPDATE `pe_factures` SET `montant_ht` = 4759.34 WHERE `id` = 100284
2024-12-05 15:58:08;UPDATE `pe_factures` SET `montant_interbev` = 6.904 ,`total_ttc` = 269.04  WHERE `id` = 100284
2024-12-05 15:58:08;UPDATE `pe_factures` SET `date_envoi` = NULL WHERE `id` = 100284
2024-12-05 15:58:08;UPDATE `pe_factures` SET `montant_ht` = 4759.34 WHERE `id` = 100284
2024-12-05 15:58:08;UPDATE `pe_factures` SET `montant_interbev` = 6.904 ,`total_ttc` = 269.04  WHERE `id` = 100284
2024-12-05 15:58:21;UPDATE `pe_factures` SET `montant_interbev` = 6.9  WHERE `id` = 100284
2024-12-05 15:59:31;UPDATE `pe_facture_lignes` SET `pa_ht` = 0  WHERE `id` = 101497
2024-12-05 15:59:52;UPDATE `pe_facture_lignes` SET `pa_ht` = 0  WHERE `id` = 101497
2024-12-05 15:59:52;UPDATE `pe_tiers` SET `tva` = 1 WHERE `id` = 411
2024-12-05 15:59:53;UPDATE `pe_facture_lignes` SET `montant_interbev` = 1.42  WHERE `id` = 101500
2024-12-05 15:59:54;UPDATE `pe_facture_lignes` SET `montant_interbev` = 1.11  WHERE `id` = 101499
2024-12-05 15:59:55;UPDATE `pe_facture_lignes` SET `montant_interbev` = 0.86  WHERE `id` = 101498
2024-12-05 15:59:55;UPDATE `pe_facture_lignes` SET `montant_interbev` = 3.51  WHERE `id` = 101497
2024-12-05 15:59:55;UPDATE `pe_factures` SET `montant_interbev` = 6.9  WHERE `id` = 100284
2024-12-05 15:59:55;UPDATE `pe_factures` SET `montant_interbev` = 6.9 ,`total_ttc` = 5028.38  WHERE `id` = 100284
2024-12-05 15:59:56;UPDATE `pe_factures` SET `montant_ht` = 4759.34 WHERE `id` = 100284
2024-12-05 15:59:56;UPDATE `pe_factures` SET `montant_interbev` = 6.904 ,`total_ttc` = 5028.38  WHERE `id` = 100284
2024-12-05 15:59:56;UPDATE `pe_factures` SET `date_envoi` = NULL WHERE `id` = 100284
2024-12-05 15:59:56;UPDATE `pe_factures` SET `montant_ht` = 4759.34 WHERE `id` = 100284
2024-12-05 15:59:56;UPDATE `pe_factures` SET `montant_interbev` = 6.904 ,`total_ttc` = 5028.38  WHERE `id` = 100284
2024-12-05 15:59:59;UPDATE `pe_factures` SET `montant_interbev` = 6.9  WHERE `id` = 100284
2024-12-05 16:00:07;UPDATE `pe_bl` SET `supprime` = 1 WHERE `id` IN (1,3,4,9,10,40,42,51,53,65,72,80,81,84,85,86,88,93,96,108,111,112,139,140,147,150,160,168,173,174,176,182,191,195,196,199,202,203,211,236,237,247,248,251,252,274,275,276,282,284,285,287,298,301,307,308,310,311,336,343,366,367,379,380,401,402,403,404,407,409,411,502,510,512,521,527,534,568,569,641,691,692,715,716,717,718,719,720,721,722,730,731,797,856,957,1038,1040,1041,1062,1087,1101,1110,1125,1142,1143,1144,1243,1343,1378,1514,1533,1565,1571,1642,1676,1771,1814,1832,1860,1881,1929,1943,1992,2004,2039,2040,2041,2042,2106,2132,2133,2145,2146,2184,2195,2197,2201,2205,2210,2216,2223,2230,2238,2275,2290,2304,2318,2354,2508,2529,2584,2585,2588,2646,2681,2687,2692,2694,2706,2713,2714,2911,3003,3007,3042,3062,3080,3081,3098,3155,3204,3215,3267,3271,3273,3360,3449,3464,3479,3526,3615,3635,3643,3653,3688,3706,3707,3711,3794,3804,3888,3965,3982,3983,4112,4209,4223,4232,4233,4307,4308,4336,4439,4463,4472,4473,4474,4514,4526,4530,4531,4557,4568,4679,4703,4711,4713,4720,4737,4816,4976,5054,5083,5095,5124,5150,5253,5295,5334,5376,5411,5413,5415,5423,5481,5486,5492,5554,5631,5632,5669,5689,5714,5812,5874,5914,5941,5948,6004,6068,6118,6121,6160,6163,6260,6322,6379,6464,6506,6570,6608,6712,6780,6799,6800,6926,7004,7256,7369,7575,7610,7641,7713,7747,7749,7849,7856,8026,8028,8035,8041,8043,8046,8061,8092,8181,8254,8257,8259,8337,8339,8340,8341,8342,8343,8344,8345,8346,8347,8348,8349,8350,8351,8352,8353,8355,8356,8359,8360,8361,8362,8363,8364,8365,8370,8371,8375,8377,8380,8387,8388,8389,8390,8391,8392,8393,8394,8396,8395)
