2024-12-13 06:59:05;UPDATE `pe_langues` SET `actif` = 1 WHERE `iso` = "FR"
2024-12-13 06:59:05;UPDATE `pe_consommables` SET `id_precedent` = 0, `date_upd` = null WHERE `date_upd` < CURDATE()
2024-12-13 07:05:51;UPDATE `pe_langues` SET `actif` = 1 WHERE `iso` = "FR"
2024-12-13 07:05:51;UPDATE `pe_consommables` SET `id_precedent` = 0, `date_upd` = null WHERE `date_upd` < CURDATE()
2024-12-13 08:46:07;UPDATE `pe_bl` SET `supprime` = 1 WHERE `id` IN (1,3,4,9,10,40,42,51,53,65,72,80,81,84,85,86,88,93,96,108,111,112,139,140,147,150,160,168,173,174,176,182,191,195,196,199,202,203,211,236,237,247,248,251,252,274,275,276,282,284,285,287,298,301,307,308,310,311,336,343,366,367,379,380,401,402,403,404,407,409,411,502,510,512,521,527,534,568,569,641,691,692,715,716,717,718,719,720,721,722,730,731,797,856,957,1038,1040,1041,1062,1087,1101,1110,1125,1142,1143,1144,1243,1343,1378,1514,1533,1565,1571,1642,1676,1771,1814,1832,1860,1881,1929,1943,1992,2004,2039,2040,2041,2042,2106,2132,2133,2145,2146,2184,2195,2197,2201,2205,2210,2216,2223,2230,2238,2275,2290,2304,2318,2354,2508,2529,2584,2585,2588,2646,2681,2687,2692,2694,2706,2713,2714,2911,3003,3007,3042,3062,3080,3081,3098,3155,3204,3215,3267,3271,3273,3360,3449,3464,3479,3526,3615,3635,3643,3653,3688,3706,3707,3711,3794,3804,3888,3965,3982,3983,4112,4209,4223,4232,4233,4307,4308,4336,4439,4463,4472,4473,4474,4514,4526,4530,4531,4557,4568,4679,4703,4711,4713,4720,4737,4816,4976,5054,5083,5095,5124,5150,5253,5295,5334,5376,5411,5413,5415,5423,5481,5486,5492,5554,5631,5632,5669,5689,5714,5812,5874,5914,5941,5948,6004,6068,6118,6121,6160,6163,6260,6322,6379,6464,6506,6570,6608,6712,6780,6799,6800,6926,7004,7256,7369,7575,7610,7641,7713,7747,7749,7849,7856,8026,8028,8035,8041,8043,8046,8061,8092,8181,8254,8257,8259,8337,8339,8340,8341,8342,8343,8344,8345,8346,8347,8348,8349,8350,8351,8352,8353,8355,8356,8359,8360,8361,8362,8363,8364,8365,8370,8371,8375,8377,8380,8387,8388,8389,8390,8391,8392,8393,8394,8396,8397,8400,8401,8402,8404,8405,8407,8408,8409,8412,8413,8414,8416,8417,8418,8419,8420,8425,8428,8432,8395)
2024-12-13 08:48:35;UPDATE `pe_bl_lignes` SET `supprime` = 1 WHERE `supprime` = 0  AND `id_bl` IN (SELECT `id` FROM `pe_bl` WHERE `supprime` = 1)
2024-12-13 08:48:43;UPDATE `pe_bl_lignes` SET `supprime` = 1 WHERE `supprime` = 0  AND `id_bl` IN (SELECT `id` FROM `pe_bl` WHERE `supprime` = 1)
2024-12-13 08:48:51;UPDATE `pe_bl_lignes` SET `supprime` = 1 WHERE `supprime` = 0  AND `id_bl` IN (SELECT `id` FROM `pe_bl` WHERE `supprime` = 1)
2024-12-13 08:49:34;UPDATE `pe_bl_lignes` SET `supprime` = 1 WHERE `supprime` = 0  AND `id_bl` IN (SELECT `id` FROM `pe_bl` WHERE `supprime` = 1)
2024-12-13 08:49:47;UPDATE `pe_bl_lignes` SET `supprime` = 1 WHERE `supprime` = 0  AND `id_bl` IN (SELECT `id` FROM `pe_bl` WHERE `supprime` = 1)
2024-12-13 08:50:00;UPDATE `pe_bl_lignes` SET `supprime` = 1 WHERE `supprime` = 0  AND `id_bl` IN (SELECT `id` FROM `pe_bl` WHERE `supprime` = 1)
2024-12-13 08:51:08;INSERT INTO `pe_negoce_produits` (`poids`,`quantite`,`supprime`,`date_add`,`id_lot_negoce`,`id_pdt`,`nb_cartons`,`traite`,`user_add`,`num_lot`,`dlc`) VALUES (50 ,10 ,0 ,"2024-12-13 08:51:08" ,82 ,445 ,5 ,0 ,1 ,13122024 ,"2024-12-13" )
2024-12-13 08:52:00;UPDATE `pe_bl` SET `supprime` = 1 WHERE `id` IN (1,3,4,9,10,40,42,51,53,65,72,80,81,84,85,86,88,93,96,108,111,112,139,140,147,150,160,168,173,174,176,182,191,195,196,199,202,203,211,236,237,247,248,251,252,274,275,276,282,284,285,287,298,301,307,308,310,311,336,343,366,367,379,380,401,402,403,404,407,409,411,502,510,512,521,527,534,568,569,641,691,692,715,716,717,718,719,720,721,722,730,731,797,856,957,1038,1040,1041,1062,1087,1101,1110,1125,1142,1143,1144,1243,1343,1378,1514,1533,1565,1571,1642,1676,1771,1814,1832,1860,1881,1929,1943,1992,2004,2039,2040,2041,2042,2106,2132,2133,2145,2146,2184,2195,2197,2201,2205,2210,2216,2223,2230,2238,2275,2290,2304,2318,2354,2508,2529,2584,2585,2588,2646,2681,2687,2692,2694,2706,2713,2714,2911,3003,3007,3042,3062,3080,3081,3098,3155,3204,3215,3267,3271,3273,3360,3449,3464,3479,3526,3615,3635,3643,3653,3688,3706,3707,3711,3794,3804,3888,3965,3982,3983,4112,4209,4223,4232,4233,4307,4308,4336,4439,4463,4472,4473,4474,4514,4526,4530,4531,4557,4568,4679,4703,4711,4713,4720,4737,4816,4976,5054,5083,5095,5124,5150,5253,5295,5334,5376,5411,5413,5415,5423,5481,5486,5492,5554,5631,5632,5669,5689,5714,5812,5874,5914,5941,5948,6004,6068,6118,6121,6160,6163,6260,6322,6379,6464,6506,6570,6608,6712,6780,6799,6800,6926,7004,7256,7369,7575,7610,7641,7713,7747,7749,7849,7856,8026,8028,8035,8041,8043,8046,8061,8092,8181,8254,8257,8259,8337,8339,8340,8341,8342,8343,8344,8345,8346,8347,8348,8349,8350,8351,8352,8353,8355,8356,8359,8360,8361,8362,8363,8364,8365,8370,8371,8375,8377,8380,8387,8388,8389,8390,8391,8392,8393,8394,8396,8397,8400,8401,8402,8404,8405,8407,8408,8409,8412,8413,8414,8416,8417,8418,8419,8420,8425,8428,8432,8395)
2024-12-13 08:56:46;UPDATE `pe_bl` SET `supprime` = 1 WHERE `id` IN (1,3,4,9,10,40,42,51,53,65,72,80,81,84,85,86,88,93,96,108,111,112,139,140,147,150,160,168,173,174,176,182,191,195,196,199,202,203,211,236,237,247,248,251,252,274,275,276,282,284,285,287,298,301,307,308,310,311,336,343,366,367,379,380,401,402,403,404,407,409,411,502,510,512,521,527,534,568,569,641,691,692,715,716,717,718,719,720,721,722,730,731,797,856,957,1038,1040,1041,1062,1087,1101,1110,1125,1142,1143,1144,1243,1343,1378,1514,1533,1565,1571,1642,1676,1771,1814,1832,1860,1881,1929,1943,1992,2004,2039,2040,2041,2042,2106,2132,2133,2145,2146,2184,2195,2197,2201,2205,2210,2216,2223,2230,2238,2275,2290,2304,2318,2354,2508,2529,2584,2585,2588,2646,2681,2687,2692,2694,2706,2713,2714,2911,3003,3007,3042,3062,3080,3081,3098,3155,3204,3215,3267,3271,3273,3360,3449,3464,3479,3526,3615,3635,3643,3653,3688,3706,3707,3711,3794,3804,3888,3965,3982,3983,4112,4209,4223,4232,4233,4307,4308,4336,4439,4463,4472,4473,4474,4514,4526,4530,4531,4557,4568,4679,4703,4711,4713,4720,4737,4816,4976,5054,5083,5095,5124,5150,5253,5295,5334,5376,5411,5413,5415,5423,5481,5486,5492,5554,5631,5632,5669,5689,5714,5812,5874,5914,5941,5948,6004,6068,6118,6121,6160,6163,6260,6322,6379,6464,6506,6570,6608,6712,6780,6799,6800,6926,7004,7256,7369,7575,7610,7641,7713,7747,7749,7849,7856,8026,8028,8035,8041,8043,8046,8061,8092,8181,8254,8257,8259,8337,8339,8340,8341,8342,8343,8344,8345,8346,8347,8348,8349,8350,8351,8352,8353,8355,8356,8359,8360,8361,8362,8363,8364,8365,8370,8371,8375,8377,8380,8387,8388,8389,8390,8391,8392,8393,8394,8396,8397,8400,8401,8402,8404,8405,8407,8408,8409,8412,8413,8414,8416,8417,8418,8419,8420,8425,8428,8432,8395)
2024-12-13 09:06:54;INSERT INTO `pe_negoce_produits` (`poids`,`quantite`,`supprime`,`date_add`,`id_lot_negoce`,`id_pdt`,`nb_cartons`,`traite`,`user_add`,`num_lot`,`dlc`) VALUES (10 ,10 ,0 ,"2024-12-13 09:06:54" ,82 ,445 ,5 ,0 ,1 ,20241213 ,"2024-12-14" )
2024-12-13 09:09:18;UPDATE `pe_bl` SET `supprime` = 1 WHERE `id` IN (1,3,4,9,10,40,42,51,53,65,72,80,81,84,85,86,88,93,96,108,111,112,139,140,147,150,160,168,173,174,176,182,191,195,196,199,202,203,211,236,237,247,248,251,252,274,275,276,282,284,285,287,298,301,307,308,310,311,336,343,366,367,379,380,401,402,403,404,407,409,411,502,510,512,521,527,534,568,569,641,691,692,715,716,717,718,719,720,721,722,730,731,797,856,957,1038,1040,1041,1062,1087,1101,1110,1125,1142,1143,1144,1243,1343,1378,1514,1533,1565,1571,1642,1676,1771,1814,1832,1860,1881,1929,1943,1992,2004,2039,2040,2041,2042,2106,2132,2133,2145,2146,2184,2195,2197,2201,2205,2210,2216,2223,2230,2238,2275,2290,2304,2318,2354,2508,2529,2584,2585,2588,2646,2681,2687,2692,2694,2706,2713,2714,2911,3003,3007,3042,3062,3080,3081,3098,3155,3204,3215,3267,3271,3273,3360,3449,3464,3479,3526,3615,3635,3643,3653,3688,3706,3707,3711,3794,3804,3888,3965,3982,3983,4112,4209,4223,4232,4233,4307,4308,4336,4439,4463,4472,4473,4474,4514,4526,4530,4531,4557,4568,4679,4703,4711,4713,4720,4737,4816,4976,5054,5083,5095,5124,5150,5253,5295,5334,5376,5411,5413,5415,5423,5481,5486,5492,5554,5631,5632,5669,5689,5714,5812,5874,5914,5941,5948,6004,6068,6118,6121,6160,6163,6260,6322,6379,6464,6506,6570,6608,6712,6780,6799,6800,6926,7004,7256,7369,7575,7610,7641,7713,7747,7749,7849,7856,8026,8028,8035,8041,8043,8046,8061,8092,8181,8254,8257,8259,8337,8339,8340,8341,8342,8343,8344,8345,8346,8347,8348,8349,8350,8351,8352,8353,8355,8356,8359,8360,8361,8362,8363,8364,8365,8370,8371,8375,8377,8380,8387,8388,8389,8390,8391,8392,8393,8394,8396,8397,8400,8401,8402,8404,8405,8407,8408,8409,8412,8413,8414,8416,8417,8418,8419,8420,8425,8428,8432,8395)
2024-12-13 09:09:23;INSERT INTO `pe_bl` (`num_bl`,`supprime`,`statut`,`date`) VALUES ("BL2412033" ,0 ,1 ,"2024-12-13" )
2024-12-13 09:09:32;UPDATE `pe_bl_lignes` SET `supprime` = 1 WHERE `supprime` = 0  AND `id_bl` IN (SELECT `id` FROM `pe_bl` WHERE `supprime` = 1)
2024-12-13 09:10:02;UPDATE `pe_bl` SET `id_tiers_facturation` = 37  WHERE id = 8433
2024-12-13 09:10:33;INSERT INTO `pe_bl_lignes` (`id_produit`,`id_palette`,`numlot`,`id_lot`,`poids`,`nb_colis`,`id_compo`,`num_palette`,`id_bl`,`id_produit_bl`,`id_pdt_negoce`,`pu_ht`,`tva`,`qte`,`supprime`,`date_add`) VALUES (445 ,0 ,13122024 ,0 ,50 ,5 ,0 ,0 ,8433 ,0 ,119 ,0 ,5.5 ,1 ,0 ,"2024-12-13 09:10:33" )
2024-12-13 09:10:42;UPDATE `pe_bl_lignes` SET `pu_ht` = 150  WHERE `id` = 76068
2024-12-13 09:10:59;UPDATE `pe_bl` SET `supprime` = 0 ,`num_cmd` = "" ,`date` = "2024-12-13" ,`id_tiers_facturation` = 37 ,`id_tiers_livraison` = 37 ,`id_adresse_livraison` = 35 ,`id_tiers_transporteur` = 231 ,`regroupement` = 0 ,`date_livraison` = "2024-12-13" ,`chiffrage` = 1 ,`statut` = 1  WHERE id = 8433
2024-12-13 09:11:03;UPDATE `pe_bl` SET `supprime` = 1 WHERE `id` IN (1,3,4,9,10,40,42,51,53,65,72,80,81,84,85,86,88,93,96,108,111,112,139,140,147,150,160,168,173,174,176,182,191,195,196,199,202,203,211,236,237,247,248,251,252,274,275,276,282,284,285,287,298,301,307,308,310,311,336,343,366,367,379,380,401,402,403,404,407,409,411,502,510,512,521,527,534,568,569,641,691,692,715,716,717,718,719,720,721,722,730,731,797,856,957,1038,1040,1041,1062,1087,1101,1110,1125,1142,1143,1144,1243,1343,1378,1514,1533,1565,1571,1642,1676,1771,1814,1832,1860,1881,1929,1943,1992,2004,2039,2040,2041,2042,2106,2132,2133,2145,2146,2184,2195,2197,2201,2205,2210,2216,2223,2230,2238,2275,2290,2304,2318,2354,2508,2529,2584,2585,2588,2646,2681,2687,2692,2694,2706,2713,2714,2911,3003,3007,3042,3062,3080,3081,3098,3155,3204,3215,3267,3271,3273,3360,3449,3464,3479,3526,3615,3635,3643,3653,3688,3706,3707,3711,3794,3804,3888,3965,3982,3983,4112,4209,4223,4232,4233,4307,4308,4336,4439,4463,4472,4473,4474,4514,4526,4530,4531,4557,4568,4679,4703,4711,4713,4720,4737,4816,4976,5054,5083,5095,5124,5150,5253,5295,5334,5376,5411,5413,5415,5423,5481,5486,5492,5554,5631,5632,5669,5689,5714,5812,5874,5914,5941,5948,6004,6068,6118,6121,6160,6163,6260,6322,6379,6464,6506,6570,6608,6712,6780,6799,6800,6926,7004,7256,7369,7575,7610,7641,7713,7747,7749,7849,7856,8026,8028,8035,8041,8043,8046,8061,8092,8181,8254,8257,8259,8337,8339,8340,8341,8342,8343,8344,8345,8346,8347,8348,8349,8350,8351,8352,8353,8355,8356,8359,8360,8361,8362,8363,8364,8365,8370,8371,8375,8377,8380,8387,8388,8389,8390,8391,8392,8393,8394,8396,8397,8400,8401,8402,8404,8405,8407,8408,8409,8412,8413,8414,8416,8417,8418,8419,8420,8425,8428,8432,8395)
2024-12-13 09:50:23;UPDATE `pe_bl_lignes` SET `supprime` = 1 WHERE `supprime` = 0  AND `id_bl` IN (SELECT `id` FROM `pe_bl` WHERE `supprime` = 1)
2024-12-13 10:19:02;UPDATE `pe_bl_lignes` SET `supprime` = 1 WHERE `supprime` = 0  AND `id_bl` IN (SELECT `id` FROM `pe_bl` WHERE `supprime` = 1)
2024-12-13 10:51:22;UPDATE `pe_bl_lignes` SET `supprime` = 1 WHERE `supprime` = 0  AND `id_bl` IN (SELECT `id` FROM `pe_bl` WHERE `supprime` = 1)
2024-12-13 10:51:51;UPDATE `pe_bl_lignes` SET `supprime` = 1 WHERE `supprime` = 0  AND `id_bl` IN (SELECT `id` FROM `pe_bl` WHERE `supprime` = 1)
2024-12-13 10:51:58;UPDATE `pe_bl` SET `supprime` = 1 WHERE `id` IN (1,3,4,9,10,40,42,51,53,65,72,80,81,84,85,86,88,93,96,108,111,112,139,140,147,150,160,168,173,174,176,182,191,195,196,199,202,203,211,236,237,247,248,251,252,274,275,276,282,284,285,287,298,301,307,308,310,311,336,343,366,367,379,380,401,402,403,404,407,409,411,502,510,512,521,527,534,568,569,641,691,692,715,716,717,718,719,720,721,722,730,731,797,856,957,1038,1040,1041,1062,1087,1101,1110,1125,1142,1143,1144,1243,1343,1378,1514,1533,1565,1571,1642,1676,1771,1814,1832,1860,1881,1929,1943,1992,2004,2039,2040,2041,2042,2106,2132,2133,2145,2146,2184,2195,2197,2201,2205,2210,2216,2223,2230,2238,2275,2290,2304,2318,2354,2508,2529,2584,2585,2588,2646,2681,2687,2692,2694,2706,2713,2714,2911,3003,3007,3042,3062,3080,3081,3098,3155,3204,3215,3267,3271,3273,3360,3449,3464,3479,3526,3615,3635,3643,3653,3688,3706,3707,3711,3794,3804,3888,3965,3982,3983,4112,4209,4223,4232,4233,4307,4308,4336,4439,4463,4472,4473,4474,4514,4526,4530,4531,4557,4568,4679,4703,4711,4713,4720,4737,4816,4976,5054,5083,5095,5124,5150,5253,5295,5334,5376,5411,5413,5415,5423,5481,5486,5492,5554,5631,5632,5669,5689,5714,5812,5874,5914,5941,5948,6004,6068,6118,6121,6160,6163,6260,6322,6379,6464,6506,6570,6608,6712,6780,6799,6800,6926,7004,7256,7369,7575,7610,7641,7713,7747,7749,7849,7856,8026,8028,8035,8041,8043,8046,8061,8092,8181,8254,8257,8259,8337,8339,8340,8341,8342,8343,8344,8345,8346,8347,8348,8349,8350,8351,8352,8353,8355,8356,8359,8360,8361,8362,8363,8364,8365,8370,8371,8375,8377,8380,8387,8388,8389,8390,8391,8392,8393,8394,8396,8397,8400,8401,8402,8404,8405,8407,8408,8409,8412,8413,8414,8416,8417,8418,8419,8420,8425,8428,8432,8395)
2024-12-13 10:52:27;UPDATE `pe_bl` SET `num_cmd` = "" ,`id_tiers_facturation` = 37 ,`id_tiers_livraison` = 37 ,`id_tiers_transporteur` = 231 ,`id_adresse_livraison` = 35 ,`nom_client` = "" ,`statut` = 1 ,`supprime` = 0 ,`date_livraison` = "2024-12-13"  WHERE id = 8433
2024-12-13 10:52:31;UPDATE `pe_bl_lignes` SET `id_pays` = 5  WHERE `id` = 76068
2024-12-13 10:52:33;UPDATE `pe_bl` SET `num_cmd` = "" ,`date` = "2024-12-13" ,`id_tiers_facturation` = 37 ,`id_tiers_livraison` = 37 ,`id_adresse_livraison` = 35 ,`id_tiers_transporteur` = 231 ,`date_livraison` = "2024-12-13"  WHERE id = 8433
2024-12-13 10:52:33;UPDATE `pe_tiers` SET `id_langue` = 1  WHERE `id` = 37
2024-12-13 10:52:33;UPDATE `pe_tiers_types` SET `id_famille` = 0 WHERE `id_tiers` = 37
2024-12-13 10:52:33;UPDATE `pe_bl` SET `num_cmd` = "" ,`date` = "2024-12-13" ,`id_tiers_facturation` = 37 ,`id_tiers_livraison` = 37 ,`id_adresse_livraison` = 35 ,`id_tiers_transporteur` = 231 ,`date_livraison` = "2024-12-13" ,`chiffrage` = 1  WHERE id = 8433
2024-12-13 10:52:33;UPDATE `pe_bl` SET `num_cmd` = "" ,`date` = "2024-12-13" ,`id_tiers_facturation` = 37 ,`id_tiers_livraison` = 37 ,`id_adresse_livraison` = 35 ,`id_tiers_transporteur` = 231 ,`date_livraison` = "2024-12-13" ,`chiffrage` = 1 ,`statut` = 2 ,`supprime` = 0  WHERE id = 8433
2024-12-13 10:52:33;UPDATE `pe_palette_composition` SET `supprime` = 1, `archive` = 1 WHERE `id` IN (0)
2024-12-13 10:52:33;UPDATE `pe_bl` SET `date_envoi` = NULL WHERE `id` = 8433
2024-12-13 10:53:45;UPDATE `pe_bl_lignes` SET `supprime` = 1 WHERE `supprime` = 0  AND `id_bl` IN (SELECT `id` FROM `pe_bl` WHERE `supprime` = 1)
2024-12-13 10:54:38;INSERT INTO `pe_negoce_produits` (`poids`,`quantite`,`supprime`,`date_add`,`id_lot_negoce`,`id_pdt`,`nb_cartons`,`traite`,`user_add`,`num_lot`,`dlc`) VALUES (100 ,5 ,0 ,"2024-12-13 10:54:38" ,81 ,157 ,52 ,0 ,1 ,2000 ,"2024-12-13" )
2024-12-13 10:55:30;INSERT INTO `pe_lots_negoce` (`date_add`,`visible`,`id_fournisseur`,`num_bl`,`date_reception`,`date_entree`) VALUES ("2024-12-13 10:55:30" ,1 ,50 ,202415362 ,"2024-12-13" ,"2024-12-13" )
2024-12-13 11:00:33;UPDATE `pe_bl_lignes` SET `supprime` = 1 WHERE `supprime` = 0  AND `id_bl` IN (SELECT `id` FROM `pe_bl` WHERE `supprime` = 1)
2024-12-13 11:01:08;UPDATE `pe_bl_lignes` SET `supprime` = 1 WHERE `supprime` = 0  AND `id_bl` IN (SELECT `id` FROM `pe_bl` WHERE `supprime` = 1)
2024-12-13 11:01:30;UPDATE `pe_bl_lignes` SET `supprime` = 1 WHERE `supprime` = 0  AND `id_bl` IN (SELECT `id` FROM `pe_bl` WHERE `supprime` = 1)
2024-12-13 11:03:24;UPDATE `pe_bl_lignes` SET `supprime` = 1 WHERE `supprime` = 0  AND `id_bl` IN (SELECT `id` FROM `pe_bl` WHERE `supprime` = 1)
2024-12-13 12:12:39;UPDATE `pe_bl_lignes` SET `supprime` = 1 WHERE `supprime` = 0  AND `id_bl` IN (SELECT `id` FROM `pe_bl` WHERE `supprime` = 1)
2024-12-13 12:14:26;UPDATE `pe_bl_lignes` SET `supprime` = 1 WHERE `supprime` = 0  AND `id_bl` IN (SELECT `id` FROM `pe_bl` WHERE `supprime` = 1)
2024-12-13 12:16:16;UPDATE `pe_bl_lignes` SET `supprime` = 1 WHERE `supprime` = 0  AND `id_bl` IN (SELECT `id` FROM `pe_bl` WHERE `supprime` = 1)
2024-12-13 12:22:14;UPDATE `pe_bl_lignes` SET `supprime` = 1 WHERE `supprime` = 0  AND `id_bl` IN (SELECT `id` FROM `pe_bl` WHERE `supprime` = 1)
2024-12-13 12:31:24;UPDATE `pe_bl_lignes` SET `supprime` = 1 WHERE `supprime` = 0  AND `id_bl` IN (SELECT `id` FROM `pe_bl` WHERE `supprime` = 1)
2024-12-13 12:32:03;UPDATE `pe_bl_lignes` SET `supprime` = 1 WHERE `supprime` = 0  AND `id_bl` IN (SELECT `id` FROM `pe_bl` WHERE `supprime` = 1)
2024-12-13 12:32:26;UPDATE `pe_bl_lignes` SET `supprime` = 1 WHERE `supprime` = 0  AND `id_bl` IN (SELECT `id` FROM `pe_bl` WHERE `supprime` = 1)
2024-12-13 12:33:36;UPDATE `pe_bl_lignes` SET `supprime` = 1 WHERE `supprime` = 0  AND `id_bl` IN (SELECT `id` FROM `pe_bl` WHERE `supprime` = 1)
2024-12-13 12:35:41;UPDATE `pe_bl_lignes` SET `supprime` = 1 WHERE `supprime` = 0  AND `id_bl` IN (SELECT `id` FROM `pe_bl` WHERE `supprime` = 1)
2024-12-13 12:36:42;UPDATE `pe_bl_lignes` SET `supprime` = 1 WHERE `supprime` = 0  AND `id_bl` IN (SELECT `id` FROM `pe_bl` WHERE `supprime` = 1)
2024-12-13 12:37:36;UPDATE `pe_bl_lignes` SET `supprime` = 1 WHERE `supprime` = 0  AND `id_bl` IN (SELECT `id` FROM `pe_bl` WHERE `supprime` = 1)
2024-12-13 12:40:11;UPDATE `pe_bl_lignes` SET `supprime` = 1 WHERE `supprime` = 0  AND `id_bl` IN (SELECT `id` FROM `pe_bl` WHERE `supprime` = 1)
2024-12-13 12:48:08;UPDATE `pe_bl_lignes` SET `supprime` = 1 WHERE `supprime` = 0  AND `id_bl` IN (SELECT `id` FROM `pe_bl` WHERE `supprime` = 1)
2024-12-13 12:48:54;UPDATE `pe_bl_lignes` SET `supprime` = 1 WHERE `supprime` = 0  AND `id_bl` IN (SELECT `id` FROM `pe_bl` WHERE `supprime` = 1)
2024-12-13 12:51:13;UPDATE `pe_bl_lignes` SET `supprime` = 1 WHERE `supprime` = 0  AND `id_bl` IN (SELECT `id` FROM `pe_bl` WHERE `supprime` = 1)
2024-12-13 13:07:41;UPDATE `pe_bl_lignes` SET `supprime` = 1 WHERE `supprime` = 0  AND `id_bl` IN (SELECT `id` FROM `pe_bl` WHERE `supprime` = 1)
2024-12-13 13:09:54;UPDATE `pe_bl_lignes` SET `supprime` = 1 WHERE `supprime` = 0  AND `id_bl` IN (SELECT `id` FROM `pe_bl` WHERE `supprime` = 1)
2024-12-13 13:10:17;UPDATE `pe_bl_lignes` SET `supprime` = 1 WHERE `supprime` = 0  AND `id_bl` IN (SELECT `id` FROM `pe_bl` WHERE `supprime` = 1)
2024-12-13 13:10:33;UPDATE `pe_bl_lignes` SET `supprime` = 1 WHERE `supprime` = 0  AND `id_bl` IN (SELECT `id` FROM `pe_bl` WHERE `supprime` = 1)
2024-12-13 13:10:49;UPDATE `pe_bl_lignes` SET `supprime` = 1 WHERE `supprime` = 0  AND `id_bl` IN (SELECT `id` FROM `pe_bl` WHERE `supprime` = 1)
2024-12-13 13:11:15;UPDATE `pe_bl_lignes` SET `supprime` = 1 WHERE `supprime` = 0  AND `id_bl` IN (SELECT `id` FROM `pe_bl` WHERE `supprime` = 1)
2024-12-13 13:12:57;UPDATE `pe_bl_lignes` SET `supprime` = 1 WHERE `supprime` = 0  AND `id_bl` IN (SELECT `id` FROM `pe_bl` WHERE `supprime` = 1)
2024-12-13 13:13:47;UPDATE `pe_bl_lignes` SET `supprime` = 1 WHERE `supprime` = 0  AND `id_bl` IN (SELECT `id` FROM `pe_bl` WHERE `supprime` = 1)
2024-12-13 13:13:59;UPDATE `pe_bl_lignes` SET `supprime` = 1 WHERE `supprime` = 0  AND `id_bl` IN (SELECT `id` FROM `pe_bl` WHERE `supprime` = 1)
2024-12-13 13:14:06;UPDATE `pe_bl_lignes` SET `supprime` = 1 WHERE `supprime` = 0  AND `id_bl` IN (SELECT `id` FROM `pe_bl` WHERE `supprime` = 1)
2024-12-13 13:16:28;UPDATE `pe_bl_lignes` SET `supprime` = 1 WHERE `supprime` = 0  AND `id_bl` IN (SELECT `id` FROM `pe_bl` WHERE `supprime` = 1)
2024-12-13 13:16:36;UPDATE `pe_bl_lignes` SET `supprime` = 1 WHERE `supprime` = 0  AND `id_bl` IN (SELECT `id` FROM `pe_bl` WHERE `supprime` = 1)
2024-12-13 13:18:06;UPDATE `pe_bl_lignes` SET `supprime` = 1 WHERE `supprime` = 0  AND `id_bl` IN (SELECT `id` FROM `pe_bl` WHERE `supprime` = 1)
2024-12-13 13:21:36;UPDATE `pe_bl_lignes` SET `supprime` = 1 WHERE `supprime` = 0  AND `id_bl` IN (SELECT `id` FROM `pe_bl` WHERE `supprime` = 1)
2024-12-13 13:22:15;UPDATE `pe_bl_lignes` SET `supprime` = 1 WHERE `supprime` = 0  AND `id_bl` IN (SELECT `id` FROM `pe_bl` WHERE `supprime` = 1)
2024-12-13 13:22:56;UPDATE `pe_bl_lignes` SET `supprime` = 1 WHERE `supprime` = 0  AND `id_bl` IN (SELECT `id` FROM `pe_bl` WHERE `supprime` = 1)
2024-12-13 13:25:26;UPDATE `pe_bl_lignes` SET `supprime` = 1 WHERE `supprime` = 0  AND `id_bl` IN (SELECT `id` FROM `pe_bl` WHERE `supprime` = 1)
2024-12-13 13:26:33;UPDATE `pe_bl_lignes` SET `supprime` = 1 WHERE `supprime` = 0  AND `id_bl` IN (SELECT `id` FROM `pe_bl` WHERE `supprime` = 1)
2024-12-13 13:26:41;UPDATE `pe_bl_lignes` SET `supprime` = 1 WHERE `supprime` = 0  AND `id_bl` IN (SELECT `id` FROM `pe_bl` WHERE `supprime` = 1)
2024-12-13 13:27:18;UPDATE `pe_bl_lignes` SET `supprime` = 1 WHERE `supprime` = 0  AND `id_bl` IN (SELECT `id` FROM `pe_bl` WHERE `supprime` = 1)
2024-12-13 13:29:48;UPDATE `pe_bl_lignes` SET `supprime` = 1 WHERE `supprime` = 0  AND `id_bl` IN (SELECT `id` FROM `pe_bl` WHERE `supprime` = 1)
2024-12-13 13:31:22;UPDATE `pe_bl_lignes` SET `supprime` = 1 WHERE `supprime` = 0  AND `id_bl` IN (SELECT `id` FROM `pe_bl` WHERE `supprime` = 1)
2024-12-13 13:31:28;UPDATE `pe_bl_lignes` SET `supprime` = 1 WHERE `supprime` = 0  AND `id_bl` IN (SELECT `id` FROM `pe_bl` WHERE `supprime` = 1)
2024-12-13 13:35:36;UPDATE `pe_bl_lignes` SET `supprime` = 1 WHERE `supprime` = 0  AND `id_bl` IN (SELECT `id` FROM `pe_bl` WHERE `supprime` = 1)
2024-12-13 13:45:59;UPDATE `pe_bl_lignes` SET `supprime` = 1 WHERE `supprime` = 0  AND `id_bl` IN (SELECT `id` FROM `pe_bl` WHERE `supprime` = 1)
2024-12-13 13:47:12;UPDATE `pe_bl_lignes` SET `supprime` = 1 WHERE `supprime` = 0  AND `id_bl` IN (SELECT `id` FROM `pe_bl` WHERE `supprime` = 1)
2024-12-13 13:47:51;UPDATE `pe_bl_lignes` SET `supprime` = 1 WHERE `supprime` = 0  AND `id_bl` IN (SELECT `id` FROM `pe_bl` WHERE `supprime` = 1)
2024-12-13 13:48:47;UPDATE `pe_bl_lignes` SET `supprime` = 1 WHERE `supprime` = 0  AND `id_bl` IN (SELECT `id` FROM `pe_bl` WHERE `supprime` = 1)
2024-12-13 13:48:52;UPDATE `pe_bl_lignes` SET `supprime` = 1 WHERE `supprime` = 0  AND `id_bl` IN (SELECT `id` FROM `pe_bl` WHERE `supprime` = 1)
2024-12-13 13:50:07;UPDATE `pe_bl_lignes` SET `supprime` = 1 WHERE `supprime` = 0  AND `id_bl` IN (SELECT `id` FROM `pe_bl` WHERE `supprime` = 1)
2024-12-13 13:51:17;UPDATE `pe_bl_lignes` SET `supprime` = 1 WHERE `supprime` = 0  AND `id_bl` IN (SELECT `id` FROM `pe_bl` WHERE `supprime` = 1)
2024-12-13 13:51:21;UPDATE `pe_bl_lignes` SET `supprime` = 1 WHERE `supprime` = 0  AND `id_bl` IN (SELECT `id` FROM `pe_bl` WHERE `supprime` = 1)
2024-12-13 13:51:56;UPDATE `pe_bl_lignes` SET `supprime` = 1 WHERE `supprime` = 0  AND `id_bl` IN (SELECT `id` FROM `pe_bl` WHERE `supprime` = 1)
2024-12-13 13:52:49;UPDATE `pe_bl_lignes` SET `supprime` = 1 WHERE `supprime` = 0  AND `id_bl` IN (SELECT `id` FROM `pe_bl` WHERE `supprime` = 1)
2024-12-13 13:55:28;UPDATE `pe_bl_lignes` SET `supprime` = 1 WHERE `supprime` = 0  AND `id_bl` IN (SELECT `id` FROM `pe_bl` WHERE `supprime` = 1)
2024-12-13 13:55:33;UPDATE `pe_bl_lignes` SET `supprime` = 1 WHERE `supprime` = 0  AND `id_bl` IN (SELECT `id` FROM `pe_bl` WHERE `supprime` = 1)
2024-12-13 13:58:30;UPDATE `pe_bl_lignes` SET `supprime` = 1 WHERE `supprime` = 0  AND `id_bl` IN (SELECT `id` FROM `pe_bl` WHERE `supprime` = 1)
2024-12-13 13:58:53;UPDATE `pe_bl_lignes` SET `supprime` = 1 WHERE `supprime` = 0  AND `id_bl` IN (SELECT `id` FROM `pe_bl` WHERE `supprime` = 1)
2024-12-13 14:00:23;UPDATE `pe_bl_lignes` SET `supprime` = 1 WHERE `supprime` = 0  AND `id_bl` IN (SELECT `id` FROM `pe_bl` WHERE `supprime` = 1)
2024-12-13 14:00:49;UPDATE `pe_bl_lignes` SET `supprime` = 1 WHERE `supprime` = 0  AND `id_bl` IN (SELECT `id` FROM `pe_bl` WHERE `supprime` = 1)
2024-12-13 14:03:58;UPDATE `pe_bl_lignes` SET `supprime` = 1 WHERE `supprime` = 0  AND `id_bl` IN (SELECT `id` FROM `pe_bl` WHERE `supprime` = 1)
2024-12-13 14:04:06;UPDATE `pe_bl_lignes` SET `supprime` = 1 WHERE `supprime` = 0  AND `id_bl` IN (SELECT `id` FROM `pe_bl` WHERE `supprime` = 1)
2024-12-13 14:04:38;UPDATE `pe_bl_lignes` SET `supprime` = 1 WHERE `supprime` = 0  AND `id_bl` IN (SELECT `id` FROM `pe_bl` WHERE `supprime` = 1)
2024-12-13 14:15:18;UPDATE `pe_bl_lignes` SET `supprime` = 1 WHERE `supprime` = 0  AND `id_bl` IN (SELECT `id` FROM `pe_bl` WHERE `supprime` = 1)
2024-12-13 14:19:21;UPDATE `pe_bl_lignes` SET `supprime` = 1 WHERE `supprime` = 0  AND `id_bl` IN (SELECT `id` FROM `pe_bl` WHERE `supprime` = 1)
2024-12-13 14:20:09;UPDATE `pe_bl_lignes` SET `supprime` = 1 WHERE `supprime` = 0  AND `id_bl` IN (SELECT `id` FROM `pe_bl` WHERE `supprime` = 1)
2024-12-13 14:20:32;UPDATE `pe_bl_lignes` SET `supprime` = 1 WHERE `supprime` = 0  AND `id_bl` IN (SELECT `id` FROM `pe_bl` WHERE `supprime` = 1)
2024-12-13 14:21:23;UPDATE `pe_bl_lignes` SET `supprime` = 1 WHERE `supprime` = 0  AND `id_bl` IN (SELECT `id` FROM `pe_bl` WHERE `supprime` = 1)
2024-12-13 14:22:24;UPDATE `pe_bl_lignes` SET `supprime` = 1 WHERE `supprime` = 0  AND `id_bl` IN (SELECT `id` FROM `pe_bl` WHERE `supprime` = 1)
2024-12-13 14:24:48;UPDATE `pe_bl_lignes` SET `supprime` = 1 WHERE `supprime` = 0  AND `id_bl` IN (SELECT `id` FROM `pe_bl` WHERE `supprime` = 1)
2024-12-13 14:26:10;UPDATE `pe_bl_lignes` SET `supprime` = 1 WHERE `supprime` = 0  AND `id_bl` IN (SELECT `id` FROM `pe_bl` WHERE `supprime` = 1)
2024-12-13 14:27:29;UPDATE `pe_bl_lignes` SET `supprime` = 1 WHERE `supprime` = 0  AND `id_bl` IN (SELECT `id` FROM `pe_bl` WHERE `supprime` = 1)
2024-12-13 14:28:00;UPDATE `pe_bl_lignes` SET `supprime` = 1 WHERE `supprime` = 0  AND `id_bl` IN (SELECT `id` FROM `pe_bl` WHERE `supprime` = 1)
2024-12-13 14:28:24;UPDATE `pe_bl_lignes` SET `supprime` = 1 WHERE `supprime` = 0  AND `id_bl` IN (SELECT `id` FROM `pe_bl` WHERE `supprime` = 1)
2024-12-13 14:29:14;UPDATE `pe_bl_lignes` SET `supprime` = 1 WHERE `supprime` = 0  AND `id_bl` IN (SELECT `id` FROM `pe_bl` WHERE `supprime` = 1)
2024-12-13 14:32:41;UPDATE `pe_bl_lignes` SET `supprime` = 1 WHERE `supprime` = 0  AND `id_bl` IN (SELECT `id` FROM `pe_bl` WHERE `supprime` = 1)
2024-12-13 14:34:52;UPDATE `pe_bl_lignes` SET `supprime` = 1 WHERE `supprime` = 0  AND `id_bl` IN (SELECT `id` FROM `pe_bl` WHERE `supprime` = 1)
2024-12-13 14:36:53;UPDATE `pe_bl_lignes` SET `supprime` = 1 WHERE `supprime` = 0  AND `id_bl` IN (SELECT `id` FROM `pe_bl` WHERE `supprime` = 1)
2024-12-13 14:37:47;UPDATE `pe_bl_lignes` SET `supprime` = 1 WHERE `supprime` = 0  AND `id_bl` IN (SELECT `id` FROM `pe_bl` WHERE `supprime` = 1)
2024-12-13 14:43:30;UPDATE `pe_bl_lignes` SET `supprime` = 1 WHERE `supprime` = 0  AND `id_bl` IN (SELECT `id` FROM `pe_bl` WHERE `supprime` = 1)
2024-12-13 14:44:06;UPDATE `pe_bl` SET `supprime` = 1 WHERE `id` IN (1,3,4,9,10,40,42,51,53,65,72,80,81,84,85,86,88,93,96,108,111,112,139,140,147,150,160,168,173,174,176,182,191,195,196,199,202,203,211,236,237,247,248,251,252,274,275,276,282,284,285,287,298,301,307,308,310,311,336,343,366,367,379,380,401,402,403,404,407,409,411,502,510,512,521,527,534,568,569,641,691,692,715,716,717,718,719,720,721,722,730,731,797,856,957,1038,1040,1041,1062,1087,1101,1110,1125,1142,1143,1144,1243,1343,1378,1514,1533,1565,1571,1642,1676,1771,1814,1832,1860,1881,1929,1943,1992,2004,2039,2040,2041,2042,2106,2132,2133,2145,2146,2184,2195,2197,2201,2205,2210,2216,2223,2230,2238,2275,2290,2304,2318,2354,2508,2529,2584,2585,2588,2646,2681,2687,2692,2694,2706,2713,2714,2911,3003,3007,3042,3062,3080,3081,3098,3155,3204,3215,3267,3271,3273,3360,3449,3464,3479,3526,3615,3635,3643,3653,3688,3706,3707,3711,3794,3804,3888,3965,3982,3983,4112,4209,4223,4232,4233,4307,4308,4336,4439,4463,4472,4473,4474,4514,4526,4530,4531,4557,4568,4679,4703,4711,4713,4720,4737,4816,4976,5054,5083,5095,5124,5150,5253,5295,5334,5376,5411,5413,5415,5423,5481,5486,5492,5554,5631,5632,5669,5689,5714,5812,5874,5914,5941,5948,6004,6068,6118,6121,6160,6163,6260,6322,6379,6464,6506,6570,6608,6712,6780,6799,6800,6926,7004,7256,7369,7575,7610,7641,7713,7747,7749,7849,7856,8026,8028,8035,8041,8043,8046,8061,8092,8181,8254,8257,8259,8337,8339,8340,8341,8342,8343,8344,8345,8346,8347,8348,8349,8350,8351,8352,8353,8355,8356,8359,8360,8361,8362,8363,8364,8365,8370,8371,8375,8377,8380,8387,8388,8389,8390,8391,8392,8393,8394,8396,8397,8400,8401,8402,8404,8405,8407,8408,8409,8412,8413,8414,8416,8417,8418,8419,8420,8425,8428,8432,8395)
2024-12-13 14:46:38;UPDATE `pe_bl_lignes` SET `supprime` = 1 WHERE `supprime` = 0  AND `id_bl` IN (SELECT `id` FROM `pe_bl` WHERE `supprime` = 1)
2024-12-13 14:47:04;UPDATE `pe_bl` SET `supprime` = 1 WHERE `id` IN (1,3,4,9,10,40,42,51,53,65,72,80,81,84,85,86,88,93,96,108,111,112,139,140,147,150,160,168,173,174,176,182,191,195,196,199,202,203,211,236,237,247,248,251,252,274,275,276,282,284,285,287,298,301,307,308,310,311,336,343,366,367,379,380,401,402,403,404,407,409,411,502,510,512,521,527,534,568,569,641,691,692,715,716,717,718,719,720,721,722,730,731,797,856,957,1038,1040,1041,1062,1087,1101,1110,1125,1142,1143,1144,1243,1343,1378,1514,1533,1565,1571,1642,1676,1771,1814,1832,1860,1881,1929,1943,1992,2004,2039,2040,2041,2042,2106,2132,2133,2145,2146,2184,2195,2197,2201,2205,2210,2216,2223,2230,2238,2275,2290,2304,2318,2354,2508,2529,2584,2585,2588,2646,2681,2687,2692,2694,2706,2713,2714,2911,3003,3007,3042,3062,3080,3081,3098,3155,3204,3215,3267,3271,3273,3360,3449,3464,3479,3526,3615,3635,3643,3653,3688,3706,3707,3711,3794,3804,3888,3965,3982,3983,4112,4209,4223,4232,4233,4307,4308,4336,4439,4463,4472,4473,4474,4514,4526,4530,4531,4557,4568,4679,4703,4711,4713,4720,4737,4816,4976,5054,5083,5095,5124,5150,5253,5295,5334,5376,5411,5413,5415,5423,5481,5486,5492,5554,5631,5632,5669,5689,5714,5812,5874,5914,5941,5948,6004,6068,6118,6121,6160,6163,6260,6322,6379,6464,6506,6570,6608,6712,6780,6799,6800,6926,7004,7256,7369,7575,7610,7641,7713,7747,7749,7849,7856,8026,8028,8035,8041,8043,8046,8061,8092,8181,8254,8257,8259,8337,8339,8340,8341,8342,8343,8344,8345,8346,8347,8348,8349,8350,8351,8352,8353,8355,8356,8359,8360,8361,8362,8363,8364,8365,8370,8371,8375,8377,8380,8387,8388,8389,8390,8391,8392,8393,8394,8396,8397,8400,8401,8402,8404,8405,8407,8408,8409,8412,8413,8414,8416,8417,8418,8419,8420,8425,8428,8432,8395)
2024-12-13 14:47:15;UPDATE `pe_bl` SET `supprime` = 1 WHERE `id` IN (1,3,4,9,10,40,42,51,53,65,72,80,81,84,85,86,88,93,96,108,111,112,139,140,147,150,160,168,173,174,176,182,191,195,196,199,202,203,211,236,237,247,248,251,252,274,275,276,282,284,285,287,298,301,307,308,310,311,336,343,366,367,379,380,401,402,403,404,407,409,411,502,510,512,521,527,534,568,569,641,691,692,715,716,717,718,719,720,721,722,730,731,797,856,957,1038,1040,1041,1062,1087,1101,1110,1125,1142,1143,1144,1243,1343,1378,1514,1533,1565,1571,1642,1676,1771,1814,1832,1860,1881,1929,1943,1992,2004,2039,2040,2041,2042,2106,2132,2133,2145,2146,2184,2195,2197,2201,2205,2210,2216,2223,2230,2238,2275,2290,2304,2318,2354,2508,2529,2584,2585,2588,2646,2681,2687,2692,2694,2706,2713,2714,2911,3003,3007,3042,3062,3080,3081,3098,3155,3204,3215,3267,3271,3273,3360,3449,3464,3479,3526,3615,3635,3643,3653,3688,3706,3707,3711,3794,3804,3888,3965,3982,3983,4112,4209,4223,4232,4233,4307,4308,4336,4439,4463,4472,4473,4474,4514,4526,4530,4531,4557,4568,4679,4703,4711,4713,4720,4737,4816,4976,5054,5083,5095,5124,5150,5253,5295,5334,5376,5411,5413,5415,5423,5481,5486,5492,5554,5631,5632,5669,5689,5714,5812,5874,5914,5941,5948,6004,6068,6118,6121,6160,6163,6260,6322,6379,6464,6506,6570,6608,6712,6780,6799,6800,6926,7004,7256,7369,7575,7610,7641,7713,7747,7749,7849,7856,8026,8028,8035,8041,8043,8046,8061,8092,8181,8254,8257,8259,8337,8339,8340,8341,8342,8343,8344,8345,8346,8347,8348,8349,8350,8351,8352,8353,8355,8356,8359,8360,8361,8362,8363,8364,8365,8370,8371,8375,8377,8380,8387,8388,8389,8390,8391,8392,8393,8394,8396,8397,8400,8401,8402,8404,8405,8407,8408,8409,8412,8413,8414,8416,8417,8418,8419,8420,8425,8428,8432,8395)
2024-12-13 14:50:07;UPDATE `pe_bl_lignes` SET `supprime` = 1 WHERE `supprime` = 0  AND `id_bl` IN (SELECT `id` FROM `pe_bl` WHERE `supprime` = 1)
2024-12-13 14:50:18;UPDATE `pe_bl` SET `supprime` = 1 WHERE `id` IN (1,3,4,9,10,40,42,51,53,65,72,80,81,84,85,86,88,93,96,108,111,112,139,140,147,150,160,168,173,174,176,182,191,195,196,199,202,203,211,236,237,247,248,251,252,274,275,276,282,284,285,287,298,301,307,308,310,311,336,343,366,367,379,380,401,402,403,404,407,409,411,502,510,512,521,527,534,568,569,641,691,692,715,716,717,718,719,720,721,722,730,731,797,856,957,1038,1040,1041,1062,1087,1101,1110,1125,1142,1143,1144,1243,1343,1378,1514,1533,1565,1571,1642,1676,1771,1814,1832,1860,1881,1929,1943,1992,2004,2039,2040,2041,2042,2106,2132,2133,2145,2146,2184,2195,2197,2201,2205,2210,2216,2223,2230,2238,2275,2290,2304,2318,2354,2508,2529,2584,2585,2588,2646,2681,2687,2692,2694,2706,2713,2714,2911,3003,3007,3042,3062,3080,3081,3098,3155,3204,3215,3267,3271,3273,3360,3449,3464,3479,3526,3615,3635,3643,3653,3688,3706,3707,3711,3794,3804,3888,3965,3982,3983,4112,4209,4223,4232,4233,4307,4308,4336,4439,4463,4472,4473,4474,4514,4526,4530,4531,4557,4568,4679,4703,4711,4713,4720,4737,4816,4976,5054,5083,5095,5124,5150,5253,5295,5334,5376,5411,5413,5415,5423,5481,5486,5492,5554,5631,5632,5669,5689,5714,5812,5874,5914,5941,5948,6004,6068,6118,6121,6160,6163,6260,6322,6379,6464,6506,6570,6608,6712,6780,6799,6800,6926,7004,7256,7369,7575,7610,7641,7713,7747,7749,7849,7856,8026,8028,8035,8041,8043,8046,8061,8092,8181,8254,8257,8259,8337,8339,8340,8341,8342,8343,8344,8345,8346,8347,8348,8349,8350,8351,8352,8353,8355,8356,8359,8360,8361,8362,8363,8364,8365,8370,8371,8375,8377,8380,8387,8388,8389,8390,8391,8392,8393,8394,8396,8397,8400,8401,8402,8404,8405,8407,8408,8409,8412,8413,8414,8416,8417,8418,8419,8420,8425,8428,8432,8395)
2024-12-13 15:02:04;UPDATE `pe_bl_lignes` SET `supprime` = 1 WHERE `supprime` = 0  AND `id_bl` IN (SELECT `id` FROM `pe_bl` WHERE `supprime` = 1)
2024-12-13 15:03:09;UPDATE `pe_bl_lignes` SET `supprime` = 1 WHERE `supprime` = 0  AND `id_bl` IN (SELECT `id` FROM `pe_bl` WHERE `supprime` = 1)
2024-12-13 15:03:47;INSERT INTO `pe_bl` (`num_bl`,`supprime`,`statut`,`date`) VALUES ("BL2412034" ,0 ,1 ,"2024-12-13" )
2024-12-13 15:04:39;UPDATE `pe_bl` SET `id_tiers_facturation` = 37  WHERE id = 8434
2024-12-13 15:12:10;INSERT INTO `pe_bl` (`num_bl`,`supprime`,`statut`,`date`) VALUES ("BL2412035" ,0 ,1 ,"2024-12-13" )
2024-12-13 15:12:58;UPDATE `pe_bl` SET `id_tiers_facturation` = 37  WHERE id = 8435
2024-12-13 15:14:51;INSERT INTO `pe_bl` (`num_bl`,`supprime`,`statut`,`date`) VALUES ("BL2412036" ,0 ,1 ,"2024-12-13" )
2024-12-13 15:15:34;UPDATE `pe_bl` SET `id_tiers_facturation` = 37  WHERE id = 8436
2024-12-13 15:23:01;INSERT INTO `pe_bl` (`num_bl`,`supprime`,`statut`,`date`) VALUES ("BL2412037" ,0 ,1 ,"2024-12-13" )
2024-12-13 15:23:39;INSERT INTO `pe_bl_lignes` (`id_produit`,`id_palette`,`numlot`,`id_lot`,`poids`,`nb_colis`,`id_compo`,`num_palette`,`id_bl`,`id_produit_bl`,`id_pdt_negoce`,`pu_ht`,`tva`,`qte`,`supprime`,`date_add`) VALUES (445 ,0 ,20241213 ,0 ,10 ,5 ,0 ,0 ,8437 ,0 ,120 ,0 ,5.5 ,1 ,0 ,"2024-12-13 15:23:39" )
2024-12-13 15:23:40;UPDATE `pe_bl` SET `id_tiers_facturation` = 329  WHERE id = 8437
2024-12-13 15:23:49;UPDATE `pe_bl_lignes` SET `pu_ht` = 13.25  WHERE `id` = 76069
2024-12-13 15:24:24;UPDATE `pe_bl` SET `supprime` = 0 ,`num_cmd` = "" ,`date` = "2024-12-13" ,`id_tiers_facturation` = 329 ,`id_tiers_livraison` = 329 ,`id_adresse_livraison` = 487 ,`id_tiers_transporteur` = 338 ,`regroupement` = 0 ,`date_livraison` = "2024-12-13" ,`chiffrage` = 0 ,`statut` = 1  WHERE id = 8437
2024-12-13 15:24:30;UPDATE `pe_bl` SET `supprime` = 1 WHERE `id` IN (1,3,4,9,10,40,42,51,53,65,72,80,81,84,85,86,88,93,96,108,111,112,139,140,147,150,160,168,173,174,176,182,191,195,196,199,202,203,211,236,237,247,248,251,252,274,275,276,282,284,285,287,298,301,307,308,310,311,336,343,366,367,379,380,401,402,403,404,407,409,411,502,510,512,521,527,534,568,569,641,691,692,715,716,717,718,719,720,721,722,730,731,797,856,957,1038,1040,1041,1062,1087,1101,1110,1125,1142,1143,1144,1243,1343,1378,1514,1533,1565,1571,1642,1676,1771,1814,1832,1860,1881,1929,1943,1992,2004,2039,2040,2041,2042,2106,2132,2133,2145,2146,2184,2195,2197,2201,2205,2210,2216,2223,2230,2238,2275,2290,2304,2318,2354,2508,2529,2584,2585,2588,2646,2681,2687,2692,2694,2706,2713,2714,2911,3003,3007,3042,3062,3080,3081,3098,3155,3204,3215,3267,3271,3273,3360,3449,3464,3479,3526,3615,3635,3643,3653,3688,3706,3707,3711,3794,3804,3888,3965,3982,3983,4112,4209,4223,4232,4233,4307,4308,4336,4439,4463,4472,4473,4474,4514,4526,4530,4531,4557,4568,4679,4703,4711,4713,4720,4737,4816,4976,5054,5083,5095,5124,5150,5253,5295,5334,5376,5411,5413,5415,5423,5481,5486,5492,5554,5631,5632,5669,5689,5714,5812,5874,5914,5941,5948,6004,6068,6118,6121,6160,6163,6260,6322,6379,6464,6506,6570,6608,6712,6780,6799,6800,6926,7004,7256,7369,7575,7610,7641,7713,7747,7749,7849,7856,8026,8028,8035,8041,8043,8046,8061,8092,8181,8254,8257,8259,8337,8339,8340,8341,8342,8343,8344,8345,8346,8347,8348,8349,8350,8351,8352,8353,8355,8356,8359,8360,8361,8362,8363,8364,8365,8370,8371,8375,8377,8380,8387,8388,8389,8390,8391,8392,8393,8394,8396,8397,8400,8401,8402,8404,8405,8407,8408,8409,8412,8413,8414,8416,8417,8418,8419,8420,8425,8428,8432,8434,8435,8436,8395)
2024-12-13 15:24:35;UPDATE `pe_palette_composition` SET `archive` = 0, `supprime` = 0 WHERE `id` IN (SELECT `id_compo` FROM `pe_bl_lignes` WHERE `id_bl` = 8437);DELETE FROM `pe_bl_lignes` WHERE `id_bl` = 8437;DELETE FROM `pe_bl` WHERE `id` = 8437;
2024-12-13 15:24:35;UPDATE `pe_bl` SET `supprime` = 1 WHERE `id` IN (1,3,4,9,10,40,42,51,53,65,72,80,81,84,85,86,88,93,96,108,111,112,139,140,147,150,160,168,173,174,176,182,191,195,196,199,202,203,211,236,237,247,248,251,252,274,275,276,282,284,285,287,298,301,307,308,310,311,336,343,366,367,379,380,401,402,403,404,407,409,411,502,510,512,521,527,534,568,569,641,691,692,715,716,717,718,719,720,721,722,730,731,797,856,957,1038,1040,1041,1062,1087,1101,1110,1125,1142,1143,1144,1243,1343,1378,1514,1533,1565,1571,1642,1676,1771,1814,1832,1860,1881,1929,1943,1992,2004,2039,2040,2041,2042,2106,2132,2133,2145,2146,2184,2195,2197,2201,2205,2210,2216,2223,2230,2238,2275,2290,2304,2318,2354,2508,2529,2584,2585,2588,2646,2681,2687,2692,2694,2706,2713,2714,2911,3003,3007,3042,3062,3080,3081,3098,3155,3204,3215,3267,3271,3273,3360,3449,3464,3479,3526,3615,3635,3643,3653,3688,3706,3707,3711,3794,3804,3888,3965,3982,3983,4112,4209,4223,4232,4233,4307,4308,4336,4439,4463,4472,4473,4474,4514,4526,4530,4531,4557,4568,4679,4703,4711,4713,4720,4737,4816,4976,5054,5083,5095,5124,5150,5253,5295,5334,5376,5411,5413,5415,5423,5481,5486,5492,5554,5631,5632,5669,5689,5714,5812,5874,5914,5941,5948,6004,6068,6118,6121,6160,6163,6260,6322,6379,6464,6506,6570,6608,6712,6780,6799,6800,6926,7004,7256,7369,7575,7610,7641,7713,7747,7749,7849,7856,8026,8028,8035,8041,8043,8046,8061,8092,8181,8254,8257,8259,8337,8339,8340,8341,8342,8343,8344,8345,8346,8347,8348,8349,8350,8351,8352,8353,8355,8356,8359,8360,8361,8362,8363,8364,8365,8370,8371,8375,8377,8380,8387,8388,8389,8390,8391,8392,8393,8394,8396,8397,8400,8401,8402,8404,8405,8407,8408,8409,8412,8413,8414,8416,8417,8418,8419,8420,8425,8428,8432,8434,8435,8436,8395)
2024-12-13 15:24:37;INSERT INTO `pe_bl` (`num_bl`,`supprime`,`statut`,`date`) VALUES ("BL2412037" ,0 ,1 ,"2024-12-13" )
2024-12-13 15:25:22;UPDATE `pe_bl` SET `id_tiers_facturation` = 37  WHERE id = 8438
2024-12-13 15:26:30;INSERT INTO `pe_bl_lignes` (`id_produit`,`id_palette`,`numlot`,`id_lot`,`poids`,`nb_colis`,`id_compo`,`num_palette`,`id_bl`,`id_produit_bl`,`id_pdt_negoce`,`pu_ht`,`tva`,`qte`,`supprime`,`date_add`) VALUES (445 ,0 ,20241213 ,0 ,10 ,5 ,0 ,0 ,8438 ,0 ,120 ,0 ,5.5 ,1 ,0 ,"2024-12-13 15:26:30" )
2024-12-13 15:26:40;UPDATE `pe_bl_lignes` SET `pu_ht` = 150  WHERE `id` = 76070
2024-12-13 15:43:07;INSERT INTO `pe_bl` (`num_bl`,`supprime`,`statut`,`date`) VALUES ("BL2412038" ,0 ,1 ,"2024-12-13" )
2024-12-13 15:43:45;UPDATE `pe_bl` SET `id_tiers_facturation` = 37  WHERE id = 8439
2024-12-13 15:47:23;INSERT INTO `pe_bl` (`num_bl`,`supprime`,`statut`,`date`) VALUES ("BL2412039" ,0 ,1 ,"2024-12-13" )
2024-12-13 15:51:18;INSERT INTO `pe_bl` (`num_bl`,`supprime`,`statut`,`date`) VALUES ("BL2412040" ,0 ,1 ,"2024-12-13" )
2024-12-13 15:51:57;INSERT INTO `pe_bl_lignes` (`id_produit`,`id_palette`,`numlot`,`id_lot`,`poids`,`nb_colis`,`id_compo`,`num_palette`,`id_bl`,`id_produit_bl`,`id_pdt_negoce`,`pu_ht`,`tva`,`qte`,`supprime`,`date_add`) VALUES (445 ,0 ,202425 ,0 ,100 ,50 ,0 ,0 ,8441 ,0 ,118 ,0 ,5.5 ,1 ,0 ,"2024-12-13 15:51:57" )
2024-12-13 15:51:58;UPDATE `pe_bl` SET `id_tiers_facturation` = 37  WHERE id = 8441
2024-12-13 15:52:07;UPDATE `pe_bl_lignes` SET `pu_ht` = 150  WHERE `id` = 76071
2024-12-13 15:53:23;INSERT INTO `pe_bl` (`num_bl`,`supprime`,`statut`,`date`) VALUES ("BL2412041" ,0 ,1 ,"2024-12-13" )
2024-12-13 15:54:05;INSERT INTO `pe_bl_lignes` (`id_produit`,`id_palette`,`numlot`,`id_lot`,`poids`,`nb_colis`,`id_compo`,`num_palette`,`id_bl`,`id_produit_bl`,`id_pdt_negoce`,`pu_ht`,`tva`,`qte`,`supprime`,`date_add`) VALUES (473 ,0 ,1233 ,0 ,5 ,5 ,0 ,0 ,8442 ,0 ,110 ,0 ,5.5 ,1 ,0 ,"2024-12-13 15:54:05" )
2024-12-13 15:54:06;UPDATE `pe_bl` SET `id_tiers_facturation` = 37  WHERE id = 8442
2024-12-13 15:54:15;UPDATE `pe_bl_lignes` SET `pu_ht` = 1000  WHERE `id` = 76072
2024-12-13 15:56:58;INSERT INTO `pe_bl` (`num_bl`,`supprime`,`statut`,`date`) VALUES ("BL2412042" ,0 ,1 ,"2024-12-13" )
2024-12-13 15:58:01;INSERT INTO `pe_bl_lignes` (`id_produit`,`id_palette`,`numlot`,`id_lot`,`poids`,`nb_colis`,`id_compo`,`num_palette`,`id_bl`,`id_produit_bl`,`id_pdt_negoce`,`pu_ht`,`tva`,`qte`,`supprime`,`date_add`) VALUES (445 ,0 ,"24434D" ,0 ,10 ,2 ,0 ,0 ,8443 ,0 ,101 ,0 ,5.5 ,1 ,0 ,"2024-12-13 15:58:01" )
2024-12-13 15:58:02;UPDATE `pe_bl` SET `id_tiers_facturation` = 277  WHERE id = 8443
2024-12-13 15:58:56;UPDATE `pe_bl` SET `supprime` = 1 WHERE `id` IN (1,3,4,9,10,40,42,51,53,65,72,80,81,84,85,86,88,93,96,108,111,112,139,140,147,150,160,168,173,174,176,182,191,195,196,199,202,203,211,236,237,247,248,251,252,274,275,276,282,284,285,287,298,301,307,308,310,311,336,343,366,367,379,380,401,402,403,404,407,409,411,502,510,512,521,527,534,568,569,641,691,692,715,716,717,718,719,720,721,722,730,731,797,856,957,1038,1040,1041,1062,1087,1101,1110,1125,1142,1143,1144,1243,1343,1378,1514,1533,1565,1571,1642,1676,1771,1814,1832,1860,1881,1929,1943,1992,2004,2039,2040,2041,2042,2106,2132,2133,2145,2146,2184,2195,2197,2201,2205,2210,2216,2223,2230,2238,2275,2290,2304,2318,2354,2508,2529,2584,2585,2588,2646,2681,2687,2692,2694,2706,2713,2714,2911,3003,3007,3042,3062,3080,3081,3098,3155,3204,3215,3267,3271,3273,3360,3449,3464,3479,3526,3615,3635,3643,3653,3688,3706,3707,3711,3794,3804,3888,3965,3982,3983,4112,4209,4223,4232,4233,4307,4308,4336,4439,4463,4472,4473,4474,4514,4526,4530,4531,4557,4568,4679,4703,4711,4713,4720,4737,4816,4976,5054,5083,5095,5124,5150,5253,5295,5334,5376,5411,5413,5415,5423,5481,5486,5492,5554,5631,5632,5669,5689,5714,5812,5874,5914,5941,5948,6004,6068,6118,6121,6160,6163,6260,6322,6379,6464,6506,6570,6608,6712,6780,6799,6800,6926,7004,7256,7369,7575,7610,7641,7713,7747,7749,7849,7856,8026,8028,8035,8041,8043,8046,8061,8092,8181,8254,8257,8259,8337,8339,8340,8341,8342,8343,8344,8345,8346,8347,8348,8349,8350,8351,8352,8353,8355,8356,8359,8360,8361,8362,8363,8364,8365,8370,8371,8375,8377,8380,8387,8388,8389,8390,8391,8392,8393,8394,8396,8397,8400,8401,8402,8404,8405,8407,8408,8409,8412,8413,8414,8416,8417,8418,8419,8420,8425,8428,8432,8434,8435,8436,8439,8440,8395)
2024-12-13 15:58:56;UPDATE `pe_bl` SET `id_tiers_livraison` = 277  WHERE id = 8443
2024-12-13 15:58:56;UPDATE `pe_bl` SET `id_tiers_livraison` = 37  WHERE id = 8442
2024-12-13 15:58:56;UPDATE `pe_bl` SET `id_tiers_livraison` = 37  WHERE id = 8441
2024-12-13 15:58:56;UPDATE `pe_bl` SET `id_tiers_livraison` = 37  WHERE id = 8438
2024-12-13 15:59:00;UPDATE `pe_palette_composition` SET `archive` = 0, `supprime` = 0 WHERE `id` IN (SELECT `id_compo` FROM `pe_bl_lignes` WHERE `id_bl` = 8443);DELETE FROM `pe_bl_lignes` WHERE `id_bl` = 8443;DELETE FROM `pe_bl` WHERE `id` = 8443;
2024-12-13 15:59:01;UPDATE `pe_bl` SET `supprime` = 1 WHERE `id` IN (1,3,4,9,10,40,42,51,53,65,72,80,81,84,85,86,88,93,96,108,111,112,139,140,147,150,160,168,173,174,176,182,191,195,196,199,202,203,211,236,237,247,248,251,252,274,275,276,282,284,285,287,298,301,307,308,310,311,336,343,366,367,379,380,401,402,403,404,407,409,411,502,510,512,521,527,534,568,569,641,691,692,715,716,717,718,719,720,721,722,730,731,797,856,957,1038,1040,1041,1062,1087,1101,1110,1125,1142,1143,1144,1243,1343,1378,1514,1533,1565,1571,1642,1676,1771,1814,1832,1860,1881,1929,1943,1992,2004,2039,2040,2041,2042,2106,2132,2133,2145,2146,2184,2195,2197,2201,2205,2210,2216,2223,2230,2238,2275,2290,2304,2318,2354,2508,2529,2584,2585,2588,2646,2681,2687,2692,2694,2706,2713,2714,2911,3003,3007,3042,3062,3080,3081,3098,3155,3204,3215,3267,3271,3273,3360,3449,3464,3479,3526,3615,3635,3643,3653,3688,3706,3707,3711,3794,3804,3888,3965,3982,3983,4112,4209,4223,4232,4233,4307,4308,4336,4439,4463,4472,4473,4474,4514,4526,4530,4531,4557,4568,4679,4703,4711,4713,4720,4737,4816,4976,5054,5083,5095,5124,5150,5253,5295,5334,5376,5411,5413,5415,5423,5481,5486,5492,5554,5631,5632,5669,5689,5714,5812,5874,5914,5941,5948,6004,6068,6118,6121,6160,6163,6260,6322,6379,6464,6506,6570,6608,6712,6780,6799,6800,6926,7004,7256,7369,7575,7610,7641,7713,7747,7749,7849,7856,8026,8028,8035,8041,8043,8046,8061,8092,8181,8254,8257,8259,8337,8339,8340,8341,8342,8343,8344,8345,8346,8347,8348,8349,8350,8351,8352,8353,8355,8356,8359,8360,8361,8362,8363,8364,8365,8370,8371,8375,8377,8380,8387,8388,8389,8390,8391,8392,8393,8394,8396,8397,8400,8401,8402,8404,8405,8407,8408,8409,8412,8413,8414,8416,8417,8418,8419,8420,8425,8428,8432,8434,8435,8436,8439,8440,8395)
2024-12-13 15:59:03;UPDATE `pe_palette_composition` SET `archive` = 0, `supprime` = 0 WHERE `id` IN (SELECT `id_compo` FROM `pe_bl_lignes` WHERE `id_bl` = 8442);DELETE FROM `pe_bl_lignes` WHERE `id_bl` = 8442;DELETE FROM `pe_bl` WHERE `id` = 8442;
2024-12-13 15:59:04;UPDATE `pe_bl` SET `supprime` = 1 WHERE `id` IN (1,3,4,9,10,40,42,51,53,65,72,80,81,84,85,86,88,93,96,108,111,112,139,140,147,150,160,168,173,174,176,182,191,195,196,199,202,203,211,236,237,247,248,251,252,274,275,276,282,284,285,287,298,301,307,308,310,311,336,343,366,367,379,380,401,402,403,404,407,409,411,502,510,512,521,527,534,568,569,641,691,692,715,716,717,718,719,720,721,722,730,731,797,856,957,1038,1040,1041,1062,1087,1101,1110,1125,1142,1143,1144,1243,1343,1378,1514,1533,1565,1571,1642,1676,1771,1814,1832,1860,1881,1929,1943,1992,2004,2039,2040,2041,2042,2106,2132,2133,2145,2146,2184,2195,2197,2201,2205,2210,2216,2223,2230,2238,2275,2290,2304,2318,2354,2508,2529,2584,2585,2588,2646,2681,2687,2692,2694,2706,2713,2714,2911,3003,3007,3042,3062,3080,3081,3098,3155,3204,3215,3267,3271,3273,3360,3449,3464,3479,3526,3615,3635,3643,3653,3688,3706,3707,3711,3794,3804,3888,3965,3982,3983,4112,4209,4223,4232,4233,4307,4308,4336,4439,4463,4472,4473,4474,4514,4526,4530,4531,4557,4568,4679,4703,4711,4713,4720,4737,4816,4976,5054,5083,5095,5124,5150,5253,5295,5334,5376,5411,5413,5415,5423,5481,5486,5492,5554,5631,5632,5669,5689,5714,5812,5874,5914,5941,5948,6004,6068,6118,6121,6160,6163,6260,6322,6379,6464,6506,6570,6608,6712,6780,6799,6800,6926,7004,7256,7369,7575,7610,7641,7713,7747,7749,7849,7856,8026,8028,8035,8041,8043,8046,8061,8092,8181,8254,8257,8259,8337,8339,8340,8341,8342,8343,8344,8345,8346,8347,8348,8349,8350,8351,8352,8353,8355,8356,8359,8360,8361,8362,8363,8364,8365,8370,8371,8375,8377,8380,8387,8388,8389,8390,8391,8392,8393,8394,8396,8397,8400,8401,8402,8404,8405,8407,8408,8409,8412,8413,8414,8416,8417,8418,8419,8420,8425,8428,8432,8434,8435,8436,8439,8440,8395)
2024-12-13 15:59:06;UPDATE `pe_palette_composition` SET `archive` = 0, `supprime` = 0 WHERE `id` IN (SELECT `id_compo` FROM `pe_bl_lignes` WHERE `id_bl` = 8441);DELETE FROM `pe_bl_lignes` WHERE `id_bl` = 8441;DELETE FROM `pe_bl` WHERE `id` = 8441;
2024-12-13 15:59:07;UPDATE `pe_bl` SET `supprime` = 1 WHERE `id` IN (1,3,4,9,10,40,42,51,53,65,72,80,81,84,85,86,88,93,96,108,111,112,139,140,147,150,160,168,173,174,176,182,191,195,196,199,202,203,211,236,237,247,248,251,252,274,275,276,282,284,285,287,298,301,307,308,310,311,336,343,366,367,379,380,401,402,403,404,407,409,411,502,510,512,521,527,534,568,569,641,691,692,715,716,717,718,719,720,721,722,730,731,797,856,957,1038,1040,1041,1062,1087,1101,1110,1125,1142,1143,1144,1243,1343,1378,1514,1533,1565,1571,1642,1676,1771,1814,1832,1860,1881,1929,1943,1992,2004,2039,2040,2041,2042,2106,2132,2133,2145,2146,2184,2195,2197,2201,2205,2210,2216,2223,2230,2238,2275,2290,2304,2318,2354,2508,2529,2584,2585,2588,2646,2681,2687,2692,2694,2706,2713,2714,2911,3003,3007,3042,3062,3080,3081,3098,3155,3204,3215,3267,3271,3273,3360,3449,3464,3479,3526,3615,3635,3643,3653,3688,3706,3707,3711,3794,3804,3888,3965,3982,3983,4112,4209,4223,4232,4233,4307,4308,4336,4439,4463,4472,4473,4474,4514,4526,4530,4531,4557,4568,4679,4703,4711,4713,4720,4737,4816,4976,5054,5083,5095,5124,5150,5253,5295,5334,5376,5411,5413,5415,5423,5481,5486,5492,5554,5631,5632,5669,5689,5714,5812,5874,5914,5941,5948,6004,6068,6118,6121,6160,6163,6260,6322,6379,6464,6506,6570,6608,6712,6780,6799,6800,6926,7004,7256,7369,7575,7610,7641,7713,7747,7749,7849,7856,8026,8028,8035,8041,8043,8046,8061,8092,8181,8254,8257,8259,8337,8339,8340,8341,8342,8343,8344,8345,8346,8347,8348,8349,8350,8351,8352,8353,8355,8356,8359,8360,8361,8362,8363,8364,8365,8370,8371,8375,8377,8380,8387,8388,8389,8390,8391,8392,8393,8394,8396,8397,8400,8401,8402,8404,8405,8407,8408,8409,8412,8413,8414,8416,8417,8418,8419,8420,8425,8428,8432,8434,8435,8436,8439,8440,8395)
2024-12-13 15:59:11;INSERT INTO `pe_bl` (`num_bl`,`supprime`,`statut`,`date`) VALUES ("BL2412040" ,0 ,1 ,"2024-12-13" )
2024-12-13 15:59:54;INSERT INTO `pe_bl_lignes` (`id_produit`,`id_palette`,`numlot`,`id_lot`,`poids`,`nb_colis`,`id_compo`,`num_palette`,`id_bl`,`id_produit_bl`,`id_pdt_negoce`,`pu_ht`,`tva`,`qte`,`supprime`,`date_add`) VALUES (445 ,0 ,202425 ,0 ,100 ,50 ,0 ,0 ,8444 ,0 ,118 ,0 ,5.5 ,1 ,0 ,"2024-12-13 15:59:54" )
2024-12-13 15:59:55;UPDATE `pe_bl` SET `id_tiers_facturation` = 37  WHERE id = 8444
2024-12-13 16:00:04;UPDATE `pe_bl_lignes` SET `pu_ht` = 150  WHERE `id` = 76074
2024-12-13 16:01:19;INSERT INTO `pe_bl` (`num_bl`,`supprime`,`statut`,`date`) VALUES ("BL2412041" ,0 ,1 ,"2024-12-13" )
2024-12-13 16:03:15;INSERT INTO `pe_bl` (`num_bl`,`supprime`,`statut`,`date`) VALUES ("BL2412042" ,0 ,1 ,"2024-12-13" )
2024-12-13 16:03:52;INSERT INTO `pe_bl_lignes` (`id_produit`,`id_palette`,`numlot`,`id_lot`,`poids`,`nb_colis`,`id_compo`,`num_palette`,`id_bl`,`id_produit_bl`,`id_pdt_negoce`,`pu_ht`,`tva`,`qte`,`supprime`,`date_add`) VALUES (445 ,0 ,"24BL25" ,0 ,10 ,5 ,0 ,0 ,8446 ,0 ,98 ,0 ,5.5 ,1 ,0 ,"2024-12-13 16:03:52" )
2024-12-13 16:03:53;UPDATE `pe_bl` SET `id_tiers_facturation` = 37  WHERE id = 8446
2024-12-13 16:04:01;UPDATE `pe_bl_lignes` SET `pu_ht` = 150  WHERE `id` = 76075
2024-12-13 16:04:32;INSERT INTO `pe_bl_lignes` (`id_produit`,`id_palette`,`numlot`,`id_lot`,`poids`,`nb_colis`,`id_compo`,`num_palette`,`id_bl`,`id_produit_bl`,`id_pdt_negoce`,`pu_ht`,`tva`,`qte`,`supprime`,`date_add`) VALUES (473 ,0 ,1233 ,0 ,5 ,5 ,0 ,0 ,8446 ,0 ,110 ,0 ,5.5 ,1 ,0 ,"2024-12-13 16:04:32" )
2024-12-13 16:41:39;UPDATE `pe_langues` SET `actif` = 1 WHERE `iso` = "FR"
2024-12-13 16:41:39;UPDATE `pe_consommables` SET `id_precedent` = 0, `date_upd` = null WHERE `date_upd` < CURDATE()
2024-12-13 16:41:51;UPDATE `pe_langues` SET `actif` = 1 WHERE `iso` = "FR"
2024-12-13 16:41:51;UPDATE `pe_consommables` SET `id_precedent` = 0, `date_upd` = null WHERE `date_upd` < CURDATE()
2024-12-13 16:42:13;UPDATE `pe_bl_lignes` SET `supprime` = 1 WHERE `supprime` = 0  AND `id_bl` IN (SELECT `id` FROM `pe_bl` WHERE `supprime` = 1)
2024-12-13 17:07:45;UPDATE `pe_bl_lignes` SET `supprime` = 1 WHERE `supprime` = 0  AND `id_bl` IN (SELECT `id` FROM `pe_bl` WHERE `supprime` = 1)
2024-12-13 17:08:27;UPDATE `pe_bl_lignes` SET `supprime` = 1 WHERE `supprime` = 0  AND `id_bl` IN (SELECT `id` FROM `pe_bl` WHERE `supprime` = 1)
2024-12-13 17:14:33;UPDATE `pe_bl_lignes` SET `supprime` = 1 WHERE `supprime` = 0  AND `id_bl` IN (SELECT `id` FROM `pe_bl` WHERE `supprime` = 1)
2024-12-13 17:17:14;UPDATE `pe_bl_lignes` SET `supprime` = 1 WHERE `supprime` = 0  AND `id_bl` IN (SELECT `id` FROM `pe_bl` WHERE `supprime` = 1)
2024-12-13 17:21:10;UPDATE `pe_bl_lignes` SET `supprime` = 1 WHERE `supprime` = 0  AND `id_bl` IN (SELECT `id` FROM `pe_bl` WHERE `supprime` = 1)
2024-12-13 17:21:18;UPDATE `pe_bl_lignes` SET `supprime` = 1 WHERE `supprime` = 0  AND `id_bl` IN (SELECT `id` FROM `pe_bl` WHERE `supprime` = 1)
