2024-12-03 07:00:37;UPDATE `pe_langues` SET `actif` = 1 WHERE `iso` = "FR"
2024-12-03 07:00:37;UPDATE `pe_consommables` SET `id_precedent` = 0, `date_upd` = null WHERE `date_upd` < CURDATE()
2024-12-03 07:02:48;UPDATE `pe_langues` SET `actif` = 1 WHERE `iso` = "FR"
2024-12-03 07:02:50;INSERT INTO `pe_pvisu_avant` (`commentaires`,`date`) VALUES ("" ,"2024-12-03" )
2024-12-03 07:11:31;UPDATE `pe_langues` SET `actif` = 1 WHERE `iso` = "FR"
2024-12-03 07:12:05;UPDATE `pe_langues` SET `actif` = 1 WHERE `iso` = "FR"
2024-12-03 07:13:13;UPDATE `pe_langues` SET `actif` = 1 WHERE `iso` = "FR"
2024-12-03 07:13:25;UPDATE `pe_langues` SET `actif` = 1 WHERE `iso` = "FR"
2024-12-03 07:13:25;UPDATE `pe_consommables` SET `id_precedent` = 0, `date_upd` = null WHERE `date_upd` < CURDATE()
2024-12-03 07:15:19;UPDATE `pe_langues` SET `actif` = 1 WHERE `iso` = "FR"
2024-12-03 07:15:32;UPDATE `pe_langues` SET `actif` = 1 WHERE `iso` = "FR"
2024-12-03 07:15:44;DELETE FROM `pe_pvisu_avant_points` WHERE `id_pvisu_avant` = 1137
2024-12-03 07:15:44;INSERT IGNORE INTO `pe_pvisu_avant_points` (`id_pvisu_avant`, `id_point_controle`, `etat`, `id_user`, `date`) VALUES (1137, 4, 1, 1, NOW()),(1137, 5, 1, 1, NOW()),(1137, 36, 1, 1, NOW()),(1137, 58, 1, 1, NOW()),(1137, 7, 1, 1, NOW()),(1137, 11, 1, 1, NOW()),(1137, 12, 1, 1, NOW()),(1137, 13, 1, 1, NOW()),(1137, 14, 1, 1, NOW()),(1137, 15, 1, 1, NOW()),(1137, 17, 1, 1, NOW()),(1137, 18, 1, 1, NOW()),(1137, 19, 1, 1, NOW()),(1137, 20, 1, 1, NOW()),(1137, 21, 1, 1, NOW()),(1137, 37, 1, 1, NOW()),(1137, 39, 1, 1, NOW()),(1137, 41, 1, 1, NOW()),(1137, 59, 1, 1, NOW()),(1137, 23, 1, 1, NOW()),(1137, 40, 1, 1, NOW()),(1137, 43, 1, 1, NOW()),(1137, 44, 1, 1, NOW()),(1137, 45, 1, 1, NOW()),(1137, 46, 1, 1, NOW()),(1137, 47, 1, 1, NOW()),(1137, 48, 1, 1, NOW()),(1137, 49, 1, 1, NOW()),(1137, 50, 1, 1, NOW()),(1137, 51, 1, 1, NOW()),(1137, 52, 1, 1, NOW()),(1137, 53, 1, 1, NOW()),(1137, 54, 1, 1, NOW()),(1137, 55, 1, 1, NOW())
2024-12-03 07:15:44;UPDATE `pe_pvisu_avant` SET `commentaires` = "" ,`id_user` = 1  WHERE `id` = 1137
2024-12-03 07:16:29;UPDATE `pe_langues` SET `actif` = 1 WHERE `iso` = "FR"
2024-12-03 07:16:33;UPDATE `pe_langues` SET `actif` = 1 WHERE `iso` = "FR"
2024-12-03 07:16:37;DELETE FROM `pe_pvisu_avant_points` WHERE `id_pvisu_avant` = 1137
2024-12-03 07:16:37;INSERT IGNORE INTO `pe_pvisu_avant_points` (`id_pvisu_avant`, `id_point_controle`, `etat`, `id_user`, `date`) VALUES (1137, 4, 1, 1, NOW()),(1137, 5, 1, 1, NOW()),(1137, 36, 1, 1, NOW()),(1137, 58, 1, 1, NOW()),(1137, 7, 1, 1, NOW()),(1137, 11, 1, 1, NOW()),(1137, 12, 1, 1, NOW()),(1137, 13, 1, 1, NOW()),(1137, 14, 1, 1, NOW()),(1137, 15, 1, 1, NOW()),(1137, 17, 1, 1, NOW()),(1137, 18, 1, 1, NOW()),(1137, 19, 1, 1, NOW()),(1137, 20, 1, 1, NOW()),(1137, 21, 1, 1, NOW()),(1137, 37, 1, 1, NOW()),(1137, 39, 1, 1, NOW()),(1137, 41, 1, 1, NOW()),(1137, 59, 1, 1, NOW()),(1137, 23, 1, 1, NOW()),(1137, 40, 1, 1, NOW()),(1137, 43, 1, 1, NOW()),(1137, 44, 1, 1, NOW()),(1137, 45, 1, 1, NOW()),(1137, 46, 1, 1, NOW()),(1137, 47, 1, 1, NOW()),(1137, 48, 1, 1, NOW()),(1137, 49, 1, 1, NOW()),(1137, 50, 1, 1, NOW()),(1137, 51, 1, 1, NOW()),(1137, 52, 1, 1, NOW()),(1137, 53, 1, 1, NOW()),(1137, 54, 1, 1, NOW()),(1137, 55, 1, 1, NOW())
2024-12-03 07:16:37;UPDATE `pe_pvisu_avant` SET `commentaires` = "T" ,`id_user` = 1  WHERE `id` = 1137
2024-12-03 07:16:40;DELETE FROM `pe_pvisu_avant_points` WHERE `id_pvisu_avant` = 1137
2024-12-03 07:16:40;INSERT IGNORE INTO `pe_pvisu_avant_points` (`id_pvisu_avant`, `id_point_controle`, `etat`, `id_user`, `date`) VALUES (1137, 4, 1, 1, NOW()),(1137, 5, 1, 1, NOW()),(1137, 36, 1, 1, NOW()),(1137, 58, 1, 1, NOW()),(1137, 7, 1, 1, NOW()),(1137, 11, 1, 1, NOW()),(1137, 12, 1, 1, NOW()),(1137, 13, 1, 1, NOW()),(1137, 14, 1, 1, NOW()),(1137, 15, 1, 1, NOW()),(1137, 17, 1, 1, NOW()),(1137, 18, 1, 1, NOW()),(1137, 19, 1, 1, NOW()),(1137, 20, 1, 1, NOW()),(1137, 21, 1, 1, NOW()),(1137, 37, 1, 1, NOW()),(1137, 39, 1, 1, NOW()),(1137, 41, 1, 1, NOW()),(1137, 59, 1, 1, NOW()),(1137, 23, 1, 1, NOW()),(1137, 40, 1, 1, NOW()),(1137, 43, 1, 1, NOW()),(1137, 44, 1, 1, NOW()),(1137, 45, 1, 1, NOW()),(1137, 46, 1, 1, NOW()),(1137, 47, 1, 1, NOW()),(1137, 48, 1, 1, NOW()),(1137, 49, 1, 1, NOW()),(1137, 50, 1, 1, NOW()),(1137, 51, 1, 1, NOW()),(1137, 52, 1, 1, NOW()),(1137, 53, 1, 1, NOW()),(1137, 54, 1, 1, NOW()),(1137, 55, 1, 1, NOW())
2024-12-03 07:16:40;UPDATE `pe_pvisu_avant` SET `commentaires` = "T" ,`id_user` = 1  WHERE `id` = 1137
2024-12-03 07:16:50;UPDATE `pe_langues` SET `actif` = 1 WHERE `iso` = "FR"
2024-12-03 07:17:43;UPDATE `pe_langues` SET `actif` = 1 WHERE `iso` = "FR"
2024-12-03 07:17:49;UPDATE `pe_lots` SET `composition_viande` = 2  WHERE `id` = 5819
2024-12-03 07:18:01;INSERT INTO `pe_commentaires` (`date`,`id_user`,`id_lot`,`id_froid`,`commentaire`) VALUES ("2024-12-03 07:18:00" ,1 ,5819 ,0 ,"Y" )
2024-12-03 07:18:01;INSERT INTO `pe_lot_reception` (`id_lot`,`temp_d`,`temp_m`,`temp_f`) VALUES (5819 ,28 ,5 ,3 )
2024-12-03 07:18:01;UPDATE `pe_lots` SET `date_maj` = "2024-12-03- 07:18:01" ,`id_user_maj` = 1  WHERE `id` = 5819
2024-12-03 07:18:03;UPDATE `pe_lot_reception` SET `etat_visuel` = 1  WHERE `id` = 2272
2024-12-03 07:18:03;UPDATE `pe_lots` SET `date_maj` = "2024-12-03- 07:18:03" ,`id_user_maj` = 1  WHERE `id` = 5819
2024-12-03 07:18:09;UPDATE `pe_lot_reception` SET `observations` = "                                                                    " ,`conformite` = 1 ,`id_user` = 1 ,`date_confirmation` = "2024-12-03 07:18:09"  WHERE `id` = 2272
2024-12-03 07:18:09;UPDATE `pe_lots` SET `date_maj` = "2024-12-03- 07:18:09" ,`id_user_maj` = 1  WHERE `id` = 5819
2024-12-03 07:18:09;INSERT INTO `pe_pvisu_avant` (`commentaires`,`id_user`,`id_lot`,`date`) VALUES ("" ,1 ,5819 ,"2024-12-03" )
2024-12-03 07:18:09;DELETE FROM `pe_pvisu_avant_points` WHERE `id_pvisu_avant` = 1138
2024-12-03 07:18:09;INSERT IGNORE INTO `pe_pvisu_avant_points` (`id_pvisu_avant`, `id_point_controle`, `etat`, `id_user`, `date`) VALUES (1138, 75, 1, 1, NOW()),(1138, 73, 1, 1, NOW())
2024-12-03 07:18:11;UPDATE `pe_lot_reception` SET `crochets_recus` = 1 ,`crochets_rendus` = 1  WHERE `id` = 2272
2024-12-03 07:18:13;UPDATE `pe_lot_reception` SET `id_transporteur` = 146  WHERE `id` = 2272
2024-12-03 07:18:15;INSERT INTO `pe_validations` (`type`,`id_vue`,`id_liaison`) VALUES (1 ,1 ,5819 )
2024-12-03 07:18:15;INSERT IGNORE INTO `pe_validations_lots` (`id_validation`, `id_lot`, `negoce`) VALUES  (11582, 5819, 0)
2024-12-03 07:18:15;DELETE FROM `pe_lot_vues` 
						  WHERE `id_lot` = 5819 
						  AND `id_vue` = 1
2024-12-03 07:18:15;INSERT IGNORE INTO `pe_lot_vues` (`id_lot`, `id_vue`, `date_entree`) VALUES (5819, 2, "2024-12-03 07:18:15")
2024-12-03 07:18:15;UPDATE `pe_lots` SET `date_reception` = "2024-12-03" ,`date_prod` = "2024-12-03 07:18:15" ,`date_atelier` = "2024-12-03 07:18:15"  WHERE `id` = 5819
2024-12-03 07:18:15;UPDATE `pe_langues` SET `actif` = 1 WHERE `iso` = "FR"
2024-12-03 07:30:01;UPDATE `pe_langues` SET `actif` = 1 WHERE `iso` = "FR"
2024-12-03 07:30:59;UPDATE `pe_langues` SET `actif` = 1 WHERE `iso` = "FR"
2024-12-03 07:32:05;UPDATE `pe_langues` SET `actif` = 1 WHERE `iso` = "FR"
2024-12-03 07:37:29;UPDATE `pe_langues` SET `actif` = 1 WHERE `iso` = "FR"
2024-12-03 07:37:30;UPDATE `pe_langues` SET `actif` = 1 WHERE `iso` = "FR"
2024-12-03 07:37:57;UPDATE `pe_langues` SET `actif` = 1 WHERE `iso` = "FR"
2024-12-03 07:38:11;INSERT INTO `pe_pvisu_avant` (`commentaires`,`date`) VALUES ("" ,"2024-12-03" )
2024-12-03 07:38:11;DELETE FROM `pe_pvisu_avant_points` WHERE `id_pvisu_avant` = 1139
2024-12-03 07:38:11;INSERT IGNORE INTO `pe_pvisu_avant_points` (`id_pvisu_avant`, `id_point_controle`, `etat`, `id_user`, `date`) VALUES (1139, 4, 1, 1, NOW()),(1139, 5, 1, 1, NOW()),(1139, 36, 1, 1, NOW()),(1139, 58, 1, 1, NOW()),(1139, 7, 1, 1, NOW()),(1139, 11, 1, 1, NOW()),(1139, 12, 1, 1, NOW()),(1139, 13, 1, 1, NOW()),(1139, 14, 1, 1, NOW()),(1139, 15, 1, 1, NOW()),(1139, 17, 1, 1, NOW()),(1139, 18, 1, 1, NOW()),(1139, 19, 1, 1, NOW()),(1139, 20, 1, 1, NOW()),(1139, 21, 1, 1, NOW()),(1139, 37, 1, 1, NOW()),(1139, 39, 1, 1, NOW()),(1139, 41, 1, 1, NOW()),(1139, 59, 1, 1, NOW()),(1139, 23, 1, 1, NOW()),(1139, 40, 1, 1, NOW()),(1139, 43, 1, 1, NOW()),(1139, 44, 1, 1, NOW()),(1139, 45, 1, 1, NOW()),(1139, 46, 1, 1, NOW()),(1139, 47, 1, 1, NOW()),(1139, 48, 1, 1, NOW()),(1139, 49, 1, 1, NOW()),(1139, 50, 1, 1, NOW()),(1139, 51, 1, 1, NOW()),(1139, 52, 1, 1, NOW()),(1139, 53, 1, 1, NOW()),(1139, 54, 1, 1, NOW()),(1139, 55, 1, 1, NOW())
2024-12-03 07:38:11;UPDATE `pe_pvisu_avant` SET `commentaires` = "" ,`date` = "2024-12-03" ,`id_user` = 1  WHERE `id` = 1139
2024-12-03 07:38:41;DELETE FROM `pe_pvisu_avant_points` WHERE `id_pvisu_avant` = 1139
2024-12-03 07:38:41;INSERT IGNORE INTO `pe_pvisu_avant_points` (`id_pvisu_avant`, `id_point_controle`, `etat`, `id_user`, `date`) VALUES (1139, 4, 1, 1, NOW()),(1139, 5, 1, 1, NOW()),(1139, 36, 1, 1, NOW()),(1139, 58, 1, 1, NOW()),(1139, 7, 1, 1, NOW()),(1139, 11, 1, 1, NOW()),(1139, 12, 1, 1, NOW()),(1139, 13, 1, 1, NOW()),(1139, 14, 1, 1, NOW()),(1139, 15, 1, 1, NOW()),(1139, 17, 1, 1, NOW()),(1139, 18, 1, 1, NOW()),(1139, 19, 1, 1, NOW()),(1139, 20, 1, 1, NOW()),(1139, 21, 1, 1, NOW()),(1139, 37, 1, 1, NOW()),(1139, 39, 1, 1, NOW()),(1139, 41, 1, 1, NOW()),(1139, 59, 1, 1, NOW()),(1139, 23, 1, 1, NOW()),(1139, 40, 1, 1, NOW()),(1139, 43, 1, 1, NOW()),(1139, 44, 1, 1, NOW()),(1139, 45, 1, 1, NOW()),(1139, 46, 1, 1, NOW()),(1139, 47, 1, 1, NOW()),(1139, 48, 1, 1, NOW()),(1139, 49, 1, 1, NOW()),(1139, 50, 1, 1, NOW()),(1139, 51, 1, 1, NOW()),(1139, 52, 1, 1, NOW()),(1139, 53, 1, 1, NOW()),(1139, 54, 1, 1, NOW()),(1139, 55, 1, 1, NOW())
2024-12-03 07:38:41;UPDATE `pe_pvisu_avant` SET `commentaires` = "" ,`id_user` = 1  WHERE `id` = 1139
2024-12-03 07:38:45;INSERT INTO `pe_pvisu_apres` (`commentaires`,`date`,`id_user`) VALUES ("" ,"2024-12-03" ,1 )
2024-12-03 07:38:45;DELETE FROM `pe_pvisu_apres_points` WHERE `id_pvisu_apres` = 662
2024-12-03 07:38:45;INSERT IGNORE INTO `pe_pvisu_apres_points` (`id_pvisu_apres`, `id_point_controle`, `etat`, `id_pvisu_action`, `fiche_nc`, `id_user`, `date`) VALUES (662, 34, 1, 0, 0, 1, NOW()),(662, 35, 1, 0, 0, 1, NOW())
2024-12-03 07:40:24;UPDATE `pe_langues` SET `actif` = 1 WHERE `iso` = "FR"
2024-12-03 07:40:29;DELETE FROM `pe_pvisu_apres_points` WHERE `id_pvisu_apres` = 662
2024-12-03 07:40:29;INSERT IGNORE INTO `pe_pvisu_apres_points` (`id_pvisu_apres`, `id_point_controle`, `etat`, `id_pvisu_action`, `fiche_nc`, `id_user`, `date`) VALUES (662, 34, 1, 0, 0, 1, NOW()),(662, 35, 1, 0, 0, 1, NOW())
2024-12-03 07:40:41;UPDATE `pe_langues` SET `actif` = 1 WHERE `iso` = "FR"
2024-12-03 07:41:05;UPDATE `pe_langues` SET `actif` = 1 WHERE `iso` = "FR"
2024-12-03 07:41:39;UPDATE `pe_langues` SET `actif` = 1 WHERE `iso` = "FR"
2024-12-03 07:41:57;INSERT INTO `pe_pvisu_avant` (`commentaires`,`date`) VALUES ("" ,"2024-12-03" )
2024-12-03 07:41:57;DELETE FROM `pe_pvisu_avant_points` WHERE `id_pvisu_avant` = 1140
2024-12-03 07:41:57;INSERT IGNORE INTO `pe_pvisu_avant_points` (`id_pvisu_avant`, `id_point_controle`, `etat`, `id_user`, `date`) VALUES (1140, 4, 1, 1, NOW()),(1140, 5, 1, 1, NOW()),(1140, 36, 1, 1, NOW()),(1140, 58, 1, 1, NOW()),(1140, 7, 1, 1, NOW()),(1140, 11, 1, 1, NOW()),(1140, 12, 1, 1, NOW()),(1140, 13, 1, 1, NOW()),(1140, 14, 1, 1, NOW()),(1140, 15, 1, 1, NOW()),(1140, 17, 1, 1, NOW()),(1140, 18, 1, 1, NOW()),(1140, 19, 1, 1, NOW()),(1140, 20, 1, 1, NOW()),(1140, 21, 1, 1, NOW()),(1140, 37, 1, 1, NOW()),(1140, 39, 1, 1, NOW()),(1140, 41, 1, 1, NOW()),(1140, 59, 1, 1, NOW()),(1140, 23, 1, 1, NOW()),(1140, 40, 1, 1, NOW()),(1140, 43, 1, 1, NOW()),(1140, 44, 1, 1, NOW()),(1140, 45, 1, 1, NOW()),(1140, 46, 1, 1, NOW()),(1140, 47, 1, 1, NOW()),(1140, 48, 1, 1, NOW()),(1140, 49, 1, 1, NOW()),(1140, 50, 1, 1, NOW()),(1140, 51, 1, 1, NOW()),(1140, 52, 1, 1, NOW()),(1140, 53, 1, 1, NOW()),(1140, 54, 1, 1, NOW()),(1140, 55, 1, 1, NOW())
2024-12-03 07:41:57;UPDATE `pe_pvisu_avant` SET `commentaires` = "AVANT" ,`date` = "2024-12-03" ,`id_user` = 1  WHERE `id` = 1140
2024-12-03 08:28:27;UPDATE `pe_langues` SET `actif` = 1 WHERE `iso` = "FR"
2024-12-03 08:29:50;UPDATE `pe_langues` SET `actif` = 1 WHERE `iso` = "FR"
2024-12-03 08:30:44;UPDATE `pe_langues` SET `actif` = 1 WHERE `iso` = "FR"
2024-12-03 08:30:57;UPDATE `pe_langues` SET `actif` = 1 WHERE `iso` = "FR"
2024-12-03 08:31:16;INSERT INTO `pe_pvisu_avant` (`commentaires`,`date`) VALUES ("" ,"2024-12-03" )
2024-12-03 08:31:16;DELETE FROM `pe_pvisu_avant_points` WHERE `id_pvisu_avant` = 1141
2024-12-03 08:31:16;INSERT IGNORE INTO `pe_pvisu_avant_points` (`id_pvisu_avant`, `id_point_controle`, `etat`, `id_user`, `date`) VALUES (1141, 4, 1, 1, NOW()),(1141, 5, 1, 1, NOW()),(1141, 36, 1, 1, NOW()),(1141, 58, 1, 1, NOW()),(1141, 7, 1, 1, NOW()),(1141, 11, 1, 1, NOW()),(1141, 12, 1, 1, NOW()),(1141, 13, 1, 1, NOW()),(1141, 14, 1, 1, NOW()),(1141, 15, 1, 1, NOW()),(1141, 17, 1, 1, NOW()),(1141, 18, 1, 1, NOW()),(1141, 19, 1, 1, NOW()),(1141, 20, 1, 1, NOW()),(1141, 21, 1, 1, NOW()),(1141, 37, 1, 1, NOW()),(1141, 39, 1, 1, NOW()),(1141, 41, 1, 1, NOW()),(1141, 59, 1, 1, NOW()),(1141, 23, 1, 1, NOW()),(1141, 40, 1, 1, NOW()),(1141, 43, 1, 1, NOW()),(1141, 44, 1, 1, NOW()),(1141, 45, 1, 1, NOW()),(1141, 46, 1, 1, NOW()),(1141, 47, 1, 1, NOW()),(1141, 48, 1, 1, NOW()),(1141, 49, 1, 1, NOW()),(1141, 50, 1, 1, NOW()),(1141, 51, 1, 1, NOW()),(1141, 52, 1, 1, NOW()),(1141, 53, 1, 1, NOW()),(1141, 54, 1, 1, NOW()),(1141, 55, 1, 1, NOW())
2024-12-03 08:31:16;UPDATE `pe_pvisu_avant` SET `commentaires` = "TEST AVANT" ,`date` = "2024-12-03" ,`id_user` = 1  WHERE `id` = 1141
2024-12-03 08:31:20;DELETE FROM `pe_pvisu_avant_points` WHERE `id_pvisu_avant` = 1141
2024-12-03 08:31:20;INSERT IGNORE INTO `pe_pvisu_avant_points` (`id_pvisu_avant`, `id_point_controle`, `etat`, `id_user`, `date`) VALUES (1141, 4, 1, 1, NOW()),(1141, 5, 1, 1, NOW()),(1141, 36, 1, 1, NOW()),(1141, 58, 1, 1, NOW()),(1141, 7, 1, 1, NOW()),(1141, 11, 1, 1, NOW()),(1141, 12, 1, 1, NOW()),(1141, 13, 1, 1, NOW()),(1141, 14, 1, 1, NOW()),(1141, 15, 1, 1, NOW()),(1141, 17, 1, 1, NOW()),(1141, 18, 1, 1, NOW()),(1141, 19, 1, 1, NOW()),(1141, 20, 1, 1, NOW()),(1141, 21, 1, 1, NOW()),(1141, 37, 1, 1, NOW()),(1141, 39, 1, 1, NOW()),(1141, 41, 1, 1, NOW()),(1141, 59, 1, 1, NOW()),(1141, 23, 1, 1, NOW()),(1141, 40, 1, 1, NOW()),(1141, 43, 1, 1, NOW()),(1141, 44, 1, 1, NOW()),(1141, 45, 1, 1, NOW()),(1141, 46, 1, 1, NOW()),(1141, 47, 1, 1, NOW()),(1141, 48, 1, 1, NOW()),(1141, 49, 1, 1, NOW()),(1141, 50, 1, 1, NOW()),(1141, 51, 1, 1, NOW()),(1141, 52, 1, 1, NOW()),(1141, 53, 1, 1, NOW()),(1141, 54, 1, 1, NOW()),(1141, 55, 1, 1, NOW())
2024-12-03 08:31:20;UPDATE `pe_pvisu_avant` SET `commentaires` = "TEST AVANT" ,`id_user` = 1  WHERE `id` = 1141
2024-12-03 08:31:23;DELETE FROM `pe_pvisu_apres_points` WHERE `id_pvisu_apres` = 662
2024-12-03 08:31:23;INSERT IGNORE INTO `pe_pvisu_apres_points` (`id_pvisu_apres`, `id_point_controle`, `etat`, `id_pvisu_action`, `fiche_nc`, `id_user`, `date`) VALUES (662, 34, 1, 0, 0, 1, NOW()),(662, 35, 1, 0, 0, 1, NOW())
2024-12-03 08:31:35;UPDATE `pe_pvisu_apres` SET `commentaires` = "TEST APRES"  WHERE `id` = 662
2024-12-03 08:31:35;DELETE FROM `pe_pvisu_apres_points` WHERE `id_pvisu_apres` = 662
2024-12-03 08:31:35;INSERT IGNORE INTO `pe_pvisu_apres_points` (`id_pvisu_apres`, `id_point_controle`, `etat`, `id_pvisu_action`, `fiche_nc`, `id_user`, `date`) VALUES (662, 34, 1, 0, 0, 1, NOW()),(662, 35, 1, 0, 0, 1, NOW())
2024-12-03 08:31:37;UPDATE `pe_langues` SET `actif` = 1 WHERE `iso` = "FR"
2024-12-03 08:50:29;UPDATE `pe_langues` SET `actif` = 1 WHERE `iso` = "FR"
2024-12-03 08:50:36;UPDATE `pe_langues` SET `actif` = 1 WHERE `iso` = "FR"
2024-12-03 08:51:18;UPDATE `pe_langues` SET `actif` = 1 WHERE `iso` = "FR"
2024-12-03 08:51:39;UPDATE `pe_langues` SET `actif` = 1 WHERE `iso` = "FR"
2024-12-03 08:51:51;UPDATE `pe_langues` SET `actif` = 1 WHERE `iso` = "FR"
2024-12-03 08:52:05;INSERT INTO `pe_pvisu_avant` (`commentaires`,`date`) VALUES ("" ,"2024-12-03" )
2024-12-03 08:52:05;DELETE FROM `pe_pvisu_avant_points` WHERE `id_pvisu_avant` = 1142
2024-12-03 08:52:05;INSERT IGNORE INTO `pe_pvisu_avant_points` (`id_pvisu_avant`, `id_point_controle`, `etat`, `id_user`, `date`) VALUES (1142, 4, 1, 1, NOW()),(1142, 5, 1, 1, NOW()),(1142, 36, 1, 1, NOW()),(1142, 58, 1, 1, NOW()),(1142, 7, 1, 1, NOW()),(1142, 11, 1, 1, NOW()),(1142, 12, 1, 1, NOW()),(1142, 13, 1, 1, NOW()),(1142, 14, 1, 1, NOW()),(1142, 15, 1, 1, NOW()),(1142, 17, 1, 1, NOW()),(1142, 18, 1, 1, NOW()),(1142, 19, 1, 1, NOW()),(1142, 20, 1, 1, NOW()),(1142, 21, 1, 1, NOW()),(1142, 37, 1, 1, NOW()),(1142, 39, 1, 1, NOW()),(1142, 41, 1, 1, NOW()),(1142, 59, 1, 1, NOW()),(1142, 23, 1, 1, NOW()),(1142, 40, 1, 1, NOW()),(1142, 43, 1, 1, NOW()),(1142, 44, 1, 1, NOW()),(1142, 45, 1, 1, NOW()),(1142, 46, 1, 1, NOW()),(1142, 47, 1, 1, NOW()),(1142, 48, 1, 1, NOW()),(1142, 49, 1, 1, NOW()),(1142, 50, 1, 1, NOW()),(1142, 51, 1, 1, NOW()),(1142, 52, 1, 1, NOW()),(1142, 53, 1, 1, NOW()),(1142, 54, 1, 1, NOW()),(1142, 55, 1, 1, NOW())
2024-12-03 08:52:05;UPDATE `pe_pvisu_avant` SET `commentaires` = "VITA" ,`date` = "2024-12-03" ,`id_user` = 1  WHERE `id` = 1142
2024-12-03 08:52:09;UPDATE `pe_langues` SET `actif` = 1 WHERE `iso` = "FR"
2024-12-03 08:52:17;UPDATE `pe_loma` SET `id_lot_pdt_froid` = 30718 ,`test_pdt` = 0 ,`commentaire` = "" ,`date_test` = "2024-12-03 08:52:17" ,`id_user_visa` = 1  WHERE `id` = 2823
2024-12-03 08:52:17;INSERT INTO `pe_validations` (`type`,`id_vue`,`id_liaison`) VALUES (3 ,2 ,2823 )
2024-12-03 08:52:17;INSERT IGNORE INTO `pe_validations_lots` (`id_validation`, `id_lot`, `negoce`) VALUES  (11583, 5694, 0)
2024-12-03 08:52:17;INSERT IGNORE INTO `pe_lot_quantieme` (`id_lot`, `quantieme`) VALUES(5694, "338")
2024-12-03 08:52:22;UPDATE `pe_langues` SET `actif` = 1 WHERE `iso` = "FR"
2024-12-03 08:52:34;UPDATE `pe_langues` SET `actif` = 1 WHERE `iso` = "FR"
2024-12-03 08:52:46;UPDATE `pe_froid` SET `test_apres_fe` = 1 ,`test_apres_nfe` = 1 ,`test_apres_inox` = 1  WHERE `id` = 6430
2024-12-03 08:52:46;UPDATE `pe_loma` SET `test_pdt` = 0 ,`commentaire` = "" ,`date_test` = "2024-12-03 08:52:46" ,`id_user_visa` = 1  WHERE `id` = 2825
2024-12-03 08:52:46;INSERT INTO `pe_validations` (`type`,`id_vue`,`id_liaison`) VALUES (3 ,2 ,2825 )
2024-12-03 08:52:46;INSERT IGNORE INTO `pe_validations_lots` (`id_validation`, `id_lot`, `negoce`) VALUES  (11584, 5694, 0)
2024-12-03 08:52:50;UPDATE `pe_langues` SET `actif` = 1 WHERE `iso` = "FR"
2024-12-03 08:52:50;UPDATE `pe_langues` SET `actif` = 1 WHERE `iso` = "FR"
2024-12-03 08:52:59;UPDATE `pe_froid` SET `test_apres_fe` = 1 ,`test_apres_nfe` = 1 ,`test_apres_inox` = 1  WHERE `id` = 6424
2024-12-03 08:52:59;UPDATE `pe_loma` SET `test_pdt` = 0 ,`commentaire` = "" ,`date_test` = "2024-12-03 08:52:59" ,`id_user_visa` = 1  WHERE `id` = 2824
2024-12-03 08:52:59;INSERT INTO `pe_validations` (`type`,`id_vue`,`id_liaison`) VALUES (3 ,2 ,2824 )
2024-12-03 08:52:59;INSERT IGNORE INTO `pe_validations_lots` (`id_validation`, `id_lot`, `negoce`) VALUES  (11585, 5693, 0)
2024-12-03 08:53:02;UPDATE `pe_loma` SET `id_lot_pdt_froid` = 30718 ,`test_pdt` = 0 ,`commentaire` = "" ,`date_test` = "2024-12-03 08:53:02" ,`id_user_visa` = 1  WHERE `id` = 2823
2024-12-03 08:53:02;INSERT INTO `pe_validations` (`type`,`id_vue`,`id_liaison`) VALUES (3 ,2 ,2823 )
2024-12-03 08:53:02;INSERT IGNORE INTO `pe_validations_lots` (`id_validation`, `id_lot`, `negoce`) VALUES  (11586, 5694, 0)
2024-12-03 08:53:02;INSERT IGNORE INTO `pe_lot_quantieme` (`id_lot`, `quantieme`) VALUES(5694, "338")
2024-12-03 08:53:04;UPDATE `pe_langues` SET `actif` = 1 WHERE `iso` = "FR"
2024-12-03 08:53:04;UPDATE `pe_palette_composition` SET `supprime` = 1 WHERE `id_lot_hors_stock` > 0 AND `id` NOT IN
                        ( SELECT `id_compo` FROM `pe_bl_lignes`) 
                        AND  `id_lot_hors_stock` NOT IN (SELECT `id` FROM `pe_lots`)
2024-12-03 08:53:20;UPDATE `pe_langues` SET `actif` = 1 WHERE `iso` = "FR"
2024-12-03 08:54:16;UPDATE `pe_langues` SET `actif` = 1 WHERE `iso` = "FR"
2024-12-03 08:55:03;UPDATE `pe_langues` SET `actif` = 1 WHERE `iso` = "FR"
2024-12-03 08:55:11;UPDATE `pe_langues` SET `actif` = 1 WHERE `iso` = "FR"
2024-12-03 08:55:12;UPDATE `pe_langues` SET `actif` = 1 WHERE `iso` = "FR"
2024-12-03 08:55:19;UPDATE `pe_froid` SET `test_apres_fe` = 1 ,`test_apres_nfe` = 1 ,`test_apres_inox` = 1  WHERE `id` = 6430
2024-12-03 08:55:19;UPDATE `pe_loma` SET `test_pdt` = 0 ,`commentaire` = "" ,`date_test` = "2024-12-03 08:55:19" ,`id_user_visa` = 1  WHERE `id` = 2825
2024-12-03 08:55:19;INSERT INTO `pe_validations` (`type`,`id_vue`,`id_liaison`) VALUES (3 ,2 ,2825 )
2024-12-03 08:55:19;INSERT IGNORE INTO `pe_validations_lots` (`id_validation`, `id_lot`, `negoce`) VALUES  (11587, 5694, 0)
2024-12-03 08:55:22;UPDATE `pe_loma` SET `id_lot_pdt_froid` = 30718 ,`test_pdt` = 0 ,`commentaire` = "" ,`date_test` = "2024-12-03 08:55:22" ,`id_user_visa` = 1  WHERE `id` = 2823
2024-12-03 08:55:22;INSERT INTO `pe_validations` (`type`,`id_vue`,`id_liaison`) VALUES (3 ,2 ,2823 )
2024-12-03 08:55:22;INSERT IGNORE INTO `pe_validations_lots` (`id_validation`, `id_lot`, `negoce`) VALUES  (11588, 5694, 0)
2024-12-03 08:55:23;INSERT IGNORE INTO `pe_lot_quantieme` (`id_lot`, `quantieme`) VALUES(5694, "338")
2024-12-03 08:55:25;UPDATE `pe_langues` SET `actif` = 1 WHERE `iso` = "FR"
2024-12-03 08:55:31;UPDATE `pe_langues` SET `actif` = 1 WHERE `iso` = "FR"
2024-12-03 08:55:37;UPDATE `pe_froid` SET `test_apres_fe` = 1 ,`test_apres_nfe` = 1 ,`test_apres_inox` = 1  WHERE `id` = 6430
2024-12-03 08:55:37;UPDATE `pe_loma` SET `test_pdt` = 0 ,`commentaire` = "" ,`date_test` = "2024-12-03 08:55:37" ,`id_user_visa` = 1  WHERE `id` = 2825
2024-12-03 08:55:37;INSERT INTO `pe_validations` (`type`,`id_vue`,`id_liaison`) VALUES (3 ,2 ,2825 )
2024-12-03 08:55:37;INSERT IGNORE INTO `pe_validations_lots` (`id_validation`, `id_lot`, `negoce`) VALUES  (11589, 5694, 0)
2024-12-03 08:55:42;UPDATE `pe_loma` SET `id_lot_pdt_froid` = 30787 ,`test_pdt` = 0 ,`commentaire` = "" ,`date_test` = "2024-12-03 08:55:42" ,`id_user_visa` = 1  WHERE `id` = 2834
2024-12-03 08:55:42;INSERT INTO `pe_validations` (`type`,`id_vue`,`id_liaison`) VALUES (3 ,2 ,2834 )
2024-12-03 08:55:42;INSERT IGNORE INTO `pe_validations_lots` (`id_validation`, `id_lot`, `negoce`) VALUES  (11590, 5731, 0)
2024-12-03 08:55:42;INSERT IGNORE INTO `pe_lot_quantieme` (`id_lot`, `quantieme`) VALUES(5731, "338")
2024-12-03 08:56:23;UPDATE `pe_langues` SET `actif` = 1 WHERE `iso` = "FR"
2024-12-03 08:56:29;UPDATE `pe_froid` SET `test_apres_fe` = 1 ,`test_apres_nfe` = 1 ,`test_apres_inox` = 1  WHERE `id` = 6445
2024-12-03 08:56:29;UPDATE `pe_loma` SET `test_pdt` = 0 ,`commentaire` = "" ,`date_test` = "2024-12-03 08:56:29" ,`id_user_visa` = 1  WHERE `id` = 2835
2024-12-03 08:56:29;INSERT INTO `pe_validations` (`type`,`id_vue`,`id_liaison`) VALUES (3 ,2 ,2835 )
2024-12-03 08:56:29;INSERT IGNORE INTO `pe_validations_lots` (`id_validation`, `id_lot`, `negoce`) VALUES  (11591, 5731, 0)
2024-12-03 08:56:40;UPDATE `pe_loma` SET `id_lot_pdt_froid` = 30718 ,`test_pdt` = 0 ,`commentaire` = "" ,`date_test` = "2024-12-03 08:56:40" ,`id_user_visa` = 1  WHERE `id` = 2823
2024-12-03 08:56:40;INSERT INTO `pe_validations` (`type`,`id_vue`,`id_liaison`) VALUES (3 ,2 ,2823 )
2024-12-03 08:56:40;INSERT IGNORE INTO `pe_validations_lots` (`id_validation`, `id_lot`, `negoce`) VALUES  (11592, 5694, 0)
2024-12-03 08:56:41;INSERT IGNORE INTO `pe_lot_quantieme` (`id_lot`, `quantieme`) VALUES(5694, "338")
2024-12-03 08:56:45;UPDATE `pe_langues` SET `actif` = 1 WHERE `iso` = "FR"
2024-12-03 09:05:17;UPDATE `pe_langues` SET `actif` = 1 WHERE `iso` = "FR"
2024-12-03 09:05:33;UPDATE `pe_langues` SET `actif` = 1 WHERE `iso` = "FR"
2024-12-03 09:05:39;UPDATE `pe_froid` SET `test_apres_fe` = 1 ,`test_apres_nfe` = 1 ,`test_apres_inox` = 1  WHERE `id` = 6430
2024-12-03 09:05:39;UPDATE `pe_loma` SET `test_pdt` = 0 ,`commentaire` = "" ,`date_test` = "2024-12-03 09:05:39" ,`id_user_visa` = 1  WHERE `id` = 2825
2024-12-03 09:05:39;INSERT INTO `pe_validations` (`type`,`id_vue`,`id_liaison`) VALUES (3 ,2 ,2825 )
2024-12-03 09:05:39;INSERT IGNORE INTO `pe_validations_lots` (`id_validation`, `id_lot`, `negoce`) VALUES  (11593, 5694, 0)
2024-12-03 09:05:42;UPDATE `pe_loma` SET `id_lot_pdt_froid` = 30690 ,`test_pdt` = 0 ,`commentaire` = "" ,`date_test` = "2024-12-03 09:05:42" ,`id_user_visa` = 1  WHERE `id` = 2821
2024-12-03 09:05:42;INSERT INTO `pe_validations` (`type`,`id_vue`,`id_liaison`) VALUES (3 ,2 ,2821 )
2024-12-03 09:05:42;INSERT IGNORE INTO `pe_validations_lots` (`id_validation`, `id_lot`, `negoce`) VALUES  (11594, 5693, 0)
2024-12-03 09:05:43;INSERT IGNORE INTO `pe_lot_quantieme` (`id_lot`, `quantieme`) VALUES(5693, "338")
2024-12-03 09:05:45;UPDATE `pe_langues` SET `actif` = 1 WHERE `iso` = "FR"
2024-12-03 09:05:59;INSERT INTO `pe_pvisu_pendant` (`commentaires`,`id_user`,`id_lot`,`date`) VALUES ("PDT" ,1 ,5693 ,"2024-12-03" )
2024-12-03 09:05:59;DELETE FROM `pe_pvisu_pendant_points` WHERE `id_pvisu_pendant` = 1818
2024-12-03 09:05:59;INSERT IGNORE INTO `pe_pvisu_pendant_points` (`id_pvisu_pendant`, `id_point_controle`, `etat`, `id_pvisu_action`, `fiche_nc`, `id_user`, `date`) VALUES (1818, 24, 1, 0, 0, 1, NOW()),(1818, 25, 1, 0, 0, 1, NOW()),(1818, 26, 1, 0, 0, 1, NOW()),(1818, 27, 1, 0, 0, 1, NOW()),(1818, 28, 1, 0, 0, 1, NOW()),(1818, 29, 1, 0, 0, 1, NOW()),(1818, 30, 1, 0, 0, 1, NOW()),(1818, 31, 1, 0, 0, 1, NOW()),(1818, 32, 1, 0, 0, 1, NOW()),(1818, 33, 1, 0, 0, 1, NOW())
2024-12-03 09:05:59;UPDATE `pe_langues` SET `actif` = 1 WHERE `iso` = "FR"
2024-12-03 09:06:05;UPDATE `pe_froid` SET `test_apres_fe` = 1 ,`test_apres_nfe` = 1 ,`test_apres_inox` = 1  WHERE `id` = 6424
2024-12-03 09:06:05;UPDATE `pe_loma` SET `test_pdt` = 0 ,`commentaire` = "" ,`date_test` = "2024-12-03 09:06:05" ,`id_user_visa` = 1  WHERE `id` = 2824
2024-12-03 09:06:05;INSERT INTO `pe_validations` (`type`,`id_vue`,`id_liaison`) VALUES (3 ,2 ,2824 )
2024-12-03 09:06:05;INSERT IGNORE INTO `pe_validations_lots` (`id_validation`, `id_lot`, `negoce`) VALUES  (11595, 5693, 0)
2024-12-03 09:06:09;UPDATE `pe_loma` SET `id_lot_pdt_froid` = 30718 ,`test_pdt` = 0 ,`commentaire` = "" ,`date_test` = "2024-12-03 09:06:09" ,`id_user_visa` = 1  WHERE `id` = 2823
2024-12-03 09:06:09;INSERT INTO `pe_validations` (`type`,`id_vue`,`id_liaison`) VALUES (3 ,2 ,2823 )
2024-12-03 09:06:09;INSERT IGNORE INTO `pe_validations_lots` (`id_validation`, `id_lot`, `negoce`) VALUES  (11596, 5694, 0)
2024-12-03 09:06:10;INSERT IGNORE INTO `pe_lot_quantieme` (`id_lot`, `quantieme`) VALUES(5694, "338")
2024-12-03 09:06:11;UPDATE `pe_langues` SET `actif` = 1 WHERE `iso` = "FR"
2024-12-03 09:06:19;UPDATE `pe_langues` SET `actif` = 1 WHERE `iso` = "FR"
2024-12-03 09:06:25;UPDATE `pe_froid` SET `test_apres_fe` = 1 ,`test_apres_nfe` = 1 ,`test_apres_inox` = 1  WHERE `id` = 6430
2024-12-03 09:06:25;UPDATE `pe_loma` SET `test_pdt` = 0 ,`commentaire` = "" ,`date_test` = "2024-12-03 09:06:25" ,`id_user_visa` = 1  WHERE `id` = 2825
2024-12-03 09:06:25;INSERT INTO `pe_validations` (`type`,`id_vue`,`id_liaison`) VALUES (3 ,2 ,2825 )
2024-12-03 09:06:25;INSERT IGNORE INTO `pe_validations_lots` (`id_validation`, `id_lot`, `negoce`) VALUES  (11597, 5694, 0)
2024-12-03 09:06:40;UPDATE `pe_loma` SET `id_lot_pdt_froid` = 30718 ,`test_pdt` = 0 ,`commentaire` = "" ,`date_test` = "2024-12-03 09:06:40" ,`id_user_visa` = 1  WHERE `id` = 2823
2024-12-03 09:06:40;INSERT INTO `pe_validations` (`type`,`id_vue`,`id_liaison`) VALUES (3 ,2 ,2823 )
2024-12-03 09:06:40;INSERT IGNORE INTO `pe_validations_lots` (`id_validation`, `id_lot`, `negoce`) VALUES  (11598, 5694, 0)
2024-12-03 09:06:40;INSERT IGNORE INTO `pe_lot_quantieme` (`id_lot`, `quantieme`) VALUES(5694, "338")
2024-12-03 09:06:43;UPDATE `pe_langues` SET `actif` = 1 WHERE `iso` = "FR"
2024-12-03 09:06:50;UPDATE `pe_langues` SET `actif` = 1 WHERE `iso` = "FR"
2024-12-03 09:06:56;UPDATE `pe_froid` SET `test_apres_fe` = 1 ,`test_apres_nfe` = 1 ,`test_apres_inox` = 1  WHERE `id` = 6430
2024-12-03 09:06:56;UPDATE `pe_loma` SET `test_pdt` = 0 ,`commentaire` = "" ,`date_test` = "2024-12-03 09:06:56" ,`id_user_visa` = 1  WHERE `id` = 2825
2024-12-03 09:06:56;INSERT INTO `pe_validations` (`type`,`id_vue`,`id_liaison`) VALUES (3 ,2 ,2825 )
2024-12-03 09:06:56;INSERT IGNORE INTO `pe_validations_lots` (`id_validation`, `id_lot`, `negoce`) VALUES  (11599, 5694, 0)
2024-12-03 09:07:09;UPDATE `pe_langues` SET `actif` = 1 WHERE `iso` = "FR"
2024-12-03 09:07:10;UPDATE `pe_langues` SET `actif` = 1 WHERE `iso` = "FR"
2024-12-03 09:07:16;UPDATE `pe_froid` SET `test_apres_fe` = 1 ,`test_apres_nfe` = 1 ,`test_apres_inox` = 1  WHERE `id` = 6561
2024-12-03 09:07:16;UPDATE `pe_loma` SET `test_pdt` = 0 ,`commentaire` = "" ,`date_test` = "2024-12-03 09:07:16" ,`id_user_visa` = 1  WHERE `id` = 2917
2024-12-03 09:07:16;INSERT INTO `pe_validations` (`type`,`id_vue`,`id_liaison`) VALUES (3 ,2 ,2917 )
2024-12-03 09:07:16;INSERT IGNORE INTO `pe_validations_lots` (`id_validation`, `id_lot`, `negoce`) VALUES  (11600, 5695, 0)
2024-12-03 09:07:59;UPDATE `pe_langues` SET `actif` = 1 WHERE `iso` = "FR"
2024-12-03 09:08:07;UPDATE `pe_loma` SET `id_lot_pdt_froid` = 30718 ,`test_pdt` = 0 ,`commentaire` = "" ,`date_test` = "2024-12-03 09:08:07" ,`id_user_visa` = 1  WHERE `id` = 2823
2024-12-03 09:08:07;INSERT INTO `pe_validations` (`type`,`id_vue`,`id_liaison`) VALUES (3 ,2 ,2823 )
2024-12-03 09:08:07;INSERT IGNORE INTO `pe_validations_lots` (`id_validation`, `id_lot`, `negoce`) VALUES  (11601, 5694, 0)
2024-12-03 09:08:08;INSERT IGNORE INTO `pe_lot_quantieme` (`id_lot`, `quantieme`) VALUES(5694, "338")
2024-12-03 09:08:10;UPDATE `pe_langues` SET `actif` = 1 WHERE `iso` = "FR"
2024-12-03 09:08:21;UPDATE `pe_langues` SET `actif` = 1 WHERE `iso` = "FR"
2024-12-03 09:08:28;UPDATE `pe_langues` SET `actif` = 1 WHERE `iso` = "FR"
2024-12-03 09:08:34;UPDATE `pe_froid` SET `test_apres_fe` = 1 ,`test_apres_nfe` = 1 ,`test_apres_inox` = 1  WHERE `id` = 6430
2024-12-03 09:08:34;UPDATE `pe_loma` SET `test_pdt` = 0 ,`commentaire` = "" ,`date_test` = "2024-12-03 09:08:34" ,`id_user_visa` = 1  WHERE `id` = 2825
2024-12-03 09:08:34;INSERT INTO `pe_validations` (`type`,`id_vue`,`id_liaison`) VALUES (3 ,2 ,2825 )
2024-12-03 09:08:34;INSERT IGNORE INTO `pe_validations_lots` (`id_validation`, `id_lot`, `negoce`) VALUES  (11602, 5694, 0)
2024-12-03 09:08:37;UPDATE `pe_loma` SET `id_lot_pdt_froid` = 30786 ,`test_pdt` = 0 ,`commentaire` = "" ,`date_test` = "2024-12-03 09:08:37" ,`id_user_visa` = 1  WHERE `id` = 2833
2024-12-03 09:08:37;INSERT INTO `pe_validations` (`type`,`id_vue`,`id_liaison`) VALUES (3 ,2 ,2833 )
2024-12-03 09:08:37;INSERT IGNORE INTO `pe_validations_lots` (`id_validation`, `id_lot`, `negoce`) VALUES  (11603, 5732, 0)
2024-12-03 09:08:40;UPDATE `pe_langues` SET `actif` = 1 WHERE `iso` = "FR"
2024-12-03 09:08:41;UPDATE `pe_langues` SET `actif` = 1 WHERE `iso` = "FR"
2024-12-03 09:08:47;UPDATE `pe_froid` SET `test_apres_fe` = 1 ,`test_apres_nfe` = 1 ,`test_apres_inox` = 1  WHERE `id` = 6707
2024-12-03 09:08:47;UPDATE `pe_loma` SET `test_pdt` = 0 ,`commentaire` = "" ,`date_test` = "2024-12-03 09:08:47" ,`id_user_visa` = 1  WHERE `id` = 2976
2024-12-03 09:08:47;INSERT INTO `pe_validations` (`type`,`id_vue`,`id_liaison`) VALUES (3 ,2 ,2976 )
2024-12-03 09:08:47;INSERT IGNORE INTO `pe_validations_lots` (`id_validation`, `id_lot`, `negoce`) VALUES  (11604, 5732, 0)
2024-12-03 09:08:51;UPDATE `pe_loma` SET `id_lot_pdt_froid` = 30787 ,`test_pdt` = 0 ,`commentaire` = "" ,`date_test` = "2024-12-03 09:08:51" ,`id_user_visa` = 1  WHERE `id` = 2834
2024-12-03 09:08:51;INSERT INTO `pe_validations` (`type`,`id_vue`,`id_liaison`) VALUES (3 ,2 ,2834 )
2024-12-03 09:08:51;INSERT IGNORE INTO `pe_validations_lots` (`id_validation`, `id_lot`, `negoce`) VALUES  (11605, 5731, 0)
2024-12-03 09:08:51;INSERT IGNORE INTO `pe_lot_quantieme` (`id_lot`, `quantieme`) VALUES(5731, "338")
2024-12-03 09:08:53;UPDATE `pe_langues` SET `actif` = 1 WHERE `iso` = "FR"
2024-12-03 09:08:54;UPDATE `pe_langues` SET `actif` = 1 WHERE `iso` = "FR"
2024-12-03 09:09:32;UPDATE `pe_froid` SET `test_apres_fe` = 1 ,`test_apres_nfe` = 1 ,`test_apres_inox` = 1  WHERE `id` = 6445
2024-12-03 09:09:32;UPDATE `pe_loma` SET `test_pdt` = 0 ,`commentaire` = "" ,`date_test` = "2024-12-03 09:09:32" ,`id_user_visa` = 1  WHERE `id` = 2835
2024-12-03 09:09:32;INSERT INTO `pe_validations` (`type`,`id_vue`,`id_liaison`) VALUES (3 ,2 ,2835 )
2024-12-03 09:09:32;INSERT IGNORE INTO `pe_validations_lots` (`id_validation`, `id_lot`, `negoce`) VALUES  (11606, 5731, 0)
2024-12-03 09:09:36;UPDATE `pe_loma` SET `id_lot_pdt_froid` = 30787 ,`test_pdt` = 0 ,`commentaire` = "" ,`date_test` = "2024-12-03 09:09:36" ,`id_user_visa` = 1  WHERE `id` = 2834
2024-12-03 09:09:36;INSERT INTO `pe_validations` (`type`,`id_vue`,`id_liaison`) VALUES (3 ,2 ,2834 )
2024-12-03 09:09:36;INSERT IGNORE INTO `pe_validations_lots` (`id_validation`, `id_lot`, `negoce`) VALUES  (11607, 5731, 0)
2024-12-03 09:09:36;INSERT IGNORE INTO `pe_lot_quantieme` (`id_lot`, `quantieme`) VALUES(5731, "338")
2024-12-03 09:10:53;UPDATE `pe_langues` SET `actif` = 1 WHERE `iso` = "FR"
2024-12-03 09:10:53;UPDATE `pe_langues` SET `actif` = 1 WHERE `iso` = "FR"
2024-12-03 09:11:08;UPDATE `pe_froid` SET `test_apres_fe` = 1 ,`test_apres_nfe` = 1 ,`test_apres_inox` = 1  WHERE `id` = 6445
2024-12-03 09:11:08;UPDATE `pe_loma` SET `test_pdt` = 0 ,`commentaire` = "" ,`date_test` = "2024-12-03 09:11:08" ,`id_user_visa` = 1  WHERE `id` = 2835
2024-12-03 09:11:08;INSERT INTO `pe_validations` (`type`,`id_vue`,`id_liaison`) VALUES (3 ,2 ,2835 )
2024-12-03 09:11:08;INSERT IGNORE INTO `pe_validations_lots` (`id_validation`, `id_lot`, `negoce`) VALUES  (11608, 5731, 0)
2024-12-03 09:11:12;UPDATE `pe_loma` SET `id_lot_pdt_froid` = 30718 ,`test_pdt` = 0 ,`commentaire` = "" ,`date_test` = "2024-12-03 09:11:12" ,`id_user_visa` = 1  WHERE `id` = 2823
2024-12-03 09:11:12;INSERT INTO `pe_validations` (`type`,`id_vue`,`id_liaison`) VALUES (3 ,2 ,2823 )
2024-12-03 09:11:12;INSERT IGNORE INTO `pe_validations_lots` (`id_validation`, `id_lot`, `negoce`) VALUES  (11609, 5694, 0)
2024-12-03 09:11:12;INSERT IGNORE INTO `pe_lot_quantieme` (`id_lot`, `quantieme`) VALUES(5694, "338")
2024-12-03 09:11:15;UPDATE `pe_langues` SET `actif` = 1 WHERE `iso` = "FR"
2024-12-03 09:11:34;UPDATE `pe_langues` SET `actif` = 1 WHERE `iso` = "FR"
2024-12-03 09:11:41;INSERT INTO `pe_pvisu_pendant` (`commentaires`,`id_user`,`id_lot`,`date`) VALUES ("" ,1 ,5694 ,"2024-12-03" )
2024-12-03 09:11:41;DELETE FROM `pe_pvisu_pendant_points` WHERE `id_pvisu_pendant` = 1819
2024-12-03 09:11:41;INSERT IGNORE INTO `pe_pvisu_pendant_points` (`id_pvisu_pendant`, `id_point_controle`, `etat`, `id_pvisu_action`, `fiche_nc`, `id_user`, `date`) VALUES (1819, 24, 1, 0, 0, 1, NOW()),(1819, 25, 1, 0, 0, 1, NOW()),(1819, 26, 1, 0, 0, 1, NOW()),(1819, 27, 1, 0, 0, 1, NOW()),(1819, 28, 1, 0, 0, 1, NOW()),(1819, 29, 1, 0, 0, 1, NOW()),(1819, 30, 1, 0, 0, 1, NOW()),(1819, 31, 1, 0, 0, 1, NOW()),(1819, 32, 1, 0, 0, 1, NOW()),(1819, 33, 1, 0, 0, 1, NOW())
2024-12-03 09:11:41;UPDATE `pe_langues` SET `actif` = 1 WHERE `iso` = "FR"
2024-12-03 09:11:47;UPDATE `pe_froid` SET `test_apres_fe` = 1 ,`test_apres_nfe` = 1 ,`test_apres_inox` = 1  WHERE `id` = 6430
2024-12-03 09:11:47;UPDATE `pe_loma` SET `test_pdt` = 0 ,`commentaire` = "" ,`date_test` = "2024-12-03 09:11:47" ,`id_user_visa` = 1  WHERE `id` = 2825
2024-12-03 09:11:47;INSERT INTO `pe_validations` (`type`,`id_vue`,`id_liaison`) VALUES (3 ,2 ,2825 )
2024-12-03 09:11:47;INSERT IGNORE INTO `pe_validations_lots` (`id_validation`, `id_lot`, `negoce`) VALUES  (11610, 5694, 0)
2024-12-03 09:11:51;UPDATE `pe_loma` SET `id_lot_pdt_froid` = 30717 ,`test_pdt` = 0 ,`commentaire` = "" ,`date_test` = "2024-12-03 09:11:51" ,`id_user_visa` = 1  WHERE `id` = 2822
2024-12-03 09:11:51;INSERT INTO `pe_validations` (`type`,`id_vue`,`id_liaison`) VALUES (3 ,2 ,2822 )
2024-12-03 09:11:51;INSERT IGNORE INTO `pe_validations_lots` (`id_validation`, `id_lot`, `negoce`) VALUES  (11611, 5695, 0)
2024-12-03 09:11:53;UPDATE `pe_langues` SET `actif` = 1 WHERE `iso` = "FR"
2024-12-03 09:12:06;UPDATE `pe_langues` SET `actif` = 1 WHERE `iso` = "FR"
2024-12-03 09:12:19;UPDATE `pe_langues` SET `actif` = 1 WHERE `iso` = "FR"
2024-12-03 09:12:24;UPDATE `pe_froid` SET `test_apres_fe` = 1 ,`test_apres_nfe` = 1 ,`test_apres_inox` = 1  WHERE `id` = 6561
2024-12-03 09:12:24;UPDATE `pe_loma` SET `test_pdt` = 0 ,`commentaire` = "" ,`date_test` = "2024-12-03 09:12:24" ,`id_user_visa` = 1  WHERE `id` = 2917
2024-12-03 09:12:24;INSERT INTO `pe_validations` (`type`,`id_vue`,`id_liaison`) VALUES (3 ,2 ,2917 )
2024-12-03 09:12:24;INSERT IGNORE INTO `pe_validations_lots` (`id_validation`, `id_lot`, `negoce`) VALUES  (11612, 5695, 0)
2024-12-03 09:12:28;UPDATE `pe_loma` SET `id_lot_pdt_froid` = 30786 ,`test_pdt` = 0 ,`commentaire` = "" ,`date_test` = "2024-12-03 09:12:28" ,`id_user_visa` = 1  WHERE `id` = 2833
2024-12-03 09:12:28;INSERT INTO `pe_validations` (`type`,`id_vue`,`id_liaison`) VALUES (3 ,2 ,2833 )
2024-12-03 09:12:28;INSERT IGNORE INTO `pe_validations_lots` (`id_validation`, `id_lot`, `negoce`) VALUES  (11613, 5732, 0)
2024-12-03 09:12:31;UPDATE `pe_langues` SET `actif` = 1 WHERE `iso` = "FR"
2024-12-03 09:13:54;UPDATE `pe_langues` SET `actif` = 1 WHERE `iso` = "FR"
2024-12-03 09:14:01;UPDATE `pe_froid` SET `test_apres_fe` = 1 ,`test_apres_nfe` = 1 ,`test_apres_inox` = 1  WHERE `id` = 6707
2024-12-03 09:14:01;UPDATE `pe_loma` SET `test_pdt` = 0 ,`commentaire` = "" ,`date_test` = "2024-12-03 09:14:01" ,`id_user_visa` = 1  WHERE `id` = 2976
2024-12-03 09:14:01;INSERT INTO `pe_validations` (`type`,`id_vue`,`id_liaison`) VALUES (3 ,2 ,2976 )
2024-12-03 09:14:01;INSERT IGNORE INTO `pe_validations_lots` (`id_validation`, `id_lot`, `negoce`) VALUES  (11614, 5732, 0)
2024-12-03 09:14:04;UPDATE `pe_loma` SET `id_lot_pdt_froid` = 30717 ,`test_pdt` = 0 ,`commentaire` = "" ,`date_test` = "2024-12-03 09:14:04" ,`id_user_visa` = 1  WHERE `id` = 2822
2024-12-03 09:14:04;INSERT INTO `pe_validations` (`type`,`id_vue`,`id_liaison`) VALUES (3 ,2 ,2822 )
2024-12-03 09:14:04;INSERT IGNORE INTO `pe_validations_lots` (`id_validation`, `id_lot`, `negoce`) VALUES  (11615, 5695, 0)
2024-12-03 09:14:13;UPDATE `pe_langues` SET `actif` = 1 WHERE `iso` = "FR"
2024-12-03 09:14:13;UPDATE `pe_palette_composition` SET `supprime` = 1 WHERE `id_lot_hors_stock` > 0 AND `id` NOT IN
                        ( SELECT `id_compo` FROM `pe_bl_lignes`) 
                        AND  `id_lot_hors_stock` NOT IN (SELECT `id` FROM `pe_lots`)
2024-12-03 09:14:13;UPDATE `pe_langues` SET `actif` = 1 WHERE `iso` = "FR"
2024-12-03 09:14:19;UPDATE `pe_froid` SET `test_apres_fe` = 1 ,`test_apres_nfe` = 1 ,`test_apres_inox` = 1  WHERE `id` = 6561
2024-12-03 09:14:19;UPDATE `pe_loma` SET `test_pdt` = 0 ,`commentaire` = "" ,`date_test` = "2024-12-03 09:14:19" ,`id_user_visa` = 1  WHERE `id` = 2917
2024-12-03 09:14:19;INSERT INTO `pe_validations` (`type`,`id_vue`,`id_liaison`) VALUES (3 ,2 ,2917 )
2024-12-03 09:14:19;INSERT IGNORE INTO `pe_validations_lots` (`id_validation`, `id_lot`, `negoce`) VALUES  (11616, 5695, 0)
2024-12-03 09:14:24;UPDATE `pe_loma` SET `id_lot_pdt_froid` = 30717 ,`test_pdt` = 0 ,`commentaire` = "" ,`date_test` = "2024-12-03 09:14:24" ,`id_user_visa` = 1  WHERE `id` = 2822
2024-12-03 09:14:24;INSERT INTO `pe_validations` (`type`,`id_vue`,`id_liaison`) VALUES (3 ,2 ,2822 )
2024-12-03 09:14:24;INSERT IGNORE INTO `pe_validations_lots` (`id_validation`, `id_lot`, `negoce`) VALUES  (11617, 5695, 0)
2024-12-03 09:14:27;UPDATE `pe_langues` SET `actif` = 1 WHERE `iso` = "FR"
2024-12-03 09:14:28;UPDATE `pe_langues` SET `actif` = 1 WHERE `iso` = "FR"
2024-12-03 09:14:55;UPDATE `pe_langues` SET `actif` = 1 WHERE `iso` = "FR"
2024-12-03 09:15:16;UPDATE `pe_loma` SET `id_lot_pdt_froid` = 30717 ,`test_pdt` = 0 ,`commentaire` = "" ,`date_test` = "2024-12-03 09:15:16" ,`id_user_visa` = 1  WHERE `id` = 2822
2024-12-03 09:15:16;INSERT INTO `pe_validations` (`type`,`id_vue`,`id_liaison`) VALUES (3 ,2 ,2822 )
2024-12-03 09:15:16;INSERT IGNORE INTO `pe_validations_lots` (`id_validation`, `id_lot`, `negoce`) VALUES  (11618, 5695, 0)
2024-12-03 09:16:43;UPDATE `pe_langues` SET `actif` = 1 WHERE `iso` = "FR"
2024-12-03 09:16:43;UPDATE `pe_langues` SET `actif` = 1 WHERE `iso` = "FR"
2024-12-03 09:16:50;UPDATE `pe_froid` SET `test_apres_fe` = 1 ,`test_apres_nfe` = 1 ,`test_apres_inox` = 1  WHERE `id` = 6561
2024-12-03 09:16:50;UPDATE `pe_loma` SET `test_pdt` = 0 ,`commentaire` = "" ,`date_test` = "2024-12-03 09:16:50" ,`id_user_visa` = 1  WHERE `id` = 2917
2024-12-03 09:16:50;INSERT INTO `pe_validations` (`type`,`id_vue`,`id_liaison`) VALUES (3 ,2 ,2917 )
2024-12-03 09:16:50;INSERT IGNORE INTO `pe_validations_lots` (`id_validation`, `id_lot`, `negoce`) VALUES  (11619, 5695, 0)
2024-12-03 09:16:53;UPDATE `pe_loma` SET `id_lot_pdt_froid` = 30717 ,`test_pdt` = 0 ,`commentaire` = "" ,`date_test` = "2024-12-03 09:16:53" ,`id_user_visa` = 1  WHERE `id` = 2822
2024-12-03 09:16:53;INSERT INTO `pe_validations` (`type`,`id_vue`,`id_liaison`) VALUES (3 ,2 ,2822 )
2024-12-03 09:16:53;INSERT IGNORE INTO `pe_validations_lots` (`id_validation`, `id_lot`, `negoce`) VALUES  (11620, 5695, 0)
2024-12-03 09:17:00;UPDATE `pe_langues` SET `actif` = 1 WHERE `iso` = "FR"
2024-12-03 09:17:01;UPDATE `pe_langues` SET `actif` = 1 WHERE `iso` = "FR"
2024-12-03 09:17:12;UPDATE `pe_froid` SET `test_apres_fe` = 1 ,`test_apres_nfe` = 1 ,`test_apres_inox` = 1  WHERE `id` = 6561
2024-12-03 09:17:12;UPDATE `pe_loma` SET `test_pdt` = 0 ,`commentaire` = "" ,`date_test` = "2024-12-03 09:17:12" ,`id_user_visa` = 1  WHERE `id` = 2917
2024-12-03 09:17:12;INSERT INTO `pe_validations` (`type`,`id_vue`,`id_liaison`) VALUES (3 ,2 ,2917 )
2024-12-03 09:17:12;INSERT IGNORE INTO `pe_validations_lots` (`id_validation`, `id_lot`, `negoce`) VALUES  (11621, 5695, 0)
2024-12-03 09:17:16;UPDATE `pe_loma` SET `id_lot_pdt_froid` = 30787 ,`test_pdt` = 0 ,`commentaire` = "" ,`date_test` = "2024-12-03 09:17:16" ,`id_user_visa` = 1  WHERE `id` = 2834
2024-12-03 09:17:16;INSERT INTO `pe_validations` (`type`,`id_vue`,`id_liaison`) VALUES (3 ,2 ,2834 )
2024-12-03 09:17:16;INSERT IGNORE INTO `pe_validations_lots` (`id_validation`, `id_lot`, `negoce`) VALUES  (11622, 5731, 0)
2024-12-03 09:17:16;INSERT IGNORE INTO `pe_lot_quantieme` (`id_lot`, `quantieme`) VALUES(5731, "338")
2024-12-03 09:17:39;UPDATE `pe_langues` SET `actif` = 1 WHERE `iso` = "FR"
2024-12-03 09:17:40;UPDATE `pe_langues` SET `actif` = 1 WHERE `iso` = "FR"
2024-12-03 09:18:46;UPDATE `pe_langues` SET `actif` = 1 WHERE `iso` = "FR"
2024-12-03 09:19:09;UPDATE `pe_loma` SET `id_lot_pdt_froid` = 30718 ,`test_pdt` = 0 ,`commentaire` = "" ,`date_test` = "2024-12-03 09:19:09" ,`id_user_visa` = 1  WHERE `id` = 2823
2024-12-03 09:19:09;INSERT INTO `pe_validations` (`type`,`id_vue`,`id_liaison`) VALUES (3 ,2 ,2823 )
2024-12-03 09:19:09;INSERT IGNORE INTO `pe_validations_lots` (`id_validation`, `id_lot`, `negoce`) VALUES  (11623, 5694, 0)
2024-12-03 09:19:09;INSERT IGNORE INTO `pe_lot_quantieme` (`id_lot`, `quantieme`) VALUES(5694, "338")
2024-12-03 09:19:15;UPDATE `pe_langues` SET `actif` = 1 WHERE `iso` = "FR"
2024-12-03 09:19:16;UPDATE `pe_langues` SET `actif` = 1 WHERE `iso` = "FR"
2024-12-03 09:19:22;UPDATE `pe_froid` SET `test_apres_fe` = 1 ,`test_apres_nfe` = 1 ,`test_apres_inox` = 1  WHERE `id` = 6430
2024-12-03 09:19:22;UPDATE `pe_loma` SET `test_pdt` = 0 ,`commentaire` = "" ,`date_test` = "2024-12-03 09:19:22" ,`id_user_visa` = 1  WHERE `id` = 2825
2024-12-03 09:19:22;INSERT INTO `pe_validations` (`type`,`id_vue`,`id_liaison`) VALUES (3 ,2 ,2825 )
2024-12-03 09:19:22;INSERT IGNORE INTO `pe_validations_lots` (`id_validation`, `id_lot`, `negoce`) VALUES  (11624, 5694, 0)
2024-12-03 09:19:25;UPDATE `pe_loma` SET `id_lot_pdt_froid` = 30717 ,`test_pdt` = 0 ,`commentaire` = "" ,`date_test` = "2024-12-03 09:19:25" ,`id_user_visa` = 1  WHERE `id` = 2822
2024-12-03 09:19:25;INSERT INTO `pe_validations` (`type`,`id_vue`,`id_liaison`) VALUES (3 ,2 ,2822 )
2024-12-03 09:19:25;INSERT IGNORE INTO `pe_validations_lots` (`id_validation`, `id_lot`, `negoce`) VALUES  (11625, 5695, 0)
2024-12-03 09:19:29;UPDATE `pe_langues` SET `actif` = 1 WHERE `iso` = "FR"
2024-12-03 09:19:29;UPDATE `pe_langues` SET `actif` = 1 WHERE `iso` = "FR"
2024-12-03 09:19:36;UPDATE `pe_froid` SET `test_apres_fe` = 1 ,`test_apres_nfe` = 1 ,`test_apres_inox` = 1  WHERE `id` = 6561
2024-12-03 09:19:36;UPDATE `pe_loma` SET `test_pdt` = 0 ,`commentaire` = "" ,`date_test` = "2024-12-03 09:19:36" ,`id_user_visa` = 1  WHERE `id` = 2917
2024-12-03 09:19:36;INSERT INTO `pe_validations` (`type`,`id_vue`,`id_liaison`) VALUES (3 ,2 ,2917 )
2024-12-03 09:19:36;INSERT IGNORE INTO `pe_validations_lots` (`id_validation`, `id_lot`, `negoce`) VALUES  (11626, 5695, 0)
2024-12-03 09:19:40;UPDATE `pe_loma` SET `id_lot_pdt_froid` = 30717 ,`test_pdt` = 0 ,`commentaire` = "" ,`date_test` = "2024-12-03 09:19:40" ,`id_user_visa` = 1  WHERE `id` = 2822
2024-12-03 09:19:40;INSERT INTO `pe_validations` (`type`,`id_vue`,`id_liaison`) VALUES (3 ,2 ,2822 )
2024-12-03 09:19:40;INSERT IGNORE INTO `pe_validations_lots` (`id_validation`, `id_lot`, `negoce`) VALUES  (11627, 5695, 0)
2024-12-03 09:19:42;UPDATE `pe_langues` SET `actif` = 1 WHERE `iso` = "FR"
2024-12-03 09:19:43;UPDATE `pe_langues` SET `actif` = 1 WHERE `iso` = "FR"
2024-12-03 09:20:06;UPDATE `pe_langues` SET `actif` = 1 WHERE `iso` = "FR"
2024-12-03 09:20:18;UPDATE `pe_loma` SET `id_lot_pdt_froid` = 30786 ,`test_pdt` = 0 ,`commentaire` = "" ,`date_test` = "2024-12-03 09:20:18" ,`id_user_visa` = 1  WHERE `id` = 2833
2024-12-03 09:20:18;INSERT INTO `pe_validations` (`type`,`id_vue`,`id_liaison`) VALUES (3 ,2 ,2833 )
2024-12-03 09:20:18;INSERT IGNORE INTO `pe_validations_lots` (`id_validation`, `id_lot`, `negoce`) VALUES  (11628, 5732, 0)
2024-12-03 09:20:24;UPDATE `pe_langues` SET `actif` = 1 WHERE `iso` = "FR"
2024-12-03 09:20:24;UPDATE `pe_langues` SET `actif` = 1 WHERE `iso` = "FR"
2024-12-03 09:20:44;UPDATE `pe_langues` SET `actif` = 1 WHERE `iso` = "FR"
2024-12-03 09:20:52;UPDATE `pe_loma` SET `id_lot_pdt_froid` = 30717 ,`test_pdt` = 0 ,`commentaire` = "" ,`date_test` = "2024-12-03 09:20:52" ,`id_user_visa` = 1  WHERE `id` = 2822
2024-12-03 09:20:52;INSERT INTO `pe_validations` (`type`,`id_vue`,`id_liaison`) VALUES (3 ,2 ,2822 )
2024-12-03 09:20:52;INSERT IGNORE INTO `pe_validations_lots` (`id_validation`, `id_lot`, `negoce`) VALUES  (11629, 5695, 0)
2024-12-03 09:21:03;UPDATE `pe_langues` SET `actif` = 1 WHERE `iso` = "FR"
2024-12-03 09:21:03;UPDATE `pe_langues` SET `actif` = 1 WHERE `iso` = "FR"
2024-12-03 09:21:37;UPDATE `pe_langues` SET `actif` = 1 WHERE `iso` = "FR"
2024-12-03 09:21:45;UPDATE `pe_loma` SET `id_lot_pdt_froid` = 30787 ,`test_pdt` = 0 ,`commentaire` = "" ,`date_test` = "2024-12-03 09:21:45" ,`id_user_visa` = 1  WHERE `id` = 2834
2024-12-03 09:21:45;INSERT INTO `pe_validations` (`type`,`id_vue`,`id_liaison`) VALUES (3 ,2 ,2834 )
2024-12-03 09:21:45;INSERT IGNORE INTO `pe_validations_lots` (`id_validation`, `id_lot`, `negoce`) VALUES  (11630, 5731, 0)
2024-12-03 09:21:46;INSERT IGNORE INTO `pe_lot_quantieme` (`id_lot`, `quantieme`) VALUES(5731, "338")
2024-12-03 09:21:48;UPDATE `pe_langues` SET `actif` = 1 WHERE `iso` = "FR"
2024-12-03 09:22:08;INSERT INTO `pe_pvisu_pendant` (`commentaires`,`id_user`,`id_lot`,`date`) VALUES ("" ,1 ,5731 ,"2024-12-03" )
2024-12-03 09:22:08;DELETE FROM `pe_pvisu_pendant_points` WHERE `id_pvisu_pendant` = 1820
2024-12-03 09:22:08;INSERT IGNORE INTO `pe_pvisu_pendant_points` (`id_pvisu_pendant`, `id_point_controle`, `etat`, `id_pvisu_action`, `fiche_nc`, `id_user`, `date`) VALUES (1820, 24, 1, 0, 0, 1, NOW()),(1820, 25, 1, 0, 0, 1, NOW()),(1820, 26, 1, 0, 0, 1, NOW()),(1820, 27, 1, 0, 0, 1, NOW()),(1820, 28, 1, 0, 0, 1, NOW()),(1820, 29, 1, 0, 0, 1, NOW()),(1820, 30, 1, 0, 0, 1, NOW()),(1820, 31, 1, 0, 0, 1, NOW()),(1820, 32, 1, 0, 0, 1, NOW()),(1820, 33, 1, 0, 0, 1, NOW())
2024-12-03 09:22:09;UPDATE `pe_langues` SET `actif` = 1 WHERE `iso` = "FR"
2024-12-03 09:22:15;UPDATE `pe_froid` SET `test_apres_fe` = 1 ,`test_apres_nfe` = 1 ,`test_apres_inox` = 1  WHERE `id` = 6445
2024-12-03 09:22:15;UPDATE `pe_loma` SET `test_pdt` = 0 ,`commentaire` = "" ,`date_test` = "2024-12-03 09:22:15" ,`id_user_visa` = 1  WHERE `id` = 2835
2024-12-03 09:22:15;INSERT INTO `pe_validations` (`type`,`id_vue`,`id_liaison`) VALUES (3 ,2 ,2835 )
2024-12-03 09:22:15;INSERT IGNORE INTO `pe_validations_lots` (`id_validation`, `id_lot`, `negoce`) VALUES  (11631, 5731, 0)
2024-12-03 09:22:18;UPDATE `pe_loma` SET `id_lot_pdt_froid` = 30786 ,`test_pdt` = 0 ,`commentaire` = "" ,`date_test` = "2024-12-03 09:22:18" ,`id_user_visa` = 1  WHERE `id` = 2833
2024-12-03 09:22:18;INSERT INTO `pe_validations` (`type`,`id_vue`,`id_liaison`) VALUES (3 ,2 ,2833 )
2024-12-03 09:22:18;INSERT IGNORE INTO `pe_validations_lots` (`id_validation`, `id_lot`, `negoce`) VALUES  (11632, 5732, 0)
2024-12-03 09:22:20;UPDATE `pe_langues` SET `actif` = 1 WHERE `iso` = "FR"
2024-12-03 09:22:37;UPDATE `pe_langues` SET `actif` = 1 WHERE `iso` = "FR"
2024-12-03 09:22:42;UPDATE `pe_froid` SET `test_apres_fe` = 1 ,`test_apres_nfe` = 1 ,`test_apres_inox` = 1  WHERE `id` = 6707
2024-12-03 09:22:42;UPDATE `pe_loma` SET `test_pdt` = 0 ,`commentaire` = "" ,`date_test` = "2024-12-03 09:22:42" ,`id_user_visa` = 1  WHERE `id` = 2976
2024-12-03 09:22:43;INSERT INTO `pe_validations` (`type`,`id_vue`,`id_liaison`) VALUES (3 ,2 ,2976 )
2024-12-03 09:22:43;INSERT IGNORE INTO `pe_validations_lots` (`id_validation`, `id_lot`, `negoce`) VALUES  (11633, 5732, 0)
2024-12-03 09:23:19;UPDATE `pe_loma` SET `id_lot_pdt_froid` = 30717 ,`test_pdt` = 0 ,`commentaire` = "" ,`date_test` = "2024-12-03 09:23:19" ,`id_user_visa` = 1  WHERE `id` = 2822
2024-12-03 09:23:19;INSERT INTO `pe_validations` (`type`,`id_vue`,`id_liaison`) VALUES (3 ,2 ,2822 )
2024-12-03 09:23:19;INSERT IGNORE INTO `pe_validations_lots` (`id_validation`, `id_lot`, `negoce`) VALUES  (11634, 5695, 0)
2024-12-03 09:34:50;UPDATE `pe_langues` SET `actif` = 1 WHERE `iso` = "FR"
2024-12-03 09:34:57;UPDATE `pe_froid` SET `test_apres_fe` = 1 ,`test_apres_nfe` = 1 ,`test_apres_inox` = 1  WHERE `id` = 6561
2024-12-03 09:34:57;UPDATE `pe_loma` SET `test_pdt` = 0 ,`commentaire` = "" ,`date_test` = "2024-12-03 09:34:57" ,`id_user_visa` = 1  WHERE `id` = 2917
2024-12-03 09:34:57;INSERT INTO `pe_validations` (`type`,`id_vue`,`id_liaison`) VALUES (3 ,2 ,2917 )
2024-12-03 09:34:57;INSERT IGNORE INTO `pe_validations_lots` (`id_validation`, `id_lot`, `negoce`) VALUES  (11635, 5695, 0)
2024-12-03 09:35:01;UPDATE `pe_loma` SET `id_lot_pdt_froid` = 30717 ,`test_pdt` = 0 ,`commentaire` = "" ,`date_test` = "2024-12-03 09:35:01" ,`id_user_visa` = 1  WHERE `id` = 2822
2024-12-03 09:35:01;INSERT INTO `pe_validations` (`type`,`id_vue`,`id_liaison`) VALUES (3 ,2 ,2822 )
2024-12-03 09:35:01;INSERT IGNORE INTO `pe_validations_lots` (`id_validation`, `id_lot`, `negoce`) VALUES  (11636, 5695, 0)
2024-12-03 09:35:09;UPDATE `pe_langues` SET `actif` = 1 WHERE `iso` = "FR"
2024-12-03 09:35:49;UPDATE `pe_langues` SET `actif` = 1 WHERE `iso` = "FR"
2024-12-03 09:35:55;UPDATE `pe_langues` SET `actif` = 1 WHERE `iso` = "FR"
2024-12-03 09:36:01;UPDATE `pe_froid` SET `test_apres_fe` = 1 ,`test_apres_nfe` = 1 ,`test_apres_inox` = 1  WHERE `id` = 6561
2024-12-03 09:36:01;UPDATE `pe_loma` SET `test_pdt` = 0 ,`commentaire` = "" ,`date_test` = "2024-12-03 09:36:01" ,`id_user_visa` = 1  WHERE `id` = 2917
2024-12-03 09:36:01;INSERT INTO `pe_validations` (`type`,`id_vue`,`id_liaison`) VALUES (3 ,2 ,2917 )
2024-12-03 09:36:01;INSERT IGNORE INTO `pe_validations_lots` (`id_validation`, `id_lot`, `negoce`) VALUES  (11637, 5695, 0)
2024-12-03 09:36:04;UPDATE `pe_loma` SET `id_lot_pdt_froid` = 30717 ,`test_pdt` = 0 ,`commentaire` = "" ,`date_test` = "2024-12-03 09:36:04" ,`id_user_visa` = 1  WHERE `id` = 2822
2024-12-03 09:36:04;INSERT INTO `pe_validations` (`type`,`id_vue`,`id_liaison`) VALUES (3 ,2 ,2822 )
2024-12-03 09:36:04;INSERT IGNORE INTO `pe_validations_lots` (`id_validation`, `id_lot`, `negoce`) VALUES  (11638, 5695, 0)
2024-12-03 09:36:11;UPDATE `pe_langues` SET `actif` = 1 WHERE `iso` = "FR"
2024-12-03 09:36:17;UPDATE `pe_langues` SET `actif` = 1 WHERE `iso` = "FR"
2024-12-03 09:36:24;UPDATE `pe_froid` SET `test_apres_fe` = 1 ,`test_apres_nfe` = 1 ,`test_apres_inox` = 1  WHERE `id` = 6561
2024-12-03 09:36:24;UPDATE `pe_loma` SET `test_pdt` = 0 ,`commentaire` = "" ,`date_test` = "2024-12-03 09:36:24" ,`id_user_visa` = 1  WHERE `id` = 2917
2024-12-03 09:36:24;INSERT INTO `pe_validations` (`type`,`id_vue`,`id_liaison`) VALUES (3 ,2 ,2917 )
2024-12-03 09:36:24;INSERT IGNORE INTO `pe_validations_lots` (`id_validation`, `id_lot`, `negoce`) VALUES  (11639, 5695, 0)
2024-12-03 09:36:28;UPDATE `pe_loma` SET `id_lot_pdt_froid` = 30717 ,`test_pdt` = 0 ,`commentaire` = "" ,`date_test` = "2024-12-03 09:36:28" ,`id_user_visa` = 1  WHERE `id` = 2822
2024-12-03 09:36:28;INSERT INTO `pe_validations` (`type`,`id_vue`,`id_liaison`) VALUES (3 ,2 ,2822 )
2024-12-03 09:36:28;INSERT IGNORE INTO `pe_validations_lots` (`id_validation`, `id_lot`, `negoce`) VALUES  (11640, 5695, 0)
2024-12-03 09:36:31;UPDATE `pe_langues` SET `actif` = 1 WHERE `iso` = "FR"
2024-12-03 09:37:05;UPDATE `pe_langues` SET `actif` = 1 WHERE `iso` = "FR"
2024-12-03 09:37:18;UPDATE `pe_langues` SET `actif` = 1 WHERE `iso` = "FR"
2024-12-03 09:37:25;UPDATE `pe_froid` SET `test_apres_fe` = 1 ,`test_apres_nfe` = 1 ,`test_apres_inox` = 1  WHERE `id` = 6561
2024-12-03 09:37:25;UPDATE `pe_loma` SET `test_pdt` = 0 ,`commentaire` = "" ,`date_test` = "2024-12-03 09:37:25" ,`id_user_visa` = 1  WHERE `id` = 2917
2024-12-03 09:37:25;INSERT INTO `pe_validations` (`type`,`id_vue`,`id_liaison`) VALUES (3 ,2 ,2917 )
2024-12-03 09:37:25;INSERT IGNORE INTO `pe_validations_lots` (`id_validation`, `id_lot`, `negoce`) VALUES  (11641, 5695, 0)
2024-12-03 09:37:31;UPDATE `pe_loma` SET `id_lot_pdt_froid` = 30717 ,`test_pdt` = 0 ,`commentaire` = "" ,`date_test` = "2024-12-03 09:37:31" ,`id_user_visa` = 1  WHERE `id` = 2822
2024-12-03 09:37:31;INSERT INTO `pe_validations` (`type`,`id_vue`,`id_liaison`) VALUES (3 ,2 ,2822 )
2024-12-03 09:37:31;INSERT IGNORE INTO `pe_validations_lots` (`id_validation`, `id_lot`, `negoce`) VALUES  (11642, 5695, 0)
2024-12-03 09:37:46;UPDATE `pe_langues` SET `actif` = 1 WHERE `iso` = "FR"
2024-12-03 09:37:56;UPDATE `pe_langues` SET `actif` = 1 WHERE `iso` = "FR"
2024-12-03 09:38:07;UPDATE `pe_langues` SET `actif` = 1 WHERE `iso` = "FR"
2024-12-03 09:38:13;UPDATE `pe_froid` SET `test_apres_fe` = 1 ,`test_apres_nfe` = 1 ,`test_apres_inox` = 1  WHERE `id` = 6561
2024-12-03 09:38:13;UPDATE `pe_loma` SET `test_pdt` = 0 ,`commentaire` = "" ,`date_test` = "2024-12-03 09:38:13" ,`id_user_visa` = 1  WHERE `id` = 2917
2024-12-03 09:38:13;INSERT INTO `pe_validations` (`type`,`id_vue`,`id_liaison`) VALUES (3 ,2 ,2917 )
2024-12-03 09:38:13;INSERT IGNORE INTO `pe_validations_lots` (`id_validation`, `id_lot`, `negoce`) VALUES  (11643, 5695, 0)
2024-12-03 09:38:16;UPDATE `pe_loma` SET `id_lot_pdt_froid` = 30717 ,`test_pdt` = 0 ,`commentaire` = "" ,`date_test` = "2024-12-03 09:38:16" ,`id_user_visa` = 1  WHERE `id` = 2822
2024-12-03 09:38:16;INSERT INTO `pe_validations` (`type`,`id_vue`,`id_liaison`) VALUES (3 ,2 ,2822 )
2024-12-03 09:38:16;INSERT IGNORE INTO `pe_validations_lots` (`id_validation`, `id_lot`, `negoce`) VALUES  (11644, 5695, 0)
2024-12-03 09:38:19;UPDATE `pe_langues` SET `actif` = 1 WHERE `iso` = "FR"
2024-12-03 09:59:53;UPDATE `pe_langues` SET `actif` = 1 WHERE `iso` = "FR"
2024-12-03 10:00:00;UPDATE `pe_froid` SET `test_apres_fe` = 1 ,`test_apres_nfe` = 1 ,`test_apres_inox` = 1  WHERE `id` = 6561
2024-12-03 10:00:00;UPDATE `pe_loma` SET `test_pdt` = 0 ,`commentaire` = "" ,`date_test` = "2024-12-03 10:00:00" ,`id_user_visa` = 1  WHERE `id` = 2917
2024-12-03 10:00:00;INSERT INTO `pe_validations` (`type`,`id_vue`,`id_liaison`) VALUES (3 ,2 ,2917 )
2024-12-03 10:00:00;INSERT IGNORE INTO `pe_validations_lots` (`id_validation`, `id_lot`, `negoce`) VALUES  (11645, 5695, 0)
2024-12-03 10:01:01;UPDATE `pe_langues` SET `actif` = 1 WHERE `iso` = "FR"
2024-12-03 10:02:22;UPDATE `pe_langues` SET `actif` = 1 WHERE `iso` = "FR"
2024-12-03 10:02:25;UPDATE `pe_langues` SET `actif` = 1 WHERE `iso` = "FR"
2024-12-03 10:13:48;UPDATE `pe_langues` SET `actif` = 1 WHERE `iso` = "FR"
2024-12-03 10:13:53;UPDATE `pe_loma` SET `id_lot_pdt_froid` = 30717 ,`test_pdt` = 0 ,`commentaire` = "" ,`date_test` = "2024-12-03 10:13:53" ,`id_user_visa` = 1  WHERE `id` = 2822
2024-12-03 10:13:54;INSERT INTO `pe_validations` (`type`,`id_vue`,`id_liaison`) VALUES (3 ,2 ,2822 )
2024-12-03 10:13:54;INSERT IGNORE INTO `pe_validations_lots` (`id_validation`, `id_lot`, `negoce`) VALUES  (11646, 5695, 0)
2024-12-03 10:13:57;UPDATE `pe_langues` SET `actif` = 1 WHERE `iso` = "FR"
2024-12-03 10:14:11;INSERT INTO `pe_pvisu_pendant` (`commentaires`,`id_user`,`id_lot`,`date`) VALUES ("" ,1 ,5695 ,"2024-12-03" )
2024-12-03 10:14:11;DELETE FROM `pe_pvisu_pendant_points` WHERE `id_pvisu_pendant` = 1821
2024-12-03 10:14:11;INSERT IGNORE INTO `pe_pvisu_pendant_points` (`id_pvisu_pendant`, `id_point_controle`, `etat`, `id_pvisu_action`, `fiche_nc`, `id_user`, `date`) VALUES (1821, 24, 1, 0, 0, 1, NOW()),(1821, 25, 1, 0, 0, 1, NOW()),(1821, 26, 1, 0, 0, 1, NOW()),(1821, 27, 1, 0, 0, 1, NOW()),(1821, 28, 1, 0, 0, 1, NOW()),(1821, 29, 1, 0, 0, 1, NOW()),(1821, 30, 1, 0, 0, 1, NOW()),(1821, 31, 1, 0, 0, 1, NOW()),(1821, 32, 1, 0, 0, 1, NOW()),(1821, 33, 1, 0, 0, 1, NOW())
2024-12-03 10:14:11;UPDATE `pe_langues` SET `actif` = 1 WHERE `iso` = "FR"
2024-12-03 10:14:15;UPDATE `pe_froid` SET `test_apres_fe` = 1 ,`test_apres_nfe` = 1 ,`test_apres_inox` = 1  WHERE `id` = 6561
2024-12-03 10:14:15;UPDATE `pe_loma` SET `test_pdt` = 0 ,`commentaire` = "" ,`date_test` = "2024-12-03 10:14:15" ,`id_user_visa` = 1  WHERE `id` = 2917
2024-12-03 10:14:15;INSERT INTO `pe_validations` (`type`,`id_vue`,`id_liaison`) VALUES (3 ,2 ,2917 )
2024-12-03 10:14:15;INSERT IGNORE INTO `pe_validations_lots` (`id_validation`, `id_lot`, `negoce`) VALUES  (11647, 5695, 0)
2024-12-03 10:14:19;UPDATE `pe_loma` SET `id_lot_pdt_froid` = 30787 ,`test_pdt` = 0 ,`commentaire` = "" ,`date_test` = "2024-12-03 10:14:19" ,`id_user_visa` = 1  WHERE `id` = 2834
2024-12-03 10:14:19;INSERT INTO `pe_validations` (`type`,`id_vue`,`id_liaison`) VALUES (3 ,2 ,2834 )
2024-12-03 10:14:19;INSERT IGNORE INTO `pe_validations_lots` (`id_validation`, `id_lot`, `negoce`) VALUES  (11648, 5731, 0)
2024-12-03 10:14:20;INSERT IGNORE INTO `pe_lot_quantieme` (`id_lot`, `quantieme`) VALUES(5731, "338")
2024-12-03 10:14:21;UPDATE `pe_langues` SET `actif` = 1 WHERE `iso` = "FR"
2024-12-03 10:14:29;UPDATE `pe_langues` SET `actif` = 1 WHERE `iso` = "FR"
2024-12-03 10:14:31;UPDATE `pe_langues` SET `actif` = 1 WHERE `iso` = "FR"
2024-12-03 10:14:38;UPDATE `pe_langues` SET `actif` = 1 WHERE `iso` = "FR"
2024-12-03 10:14:54;UPDATE `pe_langues` SET `actif` = 1 WHERE `iso` = "FR"
2024-12-03 10:15:05;UPDATE `pe_langues` SET `actif` = 1 WHERE `iso` = "FR"
2024-12-03 10:15:10;UPDATE `pe_froid` SET `test_apres_fe` = 1 ,`test_apres_nfe` = 1 ,`test_apres_inox` = 1  WHERE `id` = 6445
2024-12-03 10:15:10;UPDATE `pe_loma` SET `test_pdt` = 0 ,`commentaire` = "" ,`date_test` = "2024-12-03 10:15:10" ,`id_user_visa` = 1  WHERE `id` = 2835
2024-12-03 10:15:10;INSERT INTO `pe_validations` (`type`,`id_vue`,`id_liaison`) VALUES (3 ,2 ,2835 )
2024-12-03 10:15:10;INSERT IGNORE INTO `pe_validations_lots` (`id_validation`, `id_lot`, `negoce`) VALUES  (11649, 5731, 0)
2024-12-03 10:15:15;UPDATE `pe_loma` SET `id_lot_pdt_froid` = 30786 ,`test_pdt` = 0 ,`commentaire` = "" ,`date_test` = "2024-12-03 10:15:15" ,`id_user_visa` = 1  WHERE `id` = 2833
2024-12-03 10:15:15;INSERT INTO `pe_validations` (`type`,`id_vue`,`id_liaison`) VALUES (3 ,2 ,2833 )
2024-12-03 10:15:15;INSERT IGNORE INTO `pe_validations_lots` (`id_validation`, `id_lot`, `negoce`) VALUES  (11650, 5732, 0)
2024-12-03 10:15:18;UPDATE `pe_langues` SET `actif` = 1 WHERE `iso` = "FR"
2024-12-03 10:15:52;UPDATE `pe_langues` SET `actif` = 1 WHERE `iso` = "FR"
2024-12-03 10:15:58;UPDATE `pe_froid` SET `test_apres_fe` = 1 ,`test_apres_nfe` = 1 ,`test_apres_inox` = 1  WHERE `id` = 6707
2024-12-03 10:15:58;UPDATE `pe_loma` SET `test_pdt` = 0 ,`commentaire` = "" ,`date_test` = "2024-12-03 10:15:58" ,`id_user_visa` = 1  WHERE `id` = 2976
2024-12-03 10:15:58;INSERT INTO `pe_validations` (`type`,`id_vue`,`id_liaison`) VALUES (3 ,2 ,2976 )
2024-12-03 10:15:58;INSERT IGNORE INTO `pe_validations_lots` (`id_validation`, `id_lot`, `negoce`) VALUES  (11651, 5732, 0)
2024-12-03 10:16:01;UPDATE `pe_loma` SET `id_lot_pdt_froid` = 30786 ,`test_pdt` = 0 ,`commentaire` = "" ,`date_test` = "2024-12-03 10:16:01" ,`id_user_visa` = 1  WHERE `id` = 2833
2024-12-03 10:16:02;INSERT INTO `pe_validations` (`type`,`id_vue`,`id_liaison`) VALUES (3 ,2 ,2833 )
2024-12-03 10:16:02;INSERT IGNORE INTO `pe_validations_lots` (`id_validation`, `id_lot`, `negoce`) VALUES  (11652, 5732, 0)
2024-12-03 10:16:27;UPDATE `pe_langues` SET `actif` = 1 WHERE `iso` = "FR"
2024-12-03 10:16:58;UPDATE `pe_froid` SET `test_apres_fe` = 1 ,`test_apres_nfe` = 1 ,`test_apres_inox` = 1  WHERE `id` = 6707
2024-12-03 10:16:58;UPDATE `pe_loma` SET `test_pdt` = 0 ,`commentaire` = "" ,`date_test` = "2024-12-03 10:16:58" ,`id_user_visa` = 1  WHERE `id` = 2976
2024-12-03 10:16:58;INSERT INTO `pe_validations` (`type`,`id_vue`,`id_liaison`) VALUES (3 ,2 ,2976 )
2024-12-03 10:16:58;INSERT IGNORE INTO `pe_validations_lots` (`id_validation`, `id_lot`, `negoce`) VALUES  (11653, 5732, 0)
2024-12-03 10:17:02;UPDATE `pe_loma` SET `id_lot_pdt_froid` = 30786 ,`test_pdt` = 0 ,`commentaire` = "" ,`date_test` = "2024-12-03 10:17:02" ,`id_user_visa` = 1  WHERE `id` = 2833
2024-12-03 10:17:02;INSERT INTO `pe_validations` (`type`,`id_vue`,`id_liaison`) VALUES (3 ,2 ,2833 )
2024-12-03 10:17:02;INSERT IGNORE INTO `pe_validations_lots` (`id_validation`, `id_lot`, `negoce`) VALUES  (11654, 5732, 0)
2024-12-03 10:17:07;UPDATE `pe_langues` SET `actif` = 1 WHERE `iso` = "FR"
2024-12-03 10:17:19;UPDATE `pe_langues` SET `actif` = 1 WHERE `iso` = "FR"
2024-12-03 10:17:25;UPDATE `pe_froid` SET `test_apres_fe` = 1 ,`test_apres_nfe` = 1 ,`test_apres_inox` = 1  WHERE `id` = 6707
2024-12-03 10:17:25;UPDATE `pe_loma` SET `test_pdt` = 0 ,`commentaire` = "" ,`date_test` = "2024-12-03 10:17:25" ,`id_user_visa` = 1  WHERE `id` = 2976
2024-12-03 10:17:25;INSERT INTO `pe_validations` (`type`,`id_vue`,`id_liaison`) VALUES (3 ,2 ,2976 )
2024-12-03 10:17:25;INSERT IGNORE INTO `pe_validations_lots` (`id_validation`, `id_lot`, `negoce`) VALUES  (11655, 5732, 0)
2024-12-03 10:17:31;UPDATE `pe_loma` SET `id_lot_pdt_froid` = 30674 ,`test_pdt` = 0 ,`commentaire` = "" ,`date_test` = "2024-12-03 10:17:31" ,`id_user_visa` = 1  WHERE `id` = 2818
2024-12-03 10:17:31;INSERT INTO `pe_validations` (`type`,`id_vue`,`id_liaison`) VALUES (3 ,2 ,2818 )
2024-12-03 10:17:31;INSERT IGNORE INTO `pe_validations_lots` (`id_validation`, `id_lot`, `negoce`) VALUES  (11656, 5677, 0)
2024-12-03 10:17:32;INSERT IGNORE INTO `pe_lot_quantieme` (`id_lot`, `quantieme`) VALUES(5677, "338")
2024-12-03 10:17:36;UPDATE `pe_langues` SET `actif` = 1 WHERE `iso` = "FR"
2024-12-03 10:50:25;UPDATE `pe_froid_produits` SET `poids` = 136  WHERE `id_lot_pdt_froid` = 31328
2024-12-03 10:50:25;INSERT INTO `pe_modifs` (`user_id`,`date`,`id_lot_pdt_froid`,`champ`,`valeur_old`,`valeur_new`) VALUES (1 ,"2024-12-03 10:50:25" ,31328 ,"poids" ,68 ,136 )
2024-12-03 10:59:55;UPDATE `pe_langues` SET `actif` = 1 WHERE `iso` = "FR"
2024-12-03 11:01:52;UPDATE `pe_langues` SET `actif` = 1 WHERE `iso` = "FR"
2024-12-03 11:02:19;UPDATE `pe_langues` SET `actif` = 1 WHERE `iso` = "FR"
2024-12-03 12:29:45;UPDATE `pe_langues` SET `actif` = 1 WHERE `iso` = "FR"
2024-12-03 12:29:45;UPDATE `pe_consommables` SET `id_precedent` = 0, `date_upd` = null WHERE `date_upd` < CURDATE()
2024-12-03 12:42:23;UPDATE `pe_bl` SET `supprime` = 1 WHERE `id` IN (1,3,4,9,10,40,42,51,53,65,72,80,81,84,85,86,88,93,96,108,111,112,139,140,147,150,160,168,173,174,176,182,191,195,196,199,202,203,211,236,237,247,248,251,252,274,275,276,282,284,285,287,298,301,307,308,310,311,336,343,366,367,379,380,401,402,403,404,407,409,411,502,510,512,521,527,534,568,569,641,691,692,715,716,717,718,719,720,721,722,730,731,797,856,957,1038,1040,1041,1062,1087,1101,1110,1125,1142,1143,1144,1243,1343,1378,1514,1533,1565,1571,1642,1676,1771,1814,1832,1860,1881,1929,1943,1992,2004,2039,2040,2041,2042,2106,2132,2133,2145,2146,2184,2195,2197,2201,2205,2210,2216,2223,2230,2238,2275,2290,2304,2318,2354,2508,2529,2584,2585,2588,2646,2681,2687,2692,2694,2706,2713,2714,2911,3003,3007,3042,3062,3080,3081,3098,3155,3204,3215,3267,3271,3273,3360,3449,3464,3479,3526,3615,3635,3643,3653,3688,3706,3707,3711,3794,3804,3888,3965,3982,3983,4112,4209,4223,4232,4233,4307,4308,4336,4439,4463,4472,4473,4474,4514,4526,4530,4531,4557,4568,4679,4703,4711,4713,4720,4737,4816,4976,5054,5083,5095,5124,5150,5253,5295,5334,5376,5411,5413,5415,5423,5481,5486,5492,5554,5631,5632,5669,5689,5714,5812,5874,5914,5941,5948,6004,6068,6118,6121,6160,6163,6260,6322,6379,6464,6506,6570,6608,6712,6780,6799,6800,6926,7004,7256,7369,7575,7610,7641,7713,7747,7749,7849,7856,8026,8028,8035,8041,8043,8046,8061,8092,8181,8254,8257,8259,8337,8339,8340,8341,8342,8343,8344,8345,8346,8347,8348,8349,8350,8351,8352,8353,8355,8356,8359,8360,8361,8362,8363,8364,8365,8370,8371,8375,8377,8380,8387,8388,8389,8390,8391,8392)
2024-12-03 13:11:13;UPDATE `pe_froid_produits` SET `id_lot` = 5804  WHERE `id_lot_pdt_froid` = 31328
2024-12-03 13:11:13;INSERT INTO `pe_modifs` (`user_id`,`date`,`id_lot_pdt_froid`,`champ`,`valeur_old`,`valeur_new`) VALUES (1 ,"2024-12-03 13:11:13" ,31328 ,"id_lot" ,5812 ,5804 )
2024-12-03 13:11:13;UPDATE `pe_froid` SET `date_entree` = "2024-12-04 13:34:00"  WHERE `id` = 6379
2024-12-03 13:11:13;INSERT INTO `pe_modifs` (`user_id`,`date`,`id_froid`,`champ`,`valeur_old`,`valeur_new`) VALUES (1 ,"2024-12-03 13:11:13" ,6379 ,"date_entree" ,"2024-12-03 13:34:00" ,"2024-12-04 13:34:00" )
2024-12-03 13:12:07;UPDATE `pe_froid_produits` SET `id_lot` = 5804  WHERE `id_lot_pdt_froid` = 30583
2024-12-03 13:12:07;INSERT INTO `pe_modifs` (`user_id`,`date`,`id_lot_pdt_froid`,`champ`,`valeur_old`,`valeur_new`) VALUES (1 ,"2024-12-03 13:12:07" ,30583 ,"id_lot" ,242024 ,5804 )
2024-12-03 13:12:57;UPDATE `pe_froid_produits` SET `id_lot` = 5819  WHERE `id_lot_pdt_froid` = 31322
2024-12-03 13:12:57;INSERT INTO `pe_modifs` (`user_id`,`date`,`id_lot_pdt_froid`,`champ`,`valeur_old`,`valeur_new`) VALUES (1 ,"2024-12-03 13:12:57" ,31322 ,"id_lot" ,242024 ,5819 )
2024-12-03 13:15:51;UPDATE `pe_froid_produits` SET `id_lot` = 5808  WHERE `id_lot_pdt_froid` = 31321
2024-12-03 13:15:51;INSERT INTO `pe_modifs` (`user_id`,`date`,`id_lot_pdt_froid`,`champ`,`valeur_old`,`valeur_new`) VALUES (1 ,"2024-12-03 13:15:51" ,31321 ,"id_lot" ,242024 ,5808 )
2024-12-03 13:25:01;UPDATE `pe_froid_produits` SET `id_lot` = 5808 ,`quantieme` = 15  WHERE `id_lot_pdt_froid` = 30580
2024-12-03 13:25:01;INSERT INTO `pe_modifs` (`user_id`,`date`,`id_lot_pdt_froid`,`champ`,`valeur_old`,`valeur_new`) VALUES (1 ,"2024-12-03 13:25:01" ,30580 ,"id_lot" ,243924 ,5808 )
2024-12-03 13:25:01;INSERT INTO `pe_modifs` (`user_id`,`date`,`id_lot_pdt_froid`,`champ`,`valeur_old`,`valeur_new`) VALUES (1 ,"2024-12-03 13:25:01" ,30580 ,"quantieme" ,"" ,15 )
2024-12-03 13:25:25;UPDATE `pe_froid_produits` SET `id_lot` = 5819  WHERE `id_lot_pdt_froid` = 30582
2024-12-03 13:25:25;INSERT INTO `pe_modifs` (`user_id`,`date`,`id_lot_pdt_froid`,`champ`,`valeur_old`,`valeur_new`) VALUES (1 ,"2024-12-03 13:25:25" ,30582 ,"id_lot" ,242024 ,5819 )
2024-12-03 13:25:53;UPDATE `pe_froid_produits` SET `id_lot` = 5819  WHERE `id_lot_pdt_froid` = 30584
2024-12-03 13:25:53;INSERT INTO `pe_modifs` (`user_id`,`date`,`id_lot_pdt_froid`,`champ`,`valeur_old`,`valeur_new`) VALUES (1 ,"2024-12-03 13:25:53" ,30584 ,"id_lot" ,242024 ,5819 )
2024-12-03 13:26:33;UPDATE `pe_froid_produits` SET `id_lot` = 5819  WHERE `id_lot_pdt_froid` = 30581
2024-12-03 13:26:33;INSERT INTO `pe_modifs` (`user_id`,`date`,`id_lot_pdt_froid`,`champ`,`valeur_old`,`valeur_new`) VALUES (1 ,"2024-12-03 13:26:33" ,30581 ,"id_lot" ,249027 ,5819 )
2024-12-03 13:32:47;INSERT INTO `pe_froid_produits` (`id_froid`,`id_lot`,`id_pdt`,`poids`,`nb_colis`,`date_add`,`user_add`) VALUES (6159 ,5110 ,355 ,210 ,0 ,"2024-12-03 13:32:47" ,1 )
2024-12-03 13:32:47;INSERT INTO `pe_modifs` (`id_lot_pdt_froid`,`id_froid`,`champ`,`valeur_old`,`valeur_new`,`date`,`user_id`) VALUES (31334 ,6159 ,"id_lot_pdt_froid" ,0 ,31334 ,"2024-12-03 13:32:47" ,1 )
2024-12-03 13:33:40;INSERT INTO `pe_froid_produits` (`id_froid`,`id_lot`,`id_pdt`,`quantieme`,`poids`,`nb_colis`,`date_add`,`user_add`) VALUES (6686 ,5074 ,355 ,14 ,0 ,0 ,"2024-12-03 13:33:40" ,1 )
2024-12-03 13:33:40;INSERT INTO `pe_modifs` (`id_lot_pdt_froid`,`id_froid`,`champ`,`valeur_old`,`valeur_new`,`date`,`user_id`) VALUES (31335 ,6686 ,"id_lot_pdt_froid" ,0 ,31335 ,"2024-12-03 13:33:40" ,1 )
2024-12-03 13:38:11;INSERT INTO `pe_froid_produits` (`id_froid`,`id_lot`,`id_pdt`,`quantieme`,`poids`,`nb_colis`,`date_add`,`user_add`) VALUES (6379 ,5079 ,133 ,165 ,68 ,10 ,"2024-12-03 13:38:11" ,1 )
2024-12-03 13:38:11;INSERT INTO `pe_modifs` (`id_lot_pdt_froid`,`id_froid`,`champ`,`valeur_old`,`valeur_new`,`date`,`user_id`) VALUES (31336 ,6379 ,"id_lot_pdt_froid" ,0 ,31336 ,"2024-12-03 13:38:11" ,1 )
2024-12-03 13:39:13;UPDATE `pe_bl` SET `supprime` = 1 WHERE `id` IN (1,3,4,9,10,40,42,51,53,65,72,80,81,84,85,86,88,93,96,108,111,112,139,140,147,150,160,168,173,174,176,182,191,195,196,199,202,203,211,236,237,247,248,251,252,274,275,276,282,284,285,287,298,301,307,308,310,311,336,343,366,367,379,380,401,402,403,404,407,409,411,502,510,512,521,527,534,568,569,641,691,692,715,716,717,718,719,720,721,722,730,731,797,856,957,1038,1040,1041,1062,1087,1101,1110,1125,1142,1143,1144,1243,1343,1378,1514,1533,1565,1571,1642,1676,1771,1814,1832,1860,1881,1929,1943,1992,2004,2039,2040,2041,2042,2106,2132,2133,2145,2146,2184,2195,2197,2201,2205,2210,2216,2223,2230,2238,2275,2290,2304,2318,2354,2508,2529,2584,2585,2588,2646,2681,2687,2692,2694,2706,2713,2714,2911,3003,3007,3042,3062,3080,3081,3098,3155,3204,3215,3267,3271,3273,3360,3449,3464,3479,3526,3615,3635,3643,3653,3688,3706,3707,3711,3794,3804,3888,3965,3982,3983,4112,4209,4223,4232,4233,4307,4308,4336,4439,4463,4472,4473,4474,4514,4526,4530,4531,4557,4568,4679,4703,4711,4713,4720,4737,4816,4976,5054,5083,5095,5124,5150,5253,5295,5334,5376,5411,5413,5415,5423,5481,5486,5492,5554,5631,5632,5669,5689,5714,5812,5874,5914,5941,5948,6004,6068,6118,6121,6160,6163,6260,6322,6379,6464,6506,6570,6608,6712,6780,6799,6800,6926,7004,7256,7369,7575,7610,7641,7713,7747,7749,7849,7856,8026,8028,8035,8041,8043,8046,8061,8092,8181,8254,8257,8259,8337,8339,8340,8341,8342,8343,8344,8345,8346,8347,8348,8349,8350,8351,8352,8353,8355,8356,8359,8360,8361,8362,8363,8364,8365,8370,8371,8375,8377,8380,8387,8388,8389,8390,8391,8392)
2024-12-03 13:47:23;INSERT INTO `pe_froid_produits` (`id_froid`,`id_lot`,`id_pdt`,`quantieme`,`poids`,`nb_colis`,`date_add`,`user_add`) VALUES (6379 ,5808 ,133 ,165 ,68 ,1 ,"2024-12-03 13:47:23" ,1 )
2024-12-03 13:47:24;INSERT INTO `pe_modifs` (`id_lot_pdt_froid`,`id_froid`,`champ`,`valeur_old`,`valeur_new`,`date`,`user_id`) VALUES (31337 ,6379 ,"id_lot_pdt_froid" ,0 ,31337 ,"2024-12-03 13:47:23" ,1 )
2024-12-03 13:53:07;UPDATE `pe_bl` SET `supprime` = 1 WHERE `id` IN (1,3,4,9,10,40,42,51,53,65,72,80,81,84,85,86,88,93,96,108,111,112,139,140,147,150,160,168,173,174,176,182,191,195,196,199,202,203,211,236,237,247,248,251,252,274,275,276,282,284,285,287,298,301,307,308,310,311,336,343,366,367,379,380,401,402,403,404,407,409,411,502,510,512,521,527,534,568,569,641,691,692,715,716,717,718,719,720,721,722,730,731,797,856,957,1038,1040,1041,1062,1087,1101,1110,1125,1142,1143,1144,1243,1343,1378,1514,1533,1565,1571,1642,1676,1771,1814,1832,1860,1881,1929,1943,1992,2004,2039,2040,2041,2042,2106,2132,2133,2145,2146,2184,2195,2197,2201,2205,2210,2216,2223,2230,2238,2275,2290,2304,2318,2354,2508,2529,2584,2585,2588,2646,2681,2687,2692,2694,2706,2713,2714,2911,3003,3007,3042,3062,3080,3081,3098,3155,3204,3215,3267,3271,3273,3360,3449,3464,3479,3526,3615,3635,3643,3653,3688,3706,3707,3711,3794,3804,3888,3965,3982,3983,4112,4209,4223,4232,4233,4307,4308,4336,4439,4463,4472,4473,4474,4514,4526,4530,4531,4557,4568,4679,4703,4711,4713,4720,4737,4816,4976,5054,5083,5095,5124,5150,5253,5295,5334,5376,5411,5413,5415,5423,5481,5486,5492,5554,5631,5632,5669,5689,5714,5812,5874,5914,5941,5948,6004,6068,6118,6121,6160,6163,6260,6322,6379,6464,6506,6570,6608,6712,6780,6799,6800,6926,7004,7256,7369,7575,7610,7641,7713,7747,7749,7849,7856,8026,8028,8035,8041,8043,8046,8061,8092,8181,8254,8257,8259,8337,8339,8340,8341,8342,8343,8344,8345,8346,8347,8348,8349,8350,8351,8352,8353,8355,8356,8359,8360,8361,8362,8363,8364,8365,8370,8371,8375,8377,8380,8387,8388,8389,8390,8391,8392)
2024-12-03 14:01:24;UPDATE `pe_froid` SET `date_entree` = "2024-12-03 13:34:00"  WHERE `id` = 6379
2024-12-03 14:01:24;INSERT INTO `pe_modifs` (`user_id`,`date`,`id_froid`,`champ`,`valeur_old`,`valeur_new`) VALUES (1 ,"2024-12-03 14:01:24" ,6379 ,"date_entree" ,"2024-12-04 13:34:00" ,"2024-12-03 13:34:00" )
2024-12-03 14:01:26;UPDATE `pe_froid` SET `date_entree` = "2024-12-04 13:34:00"  WHERE `id` = 6379
2024-12-03 14:01:27;INSERT INTO `pe_modifs` (`user_id`,`date`,`id_froid`,`champ`,`valeur_old`,`valeur_new`) VALUES (1 ,"2024-12-03 14:01:26" ,6379 ,"date_entree" ,"2024-12-03 13:34:00" ,"2024-12-04 13:34:00" )
2024-12-03 14:01:53;UPDATE `pe_froid` SET `date_sortie` = "2024-12-04 10:48:00"  WHERE `id` = 6379
2024-12-03 14:01:53;INSERT INTO `pe_modifs` (`user_id`,`date`,`id_froid`,`champ`,`valeur_old`,`valeur_new`) VALUES (1 ,"2024-12-03 14:01:53" ,6379 ,"date_sortie" ,"2024-12-12 10:48:00" ,"2024-12-04 10:48:00" )
2024-12-03 14:02:11;UPDATE `pe_froid_produits` SET `id_lot` = 5804  WHERE `id_lot_pdt_froid` = 31336
2024-12-03 14:02:11;INSERT INTO `pe_modifs` (`user_id`,`date`,`id_lot_pdt_froid`,`champ`,`valeur_old`,`valeur_new`) VALUES (1 ,"2024-12-03 14:02:11" ,31336 ,"id_lot" ,5079 ,5804 )
2024-12-03 14:02:11;UPDATE `pe_froid` SET `date_sortie` = "2024-12-12 10:48:00"  WHERE `id` = 6379
2024-12-03 14:02:11;INSERT INTO `pe_modifs` (`user_id`,`date`,`id_froid`,`champ`,`valeur_old`,`valeur_new`) VALUES (1 ,"2024-12-03 14:02:11" ,6379 ,"date_sortie" ,"2024-12-04 10:48:00" ,"2024-12-12 10:48:00" )
2024-12-03 15:47:06;INSERT INTO `pe_negoce_produits` (`poids`,`quantite`,`supprime`,`date_add`,`id_lot_negoce`,`id_pdt`,`nb_cartons`,`traite`,`user_add`,`num_lot`,`dlc`) VALUES (50 ,10 ,0 ,"2024-12-03 15:47:06" ,79 ,157 ,1 ,0 ,1 ,"24493848E" ,"2024-12-04" )
2024-12-03 15:47:57;INSERT INTO `pe_negoce_produits` (`poids`,`quantite`,`supprime`,`date_add`,`id_lot_negoce`,`id_pdt`,`nb_cartons`,`traite`,`user_add`,`num_lot`,`dlc`) VALUES (20 ,10 ,0 ,"2024-12-03 15:47:57" ,79 ,164 ,10 ,0 ,1 ,"BL25152024" ,"2024-12-04" )
2024-12-03 15:48:16;INSERT INTO `pe_negoce_produits` (`poids`,`quantite`,`supprime`,`date_add`,`id_lot_negoce`,`id_pdt`,`nb_cartons`,`traite`,`user_add`,`num_lot`,`dlc`) VALUES (10 ,10 ,0 ,"2024-12-03 15:48:16" ,79 ,170 ,1 ,0 ,1 ,"BL2515202" ,"2024-12-04" )
2024-12-03 15:49:12;INSERT INTO `pe_negoce_produits` (`poids`,`quantite`,`supprime`,`date_add`,`id_lot_negoce`,`id_pdt`,`nb_cartons`,`traite`,`user_add`,`num_lot`,`dlc`) VALUES (20 ,15 ,0 ,"2024-12-03 15:49:12" ,79 ,171 ,2 ,0 ,1 ,"24493848E" ,"2024-12-03" )
2024-12-03 15:49:52;UPDATE `pe_negoce_produits` SET `nb_cartons` = 2 ,`poids` = 20 ,`num_lot` = 24493848 ,`dlc` = "2024-12-03"  WHERE `id_lot_pdt_negoce` = 23
2024-12-03 15:59:37;UPDATE `pe_bl` SET `supprime` = 1 WHERE `id` IN (1,3,4,9,10,40,42,51,53,65,72,80,81,84,85,86,88,93,96,108,111,112,139,140,147,150,160,168,173,174,176,182,191,195,196,199,202,203,211,236,237,247,248,251,252,274,275,276,282,284,285,287,298,301,307,308,310,311,336,343,366,367,379,380,401,402,403,404,407,409,411,502,510,512,521,527,534,568,569,641,691,692,715,716,717,718,719,720,721,722,730,731,797,856,957,1038,1040,1041,1062,1087,1101,1110,1125,1142,1143,1144,1243,1343,1378,1514,1533,1565,1571,1642,1676,1771,1814,1832,1860,1881,1929,1943,1992,2004,2039,2040,2041,2042,2106,2132,2133,2145,2146,2184,2195,2197,2201,2205,2210,2216,2223,2230,2238,2275,2290,2304,2318,2354,2508,2529,2584,2585,2588,2646,2681,2687,2692,2694,2706,2713,2714,2911,3003,3007,3042,3062,3080,3081,3098,3155,3204,3215,3267,3271,3273,3360,3449,3464,3479,3526,3615,3635,3643,3653,3688,3706,3707,3711,3794,3804,3888,3965,3982,3983,4112,4209,4223,4232,4233,4307,4308,4336,4439,4463,4472,4473,4474,4514,4526,4530,4531,4557,4568,4679,4703,4711,4713,4720,4737,4816,4976,5054,5083,5095,5124,5150,5253,5295,5334,5376,5411,5413,5415,5423,5481,5486,5492,5554,5631,5632,5669,5689,5714,5812,5874,5914,5941,5948,6004,6068,6118,6121,6160,6163,6260,6322,6379,6464,6506,6570,6608,6712,6780,6799,6800,6926,7004,7256,7369,7575,7610,7641,7713,7747,7749,7849,7856,8026,8028,8035,8041,8043,8046,8061,8092,8181,8254,8257,8259,8337,8339,8340,8341,8342,8343,8344,8345,8346,8347,8348,8349,8350,8351,8352,8353,8355,8356,8359,8360,8361,8362,8363,8364,8365,8370,8371,8375,8377,8380,8387,8388,8389,8390,8391,8392)
2024-12-03 16:00:43;INSERT INTO `pe_negoce_produits` (`poids`,`quantite`,`supprime`,`date_add`,`id_lot_negoce`,`id_pdt`,`nb_cartons`,`traite`,`user_add`,`num_lot`,`dlc`) VALUES (20 ,10 ,0 ,"2024-12-03 16:00:43" ,78 ,445 ,2 ,0 ,1 ,"24535047B" ,"2024-12-03" )
2024-12-03 16:00:51;UPDATE `pe_negoce_produits` SET `nb_cartons` = 2 ,`poids` = 20 ,`num_lot` = "24535047B" ,`dlc` = "2024-12-03"  WHERE `id_lot_pdt_negoce` = 24
2024-12-03 18:08:19;UPDATE `pe_langues` SET `actif` = 1 WHERE `iso` = "FR"
2024-12-03 18:08:19;UPDATE `pe_consommables` SET `id_precedent` = 0, `date_upd` = null WHERE `date_upd` < CURDATE()
2024-12-03 18:09:51;INSERT INTO `pe_negoce_produits` (`poids`,`quantite`,`supprime`,`date_add`,`id_lot_negoce`,`id_pdt`,`nb_cartons`,`traite`,`user_add`,`num_lot`,`dlc`) VALUES (120 ,10 ,0 ,"2024-12-03 18:09:51" ,79 ,445 ,10 ,0 ,1 ,"" ,"2024-12-19" )
2024-12-03 18:32:22;INSERT INTO `pe_negoce_produits` (`poids`,`quantite`,`supprime`,`date_add`,`id_lot_negoce`,`id_pdt`,`nb_cartons`,`traite`,`user_add`,`num_lot`,`dlc`) VALUES (1 ,10 ,0 ,"2024-12-03 18:32:22" ,79 ,445 ,1 ,0 ,1 ,"" ,"" )
2024-12-03 18:42:22;UPDATE `pe_negoce_produits` SET `nb_cartons` = 10 ,`poids` = 120 ,`num_lot` = "GHRT" ,`dlc` = "2024-12-19"  WHERE `id_lot_pdt_negoce` = 25
2024-12-03 19:26:57;UPDATE `pe_negoce_produits` SET `nb_cartons` = 1 ,`poids` = 1 ,`num_lot` = "DFR" ,`dlc` = ""  WHERE `id_lot_pdt_negoce` = 26
2024-12-03 21:54:56;UPDATE `pe_negoce_produits` SET `nb_cartons` = 1 ,`poids` = 10 ,`num_lot` = "BL2515202" ,`dlc` = "2024-12-04"  WHERE `id_lot_pdt_negoce` = 22
2024-12-03 21:54:58;UPDATE `pe_negoce_produits` SET `nb_cartons` = 1 ,`poids` = 10 ,`num_lot` = "BL2515202" ,`dlc` = "2024-12-04"  WHERE `id_lot_pdt_negoce` = 22
2024-12-03 21:54:59;UPDATE `pe_negoce_produits` SET `nb_cartons` = 1 ,`poids` = 10 ,`num_lot` = "BL2515202" ,`dlc` = "2024-12-04"  WHERE `id_lot_pdt_negoce` = 22
2024-12-03 21:55:00;UPDATE `pe_negoce_produits` SET `nb_cartons` = 1 ,`poids` = 10 ,`num_lot` = "BL2515202" ,`dlc` = "2024-12-04"  WHERE `id_lot_pdt_negoce` = 22
